# FLIGHT LOG
# Takeoff, landing, and distance flown of each UAS.
# 
# Simulation Time [s], UAS, Takeoff/Landing, Distance [m]
# simt
8.05000000,BACKGROUND1,takeoff,0
15.05000000,BACKGROUND2,takeoff,0
22.05000000,BACKGROUND3,takeoff,0
29.05000000,BACKGROUND4,takeoff,0
36.05000000,BACKGROUND5,takeoff,0
44.05000000,BACKGROUND6,takeoff,0
51.05000000,BACKGROUND7,takeoff,0
58.05000000,BACKGROUND8,takeoff,0
60.05000000,SURVEILLANCE_TURKISH,takeoff,0
65.05000000,BACKGROUND9,takeoff,0
72.05000000,BACKGROUND10,takeoff,0
80.05000000,BACKGROUND11,takeoff,0
87.05000000,BACKGROUND12,takeoff,0
94.05000000,BACKGROUND13,takeoff,0
101.05000000,BACKGROUND14,takeoff,0
108.05000000,BACKGROUND15,takeoff,0
116.05000000,BACKGROUND16,takeoff,0
130.05000000,BACKGROUND18,takeoff,0
137.05000000,BACKGROUND19,takeoff,0
152.05000000,BACKGROUND21,takeoff,0
159.05000000,BACKGROUND22,takeoff,0
166.05000000,BACKGROUND23,takeoff,0
173.05000000,BACKGROUND24,takeoff,0
180.05000000,SURVEILLANCE_LUFTHANSA,takeoff,0
181.05000000,SURVEILLANCEOP1,takeoff,0
181.05000000,SURVEILLANCEOP2,takeoff,0
181.05000000,SURVEILLANCEOP3,takeoff,0
188.05000000,BACKGROUND26,takeoff,0
195.05000000,BACKGROUND27,takeoff,0
204.05000000,BACKGROUND20,takeoff,0
216.05000000,BACKGROUND28,takeoff,0
227.45000000,BACKGROUND4,landing,3519.12599788
240.05000000,SURVEILLANCE_EUROWINGS,takeoff,0
241.05000000,SURVEILLANCEOP4,takeoff,0
243.05000000,BACKGROUND17,takeoff,0
245.05000000,BACKGROUND31,takeoff,0
259.05000000,BACKGROUND33,takeoff,0
267.05000000,BACKGROUND34,takeoff,0
270.15000000,BACKGROUND18,landing,1417.26467949
283.55000000,BACKGROUND8,landing,4266.61351284
284.05000000,BACKGROUND29,takeoff,0
288.05000000,BACKGROUND37,takeoff,0
295.05000000,BACKGROUND38,takeoff,0
300.05000000,BACKGROUND25,takeoff,0
300.05000000,BACKGROUND36,takeoff,0
300.05000000,BACKGROUND30,takeoff,0
300.10000000,BACKGROUND20,landing,1772.83757741
300.10000000,BACKGROUND20,takeoff,0
300.95000000,BACKGROUND28,landing,1956.11899045
300.95000000,BACKGROUND28,takeoff,0
301.30000000,BACKGROUND16,landing,3078.90789993
301.30000000,BACKGROUND16,takeoff,0
302.25000000,BACKGROUND13,landing,839.09581325
302.25000000,BACKGROUND13,takeoff,0
302.35000000,BACKGROUND37,landing,172.65051786
302.35000000,BACKGROUND37,takeoff,0
302.45000000,BACKGROUND38,landing,87.01393016
302.45000000,BACKGROUND38,takeoff,0
303.05000000,BACKGROUND5,landing,3901.18742913
303.05000000,BACKGROUND5,takeoff,0
303.10000000,BACKGROUND21,landing,1769.62308305
303.10000000,BACKGROUND21,takeoff,0
303.45000000,BACKGROUND34,landing,399.53189739
303.45000000,BACKGROUND34,takeoff,0
304.10000000,BACKGROUND33,landing,536.24761326
304.10000000,BACKGROUND33,takeoff,0
304.95000000,BACKGROUND19,landing,2493.79923822
304.95000000,BACKGROUND19,takeoff,0
305.00000000,BACKGROUND31,landing,732.61954094
305.00000000,BACKGROUND31,takeoff,0
305.20000000,BACKGROUND27,landing,917.97184589
305.20000000,BACKGROUND27,takeoff,0
305.60000000,BACKGROUND11,landing,1028.24661755
305.60000000,BACKGROUND11,takeoff,0
305.60000000,BACKGROUND29,landing,415.71577150
305.60000000,BACKGROUND29,takeoff,0
306.80000000,BACKGROUND23,landing,2293.23378309
306.80000000,BACKGROUND23,takeoff,0
307.40000000,BACKGROUND12,landing,4423.41103652
307.40000000,BACKGROUND12,takeoff,0
308.05000000,BACKGROUND22,landing,2629.56750000
308.05000000,BACKGROUND22,takeoff,0
309.45000000,BACKGROUND9,landing,3760.39574591
310.05000000,BACKGROUND40,takeoff,0
310.95000000,BACKGROUND17,landing,417.72152716
310.95000000,BACKGROUND17,takeoff,0
312.85000000,BACKGROUND2,landing,3779.20804787
313.85000000,BACKGROUND24,landing,834.10276994
313.85000000,BACKGROUND24,takeoff,0
314.95000000,BACKGROUND1,landing,1736.48080223
314.95000000,BACKGROUND1,takeoff,0
316.70000000,BACKGROUND26,landing,1550.28059522
317.05000000,BACKGROUND41,takeoff,0
331.05000000,BACKGROUND42,takeoff,0
339.05000000,BACKGROUND43,takeoff,0
347.80000000,BACKGROUND15,landing,3219.64185012
353.05000000,BACKGROUND45,takeoff,0
360.05000000,BACKGROUND46,takeoff,0
366.15000000,BACKGROUND10,landing,2455.32420732
367.05000000,BACKGROUND47,takeoff,0
374.10000000,BACKGROUND7,landing,3390.61063792
376.50000000,BACKGROUND6,landing,1552.85002297
376.50000000,BACKGROUND6,takeoff,0
377.95000000,BACKGROUND3,landing,1027.94069193
377.95000000,BACKGROUND3,takeoff,0
396.05000000,BACKGROUND51,takeoff,0
425.05000000,BACKGROUND54,takeoff,0
427.90000000,BACKGROUND5,landing,564.08349612
432.05000000,BACKGROUND55,takeoff,0
444.65000000,BACKGROUND27,landing,971.92513575
449.05000000,BACKGROUND50,takeoff,0
454.05000000,BACKGROUND58,takeoff,0
461.05000000,BACKGROUND59,takeoff,0
492.05000000,BACKGROUND28,landing,2281.73253896
492.05000000,SURVEILLANCEOP5,takeoff,0
500.20000000,BACKGROUND20,landing,1587.68162935
504.05000000,BACKGROUND65,takeoff,0
510.05000000,SURVEILLANCE_EUROWINGS,landing,13721.65815425
523.80000000,BACKGROUND24,landing,1623.19043895
527.05000000,SURVEILLANCE_HELICOPTER,takeoff,0
540.05000000,BACKGROUND68,takeoff,0
547.05000000,BACKGROUND69,takeoff,0
554.05000000,BACKGROUND70,takeoff,0
562.05000000,BACKGROUND71,takeoff,0
563.40000000,BACKGROUND42,landing,2200.44419203
575.45000000,BACKGROUND16,landing,1782.54899921
576.05000000,BACKGROUND73,takeoff,0
585.75000000,BACKGROUND33,landing,2373.89702516
590.05000000,BACKGROUND74,takeoff,0
598.05000000,BACKGROUND75,takeoff,0
600.05000000,BACKGROUND35,takeoff,0
600.05000000,BACKGROUND56,takeoff,0
601.70000000,BACKGROUND36,landing,3530.43530480
601.70000000,BACKGROUND36,takeoff,0
602.00000000,BACKGROUND58,landing,743.32983547
602.00000000,BACKGROUND58,takeoff,0
603.40000000,BACKGROUND29,landing,1989.66183973
603.40000000,BACKGROUND29,takeoff,0
603.40000000,BACKGROUND73,landing,55.52365262
603.40000000,BACKGROUND73,takeoff,0
603.90000000,BACKGROUND1,landing,3026.38823549
603.90000000,BACKGROUND1,takeoff,0
605.30000000,BACKGROUND41,landing,2647.80899390
605.30000000,BACKGROUND41,takeoff,0
606.55000000,BACKGROUND70,landing,274.84366735
606.55000000,BACKGROUND70,takeoff,0
606.60000000,BACKGROUND71,landing,201.22106939
606.60000000,BACKGROUND71,takeoff,0
608.00000000,BACKGROUND17,landing,2633.72514574
608.00000000,BACKGROUND17,takeoff,0
609.45000000,BACKGROUND6,landing,1324.50603518
609.45000000,BACKGROUND6,takeoff,0
609.95000000,BACKGROUND38,landing,2725.29360139
609.95000000,BACKGROUND38,takeoff,0
611.60000000,BACKGROUND37,landing,1700.50717252
611.60000000,BACKGROUND37,takeoff,0
612.30000000,BACKGROUND46,landing,1908.31978181
612.30000000,BACKGROUND46,takeoff,0
612.70000000,BACKGROUND59,landing,1479.06551250
612.70000000,BACKGROUND59,takeoff,0
614.75000000,BACKGROUND31,landing,2340.31750142
614.75000000,BACKGROUND31,takeoff,0
614.85000000,BACKGROUND54,landing,1223.32151535
614.85000000,BACKGROUND54,takeoff,0
615.75000000,BACKGROUND68,landing,447.80548751
615.75000000,BACKGROUND68,takeoff,0
615.80000000,BACKGROUND65,landing,896.30100492
615.80000000,BACKGROUND65,takeoff,0
615.90000000,BACKGROUND30,landing,1785.90622031
615.90000000,BACKGROUND30,takeoff,0
619.05000000,BACKGROUND78,takeoff,0
620.15000000,BACKGROUND12,landing,1702.25275542
620.15000000,BACKGROUND12,takeoff,0
620.80000000,BACKGROUND47,landing,1397.82406682
620.80000000,BACKGROUND47,takeoff,0
621.80000000,BACKGROUND55,landing,1766.12447835
621.80000000,BACKGROUND55,takeoff,0
622.30000000,BACKGROUND75,landing,384.06750000
622.30000000,BACKGROUND75,takeoff,0
623.95000000,BACKGROUND22,landing,1641.39526445
625.45000000,BACKGROUND40,landing,2239.57405261
625.45000000,BACKGROUND40,takeoff,0
627.15000000,BACKGROUND74,landing,216.66847813
627.15000000,BACKGROUND74,takeoff,0
627.80000000,BACKGROUND34,landing,2554.08888088
634.05000000,BACKGROUND80,takeoff,0
638.35000000,BACKGROUND11,landing,1129.26721727
640.95000000,BACKGROUND13,landing,2182.19745076
644.00000000,BACKGROUND21,landing,1931.77849497
644.65000000,BACKGROUND23,landing,2517.17311276
647.50000000,BACKGROUND43,landing,3142.79463459
651.45000000,BACKGROUND51,landing,1019.53036528
651.45000000,BACKGROUND51,takeoff,0
655.05000000,BACKGROUND83,takeoff,0
656.40000000,BACKGROUND41,landing,372.16191203
666.70000000,BACKGROUND50,landing,1299.58316638
666.70000000,BACKGROUND50,takeoff,0
670.75000000,BACKGROUND69,landing,424.60407070
670.75000000,BACKGROUND69,takeoff,0
670.75000000,BACKGROUND45,landing,3212.18445468
682.35000000,BACKGROUND19,landing,2652.66040610
684.05000000,BACKGROUND87,takeoff,0
684.80000000,BACKGROUND30,landing,408.79506468
691.05000000,BACKGROUND88,takeoff,0
693.35000000,SURVEILLANCE_HELICOPTER,landing,8844.59900772
705.05000000,BACKGROUND90,takeoff,0
708.05000000,BACKGROUND82,takeoff,0
734.30000000,BACKGROUND46,landing,1048.86572094
741.05000000,BACKGROUND94,takeoff,0
758.05000000,BACKGROUND89,takeoff,0
763.05000000,BACKGROUND97,takeoff,0
792.05000000,BACKGROUND99,takeoff,0
800.20000000,BACKGROUND54,landing,944.52081311
829.00000000,BACKGROUND31,landing,2233.33932761
833.35000000,BACKGROUND25,landing,2430.24219493
835.05000000,BACKGROUND105,takeoff,0
837.35000000,SURVEILLANCEOP2,landing,6208.56061897
857.05000000,BACKGROUND107,takeoff,0
864.05000000,BACKGROUND108,takeoff,0
878.05000000,BACKGROUND110,takeoff,0
885.05000000,BACKGROUND111,takeoff,0
887.50000000,BACKGROUND78,landing,1828.15167557
893.05000000,BACKGROUND112,takeoff,0
900.05000000,BACKGROUND57,takeoff,0
900.05000000,BACKGROUND60,takeoff,0
900.05000000,BACKGROUND61,takeoff,0
900.05000000,BACKGROUND100,takeoff,0
900.05000000,BACKGROUND101,takeoff,0
900.05000000,BACKGROUND84,takeoff,0
900.05000000,BACKGROUND106,takeoff,0
900.05000000,BACKGROUND113,takeoff,0
900.60000000,BACKGROUND37,landing,1960.09712184
900.60000000,BACKGROUND37,takeoff,0
901.30000000,BACKGROUND105,landing,606.96532785
901.30000000,BACKGROUND105,takeoff,0
901.95000000,BACKGROUND87,landing,2111.28060884
901.95000000,BACKGROUND87,takeoff,0
902.45000000,BACKGROUND47,landing,2652.80773027
902.45000000,BACKGROUND47,takeoff,0
902.60000000,BACKGROUND59,landing,2736.36376766
902.60000000,BACKGROUND59,takeoff,0
902.70000000,BACKGROUND1,landing,1307.68880119
902.70000000,BACKGROUND1,takeoff,0
902.70000000,BACKGROUND12,landing,2821.71382258
902.70000000,BACKGROUND12,takeoff,0
902.85000000,BACKGROUND75,landing,2023.72093650
903.35000000,BACKGROUND111,landing,72.06463662
903.35000000,BACKGROUND111,takeoff,0
903.40000000,BACKGROUND50,landing,1671.76904808
903.40000000,BACKGROUND50,takeoff,0
903.55000000,BACKGROUND99,landing,930.40970135
903.55000000,BACKGROUND99,takeoff,0
904.65000000,BACKGROUND83,landing,1182.74299180
904.65000000,BACKGROUND83,takeoff,0
905.40000000,BACKGROUND90,landing,1119.53106912
905.40000000,BACKGROUND90,takeoff,0
905.95000000,BACKGROUND58,landing,2707.47191932
905.95000000,BACKGROUND58,takeoff,0
906.60000000,BACKGROUND80,landing,2197.61909694
906.60000000,BACKGROUND80,takeoff,0
907.30000000,BACKGROUND35,landing,1841.08808558
907.30000000,BACKGROUND35,takeoff,0
908.35000000,BACKGROUND40,landing,1939.78324070
908.35000000,BACKGROUND40,takeoff,0
908.55000000,BACKGROUND51,landing,2182.31910555
908.55000000,BACKGROUND51,takeoff,0
909.00000000,BACKGROUND29,landing,2371.86281005
909.00000000,BACKGROUND29,takeoff,0
910.55000000,BACKGROUND97,landing,868.24233497
910.55000000,BACKGROUND97,takeoff,0
912.20000000,BACKGROUND94,landing,704.66447780
912.20000000,BACKGROUND94,takeoff,0
912.45000000,BACKGROUND112,landing,109.94836205
912.45000000,BACKGROUND112,takeoff,0
913.20000000,BACKGROUND69,landing,1433.74556800
913.20000000,BACKGROUND69,takeoff,0
914.05000000,BACKGROUND115,takeoff,0
916.45000000,BACKGROUND110,landing,190.53092040
916.45000000,BACKGROUND110,takeoff,0
916.70000000,BACKGROUND65,landing,1725.86145008
916.70000000,BACKGROUND65,takeoff,0
917.40000000,SURVEILLANCEOP4,landing,6465.63394621
917.95000000,BACKGROUND107,landing,255.01267285
917.95000000,BACKGROUND107,takeoff,0
919.25000000,BACKGROUND108,landing,430.26187103
919.25000000,BACKGROUND108,takeoff,0
920.05000000,BACKGROUND74,landing,1784.82061621
920.05000000,BACKGROUND74,takeoff,0
920.70000000,BACKGROUND55,landing,1740.63414812
920.70000000,BACKGROUND55,takeoff,0
923.90000000,BACKGROUND68,landing,1058.39854008
923.90000000,BACKGROUND68,takeoff,0
924.85000000,BACKGROUND88,landing,1400.96945826
924.85000000,BACKGROUND88,takeoff,0
926.25000000,BACKGROUND89,landing,1470.50435004
926.25000000,BACKGROUND89,takeoff,0
926.45000000,SURVEILLANCEOP1,landing,7128.89862725
932.10000000,BACKGROUND82,landing,1339.04529826
932.10000000,BACKGROUND82,takeoff,0
932.95000000,BACKGROUND73,landing,2943.08173809
932.95000000,BACKGROUND73,takeoff,0
935.50000000,BACKGROUND38,landing,1471.45051654
935.50000000,BACKGROUND38,takeoff,0
937.45000000,BACKGROUND36,landing,2432.70397163
937.45000000,BACKGROUND36,takeoff,0
946.10000000,BACKGROUND6,landing,2607.81604363
950.05000000,BACKGROUND119,takeoff,0
956.30000000,BACKGROUND71,landing,2081.23615169
956.30000000,BACKGROUND71,takeoff,0
966.10000000,BACKGROUND17,landing,2882.60804166
973.80000000,BACKGROUND70,landing,2145.78677573
973.80000000,BACKGROUND70,takeoff,0
980.00000000,BACKGROUND47,landing,389.86780256
988.05000000,BACKGROUND50,landing,427.82951947
1000.05000000,BACKGROUND126,takeoff,0
1001.65000000,BACKGROUND1,landing,456.93739191
1015.05000000,BACKGROUND128,takeoff,0
1023.50000000,BACKGROUND74,landing,440.40802560
1024.75000000,SURVEILLANCEOP3,landing,8148.85479055
1035.45000000,BACKGROUND80,landing,869.53399709
1044.05000000,BACKGROUND132,takeoff,0
1051.05000000,BACKGROUND133,takeoff,0
1058.05000000,BACKGROUND134,takeoff,0
1062.50000000,BACKGROUND71,landing,597.21775266
1065.05000000,BACKGROUND135,takeoff,0
1077.05000000,BACKGROUND120,takeoff,0
1081.45000000,BACKGROUND90,landing,1568.04854082
1108.05000000,BACKGROUND141,takeoff,0
1117.15000000,BACKGROUND12,landing,940.53834399
1121.35000000,BACKGROUND65,landing,1124.85716769
1123.05000000,BACKGROUND29,landing,1249.03965489
1130.05000000,BACKGROUND143,takeoff,0
1151.05000000,BACKGROUND146,takeoff,0
1161.00000000,BACKGROUND36,landing,1220.85759500
1173.05000000,BACKGROUND149,takeoff,0
1173.05000000,BACKGROUND125,takeoff,0
1174.80000000,BACKGROUND94,landing,1860.94327146
1180.05000000,BACKGROUND150,takeoff,0
1195.35000000,SURVEILLANCEOP5,landing,6928.34638217
1200.05000000,BACKGROUND62,takeoff,0
1200.05000000,BACKGROUND63,takeoff,0
1200.05000000,BACKGROUND66,takeoff,0
1200.05000000,BACKGROUND72,takeoff,0
1200.05000000,BACKGROUND95,takeoff,0
1200.05000000,BACKGROUND117,takeoff,0
1200.05000000,BACKGROUND129,takeoff,0
1200.05000000,BACKGROUND145,takeoff,0
1200.05000000,BACKGROUND118,takeoff,0
1200.20000000,BACKGROUND125,landing,259.34754684
1200.20000000,BACKGROUND125,takeoff,0
1200.80000000,BACKGROUND69,landing,1664.25170840
1200.80000000,BACKGROUND69,takeoff,0
1201.40000000,BACKGROUND38,landing,1279.59149547
1201.40000000,BACKGROUND38,takeoff,0
1201.95000000,BACKGROUND128,landing,1325.59252061
1201.95000000,BACKGROUND128,takeoff,0
1202.05000000,BACKGROUND152,takeoff,0
1202.15000000,BACKGROUND120,landing,742.40629261
1202.15000000,BACKGROUND120,takeoff,0
1202.40000000,BACKGROUND84,landing,2013.33833923
1202.40000000,BACKGROUND84,takeoff,0
1202.95000000,BACKGROUND106,landing,1945.93718642
1202.95000000,BACKGROUND106,takeoff,0
1202.95000000,BACKGROUND108,landing,2554.58420706
1202.95000000,BACKGROUND108,takeoff,0
1204.95000000,BACKGROUND82,landing,2540.61224407
1204.95000000,BACKGROUND82,takeoff,0
1205.40000000,BACKGROUND105,landing,2612.41224399
1205.40000000,BACKGROUND105,takeoff,0
1206.20000000,BACKGROUND35,landing,1987.99389907
1206.20000000,BACKGROUND35,takeoff,0
1207.70000000,BACKGROUND68,landing,1665.59442644
1207.70000000,BACKGROUND68,takeoff,0
1207.90000000,BACKGROUND101,landing,2034.97159493
1207.90000000,BACKGROUND101,takeoff,0
1208.35000000,BACKGROUND143,landing,380.19387323
1208.35000000,BACKGROUND143,takeoff,0
1209.85000000,BACKGROUND149,landing,124.67394419
1209.85000000,BACKGROUND149,takeoff,0
1210.05000000,BACKGROUND146,landing,314.06522715
1210.05000000,BACKGROUND146,takeoff,0
1210.40000000,BACKGROUND37,landing,1731.47042831
1210.40000000,BACKGROUND37,takeoff,0
1210.60000000,BACKGROUND87,landing,2988.70090505
1210.60000000,BACKGROUND87,takeoff,0
1211.30000000,BACKGROUND113,landing,2496.05354414
1211.30000000,BACKGROUND113,takeoff,0
1212.45000000,BACKGROUND97,landing,788.61094173
1212.45000000,BACKGROUND97,takeoff,0
1212.80000000,BACKGROUND119,landing,1502.52232683
1212.80000000,BACKGROUND119,takeoff,0
1212.95000000,BACKGROUND99,landing,1964.71452432
1212.95000000,BACKGROUND99,takeoff,0
1215.15000000,BACKGROUND132,landing,1167.55591251
1215.15000000,BACKGROUND132,takeoff,0
1216.00000000,BACKGROUND135,landing,730.86181111
1216.00000000,BACKGROUND135,takeoff,0
1216.05000000,BACKGROUND154,takeoff,0
1217.45000000,BACKGROUND112,landing,805.65791994
1217.45000000,BACKGROUND112,takeoff,0
1218.00000000,BACKGROUND100,landing,1967.98485432
1218.00000000,BACKGROUND100,takeoff,0
1219.45000000,BACKGROUND126,landing,1343.14084956
1219.45000000,BACKGROUND126,takeoff,0
1221.60000000,BACKGROUND107,landing,1920.96409303
1221.60000000,BACKGROUND107,takeoff,0
1222.95000000,BACKGROUND88,landing,2873.35358039
1224.65000000,BACKGROUND73,landing,1162.63035483
1224.65000000,BACKGROUND73,takeoff,0
1224.70000000,BACKGROUND133,landing,1110.60500568
1224.70000000,BACKGROUND133,takeoff,0
1227.70000000,BACKGROUND61,landing,1845.63495522
1227.70000000,BACKGROUND61,takeoff,0
1232.45000000,BACKGROUND89,landing,1474.28048129
1232.45000000,BACKGROUND89,takeoff,0
1236.20000000,BACKGROUND134,landing,1294.11869121
1236.20000000,BACKGROUND134,takeoff,0
1236.35000000,BACKGROUND83,landing,2813.86390987
1238.35000000,BACKGROUND110,landing,2410.13734400
1238.35000000,BACKGROUND110,takeoff,0
1240.30000000,BACKGROUND40,landing,1969.02094409
1240.65000000,BACKGROUND58,landing,2259.24952717
1240.65000000,BACKGROUND58,takeoff,0
1240.65000000,BACKGROUND115,landing,2157.40485178
1241.15000000,BACKGROUND141,landing,792.64650630
1241.15000000,BACKGROUND141,takeoff,0
1241.35000000,BACKGROUND111,landing,2746.48837922
1241.35000000,BACKGROUND111,takeoff,0
1243.05000000,BACKGROUND142,takeoff,0
1249.70000000,BACKGROUND150,landing,289.58997420
1249.70000000,BACKGROUND150,takeoff,0
1259.40000000,BACKGROUND87,landing,318.63481364
1267.05000000,BACKGROUND161,takeoff,0
1269.00000000,BACKGROUND60,landing,2170.88588623
1281.05000000,BACKGROUND163,takeoff,0
1281.40000000,BACKGROUND56,landing,2668.82871109
1287.60000000,BACKGROUND73,landing,372.88515565
1297.80000000,BACKGROUND55,landing,2262.58363106
1298.05000000,BACKGROUND157,takeoff,0
1310.05000000,BACKGROUND166,takeoff,0
1312.05000000,BACKGROUND159,takeoff,0
1317.05000000,BACKGROUND167,takeoff,0
1326.25000000,BACKGROUND82,landing,375.93605839
1328.55000000,BACKGROUND57,landing,2567.31613957
1331.15000000,BACKGROUND70,landing,1518.74503557
1344.45000000,BACKGROUND58,landing,482.64732360
1346.05000000,BACKGROUND171,takeoff,0
1363.20000000,BACKGROUND113,landing,864.54185681
1366.55000000,BACKGROUND143,landing,887.74129983
1367.05000000,BACKGROUND173,takeoff,0
1370.80000000,BACKGROUND69,landing,1245.51678942
1371.90000000,BACKGROUND37,landing,825.39284588
1380.40000000,BACKGROUND89,landing,573.47626153
1382.05000000,BACKGROUND175,takeoff,0
1389.05000000,BACKGROUND176,takeoff,0
1391.05000000,BACKGROUND169,takeoff,0
1403.05000000,BACKGROUND178,takeoff,0
1411.05000000,BACKGROUND156,takeoff,0
1418.60000000,BACKGROUND107,landing,1019.79113917
1425.05000000,BACKGROUND181,takeoff,0
1439.05000000,BACKGROUND183,takeoff,0
1439.75000000,BACKGROUND51,landing,2835.30290798
1443.00000000,BACKGROUND100,landing,2895.14149336
1443.25000000,BACKGROUND35,landing,841.64788109
1452.90000000,BACKGROUND120,landing,1225.85288324
1454.05000000,BACKGROUND185,takeoff,0
1461.05000000,BACKGROUND186,takeoff,0
1470.05000000,BACKGROUND179,takeoff,0
1474.65000000,BACKGROUND84,landing,1651.90041374
1475.05000000,BACKGROUND187,takeoff,0
1480.15000000,BACKGROUND128,landing,1509.99948755
1485.05000000,BACKGROUND38,landing,1664.76345490
1486.30000000,BACKGROUND110,landing,1230.77142755
1488.15000000,BACKGROUND97,landing,1014.07368095
1497.05000000,BACKGROUND190,takeoff,0
1500.05000000,BACKGROUND77,takeoff,0
1500.05000000,BACKGROUND81,takeoff,0
1500.05000000,BACKGROUND116,takeoff,0
1500.05000000,BACKGROUND123,takeoff,0
1500.05000000,BACKGROUND127,takeoff,0
1500.05000000,BACKGROUND158,takeoff,0
1500.05000000,BACKGROUND137,takeoff,0
1500.05000000,BACKGROUND138,takeoff,0
1500.05000000,BACKGROUND147,takeoff,0
1500.05000000,BACKGROUND155,takeoff,0
1500.80000000,BACKGROUND186,landing,97.70587667
1500.80000000,BACKGROUND186,takeoff,0
1500.85000000,BACKGROUND145,landing,1708.24969147
1500.85000000,BACKGROUND145,takeoff,0
1500.95000000,BACKGROUND154,landing,1517.19094998
1500.95000000,BACKGROUND154,takeoff,0
1501.55000000,BACKGROUND169,landing,657.65563977
1501.55000000,BACKGROUND169,takeoff,0
1501.80000000,BACKGROUND173,landing,811.23767447
1501.80000000,BACKGROUND173,takeoff,0
1501.90000000,BACKGROUND178,landing,491.81018659
1501.90000000,BACKGROUND178,takeoff,0
1502.00000000,BACKGROUND176,landing,632.29101816
1502.00000000,BACKGROUND176,takeoff,0
1502.75000000,BACKGROUND163,landing,1444.74395969
1502.75000000,BACKGROUND163,takeoff,0
1503.95000000,BACKGROUND66,landing,1674.09328606
1503.95000000,BACKGROUND66,takeoff,0
1504.05000000,BACKGROUND191,takeoff,0
1505.85000000,BACKGROUND68,landing,1850.78166665
1505.85000000,BACKGROUND68,takeoff,0
1506.25000000,BACKGROUND167,landing,941.31132147
1506.25000000,BACKGROUND167,takeoff,0
1506.55000000,BACKGROUND175,landing,882.72489399
1506.55000000,BACKGROUND175,takeoff,0
1507.00000000,BACKGROUND95,landing,1742.31282752
1507.00000000,BACKGROUND95,takeoff,0
1507.75000000,BACKGROUND61,landing,1481.79836215
1507.75000000,BACKGROUND61,takeoff,0
1507.75000000,BACKGROUND183,landing,585.08805300
1507.75000000,BACKGROUND183,takeoff,0
1508.15000000,BACKGROUND161,landing,2214.96975077
1508.15000000,BACKGROUND161,takeoff,0
1509.20000000,BACKGROUND126,landing,1736.61773901
1509.20000000,BACKGROUND126,takeoff,0
1509.35000000,BACKGROUND150,landing,1361.34256345
1509.40000000,BACKGROUND181,landing,497.00415440
1509.40000000,BACKGROUND181,takeoff,0
1510.85000000,BACKGROUND157,landing,1199.71369618
1510.85000000,BACKGROUND157,takeoff,0
1511.05000000,BACKGROUND192,takeoff,0
1511.35000000,BACKGROUND106,landing,2559.09665999
1511.35000000,BACKGROUND106,takeoff,0
1512.05000000,BACKGROUND142,landing,1680.74453199
1512.05000000,BACKGROUND142,takeoff,0
1512.60000000,BACKGROUND63,landing,1750.64085506
1512.60000000,BACKGROUND63,takeoff,0
1513.25000000,BACKGROUND135,landing,1840.13417702
1513.25000000,BACKGROUND135,takeoff,0
1514.00000000,BACKGROUND152,landing,2386.00177564
1514.00000000,BACKGROUND152,takeoff,0
1514.60000000,BACKGROUND156,landing,506.29816948
1514.60000000,BACKGROUND156,takeoff,0
1515.30000000,BACKGROUND72,landing,1824.82006020
1515.30000000,BACKGROUND72,takeoff,0
1516.90000000,BACKGROUND134,landing,1580.87319778
1516.90000000,BACKGROUND134,takeoff,0
1517.00000000,BACKGROUND166,landing,1163.90910119
1517.00000000,BACKGROUND166,takeoff,0
1517.20000000,BACKGROUND187,landing,246.24771433
1517.20000000,BACKGROUND187,takeoff,0
1518.05000000,BACKGROUND193,takeoff,0
1518.95000000,BACKGROUND159,landing,1094.36624146
1518.95000000,BACKGROUND159,takeoff,0
1520.15000000,BACKGROUND119,landing,1746.85074030
1520.15000000,BACKGROUND119,takeoff,0
1520.70000000,BACKGROUND118,landing,1844.96296693
1520.70000000,BACKGROUND118,takeoff,0
1524.95000000,BACKGROUND108,landing,1751.65693386
1524.95000000,BACKGROUND108,takeoff,0
1525.55000000,BACKGROUND185,landing,389.79608182
1525.55000000,BACKGROUND185,takeoff,0
1526.05000000,BACKGROUND194,takeoff,0
1529.50000000,BACKGROUND133,landing,2202.88289045
1529.50000000,BACKGROUND133,takeoff,0
1530.10000000,BACKGROUND179,landing,153.48235128
1530.10000000,BACKGROUND179,takeoff,0
1535.05000000,BACKGROUND190,landing,221.31582882
1535.05000000,BACKGROUND190,takeoff,0
1535.40000000,BACKGROUND111,landing,1535.97932995
1539.55000000,BACKGROUND171,landing,740.82569665
1539.55000000,BACKGROUND171,takeoff,0
1543.80000000,BACKGROUND125,landing,2280.62895327
1544.00000000,BACKGROUND132,landing,896.05092399
1544.00000000,BACKGROUND132,takeoff,0
1548.95000000,BACKGROUND149,landing,2265.96580508
1554.05000000,BACKGROUND197,takeoff,0
1554.60000000,BACKGROUND101,landing,1109.03066558
1554.60000000,BACKGROUND101,takeoff,0
1555.55000000,BACKGROUND99,landing,2066.07024403
1558.10000000,BACKGROUND126,landing,287.41776758
1565.60000000,BACKGROUND59,landing,2949.84712047
1569.05000000,BACKGROUND199,takeoff,0
1577.45000000,BACKGROUND117,landing,2063.34965211
1581.60000000,BACKGROUND72,landing,444.74277166
1583.05000000,BACKGROUND201,takeoff,0
1591.75000000,BACKGROUND166,landing,417.08786750
1597.05000000,BACKGROUND203,takeoff,0
1612.05000000,BACKGROUND205,takeoff,0
1613.55000000,BACKGROUND145,landing,672.60739606
1619.05000000,BACKGROUND206,takeoff,0
1626.05000000,BACKGROUND207,takeoff,0
1628.65000000,BACKGROUND157,landing,704.12290680
1630.15000000,BACKGROUND146,landing,2339.30605954
1630.20000000,BACKGROUND68,landing,687.61470739
1633.05000000,BACKGROUND208,takeoff,0
1641.05000000,BACKGROUND209,takeoff,0
1642.95000000,BACKGROUND118,landing,399.64931125
1648.05000000,BACKGROUND210,takeoff,0
1652.95000000,BACKGROUND141,landing,1875.16028398
1655.05000000,BACKGROUND211,takeoff,0
1665.15000000,BACKGROUND129,landing,2615.94356973
1665.15000000,BACKGROUND129,takeoff,0
1698.05000000,BACKGROUND217,takeoff,0
1698.50000000,BACKGROUND176,landing,1173.44362461
1720.10000000,BACKGROUND186,landing,1174.24445516
1720.30000000,BACKGROUND161,landing,1577.29408083
1723.10000000,BACKGROUND185,landing,1025.29752912
1741.05000000,BACKGROUND223,takeoff,0
1756.05000000,BACKGROUND225,takeoff,0
1762.60000000,BACKGROUND106,landing,1559.07743295
1769.75000000,BACKGROUND156,landing,898.12558858
1770.05000000,BACKGROUND202,takeoff,0
1777.05000000,BACKGROUND228,takeoff,0
1780.05000000,BACKGROUND196,takeoff,0
1782.05000000,BACKGROUND212,takeoff,0
1787.05000000,BACKGROUND221,takeoff,0
1792.00000000,BACKGROUND134,landing,1346.91283272
1792.05000000,BACKGROUND230,takeoff,0
1798.25000000,BACKGROUND61,landing,1546.19600620
1799.05000000,BACKGROUND231,takeoff,0
