# CLOSEST POINT OF APPROACH LOG
# Shortest distance between 2 UAS during their conflict
# 
# Simulation Time [s], UAS1, UAS2, Distance [m]
# simt
240.00000000,SURVEILLANCEOP1,SURVEILLANCE_LUFTHANSA,456.69064934
244.00000000,BACKGROUND14,SURVEILLANCE_LUFTHANSA,358.48136360
331.00000000,BACKGROUND4,SURVEILLANCE_EUROWINGS,318.40933813
342.00000000,BACKGROUND25,SURVEILLANCE_EUROWINGS,129.04812291
360.00000000,BACKGROUND17,SURVEILLANCEOP2,5.89031200
606.00000000,SURVEILLANCEOP4,SURVEILLANCEOP5,6.06560571
696.00000000,BACKGROUND65,BACKGROUND70,0.00798331
700.00000000,BACKGROUND65,BACKGROUND70,0.00030905
740.00000000,BACKGROUND24,BACKGROUND70,0.20415981
755.00000000,BACKGROUND21,BACKGROUND70,0.02409374
778.00000000,BACKGROUND49,BACKGROUND77,0.12323999
801.00000000,BACKGROUND52,BACKGROUND75,0.14579761
812.00000000,BACKGROUND75,BACKGROUND86,0.14417537
818.00000000,BACKGROUND66,BACKGROUND73,1.22006153
819.00000000,BACKGROUND66,BACKGROUND73,1.22006153
820.00000000,BACKGROUND66,BACKGROUND73,1.22006154
821.00000000,BACKGROUND66,BACKGROUND73,1.22006154
822.00000000,BACKGROUND66,BACKGROUND73,1.22006154
823.00000000,BACKGROUND66,BACKGROUND73,1.22006154
824.00000000,BACKGROUND66,BACKGROUND73,1.22006154
825.00000000,BACKGROUND66,BACKGROUND73,1.22006154
826.00000000,BACKGROUND66,BACKGROUND73,1.22006155
827.00000000,BACKGROUND66,BACKGROUND73,1.22006155
828.00000000,BACKGROUND66,BACKGROUND73,1.22006155
829.00000000,BACKGROUND66,BACKGROUND73,1.22006155
830.00000000,BACKGROUND66,BACKGROUND73,1.22006155
831.00000000,BACKGROUND66,BACKGROUND73,1.22006156
832.00000000,BACKGROUND66,BACKGROUND73,1.22006156
833.00000000,BACKGROUND66,BACKGROUND73,1.22006156
834.00000000,BACKGROUND66,BACKGROUND73,1.22006156
835.00000000,BACKGROUND66,BACKGROUND73,1.22006156
836.00000000,BACKGROUND66,BACKGROUND73,1.22006157
837.00000000,BACKGROUND66,BACKGROUND73,1.22006157
838.00000000,BACKGROUND66,BACKGROUND73,1.22006157
839.00000000,BACKGROUND66,BACKGROUND73,1.22006157
840.00000000,BACKGROUND66,BACKGROUND73,1.22006158
841.00000000,BACKGROUND66,BACKGROUND73,1.22006158
842.00000000,BACKGROUND66,BACKGROUND73,1.22006158
843.00000000,BACKGROUND66,BACKGROUND73,1.22006158
844.00000000,BACKGROUND66,BACKGROUND73,1.22006159
844.00000000,BACKGROUND65,BACKGROUND70,0.00612060
844.00000000,BACKGROUND63,BACKGROUND88,0.27933677
845.00000000,BACKGROUND66,BACKGROUND73,1.22006159
845.00000000,BACKGROUND63,BACKGROUND88,0.27481450
846.00000000,BACKGROUND66,BACKGROUND73,1.22006159
847.00000000,BACKGROUND66,BACKGROUND73,1.22006160
848.00000000,BACKGROUND66,BACKGROUND73,1.22006160
849.00000000,BACKGROUND66,BACKGROUND73,1.22006160
850.00000000,BACKGROUND66,BACKGROUND73,1.22006161
850.00000000,BACKGROUND65,BACKGROUND70,0.01144222
851.00000000,BACKGROUND66,BACKGROUND73,1.22006161
851.00000000,BACKGROUND65,BACKGROUND70,0.01216622
852.00000000,BACKGROUND66,BACKGROUND73,1.22006161
853.00000000,BACKGROUND66,BACKGROUND73,1.22006162
854.00000000,BACKGROUND66,BACKGROUND73,1.22006162
855.00000000,BACKGROUND66,BACKGROUND73,1.22006162
856.00000000,BACKGROUND66,BACKGROUND73,1.22006163
857.00000000,BACKGROUND66,BACKGROUND73,1.22006163
858.00000000,BACKGROUND66,BACKGROUND73,1.22006163
859.00000000,BACKGROUND66,BACKGROUND73,1.22006164
860.00000000,BACKGROUND66,BACKGROUND73,1.22006164
861.00000000,BACKGROUND66,BACKGROUND73,1.22006165
862.00000000,BACKGROUND66,BACKGROUND73,1.22006165
863.00000000,BACKGROUND66,BACKGROUND73,1.22006165
864.00000000,BACKGROUND66,BACKGROUND73,1.22006166
865.00000000,BACKGROUND66,BACKGROUND73,1.22006166
866.00000000,BACKGROUND66,BACKGROUND73,1.22006167
867.00000000,BACKGROUND66,BACKGROUND73,1.22006167
868.00000000,BACKGROUND66,BACKGROUND73,1.22006167
869.00000000,BACKGROUND66,BACKGROUND73,1.22006168
870.00000000,BACKGROUND66,BACKGROUND73,1.22006168
871.00000000,BACKGROUND66,BACKGROUND73,1.22006169
872.00000000,BACKGROUND66,BACKGROUND73,1.22006169
873.00000000,BACKGROUND66,BACKGROUND73,1.22006170
874.00000000,BACKGROUND66,BACKGROUND73,1.22006170
875.00000000,BACKGROUND66,BACKGROUND73,1.22006171
876.00000000,BACKGROUND66,BACKGROUND73,1.22006171
877.00000000,BACKGROUND66,BACKGROUND73,1.22006172
878.00000000,BACKGROUND66,BACKGROUND73,1.22006172
879.00000000,BACKGROUND66,BACKGROUND73,1.22006173
880.00000000,BACKGROUND66,BACKGROUND73,1.22006173
881.00000000,BACKGROUND66,BACKGROUND73,1.22006174
882.00000000,BACKGROUND66,BACKGROUND73,1.22006174
883.00000000,BACKGROUND66,BACKGROUND73,1.22006175
884.00000000,BACKGROUND66,BACKGROUND73,1.22006175
885.00000000,BACKGROUND66,BACKGROUND73,1.22006176
886.00000000,BACKGROUND66,BACKGROUND73,1.22006176
887.00000000,BACKGROUND66,BACKGROUND73,1.22006177
888.00000000,BACKGROUND66,BACKGROUND73,1.22006177
888.00000000,BACKGROUND102,BACKGROUND76,1.52928894
889.00000000,BACKGROUND66,BACKGROUND73,1.22006178
890.00000000,BACKGROUND66,BACKGROUND73,1.22006178
890.00000000,BACKGROUND102,BACKGROUND76,4.14955547
891.00000000,BACKGROUND66,BACKGROUND73,1.22006179
892.00000000,BACKGROUND66,BACKGROUND73,1.22006180
892.00000000,BACKGROUND103,BACKGROUND21,9.81616597
893.00000000,BACKGROUND66,BACKGROUND73,1.22006180
894.00000000,BACKGROUND66,BACKGROUND73,1.22006181
895.00000000,BACKGROUND66,BACKGROUND73,1.22006181
896.00000000,BACKGROUND66,BACKGROUND73,1.22006182
897.00000000,BACKGROUND66,BACKGROUND73,1.22006183
898.00000000,BACKGROUND66,BACKGROUND73,1.22006183
899.00000000,BACKGROUND66,BACKGROUND73,1.22006184
900.00000000,BACKGROUND66,BACKGROUND73,1.22006184
901.00000000,BACKGROUND66,BACKGROUND73,1.22006185
902.00000000,BACKGROUND66,BACKGROUND73,1.22006186
903.00000000,BACKGROUND66,BACKGROUND73,1.22006186
904.00000000,BACKGROUND66,BACKGROUND73,1.22006187
905.00000000,BACKGROUND66,BACKGROUND73,1.22006188
906.00000000,BACKGROUND66,BACKGROUND73,1.22006188
907.00000000,BACKGROUND66,BACKGROUND73,1.22006189
908.00000000,BACKGROUND66,BACKGROUND73,1.22006190
908.00000000,BACKGROUND56,BACKGROUND65,6.19571259
909.00000000,BACKGROUND66,BACKGROUND73,1.22006190
910.00000000,BACKGROUND66,BACKGROUND73,1.22006191
911.00000000,BACKGROUND66,BACKGROUND73,1.22006192
912.00000000,BACKGROUND66,BACKGROUND73,1.22006193
913.00000000,BACKGROUND66,BACKGROUND73,1.22006193
914.00000000,BACKGROUND66,BACKGROUND73,1.22006194
915.00000000,BACKGROUND66,BACKGROUND73,1.22006195
916.00000000,BACKGROUND66,BACKGROUND73,1.22006195
917.00000000,BACKGROUND66,BACKGROUND73,1.22006196
918.00000000,BACKGROUND66,BACKGROUND73,1.22006197
919.00000000,BACKGROUND66,BACKGROUND73,1.22006198
920.00000000,BACKGROUND66,BACKGROUND73,1.22006198
921.00000000,BACKGROUND66,BACKGROUND73,1.22006199
922.00000000,BACKGROUND66,BACKGROUND73,1.22006200
923.00000000,BACKGROUND66,BACKGROUND73,1.22006201
924.00000000,BACKGROUND66,BACKGROUND73,1.22006201
925.00000000,BACKGROUND66,BACKGROUND73,1.22006202
926.00000000,BACKGROUND66,BACKGROUND73,1.22006203
927.00000000,BACKGROUND66,BACKGROUND73,1.22006204
928.00000000,BACKGROUND66,BACKGROUND73,1.22006205
929.00000000,BACKGROUND66,BACKGROUND73,1.22006205
930.00000000,BACKGROUND66,BACKGROUND73,1.22006206
931.00000000,BACKGROUND66,BACKGROUND73,1.22006207
932.00000000,BACKGROUND66,BACKGROUND73,1.22006208
933.00000000,BACKGROUND66,BACKGROUND73,1.22006209
934.00000000,BACKGROUND66,BACKGROUND73,1.22006210
935.00000000,BACKGROUND66,BACKGROUND73,1.22006210
936.00000000,BACKGROUND66,BACKGROUND73,1.22006211
937.00000000,BACKGROUND66,BACKGROUND73,1.22006212
938.00000000,BACKGROUND66,BACKGROUND73,1.22006213
939.00000000,BACKGROUND66,BACKGROUND73,1.22006214
940.00000000,BACKGROUND66,BACKGROUND73,1.22006215
941.00000000,BACKGROUND66,BACKGROUND73,1.22006216
942.00000000,BACKGROUND66,BACKGROUND73,1.22006216
943.00000000,BACKGROUND66,BACKGROUND73,1.22006217
944.00000000,BACKGROUND66,BACKGROUND73,1.22006218
945.00000000,BACKGROUND66,BACKGROUND73,1.22006219
946.00000000,BACKGROUND66,BACKGROUND73,1.22006220
947.00000000,BACKGROUND66,BACKGROUND73,1.22006221
948.00000000,BACKGROUND66,BACKGROUND73,1.22006222
949.00000000,BACKGROUND66,BACKGROUND73,1.22006223
950.00000000,BACKGROUND66,BACKGROUND73,1.22006224
951.00000000,BACKGROUND66,BACKGROUND73,1.22006225
952.00000000,BACKGROUND66,BACKGROUND73,1.22006226
953.00000000,BACKGROUND66,BACKGROUND73,1.22006227
954.00000000,BACKGROUND66,BACKGROUND73,1.22006228
955.00000000,BACKGROUND66,BACKGROUND73,1.22006228
956.00000000,BACKGROUND66,BACKGROUND73,1.22006229
957.00000000,BACKGROUND66,BACKGROUND73,1.22006230
958.00000000,BACKGROUND66,BACKGROUND73,1.22006231
959.00000000,BACKGROUND66,BACKGROUND73,1.22006232
960.00000000,BACKGROUND66,BACKGROUND73,1.22006233
961.00000000,BACKGROUND66,BACKGROUND73,1.22006234
962.00000000,BACKGROUND66,BACKGROUND73,1.22006235
963.00000000,BACKGROUND66,BACKGROUND73,1.22006236
964.00000000,BACKGROUND66,BACKGROUND73,1.22006237
965.00000000,BACKGROUND66,BACKGROUND73,1.22006238
966.00000000,BACKGROUND66,BACKGROUND73,1.22006240
967.00000000,BACKGROUND66,BACKGROUND73,1.22006241
968.00000000,BACKGROUND66,BACKGROUND73,1.22006242
969.00000000,BACKGROUND66,BACKGROUND73,1.22006243
970.00000000,BACKGROUND66,BACKGROUND73,1.22006244
971.00000000,BACKGROUND66,BACKGROUND73,1.22006245
972.00000000,BACKGROUND66,BACKGROUND73,1.22006246
973.00000000,BACKGROUND66,BACKGROUND73,1.22006247
974.00000000,BACKGROUND66,BACKGROUND73,1.22006248
975.00000000,BACKGROUND66,BACKGROUND73,1.22006249
976.00000000,BACKGROUND66,BACKGROUND73,1.22006250
977.00000000,BACKGROUND66,BACKGROUND73,1.22006251
978.00000000,BACKGROUND66,BACKGROUND73,1.22006252
979.00000000,BACKGROUND66,BACKGROUND73,1.22006253
980.00000000,BACKGROUND66,BACKGROUND73,1.22006255
981.00000000,BACKGROUND66,BACKGROUND73,1.22006256
982.00000000,BACKGROUND66,BACKGROUND73,1.22006257
983.00000000,BACKGROUND66,BACKGROUND73,1.22006258
984.00000000,BACKGROUND66,BACKGROUND73,1.22006259
985.00000000,BACKGROUND66,BACKGROUND73,1.22006260
986.00000000,BACKGROUND66,BACKGROUND73,1.22006261
987.00000000,BACKGROUND66,BACKGROUND73,1.22006263
988.00000000,BACKGROUND66,BACKGROUND73,1.22006264
989.00000000,BACKGROUND66,BACKGROUND73,1.22006265
990.00000000,BACKGROUND66,BACKGROUND73,1.22006266
991.00000000,BACKGROUND66,BACKGROUND73,1.22006267
992.00000000,BACKGROUND66,BACKGROUND73,1.22006268
993.00000000,BACKGROUND66,BACKGROUND73,1.22006270
994.00000000,BACKGROUND66,BACKGROUND73,1.22006271
995.00000000,BACKGROUND66,BACKGROUND73,1.22006272
996.00000000,BACKGROUND66,BACKGROUND73,1.22006273
997.00000000,BACKGROUND66,BACKGROUND73,1.22006275
998.00000000,BACKGROUND66,BACKGROUND73,1.22006276
999.00000000,BACKGROUND66,BACKGROUND73,1.22006277
1000.00000000,BACKGROUND66,BACKGROUND73,1.22006278
1001.00000000,BACKGROUND66,BACKGROUND73,1.22006280
1002.00000000,BACKGROUND66,BACKGROUND73,1.22006281
1003.00000000,BACKGROUND66,BACKGROUND73,1.22006282
1004.00000000,BACKGROUND66,BACKGROUND73,1.22006283
1005.00000000,BACKGROUND66,BACKGROUND73,1.22006285
1006.00000000,BACKGROUND66,BACKGROUND73,1.22006286
1007.00000000,BACKGROUND66,BACKGROUND73,1.22006287
1008.00000000,BACKGROUND66,BACKGROUND73,1.22006288
1009.00000000,BACKGROUND66,BACKGROUND73,1.22006290
1010.00000000,BACKGROUND66,BACKGROUND73,1.22006291
1011.00000000,BACKGROUND66,BACKGROUND73,1.22006292
1012.00000000,BACKGROUND66,BACKGROUND73,1.22006294
1013.00000000,BACKGROUND66,BACKGROUND73,1.22006295
1014.00000000,BACKGROUND66,BACKGROUND73,1.22006296
1015.00000000,BACKGROUND66,BACKGROUND73,1.22006298
1016.00000000,BACKGROUND66,BACKGROUND73,1.22006299
1017.00000000,BACKGROUND66,BACKGROUND73,1.22006300
1018.00000000,BACKGROUND66,BACKGROUND73,1.22006302
1019.00000000,BACKGROUND66,BACKGROUND73,1.22006303
1020.00000000,BACKGROUND66,BACKGROUND73,1.22006304
1021.00000000,BACKGROUND66,BACKGROUND73,1.22006306
1022.00000000,BACKGROUND66,BACKGROUND73,1.22006307
1023.00000000,BACKGROUND66,BACKGROUND73,1.22006308
1024.00000000,BACKGROUND66,BACKGROUND73,1.22006310
1025.00000000,BACKGROUND66,BACKGROUND73,1.22006311
1026.00000000,BACKGROUND66,BACKGROUND73,1.22006313
1027.00000000,BACKGROUND66,BACKGROUND73,1.22006314
1028.00000000,BACKGROUND66,BACKGROUND73,1.22006316
1029.00000000,BACKGROUND66,BACKGROUND73,1.22006317
1030.00000000,BACKGROUND66,BACKGROUND73,1.22006318
1031.00000000,BACKGROUND66,BACKGROUND73,1.22006320
1032.00000000,BACKGROUND66,BACKGROUND73,1.22006321
1033.00000000,BACKGROUND66,BACKGROUND73,1.22006323
1034.00000000,BACKGROUND66,BACKGROUND73,1.22006324
1035.00000000,BACKGROUND66,BACKGROUND73,1.22006326
1036.00000000,BACKGROUND66,BACKGROUND73,1.22006327
1037.00000000,BACKGROUND66,BACKGROUND73,1.22006329
1038.00000000,BACKGROUND66,BACKGROUND73,1.22006330
1039.00000000,BACKGROUND66,BACKGROUND73,1.22006331
1040.00000000,BACKGROUND66,BACKGROUND73,1.22006333
1040.00000000,BACKGROUND92,BACKGROUND96,0.76065389
1041.00000000,BACKGROUND66,BACKGROUND73,1.22006334
1042.00000000,BACKGROUND66,BACKGROUND73,1.22006336
1043.00000000,BACKGROUND66,BACKGROUND73,1.22006337
1044.00000000,BACKGROUND66,BACKGROUND73,1.22006339
1045.00000000,BACKGROUND66,BACKGROUND73,1.22006340
1046.00000000,BACKGROUND66,BACKGROUND73,1.22006342
1047.00000000,BACKGROUND66,BACKGROUND73,1.22006344
1048.00000000,BACKGROUND66,BACKGROUND73,1.22006345
1049.00000000,BACKGROUND66,BACKGROUND73,1.22006347
1050.00000000,BACKGROUND66,BACKGROUND73,1.22006348
1051.00000000,BACKGROUND66,BACKGROUND73,1.22006350
1052.00000000,BACKGROUND66,BACKGROUND73,1.22006351
1053.00000000,BACKGROUND66,BACKGROUND73,1.22006353
1054.00000000,BACKGROUND66,BACKGROUND73,1.22006354
1055.00000000,BACKGROUND66,BACKGROUND73,1.22006356
1056.00000000,BACKGROUND66,BACKGROUND73,1.22006358
1057.00000000,BACKGROUND66,BACKGROUND73,1.22006359
1058.00000000,BACKGROUND66,BACKGROUND73,1.22006361
1059.00000000,BACKGROUND66,BACKGROUND73,1.22006362
1060.00000000,BACKGROUND66,BACKGROUND73,1.22006364
1061.00000000,BACKGROUND66,BACKGROUND73,1.22006366
1062.00000000,BACKGROUND66,BACKGROUND73,1.22006367
1063.00000000,BACKGROUND66,BACKGROUND73,1.22006369
1064.00000000,BACKGROUND66,BACKGROUND73,1.22006371
1065.00000000,BACKGROUND66,BACKGROUND73,1.22006372
1066.00000000,BACKGROUND66,BACKGROUND73,1.22006374
1067.00000000,BACKGROUND66,BACKGROUND73,1.22006375
1068.00000000,BACKGROUND66,BACKGROUND73,1.22006377
1068.00000000,BACKGROUND112,BACKGROUND49,0.17755868
1069.00000000,BACKGROUND66,BACKGROUND73,1.22006379
1070.00000000,BACKGROUND66,BACKGROUND73,1.22006380
1071.00000000,BACKGROUND66,BACKGROUND73,1.22006382
1072.00000000,BACKGROUND66,BACKGROUND73,1.22006384
1073.00000000,BACKGROUND66,BACKGROUND73,1.22006386
1074.00000000,BACKGROUND66,BACKGROUND73,1.22006387
1075.00000000,BACKGROUND66,BACKGROUND73,1.22006389
1076.00000000,BACKGROUND66,BACKGROUND73,1.22006391
1077.00000000,BACKGROUND66,BACKGROUND73,1.22006392
1078.00000000,BACKGROUND66,BACKGROUND73,1.22006394
1079.00000000,BACKGROUND66,BACKGROUND73,1.22006396
1080.00000000,BACKGROUND66,BACKGROUND73,1.22006398
1081.00000000,BACKGROUND66,BACKGROUND73,1.22006399
1082.00000000,BACKGROUND66,BACKGROUND73,1.22006401
1083.00000000,BACKGROUND66,BACKGROUND73,1.22006403
1084.00000000,BACKGROUND66,BACKGROUND73,1.22006405
1085.00000000,BACKGROUND66,BACKGROUND73,1.22006406
1086.00000000,BACKGROUND66,BACKGROUND73,1.22006408
1087.00000000,BACKGROUND66,BACKGROUND73,1.22006410
1087.00000000,BACKGROUND88,BACKGROUND95,1.34110140
1088.00000000,BACKGROUND66,BACKGROUND73,1.22006412
1089.00000000,BACKGROUND66,BACKGROUND73,1.22006413
1090.00000000,BACKGROUND66,BACKGROUND73,1.22006415
1091.00000000,BACKGROUND66,BACKGROUND73,1.22006417
1092.00000000,BACKGROUND66,BACKGROUND73,1.22006419
1093.00000000,BACKGROUND66,BACKGROUND73,1.22006421
1094.00000000,BACKGROUND66,BACKGROUND73,1.22006422
1095.00000000,BACKGROUND66,BACKGROUND73,1.22006424
1096.00000000,BACKGROUND66,BACKGROUND73,1.22006426
1097.00000000,BACKGROUND66,BACKGROUND73,1.22006428
1098.00000000,BACKGROUND66,BACKGROUND73,1.22006430
1099.00000000,BACKGROUND66,BACKGROUND73,1.22006432
1100.00000000,BACKGROUND66,BACKGROUND73,1.22006433
1101.00000000,BACKGROUND66,BACKGROUND73,1.22006435
1102.00000000,BACKGROUND66,BACKGROUND73,1.22006437
1103.00000000,BACKGROUND66,BACKGROUND73,1.22006439
1104.00000000,BACKGROUND66,BACKGROUND73,1.22006441
1105.00000000,BACKGROUND66,BACKGROUND73,1.22006443
1106.00000000,BACKGROUND66,BACKGROUND73,1.22006445
1107.00000000,BACKGROUND66,BACKGROUND73,1.22006447
1108.00000000,BACKGROUND66,BACKGROUND73,1.22006449
1109.00000000,BACKGROUND66,BACKGROUND73,1.22006450
1110.00000000,BACKGROUND66,BACKGROUND73,1.22006452
1111.00000000,BACKGROUND66,BACKGROUND73,1.22006454
1112.00000000,BACKGROUND66,BACKGROUND73,1.22006456
1113.00000000,BACKGROUND66,BACKGROUND73,1.22006458
1114.00000000,BACKGROUND66,BACKGROUND73,1.22006460
1114.00000000,BACKGROUND114,BACKGROUND49,0.13709500
1115.00000000,BACKGROUND66,BACKGROUND73,1.22006462
1116.00000000,BACKGROUND66,BACKGROUND73,1.22006464
1117.00000000,BACKGROUND66,BACKGROUND73,1.22006466
1118.00000000,BACKGROUND66,BACKGROUND73,1.22006468
1119.00000000,BACKGROUND66,BACKGROUND73,1.22006470
1120.00000000,BACKGROUND66,BACKGROUND73,1.22006472
1121.00000000,BACKGROUND66,BACKGROUND73,1.22006474
1122.00000000,BACKGROUND66,BACKGROUND73,1.22006476
1123.00000000,BACKGROUND66,BACKGROUND73,1.22006478
1124.00000000,BACKGROUND66,BACKGROUND73,1.22006480
1125.00000000,BACKGROUND66,BACKGROUND73,1.22006482
1126.00000000,BACKGROUND66,BACKGROUND73,1.22006484
1127.00000000,BACKGROUND66,BACKGROUND73,1.22006486
1128.00000000,BACKGROUND66,BACKGROUND73,1.22006488
1129.00000000,BACKGROUND66,BACKGROUND73,1.22006490
1130.00000000,BACKGROUND66,BACKGROUND73,1.22006492
1131.00000000,BACKGROUND66,BACKGROUND73,1.22006494
1132.00000000,BACKGROUND66,BACKGROUND73,1.22006496
1133.00000000,BACKGROUND66,BACKGROUND73,1.22006498
1134.00000000,BACKGROUND66,BACKGROUND73,1.22006500
1135.00000000,BACKGROUND66,BACKGROUND73,1.22006502
1136.00000000,BACKGROUND66,BACKGROUND73,1.22006504
1137.00000000,BACKGROUND66,BACKGROUND73,1.22006506
1138.00000000,BACKGROUND66,BACKGROUND73,1.22006508
1139.00000000,BACKGROUND66,BACKGROUND73,1.22006511
1140.00000000,BACKGROUND66,BACKGROUND73,1.22006513
1141.00000000,BACKGROUND66,BACKGROUND73,1.22006515
1142.00000000,BACKGROUND66,BACKGROUND73,1.22006517
1143.00000000,BACKGROUND66,BACKGROUND73,1.22006519
1144.00000000,BACKGROUND66,BACKGROUND73,1.22006521
1145.00000000,BACKGROUND66,BACKGROUND73,1.22006523
1146.00000000,BACKGROUND66,BACKGROUND73,1.22006525
1147.00000000,BACKGROUND66,BACKGROUND73,1.22006528
1148.00000000,BACKGROUND66,BACKGROUND73,1.22006530
1149.00000000,BACKGROUND66,BACKGROUND73,1.22006532
1150.00000000,BACKGROUND66,BACKGROUND73,1.22006534
1151.00000000,BACKGROUND66,BACKGROUND73,1.22006536
1152.00000000,BACKGROUND66,BACKGROUND73,1.22006538
1153.00000000,BACKGROUND66,BACKGROUND73,1.22006540
1154.00000000,BACKGROUND66,BACKGROUND73,1.22006543
1155.00000000,BACKGROUND66,BACKGROUND73,1.22006545
1155.00000000,BACKGROUND56,BACKGROUND95,0.42963486
1156.00000000,BACKGROUND66,BACKGROUND73,1.22006547
1157.00000000,BACKGROUND66,BACKGROUND73,1.22006549
1158.00000000,BACKGROUND66,BACKGROUND73,1.22006551
1159.00000000,BACKGROUND66,BACKGROUND73,1.22006554
1160.00000000,BACKGROUND66,BACKGROUND73,1.22006556
1161.00000000,BACKGROUND66,BACKGROUND73,1.22006558
1162.00000000,BACKGROUND66,BACKGROUND73,1.22006560
1163.00000000,BACKGROUND66,BACKGROUND73,1.22006563
1164.00000000,BACKGROUND66,BACKGROUND73,1.22006565
1165.00000000,BACKGROUND66,BACKGROUND73,1.22006567
1166.00000000,BACKGROUND66,BACKGROUND73,1.22006569
1167.00000000,BACKGROUND66,BACKGROUND73,1.22006572
1168.00000000,BACKGROUND66,BACKGROUND73,1.22006574
1169.00000000,BACKGROUND66,BACKGROUND73,1.22006576
1170.00000000,BACKGROUND66,BACKGROUND73,1.22006578
1171.00000000,BACKGROUND66,BACKGROUND73,1.22006581
1172.00000000,BACKGROUND66,BACKGROUND73,1.22006583
1173.00000000,BACKGROUND66,BACKGROUND73,1.22006585
1174.00000000,BACKGROUND66,BACKGROUND73,1.22006588
1175.00000000,BACKGROUND66,BACKGROUND73,1.22006590
1176.00000000,BACKGROUND66,BACKGROUND73,1.22006592
1177.00000000,BACKGROUND66,BACKGROUND73,1.22006595
1178.00000000,BACKGROUND66,BACKGROUND73,1.22006597
1179.00000000,BACKGROUND66,BACKGROUND73,1.22006599
1180.00000000,BACKGROUND66,BACKGROUND73,1.22006602
1181.00000000,BACKGROUND66,BACKGROUND73,1.22006604
1182.00000000,BACKGROUND66,BACKGROUND73,1.22006606
1183.00000000,BACKGROUND66,BACKGROUND73,1.22006609
1184.00000000,BACKGROUND66,BACKGROUND73,1.22006611
1185.00000000,BACKGROUND66,BACKGROUND73,1.22006613
1186.00000000,BACKGROUND66,BACKGROUND73,1.22006616
1187.00000000,BACKGROUND66,BACKGROUND73,1.22006618
1188.00000000,BACKGROUND66,BACKGROUND73,1.22006621
1189.00000000,BACKGROUND66,BACKGROUND73,1.22006623
1190.00000000,BACKGROUND66,BACKGROUND73,1.22006625
1191.00000000,BACKGROUND66,BACKGROUND73,1.22006628
1192.00000000,BACKGROUND66,BACKGROUND73,1.22006630
1193.00000000,BACKGROUND66,BACKGROUND73,1.22006633
1194.00000000,BACKGROUND66,BACKGROUND73,1.22006635
1195.00000000,BACKGROUND66,BACKGROUND73,1.22006638
1196.00000000,BACKGROUND66,BACKGROUND73,1.22006640
1197.00000000,BACKGROUND66,BACKGROUND73,1.22006642
1198.00000000,BACKGROUND66,BACKGROUND73,1.22006645
1199.00000000,BACKGROUND66,BACKGROUND73,1.22006647
1200.00000000,BACKGROUND66,BACKGROUND73,1.22006650
1201.00000000,BACKGROUND66,BACKGROUND73,1.22006652
1202.00000000,BACKGROUND66,BACKGROUND73,1.22006655
1203.00000000,BACKGROUND66,BACKGROUND73,1.22006657
1204.00000000,BACKGROUND66,BACKGROUND73,1.22006660
1205.00000000,BACKGROUND66,BACKGROUND73,1.22006662
1206.00000000,BACKGROUND66,BACKGROUND73,1.22006665
1207.00000000,BACKGROUND66,BACKGROUND73,1.22006667
1208.00000000,BACKGROUND66,BACKGROUND73,1.22006670
1209.00000000,BACKGROUND66,BACKGROUND73,1.22006672
1210.00000000,BACKGROUND66,BACKGROUND73,1.22006675
1211.00000000,BACKGROUND66,BACKGROUND73,1.22006677
1212.00000000,BACKGROUND66,BACKGROUND73,1.22006680
1213.00000000,BACKGROUND66,BACKGROUND73,1.22006682
1214.00000000,BACKGROUND66,BACKGROUND73,1.22006685
1215.00000000,BACKGROUND66,BACKGROUND73,1.22006687
1216.00000000,BACKGROUND66,BACKGROUND73,1.22006690
1217.00000000,BACKGROUND66,BACKGROUND73,1.22006693
1218.00000000,BACKGROUND66,BACKGROUND73,1.22006695
1219.00000000,BACKGROUND66,BACKGROUND73,1.22006698
1220.00000000,BACKGROUND66,BACKGROUND73,1.22006700
1221.00000000,BACKGROUND66,BACKGROUND73,1.22006703
1222.00000000,BACKGROUND66,BACKGROUND73,1.22006706
1223.00000000,BACKGROUND66,BACKGROUND73,1.22006708
1224.00000000,BACKGROUND66,BACKGROUND73,1.22006711
1225.00000000,BACKGROUND66,BACKGROUND73,1.22006713
1226.00000000,BACKGROUND66,BACKGROUND73,1.22006716
1227.00000000,BACKGROUND66,BACKGROUND73,1.22006719
1228.00000000,BACKGROUND66,BACKGROUND73,1.22006721
1229.00000000,BACKGROUND66,BACKGROUND73,1.22006724
1230.00000000,BACKGROUND66,BACKGROUND73,1.22006727
1231.00000000,BACKGROUND66,BACKGROUND73,1.22006729
1232.00000000,BACKGROUND66,BACKGROUND73,1.22006732
1233.00000000,BACKGROUND66,BACKGROUND73,1.22006735
1233.00000000,BACKGROUND69,BACKGROUND95,0.00014305
1234.00000000,BACKGROUND66,BACKGROUND73,1.22006737
1235.00000000,BACKGROUND66,BACKGROUND73,1.22006740
1236.00000000,BACKGROUND66,BACKGROUND73,1.22006743
1237.00000000,BACKGROUND66,BACKGROUND73,1.22006745
1238.00000000,BACKGROUND66,BACKGROUND73,1.22006748
1239.00000000,BACKGROUND66,BACKGROUND73,1.22006751
1240.00000000,BACKGROUND66,BACKGROUND73,1.22006753
1240.00000000,BACKGROUND118,BACKGROUND123,0.11957502
1241.00000000,BACKGROUND66,BACKGROUND73,1.22006756
1242.00000000,BACKGROUND66,BACKGROUND73,1.22006759
1243.00000000,BACKGROUND66,BACKGROUND73,1.22006762
1244.00000000,BACKGROUND66,BACKGROUND73,1.22006764
1245.00000000,BACKGROUND66,BACKGROUND73,1.22006767
1246.00000000,BACKGROUND66,BACKGROUND73,1.22006770
1247.00000000,BACKGROUND66,BACKGROUND73,1.22006773
1248.00000000,BACKGROUND66,BACKGROUND73,1.22006775
1249.00000000,BACKGROUND66,BACKGROUND73,1.22006778
1250.00000000,BACKGROUND66,BACKGROUND73,1.22006781
1251.00000000,BACKGROUND66,BACKGROUND73,1.22006784
1252.00000000,BACKGROUND66,BACKGROUND73,1.22006786
1253.00000000,BACKGROUND66,BACKGROUND73,1.22006789
1254.00000000,BACKGROUND66,BACKGROUND73,1.22006792
1255.00000000,BACKGROUND66,BACKGROUND73,1.22006795
1256.00000000,BACKGROUND66,BACKGROUND73,1.22006798
1257.00000000,BACKGROUND66,BACKGROUND73,1.22006800
1258.00000000,BACKGROUND66,BACKGROUND73,1.22006803
1259.00000000,BACKGROUND66,BACKGROUND73,1.22006806
1260.00000000,BACKGROUND66,BACKGROUND73,1.22006809
1261.00000000,BACKGROUND66,BACKGROUND73,1.22006812
1262.00000000,BACKGROUND66,BACKGROUND73,1.22006815
1263.00000000,BACKGROUND66,BACKGROUND73,1.22006818
1264.00000000,BACKGROUND66,BACKGROUND73,1.22006820
1265.00000000,BACKGROUND66,BACKGROUND73,1.22006823
1266.00000000,BACKGROUND66,BACKGROUND73,1.22006826
1267.00000000,BACKGROUND66,BACKGROUND73,1.22006829
1268.00000000,BACKGROUND66,BACKGROUND73,1.22006832
1269.00000000,BACKGROUND66,BACKGROUND73,1.22006835
1270.00000000,BACKGROUND66,BACKGROUND73,1.22006838
1271.00000000,BACKGROUND66,BACKGROUND73,1.22006841
1272.00000000,BACKGROUND66,BACKGROUND73,1.22006843
1273.00000000,BACKGROUND66,BACKGROUND73,1.22006846
1274.00000000,BACKGROUND66,BACKGROUND73,1.22006849
1275.00000000,BACKGROUND66,BACKGROUND73,1.22006852
1276.00000000,BACKGROUND66,BACKGROUND73,1.22006855
1277.00000000,BACKGROUND66,BACKGROUND73,1.22006858
1278.00000000,BACKGROUND66,BACKGROUND73,1.22006861
1279.00000000,BACKGROUND66,BACKGROUND73,1.22006864
1280.00000000,BACKGROUND66,BACKGROUND73,1.22006867
1281.00000000,BACKGROUND66,BACKGROUND73,1.22006870
1282.00000000,BACKGROUND66,BACKGROUND73,1.22006873
1283.00000000,BACKGROUND66,BACKGROUND73,1.22006876
1284.00000000,BACKGROUND66,BACKGROUND73,1.22006879
1285.00000000,BACKGROUND66,BACKGROUND73,1.22006882
1286.00000000,BACKGROUND66,BACKGROUND73,1.22006885
1287.00000000,BACKGROUND66,BACKGROUND73,1.22006888
1288.00000000,BACKGROUND66,BACKGROUND73,1.22006891
1289.00000000,BACKGROUND66,BACKGROUND73,1.22006894
1290.00000000,BACKGROUND66,BACKGROUND73,1.22006897
1291.00000000,BACKGROUND66,BACKGROUND73,1.22006900
1292.00000000,BACKGROUND66,BACKGROUND73,1.22006903
1293.00000000,BACKGROUND66,BACKGROUND73,1.22006906
1294.00000000,BACKGROUND66,BACKGROUND73,1.22006909
1295.00000000,BACKGROUND66,BACKGROUND73,1.22006912
1295.00000000,BACKGROUND134,BACKGROUND79,9.43936384
1296.00000000,BACKGROUND66,BACKGROUND73,1.22006915
1297.00000000,BACKGROUND66,BACKGROUND73,1.22006918
1298.00000000,BACKGROUND66,BACKGROUND73,1.22006921
1299.00000000,BACKGROUND66,BACKGROUND73,1.22006924
1300.00000000,BACKGROUND66,BACKGROUND73,1.22006927
1301.00000000,BACKGROUND66,BACKGROUND73,1.22006930
1302.00000000,BACKGROUND66,BACKGROUND73,1.22006933
1303.00000000,BACKGROUND66,BACKGROUND73,1.22006937
1304.00000000,BACKGROUND66,BACKGROUND73,1.22006940
1305.00000000,BACKGROUND66,BACKGROUND73,1.22006943
1306.00000000,BACKGROUND66,BACKGROUND73,1.22006946
1307.00000000,BACKGROUND66,BACKGROUND73,1.22006949
1308.00000000,BACKGROUND66,BACKGROUND73,1.22006952
1309.00000000,BACKGROUND66,BACKGROUND73,1.22006955
1310.00000000,BACKGROUND66,BACKGROUND73,1.22006958
1311.00000000,BACKGROUND66,BACKGROUND73,1.22006962
1312.00000000,BACKGROUND66,BACKGROUND73,1.22006965
1313.00000000,BACKGROUND66,BACKGROUND73,1.22006968
1314.00000000,BACKGROUND66,BACKGROUND73,1.22006971
1315.00000000,BACKGROUND66,BACKGROUND73,1.22006974
1316.00000000,BACKGROUND66,BACKGROUND73,1.22006977
1317.00000000,BACKGROUND66,BACKGROUND73,1.22006981
1318.00000000,BACKGROUND66,BACKGROUND73,1.22006984
1319.00000000,BACKGROUND66,BACKGROUND73,1.22006987
1320.00000000,BACKGROUND66,BACKGROUND73,1.22006990
1320.00000000,BACKGROUND123,BACKGROUND145,0.01094684
1321.00000000,BACKGROUND66,BACKGROUND73,1.22006993
1322.00000000,BACKGROUND66,BACKGROUND73,1.22006997
1323.00000000,BACKGROUND66,BACKGROUND73,1.22007000
1324.00000000,BACKGROUND66,BACKGROUND73,1.22007003
1325.00000000,BACKGROUND66,BACKGROUND73,1.22007006
1326.00000000,BACKGROUND66,BACKGROUND73,1.22007009
1327.00000000,BACKGROUND66,BACKGROUND73,1.22007013
1328.00000000,BACKGROUND66,BACKGROUND73,1.22007016
1329.00000000,BACKGROUND66,BACKGROUND73,1.22007019
1330.00000000,BACKGROUND66,BACKGROUND73,1.22007022
1331.00000000,BACKGROUND66,BACKGROUND73,1.22007026
1332.00000000,BACKGROUND66,BACKGROUND73,1.22007029
1333.00000000,BACKGROUND66,BACKGROUND73,1.22007032
1334.00000000,BACKGROUND66,BACKGROUND73,1.22007036
1335.00000000,BACKGROUND66,BACKGROUND73,1.22007039
1335.00000000,BACKGROUND110,BACKGROUND117,0.00005153
1336.00000000,BACKGROUND66,BACKGROUND73,1.22007042
1337.00000000,BACKGROUND66,BACKGROUND73,1.22007046
1338.00000000,BACKGROUND66,BACKGROUND73,1.22007049
1339.00000000,BACKGROUND66,BACKGROUND73,1.22007052
1340.00000000,BACKGROUND66,BACKGROUND73,1.22007055
1341.00000000,BACKGROUND66,BACKGROUND73,1.22007059
1342.00000000,BACKGROUND66,BACKGROUND73,1.22007062
1343.00000000,BACKGROUND66,BACKGROUND73,1.22007065
1344.00000000,BACKGROUND66,BACKGROUND73,1.22007069
1345.00000000,BACKGROUND66,BACKGROUND73,1.22007072
1346.00000000,BACKGROUND66,BACKGROUND73,1.22007076
1347.00000000,BACKGROUND66,BACKGROUND73,1.22007079
1348.00000000,BACKGROUND66,BACKGROUND73,1.22007082
1349.00000000,BACKGROUND66,BACKGROUND73,1.22007086
1350.00000000,BACKGROUND66,BACKGROUND73,1.22007089
1351.00000000,BACKGROUND66,BACKGROUND73,1.22007092
1352.00000000,BACKGROUND66,BACKGROUND73,1.22007096
1353.00000000,BACKGROUND66,BACKGROUND73,1.22007099
1354.00000000,BACKGROUND66,BACKGROUND73,1.22007103
1355.00000000,BACKGROUND66,BACKGROUND73,1.22007106
1356.00000000,BACKGROUND66,BACKGROUND73,1.22007109
1357.00000000,BACKGROUND66,BACKGROUND73,1.22007113
1358.00000000,BACKGROUND66,BACKGROUND73,1.22007116
1359.00000000,BACKGROUND66,BACKGROUND73,1.22007120
1360.00000000,BACKGROUND66,BACKGROUND73,1.22007123
1361.00000000,BACKGROUND66,BACKGROUND73,1.22007127
1362.00000000,BACKGROUND66,BACKGROUND73,1.22007130
1363.00000000,BACKGROUND66,BACKGROUND73,1.22007134
1364.00000000,BACKGROUND66,BACKGROUND73,1.22007137
1365.00000000,BACKGROUND66,BACKGROUND73,1.22007141
1366.00000000,BACKGROUND66,BACKGROUND73,1.22007144
1367.00000000,BACKGROUND66,BACKGROUND73,1.22007147
1368.00000000,BACKGROUND66,BACKGROUND73,1.22007151
1368.00000000,BACKGROUND145,BACKGROUND152,0.03328423
1369.00000000,BACKGROUND66,BACKGROUND73,1.22007154
1370.00000000,BACKGROUND66,BACKGROUND73,1.22007158
1371.00000000,BACKGROUND66,BACKGROUND73,1.22007161
1372.00000000,BACKGROUND66,BACKGROUND73,1.22007165
1373.00000000,BACKGROUND66,BACKGROUND73,1.22007168
1374.00000000,BACKGROUND66,BACKGROUND73,1.22007172
1375.00000000,BACKGROUND66,BACKGROUND73,1.22007176
1376.00000000,BACKGROUND66,BACKGROUND73,1.22007179
1377.00000000,BACKGROUND66,BACKGROUND73,1.22007183
1378.00000000,BACKGROUND66,BACKGROUND73,1.22007186
1379.00000000,BACKGROUND66,BACKGROUND73,1.22007190
1380.00000000,BACKGROUND66,BACKGROUND73,1.22007193
1381.00000000,BACKGROUND66,BACKGROUND73,1.22007197
1382.00000000,BACKGROUND66,BACKGROUND73,1.22007200
1383.00000000,BACKGROUND66,BACKGROUND73,1.22007204
1384.00000000,BACKGROUND66,BACKGROUND73,1.22007208
1385.00000000,BACKGROUND66,BACKGROUND73,1.22007211
1386.00000000,BACKGROUND66,BACKGROUND73,1.22007215
1387.00000000,BACKGROUND66,BACKGROUND73,1.22007219
1388.00000000,BACKGROUND66,BACKGROUND73,1.22007222
1389.00000000,BACKGROUND66,BACKGROUND73,1.22007226
1390.00000000,BACKGROUND66,BACKGROUND73,1.22007229
1391.00000000,BACKGROUND66,BACKGROUND73,1.22007233
1392.00000000,BACKGROUND66,BACKGROUND73,1.22007237
1393.00000000,BACKGROUND66,BACKGROUND73,1.22007240
1394.00000000,BACKGROUND66,BACKGROUND73,1.22007244
1395.00000000,BACKGROUND66,BACKGROUND73,1.22007248
1396.00000000,BACKGROUND66,BACKGROUND73,1.22007251
1397.00000000,BACKGROUND66,BACKGROUND73,1.22007255
1398.00000000,BACKGROUND66,BACKGROUND73,1.22007259
1399.00000000,BACKGROUND66,BACKGROUND73,1.22007262
1400.00000000,BACKGROUND66,BACKGROUND73,1.22007266
1401.00000000,BACKGROUND66,BACKGROUND73,1.22007270
1402.00000000,BACKGROUND66,BACKGROUND73,1.22007273
1403.00000000,BACKGROUND66,BACKGROUND73,1.22007277
1404.00000000,BACKGROUND66,BACKGROUND73,1.22007281
1405.00000000,BACKGROUND66,BACKGROUND73,1.22007284
1406.00000000,BACKGROUND66,BACKGROUND73,1.22007288
1407.00000000,BACKGROUND66,BACKGROUND73,1.22007292
1408.00000000,BACKGROUND66,BACKGROUND73,1.22007296
1409.00000000,BACKGROUND66,BACKGROUND73,1.22007299
1410.00000000,BACKGROUND66,BACKGROUND73,1.22007303
1411.00000000,BACKGROUND66,BACKGROUND73,1.22007307
1412.00000000,BACKGROUND66,BACKGROUND73,1.22007311
1413.00000000,BACKGROUND66,BACKGROUND73,1.22007314
1414.00000000,BACKGROUND66,BACKGROUND73,1.22007318
1415.00000000,BACKGROUND66,BACKGROUND73,1.22007322
1416.00000000,BACKGROUND66,BACKGROUND73,1.22007326
1417.00000000,BACKGROUND66,BACKGROUND73,1.22007330
1418.00000000,BACKGROUND66,BACKGROUND73,1.22007333
1419.00000000,BACKGROUND66,BACKGROUND73,1.22007337
1420.00000000,BACKGROUND66,BACKGROUND73,1.22007341
1421.00000000,BACKGROUND66,BACKGROUND73,1.22007345
1422.00000000,BACKGROUND66,BACKGROUND73,1.22007349
1423.00000000,BACKGROUND66,BACKGROUND73,1.22007352
1424.00000000,BACKGROUND66,BACKGROUND73,1.22007356
1425.00000000,BACKGROUND66,BACKGROUND73,1.22007360
1426.00000000,BACKGROUND66,BACKGROUND73,1.22007364
1427.00000000,BACKGROUND66,BACKGROUND73,1.22007368
1428.00000000,BACKGROUND66,BACKGROUND73,1.22007372
1429.00000000,BACKGROUND66,BACKGROUND73,1.22007376
1430.00000000,BACKGROUND66,BACKGROUND73,1.22007379
1431.00000000,BACKGROUND66,BACKGROUND73,1.22007383
1432.00000000,BACKGROUND66,BACKGROUND73,1.22007387
1433.00000000,BACKGROUND66,BACKGROUND73,1.22007391
1434.00000000,BACKGROUND66,BACKGROUND73,1.22007395
1435.00000000,BACKGROUND66,BACKGROUND73,1.22007399
1436.00000000,BACKGROUND66,BACKGROUND73,1.22007403
1437.00000000,BACKGROUND66,BACKGROUND73,1.22007407
1438.00000000,BACKGROUND66,BACKGROUND73,1.22007411
1439.00000000,BACKGROUND66,BACKGROUND73,1.22007414
1440.00000000,BACKGROUND66,BACKGROUND73,1.22007418
1441.00000000,BACKGROUND66,BACKGROUND73,1.22007422
1442.00000000,BACKGROUND66,BACKGROUND73,1.22007426
1443.00000000,BACKGROUND66,BACKGROUND73,1.22007430
1444.00000000,BACKGROUND66,BACKGROUND73,1.22007434
1445.00000000,BACKGROUND66,BACKGROUND73,1.22007438
1446.00000000,BACKGROUND66,BACKGROUND73,1.22007442
1447.00000000,BACKGROUND66,BACKGROUND73,1.22007446
1448.00000000,BACKGROUND66,BACKGROUND73,1.22007450
1449.00000000,BACKGROUND66,BACKGROUND73,1.22007454
1450.00000000,BACKGROUND66,BACKGROUND73,1.22007458
1451.00000000,BACKGROUND66,BACKGROUND73,1.22007462
1452.00000000,BACKGROUND66,BACKGROUND73,1.22007466
1453.00000000,BACKGROUND66,BACKGROUND73,1.22007470
1454.00000000,BACKGROUND66,BACKGROUND73,1.22007474
1455.00000000,BACKGROUND66,BACKGROUND73,1.22007478
1456.00000000,BACKGROUND66,BACKGROUND73,1.22007482
1457.00000000,BACKGROUND66,BACKGROUND73,1.22007486
1458.00000000,BACKGROUND66,BACKGROUND73,1.22007490
1459.00000000,BACKGROUND66,BACKGROUND73,1.22007494
1460.00000000,BACKGROUND66,BACKGROUND73,1.22007498
1461.00000000,BACKGROUND66,BACKGROUND73,1.22007502
1462.00000000,BACKGROUND66,BACKGROUND73,1.22007506
1463.00000000,BACKGROUND66,BACKGROUND73,1.22007511
1464.00000000,BACKGROUND66,BACKGROUND73,1.22007515
1465.00000000,BACKGROUND66,BACKGROUND73,1.22007519
1466.00000000,BACKGROUND66,BACKGROUND73,1.22007523
1467.00000000,BACKGROUND66,BACKGROUND73,1.22007527
1468.00000000,BACKGROUND66,BACKGROUND73,1.22007531
1469.00000000,BACKGROUND66,BACKGROUND73,1.22007535
1470.00000000,BACKGROUND66,BACKGROUND73,1.22007539
1471.00000000,BACKGROUND66,BACKGROUND73,1.22007543
1472.00000000,BACKGROUND66,BACKGROUND73,1.22007547
1473.00000000,BACKGROUND66,BACKGROUND73,1.22007552
1474.00000000,BACKGROUND66,BACKGROUND73,1.22007556
1475.00000000,BACKGROUND66,BACKGROUND73,1.22007560
1476.00000000,BACKGROUND66,BACKGROUND73,1.22007564
1477.00000000,BACKGROUND66,BACKGROUND73,1.22007568
1478.00000000,BACKGROUND66,BACKGROUND73,1.22007572
1479.00000000,BACKGROUND66,BACKGROUND73,1.22007577
1480.00000000,BACKGROUND66,BACKGROUND73,1.22007581
1481.00000000,BACKGROUND66,BACKGROUND73,1.22007585
1482.00000000,BACKGROUND66,BACKGROUND73,1.22007589
1483.00000000,BACKGROUND66,BACKGROUND73,1.22007593
1484.00000000,BACKGROUND66,BACKGROUND73,1.22007597
1485.00000000,BACKGROUND66,BACKGROUND73,1.22007602
1486.00000000,BACKGROUND66,BACKGROUND73,1.22007606
1487.00000000,BACKGROUND66,BACKGROUND73,1.22007610
1488.00000000,BACKGROUND66,BACKGROUND73,1.22007614
1489.00000000,BACKGROUND66,BACKGROUND73,1.22007619
1490.00000000,BACKGROUND66,BACKGROUND73,1.22007623
1491.00000000,BACKGROUND66,BACKGROUND73,1.22007627
1492.00000000,BACKGROUND66,BACKGROUND73,1.22007631
1493.00000000,BACKGROUND66,BACKGROUND73,1.22007636
1494.00000000,BACKGROUND66,BACKGROUND73,1.22007640
1495.00000000,BACKGROUND66,BACKGROUND73,1.22007644
1496.00000000,BACKGROUND66,BACKGROUND73,1.22007648
1497.00000000,BACKGROUND66,BACKGROUND73,1.22007653
1498.00000000,BACKGROUND66,BACKGROUND73,1.22007657
1499.00000000,BACKGROUND66,BACKGROUND73,1.22007661
1500.00000000,BACKGROUND66,BACKGROUND73,1.22007665
1501.00000000,BACKGROUND66,BACKGROUND73,1.22007670
1502.00000000,BACKGROUND66,BACKGROUND73,1.22007674
1503.00000000,BACKGROUND66,BACKGROUND73,1.22007678
1504.00000000,BACKGROUND66,BACKGROUND73,1.22007683
1505.00000000,BACKGROUND66,BACKGROUND73,1.22007687
1506.00000000,BACKGROUND66,BACKGROUND73,1.22007691
1507.00000000,BACKGROUND66,BACKGROUND73,1.22007696
1508.00000000,BACKGROUND66,BACKGROUND73,1.22007700
1509.00000000,BACKGROUND66,BACKGROUND73,1.22007704
1510.00000000,BACKGROUND66,BACKGROUND73,1.22007709
1511.00000000,BACKGROUND66,BACKGROUND73,1.22007713
1512.00000000,BACKGROUND66,BACKGROUND73,1.22007718
1513.00000000,BACKGROUND66,BACKGROUND73,1.22007722
1514.00000000,BACKGROUND66,BACKGROUND73,1.22007726
1515.00000000,BACKGROUND66,BACKGROUND73,1.22007731
1516.00000000,BACKGROUND66,BACKGROUND73,1.22007735
1517.00000000,BACKGROUND66,BACKGROUND73,1.22007739
1518.00000000,BACKGROUND66,BACKGROUND73,1.22007744
1519.00000000,BACKGROUND66,BACKGROUND73,1.22007748
1520.00000000,BACKGROUND66,BACKGROUND73,1.22007753
1520.00000000,BACKGROUND153,BACKGROUND164,0.51090178
1521.00000000,BACKGROUND66,BACKGROUND73,1.22007757
1522.00000000,BACKGROUND66,BACKGROUND73,1.22007762
1523.00000000,BACKGROUND66,BACKGROUND73,1.22007766
1524.00000000,BACKGROUND66,BACKGROUND73,1.22007770
1525.00000000,BACKGROUND66,BACKGROUND73,1.22007775
1526.00000000,BACKGROUND66,BACKGROUND73,1.22007779
1527.00000000,BACKGROUND66,BACKGROUND73,1.22007784
1528.00000000,BACKGROUND66,BACKGROUND73,1.22007788
1529.00000000,BACKGROUND66,BACKGROUND73,1.22007793
1530.00000000,BACKGROUND66,BACKGROUND73,1.22007797
1531.00000000,BACKGROUND66,BACKGROUND73,1.22007802
1532.00000000,BACKGROUND66,BACKGROUND73,1.22007806
1533.00000000,BACKGROUND66,BACKGROUND73,1.22007811
1534.00000000,BACKGROUND66,BACKGROUND73,1.22007815
1535.00000000,BACKGROUND66,BACKGROUND73,1.22007820
1536.00000000,BACKGROUND66,BACKGROUND73,1.22007824
1537.00000000,BACKGROUND66,BACKGROUND73,1.22007829
1538.00000000,BACKGROUND66,BACKGROUND73,1.22007833
1539.00000000,BACKGROUND66,BACKGROUND73,1.22007838
1540.00000000,BACKGROUND66,BACKGROUND73,1.22007842
1541.00000000,BACKGROUND66,BACKGROUND73,1.22007847
1542.00000000,BACKGROUND66,BACKGROUND73,1.22007851
1543.00000000,BACKGROUND66,BACKGROUND73,1.22007856
1544.00000000,BACKGROUND66,BACKGROUND73,1.22007861
1545.00000000,BACKGROUND66,BACKGROUND73,1.22007865
1546.00000000,BACKGROUND66,BACKGROUND73,1.22007870
1547.00000000,BACKGROUND66,BACKGROUND73,1.22007874
1547.00000000,BACKGROUND123,BACKGROUND181,0.00000566
1548.00000000,BACKGROUND66,BACKGROUND73,1.22007879
1549.00000000,BACKGROUND66,BACKGROUND73,1.22007883
1550.00000000,BACKGROUND66,BACKGROUND73,1.22007888
1551.00000000,BACKGROUND66,BACKGROUND73,1.22007893
1552.00000000,BACKGROUND66,BACKGROUND73,1.22007897
1553.00000000,BACKGROUND66,BACKGROUND73,1.22007902
1554.00000000,BACKGROUND66,BACKGROUND73,1.22007907
1555.00000000,BACKGROUND66,BACKGROUND73,1.22007911
1556.00000000,BACKGROUND66,BACKGROUND73,1.22007916
1557.00000000,BACKGROUND66,BACKGROUND73,1.22007920
1558.00000000,BACKGROUND66,BACKGROUND73,1.22007925
1559.00000000,BACKGROUND66,BACKGROUND73,1.22007930
1560.00000000,BACKGROUND66,BACKGROUND73,1.22007934
1561.00000000,BACKGROUND66,BACKGROUND73,1.22007939
1562.00000000,BACKGROUND66,BACKGROUND73,1.22007944
1563.00000000,BACKGROUND66,BACKGROUND73,1.22007948
1564.00000000,BACKGROUND66,BACKGROUND73,1.22007953
1565.00000000,BACKGROUND66,BACKGROUND73,1.22007958
1566.00000000,BACKGROUND66,BACKGROUND73,1.22007962
1567.00000000,BACKGROUND66,BACKGROUND73,1.22007967
1568.00000000,BACKGROUND66,BACKGROUND73,1.22007972
1569.00000000,BACKGROUND66,BACKGROUND73,1.22007977
1570.00000000,BACKGROUND66,BACKGROUND73,1.22007981
1571.00000000,BACKGROUND66,BACKGROUND73,1.22007986
1572.00000000,BACKGROUND66,BACKGROUND73,1.22007991
1573.00000000,BACKGROUND66,BACKGROUND73,1.22007996
1574.00000000,BACKGROUND66,BACKGROUND73,1.22008000
1575.00000000,BACKGROUND66,BACKGROUND73,1.22008005
1576.00000000,BACKGROUND66,BACKGROUND73,1.22008010
1577.00000000,BACKGROUND66,BACKGROUND73,1.22008015
1578.00000000,BACKGROUND66,BACKGROUND73,1.22008019
1579.00000000,BACKGROUND66,BACKGROUND73,1.22008024
1580.00000000,BACKGROUND66,BACKGROUND73,1.22008029
1581.00000000,BACKGROUND66,BACKGROUND73,1.22008034
1582.00000000,BACKGROUND66,BACKGROUND73,1.22008039
1583.00000000,BACKGROUND66,BACKGROUND73,1.22008043
1584.00000000,BACKGROUND66,BACKGROUND73,1.22008048
1585.00000000,BACKGROUND66,BACKGROUND73,1.22008053
1586.00000000,BACKGROUND66,BACKGROUND73,1.22008058
1587.00000000,BACKGROUND66,BACKGROUND73,1.22008063
1588.00000000,BACKGROUND66,BACKGROUND73,1.22008067
1589.00000000,BACKGROUND66,BACKGROUND73,1.22008072
1589.00000000,BACKGROUND134,BACKGROUND175,3.04118332
1590.00000000,BACKGROUND66,BACKGROUND73,1.22008077
1591.00000000,BACKGROUND66,BACKGROUND73,1.22008082
1592.00000000,BACKGROUND66,BACKGROUND73,1.22008087
1593.00000000,BACKGROUND66,BACKGROUND73,1.22008092
1594.00000000,BACKGROUND66,BACKGROUND73,1.22008096
1595.00000000,BACKGROUND66,BACKGROUND73,1.22008101
1596.00000000,BACKGROUND66,BACKGROUND73,1.22008106
1597.00000000,BACKGROUND66,BACKGROUND73,1.22008111
1598.00000000,BACKGROUND66,BACKGROUND73,1.22008116
1599.00000000,BACKGROUND66,BACKGROUND73,1.22008121
1600.00000000,BACKGROUND66,BACKGROUND73,1.22008126
1601.00000000,BACKGROUND66,BACKGROUND73,1.22008131
1602.00000000,BACKGROUND66,BACKGROUND73,1.22008136
1603.00000000,BACKGROUND66,BACKGROUND73,1.22008141
1604.00000000,BACKGROUND66,BACKGROUND73,1.22008146
1605.00000000,BACKGROUND66,BACKGROUND73,1.22008151
1606.00000000,BACKGROUND66,BACKGROUND73,1.22008155
1607.00000000,BACKGROUND66,BACKGROUND73,1.22008160
1608.00000000,BACKGROUND66,BACKGROUND73,1.22008165
1609.00000000,BACKGROUND66,BACKGROUND73,1.22008170
1610.00000000,BACKGROUND66,BACKGROUND73,1.22008175
1611.00000000,BACKGROUND66,BACKGROUND73,1.22008180
1612.00000000,BACKGROUND66,BACKGROUND73,1.22008185
1613.00000000,BACKGROUND66,BACKGROUND73,1.22008190
1614.00000000,BACKGROUND66,BACKGROUND73,1.22008195
1615.00000000,BACKGROUND66,BACKGROUND73,1.22008200
1616.00000000,BACKGROUND66,BACKGROUND73,1.22008205
1617.00000000,BACKGROUND66,BACKGROUND73,1.22008210
1618.00000000,BACKGROUND66,BACKGROUND73,1.22008215
1619.00000000,BACKGROUND66,BACKGROUND73,1.22008220
1620.00000000,BACKGROUND66,BACKGROUND73,1.22008225
1621.00000000,BACKGROUND66,BACKGROUND73,1.22008230
1622.00000000,BACKGROUND66,BACKGROUND73,1.22008235
1623.00000000,BACKGROUND66,BACKGROUND73,1.22008240
1624.00000000,BACKGROUND66,BACKGROUND73,1.22008245
1625.00000000,BACKGROUND66,BACKGROUND73,1.22008251
1626.00000000,BACKGROUND66,BACKGROUND73,1.22008256
1627.00000000,BACKGROUND66,BACKGROUND73,1.22008261
1628.00000000,BACKGROUND66,BACKGROUND73,1.22008266
1629.00000000,BACKGROUND66,BACKGROUND73,1.22008271
1630.00000000,BACKGROUND66,BACKGROUND73,1.22008276
1631.00000000,BACKGROUND66,BACKGROUND73,1.22008281
1632.00000000,BACKGROUND66,BACKGROUND73,1.22008286
1633.00000000,BACKGROUND66,BACKGROUND73,1.22008291
1634.00000000,BACKGROUND66,BACKGROUND73,1.22008296
1635.00000000,BACKGROUND66,BACKGROUND73,1.22008301
1636.00000000,BACKGROUND66,BACKGROUND73,1.22008307
1637.00000000,BACKGROUND66,BACKGROUND73,1.22008312
1638.00000000,BACKGROUND66,BACKGROUND73,1.22008317
1639.00000000,BACKGROUND66,BACKGROUND73,1.22008322
1640.00000000,BACKGROUND66,BACKGROUND73,1.22008327
1641.00000000,BACKGROUND66,BACKGROUND73,1.22008332
1642.00000000,BACKGROUND66,BACKGROUND73,1.22008337
1643.00000000,BACKGROUND66,BACKGROUND73,1.22008343
1644.00000000,BACKGROUND66,BACKGROUND73,1.22008348
1645.00000000,BACKGROUND66,BACKGROUND73,1.22008353
1646.00000000,BACKGROUND66,BACKGROUND73,1.22008358
1647.00000000,BACKGROUND66,BACKGROUND73,1.22008363
1648.00000000,BACKGROUND66,BACKGROUND73,1.22008369
1649.00000000,BACKGROUND66,BACKGROUND73,1.22008374
1650.00000000,BACKGROUND66,BACKGROUND73,1.22008379
1651.00000000,BACKGROUND66,BACKGROUND73,1.22008384
1652.00000000,BACKGROUND66,BACKGROUND73,1.22008389
1653.00000000,BACKGROUND66,BACKGROUND73,1.22008395
1654.00000000,BACKGROUND66,BACKGROUND73,1.22008400
1655.00000000,BACKGROUND66,BACKGROUND73,1.22008405
1656.00000000,BACKGROUND66,BACKGROUND73,1.22008410
1657.00000000,BACKGROUND66,BACKGROUND73,1.22008416
1658.00000000,BACKGROUND66,BACKGROUND73,1.22008421
1659.00000000,BACKGROUND66,BACKGROUND73,1.22008426
1660.00000000,BACKGROUND66,BACKGROUND73,1.22008431
1661.00000000,BACKGROUND66,BACKGROUND73,1.22008437
1662.00000000,BACKGROUND66,BACKGROUND73,1.22008442
1663.00000000,BACKGROUND66,BACKGROUND73,1.22008447
1664.00000000,BACKGROUND66,BACKGROUND73,1.22008453
1665.00000000,BACKGROUND66,BACKGROUND73,1.22008458
1666.00000000,BACKGROUND66,BACKGROUND73,1.22008463
1667.00000000,BACKGROUND66,BACKGROUND73,1.22008468
1668.00000000,BACKGROUND66,BACKGROUND73,1.22008474
1669.00000000,BACKGROUND66,BACKGROUND73,1.22008479
1670.00000000,BACKGROUND66,BACKGROUND73,1.22008484
1671.00000000,BACKGROUND66,BACKGROUND73,1.22008490
1672.00000000,BACKGROUND66,BACKGROUND73,1.22008495
1673.00000000,BACKGROUND66,BACKGROUND73,1.22008500
1674.00000000,BACKGROUND66,BACKGROUND73,1.22008506
1675.00000000,BACKGROUND66,BACKGROUND73,1.22008511
1676.00000000,BACKGROUND66,BACKGROUND73,1.22008517
1677.00000000,BACKGROUND66,BACKGROUND73,1.22008522
1678.00000000,BACKGROUND66,BACKGROUND73,1.22008527
1679.00000000,BACKGROUND66,BACKGROUND73,1.22008533
1680.00000000,BACKGROUND66,BACKGROUND73,1.22008538
1680.00000000,BACKGROUND160,BACKGROUND164,0.00436251
1681.00000000,BACKGROUND66,BACKGROUND73,1.22008543
1682.00000000,BACKGROUND66,BACKGROUND73,1.22008549
1683.00000000,BACKGROUND66,BACKGROUND73,1.22008554
1684.00000000,BACKGROUND66,BACKGROUND73,1.22008560
1685.00000000,BACKGROUND66,BACKGROUND73,1.22008565
1686.00000000,BACKGROUND66,BACKGROUND73,1.22008570
1687.00000000,BACKGROUND66,BACKGROUND73,1.22008576
1687.00000000,BACKGROUND177,BACKGROUND47,3.12527606
1688.00000000,BACKGROUND66,BACKGROUND73,1.22008581
1689.00000000,BACKGROUND66,BACKGROUND73,1.22008587
1690.00000000,BACKGROUND66,BACKGROUND73,1.22008592
1691.00000000,BACKGROUND66,BACKGROUND73,1.22008598
1692.00000000,BACKGROUND66,BACKGROUND73,1.22008603
1693.00000000,BACKGROUND66,BACKGROUND73,1.22008609
1694.00000000,BACKGROUND66,BACKGROUND73,1.22008614
1695.00000000,BACKGROUND66,BACKGROUND73,1.22008620
1696.00000000,BACKGROUND66,BACKGROUND73,1.22008625
1697.00000000,BACKGROUND66,BACKGROUND73,1.22008631
1698.00000000,BACKGROUND66,BACKGROUND73,1.22008636
1699.00000000,BACKGROUND66,BACKGROUND73,1.22008642
1700.00000000,BACKGROUND66,BACKGROUND73,1.22008647
1701.00000000,BACKGROUND66,BACKGROUND73,1.22008653
1702.00000000,BACKGROUND66,BACKGROUND73,1.22008658
1703.00000000,BACKGROUND66,BACKGROUND73,1.22008664
1704.00000000,BACKGROUND66,BACKGROUND73,1.22008669
1705.00000000,BACKGROUND66,BACKGROUND73,1.22008675
1706.00000000,BACKGROUND66,BACKGROUND73,1.22008680
1707.00000000,BACKGROUND66,BACKGROUND73,1.22008686
1708.00000000,BACKGROUND66,BACKGROUND73,1.22008691
1709.00000000,BACKGROUND66,BACKGROUND73,1.22008697
1710.00000000,BACKGROUND66,BACKGROUND73,1.22008703
1711.00000000,BACKGROUND66,BACKGROUND73,1.22008708
1712.00000000,BACKGROUND66,BACKGROUND73,1.22008714
1713.00000000,BACKGROUND66,BACKGROUND73,1.22008719
1714.00000000,BACKGROUND66,BACKGROUND73,1.22008725
1715.00000000,BACKGROUND66,BACKGROUND73,1.22008731
1716.00000000,BACKGROUND66,BACKGROUND73,1.22008736
1717.00000000,BACKGROUND66,BACKGROUND73,1.22008742
1718.00000000,BACKGROUND66,BACKGROUND73,1.22008747
1719.00000000,BACKGROUND66,BACKGROUND73,1.22008753
1720.00000000,BACKGROUND66,BACKGROUND73,1.22008759
1721.00000000,BACKGROUND66,BACKGROUND73,1.22008764
1722.00000000,BACKGROUND66,BACKGROUND73,1.22008770
1723.00000000,BACKGROUND66,BACKGROUND73,1.22008776
1724.00000000,BACKGROUND66,BACKGROUND73,1.22008781
1725.00000000,BACKGROUND66,BACKGROUND73,1.22008787
1726.00000000,BACKGROUND66,BACKGROUND73,1.22008793
1727.00000000,BACKGROUND66,BACKGROUND73,1.22008798
1728.00000000,BACKGROUND66,BACKGROUND73,1.22008804
1729.00000000,BACKGROUND66,BACKGROUND73,1.22008810
1730.00000000,BACKGROUND66,BACKGROUND73,1.22008815
1731.00000000,BACKGROUND66,BACKGROUND73,1.22008821
1732.00000000,BACKGROUND66,BACKGROUND73,1.22008827
1733.00000000,BACKGROUND66,BACKGROUND73,1.22008832
1734.00000000,BACKGROUND66,BACKGROUND73,1.22008838
1735.00000000,BACKGROUND66,BACKGROUND73,1.22008844
1736.00000000,BACKGROUND66,BACKGROUND73,1.22008850
1737.00000000,BACKGROUND66,BACKGROUND73,1.22008855
1738.00000000,BACKGROUND66,BACKGROUND73,1.22008861
1739.00000000,BACKGROUND66,BACKGROUND73,1.22008867
1740.00000000,BACKGROUND66,BACKGROUND73,1.22008873
1741.00000000,BACKGROUND66,BACKGROUND73,1.22008878
1742.00000000,BACKGROUND66,BACKGROUND73,1.22008884
1743.00000000,BACKGROUND66,BACKGROUND73,1.22008890
1744.00000000,BACKGROUND66,BACKGROUND73,1.22008896
1745.00000000,BACKGROUND66,BACKGROUND73,1.22008902
1746.00000000,BACKGROUND66,BACKGROUND73,1.22008907
1747.00000000,BACKGROUND66,BACKGROUND73,1.22008913
1748.00000000,BACKGROUND66,BACKGROUND73,1.22008919
1749.00000000,BACKGROUND66,BACKGROUND73,1.22008925
1750.00000000,BACKGROUND66,BACKGROUND73,1.22008931
1751.00000000,BACKGROUND66,BACKGROUND73,1.22008936
1752.00000000,BACKGROUND66,BACKGROUND73,1.22008942
1753.00000000,BACKGROUND66,BACKGROUND73,1.22008948
1754.00000000,BACKGROUND66,BACKGROUND73,1.22008954
1755.00000000,BACKGROUND66,BACKGROUND73,1.22008960
1756.00000000,BACKGROUND66,BACKGROUND73,1.22008966
1757.00000000,BACKGROUND66,BACKGROUND73,1.22008971
1758.00000000,BACKGROUND66,BACKGROUND73,1.22008977
1759.00000000,BACKGROUND66,BACKGROUND73,1.22008983
1760.00000000,BACKGROUND66,BACKGROUND73,1.22008989
1761.00000000,BACKGROUND66,BACKGROUND73,1.22008995
1762.00000000,BACKGROUND66,BACKGROUND73,1.22009001
1763.00000000,BACKGROUND66,BACKGROUND73,1.22009007
1764.00000000,BACKGROUND66,BACKGROUND73,1.22009013
1765.00000000,BACKGROUND66,BACKGROUND73,1.22009019
1766.00000000,BACKGROUND66,BACKGROUND73,1.22009024
1767.00000000,BACKGROUND66,BACKGROUND73,1.22009030
1768.00000000,BACKGROUND66,BACKGROUND73,1.22009036
1769.00000000,BACKGROUND66,BACKGROUND73,1.22009042
1770.00000000,BACKGROUND66,BACKGROUND73,1.22009048
1771.00000000,BACKGROUND66,BACKGROUND73,1.22009054
1772.00000000,BACKGROUND66,BACKGROUND73,1.22009060
1773.00000000,BACKGROUND66,BACKGROUND73,1.22009066
1774.00000000,BACKGROUND66,BACKGROUND73,1.22009072
1775.00000000,BACKGROUND66,BACKGROUND73,1.22009078
1776.00000000,BACKGROUND66,BACKGROUND73,1.22009084
1777.00000000,BACKGROUND66,BACKGROUND73,1.22009090
1778.00000000,BACKGROUND66,BACKGROUND73,1.22009096
1779.00000000,BACKGROUND66,BACKGROUND73,1.22009102
1780.00000000,BACKGROUND66,BACKGROUND73,1.22009108
1781.00000000,BACKGROUND66,BACKGROUND73,1.22009114
1782.00000000,BACKGROUND66,BACKGROUND73,1.22009120
1783.00000000,BACKGROUND66,BACKGROUND73,1.22009126
1784.00000000,BACKGROUND66,BACKGROUND73,1.22009132
1785.00000000,BACKGROUND66,BACKGROUND73,1.22009138
1786.00000000,BACKGROUND66,BACKGROUND73,1.22009144
1787.00000000,BACKGROUND66,BACKGROUND73,1.22009150
1788.00000000,BACKGROUND66,BACKGROUND73,1.22009156
1789.00000000,BACKGROUND66,BACKGROUND73,1.22009162
1790.00000000,BACKGROUND66,BACKGROUND73,1.22009168
1791.00000000,BACKGROUND66,BACKGROUND73,1.22009174
1792.00000000,BACKGROUND66,BACKGROUND73,1.22009180
1793.00000000,BACKGROUND66,BACKGROUND73,1.22009186
1794.00000000,BACKGROUND66,BACKGROUND73,1.22009192
1795.00000000,BACKGROUND66,BACKGROUND73,1.22009199
1796.00000000,BACKGROUND66,BACKGROUND73,1.22009205
1797.00000000,BACKGROUND66,BACKGROUND73,1.22009211
1798.00000000,BACKGROUND66,BACKGROUND73,1.22009217
1799.00000000,BACKGROUND66,BACKGROUND73,1.22009223
1800.00000000,BACKGROUND66,BACKGROUND73,1.22009229
