# CLOSEST POINT OF APPROACH LOG
# Shortest distance between 2 UAS during their conflict
# 
# Simulation Time [s], UAS1, UAS2, Distance [m]
# simt
524.00000000,BACKGROUND24,DELIVERY1,0.01678936
589.00000000,BACKGROUND13,DELIVERY1,0.29727101
762.00000000,BACKGROUND12,BACKGROUND13,0.97589616
867.00000000,DELIVERY2,DELIVERY3,0.36492807
869.00000000,DELIVERY2,DELIVERY3,1.69147604
870.00000000,DELIVERY2,DELIVERY3,1.69147604
871.00000000,DELIVERY2,DELIVERY3,1.69147604
872.00000000,DELIVERY2,DELIVERY3,1.69147604
873.00000000,DELIVERY2,DELIVERY3,1.69147604
874.00000000,DELIVERY2,DELIVERY3,1.69147604
875.00000000,DELIVERY2,DELIVERY3,1.69147604
876.00000000,DELIVERY2,DELIVERY3,1.69147604
877.00000000,DELIVERY2,DELIVERY3,1.69147604
878.00000000,DELIVERY2,DELIVERY3,1.69147604
879.00000000,DELIVERY2,DELIVERY3,1.69147604
880.00000000,DELIVERY2,DELIVERY3,1.69147604
881.00000000,DELIVERY2,DELIVERY3,1.69147604
882.00000000,DELIVERY2,DELIVERY3,1.69147604
883.00000000,DELIVERY2,DELIVERY3,1.69147604
884.00000000,DELIVERY2,DELIVERY3,1.69147604
889.00000000,DELIVERY2,DELIVERY3,0.73810674
1017.00000000,DELIVERY2,DELIVERY5,0.01974175
1130.00000000,BACKGROUND29,BACKGROUND34,0.05349460
1130.00000000,BACKGROUND38,BACKGROUND54,0.43884910
1173.00000000,BACKGROUND34,BACKGROUND43,7.26847428
1501.00000000,DELIVERY11,DELIVERY9,0.01165658
1501.00000000,DELIVERY10,DELIVERY8,0.00000000
1502.00000000,DELIVERY11,DELIVERY9,0.39866822
1502.00000000,DELIVERY10,DELIVERY8,0.00000000
1503.00000000,DELIVERY10,DELIVERY8,0.00000000
1504.00000000,DELIVERY10,DELIVERY8,0.00000000
1505.00000000,DELIVERY10,DELIVERY8,0.00000000
1506.00000000,DELIVERY10,DELIVERY8,0.00000000
1507.00000000,DELIVERY10,DELIVERY8,0.00000000
1508.00000000,DELIVERY10,DELIVERY8,0.00000000
1509.00000000,DELIVERY10,DELIVERY8,0.00000000
1510.00000000,DELIVERY10,DELIVERY8,0.00000000
1511.00000000,DELIVERY10,DELIVERY8,0.00000000
1512.00000000,DELIVERY10,DELIVERY8,0.00000000
1513.00000000,DELIVERY10,DELIVERY8,0.00000000
1514.00000000,DELIVERY10,DELIVERY8,0.00000000
1515.00000000,DELIVERY10,DELIVERY8,0.00000000
1516.00000000,DELIVERY10,DELIVERY8,0.00000000
1517.00000000,DELIVERY10,DELIVERY8,0.00000000
1518.00000000,DELIVERY10,DELIVERY8,0.00000000
1519.00000000,DELIVERY10,DELIVERY8,0.00000000
1520.00000000,DELIVERY10,DELIVERY8,0.00000000
1521.00000000,DELIVERY10,DELIVERY8,0.00000000
1522.00000000,DELIVERY10,DELIVERY8,0.00000000
1523.00000000,DELIVERY10,DELIVERY8,0.00000000
1524.00000000,DELIVERY10,DELIVERY8,0.00000000
1525.00000000,DELIVERY10,DELIVERY8,0.00000000
1526.00000000,DELIVERY10,DELIVERY8,0.00000000
1527.00000000,DELIVERY10,DELIVERY8,0.00000000
1528.00000000,DELIVERY10,DELIVERY8,0.00000000
1529.00000000,DELIVERY10,DELIVERY8,0.00000000
1530.00000000,DELIVERY10,DELIVERY8,0.00000000
1531.00000000,DELIVERY10,DELIVERY8,0.00000000
1532.00000000,DELIVERY10,DELIVERY8,0.00000000
1533.00000000,DELIVERY10,DELIVERY8,0.00000000
1534.00000000,DELIVERY10,DELIVERY8,0.00000000
1535.00000000,DELIVERY10,DELIVERY8,0.00000000
1536.00000000,DELIVERY10,DELIVERY8,0.00000000
1537.00000000,DELIVERY10,DELIVERY8,0.00000000
1538.00000000,DELIVERY10,DELIVERY8,0.00000000
1539.00000000,DELIVERY10,DELIVERY8,0.00000000
1540.00000000,DELIVERY10,DELIVERY8,0.00000000
1541.00000000,DELIVERY10,DELIVERY8,0.00000000
1542.00000000,DELIVERY10,DELIVERY8,0.00000000
1543.00000000,DELIVERY10,DELIVERY8,0.00000000
1544.00000000,DELIVERY10,DELIVERY8,0.00000000
1545.00000000,DELIVERY10,DELIVERY8,0.00000000
1546.00000000,DELIVERY10,DELIVERY8,0.00000000
1547.00000000,DELIVERY10,DELIVERY8,0.00000000
1548.00000000,DELIVERY10,DELIVERY8,0.00000000
1549.00000000,DELIVERY10,DELIVERY8,0.00000000
1550.00000000,DELIVERY10,DELIVERY8,0.00000000
1551.00000000,DELIVERY10,DELIVERY8,0.00000000
1552.00000000,DELIVERY10,DELIVERY8,0.00000000
1553.00000000,DELIVERY10,DELIVERY8,0.00000000
1554.00000000,DELIVERY10,DELIVERY8,0.00000000
1555.00000000,DELIVERY10,DELIVERY8,0.00000000
1556.00000000,DELIVERY10,DELIVERY8,0.00000000
1556.00000000,BACKGROUND70,BACKGROUND73,0.24427370
1557.00000000,DELIVERY10,DELIVERY8,0.00000000
1558.00000000,DELIVERY10,DELIVERY8,0.00000000
1559.00000000,DELIVERY10,DELIVERY8,0.00000000
1560.00000000,DELIVERY10,DELIVERY8,0.00000000
1561.00000000,DELIVERY10,DELIVERY8,0.00000000
1562.00000000,DELIVERY10,DELIVERY8,0.00000000
1563.00000000,DELIVERY10,DELIVERY8,0.00000000
1564.00000000,DELIVERY10,DELIVERY8,0.00000000
1565.00000000,DELIVERY10,DELIVERY8,0.00000000
1566.00000000,DELIVERY10,DELIVERY8,0.00000000
1567.00000000,DELIVERY10,DELIVERY8,0.00000000
1568.00000000,DELIVERY10,DELIVERY8,0.00000000
1569.00000000,DELIVERY10,DELIVERY8,0.00000000
1570.00000000,DELIVERY10,DELIVERY8,0.00000000
1571.00000000,DELIVERY10,DELIVERY8,0.00000000
1572.00000000,DELIVERY10,DELIVERY8,0.00000000
1573.00000000,DELIVERY10,DELIVERY8,0.00000000
1574.00000000,DELIVERY10,DELIVERY8,0.00000000
1575.00000000,DELIVERY10,DELIVERY8,0.00000000
1576.00000000,DELIVERY10,DELIVERY8,0.00000000
1577.00000000,DELIVERY10,DELIVERY8,0.00000000
1578.00000000,DELIVERY10,DELIVERY8,0.00000000
1579.00000000,DELIVERY10,DELIVERY8,0.00000000
1580.00000000,DELIVERY10,DELIVERY8,0.00000000
1581.00000000,DELIVERY10,DELIVERY8,0.00000000
1582.00000000,DELIVERY10,DELIVERY8,0.00000000
1583.00000000,DELIVERY10,DELIVERY8,0.00000000
1584.00000000,DELIVERY10,DELIVERY8,0.00000000
1585.00000000,DELIVERY10,DELIVERY8,0.00000000
1586.00000000,DELIVERY10,DELIVERY8,0.00000000
1587.00000000,DELIVERY10,DELIVERY8,0.00000000
1588.00000000,DELIVERY10,DELIVERY8,0.00000000
1589.00000000,DELIVERY10,DELIVERY8,0.00000000
1590.00000000,DELIVERY10,DELIVERY8,0.00000000
1591.00000000,DELIVERY10,DELIVERY8,0.00000000
1592.00000000,DELIVERY10,DELIVERY8,0.00000000
1593.00000000,DELIVERY10,DELIVERY8,0.00000000
1594.00000000,DELIVERY10,DELIVERY8,0.00000000
1595.00000000,DELIVERY10,DELIVERY8,0.00000000
1596.00000000,DELIVERY10,DELIVERY8,0.00000000
1597.00000000,DELIVERY10,DELIVERY8,0.00000000
1598.00000000,DELIVERY10,DELIVERY8,0.00000000
1599.00000000,DELIVERY10,DELIVERY8,0.00000000
1600.00000000,DELIVERY10,DELIVERY8,0.00000000
1601.00000000,DELIVERY10,DELIVERY8,0.00000000
1602.00000000,DELIVERY10,DELIVERY8,0.00000000
1603.00000000,DELIVERY10,DELIVERY8,0.00000000
1604.00000000,DELIVERY10,DELIVERY8,0.00000000
1605.00000000,DELIVERY10,DELIVERY8,0.00000000
1606.00000000,DELIVERY10,DELIVERY8,0.00000000
1607.00000000,DELIVERY10,DELIVERY8,0.00000000
1608.00000000,DELIVERY10,DELIVERY8,0.00000000
1609.00000000,DELIVERY10,DELIVERY8,0.00000000
1610.00000000,DELIVERY10,DELIVERY8,0.00000000
1611.00000000,DELIVERY10,DELIVERY8,0.00000000
1612.00000000,DELIVERY10,DELIVERY8,0.00000000
1613.00000000,DELIVERY10,DELIVERY8,0.00000000
1614.00000000,DELIVERY10,DELIVERY8,0.00000000
1617.00000000,DELIVERY10,DELIVERY8,0.00000000
1618.00000000,DELIVERY10,DELIVERY8,0.00000000
1619.00000000,DELIVERY10,DELIVERY8,0.00000000
1620.00000000,DELIVERY10,DELIVERY8,0.00000000
1621.00000000,DELIVERY10,DELIVERY8,0.00000000
1622.00000000,DELIVERY10,DELIVERY8,0.00000000
1623.00000000,DELIVERY10,DELIVERY8,0.00000000
1624.00000000,DELIVERY10,DELIVERY8,0.00000000
1625.00000000,DELIVERY10,DELIVERY8,0.00000000
1626.00000000,DELIVERY10,DELIVERY8,0.00000000
1627.00000000,DELIVERY10,DELIVERY8,0.00000000
1628.00000000,DELIVERY10,DELIVERY8,0.00000000
1629.00000000,DELIVERY10,DELIVERY8,0.00000000
1630.00000000,DELIVERY10,DELIVERY8,0.00000000
1631.00000000,DELIVERY10,DELIVERY8,0.00000000
1632.00000000,DELIVERY10,DELIVERY8,0.00000000
1633.00000000,DELIVERY10,DELIVERY8,0.00000000
1634.00000000,DELIVERY10,DELIVERY8,0.00000000
1635.00000000,DELIVERY10,DELIVERY8,0.00000000
1636.00000000,DELIVERY10,DELIVERY8,0.00000000
1637.00000000,DELIVERY10,DELIVERY8,0.00000000
1638.00000000,DELIVERY10,DELIVERY8,0.00000000
1639.00000000,DELIVERY10,DELIVERY8,0.00000000
1640.00000000,DELIVERY10,DELIVERY8,0.00000000
1641.00000000,DELIVERY10,DELIVERY8,0.00000000
1642.00000000,DELIVERY10,DELIVERY8,0.00000000
1643.00000000,DELIVERY10,DELIVERY8,0.00000000
1644.00000000,DELIVERY10,DELIVERY8,0.00000000
1645.00000000,DELIVERY10,DELIVERY8,0.00000000
1646.00000000,DELIVERY10,DELIVERY8,0.00000000
1647.00000000,DELIVERY10,DELIVERY8,0.00000000
1648.00000000,DELIVERY10,DELIVERY8,0.00000000
1649.00000000,DELIVERY10,DELIVERY8,0.00000000
1650.00000000,DELIVERY10,DELIVERY8,0.00000000
1651.00000000,DELIVERY10,DELIVERY8,0.00000000
1652.00000000,DELIVERY10,DELIVERY8,0.00000000
1653.00000000,DELIVERY10,DELIVERY8,0.00000000
1654.00000000,DELIVERY10,DELIVERY8,0.00000000
1655.00000000,DELIVERY10,DELIVERY8,0.00000000
1656.00000000,DELIVERY10,DELIVERY8,0.00000000
1657.00000000,DELIVERY10,DELIVERY8,0.00000000
1658.00000000,DELIVERY10,DELIVERY8,0.00000000
1659.00000000,DELIVERY10,DELIVERY8,0.00000000
1660.00000000,DELIVERY10,DELIVERY8,0.00000000
1661.00000000,DELIVERY10,DELIVERY8,0.00000000
1662.00000000,DELIVERY10,DELIVERY8,0.00000000
1663.00000000,DELIVERY10,DELIVERY8,0.00000000
1664.00000000,DELIVERY10,DELIVERY8,0.00000000
1665.00000000,DELIVERY10,DELIVERY8,0.00000000
1666.00000000,DELIVERY10,DELIVERY8,0.00000000
1667.00000000,DELIVERY10,DELIVERY8,0.00000000
1668.00000000,DELIVERY10,DELIVERY8,0.00000000
1679.00000000,DELIVERY10,DELIVERY8,0.00000000
1680.00000000,DELIVERY10,DELIVERY8,0.00000000
1681.00000000,DELIVERY10,DELIVERY8,0.00000000
1682.00000000,DELIVERY10,DELIVERY8,0.00000000
1683.00000000,DELIVERY10,DELIVERY8,0.00000000
1684.00000000,DELIVERY10,DELIVERY8,0.00000000
1685.00000000,DELIVERY10,DELIVERY8,0.00000000
1686.00000000,DELIVERY10,DELIVERY8,0.00000000
1687.00000000,DELIVERY10,DELIVERY8,0.00000000
1688.00000000,DELIVERY10,DELIVERY8,0.00000000
1689.00000000,DELIVERY10,DELIVERY8,0.00000000
1690.00000000,DELIVERY10,DELIVERY8,0.00000000
1691.00000000,DELIVERY10,DELIVERY8,0.00000000
1692.00000000,DELIVERY10,DELIVERY8,0.00000000
1693.00000000,DELIVERY10,DELIVERY8,0.00000000
1694.00000000,DELIVERY10,DELIVERY8,0.00000000
1695.00000000,DELIVERY10,DELIVERY8,0.00000000
1696.00000000,DELIVERY10,DELIVERY8,0.00000000
1697.00000000,DELIVERY10,DELIVERY8,0.00000000
1698.00000000,DELIVERY10,DELIVERY8,0.00000000
1699.00000000,DELIVERY10,DELIVERY8,0.00000000
1700.00000000,DELIVERY10,DELIVERY8,0.00000000
1701.00000000,DELIVERY10,DELIVERY8,0.00000000
1702.00000000,DELIVERY10,DELIVERY8,0.00000000
1703.00000000,DELIVERY10,DELIVERY8,0.00000000
1704.00000000,DELIVERY10,DELIVERY8,0.00000000
1705.00000000,DELIVERY10,DELIVERY8,0.00000000
1706.00000000,DELIVERY10,DELIVERY8,0.00000000
1707.00000000,DELIVERY10,DELIVERY8,0.00000000
1708.00000000,DELIVERY10,DELIVERY8,0.00000000
1709.00000000,DELIVERY10,DELIVERY8,0.00000000
1710.00000000,DELIVERY10,DELIVERY8,0.00000000
1711.00000000,DELIVERY10,DELIVERY8,0.00000000
1712.00000000,DELIVERY10,DELIVERY8,0.00000000
1713.00000000,DELIVERY10,DELIVERY8,0.00000000
1714.00000000,DELIVERY10,DELIVERY8,0.00000000
1715.00000000,DELIVERY10,DELIVERY8,0.00000000
1716.00000000,DELIVERY10,DELIVERY8,0.00000000
1717.00000000,DELIVERY10,DELIVERY8,0.00000000
1718.00000000,DELIVERY10,DELIVERY8,0.00000000
1719.00000000,DELIVERY10,DELIVERY8,0.00000000
1720.00000000,DELIVERY10,DELIVERY8,0.00000000
1720.00000000,BACKGROUND86,DELIVERY7,0.22613413
1721.00000000,DELIVERY10,DELIVERY8,0.00000000
1722.00000000,DELIVERY10,DELIVERY8,0.00000000
1728.00000000,DELIVERY10,DELIVERY8,0.00000000
1729.00000000,DELIVERY10,DELIVERY8,0.00000000
1730.00000000,DELIVERY10,DELIVERY8,0.00000000
1731.00000000,DELIVERY10,DELIVERY8,0.00000000
1732.00000000,DELIVERY10,DELIVERY8,0.00000000
1733.00000000,DELIVERY10,DELIVERY8,0.00000000
1734.00000000,DELIVERY10,DELIVERY8,0.00000000
1735.00000000,DELIVERY10,DELIVERY8,0.00000000
1736.00000000,DELIVERY10,DELIVERY8,0.00000000
1737.00000000,DELIVERY10,DELIVERY8,0.00000000
1738.00000000,DELIVERY10,DELIVERY8,0.00000000
1739.00000000,DELIVERY10,DELIVERY8,0.00000000
1740.00000000,DELIVERY10,DELIVERY8,0.00000000
1741.00000000,DELIVERY10,DELIVERY8,0.00000000
1742.00000000,DELIVERY10,DELIVERY8,0.00000000
1743.00000000,DELIVERY10,DELIVERY8,0.00000000
1744.00000000,DELIVERY10,DELIVERY8,0.00000000
1745.00000000,DELIVERY10,DELIVERY8,0.00000000
1746.00000000,DELIVERY10,DELIVERY8,0.00000000
1747.00000000,DELIVERY10,DELIVERY8,0.00000000
1748.00000000,DELIVERY10,DELIVERY8,0.00000000
1749.00000000,DELIVERY10,DELIVERY8,0.00000000
1750.00000000,DELIVERY10,DELIVERY8,0.00000000
1751.00000000,DELIVERY10,DELIVERY8,0.00000000
1752.00000000,DELIVERY10,DELIVERY8,0.00000000
1753.00000000,DELIVERY10,DELIVERY8,0.00000000
1754.00000000,DELIVERY10,DELIVERY8,0.00000000
1755.00000000,DELIVERY10,DELIVERY8,0.00000000
1756.00000000,DELIVERY10,DELIVERY8,0.00000000
1757.00000000,DELIVERY10,DELIVERY8,0.00000000
1758.00000000,DELIVERY10,DELIVERY8,0.00000000
1759.00000000,DELIVERY10,DELIVERY8,0.07704592
1760.00000000,DELIVERY10,DELIVERY8,1.90038732
1761.00000000,DELIVERY10,DELIVERY8,1.90038732
1762.00000000,DELIVERY10,DELIVERY8,1.90038732
1763.00000000,DELIVERY10,DELIVERY8,1.90038732
1765.00000000,DELIVERY10,DELIVERY8,0.71528348
1885.00000000,BACKGROUND75,BACKGROUND93,0.00084094
2101.00000000,DELIVERY13,DELIVERY16,0.01165658
2102.00000000,DELIVERY13,DELIVERY16,0.39866822
2123.00000000,BACKGROUND104,DELIVERY8,0.02017076
2197.00000000,BACKGROUND106,BACKGROUND87,0.36286902
2294.00000000,BACKGROUND105,BACKGROUND87,0.01651092
2324.00000000,DELIVERY10,DELIVERY14,0.25661729
2324.00000000,DELIVERY13,DELIVERY16,0.49905464
2354.00000000,DELIVERY15,DELIVERY16,0.73118370
2355.00000000,DELIVERY15,DELIVERY16,1.68302203
2356.00000000,DELIVERY15,DELIVERY16,1.68302203
2357.00000000,DELIVERY15,DELIVERY16,1.68302203
2358.00000000,DELIVERY15,DELIVERY16,1.68302203
2359.00000000,DELIVERY15,DELIVERY16,1.68302203
2360.00000000,DELIVERY15,DELIVERY16,1.68302203
2361.00000000,DELIVERY15,DELIVERY16,1.68302203
2362.00000000,DELIVERY15,DELIVERY16,1.68302203
2363.00000000,DELIVERY15,DELIVERY16,1.68302203
2364.00000000,DELIVERY15,DELIVERY16,1.68302203
2369.00000000,DELIVERY15,DELIVERY16,0.74958107
2393.00000000,DELIVERY15,DELIVERY16,0.07121051
2397.00000000,DELIVERY13,DELIVERY15,0.82692092
2455.00000000,DELIVERY14,DELIVERY16,0.40734767
2470.00000000,BACKGROUND100,DELIVERY10,0.05847490
2547.00000000,BACKGROUND109,BACKGROUND116,0.22679566
2640.00000000,BACKGROUND135,DELIVERY18,1.12174123
2701.00000000,DELIVERY17,DELIVERY21,0.00000000
2702.00000000,DELIVERY17,DELIVERY21,0.00000000
2703.00000000,DELIVERY17,DELIVERY21,0.00000000
2704.00000000,DELIVERY17,DELIVERY21,0.00000000
2705.00000000,DELIVERY17,DELIVERY21,0.00000000
2706.00000000,DELIVERY17,DELIVERY21,0.00000000
2707.00000000,DELIVERY17,DELIVERY21,0.00000000
2708.00000000,DELIVERY17,DELIVERY21,0.00000000
2709.00000000,DELIVERY17,DELIVERY21,0.00000000
2710.00000000,DELIVERY17,DELIVERY21,0.00000000
2711.00000000,DELIVERY17,DELIVERY21,0.00000000
2712.00000000,DELIVERY17,DELIVERY21,0.00000000
2713.00000000,DELIVERY17,DELIVERY21,0.00000000
2714.00000000,DELIVERY17,DELIVERY21,0.00000000
2715.00000000,DELIVERY17,DELIVERY21,0.00000000
2716.00000000,DELIVERY17,DELIVERY21,0.00000000
2717.00000000,DELIVERY17,DELIVERY21,0.00000000
2718.00000000,DELIVERY17,DELIVERY21,0.00000000
2719.00000000,DELIVERY17,DELIVERY21,0.00000000
2720.00000000,DELIVERY17,DELIVERY21,0.00000000
2721.00000000,DELIVERY17,DELIVERY21,0.00000000
2722.00000000,DELIVERY17,DELIVERY21,0.00000000
2723.00000000,DELIVERY17,DELIVERY21,0.00000000
2724.00000000,DELIVERY17,DELIVERY21,0.00000000
2725.00000000,DELIVERY17,DELIVERY21,0.00000000
2726.00000000,DELIVERY17,DELIVERY21,0.00000000
2727.00000000,DELIVERY17,DELIVERY21,0.00000000
2728.00000000,DELIVERY17,DELIVERY21,0.00000000
2729.00000000,DELIVERY17,DELIVERY21,0.00000000
2730.00000000,DELIVERY17,DELIVERY21,0.00000000
2731.00000000,DELIVERY17,DELIVERY21,0.00000000
2732.00000000,DELIVERY17,DELIVERY21,0.00000000
2733.00000000,DELIVERY17,DELIVERY21,0.00000000
2734.00000000,DELIVERY17,DELIVERY21,0.00000000
2735.00000000,DELIVERY17,DELIVERY21,0.00000000
2736.00000000,DELIVERY17,DELIVERY21,0.00000000
2737.00000000,DELIVERY17,DELIVERY21,0.00000000
2738.00000000,DELIVERY17,DELIVERY21,0.00000000
2739.00000000,DELIVERY17,DELIVERY21,0.00000000
2740.00000000,DELIVERY17,DELIVERY21,0.00000000
2741.00000000,DELIVERY17,DELIVERY21,0.00000000
2742.00000000,DELIVERY17,DELIVERY21,0.00000000
2743.00000000,DELIVERY17,DELIVERY21,0.00000000
2744.00000000,DELIVERY17,DELIVERY21,0.00000000
2745.00000000,DELIVERY17,DELIVERY21,0.00000000
2746.00000000,DELIVERY17,DELIVERY21,0.00000000
2747.00000000,DELIVERY17,DELIVERY21,0.00000000
2748.00000000,DELIVERY17,DELIVERY21,0.00000000
2749.00000000,DELIVERY17,DELIVERY21,0.00000000
2750.00000000,DELIVERY17,DELIVERY21,0.00000000
2751.00000000,DELIVERY17,DELIVERY21,0.00000000
2752.00000000,DELIVERY17,DELIVERY21,0.00000000
2753.00000000,DELIVERY17,DELIVERY21,0.00000000
2754.00000000,DELIVERY17,DELIVERY21,0.00000000
2755.00000000,DELIVERY17,DELIVERY21,0.00000000
2756.00000000,DELIVERY17,DELIVERY21,0.00000000
2757.00000000,DELIVERY17,DELIVERY21,0.00000000
2758.00000000,DELIVERY17,DELIVERY21,0.00000000
2759.00000000,DELIVERY17,DELIVERY21,0.00000000
2760.00000000,DELIVERY17,DELIVERY21,0.00000000
2761.00000000,DELIVERY17,DELIVERY21,0.00000000
2762.00000000,DELIVERY17,DELIVERY21,0.00000000
2763.00000000,DELIVERY17,DELIVERY21,0.00000000
2764.00000000,DELIVERY17,DELIVERY21,0.00000000
2765.00000000,DELIVERY17,DELIVERY21,0.00000000
2766.00000000,DELIVERY17,DELIVERY21,0.00000000
2767.00000000,DELIVERY17,DELIVERY21,0.00000000
2768.00000000,DELIVERY17,DELIVERY21,0.00000000
2769.00000000,DELIVERY17,DELIVERY21,0.00000000
2770.00000000,DELIVERY17,DELIVERY21,0.00000000
2771.00000000,DELIVERY17,DELIVERY21,0.00000000
2772.00000000,DELIVERY17,DELIVERY21,0.00000000
2773.00000000,DELIVERY17,DELIVERY21,0.00000000
2774.00000000,DELIVERY17,DELIVERY21,0.00000000
2775.00000000,DELIVERY17,DELIVERY21,0.00000000
2776.00000000,DELIVERY17,DELIVERY21,0.00000000
2777.00000000,DELIVERY17,DELIVERY21,0.00000000
2778.00000000,DELIVERY17,DELIVERY21,0.00000000
2779.00000000,DELIVERY17,DELIVERY21,0.00000000
2780.00000000,DELIVERY17,DELIVERY21,0.00000000
2781.00000000,DELIVERY17,DELIVERY21,0.00000000
2782.00000000,DELIVERY17,DELIVERY21,0.00000000
2783.00000000,DELIVERY17,DELIVERY21,0.00000000
2784.00000000,DELIVERY17,DELIVERY21,0.00000000
2785.00000000,DELIVERY17,DELIVERY21,0.00000000
2786.00000000,DELIVERY17,DELIVERY21,0.00000000
2787.00000000,DELIVERY17,DELIVERY21,0.00000000
2788.00000000,DELIVERY17,DELIVERY21,0.00000000
2789.00000000,DELIVERY17,DELIVERY21,0.00000000
2790.00000000,DELIVERY17,DELIVERY21,0.00000000
2791.00000000,DELIVERY17,DELIVERY21,0.00000000
2792.00000000,DELIVERY17,DELIVERY21,0.00000000
2793.00000000,DELIVERY17,DELIVERY21,0.00000000
2794.00000000,DELIVERY17,DELIVERY21,0.00000000
2795.00000000,DELIVERY17,DELIVERY21,0.00000000
2796.00000000,DELIVERY17,DELIVERY21,0.00000000
2797.00000000,DELIVERY17,DELIVERY21,0.00000000
2798.00000000,DELIVERY17,DELIVERY21,0.00000000
2799.00000000,DELIVERY17,DELIVERY21,0.00000000
2800.00000000,DELIVERY17,DELIVERY21,0.00000000
2801.00000000,DELIVERY17,DELIVERY21,0.00000000
2802.00000000,DELIVERY17,DELIVERY21,0.00000000
2803.00000000,DELIVERY17,DELIVERY21,0.00000000
2804.00000000,DELIVERY17,DELIVERY21,0.00000000
2805.00000000,DELIVERY17,DELIVERY21,0.00000000
2806.00000000,DELIVERY17,DELIVERY21,0.00000000
2807.00000000,DELIVERY17,DELIVERY21,0.00000000
2808.00000000,DELIVERY17,DELIVERY21,0.00000000
2809.00000000,DELIVERY17,DELIVERY21,0.00000000
2810.00000000,DELIVERY17,DELIVERY21,0.00000000
2811.00000000,DELIVERY17,DELIVERY21,0.00000000
2812.00000000,DELIVERY17,DELIVERY21,0.00000000
2813.00000000,DELIVERY17,DELIVERY21,0.00000000
2814.00000000,DELIVERY17,DELIVERY21,0.00000000
2815.00000000,DELIVERY17,DELIVERY21,0.00000000
2816.00000000,DELIVERY17,DELIVERY21,0.00000000
2817.00000000,DELIVERY17,DELIVERY21,0.00000000
2818.00000000,DELIVERY17,DELIVERY21,0.00000000
2819.00000000,DELIVERY17,DELIVERY21,0.00000000
2820.00000000,DELIVERY17,DELIVERY21,0.00000000
2821.00000000,DELIVERY17,DELIVERY21,0.00000000
2822.00000000,DELIVERY17,DELIVERY21,0.00000000
2823.00000000,DELIVERY17,DELIVERY21,0.00000000
2824.00000000,DELIVERY17,DELIVERY21,0.00000000
2825.00000000,DELIVERY17,DELIVERY21,0.00000000
2826.00000000,DELIVERY17,DELIVERY21,0.00000000
2827.00000000,DELIVERY17,DELIVERY21,0.00000000
2828.00000000,DELIVERY17,DELIVERY21,0.00000000
2829.00000000,DELIVERY17,DELIVERY21,0.00000000
2830.00000000,DELIVERY17,DELIVERY21,0.00000000
2831.00000000,DELIVERY17,DELIVERY21,0.00000000
2832.00000000,DELIVERY17,DELIVERY21,0.00000000
2833.00000000,DELIVERY17,DELIVERY21,0.00000000
2834.00000000,DELIVERY17,DELIVERY21,0.00000000
2835.00000000,DELIVERY17,DELIVERY21,0.00000000
2836.00000000,DELIVERY17,DELIVERY21,0.00000000
2837.00000000,DELIVERY17,DELIVERY21,0.00000000
2838.00000000,DELIVERY17,DELIVERY21,0.00000000
2839.00000000,DELIVERY17,DELIVERY21,0.00000000
2840.00000000,DELIVERY17,DELIVERY21,0.00000000
2841.00000000,DELIVERY17,DELIVERY21,0.00000000
2842.00000000,DELIVERY17,DELIVERY21,0.00000000
2843.00000000,DELIVERY17,DELIVERY21,0.00000000
2844.00000000,DELIVERY17,DELIVERY21,0.00000000
2845.00000000,DELIVERY17,DELIVERY21,0.00000000
2846.00000000,DELIVERY17,DELIVERY21,0.00000000
2847.00000000,DELIVERY17,DELIVERY21,0.00000000
2848.00000000,DELIVERY17,DELIVERY21,0.00000000
2849.00000000,DELIVERY17,DELIVERY21,0.00000000
2850.00000000,DELIVERY17,DELIVERY21,0.00000000
2851.00000000,DELIVERY17,DELIVERY21,0.00000000
2852.00000000,DELIVERY17,DELIVERY21,0.00000000
2853.00000000,DELIVERY17,DELIVERY21,0.00000000
2854.00000000,DELIVERY17,DELIVERY21,0.00000000
2855.00000000,DELIVERY17,DELIVERY21,0.00000000
2856.00000000,DELIVERY17,DELIVERY21,0.00000000
2857.00000000,DELIVERY17,DELIVERY21,0.00000000
2858.00000000,DELIVERY17,DELIVERY21,0.00000000
2859.00000000,DELIVERY17,DELIVERY21,0.00000000
2860.00000000,DELIVERY17,DELIVERY21,0.00000000
2861.00000000,DELIVERY17,DELIVERY21,0.00000000
2862.00000000,DELIVERY17,DELIVERY21,0.00000000
2863.00000000,DELIVERY17,DELIVERY21,0.00000000
2864.00000000,DELIVERY17,DELIVERY21,0.00000000
2865.00000000,DELIVERY17,DELIVERY21,0.00000000
2866.00000000,DELIVERY17,DELIVERY21,0.00000000
2867.00000000,DELIVERY17,DELIVERY21,0.00000000
2868.00000000,DELIVERY17,DELIVERY21,0.00000000
2869.00000000,DELIVERY17,DELIVERY21,0.00000000
2870.00000000,DELIVERY17,DELIVERY21,0.00000000
2871.00000000,DELIVERY17,DELIVERY21,0.00000000
2872.00000000,DELIVERY17,DELIVERY21,0.00000000
2873.00000000,DELIVERY17,DELIVERY21,0.00000000
2874.00000000,DELIVERY17,DELIVERY21,0.00000000
2875.00000000,DELIVERY17,DELIVERY21,0.00000000
2876.00000000,DELIVERY17,DELIVERY21,0.00000000
2877.00000000,DELIVERY17,DELIVERY21,0.00000000
2878.00000000,DELIVERY17,DELIVERY21,0.00000000
2879.00000000,DELIVERY17,DELIVERY21,0.00000000
2880.00000000,DELIVERY17,DELIVERY21,0.00000000
2881.00000000,DELIVERY17,DELIVERY21,0.00000000
2882.00000000,DELIVERY17,DELIVERY21,0.00000000
2883.00000000,DELIVERY17,DELIVERY21,0.00000000
2884.00000000,DELIVERY17,DELIVERY21,0.00000000
2885.00000000,DELIVERY17,DELIVERY21,0.00000000
2886.00000000,DELIVERY17,DELIVERY21,0.00000000
2887.00000000,DELIVERY17,DELIVERY21,0.00000000
2888.00000000,DELIVERY17,DELIVERY21,0.00000000
2889.00000000,DELIVERY17,DELIVERY21,0.00000000
2890.00000000,DELIVERY17,DELIVERY21,0.00000000
2891.00000000,DELIVERY17,DELIVERY21,0.00000000
2892.00000000,DELIVERY17,DELIVERY21,0.00000000
2893.00000000,DELIVERY17,DELIVERY21,0.00000000
2894.00000000,DELIVERY17,DELIVERY21,0.00000000
2895.00000000,DELIVERY17,DELIVERY21,0.00000000
2896.00000000,DELIVERY17,DELIVERY21,0.00000000
2897.00000000,DELIVERY17,DELIVERY21,0.00000000
2898.00000000,DELIVERY17,DELIVERY21,0.00000000
2899.00000000,DELIVERY17,DELIVERY21,0.00000000
2900.00000000,DELIVERY17,DELIVERY21,0.00000000
2901.00000000,DELIVERY17,DELIVERY21,0.00000000
2902.00000000,DELIVERY17,DELIVERY21,0.00000000
2903.00000000,DELIVERY17,DELIVERY21,0.00000000
2904.00000000,DELIVERY17,DELIVERY21,0.00000000
2905.00000000,DELIVERY17,DELIVERY21,0.00000000
2906.00000000,DELIVERY17,DELIVERY21,0.00000000
2907.00000000,DELIVERY17,DELIVERY21,0.00000000
2908.00000000,DELIVERY17,DELIVERY21,0.00000000
2909.00000000,DELIVERY17,DELIVERY21,0.00000000
2910.00000000,DELIVERY17,DELIVERY21,0.00000000
2911.00000000,DELIVERY17,DELIVERY21,0.00000000
2912.00000000,DELIVERY17,DELIVERY21,0.00000000
2913.00000000,DELIVERY17,DELIVERY21,0.00000000
2914.00000000,DELIVERY17,DELIVERY21,0.00000000
2915.00000000,DELIVERY17,DELIVERY21,0.00000000
2916.00000000,DELIVERY17,DELIVERY21,0.00000000
2917.00000000,DELIVERY17,DELIVERY21,0.00000000
2918.00000000,DELIVERY17,DELIVERY21,0.00000000
2919.00000000,DELIVERY17,DELIVERY21,0.00000000
2920.00000000,DELIVERY17,DELIVERY21,0.00000000
2921.00000000,DELIVERY17,DELIVERY21,0.00000000
2922.00000000,DELIVERY17,DELIVERY21,0.00000000
2923.00000000,DELIVERY17,DELIVERY21,0.00000000
2924.00000000,DELIVERY17,DELIVERY21,0.00000000
2925.00000000,DELIVERY17,DELIVERY21,0.00000000
2926.00000000,DELIVERY17,DELIVERY21,0.00000000
2927.00000000,DELIVERY17,DELIVERY21,0.00000000
2928.00000000,DELIVERY17,DELIVERY21,0.00000000
2929.00000000,DELIVERY17,DELIVERY21,0.00000000
2930.00000000,DELIVERY17,DELIVERY21,0.00000000
2931.00000000,DELIVERY17,DELIVERY21,0.00000000
2932.00000000,DELIVERY17,DELIVERY21,0.00000000
2933.00000000,DELIVERY17,DELIVERY21,0.00000000
2934.00000000,DELIVERY17,DELIVERY21,0.00000000
2935.00000000,DELIVERY17,DELIVERY21,0.00000000
2936.00000000,DELIVERY17,DELIVERY21,0.00000000
2937.00000000,DELIVERY17,DELIVERY21,0.00000000
2938.00000000,DELIVERY17,DELIVERY21,0.00000000
2939.00000000,DELIVERY17,DELIVERY21,0.00000000
2940.00000000,DELIVERY17,DELIVERY21,0.00000000
2941.00000000,DELIVERY17,DELIVERY21,0.00000000
2942.00000000,DELIVERY17,DELIVERY21,0.00000000
2943.00000000,DELIVERY17,DELIVERY21,0.00000000
2944.00000000,DELIVERY17,DELIVERY21,0.00000000
2945.00000000,DELIVERY17,DELIVERY21,0.00000000
2946.00000000,DELIVERY17,DELIVERY21,0.00000000
2947.00000000,DELIVERY17,DELIVERY21,0.00000000
2948.00000000,DELIVERY17,DELIVERY21,0.00000000
2949.00000000,DELIVERY17,DELIVERY21,0.00000000
2950.00000000,DELIVERY17,DELIVERY21,0.00000000
2951.00000000,DELIVERY17,DELIVERY21,0.00000000
2952.00000000,DELIVERY17,DELIVERY21,0.00000000
2953.00000000,DELIVERY17,DELIVERY21,0.00000000
2954.00000000,DELIVERY17,DELIVERY21,0.00000000
2955.00000000,DELIVERY17,DELIVERY21,0.00000000
2956.00000000,DELIVERY17,DELIVERY21,0.00000000
2957.00000000,DELIVERY17,DELIVERY21,0.00000000
2958.00000000,DELIVERY17,DELIVERY21,0.00000000
2959.00000000,DELIVERY17,DELIVERY21,0.00000000
2960.00000000,DELIVERY17,DELIVERY21,0.00000000
2961.00000000,DELIVERY17,DELIVERY21,0.00000000
2962.00000000,DELIVERY17,DELIVERY21,0.00000000
2963.00000000,DELIVERY17,DELIVERY21,0.00000000
2964.00000000,DELIVERY17,DELIVERY21,0.00000000
2965.00000000,DELIVERY17,DELIVERY21,0.00000000
2966.00000000,DELIVERY17,DELIVERY21,0.00000000
2967.00000000,DELIVERY17,DELIVERY21,0.00000000
2968.00000000,DELIVERY17,DELIVERY21,0.00000000
2969.00000000,DELIVERY17,DELIVERY21,0.00000000
2970.00000000,DELIVERY17,DELIVERY21,0.00000000
2971.00000000,DELIVERY17,DELIVERY21,0.00000000
2972.00000000,DELIVERY17,DELIVERY21,0.00000000
2973.00000000,DELIVERY17,DELIVERY21,0.00000000
2974.00000000,DELIVERY17,DELIVERY21,0.00000000
2975.00000000,DELIVERY17,DELIVERY21,0.00000000
2976.00000000,DELIVERY17,DELIVERY21,0.00000000
2977.00000000,DELIVERY17,DELIVERY21,0.00000000
2978.00000000,DELIVERY17,DELIVERY21,0.00000000
2979.00000000,DELIVERY17,DELIVERY21,0.00000000
2980.00000000,DELIVERY17,DELIVERY21,0.00000000
2981.00000000,DELIVERY17,DELIVERY21,0.00000000
2982.00000000,DELIVERY17,DELIVERY21,0.00000000
2983.00000000,DELIVERY17,DELIVERY21,0.00000000
2984.00000000,DELIVERY17,DELIVERY21,0.00000000
2988.00000000,DELIVERY17,DELIVERY21,0.00000000
2989.00000000,DELIVERY17,DELIVERY21,0.01295095
3001.00000000,DELIVERY20,DELIVERY23,0.01165658
3002.00000000,DELIVERY20,DELIVERY23,0.39866822
3149.00000000,DELIVERY19,DELIVERY20,0.22098412
3153.00000000,DELIVERY19,DELIVERY23,0.29649815
3200.00000000,DELIVERY20,DELIVERY23,0.04760159
3201.00000000,DELIVERY20,DELIVERY23,0.04760159
3202.00000000,DELIVERY20,DELIVERY23,0.04760159
3203.00000000,DELIVERY20,DELIVERY23,0.04760159
3204.00000000,DELIVERY20,DELIVERY23,0.04760159
3205.00000000,DELIVERY20,DELIVERY23,0.04760159
3206.00000000,DELIVERY20,DELIVERY23,0.04760159
3207.00000000,DELIVERY20,DELIVERY23,0.04760159
3208.00000000,DELIVERY20,DELIVERY23,0.04760159
3295.00000000,DELIVERY23,DELIVERY24,1.76183207
3297.00000000,DELIVERY20,DELIVERY24,0.82692092
3301.00000000,DELIVERY22,DELIVERY26,0.00000000
3302.00000000,DELIVERY22,DELIVERY26,0.00000000
3303.00000000,DELIVERY22,DELIVERY26,0.00000000
3304.00000000,DELIVERY22,DELIVERY26,0.00000000
3305.00000000,DELIVERY22,DELIVERY26,0.00000000
3306.00000000,DELIVERY22,DELIVERY26,0.00000000
3307.00000000,DELIVERY22,DELIVERY26,0.00000000
3308.00000000,DELIVERY22,DELIVERY26,0.00000000
3309.00000000,DELIVERY22,DELIVERY26,0.00000000
3310.00000000,DELIVERY22,DELIVERY26,0.00000000
3311.00000000,DELIVERY22,DELIVERY26,0.00000000
3312.00000000,DELIVERY22,DELIVERY26,0.00000000
3313.00000000,DELIVERY22,DELIVERY26,0.00000000
3314.00000000,DELIVERY22,DELIVERY26,0.00000000
3315.00000000,DELIVERY22,DELIVERY26,0.00000000
3316.00000000,DELIVERY22,DELIVERY26,0.00000000
3317.00000000,DELIVERY22,DELIVERY26,0.00000000
3318.00000000,DELIVERY22,DELIVERY26,0.00000000
3319.00000000,DELIVERY22,DELIVERY26,0.00000000
3320.00000000,DELIVERY22,DELIVERY26,0.00000000
3321.00000000,DELIVERY22,DELIVERY26,0.00000000
3322.00000000,DELIVERY22,DELIVERY26,0.00000000
3323.00000000,DELIVERY22,DELIVERY26,0.00000000
3324.00000000,DELIVERY22,DELIVERY26,0.00000000
3325.00000000,DELIVERY22,DELIVERY26,0.00000000
3326.00000000,DELIVERY22,DELIVERY26,0.00000000
3327.00000000,DELIVERY22,DELIVERY26,0.00000000
3328.00000000,DELIVERY22,DELIVERY26,0.00000000
3329.00000000,DELIVERY22,DELIVERY26,0.00000000
3330.00000000,DELIVERY22,DELIVERY26,0.00000000
3331.00000000,DELIVERY22,DELIVERY26,0.00000000
3332.00000000,DELIVERY22,DELIVERY26,0.00000000
3333.00000000,DELIVERY22,DELIVERY26,0.00000000
3334.00000000,DELIVERY22,DELIVERY26,0.00000000
3335.00000000,DELIVERY22,DELIVERY26,0.00000000
3336.00000000,DELIVERY22,DELIVERY26,0.00000000
3337.00000000,DELIVERY22,DELIVERY26,0.00000000
3338.00000000,DELIVERY22,DELIVERY26,0.00000000
3339.00000000,DELIVERY22,DELIVERY26,0.00000000
3340.00000000,DELIVERY22,DELIVERY26,0.00000000
3341.00000000,DELIVERY22,DELIVERY26,0.00000000
3342.00000000,DELIVERY22,DELIVERY26,0.00000000
3343.00000000,DELIVERY22,DELIVERY26,0.00000000
3344.00000000,DELIVERY22,DELIVERY26,0.00000000
3345.00000000,DELIVERY22,DELIVERY26,0.00000000
3346.00000000,DELIVERY22,DELIVERY26,0.00000000
3347.00000000,DELIVERY22,DELIVERY26,0.00000000
3348.00000000,DELIVERY22,DELIVERY26,0.00000000
3349.00000000,DELIVERY22,DELIVERY26,0.00000000
3350.00000000,DELIVERY22,DELIVERY26,0.00000000
3351.00000000,DELIVERY22,DELIVERY26,0.00000000
3352.00000000,DELIVERY22,DELIVERY26,0.00000000
3353.00000000,DELIVERY22,DELIVERY26,0.00000000
3354.00000000,DELIVERY22,DELIVERY26,0.00000000
3355.00000000,DELIVERY22,DELIVERY26,0.00000000
3356.00000000,DELIVERY22,DELIVERY26,0.00000000
3357.00000000,DELIVERY22,DELIVERY26,0.00000000
3358.00000000,DELIVERY22,DELIVERY26,0.00000000
3359.00000000,DELIVERY22,DELIVERY26,0.00000000
3360.00000000,DELIVERY22,DELIVERY26,0.00000000
3361.00000000,DELIVERY22,DELIVERY26,0.00000000
3362.00000000,DELIVERY22,DELIVERY26,0.00000000
3363.00000000,DELIVERY22,DELIVERY26,0.00000000
3364.00000000,DELIVERY22,DELIVERY26,0.00000000
3365.00000000,DELIVERY22,DELIVERY26,0.00000000
3366.00000000,DELIVERY22,DELIVERY26,0.00000000
3367.00000000,DELIVERY22,DELIVERY26,0.00000000
3368.00000000,DELIVERY22,DELIVERY26,0.00000000
3369.00000000,DELIVERY22,DELIVERY26,0.00000000
3370.00000000,DELIVERY22,DELIVERY26,0.00000000
3371.00000000,DELIVERY22,DELIVERY26,0.00000000
3372.00000000,DELIVERY22,DELIVERY26,0.00000000
3373.00000000,DELIVERY22,DELIVERY26,0.00000000
3374.00000000,DELIVERY22,DELIVERY26,0.00000000
3375.00000000,DELIVERY22,DELIVERY26,0.00000000
3376.00000000,DELIVERY22,DELIVERY26,0.00000000
3377.00000000,DELIVERY22,DELIVERY26,0.00000000
3378.00000000,DELIVERY22,DELIVERY26,0.00000000
3379.00000000,DELIVERY22,DELIVERY26,0.00000000
3380.00000000,DELIVERY22,DELIVERY26,0.00000000
3381.00000000,DELIVERY22,DELIVERY26,0.00000000
3382.00000000,DELIVERY22,DELIVERY26,0.00000000
3383.00000000,DELIVERY22,DELIVERY26,0.00000000
3384.00000000,DELIVERY22,DELIVERY26,0.00000000
3385.00000000,DELIVERY22,DELIVERY26,0.00000000
3386.00000000,DELIVERY22,DELIVERY26,0.00000000
3387.00000000,DELIVERY22,DELIVERY26,0.00000000
3388.00000000,DELIVERY22,DELIVERY26,0.00000000
3389.00000000,DELIVERY22,DELIVERY26,0.00000000
3390.00000000,DELIVERY22,DELIVERY26,0.00000000
3391.00000000,DELIVERY22,DELIVERY26,0.00000000
3392.00000000,DELIVERY22,DELIVERY26,0.00000000
3393.00000000,DELIVERY22,DELIVERY26,0.00000000
3394.00000000,DELIVERY22,DELIVERY26,0.00000000
3395.00000000,DELIVERY22,DELIVERY26,0.00000000
3396.00000000,DELIVERY22,DELIVERY26,0.00000000
3397.00000000,DELIVERY22,DELIVERY26,0.00000000
3398.00000000,DELIVERY22,DELIVERY26,0.00000000
3399.00000000,DELIVERY22,DELIVERY26,0.00000000
3400.00000000,DELIVERY22,DELIVERY26,0.00000000
3401.00000000,DELIVERY22,DELIVERY26,0.00000000
3402.00000000,DELIVERY22,DELIVERY26,0.00000000
3403.00000000,DELIVERY22,DELIVERY26,0.00000000
3404.00000000,DELIVERY22,DELIVERY26,0.00000000
3405.00000000,DELIVERY22,DELIVERY26,0.00000000
3406.00000000,DELIVERY22,DELIVERY26,0.00000000
3407.00000000,DELIVERY22,DELIVERY26,0.00000000
3408.00000000,DELIVERY22,DELIVERY26,0.00000000
3409.00000000,DELIVERY22,DELIVERY26,0.00000000
3410.00000000,DELIVERY22,DELIVERY26,0.00000000
3411.00000000,DELIVERY22,DELIVERY26,0.00000000
3412.00000000,DELIVERY22,DELIVERY26,0.00000000
3415.00000000,DELIVERY22,DELIVERY26,0.00000000
3416.00000000,DELIVERY22,DELIVERY26,0.00000000
3417.00000000,DELIVERY22,DELIVERY26,0.00000000
3418.00000000,DELIVERY22,DELIVERY26,0.00000000
3419.00000000,DELIVERY22,DELIVERY26,0.00000000
3420.00000000,DELIVERY22,DELIVERY26,0.00000000
3421.00000000,DELIVERY22,DELIVERY26,0.00000000
3422.00000000,DELIVERY22,DELIVERY26,0.00000000
3423.00000000,DELIVERY22,DELIVERY26,0.00000000
3424.00000000,DELIVERY22,DELIVERY26,0.00000000
3425.00000000,DELIVERY22,DELIVERY26,0.00000000
3426.00000000,DELIVERY22,DELIVERY26,0.00000000
3427.00000000,DELIVERY22,DELIVERY26,0.00000000
3428.00000000,DELIVERY22,DELIVERY26,0.00000000
3429.00000000,DELIVERY22,DELIVERY26,0.00000000
3430.00000000,DELIVERY22,DELIVERY26,0.00000000
3431.00000000,DELIVERY22,DELIVERY26,0.00000000
3432.00000000,DELIVERY22,DELIVERY26,0.00000000
3433.00000000,DELIVERY22,DELIVERY26,0.00000000
3434.00000000,DELIVERY22,DELIVERY26,0.00000000
3435.00000000,DELIVERY22,DELIVERY26,0.00000000
3436.00000000,DELIVERY22,DELIVERY26,0.00000000
3437.00000000,DELIVERY22,DELIVERY26,0.00000000
3438.00000000,DELIVERY22,DELIVERY26,0.00000000
3439.00000000,DELIVERY22,DELIVERY26,0.00000000
3440.00000000,DELIVERY22,DELIVERY26,0.00000000
3441.00000000,DELIVERY22,DELIVERY26,0.00000000
3442.00000000,DELIVERY22,DELIVERY26,0.00000000
3443.00000000,DELIVERY22,DELIVERY26,0.00000000
3444.00000000,DELIVERY22,DELIVERY26,0.00000000
3445.00000000,DELIVERY22,DELIVERY26,0.00000000
3446.00000000,DELIVERY22,DELIVERY26,0.00000000
3447.00000000,DELIVERY22,DELIVERY26,0.00000000
3448.00000000,DELIVERY22,DELIVERY26,0.00000000
3449.00000000,DELIVERY22,DELIVERY26,0.00000000
3450.00000000,DELIVERY22,DELIVERY26,0.00000000
3451.00000000,DELIVERY22,DELIVERY26,0.00000000
3452.00000000,DELIVERY22,DELIVERY26,0.00000000
3453.00000000,DELIVERY22,DELIVERY26,0.00000000
3454.00000000,DELIVERY22,DELIVERY26,0.00000000
3455.00000000,DELIVERY22,DELIVERY26,0.00000000
3456.00000000,DELIVERY22,DELIVERY26,0.00000000
3457.00000000,DELIVERY22,DELIVERY26,0.00000000
3458.00000000,DELIVERY22,DELIVERY26,0.00000000
3459.00000000,DELIVERY22,DELIVERY26,0.00000000
3460.00000000,DELIVERY22,DELIVERY26,0.00000000
3461.00000000,DELIVERY22,DELIVERY26,0.00000000
3462.00000000,DELIVERY22,DELIVERY26,0.00000000
3463.00000000,DELIVERY22,DELIVERY26,0.00000000
3464.00000000,DELIVERY22,DELIVERY26,0.00000000
3465.00000000,DELIVERY22,DELIVERY26,0.00000000
3466.00000000,DELIVERY22,DELIVERY26,0.00000000
3477.00000000,DELIVERY22,DELIVERY26,0.00000000
3478.00000000,DELIVERY22,DELIVERY26,0.00000000
3479.00000000,DELIVERY22,DELIVERY26,0.00000000
3480.00000000,DELIVERY22,DELIVERY26,0.00000000
3481.00000000,DELIVERY22,DELIVERY26,0.00000000
3482.00000000,DELIVERY22,DELIVERY26,0.00000000
3483.00000000,DELIVERY22,DELIVERY26,0.00000000
3484.00000000,DELIVERY22,DELIVERY26,0.00000000
3485.00000000,DELIVERY22,DELIVERY26,0.00000000
3486.00000000,DELIVERY22,DELIVERY26,0.00000000
3487.00000000,DELIVERY22,DELIVERY26,0.00000000
3488.00000000,DELIVERY22,DELIVERY26,0.00000000
3489.00000000,DELIVERY22,DELIVERY26,0.00000000
3490.00000000,DELIVERY22,DELIVERY26,0.00000000
3491.00000000,DELIVERY22,DELIVERY26,0.00000000
3492.00000000,DELIVERY22,DELIVERY26,0.00000000
3493.00000000,DELIVERY22,DELIVERY26,0.00000000
3494.00000000,DELIVERY22,DELIVERY26,0.00000000
3495.00000000,DELIVERY22,DELIVERY26,0.00000000
3496.00000000,DELIVERY22,DELIVERY26,0.00000000
3497.00000000,DELIVERY22,DELIVERY26,0.00000000
3498.00000000,DELIVERY22,DELIVERY26,0.00000000
3499.00000000,DELIVERY22,DELIVERY26,0.00000000
3500.00000000,DELIVERY22,DELIVERY26,0.00000000
3501.00000000,DELIVERY22,DELIVERY26,0.00000000
3502.00000000,DELIVERY22,DELIVERY26,0.00000000
3503.00000000,DELIVERY22,DELIVERY26,0.00000000
3504.00000000,DELIVERY22,DELIVERY26,0.00000000
3505.00000000,DELIVERY22,DELIVERY26,0.00000000
3506.00000000,DELIVERY22,DELIVERY26,0.00000000
3507.00000000,DELIVERY22,DELIVERY26,0.00000000
3508.00000000,DELIVERY22,DELIVERY26,0.00000000
3509.00000000,DELIVERY22,DELIVERY26,0.00000000
3510.00000000,DELIVERY22,DELIVERY26,0.00000000
3511.00000000,DELIVERY22,DELIVERY26,0.00000000
3512.00000000,DELIVERY22,DELIVERY26,0.00000000
3513.00000000,DELIVERY22,DELIVERY26,0.00000000
3514.00000000,DELIVERY22,DELIVERY26,0.00000000
3515.00000000,DELIVERY22,DELIVERY26,0.00000000
3516.00000000,DELIVERY22,DELIVERY26,0.00000000
3517.00000000,DELIVERY22,DELIVERY26,0.00000000
3518.00000000,DELIVERY22,DELIVERY26,0.00000000
3519.00000000,DELIVERY22,DELIVERY26,0.00000000
3520.00000000,DELIVERY22,DELIVERY26,0.00000000
3521.00000000,DELIVERY22,DELIVERY26,0.00000000
3522.00000000,DELIVERY22,DELIVERY26,0.00000000
3523.00000000,DELIVERY22,DELIVERY26,0.00000000
3524.00000000,DELIVERY22,DELIVERY26,0.00000000
3525.00000000,DELIVERY22,DELIVERY26,0.00000000
3526.00000000,DELIVERY22,DELIVERY26,0.00000000
3527.00000000,DELIVERY22,DELIVERY26,0.00000000
3528.00000000,DELIVERY22,DELIVERY26,0.00000000
3529.00000000,DELIVERY22,DELIVERY26,0.00000000
3530.00000000,DELIVERY22,DELIVERY26,0.00000000
3531.00000000,DELIVERY22,DELIVERY26,0.00000000
3532.00000000,DELIVERY22,DELIVERY26,0.00000000
3533.00000000,DELIVERY22,DELIVERY26,0.00000000
3534.00000000,DELIVERY22,DELIVERY26,0.00000000
3535.00000000,DELIVERY22,DELIVERY26,0.00000000
3536.00000000,DELIVERY22,DELIVERY26,0.00000000
3537.00000000,DELIVERY22,DELIVERY26,0.00000000
3538.00000000,DELIVERY22,DELIVERY26,0.00000000
3539.00000000,DELIVERY22,DELIVERY26,0.00000000
3540.00000000,DELIVERY22,DELIVERY26,0.00000000
3541.00000000,DELIVERY22,DELIVERY26,0.00000000
3542.00000000,DELIVERY22,DELIVERY26,0.00000000
3549.00000000,DELIVERY22,DELIVERY26,0.00000000
3550.00000000,DELIVERY22,DELIVERY26,0.00000000
3551.00000000,DELIVERY22,DELIVERY26,0.00000000
3552.00000000,DELIVERY22,DELIVERY26,0.00000000
3553.00000000,DELIVERY22,DELIVERY26,0.00000000
3554.00000000,DELIVERY22,DELIVERY26,0.00000000
3555.00000000,DELIVERY22,DELIVERY26,0.00000000
3556.00000000,DELIVERY22,DELIVERY26,0.00000000
3557.00000000,DELIVERY22,DELIVERY26,0.00000000
3558.00000000,DELIVERY22,DELIVERY26,0.00000000
3559.00000000,DELIVERY22,DELIVERY26,0.00000000
3560.00000000,DELIVERY22,DELIVERY26,0.00000000
3561.00000000,DELIVERY22,DELIVERY26,0.00000000
3562.00000000,DELIVERY22,DELIVERY26,0.00000000
3563.00000000,DELIVERY22,DELIVERY26,0.00000000
3564.00000000,DELIVERY22,DELIVERY26,0.00000000
3565.00000000,DELIVERY22,DELIVERY26,0.00000000
3566.00000000,DELIVERY22,DELIVERY26,0.00000000
3567.00000000,DELIVERY22,DELIVERY26,0.00000000
3568.00000000,DELIVERY22,DELIVERY26,0.00000000
3569.00000000,DELIVERY22,DELIVERY26,0.00000000
3570.00000000,DELIVERY22,DELIVERY26,0.00000000
3571.00000000,DELIVERY22,DELIVERY26,0.00000000
3572.00000000,DELIVERY22,DELIVERY26,0.00000000
3573.00000000,DELIVERY22,DELIVERY26,0.00000000
3574.00000000,DELIVERY22,DELIVERY26,0.00000000
3575.00000000,DELIVERY22,DELIVERY26,0.00000000
3576.00000000,DELIVERY22,DELIVERY26,0.00000000
3577.00000000,DELIVERY22,DELIVERY26,0.00000000
3578.00000000,DELIVERY22,DELIVERY26,0.00000000
3579.00000000,DELIVERY22,DELIVERY26,0.00000000
3580.00000000,DELIVERY22,DELIVERY26,0.00000000
3581.00000000,DELIVERY22,DELIVERY26,0.00000000
3582.00000000,DELIVERY22,DELIVERY26,0.00000000
3583.00000000,DELIVERY22,DELIVERY26,0.00000000
3584.00000000,DELIVERY22,DELIVERY26,0.00000000
3585.00000000,DELIVERY22,DELIVERY26,0.00000000
3586.00000000,DELIVERY22,DELIVERY26,0.00000000
3587.00000000,DELIVERY22,DELIVERY26,0.00000000
3588.00000000,DELIVERY22,DELIVERY26,0.00000000
3589.00000000,DELIVERY22,DELIVERY26,0.00000000
3590.00000000,DELIVERY22,DELIVERY26,0.00000000
3591.00000000,DELIVERY22,DELIVERY26,0.00000000
3592.00000000,DELIVERY22,DELIVERY26,0.00000000
3593.00000000,DELIVERY22,DELIVERY26,0.00000000
3594.00000000,DELIVERY22,DELIVERY26,0.00000000
3595.00000000,DELIVERY22,DELIVERY26,0.00000000
3596.00000000,DELIVERY22,DELIVERY26,0.00000000
3597.00000000,DELIVERY22,DELIVERY26,0.00000000
3597.00000000,DELIVERY25,DELIVERY27,0.82692092
3598.00000000,DELIVERY22,DELIVERY26,0.00000000
3599.00000000,DELIVERY22,DELIVERY26,0.00000000
3600.00000000,DELIVERY22,DELIVERY26,0.00000000
3601.00000000,DELIVERY22,DELIVERY26,0.00000000
3601.00000000,DELIVERY28,DELIVERY32,0.00000000
3601.00000000,DELIVERY30,DELIVERY33,0.00000000
3601.00000000,DELIVERY29,DELIVERY31,0.00000000
