# FLIGHT LOG
# Takeoff, landing, and distance flown of each UAS.
# 
# Simulation Time [s], UAS, Takeoff/Landing, Distance [m]
# simt
1.05000000,DELIVERY1,takeoff,0
151.05000000,BACKGROUND1,takeoff,0
301.05000000,BACKGROUND2,takeoff,0
407.15000000,DELIVERY1,landing,4472.07316806
410.15000000,DELIVERY1,takeoff,0
451.05000000,BACKGROUND3,takeoff,0
600.05000000,DELIVERY2,takeoff,0
600.05000000,DELIVERY3,takeoff,0
601.05000000,BACKGROUND4,takeoff,0
684.25000000,BACKGROUND3,landing,3304.87558220
751.05000000,BACKGROUND5,takeoff,0
770.15000000,DELIVERY1,landing,4454.54573768
806.35000000,DELIVERY3,landing,1693.33987025
809.35000000,DELIVERY3,takeoff,0
884.45000000,DELIVERY2,landing,2650.77810408
887.45000000,DELIVERY2,takeoff,0
900.05000000,DELIVERY4,takeoff,0
900.05000000,DELIVERY5,takeoff,0
900.05000000,DELIVERY6,takeoff,0
901.05000000,BACKGROUND6,takeoff,0
970.20000000,BACKGROUND5,landing,2896.81199438
1012.85000000,DELIVERY3,landing,1677.60927077
1015.70000000,BACKGROUND2,landing,7211.00057696
1036.55000000,BACKGROUND4,landing,4878.72413939
1051.05000000,BACKGROUND7,takeoff,0
1090.90000000,DELIVERY2,landing,2642.72146535
1106.35000000,DELIVERY6,landing,1693.33987025
1109.35000000,DELIVERY6,takeoff,0
1148.60000000,BACKGROUND1,landing,5764.25763307
1184.45000000,DELIVERY4,landing,2650.77810408
1187.45000000,DELIVERY4,takeoff,0
1200.05000000,DELIVERY7,takeoff,0
1200.05000000,DELIVERY8,takeoff,0
1200.05000000,DELIVERY9,takeoff,0
1306.15000000,DELIVERY5,landing,4472.07316806
1309.15000000,DELIVERY5,takeoff,0
1312.85000000,DELIVERY6,landing,1677.60927077
1390.90000000,DELIVERY4,landing,2642.72146535
1406.35000000,DELIVERY9,landing,1693.33987025
1409.35000000,DELIVERY9,takeoff,0
1484.45000000,DELIVERY8,landing,2650.77810408
1487.45000000,DELIVERY8,takeoff,0
1495.40000000,BACKGROUND7,landing,4753.88174498
1500.05000000,DELIVERY10,takeoff,0
1500.05000000,DELIVERY11,takeoff,0
1500.05000000,DELIVERY12,takeoff,0
1501.05000000,BACKGROUND8,takeoff,0
1606.15000000,DELIVERY7,landing,4472.07316806
1609.15000000,DELIVERY7,takeoff,0
1612.85000000,DELIVERY9,landing,1677.60927077
1651.05000000,BACKGROUND9,takeoff,0
1669.15000000,DELIVERY5,landing,4454.54573768
1690.90000000,DELIVERY8,landing,2642.72146535
1706.35000000,DELIVERY11,landing,1693.33987025
1709.35000000,DELIVERY11,takeoff,0
1730.50000000,BACKGROUND8,landing,2850.52934448
1731.10000000,BACKGROUND6,landing,6909.86106218
1784.45000000,DELIVERY10,landing,2650.77810408
1787.45000000,DELIVERY10,takeoff,0
1800.05000000,DELIVERY13,takeoff,0
1800.05000000,DELIVERY14,takeoff,0
1800.05000000,DELIVERY15,takeoff,0
1801.05000000,BACKGROUND10,takeoff,0
1906.15000000,DELIVERY12,landing,4472.07316806
1909.15000000,DELIVERY12,takeoff,0
1912.85000000,DELIVERY11,landing,1677.60927077
1922.40000000,BACKGROUND10,landing,1466.02546723
1951.05000000,BACKGROUND11,takeoff,0
1969.15000000,DELIVERY7,landing,4454.54573768
1990.90000000,DELIVERY10,landing,2642.72146535
2001.45000000,BACKGROUND9,landing,3037.18858238
2006.35000000,DELIVERY15,landing,1693.33987025
2009.35000000,DELIVERY15,takeoff,0
2084.45000000,DELIVERY13,landing,2650.77810408
2087.45000000,DELIVERY13,takeoff,0
2100.05000000,DELIVERY16,takeoff,0
2100.05000000,DELIVERY17,takeoff,0
2100.05000000,DELIVERY18,takeoff,0
2101.05000000,BACKGROUND12,takeoff,0
2206.15000000,DELIVERY14,landing,4472.07316806
2209.15000000,DELIVERY14,takeoff,0
2212.85000000,DELIVERY15,landing,1677.60927077
2261.50000000,BACKGROUND11,landing,4589.05818490
2269.15000000,DELIVERY12,landing,4454.54573768
2290.90000000,DELIVERY13,landing,2642.72146535
2306.35000000,DELIVERY16,landing,1693.33987025
2309.35000000,DELIVERY16,takeoff,0
2343.55000000,BACKGROUND12,landing,2612.72100186
2384.45000000,DELIVERY18,landing,2650.77810408
2387.45000000,DELIVERY18,takeoff,0
2400.05000000,DELIVERY19,takeoff,0
2400.05000000,DELIVERY20,takeoff,0
2400.05000000,DELIVERY21,takeoff,0
2506.15000000,DELIVERY17,landing,4472.07316806
2509.15000000,DELIVERY17,takeoff,0
2512.85000000,DELIVERY16,landing,1677.60927077
2551.05000000,BACKGROUND13,takeoff,0
2569.15000000,DELIVERY14,landing,4454.54573768
2590.90000000,DELIVERY18,landing,2642.72146535
2606.35000000,DELIVERY21,landing,1693.33987025
2609.35000000,DELIVERY21,takeoff,0
2684.45000000,DELIVERY19,landing,2650.77810408
2687.45000000,DELIVERY19,takeoff,0
2700.05000000,DELIVERY22,takeoff,0
2700.05000000,DELIVERY23,takeoff,0
2700.05000000,DELIVERY24,takeoff,0
2701.05000000,BACKGROUND14,takeoff,0
2708.35000000,BACKGROUND13,landing,1382.52876052
2806.15000000,DELIVERY20,landing,4472.07316806
2809.15000000,DELIVERY20,takeoff,0
2812.85000000,DELIVERY21,landing,1677.60927077
2851.05000000,BACKGROUND15,takeoff,0
2869.15000000,DELIVERY17,landing,4454.54573768
2890.90000000,DELIVERY19,landing,2642.72146535
2906.35000000,DELIVERY22,landing,1693.33987025
2909.35000000,DELIVERY22,takeoff,0
2984.45000000,DELIVERY24,landing,2650.77810408
2987.45000000,DELIVERY24,takeoff,0
3000.05000000,DELIVERY25,takeoff,0
3000.05000000,DELIVERY26,takeoff,0
3000.05000000,DELIVERY27,takeoff,0
3001.05000000,BACKGROUND16,takeoff,0
3106.15000000,DELIVERY23,landing,4472.07316806
3109.15000000,DELIVERY23,takeoff,0
3112.85000000,DELIVERY22,landing,1677.60927077
3169.15000000,DELIVERY20,landing,4454.54573768
3190.90000000,DELIVERY24,landing,2642.72146535
3206.35000000,DELIVERY25,landing,1693.33987025
3209.35000000,DELIVERY25,takeoff,0
3284.45000000,DELIVERY26,landing,2650.77810408
3287.45000000,DELIVERY26,takeoff,0
3300.05000000,DELIVERY28,takeoff,0
3300.05000000,DELIVERY29,takeoff,0
3300.05000000,DELIVERY30,takeoff,0
3301.05000000,BACKGROUND17,takeoff,0
3365.25000000,BACKGROUND16,landing,3169.05469484
3406.15000000,DELIVERY27,landing,4472.07316806
3409.15000000,DELIVERY27,takeoff,0
3412.85000000,DELIVERY25,landing,1677.60927077
3451.05000000,BACKGROUND18,takeoff,0
3469.15000000,DELIVERY23,landing,4454.54573768
3477.05000000,BACKGROUND14,landing,3859.88090283
3490.90000000,DELIVERY26,landing,2642.72146535
3506.35000000,DELIVERY30,landing,1693.33987025
3509.35000000,DELIVERY30,takeoff,0
3584.45000000,DELIVERY29,landing,2650.77810408
3587.45000000,DELIVERY29,takeoff,0
3595.45000000,BACKGROUND15,landing,5511.55744230
3600.05000000,DELIVERY31,takeoff,0
3600.05000000,DELIVERY32,takeoff,0
3600.05000000,DELIVERY33,takeoff,0
