# FLIGHT LOG
# Takeoff, landing, and distance flown of each UAS.
# 
# Simulation Time [s], UAS, Takeoff/Landing, Distance [m]
# simt
8.05000000,BACKGROUND1,takeoff,0
15.05000000,BACKGROUND2,takeoff,0
22.05000000,BACKGROUND3,takeoff,0
29.05000000,BACKGROUND4,takeoff,0
36.05000000,BACKGROUND5,takeoff,0
44.05000000,BACKGROUND6,takeoff,0
58.05000000,BACKGROUND7,takeoff,0
60.05000000,SURVEILLANCE_TURKISH,takeoff,0
65.05000000,BACKGROUND8,takeoff,0
72.05000000,BACKGROUND9,takeoff,0
80.05000000,BACKGROUND10,takeoff,0
94.05000000,BACKGROUND12,takeoff,0
116.05000000,BACKGROUND14,takeoff,0
130.05000000,BACKGROUND15,takeoff,0
137.05000000,BACKGROUND16,takeoff,0
144.05000000,BACKGROUND17,takeoff,0
152.05000000,BACKGROUND18,takeoff,0
166.05000000,BACKGROUND19,takeoff,0
168.05000000,BACKGROUND13,takeoff,0
170.50000000,BACKGROUND5,landing,1728.79622309
180.05000000,BACKGROUND20,takeoff,0
180.05000000,SURVEILLANCE_LUFTHANSA,takeoff,0
181.05000000,SURVEILLANCEOP1,takeoff,0
181.05000000,SURVEILLANCEOP2,takeoff,0
181.05000000,SURVEILLANCEOP3,takeoff,0
188.05000000,BACKGROUND21,takeoff,0
195.05000000,BACKGROUND22,takeoff,0
207.05000000,BACKGROUND11,takeoff,0
209.05000000,BACKGROUND24,takeoff,0
216.05000000,BACKGROUND25,takeoff,0
224.05000000,BACKGROUND26,takeoff,0
238.05000000,BACKGROUND27,takeoff,0
240.05000000,SURVEILLANCE_EUROWINGS,takeoff,0
241.05000000,SURVEILLANCEOP4,takeoff,0
245.05000000,BACKGROUND28,takeoff,0
252.05000000,BACKGROUND29,takeoff,0
254.45000000,BACKGROUND7,landing,3057.95362576
259.05000000,BACKGROUND30,takeoff,0
267.05000000,BACKGROUND31,takeoff,0
271.30000000,BACKGROUND3,landing,2189.23795417
288.05000000,BACKGROUND34,takeoff,0
293.70000000,BACKGROUND1,landing,2735.63584888
300.05000000,BACKGROUND23,takeoff,0
300.05000000,BACKGROUND32,takeoff,0
300.05000000,BACKGROUND33,takeoff,0
300.30000000,BACKGROUND2,landing,3920.14088228
300.50000000,BACKGROUND9,landing,3217.86551566
300.50000000,BACKGROUND9,takeoff,0
300.50000000,BACKGROUND28,landing,740.77954879
300.50000000,BACKGROUND28,takeoff,0
300.90000000,BACKGROUND4,landing,811.90414367
300.90000000,BACKGROUND4,takeoff,0
301.50000000,BACKGROUND8,landing,3961.56750000
301.50000000,BACKGROUND8,takeoff,0
302.25000000,BACKGROUND15,landing,2816.09248552
302.25000000,BACKGROUND15,takeoff,0
302.85000000,BACKGROUND13,landing,1080.48790190
302.85000000,BACKGROUND13,takeoff,0
303.05000000,BACKGROUND35,takeoff,0
303.30000000,BACKGROUND18,landing,2323.22121718
303.30000000,BACKGROUND18,takeoff,0
303.70000000,BACKGROUND22,landing,1054.52945330
303.70000000,BACKGROUND22,takeoff,0
304.05000000,BACKGROUND19,landing,2106.84702473
304.05000000,BACKGROUND19,takeoff,0
304.55000000,BACKGROUND14,landing,1173.82027442
304.55000000,BACKGROUND14,takeoff,0
305.40000000,BACKGROUND24,landing,2095.52988969
305.40000000,BACKGROUND24,takeoff,0
305.45000000,BACKGROUND25,landing,1953.57756916
305.45000000,BACKGROUND25,takeoff,0
306.15000000,BACKGROUND20,landing,2339.47555798
306.15000000,BACKGROUND20,takeoff,0
307.10000000,BACKGROUND30,landing,773.97368921
307.10000000,BACKGROUND30,takeoff,0
307.40000000,BACKGROUND26,landing,975.57410647
307.40000000,BACKGROUND26,takeoff,0
307.95000000,BACKGROUND27,landing,968.55465044
307.95000000,BACKGROUND27,takeoff,0
308.15000000,BACKGROUND29,landing,950.88375000
308.15000000,BACKGROUND29,takeoff,0
308.35000000,BACKGROUND11,landing,1316.64843387
308.35000000,BACKGROUND11,takeoff,0
308.85000000,BACKGROUND34,landing,265.45598180
308.85000000,BACKGROUND34,takeoff,0
310.05000000,BACKGROUND36,takeoff,0
310.70000000,BACKGROUND21,landing,1636.50589049
310.70000000,BACKGROUND21,takeoff,0
312.50000000,BACKGROUND16,landing,1549.31137069
312.50000000,BACKGROUND16,takeoff,0
315.60000000,BACKGROUND31,landing,401.04041839
315.60000000,BACKGROUND31,takeoff,0
316.40000000,BACKGROUND6,landing,2138.80463929
316.40000000,BACKGROUND6,takeoff,0
316.90000000,BACKGROUND12,landing,3431.78362450
324.05000000,BACKGROUND38,takeoff,0
325.45000000,BACKGROUND17,landing,3583.37289813
347.90000000,BACKGROUND15,landing,349.64026543
367.05000000,BACKGROUND43,takeoff,0
375.05000000,BACKGROUND44,takeoff,0
382.05000000,BACKGROUND45,takeoff,0
386.10000000,BACKGROUND10,landing,3879.45299358
396.05000000,BACKGROUND47,takeoff,0
403.05000000,BACKGROUND48,takeoff,0
411.05000000,BACKGROUND49,takeoff,0
418.05000000,BACKGROUND50,takeoff,0
432.05000000,BACKGROUND51,takeoff,0
447.05000000,BACKGROUND53,takeoff,0
454.85000000,BACKGROUND9,landing,922.30842974
468.05000000,BACKGROUND55,takeoff,0
475.05000000,BACKGROUND56,takeoff,0
480.05000000,BACKGROUND42,takeoff,0
486.10000000,BACKGROUND20,landing,1618.57789654
487.90000000,BACKGROUND8,landing,1579.99139800
490.05000000,BACKGROUND57,takeoff,0
492.05000000,SURVEILLANCEOP5,takeoff,0
497.05000000,BACKGROUND58,takeoff,0
499.60000000,BACKGROUND11,landing,1073.34909484
510.05000000,SURVEILLANCE_EUROWINGS,landing,12076.79614886
514.25000000,BACKGROUND14,landing,834.52370181
521.65000000,BACKGROUND38,landing,1621.83705283
521.70000000,BACKGROUND29,landing,1681.27001953
526.05000000,BACKGROUND41,takeoff,0
526.25000000,BACKGROUND27,landing,1346.56543420
527.05000000,SURVEILLANCE_HELICOPTER,takeoff,0
547.05000000,BACKGROUND63,takeoff,0
558.70000000,BACKGROUND21,landing,1769.32793664
569.05000000,BACKGROUND66,takeoff,0
598.05000000,BACKGROUND70,takeoff,0
600.05000000,BACKGROUND60,takeoff,0
600.05000000,BACKGROUND64,takeoff,0
600.05000000,BACKGROUND65,takeoff,0
600.10000000,BACKGROUND51,landing,1745.61771711
600.10000000,BACKGROUND51,takeoff,0
600.40000000,BACKGROUND63,landing,573.20603519
600.40000000,BACKGROUND63,takeoff,0
600.85000000,BACKGROUND48,landing,1179.27518919
600.85000000,BACKGROUND48,takeoff,0
601.20000000,BACKGROUND25,landing,2549.76802641
601.20000000,BACKGROUND25,takeoff,0
603.25000000,BACKGROUND57,landing,1237.61930465
603.25000000,BACKGROUND57,takeoff,0
603.35000000,BACKGROUND49,landing,1513.45678111
603.35000000,BACKGROUND49,takeoff,0
603.35000000,BACKGROUND56,landing,1304.73213664
603.35000000,BACKGROUND56,takeoff,0
604.10000000,BACKGROUND41,landing,463.02140852
604.10000000,BACKGROUND41,takeoff,0
604.90000000,BACKGROUND31,landing,1475.63033363
604.90000000,BACKGROUND31,takeoff,0
605.90000000,BACKGROUND55,landing,2244.29924456
605.90000000,BACKGROUND55,takeoff,0
606.30000000,BACKGROUND42,landing,748.43841131
606.30000000,BACKGROUND42,takeoff,0
606.45000000,BACKGROUND32,landing,1576.81500949
606.45000000,BACKGROUND32,takeoff,0
607.25000000,BACKGROUND18,landing,1682.64675991
607.25000000,BACKGROUND18,takeoff,0
607.40000000,BACKGROUND24,landing,1554.51452910
607.40000000,BACKGROUND24,takeoff,0
608.10000000,BACKGROUND19,landing,3362.87331000
608.10000000,BACKGROUND19,takeoff,0
608.30000000,BACKGROUND50,landing,1822.43557431
608.30000000,BACKGROUND50,takeoff,0
608.60000000,BACKGROUND13,landing,2866.11122486
608.60000000,BACKGROUND13,takeoff,0
608.60000000,BACKGROUND47,landing,1368.56803014
609.70000000,BACKGROUND33,landing,2671.33214754
609.70000000,BACKGROUND33,takeoff,0
609.70000000,BACKGROUND6,landing,2010.97308709
609.70000000,BACKGROUND6,takeoff,0
613.90000000,BACKGROUND45,landing,2887.37943535
613.90000000,BACKGROUND45,takeoff,0
617.15000000,BACKGROUND16,landing,1442.12122972
617.50000000,BACKGROUND70,landing,76.28973580
617.50000000,BACKGROUND70,takeoff,0
619.05000000,BACKGROUND73,takeoff,0
622.05000000,BACKGROUND26,landing,2348.64197396
622.85000000,BACKGROUND22,landing,2531.25597207
622.85000000,BACKGROUND22,takeoff,0
626.55000000,BACKGROUND4,landing,1373.74910418
626.55000000,BACKGROUND4,takeoff,0
628.45000000,BACKGROUND58,landing,1419.96427193
634.05000000,BACKGROUND74,takeoff,0
641.75000000,BACKGROUND66,landing,755.43424183
641.75000000,BACKGROUND66,takeoff,0
647.25000000,BACKGROUND44,landing,1607.61369640
647.25000000,BACKGROUND44,takeoff,0
649.65000000,BACKGROUND36,landing,2107.60914463
649.65000000,BACKGROUND36,takeoff,0
653.05000000,BACKGROUND34,landing,2496.76912515
653.05000000,BACKGROUND34,takeoff,0
654.95000000,BACKGROUND30,landing,2202.78962932
657.20000000,BACKGROUND23,landing,2329.39336533
657.20000000,BACKGROUND23,takeoff,0
676.20000000,BACKGROUND35,landing,1857.99461026
676.20000000,BACKGROUND35,takeoff,0
681.40000000,BACKGROUND25,landing,406.81874873
684.05000000,BACKGROUND80,takeoff,0
687.05000000,BACKGROUND13,landing,916.25494556
693.35000000,SURVEILLANCE_HELICOPTER,landing,8844.59900772
698.05000000,BACKGROUND81,takeoff,0
707.00000000,BACKGROUND31,landing,764.24435823
709.95000000,BACKGROUND28,landing,3948.60570448
725.05000000,BACKGROUND71,takeoff,0
741.05000000,BACKGROUND87,takeoff,0
746.35000000,BACKGROUND63,landing,1684.40807621
749.05000000,BACKGROUND88,takeoff,0
751.65000000,BACKGROUND4,landing,882.84776417
778.75000000,BACKGROUND49,landing,1389.08958945
785.05000000,BACKGROUND92,takeoff,0
799.05000000,BACKGROUND94,takeoff,0
806.05000000,BACKGROUND95,takeoff,0
807.25000000,BACKGROUND6,landing,1339.58826415
808.30000000,BACKGROUND36,landing,941.20852124
809.50000000,BACKGROUND19,landing,1311.54716168
817.80000000,BACKGROUND34,landing,813.32163446
819.90000000,BACKGROUND35,landing,1134.61944436
822.45000000,BACKGROUND18,landing,1091.80381535
825.05000000,BACKGROUND82,takeoff,0
833.05000000,BACKGROUND83,takeoff,0
835.05000000,BACKGROUND76,takeoff,0
837.35000000,SURVEILLANCEOP2,landing,6208.56061897
842.05000000,BACKGROUND99,takeoff,0
866.80000000,BACKGROUND23,landing,1255.51467376
870.30000000,BACKGROUND45,landing,1900.77517154
879.15000000,BACKGROUND53,landing,3090.03038784
900.05000000,BACKGROUND75,takeoff,0
900.05000000,BACKGROUND77,takeoff,0
900.05000000,BACKGROUND85,takeoff,0
900.05000000,BACKGROUND104,takeoff,0
900.05000000,BACKGROUND106,takeoff,0
900.55000000,BACKGROUND95,landing,630.94098581
900.55000000,BACKGROUND95,takeoff,0
900.60000000,BACKGROUND56,landing,2339.29944153
900.60000000,BACKGROUND56,takeoff,0
901.00000000,BACKGROUND70,landing,2475.80783922
901.00000000,BACKGROUND70,takeoff,0
902.25000000,BACKGROUND41,landing,1788.58516872
902.25000000,BACKGROUND41,takeoff,0
903.30000000,BACKGROUND43,landing,3577.62607264
903.30000000,BACKGROUND43,takeoff,0
906.75000000,BACKGROUND42,landing,1974.84309786
906.75000000,BACKGROUND42,takeoff,0
907.05000000,BACKGROUND107,takeoff,0
907.95000000,BACKGROUND60,landing,1746.25635271
907.95000000,BACKGROUND60,takeoff,0
908.90000000,BACKGROUND88,landing,1824.20886702
908.90000000,BACKGROUND88,takeoff,0
909.25000000,BACKGROUND33,landing,1715.93165674
909.25000000,BACKGROUND33,takeoff,0
909.25000000,BACKGROUND99,landing,381.22395058
909.25000000,BACKGROUND99,takeoff,0
909.65000000,BACKGROUND32,landing,3209.27462830
909.65000000,BACKGROUND32,takeoff,0
909.70000000,BACKGROUND74,landing,1591.44189534
909.70000000,BACKGROUND74,takeoff,0
909.95000000,BACKGROUND73,landing,1505.04159951
909.95000000,BACKGROUND73,takeoff,0
911.95000000,BACKGROUND83,landing,331.97620678
911.95000000,BACKGROUND83,takeoff,0
912.00000000,BACKGROUND80,landing,1765.77861194
912.00000000,BACKGROUND80,takeoff,0
912.20000000,BACKGROUND66,landing,1829.54752439
912.20000000,BACKGROUND66,takeoff,0
913.75000000,BACKGROUND65,landing,1683.94388893
913.75000000,BACKGROUND65,takeoff,0
916.05000000,BACKGROUND87,landing,2202.30242188
916.05000000,BACKGROUND87,takeoff,0
916.45000000,BACKGROUND81,landing,2401.97669485
916.45000000,BACKGROUND81,takeoff,0
916.50000000,BACKGROUND55,landing,1835.42497987
917.90000000,BACKGROUND92,landing,1753.49303695
917.90000000,BACKGROUND92,takeoff,0
917.90000000,BACKGROUND82,landing,223.74743643
917.90000000,BACKGROUND82,takeoff,0
918.05000000,BACKGROUND76,landing,431.68033904
918.05000000,BACKGROUND76,takeoff,0
919.25000000,BACKGROUND71,landing,1054.80059959
919.25000000,BACKGROUND71,takeoff,0
922.30000000,SURVEILLANCEOP4,landing,6465.71768695
923.35000000,BACKGROUND48,landing,2203.24953158
923.35000000,BACKGROUND48,takeoff,0
926.45000000,SURVEILLANCEOP1,landing,7128.89862725
928.05000000,BACKGROUND110,takeoff,0
931.45000000,BACKGROUND51,landing,2206.52551947
935.70000000,BACKGROUND64,landing,1888.41215125
935.70000000,BACKGROUND64,takeoff,0
936.05000000,BACKGROUND111,takeoff,0
941.60000000,BACKGROUND22,landing,1610.85403889
941.60000000,BACKGROUND22,takeoff,0
950.05000000,BACKGROUND113,takeoff,0
964.05000000,BACKGROUND115,takeoff,0
974.05000000,BACKGROUND108,takeoff,0
976.60000000,BACKGROUND87,landing,408.97394835
986.05000000,BACKGROUND117,takeoff,0
989.80000000,BACKGROUND94,landing,1141.71640182
1000.05000000,BACKGROUND119,takeoff,0
1000.80000000,BACKGROUND50,landing,2182.56560054
1001.60000000,BACKGROUND56,landing,548.90977000
1003.05000000,BACKGROUND90,takeoff,0
1003.95000000,BACKGROUND66,landing,424.84102204
1006.60000000,BACKGROUND74,landing,578.58452199
1023.70000000,BACKGROUND57,landing,1976.84855613
1023.70000000,BACKGROUND57,takeoff,0
1024.75000000,SURVEILLANCEOP3,landing,8148.85479055
1029.05000000,BACKGROUND122,takeoff,0
1049.80000000,BACKGROUND22,landing,484.49987531
1065.05000000,BACKGROUND126,takeoff,0
1087.05000000,BACKGROUND128,takeoff,0
1100.80000000,BACKGROUND70,landing,1504.22986754
1104.05000000,BACKGROUND124,takeoff,0
1115.15000000,BACKGROUND33,landing,1226.43563660
1117.40000000,BACKGROUND81,landing,1434.26494938
1118.15000000,BACKGROUND92,landing,1224.05934202
1123.05000000,BACKGROUND133,takeoff,0
1125.05000000,BACKGROUND105,takeoff,0
1128.05000000,BACKGROUND98,takeoff,0
1130.05000000,BACKGROUND134,takeoff,0
1130.35000000,BACKGROUND43,landing,1706.25879098
1140.75000000,BACKGROUND107,landing,2223.45888026
1151.05000000,BACKGROUND136,takeoff,0
1152.30000000,BACKGROUND110,landing,1892.79159595
1159.05000000,BACKGROUND77,landing,1418.51018855
1179.95000000,BACKGROUND42,landing,3052.86480268
1193.70000000,SURVEILLANCEOP5,landing,6933.28287257
1195.05000000,BACKGROUND140,takeoff,0
1200.05000000,BACKGROUND86,takeoff,0
1200.05000000,BACKGROUND91,takeoff,0
1200.05000000,BACKGROUND102,takeoff,0
1200.05000000,BACKGROUND114,takeoff,0
1200.05000000,BACKGROUND116,takeoff,0
1200.05000000,BACKGROUND118,takeoff,0
1200.05000000,BACKGROUND112,takeoff,0
1200.05000000,BACKGROUND100,takeoff,0
1200.05000000,BACKGROUND85,landing,1988.44221779
1200.05000000,BACKGROUND85,takeoff,0
1200.35000000,BACKGROUND124,landing,324.19804231
1200.35000000,BACKGROUND124,takeoff,0
1200.40000000,BACKGROUND126,landing,951.82375252
1200.40000000,BACKGROUND126,takeoff,0
1201.45000000,BACKGROUND108,landing,1884.00548504
1201.45000000,BACKGROUND108,takeoff,0
1201.50000000,BACKGROUND136,landing,426.96642772
1201.50000000,BACKGROUND136,takeoff,0
1202.10000000,BACKGROUND133,landing,767.71452533
1202.10000000,BACKGROUND133,takeoff,0
1202.85000000,BACKGROUND106,landing,2705.52071641
1202.85000000,BACKGROUND106,takeoff,0
1203.70000000,BACKGROUND119,landing,2172.61020043
1203.70000000,BACKGROUND119,takeoff,0
1203.75000000,BACKGROUND98,landing,447.80548751
1203.75000000,BACKGROUND98,takeoff,0
1205.55000000,BACKGROUND32,landing,1860.35996424
1207.80000000,BACKGROUND83,landing,1718.47127501
1207.80000000,BACKGROUND83,takeoff,0
1208.45000000,BACKGROUND73,landing,1792.57691557
1208.45000000,BACKGROUND73,takeoff,0
1209.05000000,BACKGROUND142,takeoff,0
1209.35000000,BACKGROUND128,landing,424.38532727
1209.35000000,BACKGROUND128,takeoff,0
1209.55000000,BACKGROUND117,landing,1286.95205699
1209.55000000,BACKGROUND117,takeoff,0
1211.60000000,BACKGROUND105,landing,514.20958459
1211.60000000,BACKGROUND105,takeoff,0
1215.25000000,BACKGROUND122,landing,1105.97828867
1215.25000000,BACKGROUND122,takeoff,0
1215.40000000,BACKGROUND71,landing,2423.40363267
1215.40000000,BACKGROUND71,takeoff,0
1215.55000000,BACKGROUND64,landing,1755.91336073
1215.55000000,BACKGROUND64,takeoff,0
1216.05000000,BACKGROUND143,takeoff,0
1218.10000000,BACKGROUND76,landing,2087.41344544
1219.95000000,BACKGROUND115,landing,1242.42394335
1219.95000000,BACKGROUND115,takeoff,0
1222.55000000,BACKGROUND82,landing,1931.56324343
1222.55000000,BACKGROUND82,takeoff,0
1223.30000000,BACKGROUND134,landing,481.26216432
1223.30000000,BACKGROUND134,takeoff,0
1226.05000000,BACKGROUND99,landing,2147.41917237
1226.05000000,BACKGROUND99,takeoff,0
1226.05000000,BACKGROUND90,landing,1261.12705041
1226.05000000,BACKGROUND90,takeoff,0
1228.40000000,BACKGROUND88,landing,2336.40412589
1228.40000000,BACKGROUND88,takeoff,0
1229.70000000,BACKGROUND57,landing,1203.32882172
1234.75000000,BACKGROUND60,landing,2547.53688457
1234.75000000,BACKGROUND60,takeoff,0
1235.90000000,BACKGROUND140,landing,120.01986144
1235.90000000,BACKGROUND140,takeoff,0
1247.40000000,BACKGROUND48,landing,1794.06271451
1248.85000000,BACKGROUND75,landing,2149.05214975
1248.85000000,BACKGROUND75,takeoff,0
1255.15000000,BACKGROUND65,landing,2119.90183164
1263.20000000,BACKGROUND104,landing,2446.95665781
1263.60000000,BACKGROUND95,landing,2159.59577426
1263.60000000,BACKGROUND95,takeoff,0
1263.70000000,BACKGROUND111,landing,1983.20661935
1263.70000000,BACKGROUND111,takeoff,0
1274.05000000,BACKGROUND150,takeoff,0
1281.05000000,BACKGROUND151,takeoff,0
1303.05000000,BACKGROUND153,takeoff,0
1310.05000000,BACKGROUND154,takeoff,0
1315.25000000,BACKGROUND113,landing,2838.51660168
1317.05000000,BACKGROUND155,takeoff,0
1331.05000000,BACKGROUND157,takeoff,0
1333.50000000,BACKGROUND108,landing,1565.69138541
1339.05000000,BACKGROUND158,takeoff,0
1339.05000000,BACKGROUND137,takeoff,0
1346.05000000,BACKGROUND159,takeoff,0
1346.05000000,BACKGROUND138,takeoff,0
1358.15000000,BACKGROUND88,landing,642.18090513
1374.05000000,BACKGROUND163,takeoff,0
1382.05000000,BACKGROUND164,takeoff,0
1388.40000000,BACKGROUND90,landing,969.52843426
1396.05000000,BACKGROUND166,takeoff,0
1406.50000000,BACKGROUND99,landing,1311.59510608
1410.05000000,BACKGROUND167,takeoff,0
1418.05000000,BACKGROUND146,takeoff,0
1446.15000000,BACKGROUND64,landing,1404.76329825
1449.05000000,BACKGROUND165,takeoff,0
1454.05000000,BACKGROUND173,takeoff,0
1468.05000000,BACKGROUND175,takeoff,0
1475.05000000,BACKGROUND176,takeoff,0
1480.05000000,BACKGROUND161,takeoff,0
1482.05000000,BACKGROUND177,takeoff,0
1485.05000000,BACKGROUND169,takeoff,0
1486.80000000,BACKGROUND60,landing,1514.16361860
1492.05000000,BACKGROUND170,takeoff,0
1497.15000000,BACKGROUND80,landing,2557.49055472
1499.05000000,BACKGROUND171,takeoff,0
1499.40000000,BACKGROUND75,landing,1501.76197118
1500.05000000,BACKGROUND121,takeoff,0
1500.05000000,BACKGROUND123,takeoff,0
1500.05000000,BACKGROUND127,takeoff,0
1500.05000000,BACKGROUND129,takeoff,0
1500.05000000,BACKGROUND131,takeoff,0
1500.05000000,BACKGROUND135,takeoff,0
1500.05000000,BACKGROUND137,landing,928.13002794
1500.05000000,BACKGROUND137,takeoff,0
1502.20000000,BACKGROUND154,landing,1488.89622098
1502.20000000,BACKGROUND154,takeoff,0
1502.25000000,BACKGROUND170,landing,98.03697326
1502.25000000,BACKGROUND170,takeoff,0
1503.15000000,BACKGROUND136,landing,2722.99118376
1503.15000000,BACKGROUND136,takeoff,0
1503.50000000,BACKGROUND166,landing,533.69707593
1503.50000000,BACKGROUND166,takeoff,0
1504.05000000,BACKGROUND180,takeoff,0
1504.15000000,BACKGROUND73,landing,2190.40418729
1504.15000000,BACKGROUND73,takeoff,0
1504.15000000,BACKGROUND71,landing,1593.78344759
1504.50000000,BACKGROUND100,landing,1754.43277652
1504.50000000,BACKGROUND100,takeoff,0
1505.55000000,BACKGROUND173,landing,587.31903407
1505.55000000,BACKGROUND173,takeoff,0
1506.35000000,BACKGROUND177,landing,139.17087826
1506.35000000,BACKGROUND177,takeoff,0
1507.05000000,BACKGROUND105,landing,1371.48931068
1507.05000000,BACKGROUND105,takeoff,0
1507.15000000,BACKGROUND153,landing,1541.07674856
1507.15000000,BACKGROUND153,takeoff,0
1507.30000000,BACKGROUND138,landing,1231.09661227
1507.30000000,BACKGROUND138,takeoff,0
1507.45000000,BACKGROUND133,landing,3119.26856042
1507.45000000,BACKGROUND133,takeoff,0
1508.55000000,BACKGROUND140,landing,1766.43712745
1508.55000000,BACKGROUND140,takeoff,0
1508.65000000,BACKGROUND142,landing,2669.52674643
1508.65000000,BACKGROUND142,takeoff,0
1508.90000000,BACKGROUND143,landing,2207.11090285
1508.90000000,BACKGROUND143,takeoff,0
1509.00000000,BACKGROUND164,landing,716.91267709
1509.00000000,BACKGROUND164,takeoff,0
1509.05000000,BACKGROUND167,landing,362.60969956
1509.05000000,BACKGROUND167,takeoff,0
1509.90000000,BACKGROUND171,landing,58.20722847
1509.90000000,BACKGROUND171,takeoff,0
1511.00000000,BACKGROUND150,landing,1263.46513186
1511.00000000,BACKGROUND150,takeoff,0
1511.55000000,BACKGROUND176,landing,179.25033286
1511.55000000,BACKGROUND176,takeoff,0
1511.85000000,BACKGROUND146,landing,557.20673586
1511.85000000,BACKGROUND146,takeoff,0
1513.80000000,BACKGROUND119,landing,1913.64183119
1513.80000000,BACKGROUND119,takeoff,0
1513.95000000,BACKGROUND157,landing,1015.53076260
1513.95000000,BACKGROUND157,takeoff,0
1515.20000000,BACKGROUND159,landing,1012.84877917
1515.20000000,BACKGROUND159,takeoff,0
1516.45000000,BACKGROUND106,landing,2245.74848485
1516.45000000,BACKGROUND106,takeoff,0
1516.65000000,BACKGROUND116,landing,1866.39489923
1516.65000000,BACKGROUND116,takeoff,0
1517.05000000,BACKGROUND175,landing,210.45001287
1517.05000000,BACKGROUND175,takeoff,0
1518.75000000,BACKGROUND158,landing,835.37773364
1518.75000000,BACKGROUND158,takeoff,0
1519.20000000,BACKGROUND118,landing,1347.42021211
1519.95000000,BACKGROUND163,landing,690.88469251
1519.95000000,BACKGROUND163,takeoff,0
1522.00000000,BACKGROUND165,landing,333.09235141
1522.00000000,BACKGROUND165,takeoff,0
1522.15000000,BACKGROUND117,landing,1224.41193061
1522.15000000,BACKGROUND117,takeoff,0
1522.55000000,BACKGROUND124,landing,2156.45059598
1522.55000000,BACKGROUND124,takeoff,0
1522.60000000,BACKGROUND128,landing,1888.16630906
1522.60000000,BACKGROUND128,takeoff,0
1524.85000000,BACKGROUND102,landing,1817.73299341
1524.85000000,BACKGROUND102,takeoff,0
1526.55000000,BACKGROUND85,landing,1799.38225625
1526.55000000,BACKGROUND85,takeoff,0
1528.70000000,BACKGROUND114,landing,2905.25058363
1528.70000000,BACKGROUND114,takeoff,0
1532.15000000,BACKGROUND83,landing,1867.67870829
1532.15000000,BACKGROUND83,takeoff,0
1532.25000000,BACKGROUND95,landing,1553.48742142
1532.25000000,BACKGROUND95,takeoff,0
1533.20000000,BACKGROUND169,landing,249.64316513
1533.20000000,BACKGROUND169,takeoff,0
1534.45000000,BACKGROUND155,landing,1299.09420462
1534.45000000,BACKGROUND155,takeoff,0
1537.55000000,BACKGROUND112,landing,1888.41656897
1537.55000000,BACKGROUND112,takeoff,0
1547.05000000,BACKGROUND185,takeoff,0
1550.70000000,BACKGROUND111,landing,1366.21191009
1550.70000000,BACKGROUND111,takeoff,0
1552.40000000,BACKGROUND161,landing,427.67974860
1552.40000000,BACKGROUND161,takeoff,0
1555.20000000,BACKGROUND115,landing,2006.72217287
1555.20000000,BACKGROUND115,takeoff,0
1558.90000000,BACKGROUND98,landing,2072.83413570
1560.40000000,BACKGROUND151,landing,1281.57791744
1560.40000000,BACKGROUND151,takeoff,0
1564.05000000,BACKGROUND156,takeoff,0
1567.05000000,BACKGROUND149,takeoff,0
1567.90000000,BACKGROUND85,landing,243.02071526
1573.65000000,BACKGROUND134,landing,1742.10222897
1583.05000000,BACKGROUND189,takeoff,0
1585.95000000,BACKGROUND95,landing,256.84936345
1588.25000000,BACKGROUND122,landing,1602.50819374
1610.05000000,BACKGROUND178,takeoff,0
1612.05000000,BACKGROUND192,takeoff,0
1613.65000000,BACKGROUND83,landing,1415.26625000
1615.45000000,BACKGROUND105,landing,610.35480715
1619.05000000,BACKGROUND193,takeoff,0
1622.05000000,BACKGROUND187,takeoff,0
1626.05000000,BACKGROUND194,takeoff,0
1630.15000000,BACKGROUND115,landing,344.29048285
1631.95000000,BACKGROUND126,landing,2731.84207922
1632.05000000,BACKGROUND73,landing,771.51253764
1633.05000000,BACKGROUND195,takeoff,0
1634.90000000,BACKGROUND140,landing,633.59370764
1641.05000000,BACKGROUND196,takeoff,0
1653.05000000,BACKGROUND160,takeoff,0
1660.05000000,BACKGROUND184,takeoff,0
1677.05000000,BACKGROUND179,takeoff,0
1677.15000000,BACKGROUND157,landing,975.44709555
1683.40000000,BACKGROUND117,landing,1235.63382496
1684.05000000,BACKGROUND202,takeoff,0
1695.40000000,BACKGROUND150,landing,959.01869181
1697.50000000,BACKGROUND159,landing,1696.20928519
1734.05000000,BACKGROUND209,takeoff,0
1747.15000000,BACKGROUND111,landing,1377.78689071
1763.05000000,BACKGROUND212,takeoff,0
1770.05000000,BACKGROUND213,takeoff,0
1773.05000000,BACKGROUND206,takeoff,0
1777.05000000,BACKGROUND214,takeoff,0
1777.05000000,BACKGROUND191,takeoff,0
1777.75000000,BACKGROUND82,landing,2391.96279089
1779.25000000,BACKGROUND114,landing,1794.90247814
1780.05000000,BACKGROUND207,takeoff,0
1782.05000000,BACKGROUND199,takeoff,0
1791.55000000,BACKGROUND135,landing,1675.83411910
1794.05000000,BACKGROUND186,takeoff,0
1800.05000000,BACKGROUND109,takeoff,0
1800.05000000,BACKGROUND79,takeoff,0
1800.05000000,BACKGROUND130,takeoff,0
1800.05000000,BACKGROUND132,takeoff,0
1800.05000000,BACKGROUND139,takeoff,0
1800.05000000,BACKGROUND145,takeoff,0
1800.05000000,BACKGROUND147,takeoff,0
1800.05000000,BACKGROUND168,takeoff,0
1800.05000000,BACKGROUND188,takeoff,0
1800.05000000,BACKGROUND190,takeoff,0
1800.05000000,BACKGROUND181,takeoff,0
1800.05000000,BACKGROUND198,takeoff,0
1800.05000000,BACKGROUND208,takeoff,0
1800.05000000,BACKGROUND210,takeoff,0
1800.05000000,BACKGROUND211,takeoff,0
1800.05000000,BACKGROUND215,takeoff,0
1800.20000000,BACKGROUND138,landing,1753.15169280
1800.20000000,BACKGROUND138,takeoff,0
1800.90000000,BACKGROUND136,landing,2264.86932865
1800.90000000,BACKGROUND136,takeoff,0
1800.90000000,BACKGROUND102,landing,1657.40947698
1800.90000000,BACKGROUND102,takeoff,0
