# CONFLICTS LOG
# Start and end of all conflicts
# 
# Simulation Time [s], UAS1, UAS2, Start/End
# simt
181.00000000,BACKGROUND14,SURVEILLANCE_LUFTHANSA,start
204.00000000,BACKGROUND14,SURVEILLANCE_LUFTHANSA,end
227.00000000,SURVEILLANCEOP1,SURVEILLANCE_LUFTHANSA,start
241.00000000,SURVEILLANCEOP1,SURVEILLANCE_LUFTHANSA,end
296.00000000,BACKGROUND15,SURVEILLANCE_EUROWINGS,start
299.00000000,BACKGROUND37,SURVEILLANCE_EUROWINGS,start
317.00000000,BACKGROUND37,SURVEILLANCE_EUROWINGS,end
318.00000000,BACKGROUND15,SURVEILLANCE_EUROWINGS,end
356.00000000,BACKGROUND18,SURVEILLANCE_EUROWINGS,start
364.00000000,BACKGROUND27,BACKGROUND7,start
366.00000000,BACKGROUND27,BACKGROUND7,end
378.00000000,BACKGROUND18,SURVEILLANCE_EUROWINGS,end
416.00000000,BACKGROUND27,BACKGROUND7,start
562.00000000,BACKGROUND27,BACKGROUND7,end
583.00000000,SURVEILLANCEOP3,SURVEILLANCE_HELICOPTER,start
585.00000000,SURVEILLANCEOP3,SURVEILLANCE_HELICOPTER,end
603.00000000,SURVEILLANCEOP4,SURVEILLANCEOP5,start
607.00000000,SURVEILLANCEOP4,SURVEILLANCEOP5,end
651.00000000,BACKGROUND37,BACKGROUND40,start
658.00000000,BACKGROUND37,BACKGROUND40,end
760.00000000,BACKGROUND20,BACKGROUND39,start
761.00000000,BACKGROUND20,BACKGROUND39,end
766.00000000,BACKGROUND20,BACKGROUND39,start
771.00000000,BACKGROUND20,BACKGROUND39,end
778.00000000,BACKGROUND44,BACKGROUND58,start
781.00000000,BACKGROUND44,BACKGROUND58,end
825.00000000,BACKGROUND51,BACKGROUND79,start
829.00000000,BACKGROUND51,BACKGROUND79,end
833.00000000,BACKGROUND34,BACKGROUND76,start
833.00000000,BACKGROUND51,BACKGROUND79,start
835.00000000,BACKGROUND51,BACKGROUND79,end
836.00000000,BACKGROUND34,BACKGROUND76,end
838.00000000,BACKGROUND34,BACKGROUND76,start
843.00000000,BACKGROUND34,BACKGROUND76,end
852.00000000,BACKGROUND39,BACKGROUND80,start
855.00000000,BACKGROUND39,BACKGROUND80,end
1029.00000000,BACKGROUND116,BACKGROUND88,start
1030.00000000,BACKGROUND116,BACKGROUND88,end
1186.00000000,BACKGROUND104,BACKGROUND111,start
1187.00000000,BACKGROUND104,BACKGROUND111,end
1192.00000000,BACKGROUND104,BACKGROUND111,start
1197.00000000,BACKGROUND104,BACKGROUND111,end
1258.00000000,BACKGROUND111,BACKGROUND119,start
1263.00000000,BACKGROUND111,BACKGROUND119,end
1299.00000000,BACKGROUND132,BACKGROUND84,start
1304.00000000,BACKGROUND132,BACKGROUND84,end
1377.00000000,BACKGROUND101,BACKGROUND91,start
1382.00000000,BACKGROUND101,BACKGROUND91,end
1405.00000000,BACKGROUND101,BACKGROUND91,start
1415.00000000,BACKGROUND108,BACKGROUND87,start
1419.00000000,BACKGROUND108,BACKGROUND87,end
1423.00000000,BACKGROUND127,BACKGROUND146,start
1428.00000000,BACKGROUND127,BACKGROUND146,end
1444.00000000,BACKGROUND101,BACKGROUND91,end
1472.00000000,BACKGROUND137,BACKGROUND139,start
1475.00000000,BACKGROUND139,BACKGROUND158,start
1475.00000000,BACKGROUND137,BACKGROUND139,end
1480.00000000,BACKGROUND139,BACKGROUND158,end
1801.00000000,BACKGROUND128,BACKGROUND211,start
