# FLIGHT LOG
# Takeoff, landing, and distance flown of each UAS.
# 
# Simulation Time [s], UAS, Takeoff/Landing, Distance [m]
# simt
8.05000000,BACKGROUND1,takeoff,0
15.05000000,BACKGROUND2,takeoff,0
22.05000000,BACKGROUND3,takeoff,0
29.05000000,BACKGROUND4,takeoff,0
36.05000000,BACKGROUND5,takeoff,0
44.05000000,BACKGROUND6,takeoff,0
51.05000000,BACKGROUND7,takeoff,0
58.05000000,BACKGROUND8,takeoff,0
60.05000000,SURVEILLANCE_TURKISH,takeoff,0
65.05000000,BACKGROUND9,takeoff,0
80.05000000,BACKGROUND11,takeoff,0
87.05000000,BACKGROUND12,takeoff,0
94.05000000,BACKGROUND13,takeoff,0
123.05000000,BACKGROUND17,takeoff,0
132.30000000,BACKGROUND6,landing,1169.47330748
152.05000000,BACKGROUND20,takeoff,0
166.05000000,BACKGROUND22,takeoff,0
173.05000000,BACKGROUND23,takeoff,0
180.05000000,SURVEILLANCE_LUFTHANSA,takeoff,0
181.05000000,SURVEILLANCEOP1,takeoff,0
181.05000000,SURVEILLANCEOP2,takeoff,0
181.05000000,SURVEILLANCEOP3,takeoff,0
204.05000000,BACKGROUND19,takeoff,0
208.80000000,BACKGROUND1,landing,2222.79223680
210.65000000,BACKGROUND11,landing,1573.54061607
238.05000000,BACKGROUND32,takeoff,0
239.60000000,BACKGROUND3,landing,3054.97714874
240.05000000,SURVEILLANCE_EUROWINGS,takeoff,0
241.05000000,SURVEILLANCEOP4,takeoff,0
252.05000000,BACKGROUND34,takeoff,0
252.05000000,BACKGROUND10,takeoff,0
255.05000000,BACKGROUND26,takeoff,0
279.05000000,BACKGROUND21,takeoff,0
281.05000000,BACKGROUND14,takeoff,0
288.05000000,BACKGROUND39,takeoff,0
288.05000000,BACKGROUND15,takeoff,0
300.05000000,BACKGROUND28,takeoff,0
300.05000000,BACKGROUND35,takeoff,0
300.35000000,BACKGROUND14,landing,294.96750000
300.35000000,BACKGROUND14,takeoff,0
300.55000000,BACKGROUND15,landing,209.56613024
300.55000000,BACKGROUND15,takeoff,0
300.85000000,BACKGROUND23,landing,1480.43977996
300.85000000,BACKGROUND23,takeoff,0
301.55000000,BACKGROUND7,landing,4129.69878883
301.55000000,BACKGROUND7,takeoff,0
301.65000000,BACKGROUND9,landing,4869.34761666
301.65000000,BACKGROUND9,takeoff,0
301.85000000,BACKGROUND26,landing,377.08228153
301.85000000,BACKGROUND26,takeoff,0
302.15000000,BACKGROUND34,landing,1112.52289309
302.15000000,BACKGROUND34,takeoff,0
302.45000000,BACKGROUND4,landing,4707.47389057
303.85000000,BACKGROUND10,landing,879.96750000
303.85000000,BACKGROUND10,takeoff,0
304.00000000,BACKGROUND19,landing,1100.42147983
304.00000000,BACKGROUND19,takeoff,0
305.20000000,BACKGROUND8,landing,3237.96397860
305.20000000,BACKGROUND8,takeoff,0
307.05000000,BACKGROUND12,landing,1492.44462706
307.05000000,BACKGROUND12,takeoff,0
309.95000000,BACKGROUND32,landing,1211.74232758
309.95000000,BACKGROUND32,takeoff,0
310.05000000,BACKGROUND41,takeoff,0
310.20000000,BACKGROUND20,landing,3053.05613790
310.20000000,BACKGROUND20,takeoff,0
324.05000000,BACKGROUND43,takeoff,0
324.50000000,BACKGROUND5,landing,4246.49392709
325.70000000,BACKGROUND21,landing,359.58488876
325.70000000,BACKGROUND21,takeoff,0
327.05000000,BACKGROUND36,takeoff,0
331.80000000,BACKGROUND17,landing,2480.47171808
338.25000000,BACKGROUND39,landing,234.52049555
338.25000000,BACKGROUND39,takeoff,0
339.05000000,BACKGROUND45,takeoff,0
341.05000000,BACKGROUND38,takeoff,0
343.35000000,BACKGROUND22,landing,1828.58324534
343.35000000,BACKGROUND22,takeoff,0
353.05000000,BACKGROUND47,takeoff,0
359.90000000,BACKGROUND13,landing,3749.52318986
360.05000000,BACKGROUND48,takeoff,0
365.05000000,BACKGROUND33,takeoff,0
368.20000000,BACKGROUND32,landing,229.51616885
382.05000000,BACKGROUND50,takeoff,0
403.80000000,BACKGROUND2,landing,3114.50391521
406.05000000,BACKGROUND46,takeoff,0
418.05000000,BACKGROUND55,takeoff,0
454.05000000,BACKGROUND37,takeoff,0
468.05000000,BACKGROUND61,takeoff,0
471.05000000,BACKGROUND31,takeoff,0
476.60000000,BACKGROUND10,landing,903.30099856
481.90000000,BACKGROUND20,landing,1197.52741774
487.05000000,BACKGROUND49,takeoff,0
492.05000000,SURVEILLANCEOP5,takeoff,0
497.05000000,BACKGROUND64,takeoff,0
510.05000000,SURVEILLANCE_EUROWINGS,landing,11965.75446293
511.05000000,BACKGROUND66,takeoff,0
518.05000000,BACKGROUND67,takeoff,0
526.05000000,BACKGROUND68,takeoff,0
527.05000000,SURVEILLANCE_HELICOPTER,takeoff,0
540.05000000,BACKGROUND70,takeoff,0
568.15000000,BACKGROUND33,landing,1817.73190752
586.20000000,BACKGROUND9,landing,1744.06950069
593.30000000,BACKGROUND7,landing,2415.04608085
600.05000000,BACKGROUND16,takeoff,0
600.05000000,BACKGROUND18,takeoff,0
600.05000000,BACKGROUND42,takeoff,0
600.05000000,BACKGROUND51,takeoff,0
600.05000000,BACKGROUND60,takeoff,0
600.05000000,BACKGROUND62,takeoff,0
600.05000000,BACKGROUND63,takeoff,0
600.05000000,BACKGROUND73,takeoff,0
600.35000000,BACKGROUND66,landing,431.12066677
600.35000000,BACKGROUND66,takeoff,0
600.45000000,BACKGROUND67,landing,740.57520974
600.45000000,BACKGROUND67,takeoff,0
600.90000000,BACKGROUND37,landing,1191.14813020
600.90000000,BACKGROUND37,takeoff,0
601.15000000,BACKGROUND12,landing,1705.62395292
601.15000000,BACKGROUND12,takeoff,0
601.20000000,BACKGROUND34,landing,3338.69463599
601.20000000,BACKGROUND34,takeoff,0
601.30000000,BACKGROUND14,landing,3269.70240996
601.30000000,BACKGROUND14,takeoff,0
601.80000000,BACKGROUND55,landing,1655.07033960
601.80000000,BACKGROUND55,takeoff,0
602.10000000,BACKGROUND50,landing,1224.68807895
602.10000000,BACKGROUND50,takeoff,0
603.50000000,BACKGROUND38,landing,2175.28965522
603.50000000,BACKGROUND38,takeoff,0
603.70000000,BACKGROUND43,landing,1673.07248719
603.70000000,BACKGROUND43,takeoff,0
603.75000000,BACKGROUND70,landing,563.61100039
603.75000000,BACKGROUND70,takeoff,0
603.80000000,BACKGROUND31,landing,677.68917998
603.80000000,BACKGROUND31,takeoff,0
604.15000000,BACKGROUND35,landing,3736.00072106
604.15000000,BACKGROUND35,takeoff,0
607.95000000,BACKGROUND15,landing,2859.76528518
607.95000000,BACKGROUND15,takeoff,0
608.95000000,BACKGROUND45,landing,1391.42272815
608.95000000,BACKGROUND45,takeoff,0
609.60000000,BACKGROUND36,landing,1963.59753313
609.60000000,BACKGROUND36,takeoff,0
611.35000000,BACKGROUND28,landing,3511.64122077
611.35000000,BACKGROUND28,takeoff,0
611.75000000,BACKGROUND19,landing,1395.27712960
611.75000000,BACKGROUND19,takeoff,0
614.25000000,BACKGROUND64,landing,791.53816040
614.25000000,BACKGROUND64,takeoff,0
614.50000000,BACKGROUND61,landing,490.53992553
614.50000000,BACKGROUND61,takeoff,0
614.55000000,BACKGROUND8,landing,2144.73336264
619.20000000,BACKGROUND49,landing,1062.56839346
619.20000000,BACKGROUND49,takeoff,0
620.00000000,BACKGROUND21,landing,2409.37798020
620.00000000,BACKGROUND21,takeoff,0
621.80000000,BACKGROUND39,landing,3746.01851223
621.80000000,BACKGROUND39,takeoff,0
623.70000000,BACKGROUND23,landing,3229.82678365
624.95000000,BACKGROUND47,landing,1848.78947343
624.95000000,BACKGROUND47,takeoff,0
625.05000000,BACKGROUND35,landing,412.77562091
628.30000000,BACKGROUND68,landing,342.61614946
628.30000000,BACKGROUND68,takeoff,0
628.55000000,BACKGROUND48,landing,1243.70127638
628.55000000,BACKGROUND48,takeoff,0
632.10000000,BACKGROUND41,landing,1878.08672188
632.10000000,BACKGROUND41,takeoff,0
633.05000000,BACKGROUND26,landing,3815.44037585
633.05000000,BACKGROUND26,takeoff,0
636.05000000,BACKGROUND52,takeoff,0
636.95000000,BACKGROUND46,landing,1208.94206425
636.95000000,BACKGROUND46,takeoff,0
653.25000000,BACKGROUND22,landing,1424.13620156
653.25000000,BACKGROUND22,takeoff,0
657.40000000,BACKGROUND67,landing,825.15000000
677.05000000,BACKGROUND86,takeoff,0
691.05000000,BACKGROUND88,takeoff,0
693.35000000,SURVEILLANCE_HELICOPTER,landing,8844.59900772
701.05000000,BACKGROUND81,takeoff,0
705.05000000,BACKGROUND90,takeoff,0
708.05000000,BACKGROUND82,takeoff,0
718.15000000,BACKGROUND50,landing,688.63688624
749.00000000,BACKGROUND45,landing,840.10697946
755.25000000,BACKGROUND26,landing,893.92574455
756.05000000,BACKGROUND97,takeoff,0
774.30000000,BACKGROUND62,landing,1366.67590709
775.05000000,BACKGROUND83,takeoff,0
779.00000000,BACKGROUND22,landing,581.54153557
779.75000000,BACKGROUND68,landing,1382.56315393
782.70000000,BACKGROUND19,landing,1352.97862318
792.05000000,BACKGROUND100,takeoff,0
806.05000000,BACKGROUND101,takeoff,0
825.65000000,BACKGROUND14,landing,1699.21783248
837.05000000,BACKGROUND98,takeoff,0
837.35000000,SURVEILLANCEOP2,landing,6208.56061897
842.05000000,BACKGROUND105,takeoff,0
848.05000000,BACKGROUND86,landing,1110.25989633
862.70000000,BACKGROUND36,landing,3124.41049174
876.05000000,BACKGROUND74,takeoff,0
878.05000000,BACKGROUND107,takeoff,0
878.05000000,BACKGROUND89,takeoff,0
879.15000000,BACKGROUND34,landing,956.17693101
890.65000000,BACKGROUND70,landing,2977.15218170
897.45000000,BACKGROUND38,landing,1782.86311734
900.05000000,BACKGROUND53,takeoff,0
900.05000000,BACKGROUND56,takeoff,0
900.05000000,BACKGROUND78,takeoff,0
900.05000000,BACKGROUND77,takeoff,0
900.05000000,BACKGROUND87,takeoff,0
900.05000000,BACKGROUND92,takeoff,0
900.05000000,BACKGROUND103,takeoff,0
900.10000000,BACKGROUND31,landing,2097.93547709
900.10000000,BACKGROUND31,takeoff,0
901.95000000,BACKGROUND55,landing,1585.60702707
902.75000000,BACKGROUND83,landing,472.97977353
902.75000000,BACKGROUND83,takeoff,0
903.00000000,BACKGROUND12,landing,1641.41960000
903.00000000,BACKGROUND12,takeoff,0
903.40000000,BACKGROUND97,landing,817.27607163
903.40000000,BACKGROUND97,takeoff,0
903.40000000,BACKGROUND98,landing,788.01823651
903.40000000,BACKGROUND98,takeoff,0
903.65000000,BACKGROUND73,landing,1891.54841447
903.65000000,BACKGROUND73,takeoff,0
904.50000000,BACKGROUND48,landing,2056.87391754
904.50000000,BACKGROUND48,takeoff,0
904.75000000,BACKGROUND42,landing,1825.75007929
905.45000000,BACKGROUND74,landing,96.11724081
905.45000000,BACKGROUND74,takeoff,0
906.45000000,BACKGROUND41,landing,1649.20833561
906.45000000,BACKGROUND41,takeoff,0
907.20000000,BACKGROUND51,landing,3066.00417279
907.20000000,BACKGROUND51,takeoff,0
907.30000000,BACKGROUND18,landing,2462.80927384
907.30000000,BACKGROUND18,takeoff,0
907.90000000,BACKGROUND88,landing,2399.94230297
907.90000000,BACKGROUND88,takeoff,0
907.95000000,BACKGROUND46,landing,2608.19443836
907.95000000,BACKGROUND46,takeoff,0
910.00000000,BACKGROUND64,landing,1146.63342458
910.00000000,BACKGROUND64,takeoff,0
910.40000000,BACKGROUND61,landing,1475.16209485
910.40000000,BACKGROUND61,takeoff,0
910.85000000,BACKGROUND90,landing,2058.06543453
910.85000000,BACKGROUND90,takeoff,0
911.75000000,BACKGROUND105,landing,517.57890195
911.75000000,BACKGROUND105,takeoff,0
913.20000000,BACKGROUND66,landing,1475.46910781
913.20000000,BACKGROUND66,takeoff,0
913.95000000,BACKGROUND82,landing,1416.27065078
913.95000000,BACKGROUND82,takeoff,0
914.05000000,BACKGROUND110,takeoff,0
914.50000000,BACKGROUND101,landing,705.23048646
914.50000000,BACKGROUND101,takeoff,0
914.90000000,BACKGROUND60,landing,2084.57974228
915.35000000,BACKGROUND15,landing,1642.43228421
915.35000000,BACKGROUND15,takeoff,0
916.90000000,BACKGROUND52,landing,1539.80363436
916.90000000,BACKGROUND52,takeoff,0
917.30000000,BACKGROUND28,landing,3354.67713245
917.30000000,BACKGROUND28,takeoff,0
921.05000000,BACKGROUND111,takeoff,0
922.05000000,BACKGROUND63,landing,1869.50257515
922.05000000,BACKGROUND63,takeoff,0
922.30000000,SURVEILLANCEOP4,landing,6465.71768695
926.45000000,SURVEILLANCEOP1,landing,7128.89862725
931.65000000,BACKGROUND37,landing,1641.88410736
931.65000000,BACKGROUND37,takeoff,0
936.05000000,BACKGROUND100,landing,688.89880846
936.05000000,BACKGROUND100,takeoff,0
938.00000000,BACKGROUND89,landing,192.19011971
938.00000000,BACKGROUND89,takeoff,0
938.90000000,BACKGROUND47,landing,2857.84119953
938.90000000,BACKGROUND47,takeoff,0
944.05000000,BACKGROUND43,landing,2204.52622761
944.70000000,BACKGROUND107,landing,170.31701455
944.70000000,BACKGROUND107,takeoff,0
949.80000000,BACKGROUND81,landing,1487.43507464
950.05000000,BACKGROUND115,takeoff,0
963.50000000,BACKGROUND39,landing,1771.54598073
970.80000000,BACKGROUND21,landing,3436.45804345
974.80000000,BACKGROUND15,landing,281.89918261
981.40000000,BACKGROUND48,landing,906.33512292
985.20000000,BACKGROUND47,landing,487.07286246
989.00000000,BACKGROUND28,landing,446.05124510
993.05000000,BACKGROUND119,takeoff,0
1016.65000000,BACKGROUND31,landing,1375.58667907
1024.75000000,SURVEILLANCEOP3,landing,8148.85479055
1029.05000000,BACKGROUND122,takeoff,0
1033.85000000,BACKGROUND49,landing,2650.59449125
1046.05000000,BACKGROUND118,takeoff,0
1048.05000000,BACKGROUND73,landing,1803.00357508
1065.05000000,BACKGROUND124,takeoff,0
1097.70000000,BACKGROUND46,landing,765.66504138
1103.80000000,BACKGROUND82,landing,822.66918292
1105.55000000,BACKGROUND41,landing,1515.03769307
1116.05000000,BACKGROUND129,takeoff,0
1116.10000000,BACKGROUND18,landing,1872.90216647
1131.40000000,BACKGROUND110,landing,1696.59101796
1143.85000000,BACKGROUND90,landing,2072.84481540
1144.05000000,BACKGROUND131,takeoff,0
1151.05000000,BACKGROUND132,takeoff,0
1159.05000000,BACKGROUND133,takeoff,0
1160.20000000,BACKGROUND66,landing,943.44780685
1160.45000000,BACKGROUND92,landing,2524.83101615
1161.55000000,BACKGROUND63,landing,1438.28828670
1163.85000000,BACKGROUND87,landing,2154.13346079
1166.05000000,BACKGROUND134,takeoff,0
1168.05000000,BACKGROUND112,takeoff,0
1170.70000000,BACKGROUND12,landing,1075.19177849
1178.05000000,BACKGROUND123,takeoff,0
1193.70000000,SURVEILLANCEOP5,landing,6933.28287257
1195.05000000,BACKGROUND136,takeoff,0
1200.05000000,BACKGROUND44,takeoff,0
1200.05000000,BACKGROUND95,takeoff,0
1200.05000000,BACKGROUND104,takeoff,0
1200.05000000,BACKGROUND102,takeoff,0
1200.05000000,BACKGROUND114,takeoff,0
1200.35000000,BACKGROUND83,landing,2271.57722319
1200.35000000,BACKGROUND83,takeoff,0
1201.40000000,BACKGROUND111,landing,1511.26517199
1201.40000000,BACKGROUND111,takeoff,0
1201.45000000,BACKGROUND98,landing,3472.68060697
1201.45000000,BACKGROUND98,takeoff,0
1201.85000000,BACKGROUND115,landing,1531.51314674
1201.85000000,BACKGROUND115,takeoff,0
1202.45000000,BACKGROUND107,landing,1699.30663244
1202.45000000,BACKGROUND107,takeoff,0
1203.15000000,BACKGROUND53,landing,3060.21988397
1203.15000000,BACKGROUND53,takeoff,0
1205.15000000,BACKGROUND133,landing,270.93294393
1205.15000000,BACKGROUND133,takeoff,0
1205.80000000,BACKGROUND16,landing,3282.87949220
1207.15000000,BACKGROUND52,landing,2371.16516745
1207.15000000,BACKGROUND52,takeoff,0
1207.25000000,BACKGROUND132,landing,188.44290989
1207.25000000,BACKGROUND132,takeoff,0
1209.30000000,BACKGROUND129,landing,209.00036722
1209.30000000,BACKGROUND129,takeoff,0
1211.85000000,BACKGROUND61,landing,1510.34423953
1211.85000000,BACKGROUND61,takeoff,0
1212.45000000,BACKGROUND131,landing,301.76064908
1212.45000000,BACKGROUND131,takeoff,0
1214.60000000,BACKGROUND101,landing,2371.55784908
1214.60000000,BACKGROUND101,takeoff,0
1217.40000000,BACKGROUND134,landing,320.66863277
1217.40000000,BACKGROUND134,takeoff,0
1218.25000000,BACKGROUND100,landing,1705.84274297
1218.25000000,BACKGROUND100,takeoff,0
1218.75000000,BACKGROUND123,landing,206.30992504
1218.75000000,BACKGROUND123,takeoff,0
1221.75000000,BACKGROUND77,landing,2451.42767572
1221.75000000,BACKGROUND77,takeoff,0
1222.10000000,BACKGROUND78,landing,1932.52250713
1223.65000000,BACKGROUND112,landing,327.43738679
1223.65000000,BACKGROUND112,takeoff,0
1224.00000000,BACKGROUND124,landing,1242.68706869
1224.00000000,BACKGROUND124,takeoff,0
1224.55000000,BACKGROUND119,landing,1513.44543699
1224.55000000,BACKGROUND119,takeoff,0
1230.65000000,BACKGROUND136,landing,173.72126559
1230.65000000,BACKGROUND136,takeoff,0
1233.05000000,BACKGROUND88,landing,2038.87380434
1233.05000000,BACKGROUND88,takeoff,0
1236.75000000,BACKGROUND89,landing,2188.58387885
1237.90000000,BACKGROUND122,landing,1214.31656278
1237.90000000,BACKGROUND122,takeoff,0
1238.00000000,BACKGROUND56,landing,2134.31342332
1238.00000000,BACKGROUND56,takeoff,0
1238.05000000,BACKGROUND141,takeoff,0
1242.70000000,BACKGROUND74,landing,1407.88882892
1242.70000000,BACKGROUND74,takeoff,0
1242.85000000,BACKGROUND118,landing,1144.83403251
1242.85000000,BACKGROUND118,takeoff,0
1246.70000000,BACKGROUND103,landing,1850.18502694
1246.70000000,BACKGROUND103,takeoff,0
1249.10000000,BACKGROUND105,landing,4081.72563620
1249.10000000,BACKGROUND105,takeoff,0
1261.30000000,BACKGROUND37,landing,998.99128365
1261.30000000,BACKGROUND37,takeoff,0
1262.05000000,BACKGROUND137,takeoff,0
1272.35000000,BACKGROUND51,landing,1711.70757018
1272.35000000,BACKGROUND51,takeoff,0
1274.05000000,BACKGROUND146,takeoff,0
1274.60000000,BACKGROUND97,landing,2098.13504961
1282.70000000,BACKGROUND105,landing,553.36348108
1284.60000000,BACKGROUND64,landing,2031.79941225
1284.60000000,BACKGROUND64,takeoff,0
1292.55000000,BACKGROUND115,landing,1071.46216684
1297.45000000,BACKGROUND83,landing,466.16144836
1303.05000000,BACKGROUND150,takeoff,0
1303.55000000,BACKGROUND61,landing,446.59216629
1307.40000000,BACKGROUND101,landing,342.69653398
1319.05000000,BACKGROUND144,takeoff,0
1324.05000000,BACKGROUND152,takeoff,0
1330.50000000,BACKGROUND53,landing,719.87345872
1373.40000000,BACKGROUND52,landing,1108.72243802
1387.05000000,BACKGROUND145,takeoff,0
1399.10000000,BACKGROUND124,landing,2292.01108689
1410.05000000,BACKGROUND159,takeoff,0
1414.35000000,BACKGROUND114,landing,2399.67501584
1420.05000000,BACKGROUND155,takeoff,0
1427.95000000,BACKGROUND95,landing,1362.17487879
1438.75000000,BACKGROUND134,landing,2388.16423119
1445.70000000,BACKGROUND107,landing,1147.49039216
1461.05000000,BACKGROUND162,takeoff,0
1471.15000000,BACKGROUND56,landing,1648.26105456
1473.05000000,BACKGROUND154,takeoff,0
1476.10000000,BACKGROUND123,landing,2107.52816665
1482.35000000,BACKGROUND131,landing,1499.43237973
1496.35000000,BACKGROUND77,landing,1445.35720167
1497.05000000,BACKGROUND164,takeoff,0
1500.05000000,BACKGROUND116,takeoff,0
1500.05000000,BACKGROUND138,takeoff,0
1500.05000000,BACKGROUND139,takeoff,0
1500.05000000,BACKGROUND142,takeoff,0
1500.05000000,BACKGROUND147,takeoff,0
1500.05000000,BACKGROUND157,takeoff,0
1500.10000000,BACKGROUND136,landing,2497.97392006
1500.10000000,BACKGROUND136,takeoff,0
1501.10000000,BACKGROUND122,landing,1574.57817141
1501.10000000,BACKGROUND122,takeoff,0
1501.60000000,BACKGROUND103,landing,1577.83798098
1501.60000000,BACKGROUND103,takeoff,0
1502.35000000,BACKGROUND141,landing,2702.97342355
1502.35000000,BACKGROUND141,takeoff,0
1502.45000000,BACKGROUND132,landing,2282.50670008
1502.45000000,BACKGROUND132,takeoff,0
1503.50000000,BACKGROUND154,landing,93.64476291
1503.50000000,BACKGROUND154,takeoff,0
1505.30000000,BACKGROUND152,landing,1861.63070719
1505.30000000,BACKGROUND152,takeoff,0
1505.40000000,BACKGROUND104,landing,3344.53526602
1505.40000000,BACKGROUND104,takeoff,0
1505.50000000,BACKGROUND88,landing,2356.60683063
1505.50000000,BACKGROUND88,takeoff,0
1505.70000000,BACKGROUND118,landing,1959.87207563
1505.70000000,BACKGROUND118,takeoff,0
1505.80000000,BACKGROUND146,landing,1728.67410617
1505.80000000,BACKGROUND146,takeoff,0
1507.30000000,BACKGROUND162,landing,237.63888430
1507.30000000,BACKGROUND162,takeoff,0
1509.05000000,BACKGROUND145,landing,635.39198245
1509.05000000,BACKGROUND145,takeoff,0
1509.45000000,BACKGROUND137,landing,2050.00051041
1509.45000000,BACKGROUND137,takeoff,0
1511.05000000,BACKGROUND165,takeoff,0
1514.35000000,BACKGROUND150,landing,1194.24751900
1514.35000000,BACKGROUND150,takeoff,0
1516.05000000,BACKGROUND158,takeoff,0
1516.15000000,BACKGROUND98,landing,2658.47742225
1516.15000000,BACKGROUND98,takeoff,0
1516.45000000,BACKGROUND102,landing,1896.12446108
1516.45000000,BACKGROUND102,takeoff,0
1518.45000000,BACKGROUND155,landing,586.08666802
1518.45000000,BACKGROUND155,takeoff,0
1518.60000000,BACKGROUND159,landing,809.61523462
1518.60000000,BACKGROUND159,takeoff,0
1519.60000000,BACKGROUND144,landing,2496.04430818
1522.75000000,BACKGROUND164,landing,240.03726102
1522.75000000,BACKGROUND164,takeoff,0
1522.80000000,BACKGROUND100,landing,1732.10438427
1522.80000000,BACKGROUND100,takeoff,0
1528.00000000,BACKGROUND133,landing,3607.43404224
1528.00000000,BACKGROUND133,takeoff,0
1533.05000000,BACKGROUND167,takeoff,0
1536.35000000,BACKGROUND64,landing,885.83014323
1536.35000000,BACKGROUND64,takeoff,0
1539.55000000,BACKGROUND112,landing,2677.09418821
1539.75000000,BACKGROUND119,landing,3055.90055844
1541.15000000,BACKGROUND44,landing,1930.43973798
1541.15000000,BACKGROUND44,takeoff,0
1556.60000000,BACKGROUND129,landing,1291.93375840
1556.60000000,BACKGROUND129,takeoff,0
1569.05000000,BACKGROUND168,takeoff,0
1610.15000000,BACKGROUND133,landing,331.61820695
1612.05000000,BACKGROUND172,takeoff,0
1621.45000000,BACKGROUND102,landing,364.00903866
1622.70000000,BACKGROUND51,landing,3451.42806548
1633.95000000,BACKGROUND137,landing,743.86161016
1635.25000000,BACKGROUND146,landing,1145.28175393
1644.85000000,BACKGROUND118,landing,1831.58234875
1648.05000000,BACKGROUND176,takeoff,0
1650.05000000,BACKGROUND170,takeoff,0
1650.85000000,BACKGROUND136,landing,904.19338006
1665.05000000,BACKGROUND171,takeoff,0
1688.80000000,BACKGROUND103,landing,2203.71456919
1698.05000000,BACKGROUND181,takeoff,0
1734.05000000,BACKGROUND186,takeoff,0
1756.05000000,BACKGROUND189,takeoff,0
1761.05000000,BACKGROUND175,takeoff,0
1763.05000000,BACKGROUND190,takeoff,0
1768.25000000,BACKGROUND104,landing,1837.65097596
1777.05000000,BACKGROUND192,takeoff,0
1780.75000000,BACKGROUND100,landing,1139.70478080
1782.30000000,BACKGROUND74,landing,2689.66815114
1785.05000000,BACKGROUND193,takeoff,0
1787.05000000,BACKGROUND185,takeoff,0
1787.60000000,BACKGROUND165,landing,2914.34812735
1790.05000000,BACKGROUND163,takeoff,0
1792.05000000,BACKGROUND194,takeoff,0
1797.40000000,BACKGROUND98,landing,999.10422298
1800.05000000,BACKGROUND135,takeoff,0
1800.05000000,BACKGROUND149,takeoff,0
1800.05000000,BACKGROUND130,takeoff,0
1800.05000000,BACKGROUND156,takeoff,0
1800.05000000,BACKGROUND140,takeoff,0
1800.05000000,BACKGROUND169,takeoff,0
1800.05000000,BACKGROUND178,takeoff,0
1800.05000000,BACKGROUND180,takeoff,0
1800.05000000,BACKGROUND182,takeoff,0
1800.05000000,BACKGROUND191,takeoff,0
1800.70000000,BACKGROUND176,landing,958.95173419
1800.70000000,BACKGROUND176,takeoff,0
1800.95000000,BACKGROUND152,landing,3534.22966542
1800.95000000,BACKGROUND152,takeoff,0
