# CLOSEST POINT OF APPROACH LOG
# Shortest distance between 2 UAS during their conflict
# 
# Simulation Time [s], UAS1, UAS2, Distance [m]
# simt
1201.00000000,DELIVERY5,DELIVERY7,0.00000000
1202.00000000,DELIVERY5,DELIVERY7,0.00000000
1203.00000000,DELIVERY5,DELIVERY7,0.00000000
1204.00000000,DELIVERY5,DELIVERY7,0.00000000
1205.00000000,DELIVERY2,DELIVERY8,0.62328642
1205.00000000,DELIVERY5,DELIVERY7,0.00000000
1206.00000000,DELIVERY5,DELIVERY7,0.00000000
1207.00000000,DELIVERY5,DELIVERY7,0.00000000
1208.00000000,DELIVERY5,DELIVERY7,0.00000000
1209.00000000,DELIVERY5,DELIVERY7,0.00000000
1210.00000000,DELIVERY5,DELIVERY7,0.00000000
1211.00000000,DELIVERY5,DELIVERY7,0.00000000
1212.00000000,DELIVERY5,DELIVERY7,0.00000000
1213.00000000,DELIVERY5,DELIVERY7,0.00000000
1214.00000000,DELIVERY5,DELIVERY7,0.00000000
1215.00000000,DELIVERY5,DELIVERY7,0.00000000
1216.00000000,DELIVERY5,DELIVERY7,0.00000000
1217.00000000,DELIVERY5,DELIVERY7,0.00000000
1218.00000000,DELIVERY5,DELIVERY7,0.00000000
1219.00000000,DELIVERY5,DELIVERY7,0.00000000
1220.00000000,DELIVERY5,DELIVERY7,0.00000000
1221.00000000,DELIVERY5,DELIVERY7,0.00000000
1222.00000000,DELIVERY5,DELIVERY7,0.00000000
1223.00000000,DELIVERY5,DELIVERY7,0.00000000
1224.00000000,DELIVERY5,DELIVERY7,0.00000000
1225.00000000,DELIVERY5,DELIVERY7,0.00000000
1226.00000000,DELIVERY5,DELIVERY7,0.00000000
1227.00000000,DELIVERY5,DELIVERY7,0.00000000
1228.00000000,DELIVERY5,DELIVERY7,0.00000000
1229.00000000,DELIVERY5,DELIVERY7,0.00000000
1230.00000000,DELIVERY5,DELIVERY7,0.00000000
1231.00000000,DELIVERY5,DELIVERY7,0.00000000
1232.00000000,DELIVERY5,DELIVERY7,0.00000000
1233.00000000,DELIVERY5,DELIVERY7,0.00000000
1234.00000000,DELIVERY5,DELIVERY7,0.00000000
1235.00000000,DELIVERY5,DELIVERY7,0.00000000
1236.00000000,DELIVERY5,DELIVERY7,0.00000000
1237.00000000,DELIVERY5,DELIVERY7,0.00000000
1238.00000000,DELIVERY5,DELIVERY7,0.00000000
1239.00000000,DELIVERY5,DELIVERY7,0.00000000
1240.00000000,DELIVERY5,DELIVERY7,0.00000000
1241.00000000,DELIVERY5,DELIVERY7,0.00000000
1242.00000000,DELIVERY5,DELIVERY7,0.00000000
1243.00000000,DELIVERY5,DELIVERY7,0.00000000
1244.00000000,DELIVERY5,DELIVERY7,0.00000000
1245.00000000,DELIVERY5,DELIVERY7,0.00000000
1246.00000000,DELIVERY5,DELIVERY7,0.00000000
1247.00000000,DELIVERY5,DELIVERY7,0.00000000
1248.00000000,DELIVERY5,DELIVERY7,0.00000000
1249.00000000,DELIVERY5,DELIVERY7,0.00000000
1250.00000000,DELIVERY5,DELIVERY7,0.00000000
1251.00000000,DELIVERY5,DELIVERY7,0.00000000
1252.00000000,DELIVERY5,DELIVERY7,0.00000000
1253.00000000,DELIVERY5,DELIVERY7,0.00000000
1254.00000000,DELIVERY5,DELIVERY7,0.00000000
1255.00000000,DELIVERY5,DELIVERY7,0.00000000
1256.00000000,DELIVERY5,DELIVERY7,0.00000000
1257.00000000,DELIVERY5,DELIVERY7,0.00000000
1258.00000000,DELIVERY5,DELIVERY7,0.00000000
1259.00000000,DELIVERY5,DELIVERY7,0.00000000
1260.00000000,DELIVERY5,DELIVERY7,0.00000000
1261.00000000,DELIVERY5,DELIVERY7,0.00000000
1262.00000000,DELIVERY5,DELIVERY7,0.00000000
1263.00000000,DELIVERY5,DELIVERY7,0.00000000
1264.00000000,DELIVERY5,DELIVERY7,0.00000000
1265.00000000,DELIVERY5,DELIVERY7,0.00000000
1266.00000000,DELIVERY5,DELIVERY7,0.00000000
1267.00000000,DELIVERY5,DELIVERY7,0.00000000
1268.00000000,DELIVERY5,DELIVERY7,0.00000000
1269.00000000,DELIVERY5,DELIVERY7,0.00000000
1270.00000000,DELIVERY5,DELIVERY7,0.00000000
1271.00000000,DELIVERY5,DELIVERY7,0.00000000
1272.00000000,DELIVERY5,DELIVERY7,0.00000000
1273.00000000,DELIVERY5,DELIVERY7,0.00000000
1274.00000000,DELIVERY5,DELIVERY7,0.00000000
1275.00000000,DELIVERY5,DELIVERY7,0.00000000
1276.00000000,DELIVERY5,DELIVERY7,0.00000000
1277.00000000,DELIVERY5,DELIVERY7,0.00000000
1278.00000000,DELIVERY5,DELIVERY7,0.00000000
1279.00000000,DELIVERY5,DELIVERY7,0.00000000
1280.00000000,DELIVERY5,DELIVERY7,0.00000000
1281.00000000,DELIVERY5,DELIVERY7,0.00000000
1282.00000000,DELIVERY5,DELIVERY7,0.00000000
1283.00000000,DELIVERY5,DELIVERY7,0.00000000
1284.00000000,DELIVERY5,DELIVERY7,0.00000000
1285.00000000,DELIVERY5,DELIVERY7,0.00000000
1294.00000000,DELIVERY5,DELIVERY7,0.00000000
1295.00000000,DELIVERY5,DELIVERY7,0.00000000
1296.00000000,DELIVERY5,DELIVERY7,0.00000000
1297.00000000,DELIVERY5,DELIVERY7,0.00000000
1298.00000000,DELIVERY5,DELIVERY7,0.00000000
1299.00000000,DELIVERY5,DELIVERY7,0.00000000
1300.00000000,DELIVERY5,DELIVERY7,0.00000000
1301.00000000,DELIVERY5,DELIVERY7,0.00000000
1302.00000000,DELIVERY5,DELIVERY7,0.00000000
1303.00000000,DELIVERY5,DELIVERY7,0.00000000
1304.00000000,DELIVERY5,DELIVERY7,0.00000000
1305.00000000,DELIVERY5,DELIVERY7,0.00000000
1306.00000000,DELIVERY5,DELIVERY7,0.00000000
1307.00000000,DELIVERY5,DELIVERY7,0.00000000
1308.00000000,DELIVERY5,DELIVERY7,0.00000000
1309.00000000,DELIVERY5,DELIVERY7,0.00000000
1310.00000000,DELIVERY5,DELIVERY7,0.00000000
1311.00000000,DELIVERY5,DELIVERY7,0.00000000
1312.00000000,DELIVERY5,DELIVERY7,0.00000000
1313.00000000,DELIVERY5,DELIVERY7,0.00000000
1314.00000000,DELIVERY5,DELIVERY7,0.00000000
1315.00000000,DELIVERY5,DELIVERY7,0.00000000
1316.00000000,DELIVERY5,DELIVERY7,0.00000000
1317.00000000,DELIVERY5,DELIVERY7,0.00000000
1318.00000000,DELIVERY5,DELIVERY7,0.00000000
1319.00000000,DELIVERY5,DELIVERY7,0.00000000
1320.00000000,DELIVERY5,DELIVERY7,0.00000000
1321.00000000,DELIVERY5,DELIVERY7,0.00000000
1322.00000000,DELIVERY5,DELIVERY7,0.00000000
1323.00000000,DELIVERY5,DELIVERY7,0.00000000
1324.00000000,DELIVERY5,DELIVERY7,0.00000000
1325.00000000,DELIVERY5,DELIVERY7,0.00000000
1326.00000000,DELIVERY5,DELIVERY7,0.00000000
1327.00000000,DELIVERY5,DELIVERY7,0.00000000
1328.00000000,DELIVERY5,DELIVERY7,0.00000000
1329.00000000,DELIVERY5,DELIVERY7,0.00000000
1330.00000000,DELIVERY5,DELIVERY7,0.00000000
1331.00000000,DELIVERY5,DELIVERY7,0.00000000
1332.00000000,DELIVERY5,DELIVERY7,0.00000000
1333.00000000,DELIVERY5,DELIVERY7,0.00000000
1334.00000000,DELIVERY5,DELIVERY7,0.00000000
1335.00000000,DELIVERY5,DELIVERY7,0.00000000
1336.00000000,DELIVERY5,DELIVERY7,0.00000000
1337.00000000,DELIVERY5,DELIVERY7,0.00000000
1338.00000000,DELIVERY5,DELIVERY7,0.00000000
1339.00000000,DELIVERY5,DELIVERY7,0.00000000
1340.00000000,DELIVERY5,DELIVERY7,0.00000000
1341.00000000,DELIVERY5,DELIVERY7,0.00000000
1342.00000000,DELIVERY5,DELIVERY7,0.00000000
1343.00000000,DELIVERY5,DELIVERY7,0.00000000
1344.00000000,DELIVERY5,DELIVERY7,0.00000000
1345.00000000,DELIVERY5,DELIVERY7,0.00000000
1346.00000000,DELIVERY5,DELIVERY7,0.00000000
1347.00000000,DELIVERY5,DELIVERY7,0.00000000
1348.00000000,DELIVERY5,DELIVERY7,0.00000000
1349.00000000,DELIVERY5,DELIVERY7,0.00000000
1350.00000000,DELIVERY5,DELIVERY7,0.00000000
1351.00000000,DELIVERY5,DELIVERY7,0.00000000
1352.00000000,DELIVERY5,DELIVERY7,0.00000000
1353.00000000,DELIVERY5,DELIVERY7,0.00000000
1354.00000000,DELIVERY5,DELIVERY7,0.00000000
1355.00000000,DELIVERY5,DELIVERY7,0.00000000
1356.00000000,DELIVERY5,DELIVERY7,0.00000000
1357.00000000,DELIVERY5,DELIVERY7,0.00000000
1358.00000000,DELIVERY5,DELIVERY7,0.00000000
1359.00000000,DELIVERY5,DELIVERY7,0.00000000
1360.00000000,DELIVERY5,DELIVERY7,0.00000000
1361.00000000,DELIVERY5,DELIVERY7,0.00000000
1362.00000000,DELIVERY5,DELIVERY7,0.00000000
1363.00000000,DELIVERY5,DELIVERY7,0.00000000
1364.00000000,DELIVERY5,DELIVERY7,0.00000000
1365.00000000,DELIVERY5,DELIVERY7,0.00000000
1366.00000000,DELIVERY5,DELIVERY7,0.00000000
1367.00000000,DELIVERY5,DELIVERY7,0.00000000
1368.00000000,DELIVERY5,DELIVERY7,0.00000000
1369.00000000,DELIVERY5,DELIVERY7,0.00000000
1370.00000000,DELIVERY5,DELIVERY7,0.00000000
1371.00000000,DELIVERY5,DELIVERY7,0.00000000
1372.00000000,DELIVERY5,DELIVERY7,0.00000000
1373.00000000,DELIVERY5,DELIVERY7,0.00000000
1374.00000000,DELIVERY5,DELIVERY7,0.00000000
1375.00000000,DELIVERY5,DELIVERY7,0.00000000
1376.00000000,DELIVERY5,DELIVERY7,0.00000000
1377.00000000,DELIVERY5,DELIVERY7,0.00000000
1378.00000000,DELIVERY5,DELIVERY7,0.00000000
1379.00000000,DELIVERY5,DELIVERY7,0.00000000
1380.00000000,DELIVERY5,DELIVERY7,0.00000000
1381.00000000,DELIVERY5,DELIVERY7,0.00000000
1382.00000000,DELIVERY5,DELIVERY7,0.00000000
1383.00000000,DELIVERY5,DELIVERY7,0.00000000
1384.00000000,DELIVERY5,DELIVERY7,0.00000000
1385.00000000,DELIVERY5,DELIVERY7,0.00000000
1386.00000000,DELIVERY5,DELIVERY7,0.00000000
1387.00000000,DELIVERY5,DELIVERY7,0.00000000
1388.00000000,DELIVERY5,DELIVERY7,0.00000000
1389.00000000,DELIVERY5,DELIVERY7,0.00000000
1390.00000000,DELIVERY5,DELIVERY7,0.00000000
1391.00000000,DELIVERY5,DELIVERY7,0.00000000
1392.00000000,DELIVERY5,DELIVERY7,0.00000000
1393.00000000,DELIVERY5,DELIVERY7,0.00000000
1394.00000000,DELIVERY5,DELIVERY7,0.00000000
1395.00000000,DELIVERY5,DELIVERY7,0.00000000
1396.00000000,DELIVERY5,DELIVERY7,0.00000000
1397.00000000,DELIVERY5,DELIVERY7,0.00000000
1398.00000000,DELIVERY5,DELIVERY7,0.00000000
1399.00000000,DELIVERY5,DELIVERY7,0.00000000
1400.00000000,DELIVERY5,DELIVERY7,0.00000000
1401.00000000,DELIVERY5,DELIVERY7,0.00000000
1402.00000000,DELIVERY5,DELIVERY7,0.00000000
1403.00000000,DELIVERY5,DELIVERY7,0.00000000
1404.00000000,DELIVERY5,DELIVERY7,0.00000000
1405.00000000,DELIVERY5,DELIVERY7,0.00000000
1406.00000000,DELIVERY5,DELIVERY7,0.00000000
1407.00000000,DELIVERY5,DELIVERY7,0.00000000
1408.00000000,DELIVERY5,DELIVERY7,0.00000000
1409.00000000,DELIVERY5,DELIVERY7,0.00000000
1410.00000000,DELIVERY5,DELIVERY7,0.00000000
1411.00000000,DELIVERY5,DELIVERY7,0.00000000
1412.00000000,DELIVERY5,DELIVERY7,0.00000000
1413.00000000,DELIVERY5,DELIVERY7,0.00000000
1414.00000000,DELIVERY5,DELIVERY7,0.00000000
1415.00000000,DELIVERY5,DELIVERY7,0.00000000
1416.00000000,DELIVERY5,DELIVERY7,0.00000000
1417.00000000,DELIVERY5,DELIVERY7,0.00000000
1418.00000000,DELIVERY5,DELIVERY7,0.00000000
1419.00000000,DELIVERY5,DELIVERY7,0.00000000
1420.00000000,DELIVERY5,DELIVERY7,0.00000000
1421.00000000,DELIVERY5,DELIVERY7,0.00000000
1422.00000000,DELIVERY5,DELIVERY7,0.00000000
1423.00000000,DELIVERY5,DELIVERY7,0.00000000
1424.00000000,DELIVERY5,DELIVERY7,0.00000000
1425.00000000,DELIVERY5,DELIVERY7,0.00000000
1426.00000000,DELIVERY5,DELIVERY7,0.00000000
1427.00000000,DELIVERY5,DELIVERY7,0.00000000
1428.00000000,DELIVERY5,DELIVERY7,0.00000000
1429.00000000,DELIVERY5,DELIVERY7,0.00000000
1435.00000000,DELIVERY5,DELIVERY7,0.00000000
1436.00000000,DELIVERY5,DELIVERY7,0.00000000
1437.00000000,DELIVERY5,DELIVERY7,0.00000000
1438.00000000,DELIVERY5,DELIVERY7,0.00000000
1439.00000000,DELIVERY5,DELIVERY7,0.00000000
1440.00000000,DELIVERY5,DELIVERY7,0.00000000
1441.00000000,DELIVERY5,DELIVERY7,0.00000000
1442.00000000,DELIVERY5,DELIVERY7,0.00000000
1443.00000000,DELIVERY5,DELIVERY7,0.00000000
1444.00000000,DELIVERY5,DELIVERY7,0.00000000
1445.00000000,DELIVERY5,DELIVERY7,0.00000000
1446.00000000,DELIVERY5,DELIVERY7,0.00000000
1447.00000000,DELIVERY5,DELIVERY7,0.00000000
1448.00000000,DELIVERY5,DELIVERY7,0.00000000
1449.00000000,DELIVERY5,DELIVERY7,0.00000000
1450.00000000,DELIVERY5,DELIVERY7,0.00000000
1451.00000000,DELIVERY5,DELIVERY7,0.00000000
1452.00000000,DELIVERY5,DELIVERY7,0.00000000
1453.00000000,DELIVERY5,DELIVERY7,0.00000000
1454.00000000,DELIVERY5,DELIVERY7,0.00000000
1455.00000000,DELIVERY5,DELIVERY7,0.00000000
1456.00000000,DELIVERY5,DELIVERY7,0.00000000
1457.00000000,DELIVERY5,DELIVERY7,0.00000000
1458.00000000,DELIVERY5,DELIVERY7,0.00000000
1459.00000000,DELIVERY5,DELIVERY7,0.00000000
1460.00000000,DELIVERY5,DELIVERY7,0.00000000
1461.00000000,DELIVERY5,DELIVERY7,0.00000000
1462.00000000,DELIVERY5,DELIVERY7,0.00000000
1463.00000000,DELIVERY5,DELIVERY7,0.00000000
1464.00000000,DELIVERY5,DELIVERY7,0.00000000
1465.00000000,DELIVERY5,DELIVERY7,0.00000000
1466.00000000,DELIVERY5,DELIVERY7,0.00000000
1467.00000000,DELIVERY5,DELIVERY7,0.00000000
1468.00000000,DELIVERY5,DELIVERY7,0.00000000
1469.00000000,DELIVERY5,DELIVERY7,0.00000000
1470.00000000,DELIVERY5,DELIVERY7,0.00000000
1471.00000000,DELIVERY5,DELIVERY7,0.00000000
1472.00000000,DELIVERY5,DELIVERY7,0.00000000
1473.00000000,DELIVERY5,DELIVERY7,0.00000000
1474.00000000,DELIVERY5,DELIVERY7,0.00000000
1475.00000000,DELIVERY5,DELIVERY7,0.00000000
1476.00000000,DELIVERY5,DELIVERY7,0.00000000
1477.00000000,DELIVERY5,DELIVERY7,0.00000000
1478.00000000,DELIVERY5,DELIVERY7,0.00000000
1479.00000000,DELIVERY5,DELIVERY7,0.00000000
1480.00000000,DELIVERY5,DELIVERY7,0.00000000
1481.00000000,DELIVERY5,DELIVERY7,0.00000000
1482.00000000,DELIVERY5,DELIVERY7,0.00000000
1483.00000000,DELIVERY5,DELIVERY7,0.00000000
1484.00000000,DELIVERY5,DELIVERY7,0.00000000
1485.00000000,DELIVERY5,DELIVERY7,0.00000000
1486.00000000,DELIVERY5,DELIVERY7,0.00000000
1487.00000000,DELIVERY5,DELIVERY7,0.00000000
1488.00000000,DELIVERY5,DELIVERY7,0.00000000
1489.00000000,DELIVERY5,DELIVERY7,0.00000000
1490.00000000,DELIVERY5,DELIVERY7,0.00000000
1491.00000000,DELIVERY5,DELIVERY7,0.00000000
1492.00000000,DELIVERY5,DELIVERY7,0.00000000
1493.00000000,DELIVERY5,DELIVERY7,0.00000000
1494.00000000,DELIVERY5,DELIVERY7,0.00000000
1495.00000000,DELIVERY5,DELIVERY7,0.00000000
1496.00000000,DELIVERY5,DELIVERY7,0.00000000
1497.00000000,DELIVERY5,DELIVERY7,0.00000000
1498.00000000,DELIVERY5,DELIVERY7,0.00000000
1499.00000000,DELIVERY5,DELIVERY7,0.00000000
1500.00000000,DELIVERY5,DELIVERY7,0.00000000
1501.00000000,DELIVERY5,DELIVERY7,0.00000000
1502.00000000,DELIVERY5,DELIVERY7,0.00000000
1503.00000000,DELIVERY5,DELIVERY7,0.00000000
1504.00000000,DELIVERY5,DELIVERY7,0.00000000
1505.00000000,DELIVERY5,DELIVERY7,0.00000000
1506.00000000,DELIVERY5,DELIVERY7,0.00000000
1507.00000000,DELIVERY5,DELIVERY7,0.00000000
1508.00000000,DELIVERY5,DELIVERY7,0.00000000
1509.00000000,DELIVERY5,DELIVERY7,0.00000000
1510.00000000,DELIVERY5,DELIVERY7,0.25228106
1642.00000000,DELIVERY5,DELIVERY7,0.43452980
1651.00000000,DELIVERY11,DELIVERY5,5.08009092
1682.00000000,DELIVERY11,DELIVERY7,0.42131906
2088.00000000,DELIVERY10,DELIVERY13,0.17016952
2101.00000000,DELIVERY12,DELIVERY14,0.00000000
2102.00000000,DELIVERY12,DELIVERY14,0.00000000
2103.00000000,DELIVERY12,DELIVERY14,0.00000000
2104.00000000,DELIVERY12,DELIVERY14,0.00000000
2105.00000000,DELIVERY12,DELIVERY14,0.00000000
2106.00000000,DELIVERY12,DELIVERY14,0.00000000
2107.00000000,DELIVERY12,DELIVERY14,0.00000000
2108.00000000,DELIVERY12,DELIVERY14,0.00000000
2109.00000000,DELIVERY12,DELIVERY14,0.00000000
2110.00000000,DELIVERY12,DELIVERY14,0.00000000
2111.00000000,DELIVERY12,DELIVERY14,0.00000000
2112.00000000,DELIVERY12,DELIVERY14,0.00000000
2113.00000000,DELIVERY12,DELIVERY14,0.00000000
2114.00000000,DELIVERY12,DELIVERY14,0.00000000
2115.00000000,DELIVERY12,DELIVERY14,0.00000000
2116.00000000,DELIVERY12,DELIVERY14,0.00000000
2117.00000000,DELIVERY12,DELIVERY14,0.00000000
2118.00000000,DELIVERY12,DELIVERY14,0.00000000
2119.00000000,DELIVERY12,DELIVERY14,0.00000000
2120.00000000,DELIVERY12,DELIVERY14,0.00000000
2121.00000000,DELIVERY12,DELIVERY14,0.00000000
2122.00000000,DELIVERY12,DELIVERY14,0.00000000
2123.00000000,DELIVERY12,DELIVERY14,0.00000000
2124.00000000,DELIVERY12,DELIVERY14,0.00000000
2125.00000000,DELIVERY12,DELIVERY14,0.00000000
2126.00000000,DELIVERY12,DELIVERY14,0.00000000
2127.00000000,DELIVERY12,DELIVERY14,0.00000000
2128.00000000,DELIVERY12,DELIVERY14,0.00000000
2129.00000000,DELIVERY12,DELIVERY14,0.00000000
2130.00000000,DELIVERY12,DELIVERY14,0.00000000
2131.00000000,DELIVERY12,DELIVERY14,0.00000000
2132.00000000,DELIVERY12,DELIVERY14,0.00000000
2133.00000000,DELIVERY12,DELIVERY14,0.00000000
2134.00000000,DELIVERY12,DELIVERY14,0.00000000
2135.00000000,DELIVERY12,DELIVERY14,0.00000000
2136.00000000,DELIVERY12,DELIVERY14,0.00000000
2137.00000000,DELIVERY12,DELIVERY14,0.00000000
2138.00000000,DELIVERY12,DELIVERY14,0.00000000
2139.00000000,DELIVERY12,DELIVERY14,0.00000000
2140.00000000,DELIVERY12,DELIVERY14,0.00000000
2141.00000000,DELIVERY12,DELIVERY14,0.00000000
2142.00000000,DELIVERY12,DELIVERY14,0.00000000
2143.00000000,DELIVERY12,DELIVERY14,0.00000000
2144.00000000,DELIVERY12,DELIVERY14,0.00000000
2145.00000000,DELIVERY12,DELIVERY14,0.00000000
2146.00000000,DELIVERY12,DELIVERY14,0.00000000
2147.00000000,DELIVERY12,DELIVERY14,0.00000000
2148.00000000,DELIVERY12,DELIVERY14,0.00000000
2149.00000000,DELIVERY12,DELIVERY14,0.00000000
2150.00000000,DELIVERY12,DELIVERY14,0.00000000
2151.00000000,DELIVERY12,DELIVERY14,0.00000000
2152.00000000,DELIVERY12,DELIVERY14,0.00000000
2153.00000000,DELIVERY12,DELIVERY14,0.00000000
2154.00000000,DELIVERY12,DELIVERY14,0.00000000
2155.00000000,DELIVERY12,DELIVERY14,0.00000000
2156.00000000,DELIVERY12,DELIVERY14,0.00000000
2157.00000000,DELIVERY10,DELIVERY15,0.01778788
2157.00000000,DELIVERY12,DELIVERY14,0.00000000
2158.00000000,DELIVERY10,DELIVERY15,0.01778788
2158.00000000,DELIVERY12,DELIVERY14,0.00000000
2159.00000000,DELIVERY10,DELIVERY15,0.01778788
2159.00000000,DELIVERY12,DELIVERY14,0.00000000
2160.00000000,DELIVERY10,DELIVERY15,0.01778788
2160.00000000,DELIVERY12,DELIVERY14,0.00000000
2161.00000000,DELIVERY10,DELIVERY15,0.01778788
2161.00000000,DELIVERY12,DELIVERY14,0.00000000
2162.00000000,DELIVERY10,DELIVERY15,0.01778788
2162.00000000,DELIVERY12,DELIVERY14,0.00000000
2163.00000000,DELIVERY10,DELIVERY15,0.01778788
2163.00000000,DELIVERY12,DELIVERY14,0.00000000
2164.00000000,DELIVERY10,DELIVERY15,0.01778788
2164.00000000,DELIVERY12,DELIVERY14,0.00000000
2165.00000000,DELIVERY10,DELIVERY15,0.01778788
2165.00000000,DELIVERY12,DELIVERY14,0.00000000
2166.00000000,DELIVERY10,DELIVERY15,0.01778788
2166.00000000,DELIVERY12,DELIVERY14,0.00000000
2167.00000000,DELIVERY10,DELIVERY15,0.01778788
2167.00000000,DELIVERY12,DELIVERY14,0.00000000
2168.00000000,DELIVERY10,DELIVERY15,0.01778788
2168.00000000,DELIVERY12,DELIVERY14,0.00000000
2169.00000000,DELIVERY10,DELIVERY15,0.01778788
2169.00000000,DELIVERY12,DELIVERY14,0.00000000
2170.00000000,DELIVERY10,DELIVERY15,0.01778788
2170.00000000,DELIVERY12,DELIVERY14,0.00000000
2171.00000000,DELIVERY10,DELIVERY15,0.01778788
2171.00000000,DELIVERY12,DELIVERY14,0.00000000
2172.00000000,DELIVERY10,DELIVERY15,0.01778788
2172.00000000,DELIVERY12,DELIVERY14,0.00000000
2173.00000000,DELIVERY12,DELIVERY14,0.00000000
2174.00000000,DELIVERY12,DELIVERY14,0.00000000
2175.00000000,DELIVERY12,DELIVERY14,0.00000000
2176.00000000,DELIVERY12,DELIVERY14,0.00000000
2177.00000000,DELIVERY10,DELIVERY15,0.55683429
2177.00000000,DELIVERY12,DELIVERY14,0.00000000
2178.00000000,DELIVERY12,DELIVERY14,0.00000000
2179.00000000,DELIVERY12,DELIVERY14,0.00000000
2180.00000000,DELIVERY12,DELIVERY14,0.00000000
2181.00000000,DELIVERY12,DELIVERY14,0.00000000
2182.00000000,DELIVERY12,DELIVERY14,0.00000000
2183.00000000,DELIVERY12,DELIVERY14,0.00000000
2184.00000000,DELIVERY12,DELIVERY14,0.00000000
2185.00000000,DELIVERY12,DELIVERY14,0.00000000
2194.00000000,DELIVERY12,DELIVERY14,0.00000000
2195.00000000,DELIVERY12,DELIVERY14,0.00000000
2196.00000000,DELIVERY12,DELIVERY14,0.00000000
2197.00000000,DELIVERY12,DELIVERY14,0.00000000
2198.00000000,DELIVERY12,DELIVERY14,0.00000000
2199.00000000,DELIVERY12,DELIVERY14,0.00000000
2200.00000000,DELIVERY12,DELIVERY14,0.00000000
2201.00000000,DELIVERY12,DELIVERY14,0.00000000
2202.00000000,DELIVERY12,DELIVERY14,0.00000000
2203.00000000,DELIVERY12,DELIVERY14,0.00000000
2204.00000000,DELIVERY12,DELIVERY14,0.00000000
2205.00000000,DELIVERY12,DELIVERY14,0.00000000
2206.00000000,DELIVERY12,DELIVERY14,0.00000000
2207.00000000,DELIVERY12,DELIVERY14,0.00000000
2208.00000000,DELIVERY12,DELIVERY14,0.00000000
2209.00000000,DELIVERY12,DELIVERY14,0.00000000
2210.00000000,DELIVERY12,DELIVERY14,0.00000000
2211.00000000,DELIVERY12,DELIVERY14,0.00000000
2212.00000000,DELIVERY12,DELIVERY14,0.00000000
2213.00000000,DELIVERY12,DELIVERY14,0.00000000
2214.00000000,DELIVERY12,DELIVERY14,0.00000000
2215.00000000,DELIVERY12,DELIVERY14,0.00000000
2216.00000000,DELIVERY12,DELIVERY14,0.00000000
2217.00000000,DELIVERY12,DELIVERY14,0.00000000
2218.00000000,DELIVERY12,DELIVERY14,0.00000000
2219.00000000,DELIVERY12,DELIVERY14,0.00000000
2220.00000000,DELIVERY12,DELIVERY14,0.00000000
2221.00000000,DELIVERY12,DELIVERY14,0.00000000
2222.00000000,DELIVERY12,DELIVERY14,0.00000000
2223.00000000,DELIVERY12,DELIVERY14,0.00000000
2224.00000000,DELIVERY12,DELIVERY14,0.00000000
2225.00000000,DELIVERY12,DELIVERY14,0.00000000
2226.00000000,DELIVERY12,DELIVERY14,0.00000000
2227.00000000,DELIVERY12,DELIVERY14,0.00000000
2228.00000000,DELIVERY12,DELIVERY14,0.00000000
2229.00000000,DELIVERY12,DELIVERY14,0.00000000
2230.00000000,DELIVERY12,DELIVERY14,0.00000000
2231.00000000,DELIVERY12,DELIVERY14,0.00000000
2232.00000000,DELIVERY12,DELIVERY14,0.00000000
2233.00000000,DELIVERY12,DELIVERY14,0.00000000
2234.00000000,DELIVERY12,DELIVERY14,0.00000000
2235.00000000,DELIVERY12,DELIVERY14,0.00000000
2236.00000000,DELIVERY12,DELIVERY14,0.00000000
2237.00000000,DELIVERY12,DELIVERY14,0.00000000
2238.00000000,DELIVERY12,DELIVERY14,0.00000000
2239.00000000,DELIVERY12,DELIVERY14,0.00000000
2240.00000000,DELIVERY12,DELIVERY14,0.00000000
2241.00000000,DELIVERY12,DELIVERY14,0.00000000
2242.00000000,DELIVERY12,DELIVERY14,0.00000000
2243.00000000,DELIVERY12,DELIVERY14,0.00000000
2244.00000000,DELIVERY12,DELIVERY14,0.00000000
2245.00000000,DELIVERY12,DELIVERY14,0.00000000
2246.00000000,DELIVERY12,DELIVERY14,0.00000000
2247.00000000,DELIVERY12,DELIVERY14,0.00000000
2248.00000000,DELIVERY12,DELIVERY14,0.00000000
2249.00000000,DELIVERY12,DELIVERY14,0.00000000
2250.00000000,DELIVERY12,DELIVERY14,0.00000000
2251.00000000,DELIVERY12,DELIVERY14,0.00000000
2252.00000000,DELIVERY12,DELIVERY14,0.00000000
2253.00000000,DELIVERY12,DELIVERY14,0.00000000
2254.00000000,DELIVERY12,DELIVERY14,0.00000000
2255.00000000,DELIVERY12,DELIVERY14,0.00000000
2256.00000000,DELIVERY12,DELIVERY14,0.00000000
2257.00000000,DELIVERY12,DELIVERY14,0.00000000
2258.00000000,DELIVERY12,DELIVERY14,0.00000000
2259.00000000,DELIVERY12,DELIVERY14,0.00000000
2260.00000000,DELIVERY12,DELIVERY14,0.00000000
2261.00000000,DELIVERY12,DELIVERY14,0.00000000
2262.00000000,DELIVERY12,DELIVERY14,0.00000000
2263.00000000,DELIVERY12,DELIVERY14,0.00000000
2264.00000000,DELIVERY12,DELIVERY14,0.00000000
2265.00000000,DELIVERY12,DELIVERY14,0.00000000
2266.00000000,DELIVERY12,DELIVERY14,0.00000000
2267.00000000,DELIVERY12,DELIVERY14,0.00000000
2268.00000000,DELIVERY12,DELIVERY14,0.00000000
2269.00000000,DELIVERY12,DELIVERY14,0.00000000
2270.00000000,DELIVERY12,DELIVERY14,0.00000000
2271.00000000,DELIVERY12,DELIVERY14,0.00000000
2272.00000000,DELIVERY12,DELIVERY14,0.00000000
2273.00000000,DELIVERY12,DELIVERY14,0.00000000
2274.00000000,DELIVERY12,DELIVERY14,0.00000000
2275.00000000,DELIVERY12,DELIVERY14,0.00000000
2276.00000000,DELIVERY12,DELIVERY14,0.00000000
2277.00000000,DELIVERY12,DELIVERY14,0.00000000
2278.00000000,DELIVERY12,DELIVERY14,0.00000000
2279.00000000,DELIVERY12,DELIVERY14,0.00000000
2280.00000000,DELIVERY12,DELIVERY14,0.00000000
2281.00000000,DELIVERY12,DELIVERY14,0.00000000
2282.00000000,DELIVERY12,DELIVERY14,0.00000000
2283.00000000,DELIVERY12,DELIVERY14,0.00000000
2284.00000000,DELIVERY12,DELIVERY14,0.00000000
2285.00000000,DELIVERY12,DELIVERY14,0.00000000
2286.00000000,DELIVERY12,DELIVERY14,0.00000000
2287.00000000,DELIVERY12,DELIVERY14,0.00000000
2288.00000000,DELIVERY12,DELIVERY14,0.00000000
2289.00000000,DELIVERY12,DELIVERY14,0.00000000
2290.00000000,DELIVERY12,DELIVERY14,0.00000000
2291.00000000,DELIVERY12,DELIVERY14,0.00000000
2292.00000000,DELIVERY12,DELIVERY14,0.00000000
2293.00000000,DELIVERY12,DELIVERY14,0.00000000
2294.00000000,DELIVERY12,DELIVERY14,0.00000000
2295.00000000,DELIVERY12,DELIVERY14,0.00000000
2296.00000000,DELIVERY12,DELIVERY14,0.00000000
2297.00000000,DELIVERY12,DELIVERY14,0.00000000
2298.00000000,DELIVERY12,DELIVERY14,0.00000000
2299.00000000,DELIVERY12,DELIVERY14,0.00000000
2300.00000000,DELIVERY12,DELIVERY14,0.00000000
2301.00000000,DELIVERY12,DELIVERY14,0.00000000
2302.00000000,DELIVERY12,DELIVERY14,0.00000000
2303.00000000,DELIVERY12,DELIVERY14,0.00000000
2304.00000000,DELIVERY12,DELIVERY14,0.00000000
2305.00000000,DELIVERY12,DELIVERY14,0.00000000
2306.00000000,DELIVERY12,DELIVERY14,0.00000000
2307.00000000,DELIVERY12,DELIVERY14,0.00000000
2308.00000000,DELIVERY12,DELIVERY14,0.00000000
2309.00000000,DELIVERY12,DELIVERY14,0.00000000
2310.00000000,DELIVERY12,DELIVERY14,0.00000000
2311.00000000,DELIVERY12,DELIVERY14,0.00000000
2312.00000000,DELIVERY12,DELIVERY14,0.00000000
2313.00000000,DELIVERY12,DELIVERY14,0.00000000
2314.00000000,DELIVERY12,DELIVERY14,0.00000000
2315.00000000,DELIVERY12,DELIVERY14,0.00000000
2316.00000000,DELIVERY12,DELIVERY14,0.00000000
2317.00000000,DELIVERY12,DELIVERY14,0.00000000
2318.00000000,DELIVERY12,DELIVERY14,0.00000000
2319.00000000,DELIVERY12,DELIVERY14,0.00000000
2320.00000000,DELIVERY12,DELIVERY14,0.00000000
2321.00000000,DELIVERY12,DELIVERY14,0.00000000
2322.00000000,DELIVERY12,DELIVERY14,0.00000000
2323.00000000,DELIVERY12,DELIVERY14,0.00000000
2324.00000000,DELIVERY12,DELIVERY14,0.00000000
2325.00000000,DELIVERY12,DELIVERY14,0.00000000
2326.00000000,DELIVERY12,DELIVERY14,0.00000000
2327.00000000,DELIVERY12,DELIVERY14,0.00000000
2328.00000000,DELIVERY12,DELIVERY14,0.00000000
2329.00000000,DELIVERY12,DELIVERY14,0.00000000
2347.00000000,DELIVERY12,DELIVERY14,0.00000000
2348.00000000,DELIVERY12,DELIVERY14,0.00000000
2349.00000000,DELIVERY12,DELIVERY14,0.00000000
2350.00000000,DELIVERY12,DELIVERY14,0.00000000
2351.00000000,DELIVERY12,DELIVERY14,0.00000000
2352.00000000,DELIVERY12,DELIVERY14,0.00000000
2353.00000000,DELIVERY12,DELIVERY14,0.00000000
2354.00000000,DELIVERY12,DELIVERY14,0.00000000
2355.00000000,DELIVERY12,DELIVERY14,0.00000000
2356.00000000,DELIVERY12,DELIVERY14,0.00000000
2357.00000000,DELIVERY12,DELIVERY14,0.00000000
2358.00000000,DELIVERY12,DELIVERY14,0.00000000
2359.00000000,DELIVERY12,DELIVERY14,0.00000000
2360.00000000,DELIVERY12,DELIVERY14,0.00000000
2361.00000000,DELIVERY12,DELIVERY14,0.00000000
2362.00000000,DELIVERY12,DELIVERY14,0.00000000
2363.00000000,DELIVERY12,DELIVERY14,0.00000000
2364.00000000,DELIVERY12,DELIVERY14,0.00000000
2365.00000000,DELIVERY12,DELIVERY14,0.00000000
2366.00000000,DELIVERY12,DELIVERY14,0.00000000
2367.00000000,DELIVERY12,DELIVERY14,0.00000000
2368.00000000,DELIVERY12,DELIVERY14,0.00000000
2369.00000000,DELIVERY12,DELIVERY14,0.00000000
2370.00000000,DELIVERY12,DELIVERY14,0.00000000
2371.00000000,DELIVERY12,DELIVERY14,0.00000000
2372.00000000,DELIVERY12,DELIVERY14,0.00000000
2373.00000000,DELIVERY12,DELIVERY14,0.00000000
2374.00000000,DELIVERY12,DELIVERY14,0.00000000
2375.00000000,DELIVERY12,DELIVERY14,0.00000000
2376.00000000,DELIVERY12,DELIVERY14,0.00000000
2377.00000000,DELIVERY12,DELIVERY14,0.00000000
2378.00000000,DELIVERY12,DELIVERY14,0.00000000
2379.00000000,DELIVERY12,DELIVERY14,0.00000000
2380.00000000,DELIVERY12,DELIVERY14,0.00000000
2381.00000000,DELIVERY12,DELIVERY14,0.00000000
2382.00000000,DELIVERY12,DELIVERY14,0.02096451
2383.00000000,DELIVERY12,DELIVERY14,0.02096451
2384.00000000,DELIVERY12,DELIVERY14,0.02096451
2385.00000000,DELIVERY12,DELIVERY14,0.02096451
2386.00000000,DELIVERY12,DELIVERY14,0.02096451
2387.00000000,DELIVERY12,DELIVERY14,0.02096451
2388.00000000,DELIVERY12,DELIVERY14,0.02096451
2389.00000000,DELIVERY12,DELIVERY14,0.02096451
2390.00000000,DELIVERY12,DELIVERY14,0.02096451
2391.00000000,DELIVERY12,DELIVERY14,0.02096451
2392.00000000,DELIVERY12,DELIVERY14,0.02096451
2393.00000000,DELIVERY12,DELIVERY14,0.02096451
2394.00000000,DELIVERY12,DELIVERY14,0.02096451
2395.00000000,DELIVERY12,DELIVERY14,0.02096451
2396.00000000,DELIVERY12,DELIVERY14,0.02096451
2397.00000000,DELIVERY12,DELIVERY14,0.02096451
2398.00000000,DELIVERY12,DELIVERY14,0.23886876
2501.00000000,DELIVERY12,DELIVERY14,0.06707897
2701.00000000,DELIVERY17,DELIVERY20,0.00000000
2701.00000000,DELIVERY18,DELIVERY19,0.00000000
2702.00000000,DELIVERY17,DELIVERY20,0.00000000
2702.00000000,DELIVERY18,DELIVERY19,0.00000000
2703.00000000,DELIVERY17,DELIVERY20,0.00000000
2703.00000000,DELIVERY18,DELIVERY19,0.00000000
2704.00000000,DELIVERY17,DELIVERY20,0.00000000
2704.00000000,DELIVERY18,DELIVERY19,0.00000000
2705.00000000,DELIVERY17,DELIVERY20,0.00000000
2705.00000000,DELIVERY18,DELIVERY19,0.00000000
2706.00000000,DELIVERY17,DELIVERY20,0.00000000
2706.00000000,DELIVERY18,DELIVERY19,0.00000000
2707.00000000,DELIVERY17,DELIVERY20,0.00000000
2707.00000000,DELIVERY18,DELIVERY19,0.00000000
2708.00000000,DELIVERY17,DELIVERY20,0.00000000
2708.00000000,DELIVERY18,DELIVERY19,0.00000000
2709.00000000,DELIVERY17,DELIVERY20,0.00000000
2709.00000000,DELIVERY18,DELIVERY19,0.00000000
2710.00000000,DELIVERY17,DELIVERY20,0.00000000
2710.00000000,DELIVERY18,DELIVERY19,0.00000000
2711.00000000,DELIVERY17,DELIVERY20,0.00000000
2711.00000000,DELIVERY18,DELIVERY19,0.00000000
2712.00000000,DELIVERY17,DELIVERY20,0.00000000
2712.00000000,DELIVERY18,DELIVERY19,0.00000000
2713.00000000,DELIVERY17,DELIVERY20,0.00000000
2713.00000000,DELIVERY18,DELIVERY19,0.00000000
2714.00000000,DELIVERY17,DELIVERY20,0.00000000
2714.00000000,DELIVERY18,DELIVERY19,0.00000000
2715.00000000,DELIVERY17,DELIVERY20,0.00000000
2715.00000000,DELIVERY18,DELIVERY19,0.00000000
2716.00000000,DELIVERY17,DELIVERY20,0.00000000
2716.00000000,DELIVERY18,DELIVERY19,0.00000000
2717.00000000,DELIVERY17,DELIVERY20,0.00000000
2717.00000000,DELIVERY18,DELIVERY19,0.00000000
2718.00000000,DELIVERY17,DELIVERY20,0.00000000
2718.00000000,DELIVERY18,DELIVERY19,0.00000000
2719.00000000,DELIVERY17,DELIVERY20,0.00000000
2719.00000000,DELIVERY18,DELIVERY19,0.00000000
2720.00000000,DELIVERY17,DELIVERY20,0.00000000
2720.00000000,DELIVERY18,DELIVERY19,0.00000000
2721.00000000,DELIVERY17,DELIVERY20,0.00000000
2721.00000000,DELIVERY18,DELIVERY19,0.00000000
2722.00000000,DELIVERY17,DELIVERY20,0.00000000
2722.00000000,DELIVERY18,DELIVERY19,0.00000000
2723.00000000,DELIVERY17,DELIVERY20,0.00000000
2723.00000000,DELIVERY18,DELIVERY19,0.00000000
2724.00000000,DELIVERY17,DELIVERY20,0.00000000
2724.00000000,DELIVERY18,DELIVERY19,0.00000000
2725.00000000,DELIVERY17,DELIVERY20,0.00000000
2725.00000000,DELIVERY18,DELIVERY19,0.00000000
2726.00000000,DELIVERY17,DELIVERY20,0.00000000
2726.00000000,DELIVERY18,DELIVERY19,0.00000000
2727.00000000,DELIVERY17,DELIVERY20,0.00000000
2727.00000000,DELIVERY18,DELIVERY19,0.00000000
2728.00000000,DELIVERY17,DELIVERY20,0.00000000
2728.00000000,DELIVERY18,DELIVERY19,0.00000000
2729.00000000,DELIVERY17,DELIVERY20,0.00000000
2729.00000000,DELIVERY18,DELIVERY19,0.00000000
2730.00000000,DELIVERY17,DELIVERY20,0.00000000
2730.00000000,DELIVERY18,DELIVERY19,0.00000000
2731.00000000,DELIVERY17,DELIVERY20,0.00000000
2731.00000000,DELIVERY18,DELIVERY19,0.00000000
2732.00000000,DELIVERY17,DELIVERY20,0.00000000
2732.00000000,DELIVERY18,DELIVERY19,0.00000000
2733.00000000,DELIVERY17,DELIVERY20,0.00000000
2733.00000000,DELIVERY18,DELIVERY19,0.00000000
2734.00000000,DELIVERY17,DELIVERY20,0.00000000
2734.00000000,DELIVERY18,DELIVERY19,0.00000000
2735.00000000,DELIVERY17,DELIVERY20,0.00000000
2735.00000000,DELIVERY18,DELIVERY19,0.00000000
2736.00000000,DELIVERY17,DELIVERY20,0.00000000
2736.00000000,DELIVERY18,DELIVERY19,0.00000000
2737.00000000,DELIVERY17,DELIVERY20,0.00000000
2737.00000000,DELIVERY18,DELIVERY19,0.00000000
2738.00000000,DELIVERY17,DELIVERY20,0.00000000
2738.00000000,DELIVERY18,DELIVERY19,0.00000000
2739.00000000,DELIVERY17,DELIVERY20,0.00000000
2739.00000000,DELIVERY18,DELIVERY19,0.00000000
2740.00000000,DELIVERY17,DELIVERY20,0.00000000
2740.00000000,DELIVERY18,DELIVERY19,0.00000000
2741.00000000,DELIVERY17,DELIVERY20,0.00000000
2741.00000000,DELIVERY18,DELIVERY19,0.00000000
2742.00000000,DELIVERY17,DELIVERY20,0.00000000
2742.00000000,DELIVERY18,DELIVERY19,0.00000000
2743.00000000,DELIVERY17,DELIVERY20,0.00000000
2743.00000000,DELIVERY18,DELIVERY19,0.00000000
2744.00000000,DELIVERY17,DELIVERY20,0.00000000
2744.00000000,DELIVERY18,DELIVERY19,0.00000000
2745.00000000,DELIVERY17,DELIVERY20,0.00000000
2745.00000000,DELIVERY18,DELIVERY19,0.00000000
2746.00000000,DELIVERY17,DELIVERY20,0.00000000
2746.00000000,DELIVERY18,DELIVERY19,0.00000000
2747.00000000,DELIVERY17,DELIVERY20,0.00000000
2747.00000000,DELIVERY18,DELIVERY19,0.00000000
2748.00000000,DELIVERY17,DELIVERY20,0.00000000
2748.00000000,DELIVERY18,DELIVERY19,0.00000000
2749.00000000,DELIVERY17,DELIVERY20,0.00000000
2749.00000000,DELIVERY18,DELIVERY19,0.00000000
2750.00000000,DELIVERY17,DELIVERY20,0.00000000
2750.00000000,DELIVERY18,DELIVERY19,0.00000000
2751.00000000,DELIVERY17,DELIVERY20,0.00000000
2751.00000000,DELIVERY18,DELIVERY19,0.00000000
2752.00000000,DELIVERY17,DELIVERY20,0.00000000
2752.00000000,DELIVERY18,DELIVERY19,0.00000000
2753.00000000,DELIVERY17,DELIVERY20,0.00000000
2753.00000000,DELIVERY18,DELIVERY19,0.00000000
2754.00000000,DELIVERY17,DELIVERY20,0.00000000
2754.00000000,DELIVERY18,DELIVERY19,0.00000000
2755.00000000,DELIVERY17,DELIVERY20,0.00000000
2755.00000000,DELIVERY18,DELIVERY19,0.00000000
2756.00000000,DELIVERY17,DELIVERY20,0.00000000
2756.00000000,DELIVERY18,DELIVERY19,0.00000000
2757.00000000,DELIVERY17,DELIVERY20,0.00000000
2757.00000000,DELIVERY18,DELIVERY19,0.00000000
2758.00000000,DELIVERY17,DELIVERY20,0.00000000
2758.00000000,DELIVERY18,DELIVERY19,0.00000000
2759.00000000,DELIVERY17,DELIVERY20,0.00000000
2759.00000000,DELIVERY18,DELIVERY19,0.00000000
2760.00000000,DELIVERY17,DELIVERY20,0.00000000
2760.00000000,DELIVERY18,DELIVERY19,0.00000000
2761.00000000,DELIVERY17,DELIVERY20,0.00000000
2761.00000000,DELIVERY18,DELIVERY19,0.00000000
2762.00000000,DELIVERY17,DELIVERY20,0.00000000
2762.00000000,DELIVERY18,DELIVERY19,0.00000000
2763.00000000,DELIVERY17,DELIVERY20,0.00000000
2763.00000000,DELIVERY18,DELIVERY19,0.00000000
2764.00000000,DELIVERY17,DELIVERY20,0.00000000
2764.00000000,DELIVERY18,DELIVERY19,0.00000000
2765.00000000,DELIVERY17,DELIVERY20,0.00000000
2765.00000000,DELIVERY18,DELIVERY19,0.00000000
2766.00000000,DELIVERY17,DELIVERY20,0.00000000
2766.00000000,DELIVERY18,DELIVERY19,0.00000000
2767.00000000,DELIVERY17,DELIVERY20,0.00000000
2767.00000000,DELIVERY18,DELIVERY19,0.00000000
2768.00000000,DELIVERY17,DELIVERY20,0.00000000
2768.00000000,DELIVERY18,DELIVERY19,0.00000000
2769.00000000,DELIVERY17,DELIVERY20,0.00000000
2769.00000000,DELIVERY18,DELIVERY19,0.00000000
2770.00000000,DELIVERY17,DELIVERY20,0.00000000
2770.00000000,DELIVERY18,DELIVERY19,0.00000000
2771.00000000,DELIVERY17,DELIVERY20,0.00000000
2771.00000000,DELIVERY18,DELIVERY19,0.00000000
2772.00000000,DELIVERY17,DELIVERY20,0.00000000
2772.00000000,DELIVERY18,DELIVERY19,0.00000000
2773.00000000,DELIVERY17,DELIVERY20,0.00000000
2773.00000000,DELIVERY18,DELIVERY19,0.00000000
2774.00000000,DELIVERY17,DELIVERY20,0.00000000
2774.00000000,DELIVERY18,DELIVERY19,0.00000000
2775.00000000,DELIVERY17,DELIVERY20,0.00000000
2775.00000000,DELIVERY18,DELIVERY19,0.00000000
2776.00000000,DELIVERY17,DELIVERY20,0.00000000
2776.00000000,DELIVERY18,DELIVERY19,0.00000000
2777.00000000,DELIVERY17,DELIVERY20,0.00000000
2777.00000000,DELIVERY18,DELIVERY19,0.00000000
2778.00000000,DELIVERY17,DELIVERY20,0.00000000
2778.00000000,DELIVERY18,DELIVERY19,0.00000000
2779.00000000,DELIVERY17,DELIVERY20,0.00000000
2779.00000000,DELIVERY18,DELIVERY19,0.00000000
2780.00000000,DELIVERY17,DELIVERY20,0.00000000
2780.00000000,DELIVERY18,DELIVERY19,0.00000000
2781.00000000,DELIVERY17,DELIVERY20,0.00000000
2781.00000000,DELIVERY18,DELIVERY19,0.00000000
2782.00000000,DELIVERY17,DELIVERY20,0.00000000
2782.00000000,DELIVERY18,DELIVERY19,0.00000000
2783.00000000,DELIVERY17,DELIVERY20,0.00000000
2783.00000000,DELIVERY18,DELIVERY19,0.00000000
2784.00000000,DELIVERY17,DELIVERY20,0.00000000
2784.00000000,DELIVERY18,DELIVERY19,0.00000000
2785.00000000,DELIVERY17,DELIVERY20,0.00000000
2785.00000000,DELIVERY18,DELIVERY19,0.00000000
2786.00000000,DELIVERY18,DELIVERY19,0.00000000
2787.00000000,DELIVERY18,DELIVERY19,0.00000000
2788.00000000,DELIVERY18,DELIVERY19,0.00000000
2789.00000000,DELIVERY18,DELIVERY19,0.00000000
2790.00000000,DELIVERY18,DELIVERY19,0.00000000
2791.00000000,DELIVERY18,DELIVERY19,0.00000000
2792.00000000,DELIVERY18,DELIVERY19,0.00000000
2793.00000000,DELIVERY18,DELIVERY19,0.00000000
2794.00000000,DELIVERY17,DELIVERY20,0.00418965
2794.00000000,DELIVERY18,DELIVERY19,0.00000000
2795.00000000,DELIVERY18,DELIVERY19,0.00000000
2796.00000000,DELIVERY17,DELIVERY20,2.87921779
2796.00000000,DELIVERY18,DELIVERY19,0.00000000
2797.00000000,DELIVERY18,DELIVERY19,0.00000000
2798.00000000,DELIVERY18,DELIVERY19,0.00000000
2799.00000000,DELIVERY18,DELIVERY19,0.00000000
2800.00000000,DELIVERY18,DELIVERY19,0.00000000
2801.00000000,DELIVERY18,DELIVERY19,0.00000000
2802.00000000,DELIVERY18,DELIVERY19,0.00000000
2803.00000000,DELIVERY18,DELIVERY19,0.00000000
2804.00000000,DELIVERY18,DELIVERY19,0.00000000
2805.00000000,DELIVERY18,DELIVERY19,0.00000000
2806.00000000,DELIVERY18,DELIVERY19,0.00000000
2807.00000000,DELIVERY18,DELIVERY19,0.00000000
2808.00000000,DELIVERY18,DELIVERY19,0.00000000
2809.00000000,DELIVERY18,DELIVERY19,0.00000000
2810.00000000,DELIVERY18,DELIVERY19,0.00000000
2811.00000000,DELIVERY18,DELIVERY19,0.00000000
2812.00000000,DELIVERY18,DELIVERY19,0.00000000
2813.00000000,DELIVERY18,DELIVERY19,0.00000000
2814.00000000,DELIVERY18,DELIVERY19,0.00000000
2815.00000000,DELIVERY18,DELIVERY19,0.00000000
2816.00000000,DELIVERY18,DELIVERY19,0.00000000
2817.00000000,DELIVERY18,DELIVERY19,0.00000000
2818.00000000,DELIVERY18,DELIVERY19,0.00000000
2819.00000000,DELIVERY18,DELIVERY19,0.00000000
2820.00000000,DELIVERY18,DELIVERY19,0.00000000
2821.00000000,DELIVERY18,DELIVERY19,0.00000000
2822.00000000,DELIVERY18,DELIVERY19,0.00000000
2823.00000000,DELIVERY18,DELIVERY19,0.00000000
2824.00000000,DELIVERY18,DELIVERY19,0.00000000
2825.00000000,DELIVERY18,DELIVERY19,0.00000000
2826.00000000,DELIVERY18,DELIVERY19,0.00000000
2827.00000000,DELIVERY18,DELIVERY19,0.00000000
2828.00000000,DELIVERY18,DELIVERY19,0.00000000
2829.00000000,DELIVERY18,DELIVERY19,0.00000000
2830.00000000,DELIVERY18,DELIVERY19,0.00000000
2831.00000000,DELIVERY18,DELIVERY19,0.00000000
2832.00000000,DELIVERY18,DELIVERY19,0.00000000
2833.00000000,DELIVERY18,DELIVERY19,0.00000000
2834.00000000,DELIVERY18,DELIVERY19,0.00000000
2835.00000000,DELIVERY18,DELIVERY19,0.00000000
2836.00000000,DELIVERY18,DELIVERY19,0.00000000
2837.00000000,DELIVERY18,DELIVERY19,0.00000000
2838.00000000,DELIVERY18,DELIVERY19,0.00000000
2839.00000000,DELIVERY18,DELIVERY19,0.00000000
2840.00000000,DELIVERY18,DELIVERY19,0.00000000
2841.00000000,DELIVERY18,DELIVERY19,0.00000000
2842.00000000,DELIVERY18,DELIVERY19,0.00000000
2843.00000000,DELIVERY18,DELIVERY19,0.00000000
2844.00000000,DELIVERY18,DELIVERY19,0.00000000
2845.00000000,DELIVERY18,DELIVERY19,0.00000000
2846.00000000,DELIVERY18,DELIVERY19,0.00000000
2847.00000000,DELIVERY18,DELIVERY19,0.00000000
2848.00000000,DELIVERY18,DELIVERY19,0.00000000
2849.00000000,DELIVERY18,DELIVERY19,0.00000000
2850.00000000,DELIVERY18,DELIVERY19,0.00000000
2851.00000000,DELIVERY18,DELIVERY19,0.00000000
2852.00000000,DELIVERY18,DELIVERY19,0.00000000
2853.00000000,DELIVERY18,DELIVERY19,0.00000000
2854.00000000,DELIVERY18,DELIVERY19,0.00000000
2855.00000000,DELIVERY18,DELIVERY19,0.00000000
2856.00000000,DELIVERY18,DELIVERY19,0.00000000
2857.00000000,DELIVERY18,DELIVERY19,0.00000000
2858.00000000,DELIVERY18,DELIVERY19,0.00000000
2859.00000000,DELIVERY18,DELIVERY19,0.00000000
2860.00000000,DELIVERY18,DELIVERY19,0.00000000
2861.00000000,DELIVERY18,DELIVERY19,0.00000000
2862.00000000,DELIVERY18,DELIVERY19,0.00000000
2863.00000000,DELIVERY18,DELIVERY19,0.00000000
2864.00000000,DELIVERY18,DELIVERY19,0.00000000
2865.00000000,DELIVERY18,DELIVERY19,0.00000000
2866.00000000,DELIVERY18,DELIVERY19,0.00000000
2867.00000000,DELIVERY18,DELIVERY19,0.00000000
2868.00000000,DELIVERY18,DELIVERY19,0.00000000
2869.00000000,DELIVERY18,DELIVERY19,0.00000000
2870.00000000,DELIVERY18,DELIVERY19,0.00000000
2871.00000000,DELIVERY18,DELIVERY19,0.00000000
2872.00000000,DELIVERY18,DELIVERY19,0.00000000
2873.00000000,DELIVERY18,DELIVERY19,0.00000000
2874.00000000,DELIVERY18,DELIVERY19,0.00000000
2875.00000000,DELIVERY18,DELIVERY19,0.00000000
2876.00000000,DELIVERY18,DELIVERY19,0.00000000
2877.00000000,DELIVERY18,DELIVERY19,0.00000000
2878.00000000,DELIVERY18,DELIVERY19,0.00000000
2879.00000000,DELIVERY18,DELIVERY19,0.00000000
2880.00000000,DELIVERY18,DELIVERY19,0.00000000
2881.00000000,DELIVERY18,DELIVERY19,0.00000000
2882.00000000,DELIVERY18,DELIVERY19,0.00000000
2883.00000000,DELIVERY18,DELIVERY19,0.00000000
2884.00000000,DELIVERY18,DELIVERY19,0.00000000
2885.00000000,DELIVERY18,DELIVERY19,0.00000000
2886.00000000,DELIVERY18,DELIVERY19,0.00000000
2887.00000000,DELIVERY18,DELIVERY19,0.00000000
2888.00000000,DELIVERY18,DELIVERY19,0.00000000
2889.00000000,DELIVERY18,DELIVERY19,0.00000000
2890.00000000,DELIVERY18,DELIVERY19,0.00000000
2891.00000000,DELIVERY18,DELIVERY19,0.00000000
2892.00000000,DELIVERY18,DELIVERY19,0.00000000
2893.00000000,DELIVERY18,DELIVERY19,0.00000000
2894.00000000,DELIVERY18,DELIVERY19,0.00000000
2895.00000000,DELIVERY18,DELIVERY19,0.00000000
2896.00000000,DELIVERY18,DELIVERY19,0.00000000
2897.00000000,DELIVERY18,DELIVERY19,0.00000000
2898.00000000,DELIVERY18,DELIVERY19,0.00000000
2899.00000000,DELIVERY18,DELIVERY19,0.00000000
2900.00000000,DELIVERY18,DELIVERY19,0.00000000
2901.00000000,DELIVERY18,DELIVERY19,0.00000000
2902.00000000,DELIVERY18,DELIVERY19,0.00000000
2903.00000000,DELIVERY18,DELIVERY19,0.00000000
2904.00000000,DELIVERY18,DELIVERY19,0.00000000
2905.00000000,DELIVERY18,DELIVERY19,0.00000000
2906.00000000,DELIVERY18,DELIVERY19,0.00000000
2907.00000000,DELIVERY18,DELIVERY19,0.00000000
2908.00000000,DELIVERY18,DELIVERY19,0.00000000
2909.00000000,DELIVERY18,DELIVERY19,0.00000000
2910.00000000,DELIVERY18,DELIVERY19,0.00000000
2911.00000000,DELIVERY18,DELIVERY19,0.00000000
2912.00000000,DELIVERY18,DELIVERY19,0.00000000
2913.00000000,DELIVERY18,DELIVERY19,0.00000000
2914.00000000,DELIVERY18,DELIVERY19,0.00000000
2915.00000000,DELIVERY18,DELIVERY19,0.00000000
2916.00000000,DELIVERY18,DELIVERY19,0.00000000
2917.00000000,DELIVERY18,DELIVERY19,0.00000000
2918.00000000,DELIVERY18,DELIVERY19,0.00000000
2922.00000000,DELIVERY18,DELIVERY19,0.00000000
2923.00000000,DELIVERY18,DELIVERY19,0.00000000
2924.00000000,DELIVERY18,DELIVERY19,0.00000000
2925.00000000,DELIVERY18,DELIVERY19,0.00000000
2926.00000000,DELIVERY18,DELIVERY19,0.00000000
2927.00000000,DELIVERY18,DELIVERY19,0.00000000
2928.00000000,DELIVERY18,DELIVERY19,0.00000000
2929.00000000,DELIVERY18,DELIVERY19,0.00000000
2930.00000000,DELIVERY18,DELIVERY19,0.00000000
2931.00000000,DELIVERY18,DELIVERY19,0.00000000
2932.00000000,DELIVERY18,DELIVERY19,0.00000000
2933.00000000,DELIVERY18,DELIVERY19,0.00000000
2934.00000000,DELIVERY18,DELIVERY19,0.00000000
2935.00000000,DELIVERY18,DELIVERY19,0.00000000
2936.00000000,DELIVERY18,DELIVERY19,0.00000000
2937.00000000,DELIVERY18,DELIVERY19,0.00000000
2938.00000000,DELIVERY18,DELIVERY19,0.00000000
2939.00000000,DELIVERY18,DELIVERY19,0.00000000
2940.00000000,DELIVERY18,DELIVERY19,0.00000000
2941.00000000,DELIVERY18,DELIVERY19,0.00000000
2942.00000000,DELIVERY18,DELIVERY19,0.00000000
2943.00000000,DELIVERY18,DELIVERY19,0.00000000
2944.00000000,DELIVERY18,DELIVERY19,0.00000000
2945.00000000,DELIVERY18,DELIVERY19,0.00000000
2946.00000000,DELIVERY18,DELIVERY19,0.00000000
2947.00000000,DELIVERY18,DELIVERY19,0.00000000
2948.00000000,DELIVERY18,DELIVERY19,0.00000000
2949.00000000,DELIVERY18,DELIVERY19,0.00000000
2950.00000000,DELIVERY18,DELIVERY19,0.00000000
2951.00000000,DELIVERY18,DELIVERY19,0.00000000
2952.00000000,DELIVERY18,DELIVERY19,0.00000000
2953.00000000,DELIVERY18,DELIVERY19,0.00000000
2954.00000000,DELIVERY18,DELIVERY19,0.00000000
2955.00000000,DELIVERY18,DELIVERY19,0.00000000
2956.00000000,DELIVERY18,DELIVERY19,0.00000000
2957.00000000,DELIVERY18,DELIVERY19,0.00000000
2958.00000000,DELIVERY18,DELIVERY19,0.00000000
2959.00000000,DELIVERY18,DELIVERY19,0.00000000
2960.00000000,DELIVERY18,DELIVERY19,0.00000000
2961.00000000,DELIVERY18,DELIVERY19,0.00000000
2962.00000000,DELIVERY18,DELIVERY19,0.00000000
2963.00000000,DELIVERY18,DELIVERY19,0.00000000
2964.00000000,DELIVERY18,DELIVERY19,0.00000000
2965.00000000,DELIVERY18,DELIVERY19,0.00000000
2966.00000000,DELIVERY18,DELIVERY19,0.00000000
2967.00000000,DELIVERY18,DELIVERY19,0.00000000
2968.00000000,DELIVERY18,DELIVERY19,0.00000000
2969.00000000,DELIVERY18,DELIVERY19,0.00000000
2970.00000000,DELIVERY18,DELIVERY19,0.00000000
2971.00000000,DELIVERY18,DELIVERY19,0.00000000
2972.00000000,DELIVERY18,DELIVERY19,0.00000000
2973.00000000,DELIVERY18,DELIVERY19,0.00000000
2974.00000000,DELIVERY18,DELIVERY19,0.00000000
2975.00000000,DELIVERY18,DELIVERY19,0.00000000
2976.00000000,DELIVERY18,DELIVERY19,0.00000000
2977.00000000,DELIVERY18,DELIVERY19,0.00000000
2978.00000000,DELIVERY18,DELIVERY19,0.00000000
2979.00000000,DELIVERY18,DELIVERY19,0.00000000
2980.00000000,DELIVERY18,DELIVERY19,0.00000000
2981.00000000,DELIVERY18,DELIVERY19,0.00000000
2982.00000000,DELIVERY18,DELIVERY19,0.00000000
2983.00000000,DELIVERY18,DELIVERY19,0.00000000
2984.00000000,DELIVERY18,DELIVERY19,0.00000000
2985.00000000,DELIVERY18,DELIVERY19,0.00000000
2986.00000000,DELIVERY18,DELIVERY19,0.00000000
2987.00000000,DELIVERY18,DELIVERY19,0.00000000
2988.00000000,DELIVERY18,DELIVERY19,0.00000000
2989.00000000,DELIVERY18,DELIVERY19,0.00000000
2990.00000000,DELIVERY18,DELIVERY19,0.00000000
2991.00000000,DELIVERY18,DELIVERY19,0.00000000
2992.00000000,DELIVERY18,DELIVERY19,0.00000000
2993.00000000,DELIVERY18,DELIVERY19,0.00000000
2994.00000000,DELIVERY18,DELIVERY19,0.00000000
2995.00000000,DELIVERY18,DELIVERY19,0.00000000
2996.00000000,DELIVERY18,DELIVERY19,0.00000000
2997.00000000,DELIVERY18,DELIVERY19,0.00000000
2998.00000000,DELIVERY18,DELIVERY19,0.00000000
2999.00000000,DELIVERY18,DELIVERY19,0.00000000
3000.00000000,DELIVERY18,DELIVERY19,0.00000000
3001.00000000,DELIVERY18,DELIVERY19,0.00000000
3001.00000000,DELIVERY21,DELIVERY22,0.00000000
3002.00000000,DELIVERY18,DELIVERY19,0.00000000
3002.00000000,DELIVERY21,DELIVERY22,0.00000000
3003.00000000,DELIVERY18,DELIVERY19,0.00000000
3003.00000000,DELIVERY21,DELIVERY22,0.00000000
3004.00000000,DELIVERY18,DELIVERY19,0.00000000
3004.00000000,DELIVERY21,DELIVERY22,0.00000000
3005.00000000,DELIVERY21,DELIVERY22,0.00000000
3005.00000000,DELIVERY18,DELIVERY19,0.00000000
3006.00000000,DELIVERY21,DELIVERY22,0.00000000
3006.00000000,DELIVERY18,DELIVERY19,0.00000000
3007.00000000,DELIVERY21,DELIVERY22,0.00000000
3008.00000000,DELIVERY21,DELIVERY22,0.00000000
3009.00000000,DELIVERY21,DELIVERY22,0.00000000
3010.00000000,DELIVERY21,DELIVERY22,0.00000000
3011.00000000,DELIVERY21,DELIVERY22,0.00000000
3012.00000000,DELIVERY21,DELIVERY22,0.00000000
3013.00000000,DELIVERY21,DELIVERY22,0.00000000
3014.00000000,DELIVERY21,DELIVERY22,0.00000000
3015.00000000,DELIVERY21,DELIVERY22,0.00000000
3016.00000000,DELIVERY21,DELIVERY22,0.00000000
3017.00000000,DELIVERY21,DELIVERY22,0.00000000
3021.00000000,DELIVERY21,DELIVERY22,0.00000000
3022.00000000,DELIVERY21,DELIVERY22,0.00000000
3023.00000000,DELIVERY21,DELIVERY22,0.00000000
3024.00000000,DELIVERY21,DELIVERY22,0.00000000
3025.00000000,DELIVERY21,DELIVERY22,0.00000000
3026.00000000,DELIVERY21,DELIVERY22,0.00000000
3027.00000000,DELIVERY21,DELIVERY22,0.00000000
3028.00000000,DELIVERY21,DELIVERY22,0.00000000
3029.00000000,DELIVERY21,DELIVERY22,0.00000000
3030.00000000,DELIVERY21,DELIVERY22,0.00000000
3031.00000000,DELIVERY21,DELIVERY22,0.00000000
3032.00000000,DELIVERY21,DELIVERY22,0.00000000
3033.00000000,DELIVERY21,DELIVERY22,0.00000000
3034.00000000,DELIVERY21,DELIVERY22,0.00000000
3035.00000000,DELIVERY21,DELIVERY22,0.00000000
3036.00000000,DELIVERY21,DELIVERY22,0.00000000
3037.00000000,DELIVERY21,DELIVERY22,0.00000000
3038.00000000,DELIVERY21,DELIVERY22,0.00000000
3039.00000000,DELIVERY21,DELIVERY22,0.00000000
3040.00000000,DELIVERY21,DELIVERY22,0.00000000
3041.00000000,DELIVERY21,DELIVERY22,0.00000000
3042.00000000,DELIVERY21,DELIVERY22,0.00000000
3043.00000000,DELIVERY21,DELIVERY22,0.00000000
3044.00000000,DELIVERY21,DELIVERY22,0.00000000
3045.00000000,DELIVERY21,DELIVERY22,0.00000000
3046.00000000,DELIVERY21,DELIVERY22,0.00000000
3047.00000000,DELIVERY21,DELIVERY22,0.00000000
3048.00000000,DELIVERY21,DELIVERY22,0.00000000
3049.00000000,DELIVERY21,DELIVERY22,0.00000000
3050.00000000,DELIVERY21,DELIVERY22,0.00000000
3058.00000000,DELIVERY21,DELIVERY22,0.00000000
3059.00000000,DELIVERY21,DELIVERY22,0.00000000
3060.00000000,DELIVERY21,DELIVERY22,0.00000000
3061.00000000,DELIVERY21,DELIVERY22,0.00000000
3062.00000000,DELIVERY21,DELIVERY22,0.00000000
3063.00000000,DELIVERY21,DELIVERY22,0.00000000
3064.00000000,DELIVERY21,DELIVERY22,0.00000000
3065.00000000,DELIVERY21,DELIVERY22,0.00000000
3066.00000000,DELIVERY21,DELIVERY22,0.00000000
3067.00000000,DELIVERY21,DELIVERY22,0.00000000
3068.00000000,DELIVERY21,DELIVERY22,0.00000000
3069.00000000,DELIVERY21,DELIVERY22,0.00000000
3070.00000000,DELIVERY21,DELIVERY22,0.00000000
3071.00000000,DELIVERY21,DELIVERY22,0.00000000
3072.00000000,DELIVERY21,DELIVERY22,0.00000000
3073.00000000,DELIVERY21,DELIVERY22,0.00000000
3074.00000000,DELIVERY21,DELIVERY22,0.00000000
3075.00000000,DELIVERY21,DELIVERY22,0.00000000
3076.00000000,DELIVERY21,DELIVERY22,0.00000000
3077.00000000,DELIVERY21,DELIVERY22,0.00000000
3078.00000000,DELIVERY21,DELIVERY22,0.00000000
3079.00000000,DELIVERY21,DELIVERY22,0.00000000
3080.00000000,DELIVERY21,DELIVERY22,0.00000000
3081.00000000,DELIVERY21,DELIVERY22,0.00000000
3082.00000000,DELIVERY21,DELIVERY22,0.00000000
3083.00000000,DELIVERY21,DELIVERY22,0.00000000
3084.00000000,DELIVERY21,DELIVERY22,0.00000000
3085.00000000,DELIVERY21,DELIVERY22,0.00000000
3086.00000000,DELIVERY21,DELIVERY22,0.00000000
3087.00000000,DELIVERY21,DELIVERY22,0.00605167
3140.00000000,DELIVERY20,DELIVERY21,12.64508321
3217.00000000,DELIVERY20,DELIVERY21,0.20219588
3221.00000000,DELIVERY20,DELIVERY21,0.17977981
3244.00000000,DELIVERY20,DELIVERY22,0.18095039
3245.00000000,DELIVERY20,DELIVERY22,0.58657581
3246.00000000,DELIVERY20,DELIVERY22,1.70886674
3251.00000000,DELIVERY20,DELIVERY22,0.87959506
3283.00000000,DELIVERY21,DELIVERY23,0.00349827
3297.00000000,DELIVERY20,DELIVERY23,0.14082976
3301.00000000,DELIVERY24,DELIVERY26,0.00000000
3301.00000000,DELIVERY24,DELIVERY29,0.00000000
3301.00000000,DELIVERY26,DELIVERY29,0.00000000
3302.00000000,DELIVERY24,DELIVERY26,0.00000000
3302.00000000,DELIVERY24,DELIVERY29,0.00000000
3302.00000000,DELIVERY26,DELIVERY29,0.00000000
3303.00000000,DELIVERY24,DELIVERY26,0.00000000
3303.00000000,DELIVERY24,DELIVERY29,0.00000000
3303.00000000,DELIVERY26,DELIVERY29,0.00000000
3304.00000000,DELIVERY24,DELIVERY26,0.00000000
3304.00000000,DELIVERY24,DELIVERY29,0.00000000
3304.00000000,DELIVERY26,DELIVERY29,0.00000000
3305.00000000,DELIVERY24,DELIVERY26,0.00000000
3305.00000000,DELIVERY24,DELIVERY29,0.00000000
3305.00000000,DELIVERY26,DELIVERY29,0.00000000
3306.00000000,DELIVERY24,DELIVERY26,0.00000000
3306.00000000,DELIVERY24,DELIVERY29,0.00000000
3306.00000000,DELIVERY26,DELIVERY29,0.00000000
3307.00000000,DELIVERY24,DELIVERY26,0.00000000
3307.00000000,DELIVERY24,DELIVERY29,0.00000000
3307.00000000,DELIVERY26,DELIVERY29,0.00000000
3308.00000000,DELIVERY24,DELIVERY26,0.00000000
3308.00000000,DELIVERY24,DELIVERY29,0.00000000
3308.00000000,DELIVERY26,DELIVERY29,0.00000000
3309.00000000,DELIVERY24,DELIVERY26,0.00000000
3309.00000000,DELIVERY24,DELIVERY29,0.00000000
3309.00000000,DELIVERY26,DELIVERY29,0.00000000
3310.00000000,DELIVERY24,DELIVERY26,0.00000000
3310.00000000,DELIVERY24,DELIVERY29,0.00000000
3310.00000000,DELIVERY26,DELIVERY29,0.00000000
3311.00000000,DELIVERY24,DELIVERY26,0.00000000
3311.00000000,DELIVERY24,DELIVERY29,0.00000000
3311.00000000,DELIVERY26,DELIVERY29,0.00000000
3312.00000000,DELIVERY24,DELIVERY26,0.00000000
3312.00000000,DELIVERY24,DELIVERY29,0.00000000
3312.00000000,DELIVERY26,DELIVERY29,0.00000000
3313.00000000,DELIVERY24,DELIVERY26,0.00000000
3313.00000000,DELIVERY24,DELIVERY29,0.00000000
3313.00000000,DELIVERY26,DELIVERY29,0.00000000
3314.00000000,DELIVERY24,DELIVERY26,0.00000000
3314.00000000,DELIVERY24,DELIVERY29,0.00000000
3314.00000000,DELIVERY26,DELIVERY29,0.00000000
3315.00000000,DELIVERY24,DELIVERY26,0.00000000
3315.00000000,DELIVERY24,DELIVERY29,0.00000000
3315.00000000,DELIVERY26,DELIVERY29,0.00000000
3316.00000000,DELIVERY24,DELIVERY26,0.00000000
3316.00000000,DELIVERY24,DELIVERY29,0.00000000
3316.00000000,DELIVERY26,DELIVERY29,0.00000000
3317.00000000,DELIVERY24,DELIVERY26,0.00000000
3317.00000000,DELIVERY24,DELIVERY29,0.00000000
3317.00000000,DELIVERY26,DELIVERY29,0.00000000
3318.00000000,DELIVERY24,DELIVERY26,0.00000000
3318.00000000,DELIVERY24,DELIVERY29,0.00000000
3318.00000000,DELIVERY26,DELIVERY29,0.00000000
3319.00000000,DELIVERY24,DELIVERY26,0.00000000
3319.00000000,DELIVERY24,DELIVERY29,0.00000000
3319.00000000,DELIVERY26,DELIVERY29,0.00000000
3320.00000000,DELIVERY24,DELIVERY26,0.00000000
3320.00000000,DELIVERY24,DELIVERY29,0.00000000
3320.00000000,DELIVERY26,DELIVERY29,0.00000000
3321.00000000,DELIVERY24,DELIVERY26,0.00000000
3321.00000000,DELIVERY24,DELIVERY29,0.00000000
3321.00000000,DELIVERY26,DELIVERY29,0.00000000
3322.00000000,DELIVERY24,DELIVERY26,0.00000000
3322.00000000,DELIVERY24,DELIVERY29,0.00000000
3322.00000000,DELIVERY26,DELIVERY29,0.00000000
3323.00000000,DELIVERY24,DELIVERY26,0.00000000
3323.00000000,DELIVERY24,DELIVERY29,0.00000000
3323.00000000,DELIVERY26,DELIVERY29,0.00000000
3324.00000000,DELIVERY24,DELIVERY26,0.00000000
3324.00000000,DELIVERY24,DELIVERY29,0.00000000
3324.00000000,DELIVERY26,DELIVERY29,0.00000000
3325.00000000,DELIVERY24,DELIVERY26,0.00000000
3325.00000000,DELIVERY24,DELIVERY29,0.00000000
3325.00000000,DELIVERY26,DELIVERY29,0.00000000
3326.00000000,DELIVERY24,DELIVERY26,0.00000000
3326.00000000,DELIVERY24,DELIVERY29,0.00000000
3326.00000000,DELIVERY26,DELIVERY29,0.00000000
3327.00000000,DELIVERY24,DELIVERY26,0.00000000
3327.00000000,DELIVERY24,DELIVERY29,0.00000000
3327.00000000,DELIVERY26,DELIVERY29,0.00000000
3328.00000000,DELIVERY24,DELIVERY26,0.00000000
3328.00000000,DELIVERY24,DELIVERY29,0.00000000
3328.00000000,DELIVERY26,DELIVERY29,0.00000000
3329.00000000,DELIVERY24,DELIVERY26,0.00000000
3329.00000000,DELIVERY24,DELIVERY29,0.00000000
3329.00000000,DELIVERY26,DELIVERY29,0.00000000
3330.00000000,DELIVERY24,DELIVERY26,0.00000000
3330.00000000,DELIVERY24,DELIVERY29,0.00000000
3330.00000000,DELIVERY26,DELIVERY29,0.00000000
3331.00000000,DELIVERY24,DELIVERY26,0.00000000
3331.00000000,DELIVERY24,DELIVERY29,0.00000000
3331.00000000,DELIVERY26,DELIVERY29,0.00000000
3332.00000000,DELIVERY24,DELIVERY26,0.00000000
3332.00000000,DELIVERY24,DELIVERY29,0.00000000
3332.00000000,DELIVERY26,DELIVERY29,0.00000000
3333.00000000,DELIVERY24,DELIVERY26,0.00000000
3333.00000000,DELIVERY24,DELIVERY29,0.00000000
3333.00000000,DELIVERY26,DELIVERY29,0.00000000
3334.00000000,DELIVERY24,DELIVERY26,0.00000000
3334.00000000,DELIVERY24,DELIVERY29,0.00000000
3334.00000000,DELIVERY26,DELIVERY29,0.00000000
3335.00000000,DELIVERY24,DELIVERY26,0.00000000
3335.00000000,DELIVERY24,DELIVERY29,0.00000000
3335.00000000,DELIVERY26,DELIVERY29,0.00000000
3336.00000000,DELIVERY24,DELIVERY26,0.00000000
3336.00000000,DELIVERY24,DELIVERY29,0.00000000
3336.00000000,DELIVERY26,DELIVERY29,0.00000000
3337.00000000,DELIVERY24,DELIVERY26,0.00000000
3337.00000000,DELIVERY24,DELIVERY29,0.00000000
3337.00000000,DELIVERY26,DELIVERY29,0.00000000
3338.00000000,DELIVERY24,DELIVERY26,0.00000000
3338.00000000,DELIVERY24,DELIVERY29,0.00000000
3338.00000000,DELIVERY26,DELIVERY29,0.00000000
3339.00000000,DELIVERY24,DELIVERY26,0.00000000
3339.00000000,DELIVERY24,DELIVERY29,0.00000000
3339.00000000,DELIVERY26,DELIVERY29,0.00000000
3340.00000000,DELIVERY24,DELIVERY26,0.00000000
3340.00000000,DELIVERY24,DELIVERY29,0.00000000
3340.00000000,DELIVERY26,DELIVERY29,0.00000000
3341.00000000,DELIVERY24,DELIVERY26,0.00000000
3341.00000000,DELIVERY24,DELIVERY29,0.00000000
3341.00000000,DELIVERY26,DELIVERY29,0.00000000
3342.00000000,DELIVERY24,DELIVERY26,0.00000000
3342.00000000,DELIVERY24,DELIVERY29,0.00000000
3342.00000000,DELIVERY26,DELIVERY29,0.00000000
3343.00000000,DELIVERY24,DELIVERY26,0.00000000
3343.00000000,DELIVERY24,DELIVERY29,0.00000000
3343.00000000,DELIVERY26,DELIVERY29,0.00000000
3344.00000000,DELIVERY24,DELIVERY26,0.00000000
3344.00000000,DELIVERY24,DELIVERY29,0.00000000
3344.00000000,DELIVERY26,DELIVERY29,0.00000000
3345.00000000,DELIVERY24,DELIVERY26,0.01093823
3345.00000000,DELIVERY24,DELIVERY29,0.00000000
3345.00000000,DELIVERY26,DELIVERY29,0.01093823
3346.00000000,DELIVERY24,DELIVERY29,0.00000000
3347.00000000,DELIVERY24,DELIVERY29,0.00000000
3348.00000000,DELIVERY24,DELIVERY29,0.00000000
3349.00000000,DELIVERY24,DELIVERY29,0.00000000
3350.00000000,DELIVERY24,DELIVERY29,0.00000000
3351.00000000,DELIVERY24,DELIVERY29,0.00000000
3352.00000000,DELIVERY24,DELIVERY29,0.00000000
3353.00000000,DELIVERY24,DELIVERY29,0.00000000
3354.00000000,DELIVERY24,DELIVERY29,0.00000000
3355.00000000,DELIVERY24,DELIVERY29,0.00000000
3356.00000000,DELIVERY24,DELIVERY29,0.00000000
3357.00000000,DELIVERY24,DELIVERY29,0.00000000
3358.00000000,DELIVERY24,DELIVERY29,0.00000000
3359.00000000,DELIVERY24,DELIVERY29,0.00000000
3360.00000000,DELIVERY24,DELIVERY29,0.00000000
3361.00000000,DELIVERY24,DELIVERY29,0.00000000
3362.00000000,DELIVERY24,DELIVERY29,0.00000000
3363.00000000,DELIVERY24,DELIVERY29,0.00000000
3364.00000000,DELIVERY24,DELIVERY29,0.00000000
3365.00000000,DELIVERY24,DELIVERY29,0.00000000
3366.00000000,DELIVERY24,DELIVERY29,0.00000000
3367.00000000,DELIVERY24,DELIVERY29,0.00000000
3368.00000000,DELIVERY24,DELIVERY29,0.00000000
3369.00000000,DELIVERY24,DELIVERY29,0.00000000
3370.00000000,DELIVERY24,DELIVERY29,0.00000000
3371.00000000,DELIVERY24,DELIVERY29,0.00000000
3372.00000000,DELIVERY24,DELIVERY29,0.00000000
3373.00000000,DELIVERY24,DELIVERY29,0.00000000
3373.00000000,DELIVERY22,DELIVERY25,0.09835435
3374.00000000,DELIVERY24,DELIVERY29,0.00000000
3375.00000000,DELIVERY24,DELIVERY29,0.00000000
3376.00000000,DELIVERY24,DELIVERY29,0.00000000
3377.00000000,DELIVERY24,DELIVERY29,0.00000000
3378.00000000,DELIVERY24,DELIVERY29,0.00000000
3379.00000000,DELIVERY24,DELIVERY29,0.00000000
3380.00000000,DELIVERY24,DELIVERY29,0.00000000
3381.00000000,DELIVERY24,DELIVERY29,0.00000000
3382.00000000,DELIVERY24,DELIVERY29,0.00000000
3383.00000000,DELIVERY24,DELIVERY29,0.00000000
3384.00000000,DELIVERY24,DELIVERY29,0.00000000
3385.00000000,DELIVERY24,DELIVERY29,0.00000000
3386.00000000,DELIVERY24,DELIVERY29,0.00000000
3387.00000000,DELIVERY24,DELIVERY29,0.00000000
3388.00000000,DELIVERY24,DELIVERY29,0.00000000
3389.00000000,DELIVERY24,DELIVERY29,0.00000000
3390.00000000,DELIVERY24,DELIVERY29,0.00000000
3391.00000000,DELIVERY24,DELIVERY29,0.00000000
3392.00000000,DELIVERY24,DELIVERY29,0.00000000
3393.00000000,DELIVERY24,DELIVERY29,0.00000000
3394.00000000,DELIVERY24,DELIVERY29,0.00000000
3395.00000000,DELIVERY24,DELIVERY29,0.00000000
3396.00000000,DELIVERY24,DELIVERY29,0.00000000
3397.00000000,DELIVERY24,DELIVERY29,0.00000000
3398.00000000,DELIVERY24,DELIVERY29,0.00000000
3399.00000000,DELIVERY24,DELIVERY29,0.00000000
3400.00000000,DELIVERY24,DELIVERY29,0.00000000
3401.00000000,DELIVERY24,DELIVERY29,0.00000000
3402.00000000,DELIVERY24,DELIVERY29,0.00000000
3403.00000000,DELIVERY24,DELIVERY29,0.00000000
3404.00000000,DELIVERY24,DELIVERY29,0.00000000
3405.00000000,DELIVERY24,DELIVERY29,0.00000000
3406.00000000,DELIVERY24,DELIVERY29,0.00000000
3407.00000000,DELIVERY24,DELIVERY29,0.00000000
3408.00000000,DELIVERY24,DELIVERY29,0.00000000
3409.00000000,DELIVERY24,DELIVERY29,0.00000000
3410.00000000,DELIVERY24,DELIVERY29,0.00000000
3411.00000000,DELIVERY24,DELIVERY29,0.00000000
3412.00000000,DELIVERY24,DELIVERY29,0.00000000
3413.00000000,DELIVERY24,DELIVERY29,0.00000000
3414.00000000,DELIVERY24,DELIVERY29,0.00000000
3415.00000000,DELIVERY24,DELIVERY29,0.00000000
3416.00000000,DELIVERY24,DELIVERY29,0.00000000
3417.00000000,DELIVERY24,DELIVERY29,0.00000000
3418.00000000,DELIVERY24,DELIVERY29,0.00000000
3419.00000000,DELIVERY24,DELIVERY29,0.00000000
3420.00000000,DELIVERY24,DELIVERY29,0.00000000
3421.00000000,DELIVERY24,DELIVERY29,0.00000000
3422.00000000,DELIVERY24,DELIVERY29,0.00000000
3423.00000000,DELIVERY24,DELIVERY29,0.00000000
3424.00000000,DELIVERY24,DELIVERY29,0.00000000
3425.00000000,DELIVERY24,DELIVERY29,0.00000000
3426.00000000,DELIVERY24,DELIVERY29,0.00000000
3427.00000000,DELIVERY24,DELIVERY29,0.00000000
3428.00000000,DELIVERY24,DELIVERY29,0.00000000
3429.00000000,DELIVERY24,DELIVERY29,0.00000000
3430.00000000,DELIVERY24,DELIVERY29,0.00000000
3431.00000000,DELIVERY24,DELIVERY29,0.00000000
3432.00000000,DELIVERY24,DELIVERY29,0.00000000
3433.00000000,DELIVERY24,DELIVERY29,0.00000000
3434.00000000,DELIVERY24,DELIVERY29,0.00000000
3435.00000000,DELIVERY24,DELIVERY29,0.00000000
3436.00000000,DELIVERY24,DELIVERY29,0.00000000
3437.00000000,DELIVERY24,DELIVERY29,0.00000000
3438.00000000,DELIVERY24,DELIVERY29,0.00000000
3438.00000000,DELIVERY23,DELIVERY25,1.31745585
3439.00000000,DELIVERY24,DELIVERY29,0.00000000
3440.00000000,DELIVERY24,DELIVERY29,0.00000000
3441.00000000,DELIVERY24,DELIVERY29,0.00000000
3442.00000000,DELIVERY24,DELIVERY29,0.00000000
3443.00000000,DELIVERY24,DELIVERY29,0.00000000
3444.00000000,DELIVERY24,DELIVERY29,0.00000000
3445.00000000,DELIVERY24,DELIVERY29,0.00000000
3446.00000000,DELIVERY24,DELIVERY29,0.00000000
3447.00000000,DELIVERY24,DELIVERY29,0.00000000
3448.00000000,DELIVERY24,DELIVERY29,0.00000000
3449.00000000,DELIVERY24,DELIVERY29,0.00000000
3450.00000000,DELIVERY24,DELIVERY29,0.00000000
3451.00000000,DELIVERY24,DELIVERY29,0.00000000
3452.00000000,DELIVERY24,DELIVERY29,0.00000000
3453.00000000,DELIVERY24,DELIVERY29,0.00000000
3454.00000000,DELIVERY24,DELIVERY29,0.00000000
3455.00000000,DELIVERY24,DELIVERY29,0.00000000
3456.00000000,DELIVERY24,DELIVERY29,0.00000000
3457.00000000,DELIVERY24,DELIVERY29,0.00000000
3458.00000000,DELIVERY24,DELIVERY29,0.00000000
3459.00000000,DELIVERY24,DELIVERY29,0.00000000
3460.00000000,DELIVERY24,DELIVERY29,0.00000000
3461.00000000,DELIVERY24,DELIVERY29,0.00000000
3462.00000000,DELIVERY24,DELIVERY29,0.00000000
3463.00000000,DELIVERY24,DELIVERY29,0.00000000
3464.00000000,DELIVERY24,DELIVERY29,0.00000000
3465.00000000,DELIVERY24,DELIVERY29,0.00000000
3466.00000000,DELIVERY24,DELIVERY29,0.00000000
3467.00000000,DELIVERY24,DELIVERY29,0.00000000
3468.00000000,DELIVERY24,DELIVERY29,0.00000000
3469.00000000,DELIVERY24,DELIVERY29,0.00000000
3470.00000000,DELIVERY24,DELIVERY29,0.00000000
3471.00000000,DELIVERY24,DELIVERY29,0.00000000
3472.00000000,DELIVERY24,DELIVERY29,0.00000000
3473.00000000,DELIVERY24,DELIVERY29,0.00000000
3474.00000000,DELIVERY24,DELIVERY29,0.00000000
3475.00000000,DELIVERY24,DELIVERY29,0.00000000
3476.00000000,DELIVERY24,DELIVERY29,0.00000000
3477.00000000,DELIVERY24,DELIVERY29,0.00000000
3478.00000000,DELIVERY24,DELIVERY29,0.00000000
3479.00000000,DELIVERY24,DELIVERY29,0.00000000
3480.00000000,DELIVERY24,DELIVERY29,0.00000000
3481.00000000,DELIVERY24,DELIVERY29,0.00000000
3482.00000000,DELIVERY24,DELIVERY29,0.00000000
3483.00000000,DELIVERY24,DELIVERY29,0.00000000
3484.00000000,DELIVERY24,DELIVERY29,0.00000000
3485.00000000,DELIVERY24,DELIVERY29,0.00000000
3486.00000000,DELIVERY24,DELIVERY29,0.00000000
3487.00000000,DELIVERY24,DELIVERY29,0.00000000
3488.00000000,DELIVERY24,DELIVERY29,0.00000000
3489.00000000,DELIVERY24,DELIVERY29,0.00000000
3490.00000000,DELIVERY24,DELIVERY29,0.00000000
3491.00000000,DELIVERY24,DELIVERY29,0.00000000
3492.00000000,DELIVERY24,DELIVERY29,0.00000000
3493.00000000,DELIVERY24,DELIVERY29,0.00000000
3494.00000000,DELIVERY24,DELIVERY29,0.00000000
3495.00000000,DELIVERY24,DELIVERY29,0.00000000
3496.00000000,DELIVERY24,DELIVERY29,0.00000000
3497.00000000,DELIVERY24,DELIVERY29,0.00000000
3498.00000000,DELIVERY24,DELIVERY29,0.00000000
3499.00000000,DELIVERY24,DELIVERY29,0.00000000
3500.00000000,DELIVERY24,DELIVERY29,0.00000000
3501.00000000,DELIVERY24,DELIVERY29,0.00000000
3502.00000000,DELIVERY24,DELIVERY29,0.00000000
3503.00000000,DELIVERY24,DELIVERY29,0.00000000
3504.00000000,DELIVERY24,DELIVERY29,0.00000000
3505.00000000,DELIVERY24,DELIVERY29,0.00000000
3506.00000000,DELIVERY24,DELIVERY29,0.00000000
3507.00000000,DELIVERY24,DELIVERY29,0.00000000
3508.00000000,DELIVERY24,DELIVERY29,0.00000000
3509.00000000,DELIVERY24,DELIVERY29,0.00000000
3510.00000000,DELIVERY24,DELIVERY29,0.00000000
3511.00000000,DELIVERY24,DELIVERY29,0.00000000
3512.00000000,DELIVERY24,DELIVERY29,0.00000000
3513.00000000,DELIVERY24,DELIVERY29,0.00000000
3514.00000000,DELIVERY24,DELIVERY29,0.00000000
3515.00000000,DELIVERY24,DELIVERY29,0.00000000
3516.00000000,DELIVERY24,DELIVERY29,0.00000000
3517.00000000,DELIVERY24,DELIVERY29,0.00000000
3518.00000000,DELIVERY24,DELIVERY29,0.00000000
3522.00000000,DELIVERY24,DELIVERY29,0.00000000
3523.00000000,DELIVERY24,DELIVERY29,0.00000000
3524.00000000,DELIVERY24,DELIVERY29,0.00000000
3525.00000000,DELIVERY24,DELIVERY29,0.00000000
3526.00000000,DELIVERY24,DELIVERY29,0.00000000
3527.00000000,DELIVERY24,DELIVERY29,0.00000000
3528.00000000,DELIVERY24,DELIVERY29,0.00000000
3529.00000000,DELIVERY24,DELIVERY29,0.00000000
3530.00000000,DELIVERY24,DELIVERY29,0.00000000
3531.00000000,DELIVERY24,DELIVERY29,0.00000000
3532.00000000,DELIVERY24,DELIVERY29,0.00000000
3533.00000000,DELIVERY24,DELIVERY25,9.59662291
3533.00000000,DELIVERY24,DELIVERY29,0.00000000
3533.00000000,DELIVERY25,DELIVERY29,9.59662291
3534.00000000,DELIVERY24,DELIVERY29,0.00000000
3535.00000000,DELIVERY24,DELIVERY29,0.00000000
3536.00000000,DELIVERY24,DELIVERY29,0.00000000
3537.00000000,DELIVERY24,DELIVERY29,0.00000000
3538.00000000,DELIVERY24,DELIVERY29,0.00000000
3539.00000000,DELIVERY24,DELIVERY29,0.00000000
3540.00000000,DELIVERY24,DELIVERY29,0.00000000
3541.00000000,DELIVERY24,DELIVERY29,0.00000000
3542.00000000,DELIVERY24,DELIVERY29,0.00000000
3543.00000000,DELIVERY24,DELIVERY29,0.00000000
3544.00000000,DELIVERY24,DELIVERY29,0.00000000
3545.00000000,DELIVERY24,DELIVERY29,0.00000000
3546.00000000,DELIVERY24,DELIVERY29,0.00000000
3547.00000000,DELIVERY24,DELIVERY29,0.00000000
3548.00000000,DELIVERY24,DELIVERY29,0.00000000
3549.00000000,DELIVERY24,DELIVERY29,0.00000000
3550.00000000,DELIVERY24,DELIVERY29,0.00000000
3551.00000000,DELIVERY24,DELIVERY29,0.00000000
3552.00000000,DELIVERY24,DELIVERY29,0.00000000
3553.00000000,DELIVERY24,DELIVERY29,0.00000000
3554.00000000,DELIVERY24,DELIVERY29,0.00000000
3555.00000000,DELIVERY24,DELIVERY29,0.00000000
3556.00000000,DELIVERY24,DELIVERY29,0.00000000
3557.00000000,DELIVERY24,DELIVERY29,0.00000000
3558.00000000,DELIVERY24,DELIVERY29,0.00000000
3559.00000000,DELIVERY24,DELIVERY29,0.00000000
3560.00000000,DELIVERY24,DELIVERY29,0.00000000
3561.00000000,DELIVERY24,DELIVERY29,0.00000000
3562.00000000,DELIVERY24,DELIVERY29,0.00000000
3563.00000000,DELIVERY24,DELIVERY29,0.00000000
3564.00000000,DELIVERY24,DELIVERY29,0.00000000
3565.00000000,DELIVERY24,DELIVERY29,0.00000000
3566.00000000,DELIVERY24,DELIVERY29,0.00000000
3567.00000000,DELIVERY24,DELIVERY29,0.00000000
3568.00000000,DELIVERY24,DELIVERY29,0.00000000
3569.00000000,DELIVERY24,DELIVERY29,0.00000000
3570.00000000,DELIVERY24,DELIVERY29,0.00000000
3571.00000000,DELIVERY24,DELIVERY29,0.00000000
3572.00000000,DELIVERY24,DELIVERY29,0.00000000
3573.00000000,DELIVERY24,DELIVERY29,0.00000000
3574.00000000,DELIVERY24,DELIVERY29,0.00000000
3575.00000000,DELIVERY24,DELIVERY29,0.00000000
3576.00000000,DELIVERY24,DELIVERY29,0.00000000
3577.00000000,DELIVERY24,DELIVERY29,0.00000000
3578.00000000,DELIVERY24,DELIVERY29,0.00000000
3579.00000000,DELIVERY24,DELIVERY29,0.00000000
3580.00000000,DELIVERY24,DELIVERY29,0.00000000
3581.00000000,DELIVERY24,DELIVERY29,0.00000000
3582.00000000,DELIVERY24,DELIVERY29,0.00000000
3583.00000000,DELIVERY24,DELIVERY29,0.00000000
3584.00000000,DELIVERY24,DELIVERY29,0.00000000
3585.00000000,DELIVERY24,DELIVERY29,0.00000000
3586.00000000,DELIVERY24,DELIVERY29,0.00000000
3587.00000000,DELIVERY24,DELIVERY29,0.00000000
3588.00000000,DELIVERY24,DELIVERY29,0.00000000
3589.00000000,DELIVERY24,DELIVERY29,0.00000000
3590.00000000,DELIVERY24,DELIVERY29,0.00000000
3591.00000000,DELIVERY24,DELIVERY29,0.00000000
3592.00000000,DELIVERY24,DELIVERY29,0.00000000
3593.00000000,DELIVERY24,DELIVERY29,0.00000000
3594.00000000,DELIVERY24,DELIVERY29,0.00000000
3595.00000000,DELIVERY24,DELIVERY29,0.00000000
3596.00000000,DELIVERY24,DELIVERY29,0.00000000
3597.00000000,DELIVERY24,DELIVERY29,0.00000000
3598.00000000,DELIVERY24,DELIVERY29,0.00000000
3599.00000000,DELIVERY24,DELIVERY29,0.00000000
3600.00000000,DELIVERY24,DELIVERY29,0.00000000
3601.00000000,DELIVERY24,DELIVERY29,0.00000000
3601.00000000,DELIVERY27,DELIVERY28,0.00000000
