# FLIGHT LOG
# Takeoff, landing, and distance flown of each UAS.
# 
# Simulation Time [s], UAS, Takeoff/Landing, Distance [m]
# simt
9.05000000,BACKGROUND1,takeoff,0
17.05000000,BACKGROUND2,takeoff,0
25.05000000,BACKGROUND3,takeoff,0
33.05000000,BACKGROUND4,takeoff,0
41.05000000,BACKGROUND5,takeoff,0
49.05000000,BACKGROUND6,takeoff,0
57.05000000,BACKGROUND7,takeoff,0
65.05000000,BACKGROUND8,takeoff,0
73.05000000,BACKGROUND9,takeoff,0
81.05000000,BACKGROUND10,takeoff,0
89.05000000,BACKGROUND11,takeoff,0
97.05000000,BACKGROUND12,takeoff,0
105.05000000,BACKGROUND13,takeoff,0
113.05000000,BACKGROUND14,takeoff,0
129.05000000,BACKGROUND15,takeoff,0
137.05000000,BACKGROUND16,takeoff,0
146.05000000,BACKGROUND17,takeoff,0
146.70000000,BACKGROUND4,landing,1154.59509752
154.05000000,BACKGROUND18,takeoff,0
162.05000000,BACKGROUND19,takeoff,0
170.05000000,BACKGROUND20,takeoff,0
178.05000000,BACKGROUND21,takeoff,0
186.05000000,BACKGROUND22,takeoff,0
202.05000000,BACKGROUND23,takeoff,0
210.05000000,BACKGROUND24,takeoff,0
218.05000000,BACKGROUND25,takeoff,0
226.05000000,BACKGROUND26,takeoff,0
234.05000000,BACKGROUND27,takeoff,0
242.05000000,BACKGROUND28,takeoff,0
250.05000000,BACKGROUND29,takeoff,0
252.05000000,BACKGROUND1,landing,2847.60311044
258.05000000,BACKGROUND30,takeoff,0
265.15000000,BACKGROUND5,landing,3480.53449707
266.05000000,BACKGROUND31,takeoff,0
274.05000000,BACKGROUND32,takeoff,0
291.05000000,BACKGROUND33,takeoff,0
299.05000000,BACKGROUND34,takeoff,0
303.50000000,BACKGROUND19,landing,1335.25753187
307.05000000,BACKGROUND35,takeoff,0
315.05000000,BACKGROUND36,takeoff,0
315.25000000,BACKGROUND8,landing,3299.77350182
317.50000000,BACKGROUND2,landing,2708.60813451
320.80000000,BACKGROUND15,landing,2339.99700977
323.05000000,BACKGROUND37,takeoff,0
329.90000000,BACKGROUND3,landing,4081.30819075
331.05000000,BACKGROUND38,takeoff,0
339.05000000,BACKGROUND39,takeoff,0
347.05000000,BACKGROUND40,takeoff,0
356.80000000,BACKGROUND11,landing,3992.66566984
360.75000000,BACKGROUND6,landing,5510.05093070
362.05000000,BACKGROUND7,landing,4122.92088991
363.05000000,BACKGROUND41,takeoff,0
369.45000000,BACKGROUND9,landing,4698.38115053
371.05000000,BACKGROUND42,takeoff,0
379.05000000,BACKGROUND43,takeoff,0
387.05000000,BACKGROUND44,takeoff,0
393.10000000,BACKGROUND13,landing,4258.01649980
397.70000000,BACKGROUND10,landing,3628.53362038
403.05000000,BACKGROUND45,takeoff,0
417.70000000,BACKGROUND16,landing,4230.98682836
428.05000000,BACKGROUND46,takeoff,0
430.75000000,BACKGROUND22,landing,3345.76150927
431.05000000,BACKGROUND25,landing,3008.22062716
435.80000000,BACKGROUND20,landing,1766.43276646
436.05000000,BACKGROUND47,takeoff,0
442.45000000,BACKGROUND17,landing,3681.51420759
444.05000000,BACKGROUND48,takeoff,0
445.15000000,BACKGROUND21,landing,4120.72042971
452.05000000,BACKGROUND49,takeoff,0
460.05000000,BACKGROUND50,takeoff,0
467.35000000,BACKGROUND39,landing,1524.36163737
468.05000000,BACKGROUND51,takeoff,0
473.20000000,BACKGROUND33,landing,2253.30642801
476.05000000,BACKGROUND52,takeoff,0
478.55000000,BACKGROUND18,landing,4400.51568569
479.90000000,BACKGROUND27,landing,3646.08350741
483.65000000,BACKGROUND12,landing,2213.11205449
484.05000000,BACKGROUND53,takeoff,0
492.05000000,BACKGROUND54,takeoff,0
500.05000000,BACKGROUND55,takeoff,0
507.15000000,BACKGROUND34,landing,2963.47124957
508.05000000,BACKGROUND56,takeoff,0
516.05000000,BACKGROUND57,takeoff,0
524.05000000,BACKGROUND58,takeoff,0
532.05000000,BACKGROUND59,takeoff,0
538.15000000,BACKGROUND36,landing,3178.85652360
539.70000000,BACKGROUND32,landing,3938.37982865
540.05000000,BACKGROUND60,takeoff,0
541.05000000,BACKGROUND26,landing,3939.49206666
541.65000000,BACKGROUND14,landing,5549.27462150
544.45000000,BACKGROUND37,landing,2428.45755933
548.05000000,BACKGROUND61,takeoff,0
556.05000000,BACKGROUND62,takeoff,0
563.35000000,BACKGROUND35,landing,4137.66043501
564.05000000,BACKGROUND63,takeoff,0
581.05000000,BACKGROUND64,takeoff,0
585.55000000,BACKGROUND31,landing,4427.50317395
589.05000000,BACKGROUND65,takeoff,0
605.05000000,BACKGROUND66,takeoff,0
613.05000000,BACKGROUND67,takeoff,0
613.20000000,BACKGROUND41,landing,2535.45556758
621.05000000,BACKGROUND68,takeoff,0
623.05000000,BACKGROUND24,landing,5912.51882317
629.05000000,BACKGROUND69,takeoff,0
640.30000000,BACKGROUND40,landing,3093.00203817
645.05000000,BACKGROUND70,takeoff,0
653.05000000,BACKGROUND71,takeoff,0
666.25000000,BACKGROUND46,landing,3552.79136386
669.05000000,BACKGROUND73,takeoff,0
677.00000000,BACKGROUND47,landing,3295.58222796
677.05000000,BACKGROUND74,takeoff,0
685.05000000,BACKGROUND75,takeoff,0
688.60000000,BACKGROUND29,landing,6441.03546928
693.05000000,BACKGROUND76,takeoff,0
701.05000000,BACKGROUND77,takeoff,0
703.05000000,BACKGROUND60,landing,2853.65342444
705.95000000,BACKGROUND49,landing,2248.02762918
706.35000000,BACKGROUND56,landing,2230.72617391
709.40000000,BACKGROUND30,landing,2668.83104825
710.05000000,BACKGROUND78,takeoff,0
714.00000000,BACKGROUND58,landing,2235.47179542
721.60000000,BACKGROUND57,landing,2276.39912230
722.00000000,BACKGROUND51,landing,3020.62552759
726.05000000,BACKGROUND79,takeoff,0
734.05000000,BACKGROUND80,takeoff,0
742.05000000,BACKGROUND81,takeoff,0
746.80000000,BACKGROUND65,landing,2280.31175400
750.05000000,BACKGROUND82,takeoff,0
758.05000000,BACKGROUND83,takeoff,0
764.90000000,BACKGROUND38,landing,5680.26261456
766.05000000,BACKGROUND84,takeoff,0
771.90000000,BACKGROUND62,landing,1900.13042923
772.55000000,BACKGROUND52,landing,3964.64788388
774.05000000,BACKGROUND85,takeoff,0
782.05000000,BACKGROUND86,takeoff,0
785.20000000,BACKGROUND59,landing,2887.05558911
789.75000000,BACKGROUND42,landing,5957.19762299
790.05000000,BACKGROUND87,takeoff,0
798.05000000,BACKGROUND88,takeoff,0
806.05000000,BACKGROUND89,takeoff,0
814.05000000,BACKGROUND90,takeoff,0
820.05000000,BACKGROUND28,landing,5529.32604634
822.00000000,BACKGROUND23,landing,4553.14619549
822.05000000,BACKGROUND91,takeoff,0
837.55000000,BACKGROUND43,landing,5404.00564596
838.05000000,BACKGROUND92,takeoff,0
844.90000000,BACKGROUND54,landing,4757.73510995
846.05000000,BACKGROUND93,takeoff,0
851.65000000,BACKGROUND53,landing,4430.71794073
853.70000000,BACKGROUND45,landing,5184.34166706
855.85000000,BACKGROUND75,landing,1742.26552998
863.05000000,BACKGROUND94,takeoff,0
871.05000000,BACKGROUND95,takeoff,0
874.45000000,BACKGROUND50,landing,4332.56914879
879.05000000,BACKGROUND96,takeoff,0
887.05000000,BACKGROUND97,takeoff,0
894.70000000,BACKGROUND73,landing,2650.56643225
895.05000000,BACKGROUND98,takeoff,0
899.90000000,BACKGROUND68,landing,4811.12285886
906.35000000,BACKGROUND83,landing,1502.86478729
911.05000000,BACKGROUND99,takeoff,0
919.05000000,BACKGROUND100,takeoff,0
924.05000000,BACKGROUND64,landing,5023.08887843
927.05000000,BACKGROUND101,takeoff,0
927.85000000,BACKGROUND44,landing,5118.32887284
935.05000000,BACKGROUND102,takeoff,0
943.05000000,BACKGROUND103,takeoff,0
951.05000000,BACKGROUND104,takeoff,0
956.60000000,BACKGROUND70,landing,4793.99959369
959.05000000,BACKGROUND105,takeoff,0
959.75000000,BACKGROUND69,landing,5255.80984319
967.05000000,BACKGROUND106,takeoff,0
975.05000000,BACKGROUND107,takeoff,0
976.20000000,BACKGROUND80,landing,3821.82913886
983.35000000,BACKGROUND93,landing,1702.77933639
987.60000000,BACKGROUND90,landing,1999.89173403
990.80000000,BACKGROUND63,landing,4929.18168317
992.05000000,BACKGROUND108,takeoff,0
997.50000000,BACKGROUND71,landing,3922.83153970
1000.05000000,BACKGROUND109,takeoff,0
1001.35000000,BACKGROUND82,landing,1731.09310949
1002.20000000,BACKGROUND98,landing,1559.16251731
1005.45000000,BACKGROUND66,landing,5346.77151764
1008.05000000,BACKGROUND110,takeoff,0
1016.05000000,BACKGROUND111,takeoff,0
1032.05000000,BACKGROUND112,takeoff,0
1040.05000000,BACKGROUND113,takeoff,0
1041.85000000,BACKGROUND55,landing,2525.87525200
1048.05000000,BACKGROUND114,takeoff,0
1056.05000000,BACKGROUND115,takeoff,0
1064.05000000,BACKGROUND116,takeoff,0
1072.05000000,BACKGROUND117,takeoff,0
1073.10000000,BACKGROUND81,landing,4892.28489880
1074.60000000,BACKGROUND87,landing,2923.47008888
1075.20000000,BACKGROUND94,landing,2778.24155047
1080.05000000,BACKGROUND118,takeoff,0
1087.95000000,BACKGROUND78,landing,3545.71978136
1088.05000000,BACKGROUND119,takeoff,0
1095.60000000,BACKGROUND76,landing,5066.47159542
1096.05000000,BACKGROUND120,takeoff,0
1104.05000000,BACKGROUND121,takeoff,0
1109.05000000,BACKGROUND106,landing,1711.36801690
1112.05000000,BACKGROUND122,takeoff,0
1120.05000000,BACKGROUND123,takeoff,0
1121.80000000,BACKGROUND100,landing,2951.14540995
1128.05000000,BACKGROUND124,takeoff,0
1137.05000000,BACKGROUND125,takeoff,0
1137.15000000,BACKGROUND86,landing,5006.89137129
1145.05000000,BACKGROUND126,takeoff,0
1153.15000000,BACKGROUND92,landing,4912.42527926
1155.25000000,BACKGROUND95,landing,4326.94579340
1160.30000000,BACKGROUND99,landing,3622.69510541
1160.80000000,BACKGROUND88,landing,5402.34904340
1163.45000000,BACKGROUND96,landing,3385.96140835
1167.30000000,BACKGROUND117,landing,1327.81391450
1169.05000000,BACKGROUND127,takeoff,0
1177.05000000,BACKGROUND128,takeoff,0
1183.35000000,BACKGROUND110,landing,2132.49235485
1185.05000000,BACKGROUND129,takeoff,0
1193.05000000,BACKGROUND130,takeoff,0
1201.05000000,BACKGROUND131,takeoff,0
1209.05000000,BACKGROUND132,takeoff,0
1212.25000000,BACKGROUND91,landing,5271.24320039
1215.65000000,BACKGROUND107,landing,2727.98911997
1217.05000000,BACKGROUND133,takeoff,0
1220.80000000,BACKGROUND105,landing,4279.08475064
1223.45000000,BACKGROUND104,landing,4049.03029341
1225.05000000,BACKGROUND134,takeoff,0
1230.65000000,BACKGROUND85,landing,3818.38019810
1233.05000000,BACKGROUND135,takeoff,0
1241.05000000,BACKGROUND136,takeoff,0
1245.35000000,BACKGROUND114,landing,2738.80469432
1249.05000000,BACKGROUND137,takeoff,0
1249.70000000,BACKGROUND113,landing,2696.17301888
1253.30000000,BACKGROUND108,landing,2728.02679763
1256.10000000,BACKGROUND109,landing,3570.18222069
1257.05000000,BACKGROUND138,takeoff,0
1265.05000000,BACKGROUND139,takeoff,0
1271.20000000,BACKGROUND111,landing,3842.31624115
1271.80000000,BACKGROUND123,landing,2295.81206972
1274.05000000,BACKGROUND140,takeoff,0
1281.35000000,BACKGROUND89,landing,4932.43509722
1282.05000000,BACKGROUND141,takeoff,0
1290.15000000,BACKGROUND126,landing,2033.51391597
1311.30000000,BACKGROUND125,landing,2104.88074931
1314.05000000,BACKGROUND143,takeoff,0
1322.05000000,BACKGROUND144,takeoff,0
1324.55000000,BACKGROUND101,landing,5564.55080845
1330.05000000,BACKGROUND145,takeoff,0
1338.05000000,BACKGROUND146,takeoff,0
1340.30000000,BACKGROUND136,landing,1319.25374300
1346.05000000,BACKGROUND147,takeoff,0
1353.85000000,BACKGROUND97,landing,4248.38191717
1354.05000000,BACKGROUND148,takeoff,0
1362.05000000,BACKGROUND149,takeoff,0
1378.05000000,BACKGROUND150,takeoff,0
1386.05000000,BACKGROUND151,takeoff,0
1393.15000000,BACKGROUND122,landing,3983.61719166
1394.05000000,BACKGROUND152,takeoff,0
1399.95000000,BACKGROUND139,landing,1245.28231034
1405.65000000,BACKGROUND118,landing,4967.28751938
1409.50000000,BACKGROUND119,landing,4795.13286730
1410.10000000,BACKGROUND120,landing,3584.61678394
1415.75000000,BACKGROUND135,landing,2686.50411488
1419.05000000,BACKGROUND153,takeoff,0
1427.05000000,BACKGROUND154,takeoff,0
1432.50000000,BACKGROUND115,landing,5264.33454904
1435.05000000,BACKGROUND155,takeoff,0
1438.40000000,BACKGROUND134,landing,3145.90327257
1443.05000000,BACKGROUND156,takeoff,0
1449.70000000,BACKGROUND112,landing,3672.46955960
1451.05000000,BACKGROUND157,takeoff,0
1459.05000000,BACKGROUND158,takeoff,0
1467.05000000,BACKGROUND159,takeoff,0
1475.05000000,BACKGROUND160,takeoff,0
1483.05000000,BACKGROUND161,takeoff,0
1484.60000000,BACKGROUND130,landing,3407.66400087
1485.10000000,BACKGROUND116,landing,4830.67608669
1491.05000000,BACKGROUND162,takeoff,0
1499.05000000,BACKGROUND163,takeoff,0
1502.75000000,BACKGROUND124,landing,3239.41362866
1505.20000000,BACKGROUND132,landing,3375.43580495
1511.25000000,BACKGROUND121,landing,5701.76679320
1512.90000000,BACKGROUND149,landing,2148.48494627
1514.80000000,BACKGROUND138,landing,3729.00403282
1515.05000000,BACKGROUND164,takeoff,0
1523.05000000,BACKGROUND165,takeoff,0
1531.05000000,BACKGROUND166,takeoff,0
1539.05000000,BACKGROUND167,takeoff,0
1546.30000000,BACKGROUND137,landing,4842.92872320
1547.05000000,BACKGROUND168,takeoff,0
1556.05000000,BACKGROUND169,takeoff,0
1562.65000000,BACKGROUND102,landing,4285.47737675
1564.05000000,BACKGROUND170,takeoff,0
1566.50000000,BACKGROUND133,landing,3168.72369068
1568.05000000,BACKGROUND146,landing,3343.33006653
1572.05000000,BACKGROUND171,takeoff,0
1580.05000000,BACKGROUND172,takeoff,0
1585.05000000,BACKGROUND128,landing,4735.95490169
1588.05000000,BACKGROUND173,takeoff,0
1588.90000000,BACKGROUND74,landing,5544.23105768
1596.05000000,BACKGROUND174,takeoff,0
1604.05000000,BACKGROUND175,takeoff,0
1604.05000000,BACKGROUND143,landing,3856.08468983
1612.05000000,BACKGROUND176,takeoff,0
1620.05000000,BACKGROUND177,takeoff,0
1628.05000000,BACKGROUND178,takeoff,0
1628.75000000,BACKGROUND147,landing,3605.32049195
1636.05000000,BACKGROUND179,takeoff,0
1640.55000000,BACKGROUND127,landing,4055.80334643
1641.95000000,BACKGROUND140,landing,2649.70195422
1644.05000000,BACKGROUND180,takeoff,0
1646.00000000,BACKGROUND131,landing,5496.77925501
1647.15000000,BACKGROUND155,landing,2165.63418048
1652.05000000,BACKGROUND181,takeoff,0
1660.05000000,BACKGROUND182,takeoff,0
1663.25000000,BACKGROUND144,landing,2706.97741222
1663.40000000,BACKGROUND154,landing,3960.91327022
1668.05000000,BACKGROUND183,takeoff,0
1675.55000000,BACKGROUND148,landing,4274.05029106
1677.05000000,BACKGROUND141,landing,5560.53829411
1684.05000000,BACKGROUND184,takeoff,0
1701.05000000,BACKGROUND185,takeoff,0
1702.50000000,BACKGROUND150,landing,4986.64541885
1709.05000000,BACKGROUND186,takeoff,0
1721.85000000,BACKGROUND79,landing,11550.73601181
1725.05000000,BACKGROUND187,takeoff,0
1733.05000000,BACKGROUND188,takeoff,0
1743.85000000,BACKGROUND164,landing,2641.85909488
1746.55000000,BACKGROUND158,landing,4167.50831137
1749.05000000,BACKGROUND189,takeoff,0
1757.05000000,BACKGROUND190,takeoff,0
1764.00000000,BACKGROUND160,landing,4304.79766253
1764.35000000,BACKGROUND61,landing,20810.03754572
1765.05000000,BACKGROUND191,takeoff,0
1769.60000000,BACKGROUND153,landing,4286.97951434
1773.05000000,BACKGROUND192,takeoff,0
1781.05000000,BACKGROUND193,takeoff,0
1783.05000000,BACKGROUND159,landing,4663.45367561
1797.05000000,BACKGROUND194,takeoff,0
