# LOSS OF SEPARATION LOG
# Start and end of all loss of separation
# 
# Simulation Time [s], UAS1, UAS2, Start/End
# simt
826.00000000,DELIVERY2,DELIVERY3,start
840.00000000,DELIVERY2,DELIVERY3,end
843.00000000,DELIVERY2,DELIVERY3,start
866.00000000,DELIVERY2,DELIVERY3,end
966.00000000,BACKGROUND4,DELIVERY1,start
968.00000000,BACKGROUND4,DELIVERY1,end
1129.00000000,DELIVERY4,DELIVERY6,start
1149.00000000,DELIVERY4,DELIVERY6,end
1201.00000000,DELIVERY5,DELIVERY7,start
1439.00000000,DELIVERY5,DELIVERY7,end
1801.00000000,DELIVERY10,DELIVERY8,start
1801.00000000,DELIVERY11,DELIVERY9,start
2010.00000000,DELIVERY11,DELIVERY9,end
2013.00000000,DELIVERY11,DELIVERY9,start
2085.00000000,DELIVERY10,DELIVERY8,end
2088.00000000,DELIVERY10,DELIVERY8,start
2095.00000000,DELIVERY11,DELIVERY8,start
2095.00000000,DELIVERY10,DELIVERY9,start
2095.00000000,DELIVERY8,DELIVERY9,start
2095.00000000,DELIVERY10,DELIVERY11,start
2102.00000000,DELIVERY11,DELIVERY8,end
2102.00000000,DELIVERY10,DELIVERY9,end
2102.00000000,DELIVERY8,DELIVERY9,end
2102.00000000,DELIVERY10,DELIVERY11,end
2122.00000000,DELIVERY11,DELIVERY9,end
2190.00000000,DELIVERY11,DELIVERY9,start
2201.00000000,DELIVERY11,DELIVERY9,end
2219.00000000,DELIVERY11,DELIVERY9,start
2223.00000000,DELIVERY11,DELIVERY9,end
2252.00000000,DELIVERY11,DELIVERY9,start
2300.00000000,DELIVERY11,DELIVERY9,end
2401.00000000,DELIVERY15,DELIVERY16,start
2401.00000000,DELIVERY14,DELIVERY17,start
2442.00000000,DELIVERY10,DELIVERY8,end
2499.00000000,DELIVERY14,DELIVERY17,end
2544.00000000,DELIVERY12,DELIVERY15,start
2544.00000000,DELIVERY12,DELIVERY16,start
2548.00000000,DELIVERY12,DELIVERY15,end
2548.00000000,DELIVERY12,DELIVERY16,end
2610.00000000,DELIVERY15,DELIVERY16,end
2613.00000000,DELIVERY15,DELIVERY16,start
2618.00000000,DELIVERY15,DELIVERY16,end
2639.00000000,DELIVERY12,DELIVERY14,start
2641.00000000,DELIVERY12,DELIVERY14,end
2684.00000000,DELIVERY15,DELIVERY17,start
2687.00000000,DELIVERY15,DELIVERY17,end
2832.00000000,DELIVERY14,DELIVERY17,start
2834.00000000,BACKGROUND15,DELIVERY16,start
2837.00000000,DELIVERY14,DELIVERY17,end
2837.00000000,BACKGROUND15,DELIVERY16,end
2840.00000000,DELIVERY14,DELIVERY17,start
2843.00000000,DELIVERY14,DELIVERY17,end
3001.00000000,DELIVERY18,DELIVERY19,start
3183.00000000,DELIVERY14,DELIVERY20,start
3186.00000000,DELIVERY14,DELIVERY20,end
3285.00000000,DELIVERY18,DELIVERY19,end
3288.00000000,DELIVERY18,DELIVERY19,start
3301.00000000,DELIVERY22,DELIVERY25,start
3301.00000000,DELIVERY21,DELIVERY22,start
3301.00000000,DELIVERY21,DELIVERY25,start
3301.00000000,DELIVERY24,DELIVERY26,start
3301.00000000,DELIVERY23,DELIVERY27,start
3304.00000000,DELIVERY21,DELIVERY22,end
3304.00000000,DELIVERY21,DELIVERY25,end
3311.00000000,DELIVERY18,DELIVERY19,end
3447.00000000,DELIVERY20,DELIVERY21,start
3451.00000000,DELIVERY20,DELIVERY21,end
3455.00000000,DELIVERY20,DELIVERY22,start
3455.00000000,DELIVERY20,DELIVERY25,start
3456.00000000,BACKGROUND17,BACKGROUND18,start
3457.00000000,DELIVERY20,DELIVERY22,end
3457.00000000,DELIVERY20,DELIVERY25,end
3458.00000000,BACKGROUND17,BACKGROUND18,end
3488.00000000,DELIVERY21,DELIVERY22,start
3488.00000000,DELIVERY21,DELIVERY25,start
3508.00000000,DELIVERY23,DELIVERY27,end
3510.00000000,DELIVERY21,DELIVERY22,end
3510.00000000,DELIVERY21,DELIVERY25,end
3513.00000000,DELIVERY21,DELIVERY22,start
3513.00000000,DELIVERY21,DELIVERY25,start
3526.00000000,DELIVERY24,DELIVERY25,start
3526.00000000,DELIVERY22,DELIVERY24,start
3526.00000000,DELIVERY22,DELIVERY26,start
3526.00000000,DELIVERY25,DELIVERY26,start
3536.00000000,DELIVERY21,DELIVERY22,end
3536.00000000,DELIVERY21,DELIVERY25,end
3540.00000000,DELIVERY24,DELIVERY25,end
3540.00000000,DELIVERY22,DELIVERY24,end
3540.00000000,DELIVERY22,DELIVERY25,end
3540.00000000,DELIVERY22,DELIVERY26,end
3540.00000000,DELIVERY25,DELIVERY26,end
3543.00000000,DELIVERY24,DELIVERY25,start
3543.00000000,DELIVERY22,DELIVERY24,start
3543.00000000,DELIVERY22,DELIVERY25,start
3543.00000000,DELIVERY22,DELIVERY26,start
3543.00000000,DELIVERY25,DELIVERY26,start
3553.00000000,DELIVERY20,DELIVERY23,start
3555.00000000,DELIVERY20,DELIVERY23,end
3564.00000000,DELIVERY21,DELIVERY22,start
3564.00000000,DELIVERY21,DELIVERY25,start
3566.00000000,DELIVERY24,DELIVERY25,end
3566.00000000,DELIVERY22,DELIVERY24,end
3566.00000000,DELIVERY22,DELIVERY26,end
3566.00000000,DELIVERY25,DELIVERY26,end
3585.00000000,DELIVERY24,DELIVERY26,end
3588.00000000,DELIVERY24,DELIVERY26,start
3592.00000000,DELIVERY22,DELIVERY26,start
3592.00000000,DELIVERY25,DELIVERY26,start
3592.00000000,DELIVERY24,DELIVERY26,end
3595.00000000,DELIVERY21,DELIVERY26,start
3597.00000000,DELIVERY22,DELIVERY26,end
3597.00000000,DELIVERY25,DELIVERY26,end
3601.00000000,DELIVERY30,DELIVERY33,start
3601.00000000,DELIVERY28,DELIVERY32,start
3601.00000000,DELIVERY29,DELIVERY31,start
3601.00000000,DELIVERY21,DELIVERY22,end
3601.00000000,DELIVERY21,DELIVERY25,end
