# FLIGHT LOG
# Takeoff, landing, and distance flown of each UAS.
# 
# Simulation Time [s], UAS, Takeoff/Landing, Distance [m]
# simt
17.05000000,BACKGROUND1,takeoff,0
25.05000000,BACKGROUND2,takeoff,0
33.05000000,BACKGROUND3,takeoff,0
41.05000000,BACKGROUND4,takeoff,0
89.05000000,BACKGROUND9,takeoff,0
105.05000000,BACKGROUND11,takeoff,0
113.05000000,BACKGROUND12,takeoff,0
141.05000000,BACKGROUND8,takeoff,0
146.05000000,BACKGROUND16,takeoff,0
170.05000000,BACKGROUND19,takeoff,0
229.05000000,BACKGROUND5,takeoff,0
237.05000000,BACKGROUND6,takeoff,0
238.05000000,BACKGROUND20,takeoff,0
241.05000000,BACKGROUND13,takeoff,0
253.05000000,BACKGROUND7,takeoff,0
262.05000000,BACKGROUND22,takeoff,0
286.05000000,BACKGROUND25,takeoff,0
286.10000000,BACKGROUND11,landing,2974.85344761
300.05000000,BACKGROUND10,takeoff,0
300.05000000,BACKGROUND14,takeoff,0
300.05000000,BACKGROUND17,takeoff,0
300.05000000,BACKGROUND24,takeoff,0
300.65000000,BACKGROUND5,landing,1087.41090912
300.65000000,BACKGROUND5,takeoff,0
300.70000000,BACKGROUND13,landing,177.02441687
300.70000000,BACKGROUND13,takeoff,0
301.85000000,BACKGROUND22,landing,162.98484974
301.85000000,BACKGROUND22,takeoff,0
302.55000000,BACKGROUND9,landing,3640.69159944
302.55000000,BACKGROUND9,takeoff,0
302.70000000,BACKGROUND19,landing,1722.74051648
302.70000000,BACKGROUND19,takeoff,0
303.60000000,BACKGROUND20,landing,853.22639377
303.60000000,BACKGROUND20,takeoff,0
304.20000000,BACKGROUND12,landing,2213.22530147
304.20000000,BACKGROUND12,takeoff,0
304.90000000,BACKGROUND6,landing,824.60902594
304.90000000,BACKGROUND6,takeoff,0
314.00000000,BACKGROUND25,landing,137.66278089
314.00000000,BACKGROUND25,takeoff,0
315.05000000,BACKGROUND34,takeoff,0
315.05000000,BACKGROUND7,landing,830.24897832
315.05000000,BACKGROUND7,takeoff,0
315.15000000,BACKGROUND16,landing,1228.84008944
315.15000000,BACKGROUND16,takeoff,0
315.40000000,BACKGROUND3,landing,4181.69813244
317.90000000,BACKGROUND4,landing,2889.14815502
317.90000000,BACKGROUND4,takeoff,0
320.00000000,BACKGROUND8,landing,1913.00085138
320.00000000,BACKGROUND8,takeoff,0
339.05000000,BACKGROUND37,takeoff,0
342.05000000,BACKGROUND30,takeoff,0
356.80000000,BACKGROUND9,landing,581.96880309
359.65000000,BACKGROUND2,landing,3768.52600530
369.10000000,BACKGROUND12,landing,378.78863757
378.05000000,BACKGROUND29,takeoff,0
390.15000000,BACKGROUND7,landing,1152.16519687
397.35000000,BACKGROUND1,landing,4763.44548329
411.05000000,BACKGROUND31,takeoff,0
411.05000000,BACKGROUND45,takeoff,0
414.05000000,BACKGROUND26,takeoff,0
437.05000000,BACKGROUND15,takeoff,0
447.05000000,BACKGROUND43,takeoff,0
448.85000000,BACKGROUND25,landing,1572.88772198
452.45000000,BACKGROUND14,landing,2845.07092131
467.05000000,BACKGROUND38,takeoff,0
476.00000000,BACKGROUND20,landing,1216.19475441
487.05000000,BACKGROUND33,takeoff,0
494.05000000,BACKGROUND21,takeoff,0
506.05000000,BACKGROUND6,landing,932.17672567
516.05000000,BACKGROUND57,takeoff,0
526.95000000,BACKGROUND16,landing,2258.70860830
529.10000000,BACKGROUND19,landing,2120.18015676
536.75000000,BACKGROUND8,landing,1362.40199896
538.85000000,BACKGROUND13,landing,3300.13772017
539.05000000,BACKGROUND32,takeoff,0
543.05000000,BACKGROUND40,takeoff,0
564.05000000,BACKGROUND63,takeoff,0
568.75000000,BACKGROUND45,landing,2357.65934113
573.05000000,BACKGROUND64,takeoff,0
577.95000000,BACKGROUND5,landing,2415.50383064
596.25000000,BACKGROUND30,landing,2726.18305334
600.05000000,BACKGROUND18,takeoff,0
600.05000000,BACKGROUND23,takeoff,0
600.05000000,BACKGROUND27,takeoff,0
600.05000000,BACKGROUND28,takeoff,0
600.05000000,BACKGROUND35,takeoff,0
600.05000000,BACKGROUND39,takeoff,0
600.05000000,BACKGROUND46,takeoff,0
600.05000000,BACKGROUND52,takeoff,0
600.05000000,BACKGROUND54,takeoff,0
600.05000000,BACKGROUND56,takeoff,0
600.35000000,BACKGROUND64,landing,408.46500000
600.35000000,BACKGROUND64,takeoff,0
601.40000000,BACKGROUND10,landing,4366.40333840
601.40000000,BACKGROUND10,takeoff,0
602.00000000,BACKGROUND63,landing,696.36678236
602.00000000,BACKGROUND63,takeoff,0
603.30000000,BACKGROUND29,landing,2022.02286417
603.30000000,BACKGROUND29,takeoff,0
603.30000000,BACKGROUND15,landing,3157.60567655
603.30000000,BACKGROUND15,takeoff,0
603.55000000,BACKGROUND33,landing,1744.81254478
603.55000000,BACKGROUND33,takeoff,0
604.00000000,BACKGROUND38,landing,2090.34345631
604.00000000,BACKGROUND38,takeoff,0
606.15000000,BACKGROUND37,landing,2680.23856952
606.15000000,BACKGROUND37,takeoff,0
606.30000000,BACKGROUND21,landing,897.81047407
606.30000000,BACKGROUND21,takeoff,0
606.45000000,BACKGROUND22,landing,3790.33108244
608.40000000,BACKGROUND32,landing,771.81835663
608.40000000,BACKGROUND32,takeoff,0
610.40000000,BACKGROUND24,landing,2395.61959007
610.40000000,BACKGROUND24,takeoff,0
610.55000000,BACKGROUND26,landing,1008.56513369
610.55000000,BACKGROUND26,takeoff,0
611.80000000,BACKGROUND34,landing,2197.03626335
611.80000000,BACKGROUND34,takeoff,0
611.80000000,BACKGROUND4,landing,856.00847449
611.80000000,BACKGROUND4,takeoff,0
616.00000000,BACKGROUND17,landing,2930.75288231
616.00000000,BACKGROUND17,takeoff,0
621.10000000,BACKGROUND57,landing,460.93624531
621.10000000,BACKGROUND57,takeoff,0
622.40000000,BACKGROUND15,landing,370.57704769
623.30000000,BACKGROUND38,landing,294.62250000
628.80000000,BACKGROUND43,landing,1142.38037316
628.80000000,BACKGROUND43,takeoff,0
631.05000000,BACKGROUND36,takeoff,0
634.00000000,BACKGROUND40,landing,587.61475317
634.00000000,BACKGROUND40,takeoff,0
643.05000000,BACKGROUND44,takeoff,0
672.05000000,BACKGROUND31,landing,3145.48181452
673.05000000,BACKGROUND69,takeoff,0
676.05000000,BACKGROUND62,takeoff,0
688.45000000,BACKGROUND52,landing,1150.63316989
700.90000000,BACKGROUND18,landing,1402.74250451
701.05000000,BACKGROUND76,takeoff,0
704.05000000,BACKGROUND58,takeoff,0
728.05000000,BACKGROUND61,takeoff,0
739.65000000,BACKGROUND10,landing,590.90242674
740.05000000,BACKGROUND55,takeoff,0
741.05000000,BACKGROUND70,takeoff,0
742.55000000,BACKGROUND32,landing,1831.76086392
744.05000000,BACKGROUND49,takeoff,0
749.05000000,BACKGROUND46,landing,1856.91708210
751.35000000,BACKGROUND28,landing,2203.31849799
756.60000000,BACKGROUND37,landing,1045.23418103
758.25000000,BACKGROUND34,landing,1477.45195477
768.05000000,BACKGROUND56,landing,1902.90517614
768.70000000,BACKGROUND4,landing,871.13948616
774.05000000,BACKGROUND84,takeoff,0
790.05000000,BACKGROUND86,takeoff,0
801.90000000,BACKGROUND33,landing,2120.18804349
802.05000000,BACKGROUND81,takeoff,0
808.20000000,BACKGROUND39,landing,2116.31446029
810.05000000,BACKGROUND82,takeoff,0
821.55000000,BACKGROUND27,landing,2482.31929449
825.40000000,BACKGROUND64,landing,2746.73888859
829.05000000,BACKGROUND66,takeoff,0
845.20000000,BACKGROUND26,landing,1922.06055261
858.05000000,BACKGROUND87,takeoff,0
859.75000000,BACKGROUND29,landing,1727.87750768
874.05000000,BACKGROUND89,takeoff,0
878.50000000,BACKGROUND44,landing,2612.47971237
881.85000000,BACKGROUND23,landing,4564.64657970
893.05000000,BACKGROUND71,takeoff,0
900.05000000,BACKGROUND41,takeoff,0
900.05000000,BACKGROUND42,takeoff,0
900.05000000,BACKGROUND78,takeoff,0
900.75000000,BACKGROUND57,landing,1120.89718350
900.75000000,BACKGROUND57,takeoff,0
900.85000000,BACKGROUND86,landing,1459.48378491
900.85000000,BACKGROUND86,takeoff,0
901.70000000,BACKGROUND40,landing,1017.08106979
901.70000000,BACKGROUND40,takeoff,0
902.45000000,BACKGROUND81,landing,602.94791683
902.45000000,BACKGROUND81,takeoff,0
904.30000000,BACKGROUND49,landing,2091.11117895
904.30000000,BACKGROUND49,takeoff,0
905.25000000,BACKGROUND21,landing,2446.69748549
905.25000000,BACKGROUND21,takeoff,0
905.65000000,BACKGROUND82,landing,1101.50013959
905.65000000,BACKGROUND82,takeoff,0
907.00000000,BACKGROUND87,landing,270.19119113
907.00000000,BACKGROUND87,takeoff,0
907.20000000,BACKGROUND61,landing,2833.19080389
907.20000000,BACKGROUND61,takeoff,0
908.25000000,BACKGROUND35,landing,3784.84014310
908.25000000,BACKGROUND35,takeoff,0
908.25000000,BACKGROUND17,landing,2374.86035267
909.05000000,BACKGROUND72,takeoff,0
912.40000000,BACKGROUND71,landing,374.17636684
912.40000000,BACKGROUND71,takeoff,0
912.50000000,BACKGROUND89,landing,266.23111588
912.50000000,BACKGROUND89,takeoff,0
912.85000000,BACKGROUND62,landing,1268.91729275
912.85000000,BACKGROUND62,takeoff,0
912.90000000,BACKGROUND66,landing,770.22112776
912.90000000,BACKGROUND66,takeoff,0
913.35000000,BACKGROUND54,landing,2245.02494017
913.35000000,BACKGROUND54,takeoff,0
913.75000000,BACKGROUND58,landing,3027.10083575
915.65000000,BACKGROUND36,landing,1554.07102692
915.65000000,BACKGROUND36,takeoff,0
917.05000000,BACKGROUND73,takeoff,0
921.70000000,BACKGROUND76,landing,2598.56658152
921.70000000,BACKGROUND76,takeoff,0
924.45000000,BACKGROUND84,landing,677.77707391
924.45000000,BACKGROUND84,takeoff,0
931.05000000,BACKGROUND95,takeoff,0
932.90000000,BACKGROUND69,landing,3199.32926988
935.05000000,BACKGROUND103,takeoff,0
950.05000000,BACKGROUND91,takeoff,0
951.40000000,BACKGROUND43,landing,1652.21151821
951.40000000,BACKGROUND43,takeoff,0
956.40000000,BACKGROUND55,landing,1980.67593797
974.30000000,BACKGROUND63,landing,327.71609325
974.30000000,BACKGROUND63,takeoff,0
975.05000000,BACKGROUND107,takeoff,0
976.25000000,BACKGROUND70,landing,2838.67862180
983.05000000,BACKGROUND108,takeoff,0
984.30000000,BACKGROUND62,landing,1306.41536012
995.20000000,BACKGROUND82,landing,1129.55148394
1007.80000000,BACKGROUND40,landing,1959.95197166
1019.05000000,BACKGROUND105,takeoff,0
1021.00000000,BACKGROUND43,landing,272.19089040
1067.05000000,BACKGROUND97,takeoff,0
1073.50000000,BACKGROUND81,landing,1593.18709016
1076.60000000,BACKGROUND21,landing,1038.95760219
1086.75000000,BACKGROUND36,landing,2053.43837804
1088.05000000,BACKGROUND120,takeoff,0
1092.05000000,BACKGROUND114,takeoff,0
1094.15000000,BACKGROUND78,landing,2414.40923975
1095.05000000,BACKGROUND93,takeoff,0
1095.15000000,BACKGROUND54,landing,1604.17223317
1100.50000000,BACKGROUND84,landing,2248.81547262
1105.45000000,BACKGROUND66,landing,2296.75217183
1116.35000000,BACKGROUND35,landing,2896.34475039
1116.65000000,BACKGROUND42,landing,1754.04736843
1127.45000000,BACKGROUND76,landing,1477.11904736
1127.45000000,BACKGROUND41,landing,2837.85772771
1135.05000000,BACKGROUND98,takeoff,0
1167.05000000,BACKGROUND102,takeoff,0
1167.65000000,BACKGROUND24,landing,3740.39780103
1173.00000000,BACKGROUND61,landing,2672.19151894
1176.75000000,BACKGROUND49,landing,3271.04700397
1177.05000000,BACKGROUND129,takeoff,0
1179.05000000,BACKGROUND96,takeoff,0
1188.40000000,BACKGROUND72,landing,3881.77964468
1200.05000000,BACKGROUND80,takeoff,0
1200.05000000,BACKGROUND75,takeoff,0
1200.05000000,BACKGROUND83,takeoff,0
1200.05000000,BACKGROUND115,takeoff,0
1200.05000000,BACKGROUND110,takeoff,0
1200.05000000,BACKGROUND124,takeoff,0
1200.05000000,BACKGROUND104,takeoff,0
1200.05000000,BACKGROUND119,takeoff,0
1200.05000000,BACKGROUND127,takeoff,0
1200.05000000,BACKGROUND128,takeoff,0
1200.05000000,BACKGROUND123,takeoff,0
1200.05000000,BACKGROUND117,takeoff,0
1200.55000000,BACKGROUND71,landing,4288.40381929
1200.55000000,BACKGROUND71,takeoff,0
1201.05000000,BACKGROUND131,takeoff,0
1202.65000000,BACKGROUND87,landing,3824.95293521
1202.65000000,BACKGROUND87,takeoff,0
1203.05000000,BACKGROUND114,landing,1063.91677126
1203.05000000,BACKGROUND114,takeoff,0
1204.30000000,BACKGROUND107,landing,1703.93266028
1204.30000000,BACKGROUND107,takeoff,0
1204.30000000,BACKGROUND93,landing,1656.47538503
1204.30000000,BACKGROUND93,takeoff,0
1204.45000000,BACKGROUND102,landing,602.10810829
1204.45000000,BACKGROUND102,takeoff,0
1205.00000000,BACKGROUND108,landing,2628.13178782
1205.00000000,BACKGROUND108,takeoff,0
1205.70000000,BACKGROUND91,landing,3062.26995260
1206.95000000,BACKGROUND129,landing,414.07150863
1206.95000000,BACKGROUND129,takeoff,0
1207.40000000,BACKGROUND105,landing,2748.30005276
1207.40000000,BACKGROUND105,takeoff,0
1207.45000000,BACKGROUND89,landing,909.97762403
1207.45000000,BACKGROUND89,takeoff,0
1209.55000000,BACKGROUND103,landing,2729.46058250
1211.25000000,BACKGROUND96,landing,492.90250000
1211.25000000,BACKGROUND96,takeoff,0
1214.05000000,BACKGROUND57,landing,2008.27275047
1214.05000000,BACKGROUND57,takeoff,0
1216.35000000,BACKGROUND73,landing,4466.99515672
1217.05000000,BACKGROUND133,takeoff,0
1217.15000000,BACKGROUND120,landing,2078.52346276
1225.95000000,BACKGROUND86,landing,4438.78594194
1229.45000000,BACKGROUND98,landing,310.58693779
1229.45000000,BACKGROUND98,takeoff,0
1240.90000000,BACKGROUND97,landing,1016.71014008
1240.90000000,BACKGROUND97,takeoff,0
1254.65000000,BACKGROUND95,landing,861.49188924
1254.65000000,BACKGROUND95,takeoff,0
1262.65000000,BACKGROUND71,landing,734.54559012
1264.05000000,BACKGROUND113,takeoff,0
1274.05000000,BACKGROUND139,takeoff,0
1284.05000000,BACKGROUND122,takeoff,0
1285.05000000,BACKGROUND134,takeoff,0
1287.15000000,BACKGROUND93,landing,580.68809223
1295.20000000,BACKGROUND87,landing,484.91495189
1314.05000000,BACKGROUND144,takeoff,0
1322.05000000,BACKGROUND145,takeoff,0
1362.05000000,BACKGROUND150,takeoff,0
1378.05000000,BACKGROUND151,takeoff,0
1381.50000000,BACKGROUND108,landing,1022.79971806
1390.05000000,BACKGROUND146,takeoff,0
1394.80000000,BACKGROUND131,landing,3045.40005879
1398.05000000,BACKGROUND147,takeoff,0
1411.80000000,BACKGROUND80,landing,2398.38858950
1426.05000000,BACKGROUND143,takeoff,0
1437.05000000,BACKGROUND137,takeoff,0
1445.05000000,BACKGROUND138,takeoff,0
1446.05000000,BACKGROUND152,takeoff,0
1451.05000000,BACKGROUND159,takeoff,0
1453.45000000,BACKGROUND105,landing,2975.85767900
1454.00000000,BACKGROUND75,landing,3478.82657090
1475.05000000,BACKGROUND160,takeoff,0
1487.05000000,BACKGROUND156,takeoff,0
1491.05000000,BACKGROUND162,takeoff,0
1496.65000000,BACKGROUND89,landing,4244.70950852
1500.05000000,BACKGROUND116,takeoff,0
1500.05000000,BACKGROUND148,takeoff,0
1500.05000000,BACKGROUND132,takeoff,0
1500.05000000,BACKGROUND153,takeoff,0
1500.05000000,BACKGROUND152,landing,354.72114281
1500.05000000,BACKGROUND152,takeoff,0
1500.30000000,BACKGROUND110,landing,3235.04797081
1500.30000000,BACKGROUND110,takeoff,0
1500.40000000,BACKGROUND104,landing,3873.74749417
1500.40000000,BACKGROUND104,takeoff,0
1501.10000000,BACKGROUND145,landing,1973.87327618
1501.10000000,BACKGROUND145,takeoff,0
1501.25000000,BACKGROUND147,landing,1138.44133192
1501.25000000,BACKGROUND147,takeoff,0
1501.30000000,BACKGROUND115,landing,3457.66300502
1501.30000000,BACKGROUND115,takeoff,0
1501.80000000,BACKGROUND133,landing,4486.15599475
1501.80000000,BACKGROUND133,takeoff,0
1501.95000000,BACKGROUND107,landing,1311.23145024
1501.95000000,BACKGROUND107,takeoff,0
1502.25000000,BACKGROUND138,landing,678.22498277
1502.25000000,BACKGROUND138,takeoff,0
1503.05000000,BACKGROUND143,landing,1312.84775140
1503.05000000,BACKGROUND143,takeoff,0
1504.00000000,BACKGROUND95,landing,3156.26111014
1504.00000000,BACKGROUND95,takeoff,0
1504.70000000,BACKGROUND137,landing,466.59010394
1504.70000000,BACKGROUND137,takeoff,0
1506.00000000,BACKGROUND123,landing,3755.47224045
1506.00000000,BACKGROUND123,takeoff,0
1507.05000000,BACKGROUND163,takeoff,0
1507.20000000,BACKGROUND129,landing,2509.49345994
1507.20000000,BACKGROUND129,takeoff,0
1507.50000000,BACKGROUND160,landing,254.64080854
1507.50000000,BACKGROUND160,takeoff,0
1508.75000000,BACKGROUND139,landing,3409.71374247
1508.75000000,BACKGROUND139,takeoff,0
1510.10000000,BACKGROUND98,landing,2317.96172369
1510.10000000,BACKGROUND98,takeoff,0
1511.45000000,BACKGROUND159,landing,538.86391704
1511.45000000,BACKGROUND159,takeoff,0
1511.65000000,BACKGROUND96,landing,2319.09703413
1511.65000000,BACKGROUND96,takeoff,0
1512.80000000,BACKGROUND83,landing,4322.49053264
1512.80000000,BACKGROUND83,takeoff,0
1513.30000000,BACKGROUND146,landing,1450.62768148
1513.30000000,BACKGROUND146,takeoff,0
1515.05000000,BACKGROUND164,takeoff,0
1515.35000000,BACKGROUND151,landing,930.41205008
1515.35000000,BACKGROUND151,takeoff,0
1515.90000000,BACKGROUND128,landing,4006.48890508
1517.35000000,BACKGROUND162,landing,66.20031904
1517.35000000,BACKGROUND162,takeoff,0
1518.40000000,BACKGROUND119,landing,4285.40641357
1518.40000000,BACKGROUND119,takeoff,0
1520.65000000,BACKGROUND124,landing,2820.52062153
1520.65000000,BACKGROUND124,takeoff,0
1523.50000000,BACKGROUND134,landing,1822.76891155
1523.50000000,BACKGROUND134,takeoff,0
1527.20000000,BACKGROUND117,landing,2467.97966186
1529.95000000,BACKGROUND150,landing,1107.06297533
1529.95000000,BACKGROUND150,takeoff,0
1532.25000000,BACKGROUND143,landing,134.78510218
1533.35000000,BACKGROUND57,landing,2421.58324744
1534.05000000,BACKGROUND149,takeoff,0
1535.50000000,BACKGROUND97,landing,3292.15895151
1535.50000000,BACKGROUND97,takeoff,0
1547.90000000,BACKGROUND156,landing,221.13640576
1547.90000000,BACKGROUND156,takeoff,0
1548.80000000,BACKGROUND63,landing,4329.86172469
1549.00000000,BACKGROUND113,landing,4809.89716802
1554.00000000,BACKGROUND127,landing,1378.85635112
1554.00000000,BACKGROUND127,takeoff,0
1556.05000000,BACKGROUND168,takeoff,0
1564.05000000,BACKGROUND169,takeoff,0
1590.05000000,BACKGROUND155,takeoff,0
1599.95000000,BACKGROUND122,landing,1363.89987697
1604.05000000,BACKGROUND174,takeoff,0
1623.60000000,BACKGROUND119,landing,1028.69501247
1626.40000000,BACKGROUND124,landing,1079.04230426
1634.70000000,BACKGROUND95,landing,1252.54668018
1641.20000000,BACKGROUND144,landing,1702.14187052
1641.40000000,BACKGROUND97,landing,794.79067597
1644.20000000,BACKGROUND98,landing,1397.26882133
1654.55000000,BACKGROUND104,landing,1299.89553345
1659.05000000,BACKGROUND167,takeoff,0
1662.60000000,BACKGROUND169,landing,1247.38158700
1663.90000000,BACKGROUND133,landing,2240.97656892
1672.05000000,BACKGROUND175,takeoff,0
1676.35000000,BACKGROUND110,landing,1795.49679013
1677.70000000,BACKGROUND137,landing,1728.83554766
1683.25000000,BACKGROUND138,landing,686.76516295
1683.40000000,BACKGROUND159,landing,1878.19481269
1692.05000000,BACKGROUND184,takeoff,0
1696.05000000,BACKGROUND178,takeoff,0
1708.05000000,BACKGROUND172,takeoff,0
1708.05000000,BACKGROUND83,landing,1725.87168435
1713.75000000,BACKGROUND96,landing,2594.94341128
1728.70000000,BACKGROUND163,landing,1793.33238355
1733.05000000,BACKGROUND188,takeoff,0
1740.05000000,BACKGROUND176,takeoff,0
1744.05000000,BACKGROUND183,takeoff,0
1748.65000000,BACKGROUND114,landing,3088.98844127
1752.05000000,BACKGROUND170,takeoff,0
1753.15000000,BACKGROUND155,landing,1647.77157852
1757.05000000,BACKGROUND189,takeoff,0
1764.05000000,BACKGROUND179,takeoff,0
1772.05000000,BACKGROUND180,takeoff,0
1772.90000000,BACKGROUND147,landing,1808.63041587
1776.05000000,BACKGROUND173,takeoff,0
1781.05000000,BACKGROUND192,takeoff,0
1795.20000000,BACKGROUND107,landing,2066.42980574
1800.40000000,BACKGROUND173,landing,494.32982421
1800.40000000,BACKGROUND173,takeoff,0
1801.00000000,BACKGROUND132,landing,4441.39200795
1801.00000000,BACKGROUND132,takeoff,0
