# FLIGHT LOG
# Takeoff, landing, and distance flown of each UAS.
# 
# Simulation Time [s], UAS, Takeoff/Landing, Distance [m]
# simt
9.05000000,BACKGROUND1,takeoff,0
17.05000000,BACKGROUND2,takeoff,0
25.05000000,BACKGROUND3,takeoff,0
33.05000000,BACKGROUND4,takeoff,0
41.05000000,BACKGROUND5,takeoff,0
73.05000000,BACKGROUND6,takeoff,0
81.05000000,BACKGROUND7,takeoff,0
129.05000000,BACKGROUND13,takeoff,0
167.45000000,BACKGROUND5,landing,1618.85179136
173.05000000,BACKGROUND11,takeoff,0
178.05000000,BACKGROUND19,takeoff,0
197.05000000,BACKGROUND14,takeoff,0
230.05000000,BACKGROUND18,takeoff,0
242.05000000,BACKGROUND26,takeoff,0
269.05000000,BACKGROUND8,takeoff,0
274.05000000,BACKGROUND29,takeoff,0
278.05000000,BACKGROUND23,takeoff,0
282.05000000,BACKGROUND30,takeoff,0
300.05000000,BACKGROUND9,takeoff,0
300.05000000,BACKGROUND10,takeoff,0
300.05000000,BACKGROUND12,takeoff,0
300.05000000,BACKGROUND20,takeoff,0
300.05000000,BACKGROUND21,takeoff,0
300.20000000,BACKGROUND19,landing,1299.34146314
300.20000000,BACKGROUND19,takeoff,0
300.45000000,BACKGROUND18,landing,1151.13467655
300.45000000,BACKGROUND18,takeoff,0
301.00000000,BACKGROUND26,landing,311.74629281
301.00000000,BACKGROUND26,takeoff,0
301.20000000,BACKGROUND23,landing,224.46913369
301.20000000,BACKGROUND23,takeoff,0
301.85000000,BACKGROUND30,landing,145.58752044
301.85000000,BACKGROUND30,takeoff,0
302.55000000,BACKGROUND8,landing,379.61522239
302.55000000,BACKGROUND8,takeoff,0
303.00000000,BACKGROUND13,landing,3060.67874428
303.00000000,BACKGROUND13,takeoff,0
303.25000000,BACKGROUND11,landing,1630.83495299
303.25000000,BACKGROUND11,takeoff,0
303.95000000,BACKGROUND4,landing,3906.10137571
304.95000000,BACKGROUND14,landing,1340.47153635
304.95000000,BACKGROUND14,takeoff,0
305.15000000,BACKGROUND7,landing,1977.09390998
313.10000000,BACKGROUND6,landing,1093.62331627
313.10000000,BACKGROUND6,takeoff,0
313.95000000,BACKGROUND3,landing,3474.46109563
313.95000000,BACKGROUND3,takeoff,0
315.05000000,BACKGROUND34,takeoff,0
319.55000000,BACKGROUND1,landing,2882.70096612
319.55000000,BACKGROUND1,takeoff,0
341.60000000,BACKGROUND3,landing,361.77143547
347.05000000,BACKGROUND37,takeoff,0
348.75000000,BACKGROUND29,landing,577.75051113
348.75000000,BACKGROUND29,takeoff,0
354.05000000,BACKGROUND25,takeoff,0
355.05000000,BACKGROUND38,takeoff,0
363.05000000,BACKGROUND39,takeoff,0
367.05000000,BACKGROUND33,takeoff,0
394.05000000,BACKGROUND16,takeoff,0
396.95000000,BACKGROUND11,landing,1776.09437148
411.05000000,BACKGROUND31,takeoff,0
412.75000000,BACKGROUND14,landing,1181.33866654
414.35000000,BACKGROUND8,landing,1963.54625000
419.05000000,BACKGROUND32,takeoff,0
425.25000000,BACKGROUND2,landing,5140.66763263
444.05000000,BACKGROUND47,takeoff,0
450.05000000,BACKGROUND22,takeoff,0
454.55000000,BACKGROUND9,landing,1896.43383334
463.20000000,BACKGROUND37,landing,1746.28406339
468.05000000,BACKGROUND49,takeoff,0
479.05000000,BACKGROUND44,takeoff,0
481.15000000,BACKGROUND13,landing,1599.75429787
492.05000000,BACKGROUND52,takeoff,0
500.50000000,BACKGROUND10,landing,3295.10722583
509.80000000,BACKGROUND19,landing,3707.78629541
509.80000000,BACKGROUND20,landing,2932.12958702
512.05000000,BACKGROUND48,takeoff,0
523.05000000,BACKGROUND42,takeoff,0
524.05000000,BACKGROUND56,takeoff,0
526.05000000,BACKGROUND24,takeoff,0
544.05000000,BACKGROUND51,takeoff,0
548.05000000,BACKGROUND45,takeoff,0
560.05000000,BACKGROUND53,takeoff,0
567.20000000,BACKGROUND23,landing,3689.39320844
583.65000000,BACKGROUND21,landing,3682.96104571
589.00000000,BACKGROUND12,landing,1703.54803520
589.05000000,BACKGROUND61,takeoff,0
600.05000000,BACKGROUND15,takeoff,0
600.05000000,BACKGROUND27,takeoff,0
600.05000000,BACKGROUND28,takeoff,0
600.05000000,BACKGROUND36,takeoff,0
600.05000000,BACKGROUND35,takeoff,0
600.05000000,BACKGROUND41,takeoff,0
600.05000000,BACKGROUND43,takeoff,0
600.05000000,BACKGROUND50,takeoff,0
600.05000000,BACKGROUND46,takeoff,0
600.05000000,BACKGROUND55,takeoff,0
600.05000000,BACKGROUND57,takeoff,0
601.05000000,BACKGROUND51,landing,486.12040143
601.05000000,BACKGROUND51,takeoff,0
601.75000000,BACKGROUND56,landing,180.23765477
601.75000000,BACKGROUND56,takeoff,0
601.85000000,BACKGROUND53,landing,679.95071839
601.85000000,BACKGROUND53,takeoff,0
602.05000000,BACKGROUND39,landing,3108.22913860
602.05000000,BACKGROUND39,takeoff,0
602.40000000,BACKGROUND32,landing,2838.63867601
602.40000000,BACKGROUND32,takeoff,0
603.30000000,BACKGROUND48,landing,1175.45040805
603.30000000,BACKGROUND48,takeoff,0
603.95000000,BACKGROUND33,landing,3926.24266426
603.95000000,BACKGROUND33,takeoff,0
604.15000000,BACKGROUND45,landing,240.98777358
604.15000000,BACKGROUND45,takeoff,0
605.95000000,BACKGROUND61,landing,155.89885890
605.95000000,BACKGROUND61,takeoff,0
606.35000000,BACKGROUND26,landing,4131.19515334
606.35000000,BACKGROUND26,takeoff,0
606.95000000,BACKGROUND42,landing,1110.66965874
606.95000000,BACKGROUND42,takeoff,0
608.35000000,BACKGROUND29,landing,3466.81449965
608.35000000,BACKGROUND29,takeoff,0
608.50000000,BACKGROUND38,landing,3464.21522344
608.50000000,BACKGROUND38,takeoff,0
609.95000000,BACKGROUND47,landing,2194.88961446
609.95000000,BACKGROUND47,takeoff,0
611.30000000,BACKGROUND22,landing,1859.21492664
611.30000000,BACKGROUND22,takeoff,0
611.90000000,BACKGROUND1,landing,3364.50934527
615.40000000,BACKGROUND49,landing,1543.53500683
615.40000000,BACKGROUND49,takeoff,0
616.60000000,BACKGROUND52,landing,1303.75848401
616.60000000,BACKGROUND52,takeoff,0
629.05000000,BACKGROUND66,takeoff,0
629.05000000,BACKGROUND16,landing,2132.31341805
630.25000000,BACKGROUND18,landing,855.01422818
630.25000000,BACKGROUND18,takeoff,0
631.70000000,BACKGROUND6,landing,1830.30986546
631.70000000,BACKGROUND6,takeoff,0
645.05000000,BACKGROUND68,takeoff,0
645.10000000,BACKGROUND31,landing,2711.75407559
647.60000000,BACKGROUND30,landing,3863.36918211
652.40000000,BACKGROUND34,landing,2993.57291131
657.05000000,BACKGROUND62,takeoff,0
660.75000000,BACKGROUND24,landing,1545.69376668
663.55000000,BACKGROUND25,landing,4411.60312337
666.65000000,BACKGROUND44,landing,1574.48846669
673.05000000,BACKGROUND64,takeoff,0
681.05000000,BACKGROUND65,takeoff,0
700.10000000,BACKGROUND18,landing,954.15613832
727.60000000,BACKGROUND26,landing,489.42861177
729.05000000,BACKGROUND70,takeoff,0
731.15000000,BACKGROUND28,landing,1404.77513143
744.65000000,BACKGROUND46,landing,1573.38351669
744.70000000,BACKGROUND29,landing,1884.42451004
745.05000000,BACKGROUND72,takeoff,0
750.50000000,BACKGROUND50,landing,2581.70659903
753.05000000,BACKGROUND73,takeoff,0
758.65000000,BACKGROUND6,landing,1365.11493406
761.05000000,BACKGROUND74,takeoff,0
764.80000000,BACKGROUND39,landing,1418.81675637
770.05000000,BACKGROUND75,takeoff,0
772.65000000,BACKGROUND35,landing,2090.06465192
776.95000000,BACKGROUND61,landing,2895.61948881
778.70000000,BACKGROUND51,landing,2056.75416351
780.05000000,BACKGROUND58,takeoff,0
782.05000000,BACKGROUND82,takeoff,0
783.95000000,BACKGROUND33,landing,1460.21393619
786.05000000,BACKGROUND76,takeoff,0
797.05000000,BACKGROUND71,takeoff,0
798.80000000,BACKGROUND27,landing,2856.94734009
802.05000000,BACKGROUND78,takeoff,0
819.40000000,BACKGROUND48,landing,1519.25466835
822.65000000,BACKGROUND36,landing,3067.10136596
823.80000000,BACKGROUND47,landing,2909.55959340
835.05000000,BACKGROUND49,landing,3903.75000000
840.90000000,BACKGROUND52,landing,2000.76243004
857.70000000,BACKGROUND62,landing,2793.91711073
877.05000000,BACKGROUND67,takeoff,0
877.60000000,BACKGROUND22,landing,2370.19988324
882.05000000,BACKGROUND86,takeoff,0
888.95000000,BACKGROUND42,landing,1650.42345497
893.90000000,BACKGROUND41,landing,2993.17089191
894.00000000,BACKGROUND45,landing,3976.17309695
895.35000000,BACKGROUND32,landing,3797.39387595
900.05000000,BACKGROUND40,takeoff,0
900.05000000,BACKGROUND59,takeoff,0
900.05000000,BACKGROUND63,takeoff,0
900.05000000,BACKGROUND69,takeoff,0
900.05000000,BACKGROUND77,takeoff,0
900.05000000,BACKGROUND80,takeoff,0
900.35000000,BACKGROUND76,landing,1254.28085961
900.35000000,BACKGROUND76,takeoff,0
902.40000000,BACKGROUND70,landing,2770.37490858
902.40000000,BACKGROUND70,takeoff,0
902.55000000,BACKGROUND74,landing,1675.42462724
902.55000000,BACKGROUND74,takeoff,0
902.75000000,BACKGROUND15,landing,3732.13585102
902.75000000,BACKGROUND15,takeoff,0
903.10000000,BACKGROUND75,landing,1421.35632603
903.10000000,BACKGROUND75,takeoff,0
905.00000000,BACKGROUND71,landing,1536.76456722
905.00000000,BACKGROUND71,takeoff,0
905.20000000,BACKGROUND78,landing,1771.69403570
905.20000000,BACKGROUND78,takeoff,0
906.50000000,BACKGROUND68,landing,3606.19075621
906.50000000,BACKGROUND68,takeoff,0
907.70000000,BACKGROUND66,landing,3122.19897004
907.70000000,BACKGROUND66,takeoff,0
908.20000000,BACKGROUND57,landing,1994.32963005
908.20000000,BACKGROUND57,takeoff,0
908.40000000,BACKGROUND73,landing,2060.66996084
908.40000000,BACKGROUND73,takeoff,0
910.25000000,BACKGROUND67,landing,680.79116698
910.25000000,BACKGROUND67,takeoff,0
911.05000000,BACKGROUND86,landing,440.20410677
911.05000000,BACKGROUND86,takeoff,0
918.05000000,BACKGROUND84,takeoff,0
918.45000000,BACKGROUND55,landing,719.84728114
918.45000000,BACKGROUND55,takeoff,0
918.55000000,BACKGROUND64,landing,3274.88573910
918.55000000,BACKGROUND64,takeoff,0
919.05000000,BACKGROUND96,takeoff,0
934.05000000,BACKGROUND85,takeoff,0
937.30000000,BACKGROUND53,landing,4428.37555956
937.30000000,BACKGROUND53,takeoff,0
938.35000000,BACKGROUND74,landing,774.35141446
947.05000000,BACKGROUND93,takeoff,0
950.70000000,BACKGROUND43,landing,4728.90576228
950.70000000,BACKGROUND43,takeoff,0
951.05000000,BACKGROUND99,takeoff,0
965.80000000,BACKGROUND58,landing,2082.33832206
972.70000000,BACKGROUND53,landing,399.29532199
972.75000000,BACKGROUND82,landing,1935.70458106
975.05000000,BACKGROUND102,takeoff,0
980.90000000,BACKGROUND15,landing,763.63118215
989.05000000,BACKGROUND65,landing,3016.02704644
994.80000000,BACKGROUND78,landing,635.55541338
998.45000000,BACKGROUND68,landing,772.69574966
1000.05000000,BACKGROUND103,takeoff,0
1006.05000000,BACKGROUND81,takeoff,0
1008.90000000,BACKGROUND56,landing,678.70833337
1008.90000000,BACKGROUND56,takeoff,0
1018.05000000,BACKGROUND88,takeoff,0
1020.20000000,BACKGROUND70,landing,2013.42767806
1025.70000000,BACKGROUND76,landing,1047.82401314
1047.05000000,BACKGROUND97,takeoff,0
1049.60000000,BACKGROUND43,landing,392.04526377
1064.05000000,BACKGROUND110,takeoff,0
1064.55000000,BACKGROUND69,landing,1623.10402788
1079.05000000,BACKGROUND100,takeoff,0
1084.05000000,BACKGROUND106,takeoff,0
1085.15000000,BACKGROUND40,landing,1923.90515321
1088.05000000,BACKGROUND112,takeoff,0
1096.05000000,BACKGROUND113,takeoff,0
1100.95000000,BACKGROUND86,landing,2486.12170097
1103.05000000,BACKGROUND90,takeoff,0
1105.55000000,BACKGROUND59,landing,2440.26246973
1115.95000000,BACKGROUND96,landing,2077.17477518
1119.05000000,BACKGROUND92,takeoff,0
1128.05000000,BACKGROUND117,takeoff,0
1142.60000000,BACKGROUND75,landing,3241.45279227
1146.05000000,BACKGROUND89,takeoff,0
1147.00000000,BACKGROUND64,landing,1973.94970557
1147.05000000,BACKGROUND101,takeoff,0
1166.30000000,BACKGROUND63,landing,3482.64913097
1185.05000000,BACKGROUND124,takeoff,0
1190.70000000,BACKGROUND99,landing,2033.30351076
1192.05000000,BACKGROUND111,takeoff,0
1200.20000000,BACKGROUND66,landing,2461.93862360
1200.20000000,BACKGROUND66,takeoff,0
1200.60000000,BACKGROUND111,landing,111.56625000
1200.60000000,BACKGROUND111,takeoff,0
1201.05000000,BACKGROUND113,landing,755.62617748
1201.05000000,BACKGROUND113,takeoff,0
1201.10000000,BACKGROUND101,landing,923.68951605
1201.10000000,BACKGROUND101,takeoff,0
1202.65000000,BACKGROUND102,landing,3303.83157218
1202.65000000,BACKGROUND102,takeoff,0
1203.65000000,BACKGROUND84,landing,2668.44951092
1203.65000000,BACKGROUND84,takeoff,0
1203.65000000,BACKGROUND92,landing,1630.89686811
1203.65000000,BACKGROUND92,takeoff,0
1203.70000000,BACKGROUND112,landing,1118.03104935
1203.70000000,BACKGROUND112,takeoff,0
1203.90000000,BACKGROUND117,landing,1152.30260464
1203.90000000,BACKGROUND117,takeoff,0
1204.85000000,BACKGROUND90,landing,1307.05666906
1204.85000000,BACKGROUND90,takeoff,0
1205.30000000,BACKGROUND85,landing,4051.95915172
1205.30000000,BACKGROUND85,takeoff,0
1206.70000000,BACKGROUND110,landing,1484.23255746
1206.70000000,BACKGROUND110,takeoff,0
1206.85000000,BACKGROUND89,landing,770.48992600
1206.85000000,BACKGROUND89,takeoff,0
1217.65000000,BACKGROUND71,landing,2139.67410708
1217.65000000,BACKGROUND71,takeoff,0
1219.35000000,BACKGROUND57,landing,2118.20509545
1219.35000000,BACKGROUND57,takeoff,0
1220.50000000,BACKGROUND56,landing,2329.47058090
1220.50000000,BACKGROUND56,takeoff,0
1221.80000000,BACKGROUND106,landing,1119.41950210
1221.80000000,BACKGROUND106,takeoff,0
1224.65000000,BACKGROUND100,landing,428.35734088
1224.65000000,BACKGROUND100,takeoff,0
1236.50000000,BACKGROUND97,landing,2251.76773558
1236.50000000,BACKGROUND97,takeoff,0
1244.00000000,BACKGROUND103,landing,3715.99987547
1244.60000000,BACKGROUND67,landing,2734.02591225
1244.75000000,BACKGROUND77,landing,2354.11949005
1248.60000000,BACKGROUND124,landing,310.39035629
1248.60000000,BACKGROUND124,takeoff,0
1260.70000000,BACKGROUND81,landing,1972.94667252
1276.00000000,BACKGROUND55,landing,2535.77590507
1280.45000000,BACKGROUND66,landing,425.91570799
1282.80000000,BACKGROUND85,landing,181.97938863
1282.85000000,BACKGROUND80,landing,829.84694397
1282.85000000,BACKGROUND80,takeoff,0
1284.35000000,BACKGROUND93,landing,3197.58218867
1290.75000000,BACKGROUND73,landing,4011.82437743
1332.30000000,BACKGROUND112,landing,1736.57187589
1349.40000000,BACKGROUND92,landing,1861.69635255
1350.40000000,BACKGROUND71,landing,1906.93609943
1350.50000000,BACKGROUND102,landing,965.90268172
1380.80000000,BACKGROUND117,landing,2703.60058287
1395.25000000,BACKGROUND57,landing,983.47972023
1462.10000000,BACKGROUND89,landing,1292.37193509
1468.75000000,BACKGROUND97,landing,2309.48672351
1473.80000000,BACKGROUND84,landing,2309.02444441
1500.90000000,BACKGROUND90,landing,2925.99467501
1500.90000000,BACKGROUND90,takeoff,0
1501.65000000,BACKGROUND124,landing,3528.30618253
1501.65000000,BACKGROUND124,takeoff,0
1505.90000000,BACKGROUND111,landing,4049.78552329
1505.90000000,BACKGROUND111,takeoff,0
1506.40000000,BACKGROUND100,landing,6002.61630626
1506.40000000,BACKGROUND100,takeoff,0
1519.55000000,BACKGROUND80,landing,2712.14042786
1525.60000000,BACKGROUND88,landing,1757.87218512
1525.60000000,BACKGROUND88,takeoff,0
1539.50000000,BACKGROUND113,landing,3310.80280994
1539.50000000,BACKGROUND113,takeoff,0
1548.10000000,BACKGROUND124,landing,350.88024713
1605.45000000,BACKGROUND72,landing,15010.51215880
1608.15000000,BACKGROUND56,landing,1343.05342414
1608.15000000,BACKGROUND56,takeoff,0
1662.20000000,BACKGROUND90,landing,1275.73783060
1682.85000000,BACKGROUND100,landing,1309.56930143
1686.75000000,BACKGROUND111,landing,2364.79063645
1749.05000000,BACKGROUND181,takeoff,0
1762.90000000,BACKGROUND56,landing,851.14407838
1798.60000000,BACKGROUND101,landing,3125.54778150
