# FLIGHT LOG
# Takeoff, landing, and distance flown of each UAS.
# 
# Simulation Time [s], UAS, Takeoff/Landing, Distance [m]
# simt
9.05000000,BACKGROUND1,takeoff,0
17.05000000,BACKGROUND2,takeoff,0
25.05000000,BACKGROUND3,takeoff,0
41.05000000,BACKGROUND4,takeoff,0
65.05000000,BACKGROUND5,takeoff,0
73.05000000,BACKGROUND6,takeoff,0
81.05000000,BACKGROUND7,takeoff,0
89.05000000,BACKGROUND8,takeoff,0
97.05000000,BACKGROUND9,takeoff,0
105.05000000,BACKGROUND10,takeoff,0
113.05000000,BACKGROUND11,takeoff,0
121.05000000,BACKGROUND12,takeoff,0
129.05000000,BACKGROUND13,takeoff,0
137.05000000,BACKGROUND14,takeoff,0
146.05000000,BACKGROUND15,takeoff,0
154.05000000,BACKGROUND16,takeoff,0
162.05000000,BACKGROUND17,takeoff,0
170.05000000,BACKGROUND18,takeoff,0
178.05000000,BACKGROUND19,takeoff,0
186.05000000,BACKGROUND20,takeoff,0
188.00000000,BACKGROUND3,landing,1773.75570520
194.05000000,BACKGROUND21,takeoff,0
202.05000000,BACKGROUND22,takeoff,0
210.05000000,BACKGROUND23,takeoff,0
226.05000000,BACKGROUND24,takeoff,0
234.05000000,BACKGROUND25,takeoff,0
242.05000000,BACKGROUND26,takeoff,0
250.05000000,BACKGROUND27,takeoff,0
250.80000000,BACKGROUND1,landing,2317.13316856
258.05000000,BACKGROUND28,takeoff,0
266.05000000,BACKGROUND29,takeoff,0
274.05000000,BACKGROUND30,takeoff,0
282.05000000,BACKGROUND31,takeoff,0
285.70000000,BACKGROUND13,landing,2660.39840348
291.05000000,BACKGROUND32,takeoff,0
299.05000000,BACKGROUND33,takeoff,0
300.50000000,BACKGROUND5,landing,3062.72751118
307.05000000,BACKGROUND34,takeoff,0
315.05000000,BACKGROUND35,takeoff,0
317.00000000,BACKGROUND17,landing,1982.03979616
323.05000000,BACKGROUND36,takeoff,0
331.05000000,BACKGROUND37,takeoff,0
339.05000000,BACKGROUND38,takeoff,0
339.10000000,BACKGROUND18,landing,2120.31125347
347.05000000,BACKGROUND39,takeoff,0
355.05000000,BACKGROUND40,takeoff,0
371.05000000,BACKGROUND41,takeoff,0
371.45000000,BACKGROUND9,landing,3807.57126074
379.05000000,BACKGROUND42,takeoff,0
386.95000000,BACKGROUND10,landing,3767.06676618
387.05000000,BACKGROUND43,takeoff,0
395.05000000,BACKGROUND44,takeoff,0
397.20000000,BACKGROUND20,landing,3014.44530221
401.65000000,BACKGROUND6,landing,2643.76012346
403.05000000,BACKGROUND45,takeoff,0
403.35000000,BACKGROUND14,landing,4378.38706840
411.05000000,BACKGROUND46,takeoff,0
418.80000000,BACKGROUND7,landing,4879.44233422
419.05000000,BACKGROUND47,takeoff,0
428.05000000,BACKGROUND48,takeoff,0
436.05000000,BACKGROUND49,takeoff,0
441.60000000,BACKGROUND11,landing,5304.34667501
444.05000000,BACKGROUND50,takeoff,0
447.45000000,BACKGROUND29,landing,2364.42668184
452.05000000,BACKGROUND51,takeoff,0
452.75000000,BACKGROUND22,landing,4326.59130204
467.35000000,BACKGROUND25,landing,2909.46167386
468.05000000,BACKGROUND52,takeoff,0
469.45000000,BACKGROUND12,landing,4734.55416950
469.50000000,BACKGROUND21,landing,3011.97992627
476.05000000,BACKGROUND53,takeoff,0
477.65000000,BACKGROUND15,landing,3329.95572346
479.75000000,BACKGROUND2,landing,6833.03610871
492.05000000,BACKGROUND54,takeoff,0
500.05000000,BACKGROUND55,takeoff,0
508.05000000,BACKGROUND56,takeoff,0
516.05000000,BACKGROUND57,takeoff,0
524.05000000,BACKGROUND58,takeoff,0
524.45000000,BACKGROUND37,landing,2194.01162724
532.05000000,BACKGROUND59,takeoff,0
548.05000000,BACKGROUND60,takeoff,0
561.50000000,BACKGROUND26,landing,4431.37348711
564.05000000,BACKGROUND61,takeoff,0
572.60000000,BACKGROUND24,landing,4780.90317912
573.05000000,BACKGROUND62,takeoff,0
574.50000000,BACKGROUND46,landing,1945.42564171
581.05000000,BACKGROUND63,takeoff,0
589.05000000,BACKGROUND64,takeoff,0
590.80000000,BACKGROUND34,landing,2699.29635848
597.05000000,BACKGROUND65,takeoff,0
605.05000000,BACKGROUND66,takeoff,0
609.50000000,BACKGROUND23,landing,4493.67876155
612.90000000,BACKGROUND31,landing,4257.35683614
613.05000000,BACKGROUND67,takeoff,0
621.05000000,BACKGROUND68,takeoff,0
624.80000000,BACKGROUND4,landing,6261.18091466
629.05000000,BACKGROUND69,takeoff,0
631.25000000,BACKGROUND41,landing,3965.67526840
637.05000000,BACKGROUND70,takeoff,0
644.60000000,BACKGROUND39,landing,2957.08120762
645.05000000,BACKGROUND71,takeoff,0
653.05000000,BACKGROUND72,takeoff,0
657.85000000,BACKGROUND19,landing,5381.47313549
667.40000000,BACKGROUND40,landing,4376.05695271
669.05000000,BACKGROUND73,takeoff,0
674.40000000,BACKGROUND36,landing,4544.57325343
677.05000000,BACKGROUND65,landing,1173.13423281
685.05000000,BACKGROUND74,takeoff,0
685.90000000,BACKGROUND51,landing,3208.37525054
693.05000000,BACKGROUND75,takeoff,0
697.10000000,BACKGROUND38,landing,5217.65533202
701.05000000,BACKGROUND76,takeoff,0
704.30000000,BACKGROUND43,landing,4622.18451217
706.55000000,BACKGROUND42,landing,4869.25559357
709.15000000,BACKGROUND61,landing,1909.65326064
710.05000000,BACKGROUND77,takeoff,0
716.70000000,BACKGROUND44,landing,3215.73531715
716.95000000,BACKGROUND56,landing,2777.07842470
718.05000000,BACKGROUND78,takeoff,0
719.30000000,BACKGROUND55,landing,2794.61138560
734.05000000,BACKGROUND79,takeoff,0
734.85000000,BACKGROUND48,landing,2156.29127153
736.40000000,BACKGROUND59,landing,1747.41245003
742.05000000,BACKGROUND80,takeoff,0
750.05000000,BACKGROUND81,takeoff,0
754.40000000,BACKGROUND50,landing,3219.74921945
756.75000000,BACKGROUND28,landing,5797.68707877
758.05000000,BACKGROUND82,takeoff,0
760.35000000,BACKGROUND47,landing,5255.05522463
766.05000000,BACKGROUND83,takeoff,0
781.30000000,BACKGROUND35,landing,6356.40570146
782.05000000,BACKGROUND84,takeoff,0
789.95000000,BACKGROUND16,landing,6542.34126868
806.05000000,BACKGROUND85,takeoff,0
806.40000000,BACKGROUND30,landing,7539.40768385
822.05000000,BACKGROUND87,takeoff,0
830.05000000,BACKGROUND88,takeoff,0
830.45000000,BACKGROUND57,landing,4114.25831307
838.05000000,BACKGROUND89,takeoff,0
843.50000000,BACKGROUND75,landing,2225.62615153
844.10000000,BACKGROUND45,landing,3381.20166249
845.20000000,BACKGROUND74,landing,2012.03286510
846.05000000,BACKGROUND90,takeoff,0
850.20000000,BACKGROUND68,landing,2696.15908112
855.05000000,BACKGROUND91,takeoff,0
862.55000000,BACKGROUND33,landing,6250.47831327
863.05000000,BACKGROUND92,takeoff,0
871.05000000,BACKGROUND93,takeoff,0
876.70000000,BACKGROUND49,landing,4322.98670619
877.25000000,BACKGROUND52,landing,5985.29791678
879.50000000,BACKGROUND62,landing,3933.76090122
887.05000000,BACKGROUND94,takeoff,0
894.05000000,BACKGROUND69,landing,4051.56034695
895.05000000,BACKGROUND95,takeoff,0
895.20000000,BACKGROUND80,landing,1752.11062857
903.05000000,BACKGROUND96,takeoff,0
910.45000000,BACKGROUND76,landing,1503.68321532
911.05000000,BACKGROUND97,takeoff,0
914.05000000,BACKGROUND27,landing,8264.08889710
919.05000000,BACKGROUND98,takeoff,0
925.60000000,BACKGROUND60,landing,4091.51790371
927.05000000,BACKGROUND99,takeoff,0
935.05000000,BACKGROUND100,takeoff,0
937.90000000,BACKGROUND58,landing,5254.77209177
941.35000000,BACKGROUND70,landing,4432.99601967
943.05000000,BACKGROUND101,takeoff,0
955.90000000,BACKGROUND84,landing,2030.27806068
959.05000000,BACKGROUND102,takeoff,0
967.05000000,BACKGROUND103,takeoff,0
968.10000000,BACKGROUND67,landing,5316.51343078
969.45000000,BACKGROUND77,landing,3839.76895921
974.00000000,BACKGROUND81,landing,3427.76851918
975.05000000,BACKGROUND104,takeoff,0
976.40000000,BACKGROUND53,landing,5990.41109682
983.05000000,BACKGROUND105,takeoff,0
984.10000000,BACKGROUND66,landing,4903.18426757
986.00000000,BACKGROUND63,landing,5963.49125546
1008.05000000,BACKGROUND106,takeoff,0
1013.95000000,BACKGROUND79,landing,2555.57110228
1024.05000000,BACKGROUND107,takeoff,0
1030.75000000,BACKGROUND83,landing,3143.09052772
1032.05000000,BACKGROUND108,takeoff,0
1040.05000000,BACKGROUND109,takeoff,0
1048.05000000,BACKGROUND110,takeoff,0
1055.60000000,BACKGROUND88,landing,2516.78551599
1056.05000000,BACKGROUND111,takeoff,0
1057.45000000,BACKGROUND78,landing,3730.30070326
1080.05000000,BACKGROUND112,takeoff,0
1087.10000000,BACKGROUND64,landing,5781.03764935
1088.05000000,BACKGROUND113,takeoff,0
1094.70000000,BACKGROUND103,landing,1327.62565995
1096.05000000,BACKGROUND114,takeoff,0
1108.35000000,BACKGROUND96,landing,1977.41991895
1109.00000000,BACKGROUND82,landing,4541.31421796
1109.20000000,BACKGROUND85,landing,5034.64933984
1112.05000000,BACKGROUND115,takeoff,0
1120.05000000,BACKGROUND116,takeoff,0
1124.60000000,BACKGROUND8,landing,5041.18016970
1128.05000000,BACKGROUND117,takeoff,0
1137.05000000,BACKGROUND118,takeoff,0
1144.95000000,BACKGROUND72,landing,4586.17686898
1145.05000000,BACKGROUND119,takeoff,0
1153.05000000,BACKGROUND120,takeoff,0
1153.55000000,BACKGROUND71,landing,2921.63254976
1161.05000000,BACKGROUND121,takeoff,0
1169.05000000,BACKGROUND122,takeoff,0
1174.90000000,BACKGROUND100,landing,2239.71072146
1177.05000000,BACKGROUND123,takeoff,0
1185.05000000,BACKGROUND124,takeoff,0
1188.25000000,BACKGROUND106,landing,2731.84663779
1193.05000000,BACKGROUND125,takeoff,0
1199.40000000,BACKGROUND91,landing,5034.29018280
1201.05000000,BACKGROUND126,takeoff,0
1209.05000000,BACKGROUND127,takeoff,0
1217.05000000,BACKGROUND128,takeoff,0
1223.95000000,BACKGROUND114,landing,1554.12252903
1225.05000000,BACKGROUND129,takeoff,0
1227.35000000,BACKGROUND116,landing,1446.29410292
1231.00000000,BACKGROUND108,landing,1676.87504294
1233.05000000,BACKGROUND130,takeoff,0
1239.45000000,BACKGROUND89,landing,5936.83046900
1241.05000000,BACKGROUND131,takeoff,0
1246.15000000,BACKGROUND93,landing,3662.17653380
1249.05000000,BACKGROUND132,takeoff,0
1250.30000000,BACKGROUND104,landing,3772.53087898
1257.05000000,BACKGROUND133,takeoff,0
1264.80000000,BACKGROUND95,landing,5011.27114270
1265.05000000,BACKGROUND134,takeoff,0
1274.05000000,BACKGROUND135,takeoff,0
1281.15000000,BACKGROUND87,landing,5249.07244447
1282.05000000,BACKGROUND136,takeoff,0
1293.70000000,BACKGROUND101,landing,4948.40912916
1301.00000000,BACKGROUND73,landing,3453.30361786
1306.05000000,BACKGROUND137,takeoff,0
1314.05000000,BACKGROUND138,takeoff,0
1317.70000000,BACKGROUND118,landing,2354.78310113
1322.55000000,BACKGROUND94,landing,4885.39803815
1325.65000000,BACKGROUND97,landing,5699.02915123
1330.05000000,BACKGROUND139,takeoff,0
1330.20000000,BACKGROUND105,landing,4439.66212484
1362.70000000,BACKGROUND129,landing,1629.62137646
1365.05000000,BACKGROUND117,landing,2489.10635104
1365.20000000,BACKGROUND107,landing,2913.13490555
1370.05000000,BACKGROUND140,takeoff,0
1376.15000000,BACKGROUND120,landing,2120.25337098
1378.05000000,BACKGROUND141,takeoff,0
1378.80000000,BACKGROUND54,landing,3381.49630162
1382.65000000,BACKGROUND121,landing,3032.96336315
1386.05000000,BACKGROUND142,takeoff,0
1391.30000000,BACKGROUND99,landing,5711.09994422
1394.05000000,BACKGROUND143,takeoff,0
1402.05000000,BACKGROUND144,takeoff,0
1410.05000000,BACKGROUND145,takeoff,0
1413.65000000,BACKGROUND110,landing,3776.93200113
1416.40000000,BACKGROUND132,landing,1941.72936085
1419.05000000,BACKGROUND146,takeoff,0
1423.00000000,BACKGROUND102,landing,4258.94753056
1423.75000000,BACKGROUND127,landing,3029.40635457
1427.05000000,BACKGROUND147,takeoff,0
1434.90000000,BACKGROUND113,landing,5175.87032893
1435.05000000,BACKGROUND148,takeoff,0
1440.70000000,BACKGROUND115,landing,4929.48381956
1442.75000000,BACKGROUND134,landing,2702.70235074
1443.05000000,BACKGROUND149,takeoff,0
1451.05000000,BACKGROUND150,takeoff,0
1459.05000000,BACKGROUND151,takeoff,0
1464.85000000,BACKGROUND112,landing,5668.64054263
1465.80000000,BACKGROUND130,landing,3508.04089228
1467.05000000,BACKGROUND152,takeoff,0
1469.10000000,BACKGROUND109,landing,4615.09585685
1475.05000000,BACKGROUND153,takeoff,0
1479.60000000,BACKGROUND136,landing,2790.32297705
1483.05000000,BACKGROUND154,takeoff,0
1485.85000000,BACKGROUND119,landing,4958.17556441
1499.05000000,BACKGROUND155,takeoff,0
1507.05000000,BACKGROUND156,takeoff,0
1508.25000000,BACKGROUND128,landing,3437.00370926
1509.80000000,BACKGROUND135,landing,3203.52697626
1515.05000000,BACKGROUND157,takeoff,0
1523.05000000,BACKGROUND158,takeoff,0
1531.05000000,BACKGROUND159,takeoff,0
1534.30000000,BACKGROUND133,landing,3607.98947452
1539.05000000,BACKGROUND160,takeoff,0
1564.05000000,BACKGROUND161,takeoff,0
1566.65000000,BACKGROUND92,landing,2952.18101307
1572.05000000,BACKGROUND162,takeoff,0
1574.30000000,BACKGROUND90,landing,2860.33103264
1580.05000000,BACKGROUND163,takeoff,0
1587.20000000,BACKGROUND139,landing,2602.02475789
1588.05000000,BACKGROUND164,takeoff,0
1594.35000000,BACKGROUND126,landing,3947.20023953
1596.05000000,BACKGROUND165,takeoff,0
1599.50000000,BACKGROUND148,landing,2417.16087167
1604.05000000,BACKGROUND166,takeoff,0
1605.25000000,BACKGROUND150,landing,2043.74016889
1611.60000000,BACKGROUND123,landing,6141.33062309
1620.05000000,BACKGROUND167,takeoff,0
1631.95000000,BACKGROUND140,landing,2957.84080015
1636.45000000,BACKGROUND151,landing,2236.68062174
1644.05000000,BACKGROUND168,takeoff,0
1644.60000000,BACKGROUND141,landing,4057.54083091
1652.05000000,BACKGROUND169,takeoff,0
1662.40000000,BACKGROUND147,landing,2851.35593797
1668.05000000,BACKGROUND170,takeoff,0
1676.05000000,BACKGROUND171,takeoff,0
1679.85000000,BACKGROUND154,landing,2602.33743643
1692.05000000,BACKGROUND172,takeoff,0
1696.60000000,BACKGROUND149,landing,3230.22722167
1701.05000000,BACKGROUND173,takeoff,0
1708.25000000,BACKGROUND131,landing,4230.20919459
1709.05000000,BACKGROUND174,takeoff,0
1713.25000000,BACKGROUND122,landing,4584.78580639
1717.05000000,BACKGROUND175,takeoff,0
1717.25000000,BACKGROUND143,landing,4835.54013309
1725.05000000,BACKGROUND176,takeoff,0
1733.05000000,BACKGROUND177,takeoff,0
1739.40000000,BACKGROUND125,landing,6582.31246888
1741.55000000,BACKGROUND124,landing,3073.79394303
1746.90000000,BACKGROUND157,landing,3197.10250511
1748.00000000,BACKGROUND163,landing,1795.24292138
1748.05000000,BACKGROUND111,landing,3499.19012654
1752.55000000,BACKGROUND166,landing,1739.69242802
1757.05000000,BACKGROUND178,takeoff,0
1769.65000000,BACKGROUND146,landing,5194.44459011
1773.05000000,BACKGROUND179,takeoff,0
1774.35000000,BACKGROUND161,landing,2244.91237807
1781.05000000,BACKGROUND180,takeoff,0
1789.05000000,BACKGROUND181,takeoff,0
1795.50000000,BACKGROUND142,landing,5654.92252545
1797.05000000,BACKGROUND182,takeoff,0
