# FLIGHT LOG
# Takeoff, landing, and distance flown of each UAS.
# 
# Simulation Time [s], UAS, Takeoff/Landing, Distance [m]
# simt
2.05000000,SURVEILLANCEOP6,takeoff,0
2.05000000,SURVEILLANCEOP3,takeoff,0
2.05000000,SURVEILLANCEOP4,takeoff,0
2.05000000,SURVEILLANCEOP5,takeoff,0
10.05000000,BACKGROUND1,takeoff,0
19.05000000,BACKGROUND2,takeoff,0
28.05000000,BACKGROUND3,takeoff,0
55.05000000,BACKGROUND4,takeoff,0
65.05000000,BACKGROUND5,takeoff,0
83.05000000,BACKGROUND6,takeoff,0
92.05000000,BACKGROUND7,takeoff,0
101.05000000,BACKGROUND8,takeoff,0
138.05000000,BACKGROUND10,takeoff,0
156.05000000,BACKGROUND11,takeoff,0
179.05000000,BACKGROUND9,takeoff,0
193.05000000,BACKGROUND12,takeoff,0
229.05000000,BACKGROUND14,takeoff,0
257.05000000,BACKGROUND15,takeoff,0
296.25000000,BACKGROUND1,landing,3369.85458657
300.05000000,BACKGROUND13,takeoff,0
302.55000000,BACKGROUND5,landing,2972.17643827
302.55000000,BACKGROUND5,takeoff,0
302.75000000,BACKGROUND7,landing,2592.46823148
302.75000000,BACKGROUND7,takeoff,0
303.95000000,BACKGROUND9,landing,705.86035493
303.95000000,BACKGROUND9,takeoff,0
304.60000000,BACKGROUND11,landing,1357.16791426
304.60000000,BACKGROUND11,takeoff,0
304.60000000,BACKGROUND15,landing,226.04811732
304.60000000,BACKGROUND15,takeoff,0
306.00000000,BACKGROUND6,landing,2736.05778637
306.00000000,BACKGROUND6,takeoff,0
306.35000000,BACKGROUND10,landing,1600.21286590
307.70000000,BACKGROUND4,landing,3740.05645951
307.70000000,BACKGROUND4,takeoff,0
308.20000000,BACKGROUND3,landing,3998.56840532
308.20000000,BACKGROUND3,takeoff,0
310.70000000,BACKGROUND14,landing,963.04784191
310.70000000,BACKGROUND14,takeoff,0
311.85000000,BACKGROUND2,landing,1257.35391042
311.85000000,BACKGROUND2,takeoff,0
316.65000000,BACKGROUND8,landing,3026.44205783
319.50000000,BACKGROUND12,landing,1029.07302005
319.50000000,BACKGROUND12,takeoff,0
332.70000000,BACKGROUND12,landing,188.37875000
335.05000000,BACKGROUND16,takeoff,0
348.05000000,BACKGROUND20,takeoff,0
376.05000000,BACKGROUND22,takeoff,0
393.05000000,BACKGROUND7,landing,1578.03750000
404.05000000,BACKGROUND17,takeoff,0
405.25000000,BACKGROUND3,landing,1109.89912540
417.00000000,BACKGROUND9,landing,1917.38317952
430.05000000,BACKGROUND23,takeoff,0
432.05000000,BACKGROUND18,takeoff,0
476.05000000,BACKGROUND27,takeoff,0
485.05000000,BACKGROUND28,takeoff,0
522.05000000,BACKGROUND32,takeoff,0
527.05000000,BACKGROUND26,takeoff,0
536.75000000,BACKGROUND4,landing,2777.69867286
541.05000000,SURVEILLANCEOP1,takeoff,0
542.75000000,BACKGROUND13,landing,3292.11190501
547.60000000,BACKGROUND5,landing,2260.67005330
549.05000000,BACKGROUND34,takeoff,0
555.05000000,BACKGROUND29,takeoff,0
569.05000000,BACKGROUND24,takeoff,0
600.05000000,BACKGROUND19,takeoff,0
600.05000000,BACKGROUND31,takeoff,0
600.05000000,BACKGROUND35,takeoff,0
603.05000000,BACKGROUND32,landing,864.75555201
603.05000000,BACKGROUND32,takeoff,0
603.70000000,BACKGROUND15,landing,3311.32306412
603.70000000,BACKGROUND15,takeoff,0
603.85000000,BACKGROUND22,landing,2691.16399993
603.85000000,BACKGROUND22,takeoff,0
604.40000000,BACKGROUND17,landing,2227.54216000
604.40000000,BACKGROUND17,takeoff,0
604.55000000,BACKGROUND2,landing,4365.28246434
604.55000000,BACKGROUND2,takeoff,0
604.85000000,BACKGROUND28,landing,1397.14559387
604.85000000,BACKGROUND28,takeoff,0
604.85000000,BACKGROUND6,landing,3830.40197922
605.20000000,BACKGROUND27,landing,1699.12609553
605.20000000,BACKGROUND27,takeoff,0
605.70000000,BACKGROUND29,landing,859.26750000
605.70000000,BACKGROUND29,takeoff,0
605.85000000,BACKGROUND24,landing,420.69280091
605.85000000,BACKGROUND24,takeoff,0
606.50000000,BACKGROUND18,landing,1656.79722168
606.50000000,BACKGROUND18,takeoff,0
610.05000000,BACKGROUND30,takeoff,0
610.05000000,BACKGROUND36,takeoff,0
610.50000000,BACKGROUND20,landing,2962.32900812
610.50000000,BACKGROUND20,takeoff,0
611.95000000,BACKGROUND22,landing,97.70000000
611.95000000,BACKGROUND22,takeoff,0
612.25000000,BACKGROUND19,landing,190.75442280
612.25000000,BACKGROUND19,takeoff,0
612.25000000,BACKGROUND15,landing,72.36988357
612.25000000,BACKGROUND15,takeoff,0
612.35000000,BACKGROUND14,landing,4567.39346140
612.35000000,BACKGROUND14,takeoff,0
612.80000000,BACKGROUND17,landing,114.57777888
612.80000000,BACKGROUND17,takeoff,0
614.60000000,BACKGROUND35,landing,209.46750000
614.60000000,BACKGROUND35,takeoff,0
614.70000000,BACKGROUND34,landing,993.51644073
614.70000000,BACKGROUND34,takeoff,0
615.00000000,BACKGROUND29,landing,113.17875000
615.00000000,BACKGROUND29,takeoff,0
616.40000000,BACKGROUND24,landing,170.91841037
616.40000000,BACKGROUND24,takeoff,0
617.25000000,BACKGROUND32,landing,203.16750000
617.25000000,BACKGROUND32,takeoff,0
618.10000000,BACKGROUND31,landing,113.39128717
618.10000000,BACKGROUND31,takeoff,0
620.05000000,SURVEILLANCEOP0,takeoff,0
620.85000000,BACKGROUND28,landing,208.66250000
620.85000000,BACKGROUND28,takeoff,0
623.40000000,BACKGROUND23,landing,1598.28305780
623.40000000,BACKGROUND23,takeoff,0
625.30000000,BACKGROUND27,landing,357.63572164
625.30000000,BACKGROUND27,takeoff,0
626.20000000,BACKGROUND2,landing,414.38463010
626.20000000,BACKGROUND2,takeoff,0
628.60000000,BACKGROUND11,landing,3953.80109781
628.60000000,BACKGROUND11,takeoff,0
639.05000000,BACKGROUND18,landing,196.08356837
639.05000000,BACKGROUND18,takeoff,0
643.10000000,BACKGROUND14,landing,651.02210337
655.40000000,BACKGROUND26,landing,1007.67105937
655.40000000,BACKGROUND26,takeoff,0
665.95000000,BACKGROUND28,landing,323.71944138
675.35000000,BACKGROUND16,landing,2491.89955329
687.05000000,BACKGROUND41,takeoff,0
721.05000000,SURVEILLANCEOP2,takeoff,0
750.90000000,BACKGROUND34,landing,1375.98351879
760.05000000,BACKGROUND46,takeoff,0
760.40000000,BACKGROUND2,landing,390.09588960
775.60000000,BACKGROUND27,landing,1844.20160842
782.65000000,BACKGROUND20,landing,955.77880613
815.05000000,BACKGROUND48,takeoff,0
872.85000000,BACKGROUND29,landing,3062.96621994
887.40000000,BACKGROUND26,landing,3535.73095938
892.40000000,BACKGROUND46,landing,1813.92703143
900.05000000,BACKGROUND38,takeoff,0
901.45000000,BACKGROUND35,landing,3599.75661107
901.45000000,BACKGROUND35,takeoff,0
902.05000000,BACKGROUND18,landing,3337.60454754
902.05000000,BACKGROUND18,takeoff,0
902.55000000,BACKGROUND24,landing,2773.18062876
902.55000000,BACKGROUND24,takeoff,0
903.70000000,BACKGROUND30,landing,3886.21774605
903.70000000,BACKGROUND30,takeoff,0
908.00000000,BACKGROUND36,landing,4449.52355518
911.40000000,BACKGROUND41,landing,3216.56602074
911.40000000,BACKGROUND41,takeoff,0
912.95000000,BACKGROUND11,landing,3809.64287674
912.95000000,BACKGROUND11,takeoff,0
918.35000000,BACKGROUND32,landing,2635.35702864
918.35000000,BACKGROUND32,takeoff,0
921.55000000,BACKGROUND15,landing,3034.40300609
921.55000000,BACKGROUND15,takeoff,0
927.25000000,BACKGROUND22,landing,1757.70571049
927.25000000,BACKGROUND22,takeoff,0
927.40000000,BACKGROUND23,landing,3821.64150406
934.10000000,BACKGROUND31,landing,3882.90269260
934.10000000,BACKGROUND31,takeoff,0
936.80000000,BACKGROUND48,landing,730.52823714
936.80000000,BACKGROUND48,takeoff,0
942.80000000,BACKGROUND17,landing,2271.98767350
942.80000000,BACKGROUND17,takeoff,0
952.05000000,BACKGROUND54,takeoff,0
952.50000000,BACKGROUND19,landing,2735.63250933
952.50000000,BACKGROUND19,takeoff,0
961.05000000,BACKGROUND55,takeoff,0
969.40000000,BACKGROUND11,landing,585.09715689
970.05000000,BACKGROUND56,takeoff,0
975.05000000,BACKGROUND52,takeoff,0
979.05000000,BACKGROUND57,takeoff,0
1016.05000000,BACKGROUND59,takeoff,0
1025.05000000,BACKGROUND60,takeoff,0
1025.90000000,BACKGROUND19,landing,631.02644255
1034.05000000,BACKGROUND61,takeoff,0
1071.05000000,BACKGROUND64,takeoff,0
1080.05000000,BACKGROUND65,takeoff,0
1098.05000000,BACKGROUND67,takeoff,0
1106.30000000,SURVEILLANCEOP0,landing,8095.60158503
1114.10000000,BACKGROUND55,landing,2701.45746475
1146.70000000,BACKGROUND41,landing,3125.45973282
1153.05000000,BACKGROUND68,takeoff,0
1155.95000000,BACKGROUND54,landing,2088.27864619
1166.65000000,BACKGROUND30,landing,2599.38131562
1171.00000000,BACKGROUND24,landing,2245.26646895
1181.05000000,BACKGROUND70,takeoff,0
1199.05000000,BACKGROUND72,takeoff,0
1200.05000000,BACKGROUND37,takeoff,0
1200.05000000,BACKGROUND42,takeoff,0
1200.05000000,BACKGROUND43,takeoff,0
1200.05000000,BACKGROUND49,takeoff,0
1200.05000000,BACKGROUND51,takeoff,0
1200.25000000,BACKGROUND64,landing,1579.13724122
1200.25000000,BACKGROUND64,takeoff,0
1201.25000000,BACKGROUND38,landing,1450.17918006
1201.25000000,BACKGROUND38,takeoff,0
1202.60000000,BACKGROUND70,landing,281.23657590
1202.60000000,BACKGROUND70,takeoff,0
1203.20000000,BACKGROUND65,landing,1541.83547019
1203.20000000,BACKGROUND65,takeoff,0
1203.80000000,BACKGROUND60,landing,2599.61683980
1203.80000000,BACKGROUND60,takeoff,0
1207.20000000,BACKGROUND48,landing,882.77549681
1207.20000000,BACKGROUND48,takeoff,0
1207.20000000,BACKGROUND57,landing,3119.65713796
1207.20000000,BACKGROUND57,takeoff,0
1207.75000000,BACKGROUND31,landing,3680.72506554
1207.75000000,BACKGROUND31,takeoff,0
1208.15000000,BACKGROUND18,landing,3503.32940195
1208.40000000,BACKGROUND15,landing,3243.76311066
1208.40000000,BACKGROUND15,takeoff,0
1209.75000000,BACKGROUND59,landing,2567.74753579
1210.30000000,BACKGROUND61,landing,0.16640432
1211.65000000,BACKGROUND68,landing,740.59633895
1211.65000000,BACKGROUND68,takeoff,0
1215.65000000,BACKGROUND35,landing,3815.01297127
1215.65000000,BACKGROUND35,takeoff,0
1217.05000000,BACKGROUND74,takeoff,0
1235.50000000,BACKGROUND52,landing,3133.18246712
1236.00000000,BACKGROUND17,landing,1620.39248830
1236.00000000,BACKGROUND17,takeoff,0
1245.05000000,BACKGROUND76,takeoff,0
1250.40000000,BACKGROUND67,landing,1758.08022667
1250.40000000,BACKGROUND67,takeoff,0
1253.65000000,BACKGROUND32,landing,3098.78442246
1253.65000000,BACKGROUND32,takeoff,0
1261.20000000,BACKGROUND22,landing,4279.62054168
1261.20000000,BACKGROUND22,takeoff,0
1264.80000000,BACKGROUND48,landing,481.45542865
1291.05000000,BACKGROUND69,takeoff,0
1299.50000000,BACKGROUND57,landing,1149.06888635
1309.05000000,BACKGROUND79,takeoff,0
1317.25000000,BACKGROUND31,landing,1455.90801832
1325.20000000,BACKGROUND22,landing,336.64768911
1327.05000000,BACKGROUND80,takeoff,0
1332.05000000,BACKGROUND77,takeoff,0
1340.30000000,BACKGROUND38,landing,348.81638764
1362.05000000,BACKGROUND63,takeoff,0
1364.05000000,BACKGROUND82,takeoff,0
1391.05000000,BACKGROUND84,takeoff,0
1409.05000000,BACKGROUND86,takeoff,0
1419.20000000,BACKGROUND35,landing,1821.27978238
1422.45000000,SURVEILLANCEOP1,landing,8653.81219150
1428.75000000,BACKGROUND15,landing,1026.52167886
1432.75000000,BACKGROUND60,landing,1643.39336304
1442.40000000,BACKGROUND65,landing,2953.76435452
1448.05000000,BACKGROUND73,takeoff,0
1473.05000000,BACKGROUND88,takeoff,0
1480.05000000,BACKGROUND78,takeoff,0
1488.05000000,BACKGROUND87,takeoff,0
1500.05000000,BACKGROUND40,takeoff,0
1500.05000000,BACKGROUND50,takeoff,0
1500.05000000,BACKGROUND62,takeoff,0
1500.05000000,BACKGROUND71,takeoff,0
1500.05000000,BACKGROUND66,takeoff,0
1500.35000000,BACKGROUND49,landing,4204.31290918
1500.35000000,BACKGROUND49,takeoff,0
1500.80000000,BACKGROUND17,landing,2380.66190755
1500.80000000,BACKGROUND17,takeoff,0
1500.85000000,BACKGROUND69,landing,1820.21689134
1500.85000000,BACKGROUND69,takeoff,0
1502.00000000,BACKGROUND43,landing,2035.76694987
1502.00000000,BACKGROUND43,takeoff,0
1503.20000000,BACKGROUND80,landing,2169.50991163
1503.20000000,BACKGROUND80,takeoff,0
1504.35000000,BACKGROUND87,landing,301.66722297
1504.35000000,BACKGROUND87,takeoff,0
1504.45000000,BACKGROUND82,landing,1762.79534425
1504.45000000,BACKGROUND82,takeoff,0
1505.15000000,BACKGROUND73,landing,1186.92014179
1505.15000000,BACKGROUND73,takeoff,0
1505.65000000,BACKGROUND37,landing,5281.07338776
1505.65000000,BACKGROUND37,takeoff,0
1505.65000000,BACKGROUND32,landing,3605.13180896
1505.65000000,BACKGROUND32,takeoff,0
1505.70000000,BACKGROUND42,landing,4392.28416719
1505.70000000,BACKGROUND42,takeoff,0
1505.70000000,BACKGROUND64,landing,3550.79636394
1505.70000000,BACKGROUND64,takeoff,0
1506.00000000,BACKGROUND51,landing,3956.73379331
1506.00000000,BACKGROUND51,takeoff,0
1513.65000000,BACKGROUND76,landing,3694.29847605
1513.65000000,BACKGROUND76,takeoff,0
1514.00000000,BACKGROUND68,landing,3188.14822875
1514.00000000,BACKGROUND68,takeoff,0
1514.85000000,BACKGROUND79,landing,2949.98220054
1514.85000000,BACKGROUND79,takeoff,0
1521.30000000,BACKGROUND84,landing,938.45689273
1521.30000000,BACKGROUND84,takeoff,0
1523.15000000,BACKGROUND78,landing,322.77808818
1523.15000000,BACKGROUND78,takeoff,0
1527.20000000,BACKGROUND88,landing,318.71577537
1527.20000000,BACKGROUND88,takeoff,0
1532.40000000,BACKGROUND74,landing,2793.16687641
1542.90000000,BACKGROUND86,landing,1259.87805941
1542.90000000,BACKGROUND86,takeoff,0
1544.75000000,BACKGROUND67,landing,1353.48154777
1552.25000000,BACKGROUND70,landing,5740.41231689
1552.25000000,BACKGROUND70,takeoff,0
1611.05000000,BACKGROUND93,takeoff,0
1613.45000000,BACKGROUND77,landing,2055.39004703
1619.15000000,BACKGROUND63,landing,2753.52556904
1629.05000000,BACKGROUND94,takeoff,0
1636.70000000,BACKGROUND64,landing,1030.81896948
1657.05000000,BACKGROUND90,takeoff,0
1673.40000000,BACKGROUND73,landing,1876.05163057
1677.40000000,BACKGROUND76,landing,419.46363377
1685.05000000,BACKGROUND92,takeoff,0
1692.25000000,BACKGROUND66,landing,3368.27806742
1693.05000000,BACKGROUND95,takeoff,0
1732.05000000,BACKGROUND89,takeoff,0
1736.05000000,BACKGROUND91,takeoff,0
1737.05000000,BACKGROUND82,landing,3223.41853454
1741.00000000,BACKGROUND86,landing,1451.99490626
1767.45000000,BACKGROUND37,landing,2598.47433403
1775.05000000,BACKGROUND99,takeoff,0
1787.85000000,BACKGROUND62,landing,4074.31944972
1790.05000000,BACKGROUND96,takeoff,0
1794.05000000,BACKGROUND100,takeoff,0
1800.05000000,BACKGROUND97,takeoff,0
1800.05000000,BACKGROUND98,takeoff,0
1800.05000000,BACKGROUND43,landing,4057.25149589
1800.05000000,BACKGROUND43,takeoff,0
1800.10000000,BACKGROUND42,landing,3132.06203158
1800.10000000,BACKGROUND42,takeoff,0
1800.70000000,BACKGROUND91,landing,784.83121857
1800.70000000,BACKGROUND91,takeoff,0
1800.85000000,BACKGROUND87,landing,3488.57337634
1800.85000000,BACKGROUND87,takeoff,0
