# CLOSEST POINT OF APPROACH LOG
# Shortest distance between 2 UAS during their conflict
# 
# Simulation Time [s], UAS1, UAS2, Distance [m]
# simt
906.00000000,DELIVERY1,DELIVERY5,0.68775021
1372.00000000,DELIVERY5,DELIVERY9,0.30207975
1444.00000000,DELIVERY5,DELIVERY9,3.05901227
1492.00000000,DELIVERY5,DELIVERY7,4.58538997
1730.00000000,DELIVERY11,DELIVERY8,0.28315689
1801.00000000,DELIVERY10,DELIVERY13,0.00000000
1802.00000000,DELIVERY10,DELIVERY13,0.00000000
1803.00000000,DELIVERY10,DELIVERY13,0.00000000
1804.00000000,DELIVERY10,DELIVERY13,0.00000000
1805.00000000,DELIVERY10,DELIVERY13,0.00000000
1806.00000000,DELIVERY10,DELIVERY13,0.00000000
1807.00000000,DELIVERY10,DELIVERY13,0.00000000
1808.00000000,DELIVERY10,DELIVERY13,0.00000000
1809.00000000,DELIVERY10,DELIVERY13,0.00000000
1810.00000000,DELIVERY10,DELIVERY13,0.00000000
1811.00000000,DELIVERY10,DELIVERY13,0.00000000
1812.00000000,DELIVERY10,DELIVERY13,0.00000000
1813.00000000,DELIVERY10,DELIVERY13,0.00000000
1814.00000000,DELIVERY10,DELIVERY13,0.00000000
1815.00000000,DELIVERY10,DELIVERY13,0.00000000
1816.00000000,DELIVERY10,DELIVERY13,0.00000000
1817.00000000,DELIVERY10,DELIVERY13,0.00000000
1818.00000000,DELIVERY10,DELIVERY13,0.00000000
1819.00000000,DELIVERY10,DELIVERY13,0.00000000
1820.00000000,DELIVERY10,DELIVERY13,0.00000000
1821.00000000,DELIVERY10,DELIVERY13,0.00000000
1822.00000000,DELIVERY10,DELIVERY13,0.00000000
1823.00000000,DELIVERY10,DELIVERY13,0.00000000
1824.00000000,DELIVERY10,DELIVERY13,0.00000000
1825.00000000,DELIVERY10,DELIVERY13,0.00000000
1826.00000000,DELIVERY10,DELIVERY13,0.00000000
1827.00000000,DELIVERY10,DELIVERY13,0.00000000
1828.00000000,DELIVERY10,DELIVERY13,0.00000000
1829.00000000,DELIVERY10,DELIVERY13,0.00000000
1830.00000000,DELIVERY10,DELIVERY13,0.00000000
1831.00000000,DELIVERY10,DELIVERY13,0.00000000
1832.00000000,DELIVERY10,DELIVERY13,0.00000000
1833.00000000,DELIVERY10,DELIVERY13,0.00000000
1834.00000000,DELIVERY10,DELIVERY13,0.00000000
1835.00000000,DELIVERY10,DELIVERY13,0.00000000
1836.00000000,DELIVERY10,DELIVERY13,0.00000000
1837.00000000,DELIVERY10,DELIVERY13,0.00000000
1838.00000000,DELIVERY10,DELIVERY13,0.00000000
1839.00000000,DELIVERY10,DELIVERY13,0.00000000
1840.00000000,DELIVERY10,DELIVERY13,0.00000000
1841.00000000,DELIVERY10,DELIVERY13,0.00000000
1842.00000000,DELIVERY10,DELIVERY13,0.00000000
1843.00000000,DELIVERY10,DELIVERY13,0.00000000
1844.00000000,DELIVERY10,DELIVERY13,0.00000000
1845.00000000,DELIVERY10,DELIVERY13,0.01093823
1875.00000000,DELIVERY10,DELIVERY8,0.01227160
2101.00000000,DELIVERY12,DELIVERY14,0.00000000
2101.00000000,DELIVERY12,DELIVERY17,0.00000000
2101.00000000,DELIVERY14,DELIVERY17,0.00000000
2101.00000000,DELIVERY15,DELIVERY16,0.00000000
2102.00000000,DELIVERY12,DELIVERY14,0.00000000
2102.00000000,DELIVERY12,DELIVERY17,0.00000000
2102.00000000,DELIVERY14,DELIVERY17,0.00000000
2102.00000000,DELIVERY15,DELIVERY16,0.00000000
2103.00000000,DELIVERY12,DELIVERY14,0.00000000
2103.00000000,DELIVERY12,DELIVERY17,0.00000000
2103.00000000,DELIVERY14,DELIVERY17,0.00000000
2103.00000000,DELIVERY15,DELIVERY16,0.00000000
2104.00000000,DELIVERY12,DELIVERY14,0.00000000
2104.00000000,DELIVERY12,DELIVERY17,0.00000000
2104.00000000,DELIVERY14,DELIVERY17,0.00000000
2104.00000000,DELIVERY15,DELIVERY16,0.00000000
2105.00000000,DELIVERY12,DELIVERY14,0.00000000
2105.00000000,DELIVERY12,DELIVERY17,0.00000000
2105.00000000,DELIVERY14,DELIVERY17,0.00000000
2105.00000000,DELIVERY15,DELIVERY16,0.00000000
2106.00000000,DELIVERY12,DELIVERY14,0.00000000
2106.00000000,DELIVERY12,DELIVERY17,0.00000000
2106.00000000,DELIVERY14,DELIVERY17,0.00000000
2106.00000000,DELIVERY15,DELIVERY16,0.00000000
2107.00000000,DELIVERY12,DELIVERY14,0.00000000
2107.00000000,DELIVERY12,DELIVERY17,0.00000000
2107.00000000,DELIVERY14,DELIVERY17,0.00000000
2107.00000000,DELIVERY15,DELIVERY16,0.00000000
2108.00000000,DELIVERY12,DELIVERY14,0.00000000
2108.00000000,DELIVERY12,DELIVERY17,0.00000000
2108.00000000,DELIVERY14,DELIVERY17,0.00000000
2108.00000000,DELIVERY15,DELIVERY16,0.00000000
2109.00000000,DELIVERY12,DELIVERY14,0.00000000
2109.00000000,DELIVERY12,DELIVERY17,0.00000000
2109.00000000,DELIVERY14,DELIVERY17,0.00000000
2109.00000000,DELIVERY15,DELIVERY16,0.00000000
2110.00000000,DELIVERY12,DELIVERY14,0.00000000
2110.00000000,DELIVERY12,DELIVERY17,0.00000000
2110.00000000,DELIVERY14,DELIVERY17,0.00000000
2110.00000000,DELIVERY15,DELIVERY16,0.00000000
2111.00000000,DELIVERY12,DELIVERY14,0.00000000
2111.00000000,DELIVERY12,DELIVERY17,0.00000000
2111.00000000,DELIVERY14,DELIVERY17,0.00000000
2111.00000000,DELIVERY15,DELIVERY16,0.00000000
2112.00000000,DELIVERY12,DELIVERY14,0.00000000
2112.00000000,DELIVERY12,DELIVERY17,0.00000000
2112.00000000,DELIVERY14,DELIVERY17,0.00000000
2112.00000000,DELIVERY15,DELIVERY16,0.00000000
2113.00000000,DELIVERY12,DELIVERY14,0.00000000
2113.00000000,DELIVERY12,DELIVERY17,0.00000000
2113.00000000,DELIVERY14,DELIVERY17,0.00000000
2113.00000000,DELIVERY15,DELIVERY16,0.00000000
2114.00000000,DELIVERY12,DELIVERY14,0.00000000
2114.00000000,DELIVERY12,DELIVERY17,0.00000000
2114.00000000,DELIVERY14,DELIVERY17,0.00000000
2114.00000000,DELIVERY15,DELIVERY16,0.00000000
2115.00000000,DELIVERY12,DELIVERY14,0.00000000
2115.00000000,DELIVERY12,DELIVERY17,0.00000000
2115.00000000,DELIVERY14,DELIVERY17,0.00000000
2115.00000000,DELIVERY15,DELIVERY16,0.00000000
2116.00000000,DELIVERY12,DELIVERY14,0.00000000
2116.00000000,DELIVERY12,DELIVERY17,0.00000000
2116.00000000,DELIVERY14,DELIVERY17,0.00000000
2116.00000000,DELIVERY15,DELIVERY16,0.00000000
2117.00000000,DELIVERY12,DELIVERY14,0.00000000
2117.00000000,DELIVERY12,DELIVERY17,0.00000000
2117.00000000,DELIVERY14,DELIVERY17,0.00000000
2117.00000000,DELIVERY15,DELIVERY16,0.00000000
2118.00000000,DELIVERY12,DELIVERY14,0.00000000
2118.00000000,DELIVERY12,DELIVERY17,0.00000000
2118.00000000,DELIVERY14,DELIVERY17,0.00000000
2118.00000000,DELIVERY15,DELIVERY16,0.00000000
2119.00000000,DELIVERY12,DELIVERY14,0.00000000
2119.00000000,DELIVERY12,DELIVERY17,0.00000000
2119.00000000,DELIVERY14,DELIVERY17,0.00000000
2119.00000000,DELIVERY15,DELIVERY16,0.00000000
2120.00000000,DELIVERY12,DELIVERY14,0.00000000
2120.00000000,DELIVERY12,DELIVERY17,0.00000000
2120.00000000,DELIVERY14,DELIVERY17,0.00000000
2120.00000000,DELIVERY15,DELIVERY16,0.00000000
2121.00000000,DELIVERY12,DELIVERY14,0.00000000
2121.00000000,DELIVERY12,DELIVERY17,0.00000000
2121.00000000,DELIVERY14,DELIVERY17,0.00000000
2121.00000000,DELIVERY15,DELIVERY16,0.00000000
2122.00000000,DELIVERY12,DELIVERY14,0.00000000
2122.00000000,DELIVERY12,DELIVERY17,0.00000000
2122.00000000,DELIVERY14,DELIVERY17,0.00000000
2122.00000000,DELIVERY15,DELIVERY16,0.00000000
2123.00000000,DELIVERY12,DELIVERY14,0.00000000
2123.00000000,DELIVERY12,DELIVERY17,0.00000000
2123.00000000,DELIVERY14,DELIVERY17,0.00000000
2123.00000000,DELIVERY15,DELIVERY16,0.00000000
2124.00000000,DELIVERY12,DELIVERY14,0.00000000
2124.00000000,DELIVERY12,DELIVERY17,0.00000000
2124.00000000,DELIVERY14,DELIVERY17,0.00000000
2124.00000000,DELIVERY15,DELIVERY16,0.00000000
2125.00000000,DELIVERY12,DELIVERY14,0.00000000
2125.00000000,DELIVERY12,DELIVERY17,0.00000000
2125.00000000,DELIVERY14,DELIVERY17,0.00000000
2125.00000000,DELIVERY15,DELIVERY16,0.00000000
2126.00000000,DELIVERY12,DELIVERY14,0.00000000
2126.00000000,DELIVERY12,DELIVERY17,0.00000000
2126.00000000,DELIVERY14,DELIVERY17,0.00000000
2126.00000000,DELIVERY15,DELIVERY16,0.00000000
2127.00000000,DELIVERY12,DELIVERY14,0.00000000
2127.00000000,DELIVERY12,DELIVERY17,0.00000000
2127.00000000,DELIVERY14,DELIVERY17,0.00000000
2127.00000000,DELIVERY15,DELIVERY16,0.00000000
2128.00000000,DELIVERY12,DELIVERY14,0.00000000
2128.00000000,DELIVERY12,DELIVERY17,0.00000000
2128.00000000,DELIVERY14,DELIVERY17,0.00000000
2128.00000000,DELIVERY15,DELIVERY16,0.00000000
2129.00000000,DELIVERY12,DELIVERY14,0.00000000
2129.00000000,DELIVERY12,DELIVERY17,0.00000000
2129.00000000,DELIVERY14,DELIVERY17,0.00000000
2129.00000000,DELIVERY15,DELIVERY16,0.00000000
2130.00000000,DELIVERY12,DELIVERY14,0.00000000
2130.00000000,DELIVERY12,DELIVERY17,0.00000000
2130.00000000,DELIVERY14,DELIVERY17,0.00000000
2130.00000000,DELIVERY15,DELIVERY16,0.00000000
2131.00000000,DELIVERY12,DELIVERY14,0.00000000
2131.00000000,DELIVERY12,DELIVERY17,0.00000000
2131.00000000,DELIVERY14,DELIVERY17,0.00000000
2131.00000000,DELIVERY15,DELIVERY16,0.00000000
2132.00000000,DELIVERY12,DELIVERY14,0.00000000
2132.00000000,DELIVERY12,DELIVERY17,0.00000000
2132.00000000,DELIVERY14,DELIVERY17,0.00000000
2132.00000000,DELIVERY15,DELIVERY16,0.00000000
2133.00000000,DELIVERY12,DELIVERY14,0.00000000
2133.00000000,DELIVERY12,DELIVERY17,0.00000000
2133.00000000,DELIVERY14,DELIVERY17,0.00000000
2133.00000000,DELIVERY15,DELIVERY16,0.00000000
2134.00000000,DELIVERY12,DELIVERY14,0.00000000
2134.00000000,DELIVERY12,DELIVERY17,0.00000000
2134.00000000,DELIVERY14,DELIVERY17,0.00000000
2134.00000000,DELIVERY15,DELIVERY16,0.00000000
2135.00000000,DELIVERY12,DELIVERY14,0.00000000
2135.00000000,DELIVERY12,DELIVERY17,0.00000000
2135.00000000,DELIVERY14,DELIVERY17,0.00000000
2135.00000000,DELIVERY15,DELIVERY16,0.00000000
2136.00000000,DELIVERY12,DELIVERY14,0.00000000
2136.00000000,DELIVERY12,DELIVERY17,0.00000000
2136.00000000,DELIVERY14,DELIVERY17,0.00000000
2136.00000000,DELIVERY15,DELIVERY16,0.00000000
2137.00000000,DELIVERY12,DELIVERY14,0.00000000
2137.00000000,DELIVERY12,DELIVERY17,0.00000000
2137.00000000,DELIVERY14,DELIVERY17,0.00000000
2137.00000000,DELIVERY15,DELIVERY16,0.00000000
2138.00000000,DELIVERY12,DELIVERY14,0.00000000
2138.00000000,DELIVERY12,DELIVERY17,0.00000000
2138.00000000,DELIVERY14,DELIVERY17,0.00000000
2138.00000000,DELIVERY15,DELIVERY16,0.00000000
2139.00000000,DELIVERY12,DELIVERY14,0.00000000
2139.00000000,DELIVERY12,DELIVERY17,0.00000000
2139.00000000,DELIVERY14,DELIVERY17,0.00000000
2139.00000000,DELIVERY15,DELIVERY16,0.00000000
2140.00000000,DELIVERY12,DELIVERY14,0.00000000
2140.00000000,DELIVERY12,DELIVERY17,0.00000000
2140.00000000,DELIVERY14,DELIVERY17,0.00000000
2141.00000000,DELIVERY12,DELIVERY14,0.00000000
2141.00000000,DELIVERY12,DELIVERY17,0.00000000
2141.00000000,DELIVERY14,DELIVERY17,0.00000000
2142.00000000,DELIVERY12,DELIVERY14,0.00000000
2142.00000000,DELIVERY12,DELIVERY17,0.00000000
2142.00000000,DELIVERY14,DELIVERY17,0.00000000
2142.00000000,DELIVERY15,DELIVERY16,0.00000000
2143.00000000,DELIVERY12,DELIVERY14,0.00000000
2143.00000000,DELIVERY12,DELIVERY17,0.00000000
2143.00000000,DELIVERY14,DELIVERY17,0.00000000
2143.00000000,DELIVERY15,DELIVERY16,0.00000000
2144.00000000,DELIVERY12,DELIVERY14,0.00000000
2144.00000000,DELIVERY12,DELIVERY17,0.00000000
2144.00000000,DELIVERY14,DELIVERY17,0.00000000
2144.00000000,DELIVERY15,DELIVERY16,0.00000000
2145.00000000,DELIVERY12,DELIVERY14,0.00000000
2145.00000000,DELIVERY12,DELIVERY17,0.00000000
2145.00000000,DELIVERY14,DELIVERY17,0.00000000
2145.00000000,DELIVERY15,DELIVERY16,0.00000000
2146.00000000,DELIVERY12,DELIVERY14,0.00000000
2146.00000000,DELIVERY12,DELIVERY17,0.00000000
2146.00000000,DELIVERY14,DELIVERY17,0.00000000
2147.00000000,DELIVERY12,DELIVERY14,0.00000000
2147.00000000,DELIVERY12,DELIVERY17,0.00000000
2147.00000000,DELIVERY14,DELIVERY17,0.00000000
2147.00000000,DELIVERY15,DELIVERY16,0.00000000
2148.00000000,DELIVERY12,DELIVERY14,0.00000000
2148.00000000,DELIVERY12,DELIVERY17,0.00000000
2148.00000000,DELIVERY14,DELIVERY17,0.00000000
2148.00000000,DELIVERY15,DELIVERY16,0.00000000
2149.00000000,DELIVERY12,DELIVERY14,0.00000000
2149.00000000,DELIVERY12,DELIVERY17,0.00000000
2149.00000000,DELIVERY14,DELIVERY17,0.00000000
2149.00000000,DELIVERY15,DELIVERY16,0.00000000
2150.00000000,DELIVERY12,DELIVERY14,0.00000000
2150.00000000,DELIVERY12,DELIVERY17,0.00000000
2150.00000000,DELIVERY14,DELIVERY17,0.00000000
2150.00000000,DELIVERY15,DELIVERY16,0.00000000
2151.00000000,DELIVERY12,DELIVERY14,0.00000000
2151.00000000,DELIVERY12,DELIVERY17,0.00000000
2151.00000000,DELIVERY14,DELIVERY17,0.00000000
2151.00000000,DELIVERY15,DELIVERY16,0.00000000
2152.00000000,DELIVERY12,DELIVERY14,0.00000000
2152.00000000,DELIVERY12,DELIVERY17,0.00000000
2152.00000000,DELIVERY14,DELIVERY17,0.00000000
2152.00000000,DELIVERY15,DELIVERY16,0.00000000
2153.00000000,DELIVERY12,DELIVERY14,0.00000000
2153.00000000,DELIVERY12,DELIVERY17,0.00000000
2153.00000000,DELIVERY14,DELIVERY17,0.00000000
2153.00000000,DELIVERY15,DELIVERY16,0.00000000
2154.00000000,DELIVERY12,DELIVERY14,0.00000000
2154.00000000,DELIVERY12,DELIVERY17,0.00000000
2154.00000000,DELIVERY14,DELIVERY17,0.00000000
2154.00000000,DELIVERY15,DELIVERY16,0.00000000
2155.00000000,DELIVERY12,DELIVERY14,0.00000000
2155.00000000,DELIVERY12,DELIVERY17,0.00000000
2155.00000000,DELIVERY14,DELIVERY17,0.00000000
2155.00000000,DELIVERY15,DELIVERY16,0.00000000
2156.00000000,DELIVERY12,DELIVERY14,0.00000000
2156.00000000,DELIVERY12,DELIVERY17,0.00000000
2156.00000000,DELIVERY14,DELIVERY17,0.00000000
2156.00000000,DELIVERY15,DELIVERY16,0.00000000
2157.00000000,DELIVERY12,DELIVERY14,0.00000000
2157.00000000,DELIVERY12,DELIVERY17,0.00000000
2157.00000000,DELIVERY14,DELIVERY17,0.00000000
2157.00000000,DELIVERY15,DELIVERY16,0.00000000
2158.00000000,DELIVERY12,DELIVERY14,0.00000000
2158.00000000,DELIVERY12,DELIVERY17,0.00000000
2158.00000000,DELIVERY14,DELIVERY17,0.00000000
2158.00000000,DELIVERY15,DELIVERY16,0.00000000
2159.00000000,DELIVERY12,DELIVERY14,0.00000000
2159.00000000,DELIVERY12,DELIVERY17,0.00000000
2159.00000000,DELIVERY14,DELIVERY17,0.00000000
2159.00000000,DELIVERY15,DELIVERY16,0.00000000
2160.00000000,DELIVERY12,DELIVERY14,0.00000000
2160.00000000,DELIVERY12,DELIVERY17,0.00000000
2160.00000000,DELIVERY14,DELIVERY17,0.00000000
2160.00000000,DELIVERY15,DELIVERY16,0.00000000
2161.00000000,DELIVERY12,DELIVERY14,0.00000000
2161.00000000,DELIVERY12,DELIVERY17,0.00000000
2161.00000000,DELIVERY14,DELIVERY17,0.00000000
2161.00000000,DELIVERY15,DELIVERY16,0.00000000
2162.00000000,DELIVERY12,DELIVERY14,0.00000000
2162.00000000,DELIVERY12,DELIVERY17,0.00000000
2162.00000000,DELIVERY14,DELIVERY17,0.00000000
2162.00000000,DELIVERY15,DELIVERY16,0.00000000
2163.00000000,DELIVERY12,DELIVERY14,0.00000000
2163.00000000,DELIVERY12,DELIVERY17,0.00000000
2163.00000000,DELIVERY14,DELIVERY17,0.00000000
2163.00000000,DELIVERY15,DELIVERY16,0.00000000
2164.00000000,DELIVERY12,DELIVERY14,0.00000000
2164.00000000,DELIVERY12,DELIVERY17,0.00000000
2164.00000000,DELIVERY14,DELIVERY17,0.00000000
2164.00000000,DELIVERY15,DELIVERY16,0.00000000
2165.00000000,DELIVERY12,DELIVERY14,0.00000000
2165.00000000,DELIVERY12,DELIVERY17,0.00000000
2165.00000000,DELIVERY14,DELIVERY17,0.00000000
2165.00000000,DELIVERY15,DELIVERY16,0.00000000
2166.00000000,DELIVERY12,DELIVERY14,0.00000000
2166.00000000,DELIVERY12,DELIVERY17,0.00000000
2166.00000000,DELIVERY14,DELIVERY17,0.00000000
2166.00000000,DELIVERY15,DELIVERY16,0.00000000
2167.00000000,DELIVERY12,DELIVERY14,0.00000000
2167.00000000,DELIVERY12,DELIVERY17,0.00000000
2167.00000000,DELIVERY14,DELIVERY17,0.00000000
2167.00000000,DELIVERY15,DELIVERY16,0.00000000
2168.00000000,DELIVERY12,DELIVERY14,0.00000000
2168.00000000,DELIVERY12,DELIVERY17,0.00000000
2168.00000000,DELIVERY14,DELIVERY17,0.00000000
2168.00000000,DELIVERY15,DELIVERY16,0.00000000
2169.00000000,DELIVERY12,DELIVERY14,0.00000000
2169.00000000,DELIVERY12,DELIVERY17,0.00000000
2169.00000000,DELIVERY14,DELIVERY17,0.00000000
2169.00000000,DELIVERY15,DELIVERY16,0.00000000
2170.00000000,DELIVERY12,DELIVERY14,0.00000000
2170.00000000,DELIVERY12,DELIVERY17,0.00000000
2170.00000000,DELIVERY14,DELIVERY17,0.00000000
2170.00000000,DELIVERY15,DELIVERY16,0.00000000
2171.00000000,DELIVERY12,DELIVERY14,0.00000000
2171.00000000,DELIVERY12,DELIVERY17,0.00000000
2171.00000000,DELIVERY14,DELIVERY17,0.00000000
2171.00000000,DELIVERY15,DELIVERY16,0.00000000
2172.00000000,DELIVERY12,DELIVERY14,0.00000000
2172.00000000,DELIVERY12,DELIVERY17,0.00000000
2172.00000000,DELIVERY14,DELIVERY17,0.00000000
2172.00000000,DELIVERY15,DELIVERY16,0.00000000
2173.00000000,DELIVERY12,DELIVERY14,0.00000000
2173.00000000,DELIVERY12,DELIVERY17,0.00000000
2173.00000000,DELIVERY14,DELIVERY17,0.00000000
2173.00000000,DELIVERY15,DELIVERY16,0.00000000
2174.00000000,DELIVERY12,DELIVERY14,0.00000000
2174.00000000,DELIVERY12,DELIVERY17,0.00000000
2174.00000000,DELIVERY14,DELIVERY17,0.00000000
2174.00000000,DELIVERY15,DELIVERY16,0.00000000
2175.00000000,DELIVERY12,DELIVERY14,0.00000000
2175.00000000,DELIVERY12,DELIVERY17,0.00000000
2175.00000000,DELIVERY14,DELIVERY17,0.00000000
2175.00000000,DELIVERY15,DELIVERY16,0.00000000
2176.00000000,DELIVERY12,DELIVERY14,0.00000000
2176.00000000,DELIVERY12,DELIVERY17,0.00000000
2176.00000000,DELIVERY14,DELIVERY17,0.00000000
2176.00000000,DELIVERY15,DELIVERY16,0.00000000
2177.00000000,DELIVERY12,DELIVERY14,0.00000000
2177.00000000,DELIVERY12,DELIVERY17,0.00000000
2177.00000000,DELIVERY14,DELIVERY17,0.00000000
2177.00000000,DELIVERY15,DELIVERY16,0.00000000
2178.00000000,DELIVERY12,DELIVERY14,0.00000000
2178.00000000,DELIVERY12,DELIVERY17,0.00000000
2178.00000000,DELIVERY14,DELIVERY17,0.00000000
2178.00000000,DELIVERY15,DELIVERY16,0.00000000
2179.00000000,DELIVERY12,DELIVERY14,0.00000000
2179.00000000,DELIVERY12,DELIVERY17,0.00000000
2179.00000000,DELIVERY14,DELIVERY17,0.00000000
2179.00000000,DELIVERY15,DELIVERY16,0.00000000
2180.00000000,DELIVERY12,DELIVERY14,0.00000000
2180.00000000,DELIVERY12,DELIVERY17,0.00000000
2180.00000000,DELIVERY14,DELIVERY17,0.00000000
2180.00000000,DELIVERY15,DELIVERY16,0.00000000
2181.00000000,DELIVERY12,DELIVERY14,0.00000000
2181.00000000,DELIVERY12,DELIVERY17,0.00000000
2181.00000000,DELIVERY14,DELIVERY17,0.00000000
2181.00000000,DELIVERY15,DELIVERY16,0.00000000
2182.00000000,DELIVERY12,DELIVERY14,0.00000000
2182.00000000,DELIVERY12,DELIVERY17,0.00000000
2182.00000000,DELIVERY14,DELIVERY17,0.00000000
2182.00000000,DELIVERY15,DELIVERY16,0.00000000
2183.00000000,DELIVERY12,DELIVERY14,0.00000000
2183.00000000,DELIVERY12,DELIVERY17,0.00000000
2183.00000000,DELIVERY14,DELIVERY17,0.00000000
2183.00000000,DELIVERY15,DELIVERY16,0.00000000
2184.00000000,DELIVERY12,DELIVERY14,0.00000000
2184.00000000,DELIVERY12,DELIVERY17,0.00000000
2184.00000000,DELIVERY14,DELIVERY17,0.00000000
2184.00000000,DELIVERY15,DELIVERY16,0.00981062
2185.00000000,DELIVERY12,DELIVERY14,0.00000000
2185.00000000,DELIVERY12,DELIVERY17,0.00000000
2185.00000000,DELIVERY14,DELIVERY17,0.00000000
2185.00000000,DELIVERY15,DELIVERY16,0.44059469
2186.00000000,DELIVERY15,DELIVERY16,0.44059469
2187.00000000,DELIVERY15,DELIVERY16,0.44059469
2188.00000000,DELIVERY15,DELIVERY16,0.44059469
2189.00000000,DELIVERY15,DELIVERY16,0.44059469
2190.00000000,DELIVERY15,DELIVERY16,0.44059469
2191.00000000,DELIVERY15,DELIVERY16,0.37130139
2194.00000000,DELIVERY12,DELIVERY14,0.00418965
2194.00000000,DELIVERY12,DELIVERY17,0.00000000
2194.00000000,DELIVERY14,DELIVERY17,0.00418965
2195.00000000,DELIVERY12,DELIVERY17,0.00000000
2196.00000000,DELIVERY12,DELIVERY14,2.87921779
2196.00000000,DELIVERY12,DELIVERY17,0.00000000
2196.00000000,DELIVERY14,DELIVERY17,2.87921779
2197.00000000,DELIVERY12,DELIVERY17,0.00000000
2198.00000000,DELIVERY12,DELIVERY17,0.00000000
2199.00000000,DELIVERY12,DELIVERY17,0.00000000
2200.00000000,DELIVERY12,DELIVERY17,0.00000000
2201.00000000,DELIVERY12,DELIVERY17,0.00000000
2202.00000000,DELIVERY12,DELIVERY17,0.00000000
2203.00000000,DELIVERY12,DELIVERY17,0.00000000
2204.00000000,DELIVERY12,DELIVERY17,0.00000000
2205.00000000,DELIVERY12,DELIVERY17,0.00000000
2206.00000000,DELIVERY12,DELIVERY17,0.00000000
2207.00000000,DELIVERY12,DELIVERY17,0.00000000
2208.00000000,DELIVERY12,DELIVERY17,0.00000000
2209.00000000,DELIVERY12,DELIVERY17,0.00000000
2210.00000000,DELIVERY12,DELIVERY17,0.00000000
2211.00000000,DELIVERY12,DELIVERY17,0.00000000
2212.00000000,DELIVERY12,DELIVERY17,0.00000000
2213.00000000,DELIVERY12,DELIVERY17,0.00000000
2214.00000000,DELIVERY12,DELIVERY17,0.00000000
2215.00000000,DELIVERY12,DELIVERY17,0.00000000
2216.00000000,DELIVERY12,DELIVERY17,0.00000000
2217.00000000,DELIVERY12,DELIVERY17,0.00000000
2218.00000000,DELIVERY12,DELIVERY17,0.00000000
2219.00000000,DELIVERY12,DELIVERY17,0.00000000
2220.00000000,DELIVERY12,DELIVERY17,0.00000000
2221.00000000,DELIVERY12,DELIVERY17,0.00000000
2222.00000000,DELIVERY12,DELIVERY17,0.00000000
2223.00000000,DELIVERY12,DELIVERY17,0.00000000
2224.00000000,DELIVERY12,DELIVERY17,0.00000000
2225.00000000,DELIVERY12,DELIVERY17,0.00000000
2226.00000000,DELIVERY12,DELIVERY17,0.00000000
2227.00000000,DELIVERY12,DELIVERY17,0.00000000
2228.00000000,DELIVERY12,DELIVERY17,0.00000000
2229.00000000,DELIVERY12,DELIVERY17,0.00000000
2230.00000000,DELIVERY12,DELIVERY17,0.00000000
2231.00000000,DELIVERY12,DELIVERY17,0.00000000
2232.00000000,DELIVERY12,DELIVERY17,0.00000000
2233.00000000,DELIVERY12,DELIVERY17,0.00000000
2234.00000000,DELIVERY12,DELIVERY17,0.00000000
2235.00000000,DELIVERY12,DELIVERY17,0.00000000
2236.00000000,DELIVERY12,DELIVERY17,0.00000000
2237.00000000,DELIVERY12,DELIVERY17,0.00000000
2238.00000000,DELIVERY12,DELIVERY17,0.00000000
2239.00000000,DELIVERY12,DELIVERY17,0.00000000
2240.00000000,DELIVERY12,DELIVERY17,0.00000000
2241.00000000,DELIVERY12,DELIVERY17,0.00000000
2242.00000000,DELIVERY12,DELIVERY17,0.00000000
2243.00000000,DELIVERY12,DELIVERY17,0.00000000
2244.00000000,DELIVERY12,DELIVERY17,0.00000000
2245.00000000,DELIVERY12,DELIVERY17,0.00000000
2246.00000000,DELIVERY12,DELIVERY17,0.00000000
2247.00000000,DELIVERY12,DELIVERY17,0.00000000
2248.00000000,DELIVERY12,DELIVERY17,0.00000000
2249.00000000,DELIVERY12,DELIVERY17,0.00000000
2250.00000000,DELIVERY12,DELIVERY17,0.00000000
2251.00000000,DELIVERY12,DELIVERY17,0.00000000
2252.00000000,DELIVERY12,DELIVERY17,0.00000000
2253.00000000,DELIVERY12,DELIVERY17,0.00000000
2254.00000000,DELIVERY12,DELIVERY17,0.00000000
2255.00000000,DELIVERY12,DELIVERY17,0.00000000
2256.00000000,DELIVERY12,DELIVERY17,0.00000000
2257.00000000,DELIVERY12,DELIVERY17,0.00000000
2258.00000000,DELIVERY12,DELIVERY17,0.00000000
2259.00000000,DELIVERY12,DELIVERY17,0.00000000
2260.00000000,DELIVERY12,DELIVERY17,0.00000000
2261.00000000,DELIVERY12,DELIVERY17,0.00000000
2262.00000000,DELIVERY12,DELIVERY17,0.00000000
2263.00000000,DELIVERY12,DELIVERY17,0.00000000
2264.00000000,DELIVERY12,DELIVERY17,0.00000000
2265.00000000,DELIVERY12,DELIVERY17,0.00000000
2266.00000000,DELIVERY12,DELIVERY17,0.00000000
2267.00000000,DELIVERY12,DELIVERY17,0.00000000
2268.00000000,DELIVERY12,DELIVERY17,0.00000000
2269.00000000,DELIVERY12,DELIVERY17,0.00000000
2270.00000000,DELIVERY12,DELIVERY17,0.00000000
2271.00000000,DELIVERY12,DELIVERY17,0.00000000
2272.00000000,DELIVERY12,DELIVERY17,0.00000000
2273.00000000,DELIVERY12,DELIVERY17,0.00000000
2274.00000000,DELIVERY12,DELIVERY17,0.00000000
2275.00000000,DELIVERY12,DELIVERY17,0.00000000
2276.00000000,DELIVERY12,DELIVERY17,0.00000000
2277.00000000,DELIVERY12,DELIVERY17,0.00000000
2278.00000000,DELIVERY12,DELIVERY17,0.00000000
2279.00000000,DELIVERY12,DELIVERY17,0.00000000
2280.00000000,DELIVERY12,DELIVERY17,0.00000000
2281.00000000,DELIVERY12,DELIVERY17,0.00000000
2282.00000000,DELIVERY12,DELIVERY17,0.00000000
2283.00000000,DELIVERY12,DELIVERY17,0.00000000
2284.00000000,DELIVERY12,DELIVERY17,0.00000000
2285.00000000,DELIVERY12,DELIVERY17,0.00000000
2286.00000000,DELIVERY12,DELIVERY17,0.00000000
2287.00000000,DELIVERY12,DELIVERY17,0.00000000
2288.00000000,DELIVERY12,DELIVERY17,0.00000000
2289.00000000,DELIVERY12,DELIVERY17,0.00000000
2290.00000000,DELIVERY12,DELIVERY17,0.00000000
2291.00000000,DELIVERY12,DELIVERY17,0.00000000
2292.00000000,DELIVERY12,DELIVERY17,0.00000000
2293.00000000,DELIVERY12,DELIVERY17,0.00000000
2294.00000000,DELIVERY12,DELIVERY17,0.00000000
2295.00000000,DELIVERY12,DELIVERY17,0.00000000
2296.00000000,DELIVERY12,DELIVERY17,0.00000000
2297.00000000,DELIVERY12,DELIVERY17,0.00000000
2298.00000000,DELIVERY12,DELIVERY17,0.00000000
2299.00000000,DELIVERY12,DELIVERY17,0.00000000
2300.00000000,DELIVERY12,DELIVERY17,0.00000000
2301.00000000,DELIVERY12,DELIVERY17,0.00000000
2302.00000000,DELIVERY12,DELIVERY17,0.00000000
2303.00000000,DELIVERY12,DELIVERY17,0.00000000
2304.00000000,DELIVERY12,DELIVERY17,0.00000000
2305.00000000,DELIVERY12,DELIVERY17,0.00000000
2306.00000000,DELIVERY12,DELIVERY17,0.00000000
2307.00000000,DELIVERY12,DELIVERY17,0.00000000
2308.00000000,DELIVERY12,DELIVERY17,0.00000000
2309.00000000,DELIVERY12,DELIVERY17,0.00000000
2310.00000000,DELIVERY12,DELIVERY17,0.00000000
2311.00000000,DELIVERY12,DELIVERY17,0.00000000
2312.00000000,DELIVERY12,DELIVERY17,0.00000000
2313.00000000,DELIVERY12,DELIVERY17,0.00000000
2314.00000000,DELIVERY12,DELIVERY17,0.00000000
2315.00000000,DELIVERY12,DELIVERY17,0.00000000
2316.00000000,DELIVERY12,DELIVERY17,0.00000000
2317.00000000,DELIVERY12,DELIVERY17,0.00000000
2318.00000000,DELIVERY12,DELIVERY17,0.00000000
2319.00000000,DELIVERY12,DELIVERY17,0.00000000
2320.00000000,DELIVERY12,DELIVERY17,0.00000000
2321.00000000,DELIVERY12,DELIVERY17,0.00000000
2322.00000000,DELIVERY12,DELIVERY17,0.00000000
2323.00000000,DELIVERY12,DELIVERY17,0.00000000
2324.00000000,DELIVERY12,DELIVERY17,0.00000000
2325.00000000,DELIVERY12,DELIVERY17,0.00000000
2326.00000000,DELIVERY12,DELIVERY17,0.00000000
2327.00000000,DELIVERY12,DELIVERY17,0.00000000
2328.00000000,DELIVERY12,DELIVERY17,0.00000000
2329.00000000,DELIVERY12,DELIVERY17,0.00000000
2335.00000000,DELIVERY12,DELIVERY17,0.00442161
2336.00000000,DELIVERY12,DELIVERY17,0.01378132
2402.00000000,DELIVERY12,DELIVERY17,0.77879969
2431.00000000,DELIVERY12,DELIVERY17,0.22313051
2466.00000000,DELIVERY12,DELIVERY18,11.08503087
2550.00000000,DELIVERY12,DELIVERY17,0.11880359
2583.00000000,DELIVERY14,DELIVERY17,0.29402316
2584.00000000,DELIVERY14,DELIVERY17,0.34194497
2585.00000000,DELIVERY14,DELIVERY17,0.34194497
2586.00000000,DELIVERY14,DELIVERY17,0.34194497
2587.00000000,DELIVERY14,DELIVERY17,0.34194497
2588.00000000,DELIVERY14,DELIVERY17,0.34194497
2589.00000000,DELIVERY14,DELIVERY17,0.34194497
2590.00000000,DELIVERY14,DELIVERY17,0.34194497
2591.00000000,DELIVERY14,DELIVERY17,0.34194497
2592.00000000,DELIVERY14,DELIVERY17,0.34194497
2593.00000000,DELIVERY14,DELIVERY17,0.34194497
2594.00000000,DELIVERY14,DELIVERY17,0.34194497
2595.00000000,DELIVERY14,DELIVERY17,0.34194497
2596.00000000,DELIVERY14,DELIVERY17,0.34194497
2597.00000000,DELIVERY14,DELIVERY17,0.34194497
2598.00000000,DELIVERY14,DELIVERY17,0.34194497
2599.00000000,DELIVERY14,DELIVERY17,0.34194497
2600.00000000,DELIVERY14,DELIVERY17,0.34194497
2605.00000000,DELIVERY14,DELIVERY17,0.75308753
2643.00000000,BACKGROUND12,DELIVERY12,0.03441513
2665.00000000,BACKGROUND12,DELIVERY12,2.11933204
2680.00000000,BACKGROUND12,DELIVERY12,1.01531449
2707.00000000,BACKGROUND12,DELIVERY12,0.00000000
2708.00000000,BACKGROUND12,DELIVERY12,0.00000021
2773.00000000,DELIVERY12,DELIVERY14,0.86398368
2871.00000000,DELIVERY12,DELIVERY20,0.13212683
2892.00000000,DELIVERY17,DELIVERY20,0.55835899
3582.00000000,DELIVERY23,DELIVERY25,0.05160749
3601.00000000,DELIVERY27,DELIVERY28,0.00000000
