# CLOSEST POINT OF APPROACH LOG
# Shortest distance between 2 UAS during their conflict
# 
# Simulation Time [s], UAS1, UAS2, Distance [m]
# simt
576.00000000,BACKGROUND2,DELIVERY1,6.58070726
1261.00000000,DELIVERY6,DELIVERY9,7.93819296
1262.00000000,DELIVERY6,DELIVERY9,8.01222520
1501.00000000,DELIVERY10,DELIVERY8,0.00000000
1502.00000000,DELIVERY10,DELIVERY8,0.00000000
1503.00000000,DELIVERY10,DELIVERY8,0.00000000
1504.00000000,DELIVERY10,DELIVERY8,0.00000000
1505.00000000,DELIVERY10,DELIVERY8,0.00000000
1506.00000000,DELIVERY10,DELIVERY8,0.00000000
1507.00000000,DELIVERY10,DELIVERY8,0.00000000
1508.00000000,DELIVERY10,DELIVERY8,0.00000000
1509.00000000,DELIVERY10,DELIVERY8,0.00000000
1510.00000000,DELIVERY10,DELIVERY8,0.00000000
1511.00000000,DELIVERY10,DELIVERY8,0.00000000
1512.00000000,DELIVERY10,DELIVERY8,0.00000000
1513.00000000,DELIVERY10,DELIVERY8,0.00000000
1514.00000000,DELIVERY10,DELIVERY8,0.00000000
1515.00000000,DELIVERY10,DELIVERY8,0.00000000
1516.00000000,DELIVERY10,DELIVERY8,0.00000000
1517.00000000,DELIVERY10,DELIVERY8,0.00000000
1518.00000000,DELIVERY10,DELIVERY8,0.00000000
1519.00000000,DELIVERY10,DELIVERY8,0.00000000
1520.00000000,DELIVERY10,DELIVERY8,0.00000000
1521.00000000,DELIVERY10,DELIVERY8,0.00000000
1522.00000000,DELIVERY10,DELIVERY8,0.00000000
1523.00000000,DELIVERY10,DELIVERY8,0.00000000
1524.00000000,DELIVERY10,DELIVERY8,0.00000000
1525.00000000,DELIVERY10,DELIVERY8,0.00000000
1526.00000000,DELIVERY10,DELIVERY8,0.00000000
1527.00000000,DELIVERY10,DELIVERY8,0.00000000
1528.00000000,DELIVERY10,DELIVERY8,0.00000000
1529.00000000,DELIVERY10,DELIVERY8,0.00000000
1530.00000000,DELIVERY10,DELIVERY8,0.00000000
1531.00000000,DELIVERY10,DELIVERY8,0.00000000
1532.00000000,DELIVERY10,DELIVERY8,0.00000000
1533.00000000,DELIVERY10,DELIVERY8,0.00000000
1534.00000000,DELIVERY10,DELIVERY8,0.00000000
1535.00000000,DELIVERY10,DELIVERY8,0.00000000
1536.00000000,DELIVERY10,DELIVERY8,0.00000000
1537.00000000,DELIVERY10,DELIVERY8,0.00000000
1538.00000000,DELIVERY10,DELIVERY8,0.00000000
1539.00000000,DELIVERY10,DELIVERY8,0.00000000
1540.00000000,DELIVERY10,DELIVERY8,0.00000000
1541.00000000,DELIVERY10,DELIVERY8,0.00000000
1542.00000000,DELIVERY10,DELIVERY8,0.00000000
1543.00000000,DELIVERY10,DELIVERY8,0.00000000
1544.00000000,DELIVERY10,DELIVERY8,0.00000000
1545.00000000,DELIVERY10,DELIVERY8,0.00000000
1546.00000000,DELIVERY10,DELIVERY8,0.00000000
1547.00000000,DELIVERY10,DELIVERY8,0.00000000
1548.00000000,DELIVERY10,DELIVERY8,0.00000000
1549.00000000,DELIVERY10,DELIVERY8,0.00000000
1550.00000000,DELIVERY10,DELIVERY8,0.00000000
1551.00000000,DELIVERY10,DELIVERY8,0.00000000
1552.00000000,DELIVERY10,DELIVERY8,0.00000000
1553.00000000,DELIVERY10,DELIVERY8,0.00000000
1554.00000000,DELIVERY10,DELIVERY8,0.00000000
1555.00000000,DELIVERY10,DELIVERY8,0.00000000
1556.00000000,DELIVERY10,DELIVERY8,0.00000000
1557.00000000,DELIVERY10,DELIVERY8,0.00000000
1558.00000000,DELIVERY10,DELIVERY8,0.00000000
1559.00000000,DELIVERY10,DELIVERY8,0.00000000
1560.00000000,DELIVERY10,DELIVERY8,0.00000000
1561.00000000,DELIVERY10,DELIVERY8,0.00000000
1561.00000000,DELIVERY11,DELIVERY9,7.93819296
1562.00000000,DELIVERY10,DELIVERY8,0.00000000
1562.00000000,DELIVERY11,DELIVERY9,8.01222520
1563.00000000,DELIVERY10,DELIVERY8,0.00000000
1564.00000000,DELIVERY10,DELIVERY8,0.00000000
1565.00000000,DELIVERY10,DELIVERY8,0.00000000
1566.00000000,DELIVERY10,DELIVERY8,0.00000000
1567.00000000,DELIVERY10,DELIVERY8,0.00000000
1568.00000000,DELIVERY10,DELIVERY8,0.00000000
1569.00000000,DELIVERY10,DELIVERY8,0.00000000
1570.00000000,DELIVERY10,DELIVERY8,0.00000000
1571.00000000,DELIVERY10,DELIVERY8,0.00000000
1572.00000000,DELIVERY10,DELIVERY8,0.00000000
1573.00000000,DELIVERY10,DELIVERY8,0.00000000
1574.00000000,DELIVERY10,DELIVERY8,0.00000000
1575.00000000,DELIVERY10,DELIVERY8,0.00000000
1576.00000000,DELIVERY10,DELIVERY8,0.00000000
1577.00000000,DELIVERY10,DELIVERY8,0.00000000
1578.00000000,DELIVERY10,DELIVERY8,0.00000000
1579.00000000,DELIVERY10,DELIVERY8,0.00000000
1580.00000000,DELIVERY10,DELIVERY8,0.00000000
1581.00000000,DELIVERY10,DELIVERY8,0.00000000
1582.00000000,DELIVERY10,DELIVERY8,0.00000000
1583.00000000,DELIVERY10,DELIVERY8,0.00000000
1584.00000000,DELIVERY10,DELIVERY8,0.00000000
1585.00000000,DELIVERY10,DELIVERY8,0.00000000
1586.00000000,DELIVERY10,DELIVERY8,0.00000000
1587.00000000,DELIVERY10,DELIVERY8,0.00000000
1588.00000000,DELIVERY10,DELIVERY8,0.00000000
1589.00000000,DELIVERY10,DELIVERY8,0.00000000
1590.00000000,DELIVERY10,DELIVERY8,0.00000000
1591.00000000,DELIVERY10,DELIVERY8,0.00000000
1592.00000000,DELIVERY10,DELIVERY8,0.00000000
1593.00000000,DELIVERY10,DELIVERY8,0.00000000
1594.00000000,DELIVERY10,DELIVERY8,0.00000000
1595.00000000,DELIVERY10,DELIVERY8,0.00000000
1596.00000000,DELIVERY10,DELIVERY8,0.00000000
1597.00000000,DELIVERY10,DELIVERY8,0.00000000
1598.00000000,DELIVERY10,DELIVERY8,0.00000000
1599.00000000,DELIVERY10,DELIVERY8,0.00000000
1600.00000000,DELIVERY10,DELIVERY8,0.00000000
1601.00000000,DELIVERY10,DELIVERY8,0.00000000
1602.00000000,DELIVERY10,DELIVERY8,0.00000000
1603.00000000,DELIVERY10,DELIVERY8,0.00000000
1604.00000000,DELIVERY10,DELIVERY8,0.00000000
1605.00000000,DELIVERY10,DELIVERY8,0.00000000
1606.00000000,DELIVERY10,DELIVERY8,0.00000000
1607.00000000,DELIVERY10,DELIVERY8,0.00000000
1608.00000000,DELIVERY10,DELIVERY8,0.00000000
1609.00000000,DELIVERY10,DELIVERY8,0.00000000
1610.00000000,DELIVERY10,DELIVERY8,0.00000000
1611.00000000,DELIVERY10,DELIVERY8,0.00000000
1612.00000000,DELIVERY10,DELIVERY8,0.00000000
1613.00000000,DELIVERY10,DELIVERY8,0.00000000
1614.00000000,DELIVERY10,DELIVERY8,0.00000000
1615.00000000,DELIVERY10,DELIVERY8,0.00000000
1616.00000000,DELIVERY10,DELIVERY8,0.00000000
1616.00000000,DELIVERY11,DELIVERY5,6.66527395
1617.00000000,DELIVERY10,DELIVERY8,0.00000000
1617.00000000,DELIVERY11,DELIVERY5,7.02899573
1618.00000000,DELIVERY10,DELIVERY8,0.00000000
1619.00000000,DELIVERY10,DELIVERY8,0.00000000
1620.00000000,DELIVERY10,DELIVERY8,0.00000000
1621.00000000,DELIVERY10,DELIVERY8,0.00000000
1622.00000000,DELIVERY10,DELIVERY8,0.00000000
1623.00000000,DELIVERY10,DELIVERY8,0.00000000
1624.00000000,DELIVERY10,DELIVERY8,0.00000000
1625.00000000,DELIVERY10,DELIVERY8,0.00000000
1626.00000000,DELIVERY10,DELIVERY8,0.00000000
1627.00000000,DELIVERY10,DELIVERY8,0.00000000
1628.00000000,DELIVERY10,DELIVERY8,0.00000000
1629.00000000,DELIVERY10,DELIVERY8,0.00000000
1630.00000000,DELIVERY10,DELIVERY8,0.00000000
1631.00000000,DELIVERY10,DELIVERY8,0.00000000
1632.00000000,DELIVERY10,DELIVERY8,0.00000000
1633.00000000,DELIVERY10,DELIVERY8,0.00000000
1634.00000000,DELIVERY10,DELIVERY8,0.00000000
1635.00000000,DELIVERY10,DELIVERY8,0.00000000
1636.00000000,DELIVERY10,DELIVERY8,0.00000000
1637.00000000,DELIVERY10,DELIVERY8,0.00000000
1638.00000000,DELIVERY10,DELIVERY8,0.00000000
1639.00000000,DELIVERY10,DELIVERY8,0.00000000
1640.00000000,DELIVERY10,DELIVERY8,0.00000000
1641.00000000,DELIVERY10,DELIVERY8,0.00000000
1642.00000000,DELIVERY10,DELIVERY8,0.00000000
1643.00000000,DELIVERY10,DELIVERY8,0.00000000
1644.00000000,DELIVERY10,DELIVERY8,0.00000000
1645.00000000,DELIVERY10,DELIVERY8,0.00000000
1646.00000000,DELIVERY10,DELIVERY8,0.00000000
1647.00000000,DELIVERY10,DELIVERY8,0.00000000
1648.00000000,DELIVERY10,DELIVERY8,0.00000000
1649.00000000,DELIVERY10,DELIVERY8,0.00000000
1650.00000000,DELIVERY10,DELIVERY8,0.00000000
1651.00000000,DELIVERY10,DELIVERY8,0.00000000
1652.00000000,DELIVERY10,DELIVERY8,0.00000000
1653.00000000,DELIVERY10,DELIVERY8,0.00000000
1654.00000000,DELIVERY10,DELIVERY8,0.00000000
1655.00000000,DELIVERY10,DELIVERY8,0.00000000
1656.00000000,DELIVERY10,DELIVERY8,0.00000000
1657.00000000,DELIVERY10,DELIVERY8,0.00000000
1658.00000000,DELIVERY10,DELIVERY8,0.00000000
1659.00000000,DELIVERY10,DELIVERY8,0.00000000
1660.00000000,DELIVERY10,DELIVERY8,0.00000000
1661.00000000,DELIVERY10,DELIVERY8,0.00000000
1662.00000000,DELIVERY10,DELIVERY8,0.00000000
1663.00000000,DELIVERY10,DELIVERY8,0.00000000
1664.00000000,DELIVERY10,DELIVERY8,0.00000000
1665.00000000,DELIVERY10,DELIVERY8,0.00000000
1666.00000000,DELIVERY10,DELIVERY8,0.00000000
1667.00000000,DELIVERY10,DELIVERY8,0.00000000
1668.00000000,DELIVERY10,DELIVERY8,0.00000000
1669.00000000,DELIVERY10,DELIVERY8,0.00000000
1670.00000000,DELIVERY10,DELIVERY8,0.00000000
1671.00000000,DELIVERY10,DELIVERY8,0.00000000
1672.00000000,DELIVERY10,DELIVERY8,0.00000000
1673.00000000,DELIVERY10,DELIVERY8,0.00000000
1674.00000000,DELIVERY10,DELIVERY8,0.00000000
1675.00000000,DELIVERY10,DELIVERY8,0.00000000
1676.00000000,DELIVERY10,DELIVERY8,0.00000000
1677.00000000,DELIVERY10,DELIVERY8,0.00000000
1678.00000000,DELIVERY10,DELIVERY8,0.00000000
1679.00000000,DELIVERY10,DELIVERY8,0.00000000
1680.00000000,DELIVERY10,DELIVERY8,0.00000000
1681.00000000,DELIVERY10,DELIVERY8,0.00000000
1682.00000000,DELIVERY10,DELIVERY8,0.00000000
1683.00000000,DELIVERY10,DELIVERY8,0.00000000
1684.00000000,DELIVERY10,DELIVERY8,0.00000000
1685.00000000,DELIVERY10,DELIVERY8,0.00000000
1686.00000000,DELIVERY10,DELIVERY8,0.00000000
1687.00000000,DELIVERY10,DELIVERY8,0.00000000
1688.00000000,DELIVERY10,DELIVERY8,0.00000000
1689.00000000,DELIVERY10,DELIVERY8,0.00000000
1690.00000000,DELIVERY10,DELIVERY8,0.00000000
1691.00000000,DELIVERY10,DELIVERY8,0.00000000
1692.00000000,DELIVERY10,DELIVERY8,0.00000000
1693.00000000,DELIVERY10,DELIVERY8,0.00000000
1694.00000000,DELIVERY10,DELIVERY8,0.00000000
1695.00000000,DELIVERY10,DELIVERY8,0.00000000
1696.00000000,DELIVERY10,DELIVERY8,0.00000000
1697.00000000,DELIVERY10,DELIVERY8,0.00000000
1698.00000000,DELIVERY10,DELIVERY8,0.00000000
1699.00000000,DELIVERY10,DELIVERY8,0.00000000
1700.00000000,DELIVERY10,DELIVERY8,0.00000000
1701.00000000,DELIVERY10,DELIVERY8,0.00000000
1702.00000000,DELIVERY10,DELIVERY8,0.00000000
1703.00000000,DELIVERY10,DELIVERY8,0.00000000
1704.00000000,DELIVERY10,DELIVERY8,0.00000000
1705.00000000,DELIVERY10,DELIVERY8,0.00000000
1706.00000000,DELIVERY10,DELIVERY8,0.00000000
1707.00000000,DELIVERY10,DELIVERY8,0.00000000
1708.00000000,DELIVERY10,DELIVERY8,0.00000000
1709.00000000,DELIVERY10,DELIVERY8,0.00000000
1710.00000000,DELIVERY10,DELIVERY8,0.00000000
1711.00000000,DELIVERY10,DELIVERY8,0.00000000
1712.00000000,DELIVERY10,DELIVERY8,0.00000000
1713.00000000,DELIVERY10,DELIVERY8,0.00000000
1714.00000000,DELIVERY10,DELIVERY8,0.00000000
1715.00000000,DELIVERY10,DELIVERY8,0.00000000
1716.00000000,DELIVERY10,DELIVERY8,0.00000000
1717.00000000,DELIVERY10,DELIVERY8,0.00000000
1718.00000000,DELIVERY10,DELIVERY8,0.00000000
1722.00000000,DELIVERY10,DELIVERY8,0.00000000
1723.00000000,DELIVERY10,DELIVERY8,0.00000000
1724.00000000,DELIVERY10,DELIVERY8,0.00000000
1725.00000000,DELIVERY10,DELIVERY8,0.00000000
1726.00000000,DELIVERY10,DELIVERY8,0.00000000
1727.00000000,DELIVERY10,DELIVERY8,0.00000000
1728.00000000,DELIVERY10,DELIVERY8,0.00000000
1729.00000000,DELIVERY10,DELIVERY8,0.00000000
1730.00000000,DELIVERY10,DELIVERY8,0.00000000
1731.00000000,DELIVERY10,DELIVERY8,0.00000000
1732.00000000,DELIVERY10,DELIVERY8,0.00000000
1733.00000000,DELIVERY10,DELIVERY8,0.00000000
1734.00000000,DELIVERY10,DELIVERY8,0.00000000
1735.00000000,DELIVERY10,DELIVERY8,0.00000000
1736.00000000,DELIVERY10,DELIVERY8,0.00000000
1737.00000000,DELIVERY10,DELIVERY8,0.00000000
1738.00000000,DELIVERY10,DELIVERY8,0.00000000
1739.00000000,DELIVERY10,DELIVERY8,0.00000000
1740.00000000,DELIVERY10,DELIVERY8,0.00000000
1741.00000000,DELIVERY10,DELIVERY8,0.00000000
1742.00000000,DELIVERY10,DELIVERY8,0.00000000
1743.00000000,DELIVERY10,DELIVERY8,0.00000000
1744.00000000,DELIVERY10,DELIVERY8,0.00000000
1745.00000000,DELIVERY10,DELIVERY8,0.00000000
1746.00000000,DELIVERY10,DELIVERY8,0.00000000
1747.00000000,DELIVERY10,DELIVERY8,0.00000000
1748.00000000,DELIVERY10,DELIVERY8,0.00000000
1749.00000000,DELIVERY10,DELIVERY8,0.00000000
1750.00000000,DELIVERY10,DELIVERY8,0.00000000
1751.00000000,DELIVERY10,DELIVERY8,0.00000000
1752.00000000,DELIVERY10,DELIVERY8,0.00000000
1753.00000000,DELIVERY10,DELIVERY8,0.00000000
1754.00000000,DELIVERY10,DELIVERY8,0.00000000
1755.00000000,DELIVERY10,DELIVERY8,0.00000000
1756.00000000,DELIVERY10,DELIVERY8,0.00000000
1757.00000000,DELIVERY10,DELIVERY8,0.00000000
1758.00000000,DELIVERY10,DELIVERY8,0.00000000
1759.00000000,DELIVERY10,DELIVERY8,0.00000000
1760.00000000,DELIVERY10,DELIVERY8,0.00000000
1761.00000000,DELIVERY10,DELIVERY8,0.00000000
1762.00000000,DELIVERY10,DELIVERY8,0.00000000
1763.00000000,DELIVERY10,DELIVERY8,0.00000000
1764.00000000,DELIVERY10,DELIVERY8,0.00000000
1765.00000000,DELIVERY10,DELIVERY8,0.00000000
1766.00000000,DELIVERY10,DELIVERY8,0.00000000
1767.00000000,DELIVERY10,DELIVERY8,0.00000000
1768.00000000,DELIVERY10,DELIVERY8,0.00000000
1769.00000000,DELIVERY10,DELIVERY8,0.00000000
1770.00000000,DELIVERY10,DELIVERY8,0.00000000
1771.00000000,DELIVERY10,DELIVERY8,0.00000000
1772.00000000,DELIVERY10,DELIVERY8,0.00000000
1773.00000000,DELIVERY10,DELIVERY8,0.00000000
1774.00000000,DELIVERY10,DELIVERY8,0.00000000
1775.00000000,DELIVERY10,DELIVERY8,0.00000000
1776.00000000,DELIVERY10,DELIVERY8,0.00000000
1777.00000000,DELIVERY10,DELIVERY8,0.00000000
1778.00000000,DELIVERY10,DELIVERY8,0.00000000
1779.00000000,DELIVERY10,DELIVERY8,0.00000000
1780.00000000,DELIVERY10,DELIVERY8,0.00000000
1781.00000000,DELIVERY10,DELIVERY8,0.00000000
1782.00000000,DELIVERY10,DELIVERY8,0.00000000
1783.00000000,DELIVERY10,DELIVERY8,0.00000000
1784.00000000,DELIVERY10,DELIVERY8,0.00000000
1785.00000000,DELIVERY10,DELIVERY8,0.00000000
1786.00000000,DELIVERY10,DELIVERY8,0.00000000
1787.00000000,DELIVERY10,DELIVERY8,0.00000000
1788.00000000,DELIVERY10,DELIVERY8,0.00000000
1789.00000000,DELIVERY10,DELIVERY8,0.00000000
1790.00000000,DELIVERY10,DELIVERY8,0.00000000
1791.00000000,DELIVERY10,DELIVERY8,0.00000000
1792.00000000,DELIVERY10,DELIVERY8,0.00000000
1793.00000000,DELIVERY10,DELIVERY8,0.00000000
1794.00000000,DELIVERY10,DELIVERY8,0.00000000
1795.00000000,DELIVERY10,DELIVERY8,0.00000000
1796.00000000,DELIVERY10,DELIVERY8,0.00000000
1797.00000000,DELIVERY10,DELIVERY8,0.00000000
1798.00000000,DELIVERY10,DELIVERY8,0.00000000
1799.00000000,DELIVERY10,DELIVERY8,0.00000000
1800.00000000,DELIVERY10,DELIVERY8,0.00000000
1801.00000000,DELIVERY10,DELIVERY8,0.00000000
1802.00000000,DELIVERY10,DELIVERY8,0.00000000
1803.00000000,DELIVERY10,DELIVERY8,0.00000000
1804.00000000,DELIVERY10,DELIVERY8,0.00000000
1805.00000000,DELIVERY10,DELIVERY8,0.00000000
1806.00000000,DELIVERY10,DELIVERY8,0.00000000
1807.00000000,DELIVERY10,DELIVERY8,0.00000000
1808.00000000,DELIVERY10,DELIVERY8,0.00000000
1809.00000000,DELIVERY10,DELIVERY8,0.00000000
1810.00000000,DELIVERY10,DELIVERY8,0.00000000
1811.00000000,DELIVERY10,DELIVERY8,0.00000000
1812.00000000,DELIVERY10,DELIVERY8,0.00000000
1813.00000000,DELIVERY10,DELIVERY8,0.00000000
1814.00000000,DELIVERY10,DELIVERY8,0.00000000
1815.00000000,DELIVERY10,DELIVERY8,0.00000000
1816.00000000,DELIVERY10,DELIVERY8,0.00000000
1817.00000000,DELIVERY10,DELIVERY8,0.00000000
1818.00000000,DELIVERY10,DELIVERY8,0.00000000
1819.00000000,DELIVERY10,DELIVERY8,0.00000000
1820.00000000,DELIVERY10,DELIVERY8,0.00000000
1821.00000000,DELIVERY10,DELIVERY8,0.00000000
1822.00000000,DELIVERY10,DELIVERY8,0.00000000
1823.00000000,DELIVERY10,DELIVERY8,0.00000000
1824.00000000,DELIVERY10,DELIVERY8,0.00000000
1825.00000000,DELIVERY10,DELIVERY8,0.00000000
1826.00000000,DELIVERY10,DELIVERY8,0.00000000
1827.00000000,DELIVERY10,DELIVERY8,0.00000000
1828.00000000,DELIVERY10,DELIVERY8,0.00000000
1829.00000000,DELIVERY10,DELIVERY8,0.00000000
1830.00000000,DELIVERY10,DELIVERY8,0.00000000
1831.00000000,DELIVERY10,DELIVERY8,0.00000000
1832.00000000,DELIVERY10,DELIVERY8,0.00000000
1833.00000000,DELIVERY10,DELIVERY8,0.00000000
1834.00000000,DELIVERY10,DELIVERY8,0.00000000
1835.00000000,DELIVERY10,DELIVERY8,0.00000000
1836.00000000,DELIVERY10,DELIVERY8,0.00000000
1837.00000000,DELIVERY10,DELIVERY8,0.00000000
1838.00000000,DELIVERY10,DELIVERY8,0.00000000
1839.00000000,DELIVERY10,DELIVERY8,0.00000000
1840.00000000,DELIVERY10,DELIVERY8,0.00000000
1841.00000000,DELIVERY10,DELIVERY8,0.00000000
1842.00000000,DELIVERY10,DELIVERY8,0.00000000
1843.00000000,DELIVERY10,DELIVERY8,0.00000000
1844.00000000,DELIVERY10,DELIVERY8,0.00000000
1845.00000000,DELIVERY10,DELIVERY8,0.00000000
1846.00000000,DELIVERY10,DELIVERY8,0.00000000
1847.00000000,DELIVERY10,DELIVERY8,0.00000000
1848.00000000,DELIVERY10,DELIVERY8,0.00000000
1849.00000000,DELIVERY10,DELIVERY8,0.00000000
1850.00000000,DELIVERY10,DELIVERY8,0.00000000
1851.00000000,DELIVERY10,DELIVERY8,0.00000000
1852.00000000,DELIVERY10,DELIVERY8,0.00000000
1853.00000000,DELIVERY10,DELIVERY8,0.00000000
1854.00000000,DELIVERY10,DELIVERY8,0.00000000
1855.00000000,DELIVERY10,DELIVERY8,0.00000000
1856.00000000,DELIVERY10,DELIVERY8,0.00000000
1857.00000000,DELIVERY10,DELIVERY8,0.00000000
1858.00000000,DELIVERY10,DELIVERY8,0.00000000
1859.00000000,DELIVERY11,DELIVERY7,0.31749063
1859.00000000,DELIVERY10,DELIVERY8,0.00000000
1860.00000000,DELIVERY10,DELIVERY8,0.00000000
1861.00000000,DELIVERY10,DELIVERY8,0.00000000
1862.00000000,DELIVERY10,DELIVERY8,0.00000000
1863.00000000,DELIVERY10,DELIVERY8,0.00000000
1864.00000000,DELIVERY10,DELIVERY8,0.00000000
1865.00000000,DELIVERY10,DELIVERY8,0.00000000
1865.00000000,DELIVERY11,DELIVERY7,0.17849817
1866.00000000,DELIVERY10,DELIVERY8,0.00000000
1867.00000000,DELIVERY10,DELIVERY8,0.00000000
1868.00000000,DELIVERY10,DELIVERY8,0.00000000
1869.00000000,DELIVERY10,DELIVERY8,0.00000000
1870.00000000,DELIVERY10,DELIVERY8,0.00000000
1871.00000000,DELIVERY10,DELIVERY8,0.00000000
1872.00000000,DELIVERY10,DELIVERY8,0.00000000
1873.00000000,DELIVERY10,DELIVERY8,0.00000000
1874.00000000,DELIVERY10,DELIVERY8,0.00000000
1875.00000000,DELIVERY10,DELIVERY8,0.00000000
1876.00000000,DELIVERY10,DELIVERY8,0.00000000
1877.00000000,DELIVERY10,DELIVERY8,0.00000000
1878.00000000,DELIVERY10,DELIVERY8,0.00000000
1879.00000000,DELIVERY10,DELIVERY8,0.00000000
1880.00000000,DELIVERY10,DELIVERY8,0.00000000
1881.00000000,DELIVERY10,DELIVERY8,0.00000000
1882.00000000,DELIVERY10,DELIVERY8,0.00000000
1883.00000000,DELIVERY10,DELIVERY8,0.00000000
1884.00000000,DELIVERY10,DELIVERY8,0.00000000
1885.00000000,DELIVERY10,DELIVERY8,0.00000000
1886.00000000,DELIVERY10,DELIVERY8,0.00000000
1887.00000000,DELIVERY10,DELIVERY8,0.00000000
1888.00000000,DELIVERY10,DELIVERY8,0.00000000
1889.00000000,DELIVERY10,DELIVERY8,0.00000000
1890.00000000,DELIVERY10,DELIVERY8,0.00000000
1891.00000000,DELIVERY10,DELIVERY8,0.00000000
1892.00000000,DELIVERY10,DELIVERY8,0.00000000
1893.00000000,DELIVERY10,DELIVERY8,0.00000000
1894.00000000,DELIVERY10,DELIVERY8,0.00000000
1895.00000000,DELIVERY10,DELIVERY8,0.00000000
1896.00000000,DELIVERY10,DELIVERY8,0.00000000
1897.00000000,DELIVERY10,DELIVERY8,0.00000000
1898.00000000,DELIVERY10,DELIVERY8,0.00000000
1899.00000000,DELIVERY10,DELIVERY8,0.00000000
1900.00000000,DELIVERY10,DELIVERY8,0.00000000
1901.00000000,DELIVERY10,DELIVERY8,0.00000000
1902.00000000,DELIVERY10,DELIVERY8,0.00000000
1903.00000000,DELIVERY10,DELIVERY8,0.00000000
1904.00000000,DELIVERY10,DELIVERY8,0.00000000
1905.00000000,DELIVERY10,DELIVERY8,0.00000000
1906.00000000,DELIVERY10,DELIVERY8,0.00000000
1907.00000000,DELIVERY10,DELIVERY8,0.00000000
1908.00000000,DELIVERY10,DELIVERY8,0.00000000
1909.00000000,DELIVERY10,DELIVERY8,0.00000000
1910.00000000,DELIVERY10,DELIVERY8,0.00000000
1911.00000000,DELIVERY10,DELIVERY8,0.00000000
1912.00000000,DELIVERY10,DELIVERY8,0.00000000
1913.00000000,DELIVERY10,DELIVERY8,0.00000000
1914.00000000,DELIVERY10,DELIVERY8,0.00000000
1915.00000000,DELIVERY10,DELIVERY8,0.00000000
1916.00000000,DELIVERY10,DELIVERY8,0.00000000
1917.00000000,DELIVERY10,DELIVERY8,0.00000000
1918.00000000,DELIVERY10,DELIVERY8,0.00000000
1919.00000000,DELIVERY10,DELIVERY8,0.00000000
1920.00000000,DELIVERY10,DELIVERY8,0.00000000
1921.00000000,DELIVERY10,DELIVERY8,0.00000000
1922.00000000,DELIVERY10,DELIVERY8,0.00000000
1923.00000000,DELIVERY10,DELIVERY8,0.00000000
1924.00000000,DELIVERY10,DELIVERY8,0.00000000
1925.00000000,DELIVERY10,DELIVERY8,0.00000000
1926.00000000,DELIVERY10,DELIVERY8,0.00000000
1927.00000000,DELIVERY10,DELIVERY8,0.00000000
1928.00000000,DELIVERY10,DELIVERY8,0.00000000
1929.00000000,DELIVERY10,DELIVERY8,0.00000000
1930.00000000,DELIVERY10,DELIVERY8,0.00000000
1931.00000000,DELIVERY10,DELIVERY8,0.00000000
1932.00000000,DELIVERY10,DELIVERY8,0.00000000
1933.00000000,DELIVERY10,DELIVERY8,0.00000000
1934.00000000,DELIVERY10,DELIVERY8,0.00000000
1935.00000000,DELIVERY10,DELIVERY8,0.00000000
1936.00000000,DELIVERY10,DELIVERY8,0.00000000
1937.00000000,DELIVERY10,DELIVERY8,0.00000000
1938.00000000,DELIVERY10,DELIVERY8,0.00000000
1939.00000000,DELIVERY10,DELIVERY8,0.00000000
1940.00000000,DELIVERY10,DELIVERY8,0.00000000
1941.00000000,DELIVERY10,DELIVERY8,0.00000000
1942.00000000,DELIVERY10,DELIVERY8,0.00000000
1943.00000000,DELIVERY10,DELIVERY8,0.00000000
1944.00000000,DELIVERY10,DELIVERY8,0.00000000
1945.00000000,DELIVERY10,DELIVERY8,0.00000000
1946.00000000,DELIVERY10,DELIVERY8,0.00000000
1947.00000000,DELIVERY10,DELIVERY8,0.00000000
1948.00000000,DELIVERY10,DELIVERY8,0.00000000
1949.00000000,DELIVERY10,DELIVERY8,0.00000000
1950.00000000,DELIVERY10,DELIVERY8,0.00000000
1951.00000000,DELIVERY10,DELIVERY8,0.00000000
1952.00000000,DELIVERY10,DELIVERY8,0.00000000
1953.00000000,DELIVERY10,DELIVERY8,0.00000000
1954.00000000,DELIVERY10,DELIVERY8,0.00000000
1955.00000000,DELIVERY10,DELIVERY8,0.00000000
1956.00000000,DELIVERY10,DELIVERY8,0.00000000
1957.00000000,DELIVERY10,DELIVERY8,0.00000000
1958.00000000,DELIVERY10,DELIVERY8,0.00000000
1959.00000000,DELIVERY10,DELIVERY8,0.00000000
1960.00000000,DELIVERY10,DELIVERY8,0.00000000
1961.00000000,DELIVERY10,DELIVERY8,0.00000000
1962.00000000,DELIVERY10,DELIVERY8,0.00000000
1963.00000000,DELIVERY10,DELIVERY8,0.00000000
1964.00000000,DELIVERY10,DELIVERY8,0.00000000
1965.00000000,DELIVERY10,DELIVERY8,0.00000000
1966.00000000,DELIVERY10,DELIVERY8,0.00000000
1967.00000000,DELIVERY10,DELIVERY8,0.00000000
1968.00000000,DELIVERY10,DELIVERY8,0.00000000
1969.00000000,DELIVERY10,DELIVERY8,0.00000000
1970.00000000,DELIVERY10,DELIVERY8,0.00000000
1971.00000000,DELIVERY10,DELIVERY8,0.00000000
1972.00000000,DELIVERY10,DELIVERY8,0.00000000
1973.00000000,DELIVERY10,DELIVERY8,0.00000000
1974.00000000,DELIVERY10,DELIVERY8,0.00000000
1975.00000000,DELIVERY10,DELIVERY8,0.00000000
1976.00000000,DELIVERY10,DELIVERY8,0.00000000
1977.00000000,DELIVERY10,DELIVERY8,0.00000000
1978.00000000,DELIVERY10,DELIVERY8,0.00000000
1979.00000000,DELIVERY10,DELIVERY8,0.00000000
1980.00000000,DELIVERY10,DELIVERY8,0.00000000
1981.00000000,DELIVERY10,DELIVERY8,0.00000000
1982.00000000,DELIVERY10,DELIVERY8,0.00000000
1983.00000000,DELIVERY10,DELIVERY8,0.00000000
1984.00000000,DELIVERY10,DELIVERY8,0.00000000
1985.00000000,DELIVERY10,DELIVERY8,0.00000000
1986.00000000,DELIVERY10,DELIVERY8,0.00000000
1987.00000000,DELIVERY10,DELIVERY8,0.00000000
1988.00000000,DELIVERY10,DELIVERY8,0.00000000
1989.00000000,DELIVERY10,DELIVERY8,0.00000000
1990.00000000,DELIVERY10,DELIVERY8,0.00000000
1991.00000000,DELIVERY10,DELIVERY8,0.00000000
1992.00000000,DELIVERY10,DELIVERY8,0.00000000
1993.00000000,DELIVERY10,DELIVERY8,0.00000000
1994.00000000,DELIVERY10,DELIVERY8,0.00000000
1995.00000000,DELIVERY10,DELIVERY8,0.00000000
1996.00000000,DELIVERY10,DELIVERY8,0.00000000
1997.00000000,DELIVERY10,DELIVERY8,0.00000000
1998.00000000,DELIVERY10,DELIVERY8,0.00000000
1999.00000000,DELIVERY10,DELIVERY8,0.00000000
2000.00000000,DELIVERY10,DELIVERY8,0.00000000
2001.00000000,DELIVERY10,DELIVERY8,0.00000000
2002.00000000,DELIVERY10,DELIVERY8,0.00000000
2003.00000000,DELIVERY10,DELIVERY8,0.00000000
2004.00000000,DELIVERY10,DELIVERY8,0.00000000
2005.00000000,DELIVERY10,DELIVERY8,0.00000000
2006.00000000,DELIVERY10,DELIVERY8,0.00000000
2007.00000000,DELIVERY10,DELIVERY8,0.00000000
2008.00000000,DELIVERY10,DELIVERY8,0.00000000
2009.00000000,DELIVERY10,DELIVERY8,0.00000000
2010.00000000,DELIVERY10,DELIVERY8,0.00000000
2011.00000000,DELIVERY10,DELIVERY8,0.00000000
2012.00000000,DELIVERY10,DELIVERY8,0.00000000
2013.00000000,DELIVERY10,DELIVERY8,0.00000000
2014.00000000,DELIVERY10,DELIVERY8,0.00000000
2015.00000000,DELIVERY10,DELIVERY8,0.00000000
2016.00000000,DELIVERY10,DELIVERY8,0.00000000
2017.00000000,DELIVERY10,DELIVERY8,0.00000000
2018.00000000,DELIVERY10,DELIVERY8,0.00000000
2019.00000000,DELIVERY10,DELIVERY8,0.00000000
2020.00000000,DELIVERY10,DELIVERY8,0.00000000
2021.00000000,DELIVERY10,DELIVERY8,0.00000000
2022.00000000,DELIVERY10,DELIVERY8,0.00000000
2023.00000000,DELIVERY10,DELIVERY8,0.00000000
2024.00000000,DELIVERY10,DELIVERY8,0.00000000
2025.00000000,DELIVERY10,DELIVERY8,0.00000000
2026.00000000,DELIVERY10,DELIVERY8,0.00000000
2027.00000000,DELIVERY10,DELIVERY8,0.00000000
2028.00000000,DELIVERY10,DELIVERY8,0.00000000
2029.00000000,DELIVERY10,DELIVERY8,0.00000000
2030.00000000,DELIVERY10,DELIVERY8,0.00000000
2031.00000000,DELIVERY10,DELIVERY8,0.00000000
2032.00000000,DELIVERY10,DELIVERY8,0.00000000
2033.00000000,DELIVERY10,DELIVERY8,0.00000000
2034.00000000,DELIVERY10,DELIVERY8,0.00000000
2035.00000000,DELIVERY10,DELIVERY8,0.00000000
2036.00000000,DELIVERY10,DELIVERY8,0.00000000
2037.00000000,DELIVERY10,DELIVERY8,0.00000000
2038.00000000,DELIVERY10,DELIVERY8,0.00000000
2039.00000000,DELIVERY10,DELIVERY8,0.00000000
2040.00000000,DELIVERY10,DELIVERY8,0.00000000
2041.00000000,DELIVERY10,DELIVERY8,0.00000000
2042.00000000,DELIVERY10,DELIVERY8,0.00000000
2043.00000000,DELIVERY10,DELIVERY8,0.00000000
2044.00000000,DELIVERY10,DELIVERY8,0.00000000
2045.00000000,DELIVERY10,DELIVERY8,0.00000000
2046.00000000,DELIVERY10,DELIVERY8,0.00000000
2047.00000000,DELIVERY10,DELIVERY8,0.00000000
2048.00000000,DELIVERY10,DELIVERY8,0.00000000
2049.00000000,DELIVERY10,DELIVERY8,0.00000000
2050.00000000,DELIVERY10,DELIVERY8,0.00000000
2051.00000000,DELIVERY10,DELIVERY8,0.00000000
2052.00000000,DELIVERY10,DELIVERY8,0.00000000
2053.00000000,DELIVERY10,DELIVERY8,0.00000000
2054.00000000,DELIVERY10,DELIVERY8,0.00000000
2101.00000000,DELIVERY15,DELIVERY16,0.00000000
2102.00000000,DELIVERY15,DELIVERY16,0.00000000
2103.00000000,DELIVERY15,DELIVERY16,0.00000000
2104.00000000,DELIVERY15,DELIVERY16,0.00000000
2105.00000000,DELIVERY15,DELIVERY16,0.00000000
2106.00000000,DELIVERY15,DELIVERY16,0.00000000
2107.00000000,DELIVERY15,DELIVERY16,0.00000000
2108.00000000,DELIVERY15,DELIVERY16,0.00000000
2109.00000000,DELIVERY15,DELIVERY16,0.00000000
2110.00000000,DELIVERY15,DELIVERY16,0.00000000
2111.00000000,DELIVERY15,DELIVERY16,0.00000000
2112.00000000,DELIVERY15,DELIVERY16,0.00000000
2113.00000000,DELIVERY15,DELIVERY16,0.00000000
2114.00000000,DELIVERY15,DELIVERY16,0.00000000
2115.00000000,DELIVERY15,DELIVERY16,0.00000000
2116.00000000,DELIVERY15,DELIVERY16,0.00000000
2117.00000000,DELIVERY15,DELIVERY16,0.00000000
2121.00000000,DELIVERY15,DELIVERY16,0.00000000
2122.00000000,DELIVERY15,DELIVERY16,0.00000000
2123.00000000,DELIVERY15,DELIVERY16,0.00000000
2124.00000000,DELIVERY15,DELIVERY16,0.00000000
2125.00000000,DELIVERY15,DELIVERY16,0.00000000
2126.00000000,DELIVERY15,DELIVERY16,0.00000000
2127.00000000,DELIVERY15,DELIVERY16,0.00000000
2128.00000000,DELIVERY15,DELIVERY16,0.00000000
2129.00000000,DELIVERY15,DELIVERY16,0.00000000
2130.00000000,DELIVERY15,DELIVERY16,0.00000000
2131.00000000,DELIVERY15,DELIVERY16,0.00000000
2132.00000000,DELIVERY15,DELIVERY16,0.00000000
2133.00000000,DELIVERY15,DELIVERY16,0.00000000
2134.00000000,DELIVERY15,DELIVERY16,0.00000000
2135.00000000,DELIVERY15,DELIVERY16,0.00000000
2136.00000000,DELIVERY15,DELIVERY16,0.00000000
2137.00000000,DELIVERY15,DELIVERY16,0.00000000
2138.00000000,DELIVERY15,DELIVERY16,0.00000000
2139.00000000,DELIVERY15,DELIVERY16,0.00000000
2140.00000000,DELIVERY15,DELIVERY16,0.00000000
2141.00000000,DELIVERY15,DELIVERY16,0.00000000
2142.00000000,DELIVERY15,DELIVERY16,0.00000000
2143.00000000,DELIVERY15,DELIVERY16,0.00000000
2144.00000000,DELIVERY15,DELIVERY16,0.00000000
2145.00000000,DELIVERY15,DELIVERY16,0.00000000
2146.00000000,DELIVERY15,DELIVERY16,0.00000000
2147.00000000,DELIVERY15,DELIVERY16,0.00000000
2148.00000000,DELIVERY15,DELIVERY16,0.00000000
2149.00000000,DELIVERY15,DELIVERY16,0.00000000
2150.00000000,DELIVERY15,DELIVERY16,0.00000000
2151.00000000,DELIVERY15,DELIVERY16,0.00000000
2152.00000000,DELIVERY15,DELIVERY16,0.00000000
2153.00000000,DELIVERY15,DELIVERY16,0.00000000
2154.00000000,DELIVERY15,DELIVERY16,0.00000000
2155.00000000,DELIVERY15,DELIVERY16,0.00000000
2156.00000000,DELIVERY15,DELIVERY16,0.00000000
2157.00000000,DELIVERY15,DELIVERY16,0.00000000
2158.00000000,DELIVERY15,DELIVERY16,0.00000000
2159.00000000,DELIVERY15,DELIVERY16,0.00000000
2160.00000000,DELIVERY15,DELIVERY16,0.00000000
2161.00000000,DELIVERY15,DELIVERY16,0.00000000
2169.00000000,DELIVERY15,DELIVERY16,0.00000000
2170.00000000,DELIVERY15,DELIVERY16,0.00000000
2171.00000000,DELIVERY15,DELIVERY16,0.00000000
2172.00000000,DELIVERY15,DELIVERY16,0.00000000
2173.00000000,DELIVERY15,DELIVERY16,0.00000000
2174.00000000,DELIVERY15,DELIVERY16,0.00000000
2175.00000000,DELIVERY15,DELIVERY16,0.00000000
2176.00000000,DELIVERY15,DELIVERY16,0.00000000
2177.00000000,DELIVERY15,DELIVERY16,0.00000000
2178.00000000,DELIVERY15,DELIVERY16,0.00000000
2179.00000000,DELIVERY15,DELIVERY16,0.00000000
2180.00000000,DELIVERY15,DELIVERY16,0.00000000
2181.00000000,DELIVERY15,DELIVERY16,0.00000000
2182.00000000,DELIVERY15,DELIVERY16,0.00000000
2183.00000000,DELIVERY15,DELIVERY16,0.00000000
2184.00000000,DELIVERY15,DELIVERY16,0.00000000
2185.00000000,DELIVERY15,DELIVERY16,0.00000000
2186.00000000,DELIVERY15,DELIVERY16,0.00000000
2187.00000000,DELIVERY15,DELIVERY16,0.00000000
2188.00000000,DELIVERY15,DELIVERY16,0.00000000
2189.00000000,DELIVERY15,DELIVERY16,0.00000000
2190.00000000,DELIVERY15,DELIVERY16,0.00000000
2191.00000000,DELIVERY15,DELIVERY16,0.00000000
2192.00000000,DELIVERY15,DELIVERY16,0.00000000
2193.00000000,DELIVERY15,DELIVERY16,0.00000000
2194.00000000,DELIVERY15,DELIVERY16,0.00000000
2195.00000000,DELIVERY15,DELIVERY16,0.00000000
2196.00000000,DELIVERY15,DELIVERY16,0.00000000
2197.00000000,DELIVERY15,DELIVERY16,0.00000000
2198.00000000,DELIVERY15,DELIVERY16,0.00000000
2199.00000000,DELIVERY15,DELIVERY16,0.00000000
2200.00000000,DELIVERY15,DELIVERY16,0.00000000
2201.00000000,DELIVERY15,DELIVERY16,0.00000000
2202.00000000,DELIVERY15,DELIVERY16,0.00000000
2203.00000000,DELIVERY15,DELIVERY16,0.00000000
2204.00000000,DELIVERY15,DELIVERY16,0.00000000
2205.00000000,DELIVERY15,DELIVERY16,0.00000000
2206.00000000,DELIVERY15,DELIVERY16,0.00000000
2207.00000000,DELIVERY15,DELIVERY16,0.00000000
2208.00000000,DELIVERY15,DELIVERY16,0.00000000
2209.00000000,DELIVERY15,DELIVERY16,0.00000000
2210.00000000,DELIVERY15,DELIVERY16,0.00000000
2211.00000000,DELIVERY15,DELIVERY16,0.00000000
2212.00000000,DELIVERY15,DELIVERY16,0.00000000
2213.00000000,DELIVERY15,DELIVERY16,0.00000000
2214.00000000,DELIVERY15,DELIVERY16,0.00000000
2215.00000000,DELIVERY15,DELIVERY16,0.00000000
2216.00000000,DELIVERY15,DELIVERY16,0.00000000
2217.00000000,DELIVERY15,DELIVERY16,0.00000000
2218.00000000,DELIVERY15,DELIVERY16,0.00000000
2219.00000000,DELIVERY15,DELIVERY16,0.00000000
2220.00000000,DELIVERY15,DELIVERY16,0.00000000
2221.00000000,DELIVERY15,DELIVERY16,0.00000000
2222.00000000,DELIVERY15,DELIVERY16,0.00000000
2223.00000000,DELIVERY15,DELIVERY16,0.00000000
2224.00000000,DELIVERY15,DELIVERY16,0.00000000
2225.00000000,DELIVERY15,DELIVERY16,0.00000000
2226.00000000,DELIVERY15,DELIVERY16,0.00000000
2227.00000000,DELIVERY15,DELIVERY16,0.00000000
2228.00000000,DELIVERY15,DELIVERY16,0.00000000
2229.00000000,DELIVERY15,DELIVERY16,0.00000000
2230.00000000,DELIVERY15,DELIVERY16,0.00000000
2231.00000000,DELIVERY15,DELIVERY16,0.00000000
2232.00000000,DELIVERY15,DELIVERY16,0.00000000
2233.00000000,DELIVERY15,DELIVERY16,0.00000000
2234.00000000,DELIVERY15,DELIVERY16,0.00000000
2235.00000000,DELIVERY15,DELIVERY16,0.00000000
2236.00000000,DELIVERY15,DELIVERY16,0.00000000
2237.00000000,DELIVERY15,DELIVERY16,0.00000000
2238.00000000,DELIVERY15,DELIVERY16,0.00000000
2239.00000000,DELIVERY15,DELIVERY16,0.00000000
2240.00000000,DELIVERY15,DELIVERY16,0.00000000
2241.00000000,DELIVERY15,DELIVERY16,0.00000000
2242.00000000,DELIVERY15,DELIVERY16,0.00000000
2243.00000000,DELIVERY15,DELIVERY16,0.00000000
2244.00000000,DELIVERY15,DELIVERY16,0.00000000
2245.00000000,DELIVERY15,DELIVERY16,0.00000000
2246.00000000,DELIVERY15,DELIVERY16,0.00000000
2247.00000000,DELIVERY15,DELIVERY16,0.00000000
2248.00000000,DELIVERY15,DELIVERY16,0.00000000
2249.00000000,DELIVERY15,DELIVERY16,0.00000000
2250.00000000,DELIVERY15,DELIVERY16,0.00000000
2251.00000000,DELIVERY15,DELIVERY16,0.00000000
2252.00000000,DELIVERY15,DELIVERY16,0.00000000
2253.00000000,DELIVERY15,DELIVERY16,0.00000000
2254.00000000,DELIVERY15,DELIVERY16,0.00000000
2255.00000000,DELIVERY15,DELIVERY16,0.00000000
2256.00000000,DELIVERY15,DELIVERY16,0.00000000
2257.00000000,DELIVERY15,DELIVERY16,0.00000000
2258.00000000,DELIVERY15,DELIVERY16,0.00000000
2259.00000000,DELIVERY15,DELIVERY16,0.00000000
2260.00000000,DELIVERY15,DELIVERY16,0.00000000
2261.00000000,DELIVERY15,DELIVERY16,0.00000000
2262.00000000,DELIVERY15,DELIVERY16,0.00000000
2263.00000000,DELIVERY15,DELIVERY16,0.00000000
2264.00000000,DELIVERY15,DELIVERY16,0.00000000
2265.00000000,DELIVERY15,DELIVERY16,0.00000000
2266.00000000,DELIVERY15,DELIVERY16,0.00000000
2267.00000000,DELIVERY15,DELIVERY16,0.00000000
2268.00000000,DELIVERY15,DELIVERY16,0.00000000
2269.00000000,DELIVERY15,DELIVERY16,0.00000000
2270.00000000,DELIVERY15,DELIVERY16,0.00000000
2271.00000000,DELIVERY15,DELIVERY16,0.00000000
2272.00000000,DELIVERY15,DELIVERY16,0.00000000
2273.00000000,DELIVERY15,DELIVERY16,0.00000000
2274.00000000,DELIVERY15,DELIVERY16,0.00000000
2275.00000000,DELIVERY15,DELIVERY16,0.00000000
2276.00000000,DELIVERY15,DELIVERY16,0.00000000
2277.00000000,DELIVERY15,DELIVERY16,0.00000000
2278.00000000,DELIVERY15,DELIVERY16,0.00000000
2279.00000000,DELIVERY15,DELIVERY16,0.00000000
2280.00000000,DELIVERY15,DELIVERY16,0.00000000
2281.00000000,DELIVERY15,DELIVERY16,0.00000000
2282.00000000,DELIVERY15,DELIVERY16,0.00000000
2283.00000000,DELIVERY15,DELIVERY16,0.00000000
2284.00000000,DELIVERY15,DELIVERY16,0.00000000
2285.00000000,DELIVERY15,DELIVERY16,0.00000000
2286.00000000,DELIVERY15,DELIVERY16,0.00000000
2287.00000000,DELIVERY15,DELIVERY16,0.00000000
2288.00000000,DELIVERY15,DELIVERY16,0.00000000
2289.00000000,DELIVERY15,DELIVERY16,0.00000000
2290.00000000,DELIVERY15,DELIVERY16,0.00000000
2291.00000000,DELIVERY15,DELIVERY16,0.00000000
2292.00000000,DELIVERY15,DELIVERY16,0.00000000
2293.00000000,DELIVERY15,DELIVERY16,0.00000000
2294.00000000,DELIVERY15,DELIVERY16,0.00000000
2295.00000000,DELIVERY15,DELIVERY16,0.00000000
2296.00000000,DELIVERY15,DELIVERY16,0.00000000
2297.00000000,DELIVERY15,DELIVERY16,0.00000000
2298.00000000,DELIVERY15,DELIVERY16,0.00000000
2299.00000000,DELIVERY15,DELIVERY16,0.00000000
2300.00000000,DELIVERY15,DELIVERY16,0.00000000
2301.00000000,DELIVERY15,DELIVERY16,0.00000000
2302.00000000,DELIVERY15,DELIVERY16,0.00000000
2303.00000000,DELIVERY15,DELIVERY16,0.00000000
2304.00000000,DELIVERY15,DELIVERY16,0.00000000
2305.00000000,DELIVERY15,DELIVERY16,0.00000000
2306.00000000,DELIVERY15,DELIVERY16,0.00000000
2307.00000000,DELIVERY15,DELIVERY16,0.00000000
2308.00000000,DELIVERY15,DELIVERY16,0.00000000
2309.00000000,DELIVERY15,DELIVERY16,0.00000000
2310.00000000,DELIVERY15,DELIVERY16,0.00000000
2311.00000000,DELIVERY15,DELIVERY16,0.00000000
2312.00000000,DELIVERY15,DELIVERY16,0.00000000
2313.00000000,DELIVERY15,DELIVERY16,0.00000000
2314.00000000,DELIVERY15,DELIVERY16,0.00000000
2315.00000000,DELIVERY15,DELIVERY16,0.00000000
2316.00000000,DELIVERY15,DELIVERY16,0.00000000
2317.00000000,DELIVERY15,DELIVERY16,0.00000000
2318.00000000,DELIVERY15,DELIVERY16,0.00000000
2319.00000000,DELIVERY15,DELIVERY16,0.00000000
2320.00000000,DELIVERY15,DELIVERY16,0.00000000
2321.00000000,DELIVERY15,DELIVERY16,0.00000000
2322.00000000,DELIVERY15,DELIVERY16,0.00000000
2323.00000000,DELIVERY15,DELIVERY16,0.00000000
2324.00000000,DELIVERY15,DELIVERY16,0.00000000
2324.00000000,DELIVERY12,DELIVERY15,0.05112833
2324.00000000,DELIVERY12,DELIVERY16,0.05112833
2325.00000000,DELIVERY15,DELIVERY16,0.00000000
2325.00000000,DELIVERY12,DELIVERY15,0.05112833
2325.00000000,DELIVERY12,DELIVERY16,0.05112833
2326.00000000,DELIVERY15,DELIVERY16,0.00000000
2326.00000000,DELIVERY12,DELIVERY15,0.05112833
2326.00000000,DELIVERY12,DELIVERY16,0.05112833
2327.00000000,DELIVERY15,DELIVERY16,0.00000000
2327.00000000,DELIVERY12,DELIVERY15,0.05112833
2327.00000000,DELIVERY12,DELIVERY16,0.05112833
2328.00000000,DELIVERY15,DELIVERY16,0.00000000
2328.00000000,DELIVERY12,DELIVERY15,0.05112833
2328.00000000,DELIVERY12,DELIVERY16,0.05112833
2329.00000000,DELIVERY15,DELIVERY16,0.00000000
2329.00000000,DELIVERY12,DELIVERY15,0.05112833
2329.00000000,DELIVERY12,DELIVERY16,0.05112833
2330.00000000,DELIVERY15,DELIVERY16,0.00000000
2330.00000000,DELIVERY12,DELIVERY15,0.05112833
2330.00000000,DELIVERY12,DELIVERY16,0.05112833
2331.00000000,DELIVERY15,DELIVERY16,0.00000000
2331.00000000,DELIVERY12,DELIVERY15,0.05112833
2331.00000000,DELIVERY12,DELIVERY16,0.05112833
2332.00000000,DELIVERY15,DELIVERY16,0.00000000
2332.00000000,DELIVERY12,DELIVERY15,0.05112833
2332.00000000,DELIVERY12,DELIVERY16,0.05112833
2333.00000000,DELIVERY15,DELIVERY16,0.00000000
2333.00000000,DELIVERY12,DELIVERY15,0.05112833
2333.00000000,DELIVERY12,DELIVERY16,0.05112833
2334.00000000,DELIVERY15,DELIVERY16,0.00000000
2334.00000000,DELIVERY12,DELIVERY15,0.05112833
2334.00000000,DELIVERY12,DELIVERY16,0.05112833
2335.00000000,DELIVERY15,DELIVERY16,0.00000000
2336.00000000,DELIVERY15,DELIVERY16,0.00000000
2337.00000000,DELIVERY15,DELIVERY16,0.00000000
2338.00000000,DELIVERY15,DELIVERY16,0.00000000
2339.00000000,DELIVERY15,DELIVERY16,0.00000000
2339.00000000,DELIVERY12,DELIVERY15,0.75954788
2339.00000000,DELIVERY12,DELIVERY16,0.75954788
2340.00000000,DELIVERY15,DELIVERY16,0.00000000
2341.00000000,DELIVERY15,DELIVERY16,0.00000000
2342.00000000,DELIVERY15,DELIVERY16,0.00000000
2343.00000000,DELIVERY15,DELIVERY16,0.00000000
2344.00000000,DELIVERY15,DELIVERY16,0.00000000
2345.00000000,DELIVERY15,DELIVERY16,0.00000000
2346.00000000,DELIVERY15,DELIVERY16,0.00000000
2347.00000000,DELIVERY15,DELIVERY16,0.00000000
2348.00000000,DELIVERY15,DELIVERY16,0.00000000
2349.00000000,DELIVERY15,DELIVERY16,0.00000000
2350.00000000,DELIVERY15,DELIVERY16,0.00000000
2351.00000000,DELIVERY15,DELIVERY16,0.00000000
2352.00000000,DELIVERY15,DELIVERY16,0.00000000
2353.00000000,DELIVERY15,DELIVERY16,0.00000000
2357.00000000,DELIVERY15,DELIVERY16,0.00000000
2358.00000000,DELIVERY15,DELIVERY16,0.00000000
2359.00000000,DELIVERY15,DELIVERY16,0.00000000
2360.00000000,DELIVERY15,DELIVERY16,0.00000000
2361.00000000,DELIVERY15,DELIVERY16,0.00000000
2362.00000000,DELIVERY15,DELIVERY16,0.00000000
2363.00000000,DELIVERY15,DELIVERY16,0.00000000
2364.00000000,DELIVERY15,DELIVERY16,0.00000000
2365.00000000,DELIVERY15,DELIVERY16,0.00000000
2366.00000000,DELIVERY15,DELIVERY16,0.00000000
2367.00000000,DELIVERY15,DELIVERY16,0.00000000
2368.00000000,DELIVERY15,DELIVERY16,0.00000000
2369.00000000,DELIVERY15,DELIVERY16,0.00000000
2370.00000000,DELIVERY15,DELIVERY16,0.00000000
2371.00000000,DELIVERY15,DELIVERY16,0.00000000
2372.00000000,DELIVERY15,DELIVERY16,0.00000000
2373.00000000,DELIVERY15,DELIVERY16,0.00000000
2374.00000000,DELIVERY15,DELIVERY16,0.00000000
2375.00000000,DELIVERY15,DELIVERY16,0.00000000
2376.00000000,DELIVERY15,DELIVERY16,0.00000000
2377.00000000,DELIVERY15,DELIVERY16,0.00000000
2378.00000000,DELIVERY15,DELIVERY16,0.00000000
2379.00000000,DELIVERY15,DELIVERY16,0.00000000
2380.00000000,DELIVERY15,DELIVERY16,0.00000000
2381.00000000,DELIVERY15,DELIVERY16,0.00000000
2382.00000000,DELIVERY15,DELIVERY16,0.00000000
2383.00000000,DELIVERY15,DELIVERY16,0.00000000
2384.00000000,DELIVERY15,DELIVERY16,0.00000000
2385.00000000,DELIVERY15,DELIVERY16,0.00000000
2386.00000000,DELIVERY15,DELIVERY16,0.00000000
2387.00000000,DELIVERY15,DELIVERY16,0.00000000
2388.00000000,DELIVERY15,DELIVERY16,0.00000000
2389.00000000,DELIVERY15,DELIVERY16,0.00000000
2390.00000000,DELIVERY15,DELIVERY16,0.00000000
2391.00000000,DELIVERY15,DELIVERY16,0.00000000
2392.00000000,DELIVERY15,DELIVERY16,0.00000000
2393.00000000,DELIVERY15,DELIVERY16,0.00000000
2394.00000000,DELIVERY15,DELIVERY16,0.00000000
2395.00000000,DELIVERY15,DELIVERY16,0.00000000
2396.00000000,DELIVERY15,DELIVERY16,0.00000000
2397.00000000,DELIVERY15,DELIVERY16,0.00000000
2398.00000000,DELIVERY15,DELIVERY16,0.00000000
2399.00000000,DELIVERY15,DELIVERY16,0.00000000
2400.00000000,DELIVERY15,DELIVERY16,0.00000000
2401.00000000,DELIVERY15,DELIVERY16,0.00000000
2401.00000000,DELIVERY18,DELIVERY19,0.00000000
2402.00000000,DELIVERY15,DELIVERY16,0.00000000
2402.00000000,DELIVERY18,DELIVERY19,0.00000000
2403.00000000,DELIVERY18,DELIVERY19,0.00000000
2403.00000000,DELIVERY15,DELIVERY16,0.00000000
2404.00000000,DELIVERY18,DELIVERY19,0.00000000
2404.00000000,DELIVERY15,DELIVERY16,0.00000000
2405.00000000,DELIVERY18,DELIVERY19,0.00000000
2405.00000000,DELIVERY15,DELIVERY16,0.00000000
2406.00000000,DELIVERY18,DELIVERY19,0.00000000
2406.00000000,DELIVERY15,DELIVERY16,0.00000000
2407.00000000,DELIVERY18,DELIVERY19,0.00000000
2407.00000000,DELIVERY15,DELIVERY16,0.00000000
2408.00000000,DELIVERY18,DELIVERY19,0.00000000
2408.00000000,DELIVERY15,DELIVERY16,0.00000000
2409.00000000,DELIVERY18,DELIVERY19,0.00000000
2409.00000000,DELIVERY15,DELIVERY16,0.00000000
2410.00000000,DELIVERY18,DELIVERY19,0.00000000
2410.00000000,DELIVERY15,DELIVERY16,0.00000000
2411.00000000,DELIVERY18,DELIVERY19,0.00000000
2411.00000000,DELIVERY15,DELIVERY16,0.00000000
2412.00000000,DELIVERY18,DELIVERY19,0.00000000
2412.00000000,DELIVERY15,DELIVERY16,0.00000000
2413.00000000,DELIVERY18,DELIVERY19,0.00000000
2413.00000000,DELIVERY15,DELIVERY16,0.00000000
2414.00000000,DELIVERY18,DELIVERY19,0.00000000
2414.00000000,DELIVERY15,DELIVERY16,0.00000000
2415.00000000,DELIVERY18,DELIVERY19,0.00000000
2415.00000000,DELIVERY15,DELIVERY16,0.00000000
2416.00000000,DELIVERY18,DELIVERY19,0.00000000
2416.00000000,DELIVERY15,DELIVERY16,0.00000000
2417.00000000,DELIVERY18,DELIVERY19,0.00000000
2417.00000000,DELIVERY15,DELIVERY16,0.00000000
2418.00000000,DELIVERY18,DELIVERY19,0.00000000
2418.00000000,DELIVERY15,DELIVERY16,0.00000000
2419.00000000,DELIVERY18,DELIVERY19,0.00000000
2419.00000000,DELIVERY15,DELIVERY16,0.00000000
2420.00000000,DELIVERY18,DELIVERY19,0.00000000
2420.00000000,DELIVERY15,DELIVERY16,0.00000000
2421.00000000,DELIVERY18,DELIVERY19,0.00000000
2421.00000000,DELIVERY15,DELIVERY16,0.00000000
2422.00000000,DELIVERY18,DELIVERY19,0.00000000
2422.00000000,DELIVERY15,DELIVERY16,0.00000000
2423.00000000,DELIVERY18,DELIVERY19,0.00000000
2423.00000000,DELIVERY15,DELIVERY16,0.00000000
2424.00000000,DELIVERY18,DELIVERY19,0.00000000
2424.00000000,DELIVERY15,DELIVERY16,0.00000000
2425.00000000,DELIVERY18,DELIVERY19,0.00000000
2425.00000000,DELIVERY15,DELIVERY16,0.00000000
2426.00000000,DELIVERY18,DELIVERY19,0.00000000
2426.00000000,DELIVERY15,DELIVERY16,0.00000000
2427.00000000,DELIVERY18,DELIVERY19,0.00000000
2427.00000000,DELIVERY15,DELIVERY16,0.00000000
2428.00000000,DELIVERY18,DELIVERY19,0.00000000
2428.00000000,DELIVERY15,DELIVERY16,0.00000000
2429.00000000,DELIVERY18,DELIVERY19,0.00000000
2429.00000000,DELIVERY15,DELIVERY16,0.00000000
2430.00000000,DELIVERY18,DELIVERY19,0.00000000
2430.00000000,DELIVERY15,DELIVERY16,0.00000000
2431.00000000,DELIVERY18,DELIVERY19,0.00000000
2431.00000000,DELIVERY15,DELIVERY16,0.00000000
2432.00000000,DELIVERY18,DELIVERY19,0.00000000
2432.00000000,DELIVERY15,DELIVERY16,0.00000000
2433.00000000,DELIVERY18,DELIVERY19,0.00000000
2433.00000000,DELIVERY15,DELIVERY16,0.00000000
2434.00000000,DELIVERY18,DELIVERY19,0.00000000
2434.00000000,DELIVERY15,DELIVERY16,0.00000000
2435.00000000,DELIVERY18,DELIVERY19,0.00000000
2435.00000000,DELIVERY15,DELIVERY16,0.00000000
2436.00000000,DELIVERY18,DELIVERY19,0.00000000
2436.00000000,DELIVERY15,DELIVERY16,0.00000000
2437.00000000,DELIVERY18,DELIVERY19,0.00000000
2437.00000000,DELIVERY15,DELIVERY16,0.00000000
2438.00000000,DELIVERY18,DELIVERY19,0.00000000
2438.00000000,DELIVERY15,DELIVERY16,0.00000000
2439.00000000,DELIVERY18,DELIVERY19,0.00000000
2439.00000000,DELIVERY15,DELIVERY16,0.00000000
2440.00000000,DELIVERY18,DELIVERY19,0.00000000
2440.00000000,DELIVERY15,DELIVERY16,0.00000000
2441.00000000,DELIVERY18,DELIVERY19,0.00000000
2441.00000000,DELIVERY15,DELIVERY16,0.00000000
2442.00000000,DELIVERY18,DELIVERY19,0.00000000
2442.00000000,DELIVERY15,DELIVERY16,0.00000000
2443.00000000,DELIVERY18,DELIVERY19,0.00000000
2443.00000000,DELIVERY15,DELIVERY16,0.00000000
2444.00000000,DELIVERY18,DELIVERY19,0.00000000
2444.00000000,DELIVERY15,DELIVERY16,0.00000000
2445.00000000,DELIVERY18,DELIVERY19,0.00000000
2445.00000000,DELIVERY15,DELIVERY16,0.00000000
2446.00000000,DELIVERY18,DELIVERY19,0.00000000
2446.00000000,DELIVERY15,DELIVERY16,0.00000000
2447.00000000,DELIVERY18,DELIVERY19,0.00000000
2447.00000000,DELIVERY15,DELIVERY16,0.00000000
2448.00000000,DELIVERY18,DELIVERY19,0.00000000
2448.00000000,DELIVERY15,DELIVERY16,0.00000000
2449.00000000,DELIVERY18,DELIVERY19,0.00000000
2449.00000000,DELIVERY15,DELIVERY16,0.00000000
2450.00000000,DELIVERY18,DELIVERY19,0.00000000
2451.00000000,DELIVERY18,DELIVERY19,0.00000000
2452.00000000,DELIVERY18,DELIVERY19,0.00000000
2452.00000000,DELIVERY15,DELIVERY16,0.00000000
2453.00000000,DELIVERY18,DELIVERY19,0.00000000
2453.00000000,DELIVERY15,DELIVERY16,0.00000000
2454.00000000,DELIVERY18,DELIVERY19,0.00000000
2454.00000000,DELIVERY15,DELIVERY16,0.00000000
2455.00000000,DELIVERY18,DELIVERY19,0.00000000
2455.00000000,DELIVERY15,DELIVERY16,0.00000000
2456.00000000,DELIVERY18,DELIVERY19,0.00000000
2456.00000000,DELIVERY15,DELIVERY16,0.00000000
2457.00000000,DELIVERY18,DELIVERY19,0.00000000
2457.00000000,DELIVERY15,DELIVERY16,0.00000000
2458.00000000,DELIVERY18,DELIVERY19,0.00000000
2458.00000000,DELIVERY15,DELIVERY16,0.00000000
2459.00000000,DELIVERY18,DELIVERY19,0.00000000
2459.00000000,DELIVERY15,DELIVERY16,0.00000000
2460.00000000,DELIVERY18,DELIVERY19,0.00000000
2460.00000000,DELIVERY15,DELIVERY16,0.00000000
2461.00000000,DELIVERY18,DELIVERY19,0.00000000
2461.00000000,DELIVERY15,DELIVERY16,0.00000000
2462.00000000,DELIVERY18,DELIVERY19,0.00000000
2462.00000000,DELIVERY15,DELIVERY16,0.00000000
2463.00000000,DELIVERY18,DELIVERY19,0.00000000
2463.00000000,DELIVERY15,DELIVERY16,0.00000000
2464.00000000,DELIVERY18,DELIVERY19,0.00000000
2464.00000000,DELIVERY15,DELIVERY16,0.00000000
2465.00000000,DELIVERY18,DELIVERY19,0.00000000
2465.00000000,DELIVERY15,DELIVERY16,0.00000000
2466.00000000,DELIVERY18,DELIVERY19,0.00000000
2466.00000000,DELIVERY15,DELIVERY16,0.00000000
2467.00000000,DELIVERY18,DELIVERY19,0.00000000
2467.00000000,DELIVERY15,DELIVERY16,0.00000000
2468.00000000,DELIVERY18,DELIVERY19,0.00000000
2468.00000000,DELIVERY15,DELIVERY16,0.00000000
2469.00000000,DELIVERY18,DELIVERY19,0.00000000
2469.00000000,DELIVERY15,DELIVERY16,0.00000000
2470.00000000,DELIVERY18,DELIVERY19,0.00000000
2470.00000000,DELIVERY15,DELIVERY16,0.00000000
2471.00000000,DELIVERY18,DELIVERY19,0.00000000
2471.00000000,DELIVERY15,DELIVERY16,0.00000000
2472.00000000,DELIVERY18,DELIVERY19,0.00000000
2472.00000000,DELIVERY15,DELIVERY16,0.00000000
2473.00000000,DELIVERY18,DELIVERY19,0.00000000
2473.00000000,DELIVERY15,DELIVERY16,0.00000000
2474.00000000,DELIVERY18,DELIVERY19,0.00000000
2474.00000000,DELIVERY15,DELIVERY16,0.00000000
2475.00000000,DELIVERY18,DELIVERY19,0.00000000
2475.00000000,DELIVERY15,DELIVERY16,0.00000000
2476.00000000,DELIVERY18,DELIVERY19,0.00000000
2476.00000000,DELIVERY15,DELIVERY16,0.00000000
2477.00000000,DELIVERY18,DELIVERY19,0.00000000
2477.00000000,DELIVERY15,DELIVERY16,0.00000000
2478.00000000,DELIVERY18,DELIVERY19,0.00000000
2478.00000000,DELIVERY15,DELIVERY16,0.00000000
2479.00000000,DELIVERY18,DELIVERY19,0.00000000
2479.00000000,DELIVERY15,DELIVERY16,0.00000000
2480.00000000,DELIVERY18,DELIVERY19,0.00000000
2480.00000000,DELIVERY15,DELIVERY16,0.00000000
2481.00000000,DELIVERY18,DELIVERY19,0.00000000
2481.00000000,DELIVERY15,DELIVERY16,0.00000000
2482.00000000,DELIVERY18,DELIVERY19,0.00000000
2482.00000000,DELIVERY15,DELIVERY16,0.00000000
2483.00000000,DELIVERY18,DELIVERY19,0.00000000
2483.00000000,DELIVERY15,DELIVERY16,0.00000000
2484.00000000,DELIVERY18,DELIVERY19,0.00000000
2484.00000000,DELIVERY15,DELIVERY16,0.00000000
2485.00000000,DELIVERY18,DELIVERY19,0.00000000
2485.00000000,DELIVERY15,DELIVERY16,0.00000000
2486.00000000,DELIVERY18,DELIVERY19,0.00000000
2486.00000000,DELIVERY15,DELIVERY16,0.00000000
2487.00000000,DELIVERY18,DELIVERY19,0.00000000
2487.00000000,DELIVERY15,DELIVERY16,0.00000000
2488.00000000,DELIVERY18,DELIVERY19,0.00000000
2488.00000000,DELIVERY15,DELIVERY16,0.00000000
2489.00000000,DELIVERY18,DELIVERY19,0.00000000
2489.00000000,DELIVERY15,DELIVERY16,0.00000000
2490.00000000,DELIVERY18,DELIVERY19,0.00000000
2490.00000000,BACKGROUND12,DELIVERY18,0.17516273
2490.00000000,BACKGROUND12,DELIVERY19,0.17516273
2490.00000000,DELIVERY15,DELIVERY16,0.00000000
2491.00000000,DELIVERY18,DELIVERY19,0.00000000
2491.00000000,DELIVERY15,DELIVERY16,0.00000000
2492.00000000,DELIVERY18,DELIVERY19,0.00000000
2492.00000000,DELIVERY15,DELIVERY16,0.00000000
2493.00000000,DELIVERY18,DELIVERY19,0.00000000
2493.00000000,DELIVERY15,DELIVERY16,0.00000000
2494.00000000,DELIVERY18,DELIVERY19,0.00000000
2494.00000000,DELIVERY15,DELIVERY16,0.00000000
2495.00000000,DELIVERY18,DELIVERY19,0.00000000
2495.00000000,DELIVERY15,DELIVERY16,0.00000000
2496.00000000,DELIVERY18,DELIVERY19,0.00000000
2496.00000000,DELIVERY15,DELIVERY16,0.00000000
2497.00000000,DELIVERY18,DELIVERY19,0.00000000
2497.00000000,DELIVERY15,DELIVERY16,0.00000000
2498.00000000,DELIVERY18,DELIVERY19,0.00000000
2498.00000000,DELIVERY15,DELIVERY16,0.00000000
2499.00000000,DELIVERY18,DELIVERY19,0.00000000
2499.00000000,DELIVERY15,DELIVERY16,0.00000000
2500.00000000,DELIVERY18,DELIVERY19,0.00000000
2500.00000000,DELIVERY15,DELIVERY16,0.00000000
2501.00000000,DELIVERY18,DELIVERY19,0.00000000
2501.00000000,DELIVERY15,DELIVERY16,0.00000000
2502.00000000,DELIVERY18,DELIVERY19,0.00000000
2502.00000000,DELIVERY15,DELIVERY16,0.00000000
2503.00000000,DELIVERY18,DELIVERY19,0.00000000
2503.00000000,DELIVERY15,DELIVERY16,0.00000000
2504.00000000,DELIVERY18,DELIVERY19,0.00000000
2504.00000000,DELIVERY15,DELIVERY16,0.00000000
2505.00000000,DELIVERY18,DELIVERY19,0.00000000
2505.00000000,DELIVERY15,DELIVERY16,0.00000000
2506.00000000,DELIVERY18,DELIVERY19,0.00000000
2506.00000000,DELIVERY15,DELIVERY16,0.00000000
2507.00000000,DELIVERY18,DELIVERY19,0.00000000
2507.00000000,DELIVERY15,DELIVERY16,0.00000000
2508.00000000,DELIVERY18,DELIVERY19,0.00000000
2508.00000000,DELIVERY15,DELIVERY16,0.00000000
2509.00000000,DELIVERY18,DELIVERY19,0.00000000
2509.00000000,DELIVERY15,DELIVERY16,0.00000000
2510.00000000,DELIVERY18,DELIVERY19,0.00000000
2510.00000000,DELIVERY15,DELIVERY16,0.00000000
2511.00000000,DELIVERY18,DELIVERY19,0.00000000
2511.00000000,DELIVERY15,DELIVERY16,0.00000000
2512.00000000,DELIVERY18,DELIVERY19,0.00000000
2512.00000000,DELIVERY15,DELIVERY16,0.00000000
2513.00000000,DELIVERY18,DELIVERY19,0.00000000
2513.00000000,DELIVERY15,DELIVERY16,0.00000000
2514.00000000,DELIVERY18,DELIVERY19,0.00000000
2514.00000000,DELIVERY15,DELIVERY16,0.00000000
2515.00000000,DELIVERY18,DELIVERY19,0.00000000
2515.00000000,DELIVERY15,DELIVERY16,0.00000000
2516.00000000,DELIVERY18,DELIVERY19,0.00000000
2516.00000000,DELIVERY15,DELIVERY16,0.00000000
2517.00000000,DELIVERY18,DELIVERY19,0.00000000
2517.00000000,DELIVERY15,DELIVERY16,0.00000000
2518.00000000,DELIVERY18,DELIVERY19,0.00000000
2518.00000000,DELIVERY15,DELIVERY16,0.00000000
2519.00000000,DELIVERY18,DELIVERY19,0.00000000
2519.00000000,DELIVERY15,DELIVERY16,0.00000000
2520.00000000,DELIVERY18,DELIVERY19,0.00000000
2520.00000000,DELIVERY15,DELIVERY16,0.00000000
2521.00000000,DELIVERY18,DELIVERY19,0.00000000
2521.00000000,DELIVERY15,DELIVERY16,0.00000000
2522.00000000,DELIVERY18,DELIVERY19,0.00000000
2522.00000000,DELIVERY15,DELIVERY16,0.00000000
2523.00000000,DELIVERY18,DELIVERY19,0.00000000
2523.00000000,DELIVERY15,DELIVERY16,0.00000000
2524.00000000,DELIVERY18,DELIVERY19,0.00000000
2524.00000000,DELIVERY15,DELIVERY16,0.00000000
2525.00000000,DELIVERY18,DELIVERY19,0.00000000
2525.00000000,DELIVERY15,DELIVERY16,0.00000000
2526.00000000,DELIVERY18,DELIVERY19,0.00000000
2526.00000000,DELIVERY15,DELIVERY16,0.00000000
2527.00000000,DELIVERY18,DELIVERY19,0.00000000
2527.00000000,DELIVERY15,DELIVERY16,0.00000000
2528.00000000,DELIVERY18,DELIVERY19,0.00000000
2528.00000000,DELIVERY15,DELIVERY16,0.00000000
2529.00000000,DELIVERY18,DELIVERY19,0.00000000
2529.00000000,DELIVERY15,DELIVERY16,0.00000000
2530.00000000,DELIVERY18,DELIVERY19,0.00000000
2530.00000000,DELIVERY15,DELIVERY16,0.00000000
2531.00000000,DELIVERY18,DELIVERY19,0.00000000
2531.00000000,DELIVERY15,DELIVERY16,0.00000000
2532.00000000,DELIVERY18,DELIVERY19,0.00000000
2532.00000000,DELIVERY15,DELIVERY16,0.00000000
2533.00000000,DELIVERY18,DELIVERY19,0.00000000
2533.00000000,DELIVERY15,DELIVERY16,0.00000000
2534.00000000,DELIVERY18,DELIVERY19,0.00000000
2534.00000000,DELIVERY15,DELIVERY16,0.00000000
2535.00000000,DELIVERY18,DELIVERY19,0.00000000
2535.00000000,DELIVERY15,DELIVERY16,0.00000000
2536.00000000,DELIVERY18,DELIVERY19,0.00000000
2536.00000000,DELIVERY15,DELIVERY16,0.00000000
2537.00000000,DELIVERY18,DELIVERY19,0.00000000
2537.00000000,DELIVERY15,DELIVERY16,0.00000000
2538.00000000,DELIVERY18,DELIVERY19,0.00000000
2538.00000000,DELIVERY15,DELIVERY16,0.00000000
2539.00000000,DELIVERY18,DELIVERY19,0.00000000
2539.00000000,DELIVERY15,DELIVERY16,0.00000000
2540.00000000,DELIVERY18,DELIVERY19,0.00000000
2540.00000000,DELIVERY15,DELIVERY16,0.00000000
2541.00000000,DELIVERY18,DELIVERY19,0.00000000
2541.00000000,DELIVERY15,DELIVERY16,0.00000000
2542.00000000,DELIVERY18,DELIVERY19,0.00000000
2542.00000000,DELIVERY15,DELIVERY16,0.00000000
2543.00000000,DELIVERY18,DELIVERY19,0.00000000
2543.00000000,DELIVERY15,DELIVERY16,0.00000000
2544.00000000,DELIVERY18,DELIVERY19,0.00000000
2544.00000000,DELIVERY15,DELIVERY16,0.00000000
2545.00000000,DELIVERY18,DELIVERY19,0.00000000
2545.00000000,DELIVERY15,DELIVERY16,0.00000000
2546.00000000,DELIVERY18,DELIVERY19,0.00000000
2546.00000000,DELIVERY15,DELIVERY16,0.00000000
2547.00000000,DELIVERY18,DELIVERY19,0.00000000
2547.00000000,DELIVERY15,DELIVERY16,0.00000000
2548.00000000,DELIVERY18,DELIVERY19,0.00000000
2548.00000000,DELIVERY15,DELIVERY16,0.00000000
2549.00000000,DELIVERY18,DELIVERY19,0.00000000
2549.00000000,DELIVERY15,DELIVERY16,0.00000000
2550.00000000,DELIVERY18,DELIVERY19,0.00000000
2550.00000000,DELIVERY15,DELIVERY16,0.00000000
2551.00000000,DELIVERY18,DELIVERY19,0.00000000
2551.00000000,DELIVERY15,DELIVERY16,0.00000000
2552.00000000,DELIVERY18,DELIVERY19,0.00000000
2552.00000000,DELIVERY15,DELIVERY16,0.00000000
2553.00000000,DELIVERY18,DELIVERY19,0.00000000
2553.00000000,DELIVERY15,DELIVERY16,0.00000000
2554.00000000,DELIVERY18,DELIVERY19,0.00000000
2554.00000000,DELIVERY15,DELIVERY16,0.00000000
2555.00000000,DELIVERY18,DELIVERY19,0.00000000
2555.00000000,DELIVERY15,DELIVERY16,0.00000000
2556.00000000,DELIVERY18,DELIVERY19,0.00000000
2556.00000000,DELIVERY15,DELIVERY16,0.00000000
2557.00000000,DELIVERY18,DELIVERY19,0.00000000
2557.00000000,DELIVERY15,DELIVERY16,0.00000000
2558.00000000,DELIVERY18,DELIVERY19,0.00000000
2558.00000000,DELIVERY15,DELIVERY16,0.00000000
2559.00000000,DELIVERY18,DELIVERY19,0.00000000
2559.00000000,DELIVERY15,DELIVERY16,0.00000000
2560.00000000,DELIVERY18,DELIVERY19,0.00000000
2560.00000000,DELIVERY15,DELIVERY16,0.00000000
2561.00000000,DELIVERY18,DELIVERY19,0.00000000
2561.00000000,DELIVERY15,DELIVERY16,0.00000000
2562.00000000,DELIVERY18,DELIVERY19,0.00000000
2562.00000000,DELIVERY15,DELIVERY16,0.00000000
2563.00000000,DELIVERY18,DELIVERY19,0.00000000
2563.00000000,DELIVERY15,DELIVERY16,0.00000000
2564.00000000,DELIVERY18,DELIVERY19,0.00000000
2564.00000000,DELIVERY15,DELIVERY16,0.00000000
2565.00000000,DELIVERY18,DELIVERY19,0.00000000
2565.00000000,DELIVERY15,DELIVERY16,0.00000000
2566.00000000,DELIVERY18,DELIVERY19,0.00000000
2566.00000000,DELIVERY15,DELIVERY16,0.00000000
2567.00000000,DELIVERY18,DELIVERY19,0.00000000
2567.00000000,DELIVERY15,DELIVERY16,0.00000000
2568.00000000,DELIVERY18,DELIVERY19,0.00000000
2568.00000000,DELIVERY15,DELIVERY16,0.00000000
2569.00000000,DELIVERY18,DELIVERY19,0.00000000
2569.00000000,DELIVERY15,DELIVERY16,0.00000000
2570.00000000,DELIVERY18,DELIVERY19,0.00000000
2570.00000000,DELIVERY15,DELIVERY16,0.00000000
2571.00000000,DELIVERY18,DELIVERY19,0.00000000
2571.00000000,DELIVERY15,DELIVERY16,0.00000000
2572.00000000,DELIVERY18,DELIVERY19,0.00000000
2572.00000000,DELIVERY15,DELIVERY16,0.00000000
2573.00000000,DELIVERY18,DELIVERY19,0.00000000
2573.00000000,DELIVERY15,DELIVERY16,0.00000000
2574.00000000,DELIVERY18,DELIVERY19,0.00000000
2574.00000000,DELIVERY15,DELIVERY16,0.00000000
2575.00000000,DELIVERY18,DELIVERY19,0.00000000
2575.00000000,DELIVERY15,DELIVERY16,0.00000000
2576.00000000,DELIVERY18,DELIVERY19,0.00000000
2576.00000000,DELIVERY15,DELIVERY16,0.00000000
2577.00000000,DELIVERY18,DELIVERY19,0.00000000
2577.00000000,DELIVERY15,DELIVERY16,0.00000000
2578.00000000,DELIVERY18,DELIVERY19,0.00000000
2578.00000000,DELIVERY15,DELIVERY16,0.00000000
2579.00000000,DELIVERY18,DELIVERY19,0.00000000
2579.00000000,DELIVERY15,DELIVERY16,0.00000000
2580.00000000,DELIVERY18,DELIVERY19,0.00000000
2580.00000000,DELIVERY15,DELIVERY16,0.00000000
2581.00000000,DELIVERY18,DELIVERY19,0.00000000
2581.00000000,DELIVERY15,DELIVERY16,0.00000000
2582.00000000,DELIVERY18,DELIVERY19,0.00000000
2582.00000000,DELIVERY15,DELIVERY16,0.00000000
2583.00000000,DELIVERY18,DELIVERY19,0.00000000
2583.00000000,DELIVERY15,DELIVERY16,0.00000000
2584.00000000,DELIVERY18,DELIVERY19,0.00000000
2584.00000000,DELIVERY15,DELIVERY16,0.00000000
2585.00000000,DELIVERY18,DELIVERY19,0.00000000
2585.00000000,DELIVERY15,DELIVERY16,0.00000000
2586.00000000,DELIVERY18,DELIVERY19,0.00000000
2586.00000000,DELIVERY15,DELIVERY16,0.00000000
2587.00000000,DELIVERY18,DELIVERY19,0.00000000
2587.00000000,DELIVERY15,DELIVERY16,0.00000000
2588.00000000,DELIVERY18,DELIVERY19,0.00000000
2588.00000000,DELIVERY15,DELIVERY16,0.00000000
2589.00000000,DELIVERY18,DELIVERY19,0.00000000
2589.00000000,DELIVERY15,DELIVERY16,0.00000000
2590.00000000,DELIVERY18,DELIVERY19,0.00000000
2590.00000000,DELIVERY15,DELIVERY16,0.00000000
2591.00000000,DELIVERY18,DELIVERY19,0.00000000
2591.00000000,DELIVERY15,DELIVERY16,0.00000000
2592.00000000,DELIVERY18,DELIVERY19,0.00000000
2592.00000000,DELIVERY15,DELIVERY16,0.00000000
2593.00000000,DELIVERY18,DELIVERY19,0.00000000
2593.00000000,DELIVERY15,DELIVERY16,0.00000000
2594.00000000,DELIVERY18,DELIVERY19,0.00000000
2594.00000000,DELIVERY15,DELIVERY16,0.00000000
2595.00000000,DELIVERY18,DELIVERY19,0.00000000
2595.00000000,DELIVERY15,DELIVERY16,0.00000000
2596.00000000,DELIVERY18,DELIVERY19,0.00000000
2596.00000000,DELIVERY15,DELIVERY16,0.00000000
2597.00000000,DELIVERY18,DELIVERY19,0.00000000
2597.00000000,DELIVERY15,DELIVERY16,0.00000000
2598.00000000,DELIVERY18,DELIVERY19,0.00000000
2598.00000000,DELIVERY15,DELIVERY16,0.00000000
2599.00000000,DELIVERY18,DELIVERY19,0.00000000
2599.00000000,DELIVERY15,DELIVERY16,0.00000000
2600.00000000,DELIVERY18,DELIVERY19,0.00000000
2600.00000000,DELIVERY15,DELIVERY16,0.00000000
2601.00000000,DELIVERY18,DELIVERY19,0.00000000
2601.00000000,DELIVERY15,DELIVERY16,0.00000000
2602.00000000,DELIVERY18,DELIVERY19,0.00000000
2602.00000000,DELIVERY15,DELIVERY16,0.00000000
2603.00000000,DELIVERY18,DELIVERY19,0.00000000
2603.00000000,DELIVERY15,DELIVERY16,0.00000000
2604.00000000,DELIVERY18,DELIVERY19,0.00000000
2604.00000000,DELIVERY15,DELIVERY16,0.00000000
2605.00000000,DELIVERY18,DELIVERY19,0.00000000
2605.00000000,DELIVERY15,DELIVERY16,0.00000000
2606.00000000,DELIVERY18,DELIVERY19,0.00000000
2606.00000000,DELIVERY15,DELIVERY16,0.00000000
2607.00000000,DELIVERY18,DELIVERY19,0.00000000
2607.00000000,DELIVERY15,DELIVERY16,0.00000000
2608.00000000,DELIVERY18,DELIVERY19,0.00000000
2608.00000000,DELIVERY15,DELIVERY16,0.00000000
2609.00000000,DELIVERY18,DELIVERY19,0.00000000
2609.00000000,DELIVERY14,DELIVERY18,0.41157949
2609.00000000,DELIVERY14,DELIVERY19,0.41157949
2609.00000000,DELIVERY15,DELIVERY16,0.00000000
2610.00000000,DELIVERY18,DELIVERY19,0.00000000
2610.00000000,DELIVERY15,DELIVERY16,0.00000000
2611.00000000,DELIVERY18,DELIVERY19,0.00000000
2611.00000000,DELIVERY15,DELIVERY16,0.00000000
2612.00000000,DELIVERY18,DELIVERY19,0.00000000
2612.00000000,DELIVERY15,DELIVERY16,0.00000000
2613.00000000,DELIVERY18,DELIVERY19,0.00000000
2613.00000000,DELIVERY15,DELIVERY16,0.00000000
2614.00000000,DELIVERY18,DELIVERY19,0.00000000
2614.00000000,DELIVERY15,DELIVERY16,0.00000000
2615.00000000,DELIVERY18,DELIVERY19,0.00000000
2615.00000000,DELIVERY15,DELIVERY16,0.00000000
2616.00000000,DELIVERY18,DELIVERY19,0.00000000
2616.00000000,DELIVERY15,DELIVERY16,0.00000000
2617.00000000,DELIVERY18,DELIVERY19,0.00000000
2617.00000000,DELIVERY15,DELIVERY16,0.00000000
2618.00000000,DELIVERY18,DELIVERY19,0.00000000
2618.00000000,DELIVERY15,DELIVERY16,0.00000000
2619.00000000,DELIVERY15,DELIVERY16,0.00000000
2620.00000000,DELIVERY15,DELIVERY16,0.00000000
2621.00000000,DELIVERY15,DELIVERY16,0.00000000
2622.00000000,DELIVERY15,DELIVERY16,0.00000000
2622.00000000,DELIVERY18,DELIVERY19,0.00000000
2623.00000000,DELIVERY15,DELIVERY16,0.00000000
2623.00000000,DELIVERY18,DELIVERY19,0.00000000
2624.00000000,DELIVERY15,DELIVERY16,0.00000000
2624.00000000,DELIVERY18,DELIVERY19,0.00000000
2625.00000000,DELIVERY15,DELIVERY16,0.00000000
2625.00000000,DELIVERY18,DELIVERY19,0.00000000
2626.00000000,DELIVERY15,DELIVERY16,0.00000000
2626.00000000,DELIVERY18,DELIVERY19,0.00000000
2627.00000000,DELIVERY15,DELIVERY16,0.00000000
2627.00000000,DELIVERY18,DELIVERY19,0.00000000
2628.00000000,DELIVERY15,DELIVERY16,0.00000000
2628.00000000,DELIVERY18,DELIVERY19,0.00000000
2629.00000000,DELIVERY15,DELIVERY16,0.00000000
2629.00000000,DELIVERY18,DELIVERY19,0.00000000
2630.00000000,DELIVERY15,DELIVERY16,0.00000000
2630.00000000,DELIVERY18,DELIVERY19,0.00000000
2631.00000000,DELIVERY15,DELIVERY16,0.00000000
2631.00000000,DELIVERY18,DELIVERY19,0.00000000
2632.00000000,DELIVERY15,DELIVERY16,0.00000000
2632.00000000,DELIVERY18,DELIVERY19,0.00000000
2633.00000000,DELIVERY15,DELIVERY16,0.00000000
2633.00000000,DELIVERY18,DELIVERY19,0.00000000
2634.00000000,DELIVERY15,DELIVERY16,0.00000000
2634.00000000,DELIVERY18,DELIVERY19,0.00000000
2635.00000000,DELIVERY15,DELIVERY16,0.00000000
2635.00000000,DELIVERY18,DELIVERY19,0.00000000
2636.00000000,DELIVERY15,DELIVERY16,0.00000000
2636.00000000,DELIVERY18,DELIVERY19,0.00000000
2637.00000000,DELIVERY15,DELIVERY16,0.00000000
2637.00000000,DELIVERY18,DELIVERY19,0.00000000
2638.00000000,DELIVERY15,DELIVERY16,0.00000000
2638.00000000,DELIVERY18,DELIVERY19,0.00000000
2639.00000000,DELIVERY15,DELIVERY16,0.00000000
2639.00000000,DELIVERY18,DELIVERY19,0.00000000
2640.00000000,DELIVERY15,DELIVERY16,0.00000000
2640.00000000,DELIVERY18,DELIVERY19,0.00000000
2641.00000000,DELIVERY15,DELIVERY16,0.00000000
2641.00000000,DELIVERY18,DELIVERY19,0.00000000
2642.00000000,DELIVERY15,DELIVERY16,0.00000000
2642.00000000,DELIVERY18,DELIVERY19,0.00000000
2643.00000000,DELIVERY15,DELIVERY16,0.00000000
2643.00000000,DELIVERY18,DELIVERY19,0.00000000
2644.00000000,DELIVERY15,DELIVERY16,0.00000000
2644.00000000,DELIVERY18,DELIVERY19,0.00000000
2645.00000000,DELIVERY15,DELIVERY16,0.00000000
2645.00000000,DELIVERY18,DELIVERY19,0.00000000
2646.00000000,DELIVERY15,DELIVERY16,0.00000000
2646.00000000,DELIVERY18,DELIVERY19,0.00000000
2647.00000000,DELIVERY15,DELIVERY16,0.00000000
2647.00000000,DELIVERY18,DELIVERY19,0.00000000
2648.00000000,DELIVERY15,DELIVERY16,0.00000000
2648.00000000,DELIVERY18,DELIVERY19,0.00000000
2649.00000000,DELIVERY15,DELIVERY16,0.00000000
2649.00000000,DELIVERY18,DELIVERY19,0.00000000
2650.00000000,DELIVERY15,DELIVERY16,0.00000000
2650.00000000,DELIVERY18,DELIVERY19,0.00000000
2651.00000000,DELIVERY15,DELIVERY16,0.00000000
2651.00000000,DELIVERY18,DELIVERY19,0.00000000
2652.00000000,DELIVERY15,DELIVERY16,0.00000000
2652.00000000,DELIVERY18,DELIVERY19,0.00000000
2653.00000000,DELIVERY15,DELIVERY16,0.00000000
2653.00000000,DELIVERY18,DELIVERY19,0.00000000
2654.00000000,DELIVERY15,DELIVERY16,0.00000000
2654.00000000,DELIVERY18,DELIVERY19,0.00000000
2655.00000000,DELIVERY15,DELIVERY16,0.00000000
2655.00000000,DELIVERY18,DELIVERY19,0.00000000
2656.00000000,DELIVERY15,DELIVERY16,0.00000000
2656.00000000,DELIVERY18,DELIVERY19,0.00000000
2657.00000000,DELIVERY18,DELIVERY19,0.00000000
2658.00000000,DELIVERY18,DELIVERY19,0.00000000
2659.00000000,DELIVERY18,DELIVERY19,0.00000000
2660.00000000,DELIVERY18,DELIVERY19,0.00000000
2660.00000000,DELIVERY15,DELIVERY16,0.00000000
2661.00000000,DELIVERY18,DELIVERY19,0.00000000
2661.00000000,DELIVERY15,DELIVERY16,0.00000000
2662.00000000,DELIVERY18,DELIVERY19,0.00000000
2662.00000000,DELIVERY15,DELIVERY16,0.00000000
2663.00000000,DELIVERY18,DELIVERY19,0.00000000
2663.00000000,DELIVERY15,DELIVERY16,0.00000000
2664.00000000,DELIVERY18,DELIVERY19,0.00000000
2664.00000000,DELIVERY15,DELIVERY16,0.00000000
2665.00000000,DELIVERY18,DELIVERY19,0.00000000
2665.00000000,DELIVERY15,DELIVERY16,0.00000000
2666.00000000,DELIVERY18,DELIVERY19,0.00000000
2666.00000000,DELIVERY15,DELIVERY16,0.00000000
2667.00000000,DELIVERY18,DELIVERY19,0.00000000
2668.00000000,DELIVERY18,DELIVERY19,0.00000000
2669.00000000,DELIVERY18,DELIVERY19,0.00000000
2670.00000000,DELIVERY18,DELIVERY19,0.00000000
2671.00000000,DELIVERY18,DELIVERY19,0.00000000
2672.00000000,DELIVERY18,DELIVERY19,0.00000000
2673.00000000,DELIVERY18,DELIVERY19,0.00000000
2674.00000000,DELIVERY18,DELIVERY19,0.00000000
2675.00000000,DELIVERY18,DELIVERY19,0.00000000
2676.00000000,DELIVERY18,DELIVERY19,0.00000000
2677.00000000,DELIVERY18,DELIVERY19,0.00000000
2678.00000000,DELIVERY18,DELIVERY19,0.00000000
2679.00000000,DELIVERY18,DELIVERY19,0.00000000
2680.00000000,DELIVERY18,DELIVERY19,0.00000000
2681.00000000,DELIVERY18,DELIVERY19,0.00000000
2682.00000000,DELIVERY18,DELIVERY19,0.00000000
2683.00000000,DELIVERY18,DELIVERY19,0.00000000
2684.00000000,DELIVERY18,DELIVERY19,0.00000000
2685.00000000,DELIVERY18,DELIVERY19,0.00000000
2686.00000000,DELIVERY18,DELIVERY19,0.00000000
2687.00000000,DELIVERY18,DELIVERY19,0.00000000
2688.00000000,DELIVERY18,DELIVERY19,0.00000000
2689.00000000,DELIVERY18,DELIVERY19,0.00000000
2690.00000000,DELIVERY18,DELIVERY19,0.00000000
2691.00000000,DELIVERY18,DELIVERY19,0.00000000
2692.00000000,DELIVERY18,DELIVERY19,0.00000000
2693.00000000,DELIVERY18,DELIVERY19,0.00000000
2694.00000000,DELIVERY18,DELIVERY19,0.00000000
2695.00000000,DELIVERY18,DELIVERY19,0.00000000
2696.00000000,DELIVERY18,DELIVERY19,0.00000000
2697.00000000,DELIVERY18,DELIVERY19,0.00000000
2698.00000000,DELIVERY18,DELIVERY19,0.00000000
2699.00000000,DELIVERY18,DELIVERY19,0.00000000
2700.00000000,DELIVERY18,DELIVERY19,0.00000000
2701.00000000,DELIVERY18,DELIVERY19,0.00000000
2701.00000000,DELIVERY21,DELIVERY22,0.01165658
2702.00000000,DELIVERY18,DELIVERY19,0.00000000
2702.00000000,DELIVERY21,DELIVERY22,0.39866822
2703.00000000,DELIVERY18,DELIVERY19,0.00000000
2704.00000000,DELIVERY18,DELIVERY19,0.00000000
2705.00000000,DELIVERY18,DELIVERY19,0.00000000
2706.00000000,DELIVERY18,DELIVERY19,0.00000000
2899.00000000,DELIVERY17,DELIVERY21,0.00907105
2900.00000000,DELIVERY17,DELIVERY21,0.00907105
2901.00000000,DELIVERY17,DELIVERY21,0.00907105
2902.00000000,DELIVERY17,DELIVERY21,0.00907105
2903.00000000,DELIVERY17,DELIVERY21,0.00907105
2904.00000000,DELIVERY17,DELIVERY21,0.00907105
2905.00000000,DELIVERY17,DELIVERY21,0.00907105
2906.00000000,DELIVERY17,DELIVERY21,0.00907105
2907.00000000,DELIVERY17,DELIVERY21,0.00907105
2908.00000000,DELIVERY17,DELIVERY21,0.00907105
2909.00000000,DELIVERY17,DELIVERY21,0.00907105
2910.00000000,DELIVERY17,DELIVERY21,0.00907105
2911.00000000,DELIVERY17,DELIVERY21,0.00907105
2912.00000000,DELIVERY17,DELIVERY21,0.00907105
2913.00000000,DELIVERY17,DELIVERY21,0.00907105
2914.00000000,DELIVERY17,DELIVERY21,0.00907105
2915.00000000,DELIVERY17,DELIVERY21,0.00907105
2916.00000000,DELIVERY17,DELIVERY21,0.00907105
2995.00000000,DELIVERY17,DELIVERY24,1.77162646
2996.00000000,DELIVERY21,DELIVERY24,1.23751501
3001.00000000,DELIVERY20,DELIVERY23,0.00000000
3002.00000000,DELIVERY20,DELIVERY23,0.00000000
3003.00000000,DELIVERY20,DELIVERY23,0.00000000
3004.00000000,DELIVERY20,DELIVERY23,0.00000000
3005.00000000,DELIVERY20,DELIVERY23,0.00000000
3006.00000000,DELIVERY20,DELIVERY23,0.00000000
3007.00000000,DELIVERY20,DELIVERY23,0.00000000
3008.00000000,DELIVERY20,DELIVERY23,0.00000000
3009.00000000,DELIVERY20,DELIVERY23,0.00000000
3010.00000000,DELIVERY20,DELIVERY23,0.00000000
3011.00000000,DELIVERY20,DELIVERY23,0.00000000
3012.00000000,DELIVERY20,DELIVERY23,0.00000000
3013.00000000,DELIVERY20,DELIVERY23,0.00000000
3014.00000000,DELIVERY20,DELIVERY23,0.00000000
3015.00000000,DELIVERY20,DELIVERY23,0.00000000
3016.00000000,DELIVERY20,DELIVERY23,0.00000000
3017.00000000,DELIVERY20,DELIVERY23,0.00000000
3018.00000000,DELIVERY20,DELIVERY23,0.00000000
3019.00000000,DELIVERY20,DELIVERY23,0.00000000
3020.00000000,DELIVERY20,DELIVERY23,0.00000000
3021.00000000,DELIVERY20,DELIVERY23,0.00000000
3022.00000000,DELIVERY20,DELIVERY23,0.00000000
3023.00000000,DELIVERY20,DELIVERY23,0.00000000
3024.00000000,DELIVERY20,DELIVERY23,0.00000000
3025.00000000,DELIVERY20,DELIVERY23,0.00000000
3026.00000000,DELIVERY20,DELIVERY23,0.00000000
3027.00000000,DELIVERY20,DELIVERY23,0.00000000
3028.00000000,DELIVERY20,DELIVERY23,0.00000000
3029.00000000,DELIVERY20,DELIVERY23,0.00000000
3030.00000000,DELIVERY20,DELIVERY23,0.00000000
3031.00000000,DELIVERY20,DELIVERY23,0.00000000
3032.00000000,DELIVERY20,DELIVERY23,0.00000000
3033.00000000,DELIVERY20,DELIVERY23,0.00000000
3034.00000000,DELIVERY20,DELIVERY23,0.00000000
3035.00000000,DELIVERY20,DELIVERY23,0.00000000
3036.00000000,DELIVERY20,DELIVERY23,0.00000000
3037.00000000,DELIVERY20,DELIVERY23,0.00000000
3038.00000000,DELIVERY20,DELIVERY23,0.00000000
3039.00000000,DELIVERY17,DELIVERY22,2.45729608
3039.00000000,DELIVERY20,DELIVERY23,0.00000000
3040.00000000,DELIVERY20,DELIVERY23,0.00000000
3041.00000000,DELIVERY20,DELIVERY23,0.00000000
3042.00000000,DELIVERY20,DELIVERY23,0.00000000
3043.00000000,DELIVERY20,DELIVERY23,0.00000000
3044.00000000,DELIVERY20,DELIVERY23,0.00000000
3045.00000000,DELIVERY20,DELIVERY23,0.00000000
3046.00000000,DELIVERY20,DELIVERY23,0.00000000
3047.00000000,DELIVERY20,DELIVERY23,0.00000000
3048.00000000,DELIVERY20,DELIVERY23,0.00000000
3049.00000000,DELIVERY20,DELIVERY23,0.00000000
3050.00000000,DELIVERY20,DELIVERY23,0.00000000
3051.00000000,DELIVERY20,DELIVERY23,0.00000000
3052.00000000,DELIVERY20,DELIVERY23,0.00000000
3053.00000000,DELIVERY20,DELIVERY23,0.00000000
3054.00000000,DELIVERY20,DELIVERY23,0.00000000
3055.00000000,DELIVERY20,DELIVERY23,0.00000000
3056.00000000,DELIVERY20,DELIVERY23,0.00000000
3057.00000000,DELIVERY20,DELIVERY23,0.00000000
3058.00000000,DELIVERY20,DELIVERY23,0.00000000
3059.00000000,DELIVERY20,DELIVERY23,0.00000000
3060.00000000,DELIVERY20,DELIVERY23,0.00000000
3061.00000000,DELIVERY20,DELIVERY23,0.00000000
3062.00000000,DELIVERY20,DELIVERY23,0.00000000
3063.00000000,DELIVERY20,DELIVERY23,0.00000000
3064.00000000,DELIVERY20,DELIVERY23,0.00000000
3065.00000000,DELIVERY20,DELIVERY23,0.00000000
3066.00000000,DELIVERY20,DELIVERY23,0.00000000
3067.00000000,DELIVERY20,DELIVERY23,0.00000000
3068.00000000,DELIVERY20,DELIVERY23,0.00000000
3069.00000000,DELIVERY20,DELIVERY23,0.00000000
3070.00000000,DELIVERY20,DELIVERY23,0.00000000
3071.00000000,DELIVERY20,DELIVERY23,0.00000000
3072.00000000,DELIVERY20,DELIVERY23,0.00000000
3073.00000000,DELIVERY20,DELIVERY23,0.00000000
3074.00000000,DELIVERY20,DELIVERY23,0.00000000
3075.00000000,DELIVERY20,DELIVERY23,0.00000000
3076.00000000,DELIVERY20,DELIVERY23,0.00000000
3077.00000000,DELIVERY20,DELIVERY23,0.00000000
3078.00000000,DELIVERY20,DELIVERY23,0.00000000
3079.00000000,DELIVERY20,DELIVERY23,0.00000000
3080.00000000,DELIVERY20,DELIVERY23,0.00000000
3081.00000000,DELIVERY20,DELIVERY23,0.00000000
3082.00000000,DELIVERY20,DELIVERY23,0.00000000
3083.00000000,DELIVERY20,DELIVERY23,0.00000000
3084.00000000,DELIVERY20,DELIVERY23,0.00000000
3085.00000000,DELIVERY20,DELIVERY23,0.00000000
3093.00000000,DELIVERY22,DELIVERY24,1.30056352
3094.00000000,DELIVERY20,DELIVERY23,0.00000000
3095.00000000,DELIVERY20,DELIVERY23,0.00000000
3096.00000000,DELIVERY20,DELIVERY23,0.00000000
3097.00000000,DELIVERY20,DELIVERY23,0.00000000
3098.00000000,DELIVERY20,DELIVERY23,0.00000000
3099.00000000,DELIVERY20,DELIVERY23,0.00000000
3100.00000000,DELIVERY20,DELIVERY23,0.00000000
3101.00000000,DELIVERY20,DELIVERY23,0.00000000
3102.00000000,DELIVERY20,DELIVERY23,0.00000000
3103.00000000,DELIVERY20,DELIVERY23,0.00000000
3104.00000000,DELIVERY20,DELIVERY23,0.00000000
3105.00000000,DELIVERY20,DELIVERY23,0.00000000
3106.00000000,DELIVERY20,DELIVERY23,0.00000000
3107.00000000,DELIVERY20,DELIVERY23,0.00000000
3108.00000000,DELIVERY20,DELIVERY23,0.00000000
3109.00000000,DELIVERY20,DELIVERY23,0.00000000
3110.00000000,DELIVERY20,DELIVERY23,0.00000000
3111.00000000,DELIVERY20,DELIVERY23,0.00000000
3112.00000000,DELIVERY20,DELIVERY23,0.00000000
3113.00000000,DELIVERY20,DELIVERY23,0.00000000
3114.00000000,DELIVERY20,DELIVERY23,0.00000000
3115.00000000,DELIVERY20,DELIVERY23,0.00000000
3116.00000000,DELIVERY20,DELIVERY23,0.00000000
3117.00000000,DELIVERY20,DELIVERY23,0.00000000
3118.00000000,DELIVERY20,DELIVERY23,0.00000000
3119.00000000,DELIVERY20,DELIVERY23,0.00000000
3120.00000000,DELIVERY20,DELIVERY23,0.00000000
3121.00000000,DELIVERY20,DELIVERY23,0.00000000
3122.00000000,DELIVERY20,DELIVERY23,0.00000000
3123.00000000,DELIVERY20,DELIVERY23,0.00000000
3124.00000000,DELIVERY20,DELIVERY23,0.00000000
3125.00000000,DELIVERY20,DELIVERY23,0.00000000
3126.00000000,DELIVERY20,DELIVERY23,0.00000000
3127.00000000,DELIVERY20,DELIVERY23,0.00000000
3128.00000000,DELIVERY20,DELIVERY23,0.00000000
3129.00000000,DELIVERY20,DELIVERY23,0.00000000
3130.00000000,DELIVERY20,DELIVERY23,0.00000000
3131.00000000,DELIVERY20,DELIVERY23,0.00000000
3132.00000000,DELIVERY20,DELIVERY23,0.00000000
3133.00000000,DELIVERY20,DELIVERY23,0.00000000
3134.00000000,DELIVERY20,DELIVERY23,0.00000000
3135.00000000,DELIVERY20,DELIVERY23,0.00000000
3136.00000000,DELIVERY20,DELIVERY23,0.00000000
3137.00000000,DELIVERY20,DELIVERY23,0.00000000
3138.00000000,DELIVERY20,DELIVERY23,0.00000000
3139.00000000,DELIVERY20,DELIVERY23,0.00000000
3140.00000000,DELIVERY20,DELIVERY23,0.00000000
3141.00000000,DELIVERY20,DELIVERY23,0.00000000
3142.00000000,DELIVERY20,DELIVERY23,0.00000000
3143.00000000,DELIVERY20,DELIVERY23,0.00000000
3144.00000000,DELIVERY20,DELIVERY23,0.00000000
3145.00000000,DELIVERY20,DELIVERY23,0.00000000
3146.00000000,DELIVERY20,DELIVERY23,0.00000000
3147.00000000,DELIVERY20,DELIVERY23,0.00000000
3148.00000000,DELIVERY20,DELIVERY23,0.00000000
3149.00000000,DELIVERY20,DELIVERY23,0.00000000
3150.00000000,DELIVERY20,DELIVERY23,0.00000000
3151.00000000,DELIVERY20,DELIVERY23,0.00000000
3152.00000000,DELIVERY20,DELIVERY23,0.00000000
3153.00000000,DELIVERY20,DELIVERY23,0.00000000
3154.00000000,DELIVERY20,DELIVERY23,0.00000000
3155.00000000,DELIVERY20,DELIVERY23,0.00000000
3156.00000000,DELIVERY20,DELIVERY23,0.00000000
3157.00000000,DELIVERY20,DELIVERY23,0.00000000
3158.00000000,DELIVERY20,DELIVERY23,0.00000000
3159.00000000,DELIVERY20,DELIVERY23,0.00000000
3160.00000000,DELIVERY20,DELIVERY23,0.00000000
3161.00000000,DELIVERY20,DELIVERY23,0.00000000
3162.00000000,DELIVERY20,DELIVERY23,0.00000000
3163.00000000,DELIVERY20,DELIVERY23,0.00000000
3164.00000000,DELIVERY20,DELIVERY23,0.00000000
3165.00000000,DELIVERY20,DELIVERY23,0.00000000
3166.00000000,DELIVERY20,DELIVERY23,0.00000000
3167.00000000,DELIVERY20,DELIVERY23,0.00000000
3168.00000000,DELIVERY20,DELIVERY23,0.00000000
3169.00000000,DELIVERY20,DELIVERY23,0.00000000
3170.00000000,DELIVERY20,DELIVERY23,0.00000000
3171.00000000,DELIVERY20,DELIVERY23,0.00000000
3172.00000000,DELIVERY20,DELIVERY23,0.00000000
3173.00000000,DELIVERY20,DELIVERY23,0.00000000
3174.00000000,DELIVERY20,DELIVERY23,0.00000000
3175.00000000,DELIVERY20,DELIVERY23,0.00000000
3176.00000000,DELIVERY20,DELIVERY23,0.00000000
3177.00000000,DELIVERY20,DELIVERY23,0.00000000
3178.00000000,DELIVERY20,DELIVERY23,0.00000000
3179.00000000,DELIVERY20,DELIVERY23,0.00000000
3180.00000000,DELIVERY20,DELIVERY23,0.00000000
3181.00000000,DELIVERY20,DELIVERY23,0.00000000
3182.00000000,DELIVERY20,DELIVERY23,0.00000000
3183.00000000,DELIVERY20,DELIVERY23,0.00000000
3184.00000000,DELIVERY20,DELIVERY23,0.00000000
3185.00000000,DELIVERY20,DELIVERY23,0.00000000
3186.00000000,DELIVERY20,DELIVERY23,0.00000000
3187.00000000,DELIVERY22,DELIVERY25,0.01351486
3187.00000000,DELIVERY20,DELIVERY23,0.00000000
3188.00000000,DELIVERY22,DELIVERY25,0.01351486
3188.00000000,DELIVERY20,DELIVERY23,0.00000000
3189.00000000,DELIVERY22,DELIVERY25,0.01351486
3189.00000000,DELIVERY20,DELIVERY23,0.00000000
3190.00000000,DELIVERY22,DELIVERY25,0.01351486
3190.00000000,DELIVERY20,DELIVERY23,0.00000000
3191.00000000,DELIVERY20,DELIVERY23,0.00000000
3192.00000000,DELIVERY20,DELIVERY23,0.00000000
3193.00000000,DELIVERY20,DELIVERY23,0.00000000
3194.00000000,DELIVERY20,DELIVERY23,0.00000000
3195.00000000,DELIVERY20,DELIVERY23,0.00000000
3196.00000000,DELIVERY20,DELIVERY23,0.00000000
3197.00000000,DELIVERY20,DELIVERY23,0.00000000
3198.00000000,DELIVERY20,DELIVERY23,0.00000000
3199.00000000,DELIVERY20,DELIVERY23,0.00000000
3200.00000000,DELIVERY20,DELIVERY23,0.00000000
3201.00000000,DELIVERY20,DELIVERY23,0.00000000
3202.00000000,DELIVERY20,DELIVERY23,0.00000000
3203.00000000,DELIVERY20,DELIVERY23,0.00000000
3204.00000000,DELIVERY20,DELIVERY23,0.00000000
3205.00000000,DELIVERY20,DELIVERY23,0.00000000
3206.00000000,DELIVERY20,DELIVERY23,0.00000000
3207.00000000,DELIVERY20,DELIVERY23,0.00000000
3208.00000000,DELIVERY20,DELIVERY23,0.00000000
3209.00000000,DELIVERY20,DELIVERY23,0.00000000
3210.00000000,DELIVERY20,DELIVERY23,0.00000000
3211.00000000,DELIVERY20,DELIVERY23,0.00000000
3212.00000000,DELIVERY20,DELIVERY23,0.00000000
3213.00000000,DELIVERY20,DELIVERY23,0.00000000
3214.00000000,DELIVERY20,DELIVERY23,0.00000000
3215.00000000,DELIVERY20,DELIVERY23,0.00000000
3216.00000000,DELIVERY20,DELIVERY23,0.00000000
3217.00000000,DELIVERY20,DELIVERY23,0.00000000
3218.00000000,DELIVERY20,DELIVERY23,0.00000000
3219.00000000,DELIVERY20,DELIVERY23,0.00000000
3220.00000000,DELIVERY20,DELIVERY23,0.00000000
3221.00000000,DELIVERY20,DELIVERY23,0.00000000
3222.00000000,DELIVERY20,DELIVERY23,0.00000000
3223.00000000,DELIVERY20,DELIVERY23,0.00000000
3224.00000000,DELIVERY20,DELIVERY23,0.00000000
3225.00000000,DELIVERY20,DELIVERY23,0.00000000
3226.00000000,DELIVERY20,DELIVERY23,0.00000000
3227.00000000,DELIVERY20,DELIVERY23,0.00000000
3228.00000000,DELIVERY20,DELIVERY23,0.00000000
3229.00000000,DELIVERY20,DELIVERY23,0.00000000
3230.00000000,DELIVERY20,DELIVERY23,0.00000000
3231.00000000,DELIVERY20,DELIVERY23,0.00000000
3232.00000000,DELIVERY20,DELIVERY23,0.00000000
3233.00000000,DELIVERY20,DELIVERY23,0.00000000
3234.00000000,DELIVERY20,DELIVERY23,0.00000000
3235.00000000,DELIVERY20,DELIVERY23,0.00000000
3236.00000000,DELIVERY20,DELIVERY23,0.00000000
3237.00000000,DELIVERY20,DELIVERY23,0.00000000
3238.00000000,DELIVERY20,DELIVERY23,0.00000000
3239.00000000,DELIVERY20,DELIVERY23,0.00000000
3240.00000000,DELIVERY20,DELIVERY23,0.00000000
3241.00000000,DELIVERY20,DELIVERY23,0.00000000
3242.00000000,DELIVERY20,DELIVERY23,0.00000000
3243.00000000,DELIVERY20,DELIVERY23,0.00000000
3244.00000000,DELIVERY20,DELIVERY23,0.00000000
3245.00000000,DELIVERY20,DELIVERY23,0.00000000
3246.00000000,DELIVERY20,DELIVERY23,0.00000000
3253.00000000,DELIVERY20,DELIVERY23,0.00000000
3254.00000000,DELIVERY20,DELIVERY23,0.00000000
3255.00000000,DELIVERY20,DELIVERY23,0.00000000
3256.00000000,DELIVERY20,DELIVERY23,0.00000000
3257.00000000,DELIVERY20,DELIVERY23,0.00000000
3258.00000000,DELIVERY20,DELIVERY23,0.00000000
3259.00000000,DELIVERY20,DELIVERY23,0.00000000
3259.00000000,DELIVERY17,DELIVERY20,5.06225670
3259.00000000,DELIVERY17,DELIVERY23,5.06225670
3260.00000000,DELIVERY20,DELIVERY23,0.00000000
3261.00000000,DELIVERY20,DELIVERY23,0.00000000
3262.00000000,DELIVERY20,DELIVERY23,0.00000000
3263.00000000,DELIVERY20,DELIVERY23,0.00000000
3264.00000000,DELIVERY20,DELIVERY23,0.00000000
3265.00000000,DELIVERY20,DELIVERY23,0.00000000
3266.00000000,DELIVERY20,DELIVERY23,0.00000000
3267.00000000,DELIVERY20,DELIVERY23,0.00000000
3268.00000000,DELIVERY20,DELIVERY23,0.00000000
3269.00000000,DELIVERY20,DELIVERY23,0.00000000
3270.00000000,DELIVERY20,DELIVERY23,0.00000000
3271.00000000,DELIVERY20,DELIVERY23,0.00000000
3272.00000000,DELIVERY20,DELIVERY23,0.00000000
3273.00000000,DELIVERY20,DELIVERY23,0.00000000
3274.00000000,DELIVERY20,DELIVERY23,0.00000000
3275.00000000,DELIVERY20,DELIVERY23,0.00000000
3276.00000000,DELIVERY20,DELIVERY23,0.00000000
3277.00000000,DELIVERY20,DELIVERY23,0.00000000
3278.00000000,DELIVERY20,DELIVERY23,0.00000000
3279.00000000,DELIVERY20,DELIVERY23,0.00000000
3280.00000000,DELIVERY20,DELIVERY23,0.00000000
3281.00000000,DELIVERY20,DELIVERY23,0.00000000
3282.00000000,DELIVERY20,DELIVERY23,0.00000000
3283.00000000,DELIVERY20,DELIVERY23,0.00000000
3284.00000000,DELIVERY20,DELIVERY23,0.00000000
3285.00000000,DELIVERY20,DELIVERY23,0.00000000
3286.00000000,DELIVERY20,DELIVERY23,0.00000000
3287.00000000,DELIVERY20,DELIVERY23,0.00000000
3288.00000000,DELIVERY20,DELIVERY23,0.00000000
3289.00000000,DELIVERY20,DELIVERY23,0.00000000
3290.00000000,DELIVERY20,DELIVERY23,0.00000000
3291.00000000,DELIVERY20,DELIVERY23,0.00000000
3292.00000000,DELIVERY20,DELIVERY23,0.00000000
3293.00000000,DELIVERY20,DELIVERY23,0.00000000
3294.00000000,DELIVERY20,DELIVERY23,0.00000000
3295.00000000,DELIVERY20,DELIVERY23,0.00000000
3296.00000000,DELIVERY20,DELIVERY23,0.00000000
3297.00000000,DELIVERY20,DELIVERY23,0.00000000
3298.00000000,DELIVERY20,DELIVERY23,0.00000000
3299.00000000,DELIVERY20,DELIVERY23,0.00000000
3299.00000000,DELIVERY22,DELIVERY26,1.14663639
3300.00000000,DELIVERY20,DELIVERY23,0.00000000
3301.00000000,DELIVERY20,DELIVERY23,0.00000000
3301.00000000,DELIVERY27,DELIVERY28,0.00000000
3302.00000000,DELIVERY20,DELIVERY23,0.00000000
3302.00000000,DELIVERY27,DELIVERY28,0.00000000
3303.00000000,DELIVERY27,DELIVERY28,0.00000000
3303.00000000,DELIVERY20,DELIVERY23,0.00295779
3304.00000000,DELIVERY27,DELIVERY28,0.00000000
3304.00000000,DELIVERY20,DELIVERY23,0.01091552
3305.00000000,DELIVERY27,DELIVERY28,0.00000000
3306.00000000,DELIVERY27,DELIVERY28,0.00000000
3307.00000000,DELIVERY27,DELIVERY28,0.00000000
3308.00000000,DELIVERY27,DELIVERY28,0.00000000
3309.00000000,DELIVERY27,DELIVERY28,0.00000000
3309.00000000,DELIVERY23,DELIVERY25,0.29562561
3310.00000000,DELIVERY27,DELIVERY28,0.00000000
3310.00000000,DELIVERY23,DELIVERY25,0.60661836
3311.00000000,DELIVERY27,DELIVERY28,0.00000000
3312.00000000,DELIVERY27,DELIVERY28,0.00000000
3313.00000000,DELIVERY27,DELIVERY28,0.00000000
3314.00000000,DELIVERY27,DELIVERY28,0.00000000
3315.00000000,DELIVERY27,DELIVERY28,0.00000000
3316.00000000,DELIVERY27,DELIVERY28,0.00000000
3317.00000000,DELIVERY27,DELIVERY28,0.00000000
3318.00000000,DELIVERY27,DELIVERY28,0.00000000
3319.00000000,DELIVERY27,DELIVERY28,0.00000000
3320.00000000,DELIVERY27,DELIVERY28,0.00000000
3321.00000000,DELIVERY27,DELIVERY28,0.00000000
3322.00000000,DELIVERY27,DELIVERY28,0.00000000
3323.00000000,DELIVERY27,DELIVERY28,0.00000000
3324.00000000,DELIVERY27,DELIVERY28,0.00000000
3325.00000000,DELIVERY27,DELIVERY28,0.00000000
3326.00000000,DELIVERY27,DELIVERY28,0.00000000
3327.00000000,DELIVERY27,DELIVERY28,0.00000000
3328.00000000,DELIVERY27,DELIVERY28,0.00000000
3329.00000000,DELIVERY27,DELIVERY28,0.00000000
3330.00000000,DELIVERY27,DELIVERY28,0.00000000
3331.00000000,DELIVERY27,DELIVERY28,0.00000000
3332.00000000,DELIVERY27,DELIVERY28,0.00000000
3333.00000000,DELIVERY27,DELIVERY28,0.00000000
3334.00000000,DELIVERY27,DELIVERY28,0.00000000
3335.00000000,DELIVERY27,DELIVERY28,0.00000000
3336.00000000,DELIVERY27,DELIVERY28,0.00000000
3337.00000000,DELIVERY27,DELIVERY28,0.00000000
3338.00000000,DELIVERY27,DELIVERY28,0.00000000
3339.00000000,DELIVERY27,DELIVERY28,0.00000000
3340.00000000,DELIVERY27,DELIVERY28,0.00000000
3341.00000000,DELIVERY27,DELIVERY28,0.00000000
3342.00000000,DELIVERY27,DELIVERY28,0.00000000
3343.00000000,DELIVERY27,DELIVERY28,0.00000000
3344.00000000,DELIVERY27,DELIVERY28,0.00000000
3345.00000000,DELIVERY27,DELIVERY28,0.00000000
3346.00000000,DELIVERY27,DELIVERY28,0.00000000
3347.00000000,DELIVERY27,DELIVERY28,0.00000000
3348.00000000,DELIVERY27,DELIVERY28,0.00000000
3349.00000000,DELIVERY27,DELIVERY28,0.00000000
3350.00000000,DELIVERY27,DELIVERY28,0.00000000
3351.00000000,DELIVERY27,DELIVERY28,0.00000000
3352.00000000,DELIVERY27,DELIVERY28,0.00000000
3353.00000000,DELIVERY27,DELIVERY28,0.00000000
3354.00000000,DELIVERY27,DELIVERY28,0.00000000
3355.00000000,DELIVERY27,DELIVERY28,0.00000000
3356.00000000,DELIVERY27,DELIVERY28,0.00000000
3357.00000000,DELIVERY27,DELIVERY28,0.00000000
3358.00000000,DELIVERY27,DELIVERY28,0.00000000
3359.00000000,DELIVERY27,DELIVERY28,0.00000000
3360.00000000,DELIVERY27,DELIVERY28,0.00000000
3361.00000000,DELIVERY27,DELIVERY28,0.00000000
3362.00000000,DELIVERY27,DELIVERY28,0.00000000
3363.00000000,DELIVERY27,DELIVERY28,0.00000000
3364.00000000,DELIVERY27,DELIVERY28,0.00000000
3365.00000000,DELIVERY27,DELIVERY28,0.00000000
3366.00000000,DELIVERY27,DELIVERY28,0.00000000
3367.00000000,DELIVERY27,DELIVERY28,0.00000000
3368.00000000,DELIVERY27,DELIVERY28,0.00000000
3369.00000000,DELIVERY27,DELIVERY28,0.00000000
3370.00000000,DELIVERY27,DELIVERY28,0.00000000
3371.00000000,DELIVERY27,DELIVERY28,0.00000000
3372.00000000,DELIVERY27,DELIVERY28,0.00000000
3373.00000000,DELIVERY27,DELIVERY28,0.00000000
3374.00000000,DELIVERY27,DELIVERY28,0.00000000
3375.00000000,DELIVERY27,DELIVERY28,0.00000000
3376.00000000,DELIVERY27,DELIVERY28,0.00000000
3377.00000000,DELIVERY27,DELIVERY28,0.00000000
3378.00000000,DELIVERY27,DELIVERY28,0.00000000
3379.00000000,DELIVERY27,DELIVERY28,0.00000000
3380.00000000,DELIVERY27,DELIVERY28,0.00000000
3381.00000000,DELIVERY27,DELIVERY28,0.00000000
3382.00000000,DELIVERY27,DELIVERY28,0.00000000
3383.00000000,DELIVERY27,DELIVERY28,0.00000000
3384.00000000,DELIVERY27,DELIVERY28,0.00000000
3385.00000000,DELIVERY27,DELIVERY28,0.00000000
3394.00000000,DELIVERY27,DELIVERY28,0.00418965
3396.00000000,DELIVERY27,DELIVERY28,2.87921779
3498.00000000,DELIVERY20,DELIVERY23,3.87084560
3601.00000000,DELIVERY30,DELIVERY33,0.00000000
