# FLIGHT LOG
# Takeoff, landing, and distance flown of each UAS.
# 
# Simulation Time [s], UAS, Takeoff/Landing, Distance [m]
# simt
1.05000000,DELIVERY1,takeoff,0
16.05000000,BACKGROUND1,takeoff,0
31.05000000,BACKGROUND2,takeoff,0
46.05000000,BACKGROUND3,takeoff,0
61.05000000,BACKGROUND4,takeoff,0
76.05000000,BACKGROUND5,takeoff,0
91.05000000,BACKGROUND6,takeoff,0
106.05000000,BACKGROUND7,takeoff,0
136.05000000,BACKGROUND8,takeoff,0
151.05000000,BACKGROUND9,takeoff,0
196.05000000,BACKGROUND12,takeoff,0
211.05000000,BACKGROUND13,takeoff,0
256.05000000,BACKGROUND14,takeoff,0
267.55000000,BACKGROUND3,landing,1620.74770515
281.90000000,BACKGROUND6,landing,3812.73238951
300.05000000,BACKGROUND10,takeoff,0
300.05000000,BACKGROUND11,takeoff,0
300.05000000,BACKGROUND7,landing,3051.77736695
300.05000000,BACKGROUND7,takeoff,0
301.65000000,BACKGROUND2,landing,3429.63228938
301.65000000,BACKGROUND2,takeoff,0
302.05000000,BACKGROUND5,landing,2949.44113532
302.05000000,BACKGROUND5,takeoff,0
302.55000000,BACKGROUND13,landing,1290.80289494
302.55000000,BACKGROUND13,takeoff,0
302.95000000,BACKGROUND4,landing,3718.42159536
302.95000000,BACKGROUND4,takeoff,0
304.45000000,BACKGROUND8,landing,1114.81107421
304.45000000,BACKGROUND8,takeoff,0
304.55000000,DELIVERY1,landing,3677.68107332
304.55000000,DELIVERY1,takeoff,0
305.50000000,BACKGROUND14,landing,349.81302110
305.50000000,BACKGROUND14,takeoff,0
307.75000000,BACKGROUND9,landing,1356.24856138
307.75000000,BACKGROUND9,takeoff,0
309.80000000,BACKGROUND1,landing,2119.63695670
309.80000000,BACKGROUND1,takeoff,0
309.95000000,BACKGROUND12,landing,1283.77761884
309.95000000,BACKGROUND12,takeoff,0
361.05000000,BACKGROUND16,takeoff,0
369.10000000,BACKGROUND4,landing,1028.17368318
391.05000000,BACKGROUND17,takeoff,0
430.45000000,DELIVERY1,landing,795.02771326
433.45000000,DELIVERY1,takeoff,0
436.05000000,BACKGROUND19,takeoff,0
451.05000000,BACKGROUND15,takeoff,0
485.25000000,BACKGROUND12,landing,870.86724291
496.05000000,BACKGROUND22,takeoff,0
497.10000000,BACKGROUND5,landing,2004.81017732
517.30000000,BACKGROUND9,landing,1508.11872765
526.05000000,BACKGROUND18,takeoff,0
541.05000000,BACKGROUND24,takeoff,0
571.05000000,BACKGROUND23,takeoff,0
571.05000000,BACKGROUND25,takeoff,0
576.80000000,BACKGROUND1,landing,1138.81860603
577.30000000,BACKGROUND13,landing,3391.46344643
600.05000000,BACKGROUND21,takeoff,0
600.05000000,DELIVERY2,takeoff,0
600.05000000,DELIVERY3,takeoff,0
600.75000000,BACKGROUND23,landing,253.22253093
600.75000000,BACKGROUND23,takeoff,0
603.20000000,BACKGROUND18,landing,665.36982814
603.20000000,BACKGROUND18,takeoff,0
603.70000000,BACKGROUND24,landing,510.43966971
603.70000000,BACKGROUND24,takeoff,0
604.10000000,BACKGROUND7,landing,2446.91496999
604.10000000,BACKGROUND7,takeoff,0
604.35000000,BACKGROUND15,landing,1906.20947137
604.35000000,BACKGROUND15,takeoff,0
604.50000000,DELIVERY1,landing,2260.79322926
604.50000000,DELIVERY1,takeoff,0
605.25000000,BACKGROUND19,landing,1407.59798485
605.25000000,BACKGROUND19,takeoff,0
606.90000000,BACKGROUND16,landing,2680.86045991
606.90000000,BACKGROUND16,takeoff,0
607.50000000,BACKGROUND25,landing,158.31555271
607.50000000,BACKGROUND25,takeoff,0
608.75000000,BACKGROUND14,landing,3207.76268831
608.75000000,BACKGROUND14,takeoff,0
609.20000000,BACKGROUND22,landing,558.94600513
609.20000000,BACKGROUND22,takeoff,0
611.40000000,BACKGROUND8,landing,1391.30554170
611.40000000,BACKGROUND8,takeoff,0
614.05000000,BACKGROUND17,landing,1813.12356656
614.05000000,BACKGROUND17,takeoff,0
616.05000000,BACKGROUND26,takeoff,0
621.80000000,BACKGROUND10,landing,2937.23582933
621.80000000,BACKGROUND10,takeoff,0
626.75000000,BACKGROUND11,landing,3313.26192651
626.75000000,BACKGROUND11,takeoff,0
631.10000000,BACKGROUND2,landing,2312.53636877
631.10000000,BACKGROUND2,takeoff,0
646.05000000,BACKGROUND28,takeoff,0
661.05000000,BACKGROUND29,takeoff,0
674.20000000,BACKGROUND7,landing,983.64489114
676.05000000,BACKGROUND30,takeoff,0
691.05000000,BACKGROUND20,takeoff,0
691.05000000,BACKGROUND31,takeoff,0
706.05000000,BACKGROUND32,takeoff,0
726.60000000,BACKGROUND11,landing,471.86183905
736.05000000,BACKGROUND34,takeoff,0
751.05000000,BACKGROUND27,takeoff,0
751.05000000,BACKGROUND35,takeoff,0
756.65000000,BACKGROUND14,landing,1187.76939317
766.05000000,BACKGROUND36,takeoff,0
807.75000000,BACKGROUND19,landing,1546.48609423
809.55000000,DELIVERY2,landing,1686.34726203
812.55000000,DELIVERY2,takeoff,0
826.05000000,BACKGROUND39,takeoff,0
839.70000000,BACKGROUND21,landing,2004.08126205
855.40000000,BACKGROUND10,landing,2561.92176555
856.05000000,BACKGROUND38,takeoff,0
866.65000000,BACKGROUND30,landing,1832.05689231
884.45000000,DELIVERY3,landing,2650.77810408
887.45000000,DELIVERY3,takeoff,0
897.20000000,DELIVERY1,landing,2441.09775447
900.05000000,BACKGROUND33,takeoff,0
900.05000000,BACKGROUND37,takeoff,0
900.05000000,BACKGROUND43,takeoff,0
900.05000000,DELIVERY5,takeoff,0
900.55000000,BACKGROUND32,landing,864.95675566
900.55000000,BACKGROUND32,takeoff,0
900.75000000,BACKGROUND31,landing,2582.19574660
900.75000000,BACKGROUND31,takeoff,0
903.45000000,BACKGROUND35,landing,2418.05960350
903.45000000,BACKGROUND35,takeoff,0
904.05000000,BACKGROUND23,landing,4443.00691493
904.05000000,BACKGROUND23,takeoff,0
905.00000000,BACKGROUND26,landing,3791.92002749
905.00000000,BACKGROUND26,takeoff,0
906.50000000,BACKGROUND34,landing,1855.19968351
906.50000000,BACKGROUND34,takeoff,0
910.55000000,BACKGROUND38,landing,656.24015880
910.55000000,BACKGROUND38,takeoff,0
911.20000000,BACKGROUND27,landing,1544.32858211
911.20000000,BACKGROUND27,takeoff,0
913.65000000,BACKGROUND25,landing,3024.72013873
913.65000000,BACKGROUND25,takeoff,0
916.05000000,BACKGROUND41,takeoff,0
916.05000000,BACKGROUND44,takeoff,0
916.15000000,DELIVERY2,landing,135.80526023
916.15000000,DELIVERY2,takeoff,0
919.55000000,BACKGROUND8,landing,2036.70762328
919.55000000,BACKGROUND8,takeoff,0
921.85000000,BACKGROUND20,landing,2408.27563152
921.85000000,BACKGROUND20,takeoff,0
937.65000000,BACKGROUND39,landing,949.81256459
937.65000000,BACKGROUND39,takeoff,0
944.60000000,BACKGROUND16,landing,2992.36151550
946.05000000,BACKGROUND46,takeoff,0
953.35000000,BACKGROUND29,landing,2682.14818778
960.05000000,DELIVERY4,takeoff,0
962.70000000,BACKGROUND27,landing,270.17624808
966.55000000,BACKGROUND36,landing,1284.04941813
966.55000000,BACKGROUND36,takeoff,0
967.50000000,DELIVERY3,landing,288.00875793
967.50000000,DELIVERY3,takeoff,0
968.55000000,BACKGROUND24,landing,2099.26925953
987.55000000,BACKGROUND8,landing,408.21947882
1005.45000000,BACKGROUND17,landing,2034.39601084
1021.85000000,BACKGROUND25,landing,916.05019783
1036.05000000,BACKGROUND49,takeoff,0
1066.05000000,BACKGROUND48,takeoff,0
1066.05000000,BACKGROUND51,takeoff,0
1066.85000000,BACKGROUND18,landing,3702.81703428
1081.05000000,BACKGROUND52,takeoff,0
1083.10000000,BACKGROUND28,landing,3544.56989433
1087.55000000,BACKGROUND34,landing,1970.51276998
1126.05000000,BACKGROUND53,takeoff,0
1132.55000000,BACKGROUND23,landing,2297.99186130
1147.50000000,BACKGROUND38,landing,3688.98698401
1149.70000000,BACKGROUND37,landing,3190.39561700
1156.05000000,BACKGROUND55,takeoff,0
1160.45000000,BACKGROUND22,landing,5207.51997428
1171.05000000,BACKGROUND45,takeoff,0
1171.05000000,BACKGROUND47,takeoff,0
1176.90000000,BACKGROUND20,landing,1100.99656655
1186.05000000,BACKGROUND57,takeoff,0
1188.80000000,BACKGROUND44,landing,4293.10822384
1196.00000000,BACKGROUND31,landing,2368.86196188
1200.05000000,DELIVERY6,takeoff,0
1200.05000000,BACKGROUND42,takeoff,0
1200.05000000,DELIVERY9,takeoff,0
1200.30000000,BACKGROUND47,landing,383.94024785
1200.30000000,BACKGROUND47,takeoff,0
1200.60000000,BACKGROUND51,landing,1865.26792220
1200.60000000,BACKGROUND51,takeoff,0
1201.95000000,BACKGROUND52,landing,1875.70422832
1201.95000000,BACKGROUND52,takeoff,0
1202.40000000,BACKGROUND48,landing,1245.77366713
1202.40000000,BACKGROUND48,takeoff,0
1202.60000000,BACKGROUND53,landing,453.36095873
1202.60000000,BACKGROUND53,takeoff,0
1204.95000000,DELIVERY4,landing,3067.54152423
1204.95000000,DELIVERY4,takeoff,0
1206.00000000,BACKGROUND33,landing,4111.07591209
1206.00000000,BACKGROUND33,takeoff,0
1206.15000000,BACKGROUND49,landing,1623.54544515
1206.15000000,BACKGROUND49,takeoff,0
1206.25000000,BACKGROUND39,landing,3608.13069606
1209.80000000,DELIVERY2,landing,1780.03260519
1210.10000000,BACKGROUND41,landing,4207.62497526
1210.10000000,BACKGROUND41,takeoff,0
1212.70000000,BACKGROUND45,landing,207.15270153
1212.70000000,BACKGROUND45,takeoff,0
1213.65000000,BACKGROUND51,landing,180.23563442
1214.15000000,BACKGROUND32,landing,3474.20661524
1214.15000000,BACKGROUND32,takeoff,0
1215.15000000,BACKGROUND57,landing,408.42583138
1215.15000000,BACKGROUND57,takeoff,0
1222.15000000,BACKGROUND55,landing,407.58756682
1222.15000000,BACKGROUND55,takeoff,0
1228.40000000,BACKGROUND46,landing,2518.73546474
1228.40000000,BACKGROUND46,takeoff,0
1228.55000000,BACKGROUND36,landing,1679.29435438
1231.05000000,BACKGROUND59,takeoff,0
1236.65000000,BACKGROUND43,landing,3734.50065848
1241.40000000,DELIVERY3,landing,3080.00330952
1260.05000000,DELIVERY8,takeoff,0
1261.05000000,BACKGROUND54,takeoff,0
1263.15000000,BACKGROUND41,landing,983.48404160
1265.00000000,BACKGROUND15,landing,3390.47268651
1278.00000000,BACKGROUND26,landing,3824.80236964
1281.10000000,DELIVERY5,landing,2032.75331844
1284.10000000,DELIVERY5,takeoff,0
1290.25000000,BACKGROUND52,landing,994.12875570
1291.05000000,BACKGROUND50,takeoff,0
1300.70000000,BACKGROUND35,landing,2693.96382905
1300.70000000,BACKGROUND35,takeoff,0
1306.05000000,BACKGROUND60,takeoff,0
1306.05000000,BACKGROUND62,takeoff,0
1310.05000000,BACKGROUND2,landing,1736.42575009
1321.05000000,BACKGROUND63,takeoff,0
1343.10000000,BACKGROUND33,landing,1515.43999893
1346.65000000,BACKGROUND46,landing,267.82361989
1351.05000000,BACKGROUND65,takeoff,0
1366.05000000,BACKGROUND66,takeoff,0
1370.00000000,BACKGROUND35,landing,665.61833586
1374.60000000,BACKGROUND32,landing,1160.54655752
1396.05000000,BACKGROUND64,takeoff,0
1412.40000000,DELIVERY4,landing,1406.60253712
1415.00000000,BACKGROUND53,landing,1749.35847959
1415.40000000,DELIVERY4,takeoff,0
1440.05000000,DELIVERY7,takeoff,0
1441.05000000,BACKGROUND69,takeoff,0
1456.05000000,BACKGROUND70,takeoff,0
1462.00000000,DELIVERY9,landing,1935.79014353
1465.00000000,DELIVERY9,takeoff,0
1484.45000000,DELIVERY6,landing,2650.77810408
1487.45000000,DELIVERY6,takeoff,0
1500.05000000,BACKGROUND40,takeoff,0
1500.05000000,BACKGROUND56,takeoff,0
1500.05000000,BACKGROUND67,takeoff,0
1500.05000000,BACKGROUND71,takeoff,0
1500.05000000,DELIVERY10,takeoff,0
1500.05000000,DELIVERY11,takeoff,0
1500.85000000,BACKGROUND47,landing,2492.84973644
1500.85000000,BACKGROUND47,takeoff,0
1502.05000000,BACKGROUND63,landing,2070.60256718
1502.05000000,BACKGROUND63,takeoff,0
1502.25000000,BACKGROUND62,landing,1438.94746848
1502.25000000,BACKGROUND62,takeoff,0
1502.30000000,DELIVERY7,landing,963.41884786
1502.30000000,DELIVERY7,takeoff,0
1502.50000000,BACKGROUND50,landing,688.14937542
1502.50000000,BACKGROUND50,takeoff,0
1504.10000000,BACKGROUND59,landing,2424.65640355
1504.10000000,BACKGROUND59,takeoff,0
1504.85000000,DELIVERY8,landing,3069.24559828
1504.85000000,DELIVERY8,takeoff,0
1504.95000000,BACKGROUND57,landing,3631.80525643
1504.95000000,BACKGROUND57,takeoff,0
1505.35000000,DELIVERY6,landing,268.21303897
1505.35000000,DELIVERY6,takeoff,0
1505.60000000,BACKGROUND70,landing,784.18169395
1505.60000000,BACKGROUND70,takeoff,0
1506.00000000,BACKGROUND60,landing,3418.56946488
1506.00000000,BACKGROUND60,takeoff,0
1506.85000000,DELIVERY4,landing,952.57919157
1506.85000000,DELIVERY4,takeoff,0
1507.00000000,BACKGROUND54,landing,2191.26478843
1511.45000000,DELIVERY5,landing,1688.79935578
1514.50000000,BACKGROUND66,landing,857.63020974
1514.50000000,BACKGROUND66,takeoff,0
1516.05000000,BACKGROUND73,takeoff,0
1522.45000000,BACKGROUND49,landing,2872.34436085
1522.45000000,BACKGROUND49,takeoff,0
1524.40000000,BACKGROUND69,landing,827.18765608
1524.40000000,BACKGROUND69,takeoff,0
1524.60000000,BACKGROUND64,landing,936.08166760
1524.60000000,BACKGROUND64,takeoff,0
1525.90000000,BACKGROUND55,landing,2414.98514831
1525.90000000,BACKGROUND55,takeoff,0
1529.25000000,BACKGROUND63,landing,358.12901407
1540.25000000,BACKGROUND42,landing,3180.78015666
1568.65000000,DELIVERY9,landing,135.86757716
1568.65000000,DELIVERY9,takeoff,0
1572.85000000,BACKGROUND65,landing,3272.35557371
1591.05000000,BACKGROUND77,takeoff,0
1637.60000000,BACKGROUND45,landing,2167.77874048
1659.40000000,BACKGROUND62,landing,1660.31641583
1666.05000000,BACKGROUND78,takeoff,0
1684.10000000,BACKGROUND57,landing,2032.86260702
1696.05000000,BACKGROUND83,takeoff,0
1705.15000000,DELIVERY8,landing,1400.12386789
1708.15000000,DELIVERY8,takeoff,0
1727.55000000,BACKGROUND50,landing,2276.49030355
1733.60000000,BACKGROUND69,landing,2605.53080486
1734.80000000,BACKGROUND47,landing,1547.06359256
1746.35000000,BACKGROUND71,landing,3079.18150288
1771.05000000,BACKGROUND86,takeoff,0
1773.70000000,BACKGROUND60,landing,1872.28495038
1779.80000000,BACKGROUND49,landing,863.29442164
1786.05000000,BACKGROUND75,takeoff,0
1786.05000000,BACKGROUND87,takeoff,0
1791.15000000,DELIVERY6,landing,2622.49076302
1794.15000000,DELIVERY6,takeoff,0
1800.05000000,BACKGROUND58,takeoff,0
1800.05000000,BACKGROUND61,takeoff,0
1800.05000000,DELIVERY12,takeoff,0
1800.05000000,BACKGROUND72,takeoff,0
1800.05000000,BACKGROUND82,takeoff,0
1800.65000000,DELIVERY6,landing,0.33494870
1800.95000000,DELIVERY9,landing,1641.92349380
1800.95000000,DELIVERY9,takeoff,0
1801.90000000,BACKGROUND75,landing,184.47838343
1801.90000000,BACKGROUND75,takeoff,0
1802.55000000,DELIVERY4,landing,2890.94274825
1802.55000000,DELIVERY4,takeoff,0
1806.85000000,DELIVERY10,landing,4030.79467905
1806.85000000,DELIVERY10,takeoff,0
1807.15000000,BACKGROUND87,landing,381.20118046
1807.15000000,BACKGROUND87,takeoff,0
1807.25000000,BACKGROUND40,landing,2968.06993316
1807.25000000,BACKGROUND40,takeoff,0
1807.35000000,BACKGROUND70,landing,2196.23191806
1809.25000000,BACKGROUND55,landing,2117.51615243
1809.25000000,BACKGROUND55,takeoff,0
1810.45000000,DELIVERY8,landing,1037.77282022
1810.45000000,DELIVERY8,takeoff,0
1814.25000000,DELIVERY9,landing,148.60322791
1814.30000000,BACKGROUND66,landing,1385.48635275
1814.30000000,BACKGROUND66,takeoff,0
1815.15000000,BACKGROUND48,landing,4191.75550320
1816.05000000,BACKGROUND89,takeoff,0
1817.00000000,BACKGROUND77,landing,2290.98596044
1817.00000000,BACKGROUND77,takeoff,0
1818.15000000,DELIVERY11,landing,1991.61314298
1821.15000000,DELIVERY11,takeoff,0
1823.25000000,BACKGROUND59,landing,2042.47397465
1823.45000000,BACKGROUND64,landing,2024.31976298
1823.45000000,BACKGROUND64,takeoff,0
1823.45000000,BACKGROUND86,landing,369.53432353
1823.45000000,BACKGROUND86,takeoff,0
1828.00000000,BACKGROUND78,landing,400.96320495
1828.00000000,BACKGROUND78,takeoff,0
1830.75000000,BACKGROUND83,landing,1344.33946645
1830.75000000,BACKGROUND83,takeoff,0
1831.05000000,BACKGROUND90,takeoff,0
1842.85000000,BACKGROUND67,landing,2886.00983494
1842.85000000,BACKGROUND67,takeoff,0
1844.95000000,BACKGROUND56,landing,2310.29693721
1844.95000000,BACKGROUND56,takeoff,0
1846.05000000,BACKGROUND91,takeoff,0
1847.65000000,BACKGROUND73,landing,3357.65103052
1847.65000000,BACKGROUND73,takeoff,0
1849.60000000,DELIVERY7,landing,2424.10912448
1852.60000000,DELIVERY7,takeoff,0
1860.05000000,DELIVERY13,takeoff,0
1866.65000000,BACKGROUND55,landing,904.03088789
1876.05000000,BACKGROUND93,takeoff,0
1901.15000000,BACKGROUND91,landing,1065.30496296
1906.05000000,BACKGROUND95,takeoff,0
1908.25000000,BACKGROUND77,landing,314.33853024
1912.10000000,BACKGROUND73,landing,267.11776003
1930.35000000,DELIVERY4,landing,1206.54706028
1935.20000000,BACKGROUND83,landing,402.03219715
1981.05000000,BACKGROUND98,takeoff,0
1981.55000000,BACKGROUND61,landing,1992.19948788
1987.55000000,BACKGROUND82,landing,2343.61106762
1996.05000000,BACKGROUND96,takeoff,0
1996.05000000,BACKGROUND99,takeoff,0
2006.95000000,DELIVERY10,landing,735.41543987
2009.95000000,DELIVERY10,takeoff,0
2011.90000000,BACKGROUND75,landing,3425.75520080
2026.05000000,BACKGROUND100,takeoff,0
2040.05000000,DELIVERY15,takeoff,0
2041.05000000,BACKGROUND88,takeoff,0
2041.05000000,BACKGROUND101,takeoff,0
2056.05000000,BACKGROUND102,takeoff,0
2056.25000000,DELIVERY7,landing,2642.71003359
2058.70000000,BACKGROUND78,landing,2936.03299028
2071.05000000,BACKGROUND94,takeoff,0
2084.45000000,DELIVERY12,landing,2650.77810408
2087.45000000,DELIVERY12,takeoff,0
2100.05000000,BACKGROUND68,takeoff,0
2100.05000000,BACKGROUND74,takeoff,0
2100.05000000,BACKGROUND76,takeoff,0
2100.05000000,BACKGROUND84,takeoff,0
2100.05000000,BACKGROUND79,takeoff,0
2100.05000000,BACKGROUND81,takeoff,0
2100.05000000,DELIVERY14,takeoff,0
2100.05000000,BACKGROUND80,takeoff,0
2100.05000000,BACKGROUND92,takeoff,0
2100.05000000,BACKGROUND97,takeoff,0
2100.05000000,BACKGROUND103,takeoff,0
2100.30000000,BACKGROUND72,landing,3059.13891984
2100.30000000,BACKGROUND72,takeoff,0
2100.50000000,DELIVERY12,landing,134.70897133
2100.50000000,DELIVERY12,takeoff,0
2100.85000000,DELIVERY10,landing,598.27524910
2100.85000000,DELIVERY10,takeoff,0
2102.30000000,DELIVERY15,landing,963.41884786
2102.30000000,DELIVERY15,takeoff,0
2102.35000000,BACKGROUND98,landing,1857.32075252
2102.35000000,BACKGROUND98,takeoff,0
2103.00000000,BACKGROUND99,landing,1550.15926464
2103.00000000,BACKGROUND99,takeoff,0
2103.20000000,BACKGROUND89,landing,2446.70952794
2103.20000000,BACKGROUND89,takeoff,0
2103.35000000,BACKGROUND101,landing,522.41488868
2103.35000000,BACKGROUND101,takeoff,0
2103.45000000,BACKGROUND66,landing,1724.01595958
2103.45000000,BACKGROUND66,takeoff,0
2103.60000000,BACKGROUND93,landing,2557.06332716
2103.60000000,BACKGROUND93,takeoff,0
2104.45000000,BACKGROUND95,landing,2134.87468170
2104.45000000,BACKGROUND95,takeoff,0
2106.55000000,BACKGROUND100,landing,592.89148046
2106.55000000,BACKGROUND100,takeoff,0
2108.30000000,BACKGROUND40,landing,2147.89092823
2108.30000000,BACKGROUND40,takeoff,0
2108.70000000,BACKGROUND96,landing,1528.11083128
2108.70000000,BACKGROUND96,takeoff,0
2112.70000000,BACKGROUND86,landing,3950.16725615
2112.70000000,BACKGROUND86,takeoff,0
2113.25000000,BACKGROUND58,landing,4217.72915595
2113.25000000,BACKGROUND58,takeoff,0
2115.70000000,BACKGROUND88,landing,1177.66354113
2115.70000000,BACKGROUND88,takeoff,0
2115.95000000,BACKGROUND102,landing,146.53713888
2115.95000000,BACKGROUND102,takeoff,0
2116.05000000,BACKGROUND106,takeoff,0
2117.95000000,DELIVERY8,landing,3656.81383650
2117.95000000,DELIVERY8,takeoff,0
2118.65000000,BACKGROUND87,landing,2950.32874404
2118.65000000,BACKGROUND87,takeoff,0
2119.60000000,BACKGROUND64,landing,1437.74362826
2119.60000000,BACKGROUND64,takeoff,0
2121.95000000,BACKGROUND90,landing,2392.70129360
2121.95000000,BACKGROUND90,takeoff,0
2122.05000000,BACKGROUND56,landing,1760.64038813
2122.05000000,BACKGROUND56,takeoff,0
2133.65000000,DELIVERY13,landing,1935.12623742
2136.65000000,DELIVERY13,takeoff,0
2137.75000000,BACKGROUND67,landing,1814.19624740
2137.75000000,BACKGROUND67,takeoff,0
2140.50000000,DELIVERY11,landing,1678.30579332
2146.05000000,BACKGROUND104,takeoff,0
2159.30000000,BACKGROUND99,landing,594.40615326
2161.05000000,BACKGROUND109,takeoff,0
2165.20000000,DELIVERY8,landing,547.81289520
2212.45000000,BACKGROUND40,landing,1249.68607281
2236.05000000,BACKGROUND113,takeoff,0
2246.30000000,BACKGROUND56,landing,805.22633183
2251.05000000,BACKGROUND107,takeoff,0
2263.95000000,BACKGROUND67,landing,1454.95910412
2264.45000000,BACKGROUND74,landing,1668.12885263
2266.05000000,BACKGROUND111,takeoff,0
2275.70000000,BACKGROUND76,landing,1853.07956940
2280.65000000,BACKGROUND87,landing,1315.27979826
2300.55000000,BACKGROUND94,landing,644.79295750
2300.55000000,BACKGROUND94,takeoff,0
2311.05000000,BACKGROUND115,takeoff,0
2326.05000000,BACKGROUND114,takeoff,0
2327.45000000,DELIVERY15,landing,1688.91342864
2330.45000000,DELIVERY15,takeoff,0
2335.65000000,BACKGROUND92,landing,1506.01217719
2340.20000000,BACKGROUND100,landing,2922.01671260
2341.05000000,BACKGROUND117,takeoff,0
2344.05000000,BACKGROUND95,landing,2700.64868916
2344.75000000,BACKGROUND89,landing,2001.99152813
2358.40000000,BACKGROUND68,landing,2049.46855650
2359.00000000,BACKGROUND72,landing,1765.30629649
2371.05000000,BACKGROUND119,takeoff,0
2382.40000000,BACKGROUND88,landing,2032.04450475
2387.30000000,BACKGROUND80,landing,2318.69616673
2394.70000000,BACKGROUND86,landing,2928.34679648
2395.00000000,BACKGROUND58,landing,2103.06151072
2400.05000000,BACKGROUND85,takeoff,0
2400.05000000,DELIVERY17,takeoff,0
2400.05000000,DELIVERY16,takeoff,0
2400.05000000,DELIVERY18,takeoff,0
2400.05000000,BACKGROUND105,takeoff,0
2400.05000000,BACKGROUND110,takeoff,0
2400.05000000,BACKGROUND112,takeoff,0
2400.05000000,BACKGROUND116,takeoff,0
2400.05000000,DELIVERY20,takeoff,0
2400.55000000,BACKGROUND104,landing,2595.08403991
2400.55000000,BACKGROUND104,takeoff,0
2400.55000000,BACKGROUND114,landing,792.01344255
2400.55000000,BACKGROUND114,takeoff,0
2400.70000000,BACKGROUND66,landing,1826.21196440
2400.70000000,BACKGROUND66,takeoff,0
2401.25000000,BACKGROUND96,landing,2772.21461292
2401.25000000,BACKGROUND96,takeoff,0
2401.90000000,BACKGROUND106,landing,1590.54929791
2401.90000000,BACKGROUND106,takeoff,0
2402.50000000,BACKGROUND102,landing,1596.66182004
2402.50000000,BACKGROUND102,takeoff,0
2403.15000000,BACKGROUND101,landing,2158.89028855
2403.15000000,BACKGROUND101,takeoff,0
2403.40000000,BACKGROUND117,landing,973.90673183
2403.40000000,BACKGROUND117,takeoff,0
2404.15000000,BACKGROUND111,landing,1925.24809776
2404.15000000,BACKGROUND111,takeoff,0
2404.55000000,BACKGROUND84,landing,4162.20106068
2404.55000000,BACKGROUND84,takeoff,0
2405.10000000,BACKGROUND103,landing,2770.65350396
2405.10000000,BACKGROUND103,takeoff,0
2405.85000000,BACKGROUND81,landing,3758.21620189
2405.85000000,BACKGROUND81,takeoff,0
2407.30000000,BACKGROUND109,landing,2989.18342061
2407.30000000,BACKGROUND109,takeoff,0
2408.20000000,DELIVERY10,landing,3105.46922129
2408.20000000,DELIVERY10,takeoff,0
2408.40000000,BACKGROUND113,landing,1456.76672684
2408.40000000,BACKGROUND113,takeoff,0
2409.65000000,BACKGROUND115,landing,663.86527206
2409.65000000,BACKGROUND115,takeoff,0
2418.00000000,BACKGROUND93,landing,528.17454263
2419.15000000,DELIVERY15,landing,266.88715926
2419.15000000,DELIVERY15,takeoff,0
2419.65000000,DELIVERY14,landing,3750.75039801
2419.65000000,DELIVERY14,takeoff,0
2420.40000000,BACKGROUND107,landing,920.11481021
2420.40000000,BACKGROUND107,takeoff,0
2421.45000000,BACKGROUND64,landing,2063.18681459
2421.45000000,BACKGROUND64,takeoff,0
2423.90000000,DELIVERY13,landing,1439.15457350
2423.90000000,DELIVERY13,takeoff,0
2430.15000000,DELIVERY12,landing,3041.15423574
2430.25000000,BACKGROUND119,landing,381.48885640
2430.25000000,BACKGROUND119,takeoff,0
2430.25000000,BACKGROUND98,landing,4995.99219545
2431.65000000,BACKGROUND90,landing,2045.93789223
2431.65000000,BACKGROUND90,takeoff,0
2433.15000000,DELIVERY12,takeoff,0
2439.65000000,DELIVERY12,landing,0.33494870
2461.05000000,BACKGROUND120,takeoff,0
2476.05000000,BACKGROUND123,takeoff,0
2481.40000000,BACKGROUND97,landing,3503.48684065
2486.90000000,BACKGROUND94,landing,1078.88765796
2486.90000000,BACKGROUND94,takeoff,0
2491.05000000,BACKGROUND124,takeoff,0
2498.80000000,BACKGROUND66,landing,827.26007356
2505.65000000,DELIVERY13,landing,473.69964109
2506.05000000,BACKGROUND122,takeoff,0
2508.10000000,BACKGROUND103,landing,906.75965511
2516.50000000,BACKGROUND81,landing,1002.44599966
2520.05000000,DELIVERY21,takeoff,0
2520.50000000,BACKGROUND113,landing,620.73124916
2521.05000000,BACKGROUND126,takeoff,0
2532.35000000,BACKGROUND84,landing,1324.65164781
2536.05000000,BACKGROUND118,takeoff,0
2551.05000000,BACKGROUND127,takeoff,0
2561.10000000,DELIVERY10,landing,1546.87512364
2564.10000000,DELIVERY10,takeoff,0
2566.60000000,DELIVERY10,landing,5.91682027
2571.70000000,BACKGROUND64,landing,568.35901955
2579.95000000,BACKGROUND90,landing,1394.62462003
2596.05000000,BACKGROUND129,takeoff,0
2601.95000000,BACKGROUND104,landing,1360.48147553
2606.75000000,BACKGROUND115,landing,2010.83197824
2611.05000000,BACKGROUND130,takeoff,0
2625.15000000,DELIVERY16,landing,1926.40542623
2628.15000000,DELIVERY16,takeoff,0
2629.65000000,BACKGROUND79,landing,2901.05146326
2635.05000000,DELIVERY14,landing,1272.58614746
2638.05000000,DELIVERY14,takeoff,0
2641.20000000,BACKGROUND105,landing,3713.28601507
2651.65000000,DELIVERY20,landing,1929.57559578
2654.65000000,DELIVERY20,takeoff,0
2656.05000000,BACKGROUND132,takeoff,0
2671.05000000,BACKGROUND133,takeoff,0
2677.85000000,BACKGROUND114,landing,1868.34074585
2700.05000000,BACKGROUND108,takeoff,0
2700.05000000,DELIVERY19,takeoff,0
2700.05000000,BACKGROUND121,takeoff,0
2700.05000000,BACKGROUND128,takeoff,0
2700.05000000,BACKGROUND134,takeoff,0
2700.05000000,DELIVERY22,takeoff,0
2701.05000000,BACKGROUND135,takeoff,0
2701.30000000,DELIVERY15,landing,2944.72538813
2701.65000000,BACKGROUND111,landing,3745.29512835
2701.65000000,BACKGROUND111,takeoff,0
2701.70000000,BACKGROUND107,landing,3014.58800981
2701.70000000,BACKGROUND107,takeoff,0
2701.95000000,BACKGROUND123,landing,2070.41399011
2701.95000000,BACKGROUND123,takeoff,0
2702.15000000,BACKGROUND118,landing,1736.86828439
2702.15000000,BACKGROUND118,takeoff,0
2702.20000000,BACKGROUND127,landing,1055.95848543
2702.20000000,BACKGROUND127,takeoff,0
2702.45000000,BACKGROUND85,landing,3834.67570951
2702.45000000,BACKGROUND85,takeoff,0
2702.75000000,DELIVERY18,landing,3691.34756463
2702.75000000,DELIVERY18,takeoff,0
2704.15000000,BACKGROUND94,landing,1865.17065142
2704.15000000,BACKGROUND94,takeoff,0
2704.25000000,BACKGROUND116,landing,1731.26270590
2704.25000000,BACKGROUND116,takeoff,0
2704.30000000,DELIVERY15,takeoff,0
2704.80000000,BACKGROUND110,landing,4159.90056557
2704.80000000,BACKGROUND110,takeoff,0
2705.55000000,BACKGROUND126,landing,2435.86036061
2705.55000000,BACKGROUND126,takeoff,0
2705.75000000,BACKGROUND124,landing,3716.06759622
2705.75000000,BACKGROUND124,takeoff,0
2706.20000000,BACKGROUND117,landing,4022.43827393
2706.20000000,BACKGROUND117,takeoff,0
2709.10000000,BACKGROUND129,landing,838.44046448
2709.10000000,BACKGROUND129,takeoff,0
2709.40000000,BACKGROUND112,landing,2776.59457411
2709.40000000,BACKGROUND112,takeoff,0
2710.20000000,BACKGROUND130,landing,1191.91150656
2710.20000000,BACKGROUND130,takeoff,0
2710.80000000,DELIVERY15,landing,0.33494870
2712.00000000,BACKGROUND106,landing,2714.88383300
2712.00000000,BACKGROUND106,takeoff,0
2716.05000000,BACKGROUND136,takeoff,0
2718.35000000,BACKGROUND122,landing,1178.48055493
2718.35000000,BACKGROUND122,takeoff,0
2721.55000000,DELIVERY17,landing,2652.99510402
2723.40000000,BACKGROUND85,landing,204.10054431
2724.55000000,DELIVERY17,takeoff,0
2726.30000000,BACKGROUND132,landing,235.52950033
2726.30000000,BACKGROUND132,takeoff,0
2731.05000000,BACKGROUND137,takeoff,0
2731.85000000,DELIVERY16,landing,135.88347926
2731.85000000,DELIVERY16,takeoff,0
2741.70000000,DELIVERY14,landing,135.82828442
2741.70000000,DELIVERY14,takeoff,0
2742.60000000,BACKGROUND124,landing,349.19812281
2756.65000000,BACKGROUND122,landing,606.55927801
2757.95000000,DELIVERY20,landing,135.85844923
2757.95000000,DELIVERY20,takeoff,0
2763.85000000,BACKGROUND133,landing,498.67369234
2763.85000000,BACKGROUND133,takeoff,0
2769.30000000,BACKGROUND119,landing,2421.45484869
2769.30000000,BACKGROUND119,takeoff,0
2770.05000000,BACKGROUND102,landing,2457.91566347
2778.80000000,BACKGROUND109,landing,5085.35147666
2789.45000000,BACKGROUND106,landing,716.93223417
2793.30000000,BACKGROUND96,landing,1180.36734368
2798.85000000,DELIVERY21,landing,2681.59356485
2801.85000000,DELIVERY21,takeoff,0
2821.05000000,BACKGROUND131,takeoff,0
2821.05000000,BACKGROUND142,takeoff,0
2822.05000000,BACKGROUND120,landing,2040.15355554
2827.70000000,BACKGROUND94,landing,956.40544278
2829.25000000,BACKGROUND126,landing,740.74874622
2839.60000000,BACKGROUND117,landing,1426.83771648
2851.05000000,BACKGROUND140,takeoff,0
2851.05000000,BACKGROUND144,takeoff,0
2854.05000000,BACKGROUND111,landing,1091.55797883
2855.60000000,BACKGROUND135,landing,2668.52267940
2862.00000000,BACKGROUND101,landing,1988.25361081
2866.35000000,BACKGROUND110,landing,621.29105614
2896.05000000,BACKGROUND143,takeoff,0
2902.55000000,DELIVERY18,landing,1070.77934150
2905.55000000,DELIVERY18,takeoff,0
2911.05000000,BACKGROUND146,takeoff,0
2926.05000000,BACKGROUND147,takeoff,0
2933.60000000,BACKGROUND118,landing,1796.18053098
2941.05000000,BACKGROUND138,takeoff,0
2948.10000000,BACKGROUND134,landing,2363.24558745
2956.05000000,BACKGROUND149,takeoff,0
2960.95000000,BACKGROUND107,landing,1159.49901997
2965.25000000,DELIVERY16,landing,1542.16126162
2979.00000000,DELIVERY17,landing,2653.04172033
2983.45000000,DELIVERY20,landing,1672.59715261
2986.05000000,BACKGROUND151,takeoff,0
2992.00000000,BACKGROUND131,landing,2033.36011675
3000.05000000,DELIVERY23,takeoff,0
3000.05000000,DELIVERY24,takeoff,0
3000.05000000,BACKGROUND139,takeoff,0
3000.05000000,BACKGROUND150,takeoff,0
3001.05000000,BACKGROUND152,takeoff,0
3001.55000000,BACKGROUND143,landing,1235.19725024
3001.55000000,BACKGROUND143,takeoff,0
3003.40000000,BACKGROUND130,landing,2260.61831259
3003.40000000,BACKGROUND130,takeoff,0
3003.40000000,BACKGROUND146,landing,603.54889213
3003.40000000,BACKGROUND146,takeoff,0
3003.50000000,BACKGROUND108,landing,3488.07735725
3003.50000000,BACKGROUND108,takeoff,0
3004.85000000,BACKGROUND144,landing,1501.25093239
3004.85000000,BACKGROUND144,takeoff,0
3005.25000000,BACKGROUND149,landing,199.20233650
3005.25000000,BACKGROUND149,takeoff,0
3005.55000000,BACKGROUND151,landing,91.77596668
3005.55000000,BACKGROUND151,takeoff,0
3006.15000000,BACKGROUND112,landing,1150.96181951
3006.15000000,BACKGROUND112,takeoff,0
3008.45000000,BACKGROUND136,landing,2914.54556692
3008.45000000,BACKGROUND136,takeoff,0
3008.75000000,DELIVERY22,landing,3418.81923621
3008.75000000,DELIVERY22,takeoff,0
3009.15000000,DELIVERY18,landing,135.80526023
3009.15000000,DELIVERY18,takeoff,0
3009.70000000,DELIVERY19,landing,4625.81269783
3009.70000000,DELIVERY19,takeoff,0
3010.50000000,BACKGROUND116,landing,1281.49408265
3010.50000000,BACKGROUND116,takeoff,0
3013.65000000,BACKGROUND128,landing,3715.17459132
3013.65000000,BACKGROUND128,takeoff,0
3017.60000000,BACKGROUND127,landing,2788.04870776
3017.60000000,BACKGROUND127,takeoff,0
3019.50000000,BACKGROUND142,landing,3594.37502543
3019.50000000,BACKGROUND142,takeoff,0
3020.80000000,BACKGROUND129,landing,2633.97881582
3020.80000000,BACKGROUND129,takeoff,0
3021.10000000,DELIVERY21,landing,1550.10624426
3021.10000000,DELIVERY21,takeoff,0
3028.40000000,BACKGROUND140,landing,818.25485939
3028.40000000,BACKGROUND140,takeoff,0
3033.15000000,BACKGROUND121,landing,2259.85555799
3033.15000000,BACKGROUND121,takeoff,0
3040.75000000,BACKGROUND119,landing,1251.72803970
3047.80000000,BACKGROUND132,landing,4151.14886485
3047.80000000,BACKGROUND132,takeoff,0
3059.70000000,BACKGROUND137,landing,3338.20961227
3060.40000000,BACKGROUND142,landing,526.44939093
3061.05000000,BACKGROUND148,takeoff,0
3068.20000000,BACKGROUND138,landing,374.22189450
3068.20000000,BACKGROUND138,takeoff,0
3076.95000000,BACKGROUND132,landing,132.01391753
3078.80000000,BACKGROUND121,landing,341.32093300
3087.45000000,BACKGROUND133,landing,2510.04603479
3098.65000000,DELIVERY14,landing,1156.51863382
3098.65000000,DELIVERY14,takeoff,0
3105.00000000,BACKGROUND123,landing,4284.79217123
3148.95000000,DELIVERY21,landing,1359.57806553
3151.05000000,BACKGROUND155,takeoff,0
3151.05000000,BACKGROUND158,takeoff,0
3151.95000000,DELIVERY21,takeoff,0
3158.45000000,DELIVERY21,landing,0.33494870
3176.15000000,DELIVERY19,landing,629.43893642
3179.15000000,DELIVERY19,takeoff,0
3181.05000000,BACKGROUND153,takeoff,0
3181.05000000,BACKGROUND159,takeoff,0
3184.60000000,DELIVERY22,landing,1258.81539218
3187.60000000,DELIVERY22,takeoff,0
3193.20000000,BACKGROUND147,landing,1652.43125316
3196.05000000,BACKGROUND160,takeoff,0
3216.60000000,DELIVERY23,landing,1813.23765233
3219.60000000,DELIVERY23,takeoff,0
3226.05000000,BACKGROUND161,takeoff,0
3235.85000000,BACKGROUND151,landing,3745.17720929
3236.95000000,BACKGROUND129,landing,1285.29691958
3249.10000000,BACKGROUND116,landing,1250.61235289
3268.45000000,BACKGROUND130,landing,2489.49195098
3271.05000000,BACKGROUND163,takeoff,0
3280.05000000,BACKGROUND139,landing,3861.75085961
3286.75000000,BACKGROUND143,landing,2384.50275539
3295.95000000,BACKGROUND112,landing,2107.74179379
3300.05000000,BACKGROUND145,takeoff,0
3300.05000000,DELIVERY25,takeoff,0
3300.05000000,DELIVERY26,takeoff,0
3300.05000000,DELIVERY27,takeoff,0
3300.05000000,BACKGROUND156,takeoff,0
3300.05000000,BACKGROUND157,takeoff,0
3300.05000000,BACKGROUND164,takeoff,0
3300.05000000,DELIVERY29,takeoff,0
3300.75000000,DELIVERY22,landing,254.28708751
3300.75000000,DELIVERY22,takeoff,0
3301.05000000,BACKGROUND165,takeoff,0
3301.60000000,BACKGROUND144,landing,2558.29077207
3301.60000000,BACKGROUND144,takeoff,0
3302.25000000,BACKGROUND136,landing,1696.85669024
3302.25000000,BACKGROUND136,takeoff,0
3302.45000000,BACKGROUND153,landing,530.83905531
3302.45000000,BACKGROUND153,takeoff,0
3302.65000000,DELIVERY14,landing,1628.44375909
3302.65000000,DELIVERY14,takeoff,0
3304.90000000,BACKGROUND128,landing,1777.55480953
3304.90000000,BACKGROUND128,takeoff,0
3305.25000000,BACKGROUND158,landing,627.95577801
3305.25000000,BACKGROUND158,takeoff,0
3305.30000000,DELIVERY19,landing,486.55514644
3305.30000000,DELIVERY19,takeoff,0
3305.35000000,BACKGROUND127,landing,1457.41552580
3305.35000000,BACKGROUND127,takeoff,0
3306.05000000,BACKGROUND148,landing,3170.71211652
3306.05000000,BACKGROUND148,takeoff,0
3306.65000000,BACKGROUND159,landing,1535.59325581
3306.65000000,BACKGROUND159,takeoff,0
3308.85000000,BACKGROUND163,landing,111.28559514
3308.85000000,BACKGROUND163,takeoff,0
3309.50000000,BACKGROUND149,landing,3966.33934208
3309.50000000,BACKGROUND149,takeoff,0
3311.40000000,BACKGROUND138,landing,2626.55678247
3311.40000000,BACKGROUND138,takeoff,0
3316.05000000,BACKGROUND162,takeoff,0
3316.25000000,BACKGROUND108,landing,2286.78196615
3316.25000000,BACKGROUND108,takeoff,0
3319.15000000,BACKGROUND140,landing,2537.79896465
3319.15000000,BACKGROUND140,takeoff,0
3320.55000000,BACKGROUND150,landing,2795.62312462
3320.55000000,BACKGROUND150,takeoff,0
3321.55000000,DELIVERY24,landing,2652.99510402
3323.20000000,DELIVERY23,landing,135.79345502
3323.20000000,DELIVERY23,takeoff,0
3323.25000000,BACKGROUND161,landing,367.33546477
3323.25000000,BACKGROUND161,takeoff,0
3324.55000000,DELIVERY24,takeoff,0
3330.10000000,BACKGROUND146,landing,2550.68973416
3330.10000000,BACKGROUND146,takeoff,0
3331.05000000,BACKGROUND167,takeoff,0
3335.25000000,BACKGROUND160,landing,1280.67728071
3335.25000000,BACKGROUND160,takeoff,0
3338.75000000,DELIVERY18,landing,2669.90813936
3338.75000000,DELIVERY18,takeoff,0
3359.10000000,BACKGROUND155,landing,772.63485245
3359.10000000,BACKGROUND155,takeoff,0
3360.05000000,DELIVERY30,takeoff,0
3381.65000000,BACKGROUND152,landing,4437.06411767
3382.95000000,BACKGROUND136,landing,1092.58565254
3406.05000000,BACKGROUND168,takeoff,0
3421.05000000,BACKGROUND171,takeoff,0
3436.05000000,BACKGROUND166,takeoff,0
3436.05000000,BACKGROUND172,takeoff,0
3441.90000000,BACKGROUND108,landing,1192.00042846
3448.80000000,BACKGROUND157,landing,1701.81434565
3451.05000000,BACKGROUND170,takeoff,0
3477.40000000,BACKGROUND146,landing,1108.87595912
3493.65000000,BACKGROUND159,landing,803.97845235
3493.80000000,BACKGROUND150,landing,2938.43489212
3496.05000000,BACKGROUND169,takeoff,0
3496.05000000,BACKGROUND175,takeoff,0
3511.05000000,BACKGROUND173,takeoff,0
3514.50000000,BACKGROUND140,landing,2554.10335261
3516.60000000,DELIVERY27,landing,1813.23765233
3519.60000000,DELIVERY27,takeoff,0
3541.05000000,BACKGROUND178,takeoff,0
3551.45000000,DELIVERY18,landing,2045.46175004
3552.30000000,DELIVERY14,landing,2449.65054553
3552.80000000,BACKGROUND161,landing,1780.02085211
3555.30000000,DELIVERY14,takeoff,0
3556.05000000,BACKGROUND179,takeoff,0
3557.75000000,DELIVERY14,landing,5.96597739
3563.85000000,BACKGROUND149,landing,2902.56893498
3586.05000000,BACKGROUND177,takeoff,0
3600.05000000,BACKGROUND141,takeoff,0
3600.05000000,BACKGROUND154,takeoff,0
3600.05000000,DELIVERY28,takeoff,0
3600.05000000,BACKGROUND176,takeoff,0
3600.05000000,BACKGROUND174,takeoff,0
3600.05000000,DELIVERY31,takeoff,0
3600.05000000,DELIVERY33,takeoff,0
3600.05000000,DELIVERY32,takeoff,0
3600.55000000,BACKGROUND153,landing,1974.04925823
3600.55000000,BACKGROUND153,takeoff,0
