# LOSS OF SEPARATION LOG
# Start and end of all loss of separation
# 
# Simulation Time [s], UAS1, UAS2, Start/End
# simt
119.00000000,BACKGROUND13,BACKGROUND14,start
120.00000000,BACKGROUND13,BACKGROUND14,end
292.00000000,BACKGROUND13,BACKGROUND32,start
293.00000000,BACKGROUND13,BACKGROUND32,end
358.00000000,BACKGROUND17,SURVEILLANCEOP2,start
360.00000000,BACKGROUND17,SURVEILLANCEOP2,end
564.00000000,BACKGROUND33,BACKGROUND62,start
565.00000000,BACKGROUND33,BACKGROUND62,end
585.00000000,SURVEILLANCEOP3,SURVEILLANCE_HELICOPTER,start
586.00000000,SURVEILLANCEOP3,SURVEILLANCE_HELICOPTER,end
612.00000000,BACKGROUND66,SURVEILLANCEOP4,start
615.00000000,BACKGROUND66,SURVEILLANCEOP4,end
627.00000000,BACKGROUND46,BACKGROUND62,start
628.00000000,BACKGROUND46,BACKGROUND62,end
715.00000000,BACKGROUND73,BACKGROUND74,start
717.00000000,BACKGROUND73,BACKGROUND74,end
721.00000000,BACKGROUND14,BACKGROUND33,start
722.00000000,BACKGROUND14,BACKGROUND33,end
729.00000000,BACKGROUND24,BACKGROUND70,start
732.00000000,BACKGROUND24,BACKGROUND70,end
745.00000000,BACKGROUND21,BACKGROUND70,start
747.00000000,BACKGROUND21,BACKGROUND70,end
749.00000000,BACKGROUND70,BACKGROUND79,start
752.00000000,BACKGROUND70,BACKGROUND79,end
765.00000000,BACKGROUND22,BACKGROUND71,start
767.00000000,BACKGROUND22,BACKGROUND71,end
775.00000000,BACKGROUND49,BACKGROUND77,start
777.00000000,BACKGROUND49,BACKGROUND77,end
797.00000000,BACKGROUND65,BACKGROUND77,start
797.00000000,BACKGROUND52,BACKGROUND75,start
798.00000000,BACKGROUND24,BACKGROUND65,start
798.00000000,BACKGROUND69,BACKGROUND73,start
798.00000000,BACKGROUND65,BACKGROUND77,end
799.00000000,BACKGROUND52,BACKGROUND75,end
800.00000000,BACKGROUND24,BACKGROUND65,end
800.00000000,BACKGROUND69,BACKGROUND73,end
803.00000000,BACKGROUND24,BACKGROUND77,start
806.00000000,BACKGROUND75,BACKGROUND86,start
807.00000000,BACKGROUND24,BACKGROUND77,end
808.00000000,BACKGROUND21,BACKGROUND65,start
808.00000000,BACKGROUND75,BACKGROUND86,end
810.00000000,BACKGROUND21,BACKGROUND65,end
842.00000000,BACKGROUND63,BACKGROUND88,start
844.00000000,BACKGROUND63,BACKGROUND88,end
876.00000000,BACKGROUND49,BACKGROUND87,start
878.00000000,BACKGROUND49,BACKGROUND87,end
887.00000000,BACKGROUND102,BACKGROUND76,start
888.00000000,BACKGROUND103,BACKGROUND21,start
890.00000000,BACKGROUND103,BACKGROUND21,end
891.00000000,BACKGROUND102,BACKGROUND76,end
897.00000000,BACKGROUND79,BACKGROUND92,start
899.00000000,BACKGROUND79,BACKGROUND92,end
900.00000000,BACKGROUND49,BACKGROUND79,start
904.00000000,BACKGROUND102,BACKGROUND76,start
906.00000000,BACKGROUND49,BACKGROUND79,end
917.00000000,BACKGROUND102,BACKGROUND76,end
944.00000000,BACKGROUND76,BACKGROUND86,start
946.00000000,BACKGROUND76,BACKGROUND86,end
951.00000000,BACKGROUND102,BACKGROUND86,start
953.00000000,BACKGROUND102,BACKGROUND86,end
968.00000000,BACKGROUND108,BACKGROUND81,start
970.00000000,BACKGROUND108,BACKGROUND81,end
1001.00000000,BACKGROUND102,BACKGROUND74,start
1003.00000000,BACKGROUND102,BACKGROUND74,end
1041.00000000,BACKGROUND92,BACKGROUND96,start
1043.00000000,BACKGROUND79,BACKGROUND88,start
1043.00000000,BACKGROUND92,BACKGROUND96,end
1050.00000000,BACKGROUND79,BACKGROUND88,end
1054.00000000,BACKGROUND64,BACKGROUND82,start
1056.00000000,BACKGROUND64,BACKGROUND82,end
1081.00000000,BACKGROUND102,BACKGROUND64,start
1083.00000000,BACKGROUND102,BACKGROUND64,end
1105.00000000,BACKGROUND114,BACKGROUND49,start
1108.00000000,BACKGROUND114,BACKGROUND49,end
1135.00000000,BACKGROUND24,BACKGROUND97,start
1142.00000000,BACKGROUND24,BACKGROUND97,end
1158.00000000,BACKGROUND24,BACKGROUND97,start
1165.00000000,BACKGROUND56,BACKGROUND95,start
1165.00000000,BACKGROUND24,BACKGROUND97,end
1168.00000000,BACKGROUND56,BACKGROUND95,end
1182.00000000,BACKGROUND110,BACKGROUND89,start
1184.00000000,BACKGROUND110,BACKGROUND89,end
1188.00000000,BACKGROUND110,BACKGROUND117,start
1193.00000000,BACKGROUND110,BACKGROUND117,end
1205.00000000,BACKGROUND126,BACKGROUND99,start
1207.00000000,BACKGROUND126,BACKGROUND99,end
1231.00000000,BACKGROUND148,BACKGROUND88,start
1233.00000000,BACKGROUND148,BACKGROUND88,end
1243.00000000,BACKGROUND118,BACKGROUND123,start
1247.00000000,BACKGROUND118,BACKGROUND123,end
1274.00000000,BACKGROUND133,BACKGROUND79,start
1275.00000000,BACKGROUND133,BACKGROUND79,end
1276.00000000,BACKGROUND134,BACKGROUND79,start
1277.00000000,BACKGROUND64,BACKGROUND99,start
1277.00000000,BACKGROUND134,BACKGROUND79,end
1281.00000000,BACKGROUND133,BACKGROUND134,start
1287.00000000,BACKGROUND133,BACKGROUND134,end
1288.00000000,BACKGROUND64,BACKGROUND99,end
1322.00000000,BACKGROUND123,BACKGROUND145,start
1324.00000000,BACKGROUND123,BACKGROUND145,end
1335.00000000,BACKGROUND102,BACKGROUND65,start
1337.00000000,BACKGROUND102,BACKGROUND65,end
1370.00000000,BACKGROUND145,BACKGROUND152,start
1372.00000000,BACKGROUND145,BACKGROUND152,end
1462.00000000,BACKGROUND112,BACKGROUND132,start
1464.00000000,BACKGROUND112,BACKGROUND132,end
1473.00000000,BACKGROUND170,BACKGROUND69,start
1475.00000000,BACKGROUND170,BACKGROUND69,end
1514.00000000,BACKGROUND123,BACKGROUND181,start
1521.00000000,BACKGROUND123,BACKGROUND181,end
1543.00000000,BACKGROUND133,BACKGROUND134,start
1571.00000000,BACKGROUND147,BACKGROUND69,start
1573.00000000,BACKGROUND147,BACKGROUND69,end
1620.00000000,BACKGROUND133,BACKGROUND134,end
1686.00000000,BACKGROUND170,BACKGROUND175,start
1713.00000000,BACKGROUND112,BACKGROUND171,start
1767.00000000,BACKGROUND147,BACKGROUND208,start
1796.00000000,BACKGROUND170,BACKGROUND175,end
1800.00000000,BACKGROUND114,BACKGROUND137,start
1801.00000000,BACKGROUND124,BACKGROUND223,start
