# FLIGHT LOG
# Takeoff, landing, and distance flown of each UAS.
# 
# Simulation Time [s], UAS, Takeoff/Landing, Distance [m]
# simt
1.05000000,DELIVERY1,takeoff,0
16.05000000,BACKGROUND1,takeoff,0
61.05000000,BACKGROUND2,takeoff,0
91.05000000,BACKGROUND3,takeoff,0
106.05000000,BACKGROUND4,takeoff,0
136.05000000,BACKGROUND6,takeoff,0
151.05000000,BACKGROUND7,takeoff,0
166.05000000,BACKGROUND8,takeoff,0
175.35000000,BACKGROUND1,landing,2124.84664322
181.05000000,BACKGROUND5,takeoff,0
181.05000000,BACKGROUND9,takeoff,0
211.05000000,BACKGROUND10,takeoff,0
226.05000000,BACKGROUND11,takeoff,0
256.05000000,BACKGROUND13,takeoff,0
300.10000000,BACKGROUND13,landing,245.74354914
300.10000000,BACKGROUND13,takeoff,0
300.20000000,BACKGROUND8,landing,720.45118643
300.20000000,BACKGROUND8,takeoff,0
300.20000000,BACKGROUND9,landing,1351.86022926
300.20000000,BACKGROUND9,takeoff,0
300.50000000,BACKGROUND6,landing,1736.28581379
300.50000000,BACKGROUND6,takeoff,0
302.35000000,BACKGROUND10,landing,664.12145996
302.35000000,BACKGROUND10,takeoff,0
304.35000000,BACKGROUND11,landing,988.03541929
304.35000000,BACKGROUND11,takeoff,0
304.55000000,DELIVERY1,landing,3677.68107332
304.55000000,DELIVERY1,takeoff,0
304.85000000,BACKGROUND2,landing,3500.96936824
304.85000000,BACKGROUND2,takeoff,0
305.00000000,BACKGROUND4,landing,2912.79576321
305.00000000,BACKGROUND4,takeoff,0
309.00000000,BACKGROUND7,landing,1811.58331634
309.00000000,BACKGROUND7,takeoff,0
311.10000000,BACKGROUND5,landing,2293.49902545
311.10000000,BACKGROUND5,takeoff,0
313.20000000,BACKGROUND3,landing,1789.67661121
313.20000000,BACKGROUND3,takeoff,0
316.05000000,BACKGROUND15,takeoff,0
331.05000000,BACKGROUND16,takeoff,0
346.05000000,BACKGROUND17,takeoff,0
353.45000000,BACKGROUND6,landing,572.57921611
361.05000000,BACKGROUND14,takeoff,0
361.05000000,BACKGROUND18,takeoff,0
421.05000000,BACKGROUND19,takeoff,0
430.45000000,DELIVERY1,landing,795.02771326
433.45000000,DELIVERY1,takeoff,0
481.05000000,BACKGROUND23,takeoff,0
486.75000000,BACKGROUND13,landing,1258.74828607
496.05000000,BACKGROUND24,takeoff,0
503.95000000,BACKGROUND2,landing,1923.81446128
510.10000000,BACKGROUND4,landing,1066.07197539
531.90000000,BACKGROUND16,landing,2417.19704655
538.10000000,BACKGROUND14,landing,3617.55248363
541.05000000,BACKGROUND27,takeoff,0
571.05000000,BACKGROUND25,takeoff,0
586.05000000,BACKGROUND29,takeoff,0
588.05000000,BACKGROUND3,landing,3424.33177206
600.05000000,BACKGROUND12,takeoff,0
600.05000000,BACKGROUND21,takeoff,0
600.05000000,BACKGROUND28,takeoff,0
600.05000000,DELIVERY2,takeoff,0
600.40000000,BACKGROUND19,landing,2061.03850764
600.40000000,BACKGROUND19,takeoff,0
600.65000000,BACKGROUND29,landing,229.08054658
600.65000000,BACKGROUND29,takeoff,0
600.80000000,BACKGROUND23,landing,2038.08536467
600.80000000,BACKGROUND23,takeoff,0
601.05000000,BACKGROUND30,takeoff,0
601.20000000,BACKGROUND25,landing,263.90032042
601.20000000,BACKGROUND25,takeoff,0
603.80000000,BACKGROUND15,landing,2775.63607081
603.80000000,BACKGROUND15,takeoff,0
603.80000000,BACKGROUND27,landing,783.53860041
603.80000000,BACKGROUND27,takeoff,0
605.50000000,BACKGROUND18,landing,3469.10669256
605.50000000,BACKGROUND18,takeoff,0
606.40000000,BACKGROUND11,landing,3029.97568592
606.40000000,BACKGROUND11,takeoff,0
606.65000000,BACKGROUND10,landing,3132.46082006
606.65000000,BACKGROUND10,takeoff,0
608.30000000,BACKGROUND24,landing,760.95647656
608.30000000,BACKGROUND24,takeoff,0
608.40000000,BACKGROUND8,landing,2507.58329138
608.40000000,BACKGROUND8,takeoff,0
611.65000000,BACKGROUND7,landing,1323.45897715
612.90000000,BACKGROUND9,landing,2195.43219143
612.90000000,BACKGROUND9,takeoff,0
640.15000000,BACKGROUND5,landing,3140.47344934
644.60000000,BACKGROUND17,landing,2135.35660197
644.60000000,BACKGROUND17,takeoff,0
644.85000000,DELIVERY1,landing,1037.34755587
644.85000000,DELIVERY1,takeoff,0
661.05000000,BACKGROUND34,takeoff,0
691.05000000,BACKGROUND32,takeoff,0
691.05000000,BACKGROUND35,takeoff,0
720.05000000,DELIVERY3,takeoff,0
721.05000000,BACKGROUND37,takeoff,0
734.35000000,BACKGROUND23,landing,2058.68331066
736.05000000,BACKGROUND38,takeoff,0
751.05000000,BACKGROUND39,takeoff,0
766.05000000,BACKGROUND26,takeoff,0
766.05000000,BACKGROUND33,takeoff,0
766.05000000,BACKGROUND36,takeoff,0
779.65000000,BACKGROUND8,landing,708.13574322
808.85000000,BACKGROUND18,landing,662.25820382
811.05000000,BACKGROUND43,takeoff,0
812.70000000,DELIVERY2,landing,1686.32308391
815.70000000,DELIVERY2,takeoff,0
839.70000000,BACKGROUND35,landing,1754.39537630
844.40000000,BACKGROUND15,landing,2179.19061427
856.05000000,BACKGROUND31,takeoff,0
856.40000000,BACKGROUND27,landing,3033.92436481
886.05000000,BACKGROUND47,takeoff,0
900.05000000,BACKGROUND20,takeoff,0
900.05000000,BACKGROUND22,takeoff,0
900.05000000,BACKGROUND41,takeoff,0
900.05000000,BACKGROUND40,takeoff,0
900.05000000,BACKGROUND44,takeoff,0
900.05000000,DELIVERY5,takeoff,0
900.05000000,DELIVERY6,takeoff,0
900.30000000,BACKGROUND36,landing,2080.13392877
900.30000000,BACKGROUND36,takeoff,0
900.35000000,BACKGROUND31,landing,696.09828576
900.35000000,BACKGROUND31,takeoff,0
900.85000000,BACKGROUND30,landing,1876.77496560
900.85000000,BACKGROUND30,takeoff,0
901.10000000,BACKGROUND47,landing,200.50155784
901.10000000,BACKGROUND47,takeoff,0
901.30000000,BACKGROUND39,landing,1904.31326148
901.30000000,BACKGROUND39,takeoff,0
902.35000000,DELIVERY2,landing,1121.23769180
902.35000000,DELIVERY2,takeoff,0
903.50000000,BACKGROUND34,landing,2062.79108542
903.50000000,BACKGROUND34,takeoff,0
904.55000000,BACKGROUND26,landing,680.73339221
904.55000000,BACKGROUND26,takeoff,0
906.25000000,BACKGROUND37,landing,1736.90453793
906.25000000,BACKGROUND37,takeoff,0
906.85000000,BACKGROUND19,landing,3934.15403849
908.75000000,BACKGROUND17,landing,1540.66321117
908.75000000,BACKGROUND17,takeoff,0
910.30000000,DELIVERY1,landing,2369.39813924
910.30000000,DELIVERY1,takeoff,0
911.85000000,BACKGROUND38,landing,468.99670873
911.85000000,BACKGROUND38,takeoff,0
912.45000000,BACKGROUND11,landing,2045.50158321
912.70000000,BACKGROUND43,landing,496.15998530
912.70000000,BACKGROUND43,takeoff,0
912.90000000,BACKGROUND25,landing,4008.81830662
912.90000000,BACKGROUND25,takeoff,0
913.90000000,BACKGROUND21,landing,2107.55197069
915.15000000,BACKGROUND9,landing,2156.96543769
915.20000000,BACKGROUND12,landing,3458.91475901
916.05000000,BACKGROUND49,takeoff,0
920.20000000,BACKGROUND28,landing,1279.00897656
922.70000000,BACKGROUND33,landing,1172.16299232
922.70000000,BACKGROUND33,takeoff,0
936.95000000,BACKGROUND29,landing,2534.36852881
936.95000000,BACKGROUND29,takeoff,0
970.40000000,BACKGROUND24,landing,3839.35089584
991.85000000,DELIVERY3,landing,2662.28404970
994.85000000,DELIVERY3,takeoff,0
1006.05000000,BACKGROUND55,takeoff,0
1021.05000000,BACKGROUND56,takeoff,0
1024.40000000,DELIVERY2,landing,557.27842151
1050.15000000,BACKGROUND17,landing,1602.73143840
1059.90000000,DELIVERY1,landing,1296.13857093
1078.85000000,BACKGROUND32,landing,870.68056138
1078.85000000,BACKGROUND32,takeoff,0
1081.05000000,BACKGROUND45,takeoff,0
1082.25000000,BACKGROUND26,landing,2771.85541844
1096.05000000,BACKGROUND59,takeoff,0
1104.40000000,BACKGROUND38,landing,2301.52630880
1125.85000000,BACKGROUND30,landing,1594.24644693
1134.55000000,BACKGROUND36,landing,2862.82793713
1151.65000000,DELIVERY5,landing,1929.57559578
1154.65000000,DELIVERY5,takeoff,0
1159.05000000,BACKGROUND41,landing,2828.35075532
1171.05000000,BACKGROUND46,takeoff,0
1171.05000000,BACKGROUND62,takeoff,0
1184.45000000,DELIVERY6,landing,2650.77810408
1186.05000000,BACKGROUND51,takeoff,0
1187.45000000,DELIVERY6,takeoff,0
1200.05000000,BACKGROUND42,takeoff,0
1200.05000000,DELIVERY4,takeoff,0
1200.05000000,BACKGROUND48,takeoff,0
1200.05000000,BACKGROUND50,takeoff,0
1200.05000000,BACKGROUND54,takeoff,0
1200.05000000,BACKGROUND52,takeoff,0
1200.05000000,BACKGROUND53,takeoff,0
1200.05000000,BACKGROUND60,takeoff,0
1200.05000000,DELIVERY9,takeoff,0
1200.10000000,BACKGROUND20,landing,2513.37914409
1200.10000000,BACKGROUND20,takeoff,0
1201.25000000,BACKGROUND49,landing,4560.96390068
1201.25000000,BACKGROUND49,takeoff,0
1203.45000000,BACKGROUND62,landing,203.74286738
1203.45000000,BACKGROUND62,takeoff,0
1204.25000000,BACKGROUND56,landing,2484.27358057
1204.25000000,BACKGROUND56,takeoff,0
1205.05000000,BACKGROUND40,landing,3778.21883769
1205.05000000,BACKGROUND40,takeoff,0
1206.10000000,BACKGROUND32,landing,1568.92789762
1206.10000000,BACKGROUND32,takeoff,0
1206.80000000,BACKGROUND47,landing,4369.72749615
1206.80000000,BACKGROUND47,takeoff,0
1210.05000000,BACKGROUND51,landing,350.06300358
1210.05000000,BACKGROUND51,takeoff,0
1212.40000000,BACKGROUND44,landing,2110.02193811
1212.40000000,BACKGROUND44,takeoff,0
1213.50000000,BACKGROUND55,landing,1147.23475002
1213.50000000,BACKGROUND55,takeoff,0
1213.60000000,BACKGROUND59,landing,646.51760214
1213.60000000,BACKGROUND59,takeoff,0
1213.85000000,BACKGROUND45,landing,661.44475377
1213.85000000,BACKGROUND45,takeoff,0
1214.90000000,BACKGROUND33,landing,2601.74614846
1214.90000000,BACKGROUND33,takeoff,0
1218.30000000,BACKGROUND22,landing,3630.58936611
1221.35000000,BACKGROUND47,landing,270.93541825
1227.00000000,BACKGROUND34,landing,3594.05044025
1227.00000000,BACKGROUND34,takeoff,0
1229.50000000,DELIVERY3,landing,2917.76729075
1246.25000000,BACKGROUND43,landing,1642.81776369
1246.25000000,BACKGROUND43,takeoff,0
1247.60000000,BACKGROUND31,landing,2710.71318351
1247.60000000,BACKGROUND31,takeoff,0
1247.60000000,DELIVERY6,landing,287.40186572
1247.60000000,DELIVERY6,takeoff,0
1252.90000000,BACKGROUND39,landing,2181.10037536
1253.35000000,BACKGROUND29,landing,1811.19443878
1253.35000000,BACKGROUND29,takeoff,0
1257.95000000,DELIVERY5,landing,135.85844923
1257.95000000,DELIVERY5,takeoff,0
1258.95000000,BACKGROUND46,landing,127.05319985
1258.95000000,BACKGROUND46,takeoff,0
1261.05000000,BACKGROUND63,takeoff,0
1269.65000000,BACKGROUND25,landing,1930.87560218
1276.05000000,BACKGROUND61,takeoff,0
1286.75000000,BACKGROUND31,landing,442.90542135
1291.05000000,BACKGROUND57,takeoff,0
1306.05000000,BACKGROUND68,takeoff,0
1350.25000000,BACKGROUND37,landing,2946.40514239
1351.05000000,BACKGROUND70,takeoff,0
1364.05000000,BACKGROUND34,landing,1041.04971737
1366.55000000,BACKGROUND56,landing,693.95049852
1374.40000000,BACKGROUND59,landing,1941.73545350
1396.05000000,BACKGROUND67,takeoff,0
1411.05000000,BACKGROUND74,takeoff,0
1414.35000000,BACKGROUND40,landing,1136.11701314
1441.05000000,BACKGROUND72,takeoff,0
1456.05000000,BACKGROUND77,takeoff,0
1458.45000000,BACKGROUND49,landing,1198.38931906
1480.35000000,DELIVERY9,landing,1938.12064566
1483.35000000,DELIVERY9,takeoff,0
1493.25000000,BACKGROUND54,landing,2082.13163206
1495.75000000,DELIVERY5,landing,1780.49046464
1500.05000000,BACKGROUND58,takeoff,0
1500.05000000,DELIVERY7,takeoff,0
1500.05000000,BACKGROUND66,takeoff,0
1500.05000000,BACKGROUND64,takeoff,0
1500.05000000,BACKGROUND65,takeoff,0
1500.05000000,DELIVERY11,takeoff,0
1500.35000000,BACKGROUND57,landing,1692.08153030
1500.35000000,BACKGROUND57,takeoff,0
1500.50000000,BACKGROUND62,landing,4190.38743314
1500.50000000,BACKGROUND62,takeoff,0
1500.90000000,BACKGROUND43,landing,2357.09974780
1500.90000000,BACKGROUND43,takeoff,0
1501.75000000,BACKGROUND53,landing,2389.69772695
1501.75000000,BACKGROUND53,takeoff,0
1502.55000000,BACKGROUND44,landing,1837.81397340
1502.55000000,BACKGROUND44,takeoff,0
1504.10000000,BACKGROUND50,landing,3042.98226860
1504.10000000,BACKGROUND50,takeoff,0
1505.75000000,BACKGROUND20,landing,2529.87560853
1505.75000000,BACKGROUND20,takeoff,0
1506.75000000,BACKGROUND45,landing,3643.09162851
1506.75000000,BACKGROUND45,takeoff,0
1506.90000000,BACKGROUND42,landing,4781.54802071
1506.90000000,BACKGROUND42,takeoff,0
1507.45000000,BACKGROUND68,landing,1649.55522690
1507.45000000,BACKGROUND68,takeoff,0
1508.85000000,BACKGROUND46,landing,2653.86268791
1508.85000000,BACKGROUND46,takeoff,0
1509.90000000,BACKGROUND48,landing,841.45850625
1509.90000000,BACKGROUND48,takeoff,0
1510.35000000,BACKGROUND77,landing,744.04933359
1510.35000000,BACKGROUND77,takeoff,0
1510.50000000,BACKGROUND74,landing,1190.23230003
1510.50000000,BACKGROUND74,takeoff,0
1513.50000000,BACKGROUND32,landing,2490.47878901
1513.50000000,BACKGROUND32,takeoff,0
1513.85000000,DELIVERY4,landing,3684.83430155
1513.85000000,DELIVERY4,takeoff,0
1515.15000000,BACKGROUND61,landing,3734.83520597
1516.05000000,BACKGROUND79,takeoff,0
1517.20000000,BACKGROUND63,landing,1305.86782982
1517.20000000,BACKGROUND63,takeoff,0
1521.45000000,DELIVERY6,landing,3079.93310254
1526.30000000,BACKGROUND55,landing,3254.41145640
1532.05000000,BACKGROUND67,landing,1143.66746556
1532.05000000,BACKGROUND67,takeoff,0
1542.70000000,BACKGROUND72,landing,393.76551257
1542.70000000,BACKGROUND72,takeoff,0
1557.85000000,BACKGROUND60,landing,1828.29947993
1558.25000000,BACKGROUND52,landing,3465.09630777
1563.10000000,BACKGROUND33,landing,1363.86718876
1571.70000000,BACKGROUND70,landing,881.16163958
1571.70000000,BACKGROUND70,takeoff,0
1575.95000000,BACKGROUND51,landing,2435.69860543
1575.95000000,BACKGROUND51,takeoff,0
1582.20000000,BACKGROUND48,landing,582.33159081
1586.95000000,DELIVERY9,landing,135.78368103
1586.95000000,DELIVERY9,takeoff,0
1591.05000000,BACKGROUND80,takeoff,0
1591.90000000,BACKGROUND44,landing,303.06553278
1591.90000000,BACKGROUND68,landing,1039.16018920
1606.05000000,BACKGROUND81,takeoff,0
1609.05000000,BACKGROUND46,landing,771.59835023
1617.45000000,BACKGROUND29,landing,2900.04544075
1620.05000000,DELIVERY10,takeoff,0
1649.55000000,BACKGROUND32,landing,850.14449229
1654.55000000,BACKGROUND20,landing,697.90329769
1666.05000000,BACKGROUND87,takeoff,0
1667.45000000,DELIVERY4,landing,1171.63188012
1670.45000000,DELIVERY4,takeoff,0
1681.05000000,BACKGROUND76,takeoff,0
1681.05000000,BACKGROUND88,takeoff,0
1697.90000000,BACKGROUND66,landing,2350.16517902
1711.05000000,BACKGROUND90,takeoff,0
1725.15000000,DELIVERY11,landing,1926.40542623
1728.15000000,DELIVERY11,takeoff,0
1740.05000000,DELIVERY12,takeoff,0
1741.05000000,BACKGROUND85,takeoff,0
1751.75000000,BACKGROUND57,landing,892.44562201
1761.10000000,BACKGROUND45,landing,2535.84090931
1769.25000000,BACKGROUND51,landing,1805.30226905
1770.30000000,BACKGROUND74,landing,1519.85085514
1771.05000000,BACKGROUND93,takeoff,0
1784.45000000,DELIVERY7,landing,2650.77810408
1786.05000000,BACKGROUND94,takeoff,0
1786.65000000,BACKGROUND42,landing,1964.01246619
1787.45000000,DELIVERY7,takeoff,0
1791.25000000,BACKGROUND65,landing,3825.62704281
1800.05000000,DELIVERY8,takeoff,0
1800.05000000,BACKGROUND69,takeoff,0
1800.05000000,BACKGROUND71,takeoff,0
1800.05000000,BACKGROUND73,takeoff,0
1800.05000000,BACKGROUND83,takeoff,0
1800.05000000,BACKGROUND84,takeoff,0
1800.05000000,BACKGROUND89,takeoff,0
1800.05000000,DELIVERY15,takeoff,0
1800.05000000,DELIVERY13,takeoff,0
1800.35000000,DELIVERY10,landing,1737.64950032
1800.35000000,DELIVERY10,takeoff,0
1801.35000000,BACKGROUND81,landing,2595.88350851
1801.35000000,BACKGROUND81,takeoff,0
1802.30000000,DELIVERY12,landing,963.41884786
1802.30000000,DELIVERY12,takeoff,0
1803.85000000,BACKGROUND64,landing,2463.00022711
1803.85000000,BACKGROUND64,takeoff,0
1804.15000000,DELIVERY9,landing,1810.27654045
1804.15000000,DELIVERY9,takeoff,0
1804.55000000,BACKGROUND93,landing,591.89401777
1804.55000000,BACKGROUND93,takeoff,0
1805.35000000,DELIVERY7,landing,268.21303897
1805.35000000,DELIVERY7,takeoff,0
1806.35000000,BACKGROUND63,landing,1515.08883217
1806.35000000,BACKGROUND63,takeoff,0
1807.70000000,BACKGROUND87,landing,1171.06896007
1807.70000000,BACKGROUND87,takeoff,0
1808.05000000,BACKGROUND90,landing,1430.70878806
1808.05000000,BACKGROUND90,takeoff,0
1808.60000000,BACKGROUND80,landing,2230.52741175
1808.60000000,BACKGROUND80,takeoff,0
1810.55000000,DELIVERY4,landing,1211.78128973
1810.55000000,DELIVERY4,takeoff,0
1812.10000000,BACKGROUND70,landing,760.54904191
1812.10000000,BACKGROUND70,takeoff,0
1812.15000000,BACKGROUND85,landing,948.05926303
1812.15000000,BACKGROUND85,takeoff,0
1814.20000000,BACKGROUND76,landing,1270.14759681
1814.20000000,BACKGROUND76,takeoff,0
1815.35000000,BACKGROUND79,landing,4590.76939914
1816.30000000,BACKGROUND62,landing,2825.27544047
1816.65000000,BACKGROUND88,landing,650.33040704
1816.65000000,BACKGROUND88,takeoff,0
1829.65000000,BACKGROUND58,landing,2715.19857085
1829.65000000,BACKGROUND58,takeoff,0
1831.85000000,DELIVERY11,landing,135.88347926
1831.85000000,DELIVERY11,takeoff,0
1835.75000000,BACKGROUND77,landing,3567.45253518
1835.75000000,BACKGROUND77,takeoff,0
1836.85000000,DELIVERY9,landing,608.71312955
1837.40000000,BACKGROUND43,landing,1534.24123352
1838.30000000,BACKGROUND94,landing,208.77319153
1838.30000000,BACKGROUND94,takeoff,0
1845.55000000,BACKGROUND67,landing,3523.41648936
1845.55000000,BACKGROUND67,takeoff,0
1860.05000000,DELIVERY14,takeoff,0
1861.05000000,BACKGROUND98,takeoff,0
1864.15000000,BACKGROUND72,landing,2673.01447081
1891.05000000,BACKGROUND100,takeoff,0
1936.05000000,BACKGROUND99,takeoff,0
1936.05000000,BACKGROUND102,takeoff,0
1945.70000000,BACKGROUND53,landing,1785.06878435
1945.70000000,BACKGROUND53,takeoff,0
1955.10000000,BACKGROUND93,landing,1231.30434489
1966.05000000,BACKGROUND103,takeoff,0
1988.60000000,BACKGROUND67,landing,1660.80101410
2026.05000000,BACKGROUND107,takeoff,0
2027.45000000,DELIVERY12,landing,1688.91342864
2030.45000000,DELIVERY12,takeoff,0
2056.05000000,BACKGROUND109,takeoff,0
2065.10000000,BACKGROUND85,landing,1395.80126693
2071.05000000,BACKGROUND97,takeoff,0
2074.75000000,BACKGROUND76,landing,3535.11367210
2084.45000000,DELIVERY15,landing,2650.77810408
2087.45000000,DELIVERY15,takeoff,0
2091.15000000,DELIVERY7,landing,2622.49076302
2094.15000000,DELIVERY7,takeoff,0
2100.05000000,BACKGROUND75,takeoff,0
2100.05000000,BACKGROUND82,takeoff,0
2100.05000000,BACKGROUND92,takeoff,0
2100.05000000,BACKGROUND86,takeoff,0
2100.05000000,BACKGROUND91,takeoff,0
2100.05000000,BACKGROUND105,takeoff,0
2100.05000000,BACKGROUND106,takeoff,0
2100.55000000,BACKGROUND71,landing,2287.78317557
2100.55000000,BACKGROUND71,takeoff,0
2100.65000000,DELIVERY7,landing,0.33494870
2101.55000000,DELIVERY8,landing,3458.77365971
2101.55000000,DELIVERY8,takeoff,0
2101.85000000,BACKGROUND100,landing,364.08209855
2101.85000000,BACKGROUND100,takeoff,0
2102.70000000,BACKGROUND107,landing,373.13856775
2102.70000000,BACKGROUND107,takeoff,0
2102.95000000,BACKGROUND102,landing,2559.64347614
2102.95000000,BACKGROUND102,takeoff,0
2103.85000000,BACKGROUND99,landing,1886.70382849
2103.85000000,BACKGROUND99,takeoff,0
2104.20000000,BACKGROUND103,landing,839.86502779
2104.20000000,BACKGROUND103,takeoff,0
2105.65000000,DELIVERY14,landing,3335.97677216
2105.65000000,DELIVERY14,takeoff,0
2105.80000000,BACKGROUND53,landing,103.73506865
2105.80000000,BACKGROUND53,takeoff,0
2106.90000000,BACKGROUND97,landing,310.97999228
2106.90000000,BACKGROUND97,takeoff,0
2106.95000000,BACKGROUND64,landing,963.47886311
2106.95000000,BACKGROUND64,takeoff,0
2107.10000000,DELIVERY12,landing,845.14315071
2107.10000000,DELIVERY12,takeoff,0
2107.30000000,BACKGROUND109,landing,408.80155589
2107.30000000,BACKGROUND109,takeoff,0
2109.45000000,BACKGROUND70,landing,1860.36752423
2109.45000000,BACKGROUND70,takeoff,0
2111.80000000,BACKGROUND98,landing,1036.57289708
2111.80000000,BACKGROUND98,takeoff,0
2112.85000000,BACKGROUND94,landing,2561.37180671
2112.85000000,BACKGROUND94,takeoff,0
2121.15000000,DELIVERY4,landing,1331.84120966
2121.15000000,DELIVERY4,takeoff,0
2122.40000000,BACKGROUND89,landing,2073.73158215
2123.35000000,BACKGROUND87,landing,4421.66514705
2124.15000000,DELIVERY13,landing,2396.77678671
2125.90000000,BACKGROUND90,landing,2438.00479914
2127.15000000,DELIVERY13,takeoff,0
2132.35000000,BACKGROUND83,landing,1874.09153846
2132.35000000,BACKGROUND83,takeoff,0
2132.95000000,BACKGROUND58,landing,1973.88834643
2132.95000000,BACKGROUND58,takeoff,0
2134.70000000,BACKGROUND63,landing,2344.39135612
2134.70000000,BACKGROUND63,takeoff,0
2137.70000000,BACKGROUND84,landing,3375.66975114
2137.70000000,BACKGROUND84,takeoff,0
2141.00000000,BACKGROUND88,landing,1751.31934786
2141.00000000,BACKGROUND88,takeoff,0
2142.05000000,DELIVERY11,landing,1787.15307434
2144.70000000,BACKGROUND103,landing,733.66948152
2145.60000000,DELIVERY15,landing,287.65401565
2145.60000000,DELIVERY15,takeoff,0
2146.05000000,BACKGROUND101,takeoff,0
2151.10000000,DELIVERY10,landing,2989.94229691
2154.10000000,DELIVERY10,takeoff,0
2161.05000000,BACKGROUND110,takeoff,0
2162.60000000,BACKGROUND80,landing,3431.85587849
2175.10000000,BACKGROUND81,landing,3898.21292276
2176.05000000,BACKGROUND111,takeoff,0
2176.35000000,BACKGROUND63,landing,478.76257942
2181.15000000,BACKGROUND73,landing,2039.62679819
2181.15000000,BACKGROUND73,takeoff,0
2206.05000000,BACKGROUND115,takeoff,0
2222.15000000,BACKGROUND53,landing,990.58576092
2239.20000000,BACKGROUND98,landing,1243.73531816
2241.10000000,BACKGROUND69,landing,1935.02784793
2247.45000000,DELIVERY12,landing,1801.35609651
2266.05000000,BACKGROUND113,takeoff,0
2273.10000000,BACKGROUND91,landing,2319.52999858
2281.05000000,BACKGROUND116,takeoff,0
2281.05000000,BACKGROUND120,takeoff,0
2296.05000000,BACKGROUND117,takeoff,0
2296.05000000,BACKGROUND121,takeoff,0
2309.85000000,BACKGROUND71,landing,2336.36382763
2311.05000000,BACKGROUND122,takeoff,0
2340.05000000,DELIVERY17,takeoff,0
2341.05000000,BACKGROUND124,takeoff,0
2348.90000000,BACKGROUND101,landing,2193.46149647
2356.05000000,BACKGROUND125,takeoff,0
2360.00000000,DELIVERY8,landing,1259.69419140
2363.00000000,DELIVERY8,takeoff,0
2366.55000000,DELIVERY4,landing,2202.35335946
2370.20000000,BACKGROUND84,landing,2603.52801360
2386.05000000,BACKGROUND127,takeoff,0
2391.75000000,BACKGROUND83,landing,1514.37945223
2400.05000000,BACKGROUND78,takeoff,0
2400.05000000,BACKGROUND95,takeoff,0
2400.05000000,BACKGROUND104,takeoff,0
2400.05000000,BACKGROUND108,takeoff,0
2400.05000000,DELIVERY16,takeoff,0
2400.05000000,DELIVERY18,takeoff,0
2400.05000000,BACKGROUND112,takeoff,0
2400.05000000,BACKGROUND118,takeoff,0
2400.05000000,DELIVERY20,takeoff,0
2400.50000000,BACKGROUND110,landing,1489.52405912
2400.50000000,BACKGROUND110,takeoff,0
2401.65000000,BACKGROUND117,landing,1256.25895259
2401.65000000,BACKGROUND117,takeoff,0
2402.30000000,BACKGROUND92,landing,876.40305968
2402.30000000,BACKGROUND92,takeoff,0
2402.30000000,DELIVERY17,landing,963.41884786
2402.30000000,DELIVERY17,takeoff,0
2402.35000000,BACKGROUND111,landing,2868.22152854
2402.35000000,BACKGROUND111,takeoff,0
2403.45000000,BACKGROUND100,landing,2370.99957381
2403.45000000,BACKGROUND100,takeoff,0
2403.55000000,BACKGROUND64,landing,2422.35054467
2403.55000000,BACKGROUND64,takeoff,0
2405.85000000,BACKGROUND121,landing,1643.81873787
2405.85000000,BACKGROUND121,takeoff,0
2407.10000000,BACKGROUND105,landing,3766.41671700
2407.10000000,BACKGROUND105,takeoff,0
2407.20000000,BACKGROUND107,landing,2864.79271970
2407.20000000,BACKGROUND107,takeoff,0
2407.65000000,DELIVERY10,landing,1925.36294562
2407.65000000,DELIVERY10,takeoff,0
2408.20000000,BACKGROUND86,landing,3741.73522368
2408.20000000,BACKGROUND86,takeoff,0
2408.45000000,BACKGROUND125,landing,193.46949278
2408.45000000,BACKGROUND125,takeoff,0
2410.00000000,BACKGROUND102,landing,1064.67959296
2411.15000000,BACKGROUND82,landing,2029.80381745
2411.60000000,BACKGROUND122,landing,1317.05070707
2412.45000000,DELIVERY14,landing,1449.65729074
2412.80000000,BACKGROUND109,landing,2592.17808154
2414.75000000,BACKGROUND115,landing,1627.50264923
2414.75000000,BACKGROUND115,takeoff,0
2415.45000000,DELIVERY14,takeoff,0
2416.05000000,BACKGROUND129,takeoff,0
2416.60000000,BACKGROUND58,landing,929.01208660
2416.60000000,BACKGROUND58,takeoff,0
2418.35000000,BACKGROUND120,landing,339.70226592
2418.35000000,BACKGROUND120,takeoff,0
2421.25000000,BACKGROUND106,landing,4043.37888893
2423.10000000,BACKGROUND116,landing,965.68649396
2423.10000000,BACKGROUND116,takeoff,0
2425.45000000,DELIVERY8,landing,252.77944628
2425.45000000,DELIVERY8,takeoff,0
2426.50000000,BACKGROUND99,landing,4201.06910996
2427.65000000,DELIVERY15,landing,2649.85331293
2429.65000000,BACKGROUND100,landing,194.24366378
2430.65000000,DELIVERY15,takeoff,0
2431.05000000,BACKGROUND130,takeoff,0
2431.05000000,BACKGROUND127,landing,273.49399672
2431.05000000,BACKGROUND127,takeoff,0
2434.95000000,BACKGROUND110,landing,360.99401062
2437.15000000,DELIVERY15,landing,0.33494870
2437.50000000,BACKGROUND88,landing,2254.75357701
2437.50000000,BACKGROUND88,takeoff,0
2439.70000000,BACKGROUND70,landing,1947.20213205
2443.90000000,BACKGROUND97,landing,2704.51589508
2443.90000000,BACKGROUND97,takeoff,0
2456.05000000,DELIVERY13,landing,1534.15531916
2459.75000000,BACKGROUND75,landing,1182.58551796
2459.75000000,BACKGROUND75,takeoff,0
2461.05000000,BACKGROUND128,takeoff,0
2461.05000000,BACKGROUND131,takeoff,0
2471.70000000,BACKGROUND73,landing,1784.29686944
2476.05000000,BACKGROUND132,takeoff,0
2491.05000000,BACKGROUND133,takeoff,0
2493.95000000,BACKGROUND88,landing,272.48171760
2495.95000000,BACKGROUND113,landing,197.87264956
2495.95000000,BACKGROUND113,takeoff,0
2506.05000000,BACKGROUND134,takeoff,0
2520.00000000,BACKGROUND58,landing,369.73542106
2525.80000000,BACKGROUND86,landing,809.40118974
2536.05000000,BACKGROUND136,takeoff,0
2536.40000000,BACKGROUND121,landing,1177.77920223
2545.40000000,BACKGROUND107,landing,570.55013298
2558.20000000,BACKGROUND118,landing,1995.02002303
2578.75000000,DELIVERY17,landing,1821.13762767
2581.75000000,DELIVERY17,takeoff,0
2584.45000000,BACKGROUND105,landing,2599.63849425
2587.80000000,BACKGROUND128,landing,2070.25194769
2611.05000000,BACKGROUND138,takeoff,0
2612.55000000,BACKGROUND64,landing,777.48961741
2626.05000000,BACKGROUND139,takeoff,0
2641.05000000,BACKGROUND135,takeoff,0
2646.50000000,DELIVERY16,landing,1922.48361930
2649.05000000,BACKGROUND117,landing,2160.27151206
2649.50000000,DELIVERY16,takeoff,0
2671.05000000,BACKGROUND141,takeoff,0
2677.25000000,BACKGROUND104,landing,2415.77942750
2695.20000000,DELIVERY10,landing,2780.54004440
2699.35000000,BACKGROUND111,landing,2012.16859835
2700.05000000,BACKGROUND96,takeoff,0
2700.05000000,DELIVERY21,takeoff,0
2700.05000000,BACKGROUND140,takeoff,0
2700.05000000,DELIVERY23,takeoff,0
2700.10000000,BACKGROUND92,landing,3858.53668511
2700.10000000,BACKGROUND92,takeoff,0
2700.85000000,BACKGROUND135,landing,665.03904840
2700.85000000,BACKGROUND135,takeoff,0
2701.00000000,BACKGROUND132,landing,3489.03305377
2701.00000000,BACKGROUND132,takeoff,0
2701.25000000,DELIVERY17,landing,843.09935122
2701.25000000,DELIVERY17,takeoff,0
2702.95000000,DELIVERY14,landing,2265.76139577
2702.95000000,DELIVERY14,takeoff,0
2703.45000000,BACKGROUND120,landing,3396.54707073
2703.45000000,BACKGROUND120,takeoff,0
2704.25000000,BACKGROUND108,landing,3401.47526112
2704.25000000,BACKGROUND108,takeoff,0
2704.25000000,BACKGROUND127,landing,2647.48268973
2704.25000000,BACKGROUND127,takeoff,0
2705.85000000,BACKGROUND116,landing,2099.83634786
2705.85000000,BACKGROUND116,takeoff,0
2706.10000000,BACKGROUND139,landing,268.12467281
2706.10000000,BACKGROUND139,takeoff,0
2706.30000000,BACKGROUND134,landing,2597.22944969
2706.30000000,BACKGROUND134,takeoff,0
2706.70000000,DELIVERY18,landing,3438.54265280
2706.70000000,DELIVERY18,takeoff,0
2708.00000000,BACKGROUND129,landing,3592.93104335
2708.00000000,BACKGROUND129,takeoff,0
2709.40000000,BACKGROUND125,landing,3503.18567866
2709.40000000,BACKGROUND125,takeoff,0
2709.95000000,BACKGROUND113,landing,659.28760198
2709.95000000,BACKGROUND113,takeoff,0
2710.25000000,BACKGROUND115,landing,2846.29857332
2710.25000000,BACKGROUND115,takeoff,0
2710.75000000,BACKGROUND95,landing,2643.56009388
2710.75000000,BACKGROUND95,takeoff,0
2711.45000000,BACKGROUND133,landing,1253.25285715
2711.45000000,BACKGROUND133,takeoff,0
2711.95000000,BACKGROUND136,landing,2424.26601097
2711.95000000,BACKGROUND136,takeoff,0
2716.10000000,BACKGROUND130,landing,3080.23473313
2716.50000000,BACKGROUND78,landing,3900.33396299
2716.50000000,BACKGROUND78,takeoff,0
2717.70000000,BACKGROUND138,landing,1221.57414746
2717.70000000,BACKGROUND138,takeoff,0
2719.10000000,BACKGROUND132,landing,370.39715796
2721.20000000,BACKGROUND112,landing,2339.48398850
2721.20000000,BACKGROUND112,takeoff,0
2722.75000000,DELIVERY16,landing,252.27202187
2722.75000000,DELIVERY16,takeoff,0
2730.90000000,DELIVERY8,landing,2848.12272185
2730.90000000,DELIVERY8,takeoff,0
2730.95000000,DELIVERY20,landing,2378.95893840
2731.00000000,BACKGROUND141,landing,264.87554367
2731.00000000,BACKGROUND141,takeoff,0
2731.05000000,BACKGROUND143,takeoff,0
2733.95000000,DELIVERY20,takeoff,0
2746.05000000,BACKGROUND144,takeoff,0
2746.20000000,BACKGROUND112,landing,158.03368419
2753.65000000,BACKGROUND124,landing,1134.91652126
2753.65000000,BACKGROUND124,takeoff,0
2763.95000000,BACKGROUND131,landing,2896.17388389
2768.15000000,BACKGROUND75,landing,2847.27164436
2776.05000000,BACKGROUND146,takeoff,0
2781.80000000,BACKGROUND134,landing,836.29665056
2791.05000000,BACKGROUND147,takeoff,0
2797.85000000,BACKGROUND127,landing,960.38855607
2802.85000000,BACKGROUND108,landing,1494.34265726
2815.05000000,BACKGROUND94,landing,1002.09195261
2815.05000000,BACKGROUND94,takeoff,0
2821.05000000,BACKGROUND145,takeoff,0
2841.65000000,DELIVERY17,landing,1801.28012906
2861.95000000,BACKGROUND135,landing,1868.18692031
2866.05000000,BACKGROUND148,takeoff,0
2881.05000000,BACKGROUND149,takeoff,0
2894.00000000,BACKGROUND138,landing,1118.76414378
2896.05000000,BACKGROUND150,takeoff,0
2911.05000000,BACKGROUND151,takeoff,0
2911.65000000,DELIVERY18,landing,1278.08266420
2914.65000000,DELIVERY18,takeoff,0
2932.65000000,BACKGROUND92,landing,1542.76468019
2940.05000000,DELIVERY24,takeoff,0
2951.15000000,BACKGROUND143,landing,3259.52005199
2951.95000000,DELIVERY16,landing,1665.22901130
2954.95000000,DELIVERY16,takeoff,0
2956.05000000,BACKGROUND153,takeoff,0
2961.45000000,DELIVERY16,landing,0.33494870
2971.05000000,BACKGROUND154,takeoff,0
2981.10000000,DELIVERY8,landing,1544.78365090
2981.35000000,BACKGROUND129,landing,1248.73549920
2984.45000000,DELIVERY21,landing,2650.77810408
2986.05000000,BACKGROUND155,takeoff,0
2987.45000000,DELIVERY21,takeoff,0
2997.75000000,BACKGROUND116,landing,1580.79463231
3000.05000000,DELIVERY19,takeoff,0
3000.05000000,DELIVERY22,takeoff,0
3000.05000000,BACKGROUND152,takeoff,0
3000.05000000,DELIVERY27,takeoff,0
3001.35000000,BACKGROUND96,landing,2917.43968789
3001.35000000,BACKGROUND96,takeoff,0
3001.50000000,DELIVERY18,landing,369.64796761
3001.50000000,DELIVERY18,takeoff,0
3002.10000000,BACKGROUND150,landing,1142.88115226
3002.10000000,BACKGROUND150,takeoff,0
3002.20000000,BACKGROUND149,landing,955.50859860
3002.20000000,BACKGROUND149,takeoff,0
3002.60000000,BACKGROUND145,landing,1809.32932586
3002.60000000,BACKGROUND145,takeoff,0
3003.15000000,BACKGROUND148,landing,1513.81554519
3003.15000000,BACKGROUND148,takeoff,0
3003.65000000,BACKGROUND144,landing,1784.42903251
3003.65000000,BACKGROUND144,takeoff,0
3003.90000000,BACKGROUND95,landing,1017.51920105
3003.90000000,BACKGROUND95,takeoff,0
3003.95000000,BACKGROUND147,landing,2018.44111833
3003.95000000,BACKGROUND147,takeoff,0
3004.85000000,BACKGROUND146,landing,2982.06097667
3004.85000000,BACKGROUND146,takeoff,0
3006.95000000,BACKGROUND155,landing,35.23692625
3006.95000000,BACKGROUND155,takeoff,0
3008.85000000,BACKGROUND133,landing,1799.12273258
3008.85000000,BACKGROUND133,takeoff,0
3008.95000000,BACKGROUND154,landing,178.02673533
3008.95000000,BACKGROUND154,takeoff,0
3010.10000000,BACKGROUND113,landing,2035.99551905
3010.10000000,BACKGROUND113,takeoff,0
3010.10000000,BACKGROUND151,landing,1293.57256142
3010.10000000,BACKGROUND151,takeoff,0
3011.05000000,BACKGROUND136,landing,945.16369056
3011.05000000,BACKGROUND136,takeoff,0
3013.50000000,BACKGROUND139,landing,1996.28943540
3013.50000000,BACKGROUND139,takeoff,0
3015.30000000,BACKGROUND120,landing,923.41550886
3017.15000000,BACKGROUND153,landing,308.11042866
3017.15000000,BACKGROUND153,takeoff,0
3022.35000000,BACKGROUND140,landing,2047.52256303
3024.10000000,DELIVERY24,landing,1270.39259098
3024.10000000,DELIVERY24,takeoff,0
3028.90000000,DELIVERY21,landing,133.72267192
3028.90000000,DELIVERY21,takeoff,0
3031.05000000,BACKGROUND158,takeoff,0
3032.60000000,BACKGROUND78,landing,1514.19567437
3040.55000000,BACKGROUND125,landing,3704.74706954
3046.05000000,BACKGROUND159,takeoff,0
3048.90000000,BACKGROUND115,landing,1415.42869800
3055.95000000,DELIVERY23,landing,2713.48124687
3058.95000000,DELIVERY23,takeoff,0
3062.70000000,DELIVERY20,landing,1534.31799697
3076.05000000,BACKGROUND157,takeoff,0
3078.70000000,DELIVERY14,landing,2290.05310276
3087.20000000,BACKGROUND94,landing,1823.16499623
3087.45000000,BACKGROUND97,landing,1678.27305049
3091.05000000,BACKGROUND161,takeoff,0
3119.40000000,BACKGROUND124,landing,3917.27816000
3121.05000000,BACKGROUND163,takeoff,0
3149.50000000,BACKGROUND149,landing,1621.90571614
3151.05000000,BACKGROUND164,takeoff,0
3168.65000000,BACKGROUND141,landing,1983.78664316
3177.70000000,DELIVERY24,landing,1516.21440326
3180.70000000,DELIVERY24,takeoff,0
3207.55000000,BACKGROUND113,landing,1456.92555571
3226.05000000,BACKGROUND169,takeoff,0
3246.50000000,DELIVERY27,landing,1922.48361930
3247.20000000,BACKGROUND146,landing,1547.02753102
3249.50000000,DELIVERY27,takeoff,0
3256.05000000,BACKGROUND170,takeoff,0
3264.50000000,BACKGROUND133,landing,2188.74735479
3267.80000000,DELIVERY21,landing,2840.90516817
3270.80000000,DELIVERY21,takeoff,0
3277.30000000,DELIVERY21,landing,0.33494870
3277.35000000,BACKGROUND136,landing,687.84379699
3280.00000000,BACKGROUND159,landing,2459.44282391
3300.05000000,BACKGROUND114,takeoff,0
3300.05000000,BACKGROUND123,takeoff,0
3300.05000000,BACKGROUND126,takeoff,0
3300.05000000,BACKGROUND119,takeoff,0
3300.05000000,BACKGROUND137,takeoff,0
3300.05000000,DELIVERY26,takeoff,0
3300.05000000,DELIVERY25,takeoff,0
3300.05000000,BACKGROUND162,takeoff,0
3300.05000000,BACKGROUND166,takeoff,0
3300.05000000,BACKGROUND168,takeoff,0
3300.05000000,DELIVERY29,takeoff,0
3300.05000000,BACKGROUND163,landing,2002.42200696
3300.05000000,BACKGROUND163,takeoff,0
3300.25000000,DELIVERY24,landing,706.13663441
3300.25000000,DELIVERY24,takeoff,0
3300.55000000,BACKGROUND169,landing,854.26175179
3300.55000000,BACKGROUND169,takeoff,0
3300.60000000,BACKGROUND152,landing,3234.34082080
3300.60000000,BACKGROUND152,takeoff,0
3301.05000000,BACKGROUND172,takeoff,0
3301.35000000,DELIVERY18,landing,2432.82805835
3301.35000000,DELIVERY18,takeoff,0
3302.15000000,BACKGROUND153,landing,1888.55238136
3302.15000000,BACKGROUND153,takeoff,0
3302.60000000,DELIVERY23,landing,1237.80185637
3302.60000000,DELIVERY23,takeoff,0
3302.80000000,BACKGROUND164,landing,2480.15350273
3302.80000000,BACKGROUND164,takeoff,0
3303.85000000,BACKGROUND170,landing,450.00272737
3303.85000000,BACKGROUND170,takeoff,0
3304.00000000,BACKGROUND95,landing,2501.33974254
3304.00000000,BACKGROUND95,takeoff,0
3305.60000000,DELIVERY19,landing,3783.89024045
3305.60000000,DELIVERY19,takeoff,0
3305.70000000,DELIVERY22,landing,3707.30543556
3305.70000000,DELIVERY22,takeoff,0
3306.00000000,BACKGROUND96,landing,3279.34386002
3306.00000000,BACKGROUND96,takeoff,0
3307.30000000,BACKGROUND151,landing,4120.30281330
3307.30000000,BACKGROUND151,takeoff,0
3307.90000000,BACKGROUND158,landing,3145.24720547
3307.90000000,BACKGROUND158,takeoff,0
3308.75000000,BACKGROUND150,landing,2278.57661803
3308.75000000,BACKGROUND150,takeoff,0
3312.85000000,BACKGROUND157,landing,2084.84135674
3312.85000000,BACKGROUND157,takeoff,0
3316.05000000,BACKGROUND173,takeoff,0
3316.70000000,BACKGROUND161,landing,1644.98059372
3316.70000000,BACKGROUND161,takeoff,0
3322.75000000,DELIVERY27,landing,252.27202187
3322.75000000,DELIVERY27,takeoff,0
3331.25000000,BACKGROUND154,landing,5801.31546807
3339.65000000,BACKGROUND144,landing,1548.79459033
3339.65000000,BACKGROUND144,takeoff,0
3339.75000000,BACKGROUND145,landing,3409.11225453
3342.90000000,BACKGROUND155,landing,2819.21646935
3349.50000000,BACKGROUND139,landing,1017.33354210
3363.60000000,BACKGROUND147,landing,2783.18889807
3364.75000000,BACKGROUND163,landing,769.51104742
3376.05000000,BACKGROUND176,takeoff,0
3399.20000000,DELIVERY23,landing,679.63275786
3421.05000000,BACKGROUND175,takeoff,0
3421.05000000,BACKGROUND177,takeoff,0
3433.00000000,BACKGROUND137,landing,1482.11029125
3436.05000000,BACKGROUND178,takeoff,0
3466.05000000,BACKGROUND180,takeoff,0
3470.75000000,BACKGROUND153,landing,1048.07762873
3472.90000000,BACKGROUND158,landing,1010.00186953
3475.05000000,DELIVERY19,landing,983.52578684
3478.05000000,DELIVERY19,takeoff,0
3480.05000000,DELIVERY30,takeoff,0
3487.80000000,DELIVERY24,landing,2208.67794624
3490.80000000,DELIVERY24,takeoff,0
3492.50000000,BACKGROUND157,landing,1083.82530596
3496.05000000,BACKGROUND181,takeoff,0
3496.85000000,BACKGROUND151,landing,2105.58395939
3497.30000000,DELIVERY24,landing,0.33494870
3511.05000000,BACKGROUND174,takeoff,0
3511.05000000,BACKGROUND179,takeoff,0
3526.05000000,BACKGROUND183,takeoff,0
3528.25000000,DELIVERY27,landing,1376.06775728
3531.25000000,DELIVERY27,takeoff,0
3535.45000000,BACKGROUND168,landing,1789.18515443
3537.75000000,DELIVERY27,landing,0.33494870
3541.05000000,BACKGROUND184,takeoff,0
3556.50000000,DELIVERY29,landing,1937.79142029
3559.50000000,DELIVERY29,takeoff,0
3571.05000000,BACKGROUND182,takeoff,0
3571.05000000,BACKGROUND186,takeoff,0
3571.50000000,BACKGROUND96,landing,744.61777273
3575.30000000,BACKGROUND119,landing,3068.25626519
3583.00000000,DELIVERY22,landing,1514.11961457
3584.45000000,DELIVERY25,landing,2650.77810408
3586.00000000,DELIVERY22,takeoff,0
3586.95000000,DELIVERY18,landing,1885.74483368
3587.45000000,DELIVERY25,takeoff,0
3589.75000000,BACKGROUND148,landing,2518.14442580
3589.95000000,DELIVERY18,takeoff,0
3592.15000000,DELIVERY18,landing,5.91138305
3592.50000000,BACKGROUND152,landing,1690.02718711
3600.05000000,BACKGROUND156,takeoff,0
3600.05000000,BACKGROUND165,takeoff,0
3600.05000000,BACKGROUND171,takeoff,0
3600.05000000,DELIVERY28,takeoff,0
3600.05000000,BACKGROUND167,takeoff,0
3600.05000000,BACKGROUND185,takeoff,0
3600.05000000,DELIVERY32,takeoff,0
3600.05000000,DELIVERY31,takeoff,0
3600.05000000,DELIVERY33,takeoff,0
3600.90000000,DELIVERY29,landing,133.72964325
3600.90000000,DELIVERY29,takeoff,0
3600.95000000,BACKGROUND114,landing,3648.25539521
3600.95000000,BACKGROUND114,takeoff,0
