# FLIGHT LOG
# Takeoff, landing, and distance flown of each UAS.
# 
# Simulation Time [s], UAS, Takeoff/Landing, Distance [m]
# simt
1.05000000,DELIVERY1,takeoff,0
151.05000000,BACKGROUND1,takeoff,0
301.05000000,BACKGROUND2,takeoff,0
407.15000000,DELIVERY1,landing,4472.07316806
410.15000000,DELIVERY1,takeoff,0
451.05000000,BACKGROUND3,takeoff,0
487.45000000,BACKGROUND1,landing,5463.94530564
600.05000000,DELIVERY2,takeoff,0
600.05000000,DELIVERY3,takeoff,0
601.05000000,BACKGROUND4,takeoff,0
751.05000000,BACKGROUND5,takeoff,0
756.35000000,BACKGROUND2,landing,4061.63298603
770.15000000,DELIVERY1,landing,4454.54573768
806.35000000,DELIVERY3,landing,1693.33987025
809.35000000,DELIVERY3,takeoff,0
884.45000000,DELIVERY2,landing,2650.77810408
887.45000000,DELIVERY2,takeoff,0
893.60000000,BACKGROUND4,landing,2075.11304153
900.05000000,DELIVERY4,takeoff,0
900.05000000,DELIVERY5,takeoff,0
900.05000000,DELIVERY6,takeoff,0
901.05000000,BACKGROUND6,takeoff,0
1012.85000000,DELIVERY3,landing,1677.60927077
1051.05000000,BACKGROUND7,takeoff,0
1071.90000000,BACKGROUND5,landing,4720.76405207
1090.90000000,DELIVERY2,landing,2642.72146535
1100.95000000,BACKGROUND3,landing,4790.32693616
1106.35000000,DELIVERY6,landing,1693.33987025
1109.35000000,DELIVERY6,takeoff,0
1184.45000000,DELIVERY4,landing,2650.77810408
1187.45000000,DELIVERY4,takeoff,0
1200.05000000,DELIVERY7,takeoff,0
1200.05000000,DELIVERY8,takeoff,0
1200.05000000,DELIVERY9,takeoff,0
1201.05000000,BACKGROUND8,takeoff,0
1306.15000000,DELIVERY5,landing,4472.07316806
1309.15000000,DELIVERY5,takeoff,0
1312.85000000,DELIVERY6,landing,1677.60927077
1319.50000000,BACKGROUND7,landing,2287.06814624
1351.05000000,BACKGROUND9,takeoff,0
1390.90000000,DELIVERY4,landing,2642.72146535
1406.35000000,DELIVERY9,landing,1693.33987025
1409.35000000,DELIVERY9,takeoff,0
1451.55000000,BACKGROUND6,landing,3161.69240045
1484.45000000,DELIVERY8,landing,2650.77810408
1487.45000000,DELIVERY8,takeoff,0
1500.05000000,DELIVERY10,takeoff,0
1500.05000000,DELIVERY11,takeoff,0
1500.05000000,DELIVERY12,takeoff,0
1501.05000000,BACKGROUND10,takeoff,0
1606.15000000,DELIVERY7,landing,4472.07316806
1609.15000000,DELIVERY7,takeoff,0
1612.85000000,DELIVERY9,landing,1677.60927077
1651.05000000,BACKGROUND11,takeoff,0
1669.15000000,DELIVERY5,landing,4454.54573768
1690.90000000,DELIVERY8,landing,2642.72146535
1701.65000000,BACKGROUND8,landing,6912.84814758
1706.35000000,DELIVERY11,landing,1693.33987025
1709.35000000,DELIVERY11,takeoff,0
1714.60000000,BACKGROUND10,landing,3278.57292032
1784.45000000,DELIVERY10,landing,2650.77810408
1787.45000000,DELIVERY10,takeoff,0
1800.05000000,DELIVERY13,takeoff,0
1800.05000000,DELIVERY14,takeoff,0
1800.05000000,DELIVERY15,takeoff,0
1877.80000000,BACKGROUND11,landing,1967.03583665
1900.45000000,BACKGROUND9,landing,3190.02729347
1906.15000000,DELIVERY12,landing,4472.07316806
1909.15000000,DELIVERY12,takeoff,0
1912.85000000,DELIVERY11,landing,1677.60927077
1951.05000000,BACKGROUND12,takeoff,0
1969.15000000,DELIVERY7,landing,4454.54573768
1990.90000000,DELIVERY10,landing,2642.72146535
2006.35000000,DELIVERY15,landing,1693.33987025
2009.35000000,DELIVERY15,takeoff,0
2084.45000000,DELIVERY13,landing,2650.77810408
2087.45000000,DELIVERY13,takeoff,0
2100.05000000,DELIVERY16,takeoff,0
2100.05000000,DELIVERY17,takeoff,0
2100.05000000,DELIVERY18,takeoff,0
2101.05000000,BACKGROUND13,takeoff,0
2206.15000000,DELIVERY14,landing,4472.07316806
2209.15000000,DELIVERY14,takeoff,0
2212.85000000,DELIVERY15,landing,1677.60927077
2251.05000000,BACKGROUND14,takeoff,0
2269.15000000,DELIVERY12,landing,4454.54573768
2290.90000000,DELIVERY13,landing,2642.72146535
2306.35000000,DELIVERY16,landing,1693.33987025
2309.35000000,DELIVERY16,takeoff,0
2384.45000000,DELIVERY18,landing,2650.77810408
2387.45000000,DELIVERY18,takeoff,0
2400.05000000,DELIVERY19,takeoff,0
2400.05000000,DELIVERY20,takeoff,0
2400.05000000,DELIVERY21,takeoff,0
2401.05000000,BACKGROUND15,takeoff,0
2472.90000000,BACKGROUND12,landing,4188.51244329
2506.15000000,DELIVERY17,landing,4472.07316806
2509.15000000,DELIVERY17,takeoff,0
2512.85000000,DELIVERY16,landing,1677.60927077
2541.85000000,BACKGROUND15,landing,1459.13735465
2551.05000000,BACKGROUND16,takeoff,0
2569.15000000,DELIVERY14,landing,4454.54573768
2590.90000000,DELIVERY18,landing,2642.72146535
2606.35000000,DELIVERY21,landing,1693.33987025
2609.35000000,DELIVERY21,takeoff,0
2684.45000000,DELIVERY19,landing,2650.77810408
2684.90000000,BACKGROUND14,landing,5833.56941212
2687.45000000,DELIVERY19,takeoff,0
2700.05000000,DELIVERY22,takeoff,0
2700.05000000,DELIVERY23,takeoff,0
2700.05000000,DELIVERY24,takeoff,0
2701.05000000,BACKGROUND17,takeoff,0
2806.15000000,DELIVERY20,landing,4472.07316806
2809.15000000,DELIVERY20,takeoff,0
2812.85000000,DELIVERY21,landing,1677.60927077
2851.05000000,BACKGROUND18,takeoff,0
2869.15000000,DELIVERY17,landing,4454.54573768
2890.90000000,DELIVERY19,landing,2642.72146535
2903.15000000,BACKGROUND13,landing,3524.09216870
2906.35000000,DELIVERY22,landing,1693.33987025
2909.35000000,DELIVERY22,takeoff,0
2974.30000000,BACKGROUND17,landing,2242.68093925
2984.45000000,DELIVERY24,landing,2650.77810408
2987.45000000,DELIVERY24,takeoff,0
3000.05000000,DELIVERY25,takeoff,0
3000.05000000,DELIVERY26,takeoff,0
3000.05000000,DELIVERY27,takeoff,0
3001.05000000,BACKGROUND19,takeoff,0
3035.45000000,BACKGROUND16,landing,4730.16956605
3106.15000000,DELIVERY23,landing,4472.07316806
3109.15000000,DELIVERY23,takeoff,0
3112.85000000,DELIVERY22,landing,1677.60927077
3151.05000000,BACKGROUND20,takeoff,0
3169.15000000,DELIVERY20,landing,4454.54573768
3190.90000000,DELIVERY24,landing,2642.72146535
3206.35000000,DELIVERY25,landing,1693.33987025
3209.35000000,DELIVERY25,takeoff,0
3216.90000000,BACKGROUND19,landing,2811.80130425
3232.95000000,BACKGROUND18,landing,5306.52957060
3284.45000000,DELIVERY26,landing,2650.77810408
3287.45000000,DELIVERY26,takeoff,0
3300.05000000,DELIVERY28,takeoff,0
3300.05000000,DELIVERY29,takeoff,0
3300.05000000,DELIVERY30,takeoff,0
3301.05000000,BACKGROUND21,takeoff,0
3406.15000000,DELIVERY27,landing,4472.07316806
3409.15000000,DELIVERY27,takeoff,0
3412.85000000,DELIVERY25,landing,1677.60927077
3421.50000000,BACKGROUND20,landing,2629.78220367
3451.05000000,BACKGROUND22,takeoff,0
3469.15000000,DELIVERY23,landing,4454.54573768
3490.90000000,DELIVERY26,landing,2642.72146535
3506.35000000,DELIVERY30,landing,1693.33987025
3509.35000000,DELIVERY30,takeoff,0
3584.45000000,DELIVERY29,landing,2650.77810408
3587.45000000,DELIVERY29,takeoff,0
3600.05000000,DELIVERY31,takeoff,0
3600.05000000,DELIVERY32,takeoff,0
3600.05000000,DELIVERY33,takeoff,0
