# CONFLICTS LOG
# Start and end of all conflicts
# 
# Simulation Time [s], UAS1, UAS2, Start/End
# simt
185.00000000,BACKGROUND2,BACKGROUND5,start
187.00000000,BACKGROUND2,BACKGROUND5,end
204.00000000,BACKGROUND10,BACKGROUND6,start
205.00000000,BACKGROUND10,BACKGROUND6,end
240.00000000,BACKGROUND4,BACKGROUND8,start
245.00000000,BACKGROUND4,BACKGROUND8,end
394.00000000,BACKGROUND21,BACKGROUND42,start
412.00000000,BACKGROUND21,BACKGROUND42,end
425.00000000,BACKGROUND21,BACKGROUND50,start
426.00000000,BACKGROUND21,BACKGROUND50,end
454.00000000,BACKGROUND17,BACKGROUND18,start
455.00000000,BACKGROUND17,BACKGROUND18,end
530.00000000,BACKGROUND16,BACKGROUND62,start
532.00000000,BACKGROUND16,BACKGROUND62,end
538.00000000,BACKGROUND16,BACKGROUND62,start
539.00000000,BACKGROUND16,BACKGROUND62,end
541.00000000,BACKGROUND24,SURVEILLANCEOP4,start
549.00000000,BACKGROUND14,BACKGROUND35,start
553.00000000,BACKGROUND24,SURVEILLANCEOP4,end
558.00000000,BACKGROUND14,BACKGROUND35,end
575.00000000,SURVEILLANCEOP3,SURVEILLANCE_HELICOPTER,start
586.00000000,SURVEILLANCEOP3,SURVEILLANCE_HELICOPTER,end
595.00000000,SURVEILLANCEOP4,SURVEILLANCEOP5,start
601.00000000,BACKGROUND33,BACKGROUND39,start
601.00000000,SURVEILLANCEOP4,SURVEILLANCEOP5,end
603.00000000,BACKGROUND33,BACKGROUND39,end
609.00000000,BACKGROUND33,BACKGROUND39,start
610.00000000,BACKGROUND33,BACKGROUND39,end
613.00000000,BACKGROUND33,BACKGROUND39,start
620.00000000,BACKGROUND31,BACKGROUND52,start
623.00000000,BACKGROUND33,BACKGROUND39,end
629.00000000,BACKGROUND31,BACKGROUND52,end
636.00000000,BACKGROUND34,BACKGROUND50,start
645.00000000,BACKGROUND34,BACKGROUND50,end
678.00000000,BACKGROUND41,BACKGROUND56,start
688.00000000,BACKGROUND41,BACKGROUND56,end
773.00000000,BACKGROUND58,BACKGROUND62,start
782.00000000,BACKGROUND58,BACKGROUND62,end
806.00000000,BACKGROUND53,BACKGROUND88,start
810.00000000,BACKGROUND16,BACKGROUND58,start
813.00000000,BACKGROUND53,BACKGROUND88,end
818.00000000,BACKGROUND16,BACKGROUND58,end
834.00000000,BACKGROUND53,BACKGROUND82,start
842.00000000,BACKGROUND53,BACKGROUND82,end
861.00000000,BACKGROUND52,BACKGROUND82,start
871.00000000,BACKGROUND52,BACKGROUND82,end
884.00000000,BACKGROUND100,BACKGROUND82,start
891.00000000,BACKGROUND100,BACKGROUND82,end
900.00000000,BACKGROUND82,BACKGROUND88,start
904.00000000,BACKGROUND100,BACKGROUND94,start
904.00000000,BACKGROUND82,BACKGROUND88,end
906.00000000,BACKGROUND100,BACKGROUND94,end
909.00000000,BACKGROUND82,BACKGROUND88,start
920.00000000,BACKGROUND100,BACKGROUND94,start
921.00000000,BACKGROUND100,BACKGROUND94,end
923.00000000,BACKGROUND100,BACKGROUND94,start
924.00000000,BACKGROUND100,BACKGROUND94,end
976.00000000,BACKGROUND55,BACKGROUND92,start
985.00000000,BACKGROUND55,BACKGROUND92,end
990.00000000,BACKGROUND90,BACKGROUND98,start
999.00000000,BACKGROUND90,BACKGROUND98,end
1027.00000000,BACKGROUND107,BACKGROUND98,start
1036.00000000,BACKGROUND107,BACKGROUND98,end
1083.00000000,BACKGROUND82,BACKGROUND88,end
1164.00000000,BACKGROUND65,BACKGROUND98,start
1165.00000000,BACKGROUND65,BACKGROUND98,end
1180.00000000,BACKGROUND122,BACKGROUND127,start
1181.00000000,BACKGROUND122,BACKGROUND127,end
1198.00000000,BACKGROUND65,BACKGROUND98,start
1210.00000000,BACKGROUND65,BACKGROUND98,end
1213.00000000,BACKGROUND65,BACKGROUND98,start
1226.00000000,BACKGROUND119,BACKGROUND77,start
1235.00000000,BACKGROUND119,BACKGROUND77,end
1249.00000000,BACKGROUND65,BACKGROUND98,end
1303.00000000,BACKGROUND121,BACKGROUND129,start
1315.00000000,BACKGROUND121,BACKGROUND129,end
1322.00000000,BACKGROUND121,BACKGROUND129,start
1323.00000000,BACKGROUND121,BACKGROUND129,end
1356.00000000,BACKGROUND78,BACKGROUND83,start
1357.00000000,BACKGROUND78,BACKGROUND83,end
1402.00000000,BACKGROUND117,BACKGROUND166,start
1403.00000000,BACKGROUND117,BACKGROUND166,end
1404.00000000,BACKGROUND144,BACKGROUND94,start
1413.00000000,BACKGROUND144,BACKGROUND94,end
1420.00000000,BACKGROUND131,BACKGROUND139,start
1440.00000000,BACKGROUND138,BACKGROUND77,start
1447.00000000,BACKGROUND129,BACKGROUND83,start
1450.00000000,BACKGROUND121,BACKGROUND83,start
1450.00000000,BACKGROUND138,BACKGROUND77,end
1456.00000000,BACKGROUND129,BACKGROUND83,end
1457.00000000,BACKGROUND144,BACKGROUND155,start
1458.00000000,BACKGROUND121,BACKGROUND83,end
1459.00000000,BACKGROUND121,BACKGROUND129,start
1464.00000000,BACKGROUND121,BACKGROUND129,end
1465.00000000,BACKGROUND144,BACKGROUND155,end
1470.00000000,BACKGROUND121,BACKGROUND129,start
1471.00000000,BACKGROUND121,BACKGROUND129,end
1479.00000000,BACKGROUND66,BACKGROUND73,start
1480.00000000,BACKGROUND121,BACKGROUND129,start
1481.00000000,BACKGROUND121,BACKGROUND129,end
1484.00000000,BACKGROUND66,BACKGROUND73,end
1492.00000000,BACKGROUND66,BACKGROUND73,start
1493.00000000,BACKGROUND66,BACKGROUND73,end
1516.00000000,BACKGROUND167,BACKGROUND77,start
1518.00000000,BACKGROUND150,BACKGROUND179,start
1520.00000000,BACKGROUND150,BACKGROUND179,end
1525.00000000,BACKGROUND167,BACKGROUND77,end
1566.00000000,BACKGROUND112,BACKGROUND131,start
1568.00000000,BACKGROUND112,BACKGROUND131,end
1570.00000000,BACKGROUND147,BACKGROUND86,start
1572.00000000,BACKGROUND147,BACKGROUND86,end
1640.00000000,BACKGROUND151,BACKGROUND190,start
1641.00000000,BACKGROUND151,BACKGROUND190,end
1645.00000000,BACKGROUND188,BACKGROUND77,start
1654.00000000,BACKGROUND188,BACKGROUND77,end
1741.00000000,BACKGROUND113,BACKGROUND138,start
1750.00000000,BACKGROUND113,BACKGROUND138,end
1759.00000000,BACKGROUND138,BACKGROUND207,start
1763.00000000,BACKGROUND138,BACKGROUND207,end
