Using Python-based geo functions
Reading config from settings.cfg
Reading magnetic variation data
Loading global navigation database...
Reading cache: data/cache/py3/navdata.p
Failed to load BADA performance model
Successfully loaded plugin AREA
Successfully loaded plugin DATAFEED
Loading global navigation database...
Reading cache: data/cache/py3/navdata.p
Reading the graph...
Region  Hannover  initialized.
Initial split assuring maximal aspect ratio  3.0  DONE
Altitude split at building top level  92  m DONE.
Updating segments...
Assigning segments...
Updating segment velocity...
No geovectoring rules
Updating travel times...
Dynamic segments completed
No path to wind files specified, skipping all wind simulation!
Calculating the route...
Creating flight plan of BACKGROUND1...
Calculating the route...
Creating flight plan of BACKGROUND2...
Calculating the route...
Creating flight plan of BACKGROUND3...
Calculating the route...
Creating flight plan of BACKGROUND4...
Calculating the route...
Creating flight plan of BACKGROUND5...
Origin or destination is not allowed, so the flight plan is rejected: background - 44.0s
Calculating the route...
Creating flight plan of BACKGROUND6...
Calculating the route...
Creating flight plan of BACKGROUND7...
Creating surveillance flight plan for SURVEILLANCE_TURKISH...
Calculating the route...
Creating flight plan of BACKGROUND8...
Calculating the route...
Creating flight plan of BACKGROUND9...
Calculating the route...
Creating flight plan of BACKGROUND10...
Calculating the route...
Creating flight plan of BACKGROUND11...
Calculating the route...
Creating flight plan of BACKGROUND12...
Calculating the route...
Creating flight plan of BACKGROUND13...
Calculating the route...
Creating flight plan of BACKGROUND14...
Calculating the route...
Creating flight plan of BACKGROUND15...
Calculating the route...
Creating flight plan of BACKGROUND16...
Calculating the route...
Creating flight plan of BACKGROUND17...
Calculating the route...
Creating flight plan of BACKGROUND18...
Calculating the route...
Creating flight plan of BACKGROUND19...
Calculating the route...
Creating flight plan of BACKGROUND20...
Origin or destination is not allowed, so the flight plan is rejected: background - 159.0s
Calculating the route...
Creating flight plan of BACKGROUND21...
Origin or destination is not allowed, so the flight plan is rejected: background - 173.0s
Calculating the route...
Creating flight plan of BACKGROUND22...
Creating surveillance flight plan for SURVEILLANCEOP3...
Creating surveillance flight plan for SURVEILLANCE_LUFTHANSA...
Creating surveillance flight plan for SURVEILLANCEOP2...
Creating surveillance flight plan for SURVEILLANCEOP1...
Origin or destination is not allowed, so the flight plan is rejected: background - 188.0s
Calculating the route...
Creating flight plan of BACKGROUND23...
Calculating the route...
Creating flight plan of BACKGROUND24...
Origin or destination is not allowed, so the flight plan is rejected: background - 209.0s
Calculating the route...
Creating flight plan of BACKGROUND25...
Calculating the route...
Creating flight plan of BACKGROUND26...
Calculating the route...
Creating flight plan of BACKGROUND27...
Calculating the route...
Creating flight plan of BACKGROUND28...
Creating surveillance flight plan for SURVEILLANCEOP4...
Creating surveillance flight plan for SURVEILLANCE_EUROWINGS...
Calculating the route...
Creating flight plan of BACKGROUND29...
Calculating the route...
Creating flight plan of BACKGROUND30...
Origin or destination is not allowed, so the flight plan is rejected: background - 259.0s
Calculating the route...
Creating flight plan of BACKGROUND31...
Calculating the route...
Creating flight plan of BACKGROUND32...
Calculating the route...
Creating flight plan of BACKGROUND33...
Calculating the route...
Creating flight plan of BACKGROUND34...
Calculating the route...
Creating flight plan of BACKGROUND35...
Origin or destination is not allowed, so the flight plan is rejected: background - 303.0s
Calculating the route...
Creating flight plan of BACKGROUND36...
Calculating the route...
Creating flight plan of BACKGROUND37...
Calculating the route...
Creating flight plan of BACKGROUND38...
Calculating the route...
Creating flight plan of BACKGROUND39...
Calculating the route...
Creating flight plan of BACKGROUND40...
Calculating the route...
Creating flight plan of BACKGROUND41...
Calculating the route...
Creating flight plan of BACKGROUND42...
Calculating the route...
Creating flight plan of BACKGROUND43...
Calculating the route...
Creating flight plan of BACKGROUND44...
Calculating the route...
Creating flight plan of BACKGROUND45...
Calculating the route...
Creating flight plan of BACKGROUND46...
Calculating the route...
Creating flight plan of BACKGROUND47...
Calculating the route...
Creating flight plan of BACKGROUND48...
Calculating the route...
Creating flight plan of BACKGROUND49...
Calculating the route...
Creating flight plan of BACKGROUND50...
Calculating the route...
Creating flight plan of BACKGROUND51...
Calculating the route...
Creating flight plan of BACKGROUND52...
Calculating the route...
Creating flight plan of BACKGROUND53...
Calculating the route...
Creating flight plan of BACKGROUND54...
Calculating the route...
Creating flight plan of BACKGROUND55...
Calculating the route...
Creating flight plan of BACKGROUND56...
Origin or destination is not allowed, so the flight plan is rejected: background - 461.0s
Calculating the route...
Creating flight plan of BACKGROUND57...
Calculating the route...
Creating flight plan of BACKGROUND58...
Calculating the route...
Creating flight plan of BACKGROUND59...
Calculating the route...
Creating flight plan of BACKGROUND60...
Creating surveillance flight plan for SURVEILLANCEOP5...
Calculating the route...
Creating flight plan of BACKGROUND61...
Calculating the route...
Creating flight plan of BACKGROUND62...
Calculating the route...
Creating flight plan of BACKGROUND63...
Calculating the route...
Creating flight plan of BACKGROUND64...
Calculating the route...
Creating flight plan of BACKGROUND65...
Creating surveillance flight plan for SURVEILLANCE_HELICOPTER...
Calculating the route...
Creating flight plan of BACKGROUND66...
Calculating the route...
Creating flight plan of BACKGROUND67...
Calculating the route...
Creating flight plan of BACKGROUND68...
Calculating the route...
Creating flight plan of BACKGROUND69...
Calculating the route...
Creating flight plan of BACKGROUND70...
Calculating the route...
Creating flight plan of BACKGROUND71...
Calculating the route...
Creating flight plan of BACKGROUND72...
Calculating the route...
Creating flight plan of BACKGROUND73...
Calculating the route...
Creating flight plan of BACKGROUND74...
Calculating the route...
Creating flight plan of BACKGROUND75...
Simulation time: 600.0
Calculating the route...
Creating flight plan of BACKGROUND76...
Calculating the route...
Creating flight plan of BACKGROUND77...
Calculating the route...
Creating flight plan of BACKGROUND78...
Calculating the route...
Creating flight plan of BACKGROUND79...
Calculating the route...
Creating flight plan of BACKGROUND80...
Calculating the route...
Creating flight plan of BACKGROUND81...
Origin or destination is not allowed, so the flight plan is rejected: background - 648.0s
Calculating the route...
Creating flight plan of BACKGROUND82...
Calculating the route...
Creating flight plan of BACKGROUND83...
Calculating the route...
Creating flight plan of BACKGROUND84...
Calculating the route...
Creating flight plan of BACKGROUND85...
Calculating the route...
Creating flight plan of BACKGROUND86...
Calculating the route...
Creating flight plan of BACKGROUND87...
Calculating the route...
Creating flight plan of BACKGROUND88...
Calculating the route...
Creating flight plan of BACKGROUND89...
Calculating the route...
Creating flight plan of BACKGROUND90...
Calculating the route...
Creating flight plan of BACKGROUND91...
Calculating the route...
Creating flight plan of BACKGROUND92...
Calculating the route...
Creating flight plan of BACKGROUND93...
Calculating the route...
Creating flight plan of BACKGROUND94...
Origin or destination is not allowed, so the flight plan is rejected: background - 749.0s
Calculating the route...
Creating flight plan of BACKGROUND95...
Calculating the route...
Creating flight plan of BACKGROUND96...
Calculating the route...
Creating flight plan of BACKGROUND97...
Origin or destination is not allowed, so the flight plan is rejected: background - 777.0s
Calculating the route...
Creating flight plan of BACKGROUND98...
Calculating the route...
Creating flight plan of BACKGROUND99...
Calculating the route...
Creating flight plan of BACKGROUND100...
Calculating the route...
Creating flight plan of BACKGROUND101...
Calculating the route...
Creating flight plan of BACKGROUND102...
Calculating the route...
Creating flight plan of BACKGROUND103...
Origin or destination is not allowed, so the flight plan is rejected: background - 828.0s
Calculating the route...
Creating flight plan of BACKGROUND104...
Calculating the route...
Creating flight plan of BACKGROUND105...
Calculating the route...
Creating flight plan of BACKGROUND106...
Origin or destination is not allowed, so the flight plan is rejected: background - 857.0s
Calculating the route...
Creating flight plan of BACKGROUND107...
Calculating the route...
Creating flight plan of BACKGROUND108...
Calculating the route...
Creating flight plan of BACKGROUND109...
Origin or destination is not allowed, so the flight plan is rejected: background - 885.0s
Origin or destination is not allowed, so the flight plan is rejected: background - 893.0s
Calculating the route...
Creating flight plan of BACKGROUND110...
Calculating the route...
Creating flight plan of BACKGROUND111...
Calculating the route...
Creating flight plan of BACKGROUND112...
Calculating the route...
Creating flight plan of BACKGROUND113...
Calculating the route...
Creating flight plan of BACKGROUND114...
Calculating the route...
Creating flight plan of BACKGROUND115...
Calculating the route...
Creating flight plan of BACKGROUND116...
Origin or destination is not allowed, so the flight plan is rejected: background - 950.0s
Calculating the route...
Creating flight plan of BACKGROUND117...
Calculating the route...
Creating flight plan of BACKGROUND118...
Calculating the route...
Warning! Drone ends its trajectory at 1852, but the simulation ends at 1800
Creating flight plan of BACKGROUND119...
Calculating the route...
Creating flight plan of BACKGROUND120...
Calculating the route...
Creating flight plan of BACKGROUND121...
Calculating the route...
Creating flight plan of BACKGROUND122...
Calculating the route...
Creating flight plan of BACKGROUND123...
Calculating the route...
Creating flight plan of BACKGROUND124...
Calculating the route...
Creating flight plan of BACKGROUND125...
Origin or destination is not allowed, so the flight plan is rejected: background - 1022.0s
Calculating the route...
Creating flight plan of BACKGROUND126...
Calculating the route...
Creating flight plan of BACKGROUND127...
Calculating the route...
Creating flight plan of BACKGROUND128...
Calculating the route...
Creating flight plan of BACKGROUND129...
Calculating the route...
Creating flight plan of BACKGROUND130...
Calculating the route...
Creating flight plan of BACKGROUND131...
Calculating the route...
Creating flight plan of BACKGROUND132...
Calculating the route...
Creating flight plan of BACKGROUND133...
Origin or destination is not allowed, so the flight plan is rejected: background - 1087.0s
Calculating the route...
Creating flight plan of BACKGROUND134...
Calculating the route...
Creating flight plan of BACKGROUND135...
Calculating the route...
Creating flight plan of BACKGROUND136...
Calculating the route...
Creating flight plan of BACKGROUND137...
Calculating the route...
Creating flight plan of BACKGROUND138...
Calculating the route...
Creating flight plan of BACKGROUND139...
Calculating the route...
Creating flight plan of BACKGROUND140...
Calculating the route...
Creating flight plan of BACKGROUND141...
Calculating the route...
Creating flight plan of BACKGROUND142...
Calculating the route...
Creating flight plan of BACKGROUND143...
Calculating the route...
Creating flight plan of BACKGROUND144...
Calculating the route...
Creating flight plan of BACKGROUND145...
Calculating the route...
Creating flight plan of BACKGROUND146...
Calculating the route...
Creating flight plan of BACKGROUND147...
Calculating the route...
Creating flight plan of BACKGROUND148...
Simulation time: 1200.0
Calculating the route...
Creating flight plan of BACKGROUND149...
Origin or destination is not allowed, so the flight plan is rejected: background - 1209.0s
Origin or destination is not allowed, so the flight plan is rejected: background - 1216.0s
Calculating the route...
Warning! Drone ends its trajectory at 2093, but the simulation ends at 1800
Creating flight plan of BACKGROUND150...
Calculating the route...
Creating flight plan of BACKGROUND151...
Calculating the route...
Creating flight plan of BACKGROUND152...
Calculating the route...
Creating flight plan of BACKGROUND153...
Calculating the route...
Creating flight plan of BACKGROUND154...
Calculating the route...
Creating flight plan of BACKGROUND155...
Calculating the route...
Warning! Drone ends its trajectory at 1888, but the simulation ends at 1800
Creating flight plan of BACKGROUND156...
Calculating the route...
Creating flight plan of BACKGROUND157...
Calculating the route...
Creating flight plan of BACKGROUND158...
Calculating the route...
Creating flight plan of BACKGROUND159...
Calculating the route...
Creating flight plan of BACKGROUND160...
Calculating the route...
Creating flight plan of BACKGROUND161...
Calculating the route...
Creating flight plan of BACKGROUND162...
Calculating the route...
Warning! Drone ends its trajectory at 2082, but the simulation ends at 1800
Creating flight plan of BACKGROUND163...
Calculating the route...
Creating flight plan of BACKGROUND164...
Calculating the route...
Creating flight plan of BACKGROUND165...
Calculating the route...
Creating flight plan of BACKGROUND166...
Calculating the route...
Creating flight plan of BACKGROUND167...
Calculating the route...
Creating flight plan of BACKGROUND168...
Calculating the route...
Creating flight plan of BACKGROUND169...
Calculating the route...
Warning! Drone ends its trajectory at 1951, but the simulation ends at 1800
Creating flight plan of BACKGROUND170...
Calculating the route...
Warning! Drone ends its trajectory at 2075, but the simulation ends at 1800
Creating flight plan of BACKGROUND171...
Calculating the route...
Creating flight plan of BACKGROUND172...
Calculating the route...
Creating flight plan of BACKGROUND173...
Calculating the route...
Creating flight plan of BACKGROUND174...
Calculating the route...
Creating flight plan of BACKGROUND175...
Calculating the route...
Creating flight plan of BACKGROUND176...
Calculating the route...
Creating flight plan of BACKGROUND177...
Calculating the route...
Creating flight plan of BACKGROUND178...
Calculating the route...
Creating flight plan of BACKGROUND179...
Calculating the route...
Creating flight plan of BACKGROUND180...
Calculating the route...
Creating flight plan of BACKGROUND181...
Calculating the route...
Warning! Drone ends its trajectory at 2283, but the simulation ends at 1800
Creating flight plan of BACKGROUND182...
Calculating the route...
Warning! Drone ends its trajectory at 1840, but the simulation ends at 1800
Creating flight plan of BACKGROUND183...
Calculating the route...
Creating flight plan of BACKGROUND184...
Calculating the route...
Creating flight plan of BACKGROUND185...
Calculating the route...
Creating flight plan of BACKGROUND186...
Calculating the route...
Warning! Drone ends its trajectory at 1979, but the simulation ends at 1800
Creating flight plan of BACKGROUND187...
Calculating the route...
Creating flight plan of BACKGROUND188...
Calculating the route...
Creating flight plan of BACKGROUND189...
Origin or destination is not allowed, so the flight plan is rejected: background - 1511.0s
Calculating the route...
Warning! Drone ends its trajectory at 2046, but the simulation ends at 1800
Creating flight plan of BACKGROUND190...
Calculating the route...
Creating flight plan of BACKGROUND191...
Calculating the route...
Creating flight plan of BACKGROUND192...
Calculating the route...
Creating flight plan of BACKGROUND193...
Calculating the route...
Warning! Drone ends its trajectory at 1984, but the simulation ends at 1800
Creating flight plan of BACKGROUND194...
Calculating the route...
Warning! Drone ends its trajectory at 1911, but the simulation ends at 1800
Creating flight plan of BACKGROUND195...
Calculating the route...
Creating flight plan of BACKGROUND196...
Calculating the route...
Warning! Drone ends its trajectory at 1912, but the simulation ends at 1800
Creating flight plan of BACKGROUND197...
Calculating the route...
Creating flight plan of BACKGROUND198...
Calculating the route...
Warning! Drone ends its trajectory at 1803, but the simulation ends at 1800
Creating flight plan of BACKGROUND199...
Calculating the route...
Warning! Drone ends its trajectory at 1880, but the simulation ends at 1800
Creating flight plan of BACKGROUND200...
Calculating the route...
Creating flight plan of BACKGROUND201...
Calculating the route...
Creating flight plan of BACKGROUND202...
Origin or destination is not allowed, so the flight plan is rejected: background - 1612.0s
Origin or destination is not allowed, so the flight plan is rejected: background - 1619.0s
Calculating the route...
Warning! Drone ends its trajectory at 1826, but the simulation ends at 1800
Creating flight plan of BACKGROUND203...
Calculating the route...
Warning! Drone ends its trajectory at 1862, but the simulation ends at 1800
Creating flight plan of BACKGROUND204...
Calculating the route...
Warning! Drone ends its trajectory at 1860, but the simulation ends at 1800
Creating flight plan of BACKGROUND205...
Origin or destination is not allowed, so the flight plan is rejected: background - 1648.0s
Calculating the route...
Warning! Drone ends its trajectory at 2000, but the simulation ends at 1800
Creating flight plan of BACKGROUND206...
Calculating the route...
Warning! Drone ends its trajectory at 2034, but the simulation ends at 1800
Creating flight plan of BACKGROUND207...
Calculating the route...
Creating flight plan of BACKGROUND208...
Calculating the route...
Warning! Drone ends its trajectory at 1951, but the simulation ends at 1800
Creating flight plan of BACKGROUND209...
Calculating the route...
Warning! Drone ends its trajectory at 2071, but the simulation ends at 1800
Creating flight plan of BACKGROUND210...
Calculating the route...
Warning! Drone ends its trajectory at 1959, but the simulation ends at 1800
Creating flight plan of BACKGROUND211...
Calculating the route...
Warning! Drone ends its trajectory at 1816, but the simulation ends at 1800
Creating flight plan of BACKGROUND212...
Calculating the route...
Warning! Drone ends its trajectory at 1906, but the simulation ends at 1800
Creating flight plan of BACKGROUND213...
Origin or destination is not allowed, so the flight plan is rejected: background - 1713.0s
Calculating the route...
Warning! Drone ends its trajectory at 1915, but the simulation ends at 1800
Creating flight plan of BACKGROUND214...
Calculating the route...
Warning! Drone ends its trajectory at 2047, but the simulation ends at 1800
Creating flight plan of BACKGROUND215...
Calculating the route...
Warning! Drone ends its trajectory at 2111, but the simulation ends at 1800
Creating flight plan of BACKGROUND216...
Calculating the route...
Warning! Drone ends its trajectory at 1884, but the simulation ends at 1800
Creating flight plan of BACKGROUND217...
Calculating the route...
Warning! Drone ends its trajectory at 2253, but the simulation ends at 1800
Creating flight plan of BACKGROUND218...
Calculating the route...
Warning! Drone ends its trajectory at 2023, but the simulation ends at 1800
Creating flight plan of BACKGROUND219...
Calculating the route...
Warning! Drone ends its trajectory at 2218, but the simulation ends at 1800
Creating flight plan of BACKGROUND220...
Calculating the route...
Warning! Drone ends its trajectory at 2112, but the simulation ends at 1800
Creating flight plan of BACKGROUND221...
Calculating the route...
Warning! Drone ends its trajectory at 2035, but the simulation ends at 1800
Creating flight plan of BACKGROUND222...
Calculating the route...
Warning! Drone ends its trajectory at 2058, but the simulation ends at 1800
Creating flight plan of BACKGROUND223...
Calculating the route...
Warning! Drone ends its trajectory at 1918, but the simulation ends at 1800
Creating flight plan of BACKGROUND224...
Calculating the route...
Warning! Drone ends its trajectory at 2141, but the simulation ends at 1800
Creating flight plan of BACKGROUND225...
Simulation time: 1800.0
Loading global navigation database...
Reading cache: data/cache/py3/navdata.p
BlueSky normal end.
Using Python-based geo functions
Reading config from settings.cfg
Reading magnetic variation data
Loading global navigation database...
Reading cache: data/cache/py3/navdata.p
   *****   BlueSky Open ATM simulator *****
Distributed under GNU General Public License v3
Accepting event connections on port 11000, and stream connections on port 11001
Discovery is disabled
Loading palette bluesky-default
Found Qt-provided OpenGL functions for OpenGL (4, 1) Core
Using Qt 5.15.2 for windows and widgets
Reading cache: data/cache/py3/console_history.p
Reading cache: data/cache/py3/coastlines.p
Maximum supported texture size: 16384
Loading texture data/graphics/world.16384x8192.dds
Reading cache: data/cache/py3/aptsurface.p
Client b'\x00\x17\xb0\xcc\xcf' connected to host b'\x00\x10s:\x1a'
Writing cache: data/cache/py3/console_history.p
BlueSky normal end.
