# FLIGHT LOG
# Takeoff, landing, and distance flown of each UAS.
# 
# Simulation Time [s], UAS, Takeoff/Landing, Distance [m]
# simt
1.05000000,DELIVERY1,takeoff,0
16.05000000,BACKGROUND1,takeoff,0
31.05000000,BACKGROUND2,takeoff,0
46.05000000,BACKGROUND3,takeoff,0
61.05000000,BACKGROUND4,takeoff,0
76.05000000,BACKGROUND5,takeoff,0
106.05000000,BACKGROUND6,takeoff,0
151.05000000,BACKGROUND7,takeoff,0
166.05000000,BACKGROUND8,takeoff,0
181.05000000,BACKGROUND9,takeoff,0
196.05000000,BACKGROUND10,takeoff,0
211.05000000,BACKGROUND11,takeoff,0
226.05000000,BACKGROUND12,takeoff,0
256.05000000,BACKGROUND13,takeoff,0
271.05000000,BACKGROUND14,takeoff,0
286.05000000,BACKGROUND15,takeoff,0
301.05000000,BACKGROUND16,takeoff,0
316.05000000,BACKGROUND17,takeoff,0
331.05000000,BACKGROUND18,takeoff,0
346.05000000,BACKGROUND19,takeoff,0
376.05000000,BACKGROUND20,takeoff,0
406.05000000,BACKGROUND21,takeoff,0
407.15000000,DELIVERY1,landing,4472.07316806
410.15000000,DELIVERY1,takeoff,0
415.65000000,BACKGROUND6,landing,2828.61445246
421.05000000,BACKGROUND22,takeoff,0
436.05000000,BACKGROUND23,takeoff,0
441.10000000,BACKGROUND14,landing,2577.98165374
451.05000000,BACKGROUND24,takeoff,0
466.05000000,BACKGROUND25,takeoff,0
472.55000000,BACKGROUND4,landing,4847.73829581
481.05000000,BACKGROUND26,takeoff,0
492.70000000,BACKGROUND12,landing,3139.89931078
496.05000000,BACKGROUND27,takeoff,0
511.05000000,BACKGROUND28,takeoff,0
516.05000000,BACKGROUND16,landing,2219.15494260
520.70000000,BACKGROUND2,landing,2943.34115102
526.05000000,BACKGROUND29,takeoff,0
535.70000000,BACKGROUND11,landing,2504.31085872
541.05000000,BACKGROUND30,takeoff,0
547.00000000,BACKGROUND1,landing,2536.04181805
553.95000000,BACKGROUND7,landing,5415.68741759
556.05000000,BACKGROUND31,takeoff,0
558.80000000,BACKGROUND13,landing,4117.78022530
571.05000000,BACKGROUND32,takeoff,0
586.05000000,BACKGROUND33,takeoff,0
588.60000000,BACKGROUND8,landing,3791.52989323
600.05000000,DELIVERY2,takeoff,0
600.05000000,DELIVERY3,takeoff,0
601.05000000,BACKGROUND34,takeoff,0
601.75000000,BACKGROUND21,landing,2146.18666455
631.05000000,BACKGROUND35,takeoff,0
646.05000000,BACKGROUND36,takeoff,0
656.75000000,BACKGROUND17,landing,2684.53115425
661.05000000,BACKGROUND37,takeoff,0
676.05000000,BACKGROUND38,takeoff,0
685.45000000,BACKGROUND5,landing,4258.89974481
686.85000000,BACKGROUND29,landing,2295.01566819
691.05000000,BACKGROUND39,takeoff,0
700.75000000,BACKGROUND15,landing,6737.68669940
706.05000000,BACKGROUND40,takeoff,0
715.45000000,BACKGROUND27,landing,3633.87824558
721.05000000,BACKGROUND41,takeoff,0
730.95000000,BACKGROUND25,landing,2403.98527946
732.60000000,BACKGROUND10,landing,6912.98349728
735.10000000,BACKGROUND9,landing,4256.66525444
736.05000000,BACKGROUND42,takeoff,0
751.05000000,BACKGROUND43,takeoff,0
761.95000000,BACKGROUND19,landing,6231.95874215
766.05000000,BACKGROUND44,takeoff,0
769.60000000,BACKGROUND24,landing,2525.14039589
770.15000000,DELIVERY1,landing,4454.54573768
781.05000000,BACKGROUND45,takeoff,0
796.05000000,BACKGROUND46,takeoff,0
806.35000000,DELIVERY2,landing,1693.33987025
809.35000000,DELIVERY2,takeoff,0
811.05000000,BACKGROUND47,takeoff,0
815.70000000,BACKGROUND36,landing,2033.57214423
829.55000000,BACKGROUND3,landing,3218.87502560
855.55000000,BACKGROUND34,landing,1981.15215117
856.05000000,BACKGROUND49,takeoff,0
871.05000000,BACKGROUND50,takeoff,0
884.45000000,DELIVERY3,landing,2650.77810408
887.45000000,DELIVERY3,takeoff,0
892.60000000,BACKGROUND22,landing,4970.52944056
900.05000000,DELIVERY4,takeoff,0
900.05000000,DELIVERY5,takeoff,0
900.05000000,DELIVERY6,takeoff,0
920.50000000,BACKGROUND23,landing,3151.88810148
931.05000000,BACKGROUND51,takeoff,0
942.90000000,BACKGROUND41,landing,1965.55401012
946.05000000,BACKGROUND52,takeoff,0
950.65000000,BACKGROUND31,landing,3557.92581316
952.70000000,BACKGROUND42,landing,3095.72046525
961.05000000,BACKGROUND53,takeoff,0
961.50000000,BACKGROUND47,landing,2166.45648833
966.85000000,BACKGROUND45,landing,1712.50651218
966.95000000,BACKGROUND26,landing,4626.01340860
982.70000000,BACKGROUND33,landing,3599.71939556
989.70000000,BACKGROUND44,landing,1660.25637638
991.05000000,BACKGROUND54,takeoff,0
1002.55000000,BACKGROUND38,landing,3741.82983990
1012.85000000,DELIVERY2,landing,1677.60927077
1021.05000000,BACKGROUND55,takeoff,0
1029.60000000,BACKGROUND18,landing,4090.16412146
1036.05000000,BACKGROUND56,takeoff,0
1066.05000000,BACKGROUND57,takeoff,0
1077.20000000,BACKGROUND46,landing,1905.24525888
1081.05000000,BACKGROUND58,takeoff,0
1084.10000000,BACKGROUND32,landing,5968.63106160
1090.90000000,DELIVERY3,landing,2642.72146535
1092.70000000,BACKGROUND53,landing,1718.04206868
1096.05000000,BACKGROUND59,takeoff,0
1104.25000000,BACKGROUND35,landing,6473.14664660
1106.35000000,DELIVERY5,landing,1693.33987025
1107.40000000,BACKGROUND20,landing,4076.46600754
1109.35000000,DELIVERY5,takeoff,0
1111.05000000,BACKGROUND60,takeoff,0
1117.00000000,BACKGROUND40,landing,4135.64082168
1126.05000000,BACKGROUND61,takeoff,0
1144.05000000,BACKGROUND28,landing,6060.13842787
1159.05000000,BACKGROUND39,landing,2050.46692534
1171.05000000,BACKGROUND62,takeoff,0
1184.45000000,DELIVERY6,landing,2650.77810408
1185.20000000,BACKGROUND50,landing,2578.60463186
1186.05000000,BACKGROUND63,takeoff,0
1187.45000000,DELIVERY6,takeoff,0
1200.05000000,DELIVERY7,takeoff,0
1200.05000000,DELIVERY8,takeoff,0
1200.05000000,DELIVERY9,takeoff,0
1201.05000000,BACKGROUND64,takeoff,0
1211.80000000,BACKGROUND37,landing,5745.20094298
1216.05000000,BACKGROUND65,takeoff,0
1228.70000000,BACKGROUND43,landing,6377.42224008
1246.05000000,BACKGROUND66,takeoff,0
1256.40000000,BACKGROUND51,landing,4913.03038585
1261.05000000,BACKGROUND67,takeoff,0
1276.05000000,BACKGROUND68,takeoff,0
1291.05000000,BACKGROUND69,takeoff,0
1306.05000000,BACKGROUND70,takeoff,0
1306.15000000,DELIVERY4,landing,4472.07316806
1309.15000000,DELIVERY4,takeoff,0
1312.85000000,DELIVERY5,landing,1677.60927077
1321.05000000,BACKGROUND71,takeoff,0
1336.05000000,BACKGROUND72,takeoff,0
1351.05000000,BACKGROUND73,takeoff,0
1351.30000000,BACKGROUND58,landing,3086.88864238
1372.70000000,BACKGROUND54,landing,2912.03584685
1376.45000000,BACKGROUND64,landing,997.14226025
1381.05000000,BACKGROUND74,takeoff,0
1390.90000000,DELIVERY6,landing,2642.72146535
1394.40000000,BACKGROUND57,landing,5751.61668581
1406.05000000,BACKGROUND30,landing,6868.88568706
1406.35000000,DELIVERY9,landing,1693.33987025
1409.35000000,DELIVERY9,takeoff,0
1411.05000000,BACKGROUND76,takeoff,0
1441.05000000,BACKGROUND77,takeoff,0
1454.20000000,BACKGROUND52,landing,5213.03778962
1463.20000000,BACKGROUND69,landing,2304.99672347
1471.05000000,BACKGROUND78,takeoff,0
1484.45000000,DELIVERY7,landing,2650.77810408
1486.05000000,BACKGROUND79,takeoff,0
1487.45000000,DELIVERY7,takeoff,0
1500.05000000,DELIVERY10,takeoff,0
1500.05000000,DELIVERY11,takeoff,0
1500.05000000,DELIVERY12,takeoff,0
1501.05000000,BACKGROUND80,takeoff,0
1516.05000000,BACKGROUND81,takeoff,0
1531.05000000,BACKGROUND82,takeoff,0
1541.90000000,BACKGROUND77,landing,1461.13682396
1546.05000000,BACKGROUND83,takeoff,0
1561.05000000,BACKGROUND84,takeoff,0
1570.90000000,BACKGROUND74,landing,2494.42287182
1572.20000000,BACKGROUND61,landing,3754.56387262
1576.05000000,BACKGROUND85,takeoff,0
1591.05000000,BACKGROUND86,takeoff,0
1602.15000000,BACKGROUND55,landing,2143.18542280
1606.05000000,BACKGROUND87,takeoff,0
1606.15000000,DELIVERY8,landing,4472.07316806
1609.15000000,DELIVERY8,takeoff,0
1612.85000000,DELIVERY9,landing,1677.60927077
1614.90000000,BACKGROUND56,landing,2884.89254298
1615.40000000,BACKGROUND62,landing,4180.84859258
1620.10000000,BACKGROUND70,landing,3546.12741033
1621.05000000,BACKGROUND88,takeoff,0
1625.25000000,BACKGROUND67,landing,2870.12702550
1636.05000000,BACKGROUND89,takeoff,0
1666.05000000,BACKGROUND90,takeoff,0
1669.15000000,DELIVERY4,landing,4454.54573768
1675.30000000,BACKGROUND81,landing,1944.37694095
1681.05000000,BACKGROUND91,takeoff,0
1690.90000000,DELIVERY7,landing,2642.72146535
1700.05000000,BACKGROUND49,landing,3229.12017667
1706.35000000,DELIVERY11,landing,1693.33987025
1709.35000000,BACKGROUND68,landing,2709.15338909
1709.35000000,DELIVERY11,takeoff,0
1711.05000000,BACKGROUND92,takeoff,0
1726.05000000,BACKGROUND93,takeoff,0
1741.05000000,BACKGROUND94,takeoff,0
1756.05000000,BACKGROUND95,takeoff,0
1771.05000000,BACKGROUND96,takeoff,0
1784.45000000,DELIVERY12,landing,2650.77810408
1786.05000000,BACKGROUND97,takeoff,0
1787.45000000,DELIVERY12,takeoff,0
1795.60000000,BACKGROUND86,landing,1699.74018321
1800.05000000,DELIVERY13,takeoff,0
1800.05000000,DELIVERY14,takeoff,0
1800.05000000,DELIVERY15,takeoff,0
1800.35000000,BACKGROUND79,landing,4819.14193754
1800.95000000,BACKGROUND65,landing,5780.16762415
1801.05000000,BACKGROUND98,takeoff,0
1846.05000000,BACKGROUND99,takeoff,0
1849.10000000,BACKGROUND73,landing,7075.00789791
1876.05000000,BACKGROUND100,takeoff,0
1891.05000000,BACKGROUND101,takeoff,0
1900.45000000,BACKGROUND93,landing,2109.15959979
1906.05000000,BACKGROUND102,takeoff,0
1906.15000000,DELIVERY10,landing,4472.07316806
1909.15000000,DELIVERY10,takeoff,0
1912.65000000,BACKGROUND82,landing,2093.36303196
1912.85000000,DELIVERY11,landing,1677.60927077
1931.60000000,BACKGROUND91,landing,3456.92628524
1941.55000000,BACKGROUND89,landing,3231.81644755
1947.10000000,BACKGROUND59,landing,5847.93407409
1966.05000000,BACKGROUND103,takeoff,0
1966.60000000,BACKGROUND84,landing,4335.95675110
1969.15000000,DELIVERY8,landing,4454.54573768
1985.90000000,BACKGROUND72,landing,6514.80584708
1990.90000000,DELIVERY12,landing,2642.72146535
1996.05000000,BACKGROUND104,takeoff,0
1998.05000000,BACKGROUND71,landing,3159.92289383
2001.30000000,BACKGROUND90,landing,2874.56283501
2003.35000000,BACKGROUND78,landing,4656.59668825
2006.35000000,DELIVERY13,landing,1693.33987025
2009.35000000,DELIVERY13,takeoff,0
2011.05000000,BACKGROUND105,takeoff,0
2026.05000000,BACKGROUND106,takeoff,0
2036.25000000,BACKGROUND80,landing,3977.14445046
2041.05000000,BACKGROUND107,takeoff,0
2047.60000000,BACKGROUND66,landing,4722.13896005
2060.40000000,BACKGROUND76,landing,5744.66481310
2071.05000000,BACKGROUND108,takeoff,0
2079.20000000,BACKGROUND95,landing,2481.81715962
2084.45000000,DELIVERY15,landing,2650.77810408
2087.45000000,DELIVERY15,takeoff,0
2098.75000000,BACKGROUND94,landing,1588.86212103
2100.05000000,DELIVERY16,takeoff,0
2100.05000000,DELIVERY17,takeoff,0
2100.05000000,DELIVERY18,takeoff,0
2101.05000000,BACKGROUND109,takeoff,0
2116.05000000,BACKGROUND110,takeoff,0
2131.05000000,BACKGROUND111,takeoff,0
2146.05000000,BACKGROUND112,takeoff,0
2153.30000000,BACKGROUND85,landing,4656.37925496
2157.75000000,BACKGROUND92,landing,2235.15991553
2161.05000000,BACKGROUND113,takeoff,0
2191.80000000,BACKGROUND104,landing,2539.63251598
2196.60000000,BACKGROUND102,landing,3280.41652299
2206.05000000,BACKGROUND114,takeoff,0
2206.15000000,DELIVERY14,landing,4472.07316806
2209.15000000,DELIVERY14,takeoff,0
2212.85000000,DELIVERY13,landing,1677.60927077
2221.05000000,BACKGROUND115,takeoff,0
2236.05000000,BACKGROUND116,takeoff,0
2241.15000000,BACKGROUND101,landing,3613.19202620
2242.40000000,BACKGROUND96,landing,3988.10956836
2251.05000000,BACKGROUND117,takeoff,0
2251.20000000,BACKGROUND97,landing,4535.18572224
2266.05000000,BACKGROUND118,takeoff,0
2269.15000000,DELIVERY10,landing,4454.54573768
2281.05000000,BACKGROUND119,takeoff,0
2290.90000000,DELIVERY15,landing,2642.72146535
2292.15000000,BACKGROUND105,landing,3401.15368646
2296.05000000,BACKGROUND120,takeoff,0
2306.35000000,DELIVERY16,landing,1693.33987025
2309.35000000,DELIVERY16,takeoff,0
2311.05000000,BACKGROUND121,takeoff,0
2319.75000000,BACKGROUND112,landing,2316.56042169
2326.05000000,BACKGROUND122,takeoff,0
2330.65000000,BACKGROUND83,landing,5393.86139017
2341.05000000,BACKGROUND123,takeoff,0
2356.05000000,BACKGROUND124,takeoff,0
2371.05000000,BACKGROUND125,takeoff,0
2377.10000000,BACKGROUND103,landing,6301.82480129
2382.40000000,BACKGROUND119,landing,1583.16810863
2384.45000000,DELIVERY17,landing,2650.77810408
2387.45000000,DELIVERY17,takeoff,0
2388.25000000,BACKGROUND98,landing,4952.71667759
2400.05000000,DELIVERY19,takeoff,0
2400.05000000,DELIVERY20,takeoff,0
2400.05000000,DELIVERY21,takeoff,0
2401.05000000,BACKGROUND126,takeoff,0
2434.25000000,BACKGROUND87,landing,6193.57570764
2461.05000000,BACKGROUND127,takeoff,0
2468.70000000,BACKGROUND99,landing,3909.61339448
2471.20000000,BACKGROUND121,landing,1491.46866338
2476.05000000,BACKGROUND128,takeoff,0
2491.05000000,BACKGROUND129,takeoff,0
2491.20000000,BACKGROUND88,landing,5457.63336124
2506.05000000,BACKGROUND130,takeoff,0
2506.15000000,DELIVERY18,landing,4472.07316806
2509.15000000,DELIVERY18,takeoff,0
2512.85000000,DELIVERY16,landing,1677.60927077
2521.05000000,BACKGROUND131,takeoff,0
2525.85000000,BACKGROUND123,landing,1512.50861308
2536.05000000,BACKGROUND132,takeoff,0
2551.05000000,BACKGROUND133,takeoff,0
2566.05000000,BACKGROUND134,takeoff,0
2568.15000000,BACKGROUND124,landing,2426.32735228
2569.15000000,DELIVERY14,landing,4454.54573768
2571.40000000,BACKGROUND115,landing,3403.05036216
2579.15000000,BACKGROUND114,landing,3725.17493223
2581.05000000,BACKGROUND135,takeoff,0
2586.60000000,BACKGROUND106,landing,4305.57334070
2590.90000000,DELIVERY17,landing,2642.72146535
2593.65000000,BACKGROUND127,landing,1793.24310876
2596.05000000,BACKGROUND136,takeoff,0
2606.35000000,DELIVERY20,landing,1693.33987025
2609.35000000,DELIVERY20,takeoff,0
2611.05000000,BACKGROUND137,takeoff,0
2626.05000000,BACKGROUND138,takeoff,0
2641.05000000,BACKGROUND139,takeoff,0
2648.15000000,BACKGROUND125,landing,3101.83774920
2649.25000000,BACKGROUND128,landing,2629.43913643
2659.85000000,BACKGROUND116,landing,3102.57880552
2684.45000000,DELIVERY21,landing,2650.77810408
2686.05000000,BACKGROUND140,takeoff,0
2687.45000000,DELIVERY21,takeoff,0
2694.70000000,BACKGROUND111,landing,6460.07242813
2700.05000000,DELIVERY22,takeoff,0
2700.05000000,DELIVERY23,takeoff,0
2700.05000000,DELIVERY24,takeoff,0
2701.05000000,BACKGROUND141,takeoff,0
2716.05000000,BACKGROUND142,takeoff,0
2717.60000000,BACKGROUND108,landing,4369.16444689
2725.85000000,BACKGROUND118,landing,6945.05179932
2731.05000000,BACKGROUND143,takeoff,0
2756.20000000,BACKGROUND109,landing,6426.49805180
2771.25000000,BACKGROUND136,landing,2277.35802276
2776.05000000,BACKGROUND144,takeoff,0
2783.90000000,BACKGROUND110,landing,4184.72940989
2791.05000000,BACKGROUND145,takeoff,0
2797.20000000,BACKGROUND133,landing,2745.51337072
2806.05000000,BACKGROUND146,takeoff,0
2806.15000000,DELIVERY19,landing,4472.07316806
2809.15000000,DELIVERY19,takeoff,0
2812.85000000,DELIVERY20,landing,1677.60927077
2819.85000000,BACKGROUND113,landing,5895.37711113
2821.05000000,BACKGROUND147,takeoff,0
2836.05000000,BACKGROUND148,takeoff,0
2843.45000000,BACKGROUND132,landing,3457.27611381
2851.05000000,BACKGROUND149,takeoff,0
2866.05000000,BACKGROUND150,takeoff,0
2869.15000000,DELIVERY18,landing,4454.54573768
2874.55000000,BACKGROUND139,landing,2402.46010010
2881.05000000,BACKGROUND151,takeoff,0
2890.90000000,DELIVERY21,landing,2642.72146535
2906.35000000,DELIVERY23,landing,1693.33987025
2909.35000000,DELIVERY23,takeoff,0
2911.05000000,BACKGROUND152,takeoff,0
2912.60000000,BACKGROUND126,landing,6200.33840389
2914.95000000,BACKGROUND130,landing,3419.08560625
2925.10000000,BACKGROUND138,landing,4217.80907277
2941.50000000,BACKGROUND144,landing,2045.40730065
2956.05000000,BACKGROUND153,takeoff,0
2957.35000000,BACKGROUND129,landing,5658.05037883
2971.05000000,BACKGROUND154,takeoff,0
2984.45000000,DELIVERY24,landing,2650.77810408
2986.05000000,BACKGROUND155,takeoff,0
2987.45000000,DELIVERY24,takeoff,0
3000.05000000,DELIVERY25,takeoff,0
3000.05000000,DELIVERY26,takeoff,0
3000.05000000,DELIVERY27,takeoff,0
3016.05000000,BACKGROUND156,takeoff,0
3024.65000000,BACKGROUND147,landing,3089.58526532
3031.05000000,BACKGROUND157,takeoff,0
3046.05000000,BACKGROUND158,takeoff,0
3058.90000000,BACKGROUND117,landing,5136.89157125
3061.05000000,BACKGROUND159,takeoff,0
3073.75000000,BACKGROUND142,landing,4062.35446887
3076.05000000,BACKGROUND160,takeoff,0
3091.05000000,BACKGROUND161,takeoff,0
3097.30000000,BACKGROUND151,landing,2699.08463034
3099.05000000,BACKGROUND143,landing,5166.77919297
3106.05000000,BACKGROUND162,takeoff,0
3106.15000000,DELIVERY22,landing,4472.07316806
3108.80000000,BACKGROUND148,landing,3404.89128669
3109.15000000,DELIVERY22,takeoff,0
3109.30000000,BACKGROUND152,landing,2054.45876220
3112.85000000,DELIVERY23,landing,1677.60927077
3121.05000000,BACKGROUND163,takeoff,0
3126.35000000,BACKGROUND145,landing,1502.66411623
3131.55000000,BACKGROUND149,landing,4595.34398416
3132.25000000,BACKGROUND134,landing,3166.29082835
3136.05000000,BACKGROUND164,takeoff,0
3151.05000000,BACKGROUND165,takeoff,0
3162.95000000,BACKGROUND131,landing,4797.96200240
3166.05000000,BACKGROUND166,takeoff,0
3169.15000000,DELIVERY19,landing,4454.54573768
3190.90000000,DELIVERY24,landing,2642.72146535
3196.05000000,BACKGROUND167,takeoff,0
3206.35000000,DELIVERY27,landing,1693.33987025
3209.35000000,DELIVERY27,takeoff,0
3211.05000000,BACKGROUND168,takeoff,0
3223.80000000,BACKGROUND141,landing,5320.94253793
3228.50000000,BACKGROUND146,landing,3867.24571305
3241.05000000,BACKGROUND169,takeoff,0
3256.05000000,BACKGROUND170,takeoff,0
3260.65000000,BACKGROUND154,landing,2869.19238316
3267.30000000,BACKGROUND137,landing,3431.34935169
3271.05000000,BACKGROUND171,takeoff,0
3271.25000000,BACKGROUND120,landing,5563.83922841
3284.45000000,DELIVERY25,landing,2650.77810408
3286.05000000,BACKGROUND172,takeoff,0
3287.45000000,DELIVERY25,takeoff,0
3300.05000000,DELIVERY28,takeoff,0
3300.05000000,DELIVERY29,takeoff,0
3300.05000000,DELIVERY30,takeoff,0
3301.05000000,BACKGROUND173,takeoff,0
3316.05000000,BACKGROUND174,takeoff,0
3334.20000000,BACKGROUND122,landing,6835.90256634
3346.05000000,BACKGROUND175,takeoff,0
3361.05000000,BACKGROUND176,takeoff,0
3376.05000000,BACKGROUND177,takeoff,0
3389.65000000,BACKGROUND159,landing,4476.37564419
3391.05000000,BACKGROUND178,takeoff,0
3392.60000000,BACKGROUND167,landing,2062.18169105
3399.60000000,BACKGROUND157,landing,1233.54910962
3406.05000000,BACKGROUND179,takeoff,0
3406.15000000,DELIVERY26,landing,4472.07316806
3407.00000000,BACKGROUND155,landing,3922.53528322
3409.15000000,DELIVERY26,takeoff,0
3412.85000000,DELIVERY27,landing,1677.60927077
3427.80000000,BACKGROUND156,landing,6191.88313583
3451.05000000,BACKGROUND180,takeoff,0
3458.15000000,BACKGROUND170,landing,2488.79016358
3466.05000000,BACKGROUND181,takeoff,0
3469.15000000,DELIVERY22,landing,4454.54573768
3471.45000000,BACKGROUND150,landing,3592.64440396
3481.00000000,BACKGROUND158,landing,1425.66290157
3481.05000000,BACKGROUND182,takeoff,0
3488.20000000,BACKGROUND162,landing,5658.67264786
3490.90000000,DELIVERY25,landing,2642.72146535
3496.05000000,BACKGROUND183,takeoff,0
3506.35000000,DELIVERY29,landing,1693.33987025
3508.75000000,BACKGROUND178,landing,1711.54774928
3509.35000000,DELIVERY29,takeoff,0
3511.05000000,BACKGROUND184,takeoff,0
3541.05000000,BACKGROUND185,takeoff,0
3556.05000000,BACKGROUND186,takeoff,0
3571.05000000,BACKGROUND187,takeoff,0
3572.85000000,BACKGROUND172,landing,4262.07775461
3584.45000000,DELIVERY30,landing,2650.77810408
3586.05000000,BACKGROUND188,takeoff,0
3586.40000000,BACKGROUND165,landing,6259.95090402
3587.45000000,DELIVERY30,takeoff,0
3592.10000000,BACKGROUND166,landing,4282.45181445
3595.75000000,BACKGROUND161,landing,4015.22008287
3600.05000000,DELIVERY31,takeoff,0
3600.05000000,DELIVERY32,takeoff,0
3600.05000000,DELIVERY33,takeoff,0
