# CONFLICTS LOG
# Start and end of all conflicts
# 
# Simulation Time [s], UAS1, UAS2, Start/End
# simt
102.00000000,BACKGROUND13,BACKGROUND7,start
105.00000000,BACKGROUND13,BACKGROUND7,end
176.00000000,BACKGROUND13,BACKGROUND5,start
181.00000000,BACKGROUND10,BACKGROUND7,start
187.00000000,BACKGROUND13,BACKGROUND5,end
192.00000000,BACKGROUND7,BACKGROUND8,start
192.00000000,BACKGROUND10,BACKGROUND7,end
196.00000000,BACKGROUND7,BACKGROUND8,end
205.00000000,BACKGROUND17,SURVEILLANCE_LUFTHANSA,start
211.00000000,BACKGROUND17,SURVEILLANCE_LUFTHANSA,end
224.00000000,BACKGROUND15,SURVEILLANCE_LUFTHANSA,start
235.00000000,SURVEILLANCEOP1,SURVEILLANCE_LUFTHANSA,start
240.00000000,BACKGROUND26,SURVEILLANCE_LUFTHANSA,start
241.00000000,BACKGROUND15,SURVEILLANCE_LUFTHANSA,end
248.00000000,SURVEILLANCEOP1,SURVEILLANCE_LUFTHANSA,end
257.00000000,BACKGROUND26,SURVEILLANCE_LUFTHANSA,end
298.00000000,BACKGROUND1,SURVEILLANCE_EUROWINGS,start
300.00000000,BACKGROUND31,SURVEILLANCE_EUROWINGS,start
300.00000000,BACKGROUND1,SURVEILLANCE_EUROWINGS,end
303.00000000,BACKGROUND31,SURVEILLANCE_EUROWINGS,end
330.00000000,BACKGROUND37,SURVEILLANCE_EUROWINGS,start
331.00000000,BACKGROUND37,SURVEILLANCE_EUROWINGS,end
332.00000000,BACKGROUND43,SURVEILLANCE_EUROWINGS,start
335.00000000,BACKGROUND33,BACKGROUND34,start
336.00000000,BACKGROUND43,SURVEILLANCE_EUROWINGS,end
341.00000000,BACKGROUND33,BACKGROUND34,end
372.00000000,BACKGROUND26,BACKGROUND44,start
377.00000000,BACKGROUND26,BACKGROUND44,end
382.00000000,BACKGROUND10,SURVEILLANCE_EUROWINGS,start
393.00000000,BACKGROUND10,SURVEILLANCE_EUROWINGS,end
418.00000000,BACKGROUND21,BACKGROUND34,start
420.00000000,BACKGROUND21,BACKGROUND34,end
425.00000000,BACKGROUND21,BACKGROUND34,start
426.00000000,BACKGROUND21,BACKGROUND34,end
472.00000000,BACKGROUND28,BACKGROUND39,start
484.00000000,BACKGROUND28,BACKGROUND39,end
528.00000000,BACKGROUND64,SURVEILLANCE_HELICOPTER,start
538.00000000,BACKGROUND64,SURVEILLANCE_HELICOPTER,end
586.00000000,SURVEILLANCEOP3,SURVEILLANCE_HELICOPTER,start
602.00000000,SURVEILLANCEOP4,SURVEILLANCEOP5,start
603.00000000,SURVEILLANCEOP3,SURVEILLANCE_HELICOPTER,end
604.00000000,SURVEILLANCEOP4,SURVEILLANCEOP5,end
606.00000000,BACKGROUND65,SURVEILLANCEOP2,start
607.00000000,BACKGROUND65,SURVEILLANCEOP2,end
693.00000000,BACKGROUND45,BACKGROUND67,start
698.00000000,BACKGROUND72,BACKGROUND85,start
705.00000000,BACKGROUND45,BACKGROUND67,end
706.00000000,BACKGROUND72,BACKGROUND85,end
737.00000000,BACKGROUND60,BACKGROUND63,start
738.00000000,BACKGROUND60,BACKGROUND63,end
754.00000000,BACKGROUND85,BACKGROUND88,start
755.00000000,BACKGROUND85,BACKGROUND88,end
787.00000000,BACKGROUND82,BACKGROUND93,start
794.00000000,BACKGROUND60,BACKGROUND63,start
797.00000000,BACKGROUND82,BACKGROUND93,end
800.00000000,BACKGROUND104,BACKGROUND56,start
803.00000000,BACKGROUND104,BACKGROUND56,end
804.00000000,BACKGROUND60,BACKGROUND63,end
820.00000000,BACKGROUND101,BACKGROUND84,start
822.00000000,BACKGROUND67,BACKGROUND94,start
823.00000000,BACKGROUND67,BACKGROUND94,end
829.00000000,BACKGROUND101,BACKGROUND84,end
930.00000000,BACKGROUND89,BACKGROUND98,start
934.00000000,BACKGROUND89,BACKGROUND98,end
1006.00000000,BACKGROUND108,BACKGROUND93,start
1007.00000000,BACKGROUND108,BACKGROUND93,end
1064.00000000,BACKGROUND115,BACKGROUND138,start
1068.00000000,BACKGROUND115,BACKGROUND138,end
1084.00000000,BACKGROUND119,BACKGROUND125,start
1085.00000000,BACKGROUND119,BACKGROUND125,end
1096.00000000,BACKGROUND111,BACKGROUND133,start
1107.00000000,BACKGROUND111,BACKGROUND133,end
1136.00000000,BACKGROUND107,BACKGROUND138,start
1147.00000000,BACKGROUND107,BACKGROUND138,end
1172.00000000,BACKGROUND117,BACKGROUND142,start
1182.00000000,BACKGROUND117,BACKGROUND142,end
1185.00000000,BACKGROUND125,BACKGROUND138,start
1190.00000000,BACKGROUND109,BACKGROUND134,start
1191.00000000,BACKGROUND112,BACKGROUND143,start
1193.00000000,BACKGROUND112,BACKGROUND143,end
1196.00000000,BACKGROUND125,BACKGROUND138,end
1198.00000000,BACKGROUND109,BACKGROUND149,start
1201.00000000,BACKGROUND134,BACKGROUND149,start
1202.00000000,BACKGROUND109,BACKGROUND134,end
1207.00000000,BACKGROUND109,BACKGROUND149,end
1209.00000000,BACKGROUND134,BACKGROUND149,end
1210.00000000,BACKGROUND130,BACKGROUND149,start
1213.00000000,BACKGROUND130,BACKGROUND149,end
1260.00000000,BACKGROUND161,BACKGROUND84,start
1265.00000000,BACKGROUND153,BACKGROUND55,start
1267.00000000,BACKGROUND153,BACKGROUND55,end
1272.00000000,BACKGROUND161,BACKGROUND84,end
1325.00000000,BACKGROUND144,BACKGROUND163,start
1327.00000000,BACKGROUND144,BACKGROUND163,end
1343.00000000,BACKGROUND153,BACKGROUND163,start
1343.00000000,BACKGROUND150,BACKGROUND159,start
1344.00000000,BACKGROUND150,BACKGROUND159,end
1354.00000000,BACKGROUND153,BACKGROUND163,end
1425.00000000,BACKGROUND114,BACKGROUND174,start
1433.00000000,BACKGROUND114,BACKGROUND174,end
1442.00000000,BACKGROUND162,BACKGROUND177,start
1443.00000000,BACKGROUND162,BACKGROUND177,end
1492.00000000,BACKGROUND144,BACKGROUND180,start
1496.00000000,BACKGROUND144,BACKGROUND180,end
1582.00000000,BACKGROUND193,BACKGROUND202,start
1583.00000000,BACKGROUND193,BACKGROUND202,end
1599.00000000,BACKGROUND193,BACKGROUND202,start
1600.00000000,BACKGROUND193,BACKGROUND202,end
1604.00000000,BACKGROUND184,BACKGROUND196,start
1605.00000000,BACKGROUND184,BACKGROUND196,end
1611.00000000,BACKGROUND193,BACKGROUND202,start
1612.00000000,BACKGROUND193,BACKGROUND202,end
1614.00000000,BACKGROUND193,BACKGROUND202,start
1615.00000000,BACKGROUND193,BACKGROUND202,end
1616.00000000,BACKGROUND193,BACKGROUND202,start
1626.00000000,BACKGROUND193,BACKGROUND202,end
1632.00000000,BACKGROUND196,BACKGROUND208,start
1649.00000000,BACKGROUND196,BACKGROUND208,end
1686.00000000,BACKGROUND191,BACKGROUND195,start
1689.00000000,BACKGROUND191,BACKGROUND195,end
1692.00000000,BACKGROUND196,BACKGROUND216,start
1700.00000000,BACKGROUND196,BACKGROUND216,end
1731.00000000,BACKGROUND200,BACKGROUND219,start
1732.00000000,BACKGROUND208,BACKGROUND212,start
1733.00000000,BACKGROUND200,BACKGROUND219,end
1743.00000000,BACKGROUND216,BACKGROUND223,start
1745.00000000,BACKGROUND208,BACKGROUND212,end
1746.00000000,BACKGROUND216,BACKGROUND223,end
1751.00000000,BACKGROUND216,BACKGROUND223,start
1753.00000000,BACKGROUND216,BACKGROUND223,end
1756.00000000,BACKGROUND193,BACKGROUND221,start
1757.00000000,BACKGROUND216,BACKGROUND223,start
1758.00000000,BACKGROUND216,BACKGROUND223,end
1759.00000000,BACKGROUND193,BACKGROUND221,end
1760.00000000,BACKGROUND167,BACKGROUND217,start
1767.00000000,BACKGROUND167,BACKGROUND217,end
