# FLIGHT LOG
# Takeoff, landing, and distance flown of each UAS.
# 
# Simulation Time [s], UAS, Takeoff/Landing, Distance [m]
# simt
8.05000000,BACKGROUND1,takeoff,0
22.05000000,BACKGROUND2,takeoff,0
29.05000000,BACKGROUND3,takeoff,0
36.05000000,BACKGROUND4,takeoff,0
44.05000000,BACKGROUND5,takeoff,0
58.05000000,BACKGROUND6,takeoff,0
60.05000000,SURVEILLANCE_TURKISH,takeoff,0
65.05000000,BACKGROUND7,takeoff,0
72.05000000,BACKGROUND8,takeoff,0
87.05000000,BACKGROUND9,takeoff,0
94.05000000,BACKGROUND10,takeoff,0
108.05000000,BACKGROUND12,takeoff,0
116.05000000,BACKGROUND13,takeoff,0
123.05000000,BACKGROUND14,takeoff,0
137.05000000,BACKGROUND16,takeoff,0
144.05000000,BACKGROUND17,takeoff,0
152.05000000,BACKGROUND18,takeoff,0
159.15000000,BACKGROUND6,landing,1539.90712940
166.05000000,BACKGROUND19,takeoff,0
180.05000000,BACKGROUND21,takeoff,0
180.05000000,SURVEILLANCE_LUFTHANSA,takeoff,0
181.05000000,SURVEILLANCEOP1,takeoff,0
181.05000000,SURVEILLANCEOP2,takeoff,0
181.05000000,SURVEILLANCEOP3,takeoff,0
188.05000000,BACKGROUND22,takeoff,0
190.05000000,BACKGROUND15,takeoff,0
209.05000000,BACKGROUND24,takeoff,0
216.05000000,BACKGROUND25,takeoff,0
221.05000000,BACKGROUND11,takeoff,0
231.05000000,BACKGROUND27,takeoff,0
238.05000000,BACKGROUND28,takeoff,0
240.05000000,SURVEILLANCE_EUROWINGS,takeoff,0
240.60000000,BACKGROUND3,landing,3715.29711182
241.05000000,SURVEILLANCEOP4,takeoff,0
245.05000000,BACKGROUND29,takeoff,0
274.05000000,BACKGROUND33,takeoff,0
285.95000000,BACKGROUND12,landing,3112.80135079
286.70000000,BACKGROUND10,landing,2139.53926825
288.05000000,BACKGROUND35,takeoff,0
298.30000000,BACKGROUND1,landing,4265.45773903
300.05000000,BACKGROUND20,takeoff,0
300.05000000,BACKGROUND23,takeoff,0
300.05000000,BACKGROUND31,takeoff,0
300.30000000,BACKGROUND21,landing,1751.33081859
300.30000000,BACKGROUND21,takeoff,0
300.55000000,BACKGROUND16,landing,2154.88302399
300.55000000,BACKGROUND16,takeoff,0
300.70000000,BACKGROUND24,landing,985.15251388
300.70000000,BACKGROUND24,takeoff,0
300.75000000,BACKGROUND35,landing,214.68693302
300.75000000,BACKGROUND35,takeoff,0
301.25000000,BACKGROUND8,landing,3739.81037982
301.25000000,BACKGROUND8,takeoff,0
301.90000000,BACKGROUND4,landing,3408.45836395
301.90000000,BACKGROUND4,takeoff,0
302.25000000,BACKGROUND29,landing,1060.45100379
302.25000000,BACKGROUND29,takeoff,0
303.15000000,BACKGROUND5,landing,4843.73694226
303.15000000,BACKGROUND5,takeoff,0
303.80000000,BACKGROUND25,landing,1994.87658973
303.80000000,BACKGROUND25,takeoff,0
303.95000000,BACKGROUND9,landing,2941.25875309
303.95000000,BACKGROUND9,takeoff,0
304.00000000,BACKGROUND28,landing,1220.22679600
304.00000000,BACKGROUND28,takeoff,0
304.05000000,BACKGROUND19,landing,2299.14520518
304.05000000,BACKGROUND19,takeoff,0
304.40000000,BACKGROUND18,landing,1927.16648708
304.40000000,BACKGROUND18,takeoff,0
304.40000000,BACKGROUND33,landing,251.33490609
304.40000000,BACKGROUND33,takeoff,0
305.10000000,BACKGROUND22,landing,1959.27807246
305.10000000,BACKGROUND22,takeoff,0
306.40000000,BACKGROUND7,landing,4240.86187002
306.40000000,BACKGROUND7,takeoff,0
310.15000000,BACKGROUND2,landing,3273.35237348
310.55000000,BACKGROUND15,landing,1787.43852567
310.55000000,BACKGROUND15,takeoff,0
316.05000000,BACKGROUND27,landing,1183.24974384
316.05000000,BACKGROUND27,takeoff,0
317.05000000,BACKGROUND38,takeoff,0
323.80000000,BACKGROUND14,landing,2355.07421423
323.80000000,BACKGROUND14,takeoff,0
324.65000000,BACKGROUND17,landing,2807.60190706
324.65000000,BACKGROUND17,takeoff,0
331.05000000,BACKGROUND40,takeoff,0
339.05000000,BACKGROUND41,takeoff,0
344.25000000,BACKGROUND29,landing,290.81392344
360.05000000,BACKGROUND43,takeoff,0
364.95000000,BACKGROUND7,landing,457.09032328
372.05000000,BACKGROUND30,takeoff,0
382.05000000,BACKGROUND46,takeoff,0
384.45000000,BACKGROUND13,landing,2561.51049530
403.05000000,BACKGROUND49,takeoff,0
418.05000000,BACKGROUND51,takeoff,0
425.05000000,BACKGROUND52,takeoff,0
430.25000000,BACKGROUND24,landing,1219.03223965
432.05000000,BACKGROUND53,takeoff,0
437.25000000,BACKGROUND27,landing,889.51128265
437.75000000,BACKGROUND5,landing,396.96137423
442.75000000,BACKGROUND14,landing,700.58896197
447.05000000,BACKGROUND32,takeoff,0
482.05000000,BACKGROUND58,takeoff,0
490.05000000,BACKGROUND59,takeoff,0
492.05000000,SURVEILLANCEOP5,takeoff,0
506.05000000,BACKGROUND9,landing,870.03094453
510.05000000,SURVEILLANCE_EUROWINGS,landing,10278.45993398
527.05000000,SURVEILLANCE_HELICOPTER,takeoff,0
533.05000000,BACKGROUND63,takeoff,0
540.85000000,BACKGROUND33,landing,2353.51570141
546.30000000,BACKGROUND11,landing,1556.22469299
546.30000000,BACKGROUND11,takeoff,0
554.05000000,BACKGROUND65,takeoff,0
561.70000000,BACKGROUND18,landing,1400.95572491
562.05000000,BACKGROUND66,takeoff,0
581.05000000,BACKGROUND34,takeoff,0
586.85000000,BACKGROUND8,landing,2014.25218898
600.05000000,BACKGROUND36,takeoff,0
600.05000000,BACKGROUND37,takeoff,0
600.05000000,BACKGROUND45,takeoff,0
600.05000000,BACKGROUND67,takeoff,0
600.80000000,BACKGROUND65,landing,274.85204424
600.80000000,BACKGROUND65,takeoff,0
601.10000000,BACKGROUND59,landing,741.11703425
601.10000000,BACKGROUND59,takeoff,0
602.15000000,BACKGROUND21,landing,3416.24101820
602.15000000,BACKGROUND21,takeoff,0
604.00000000,BACKGROUND25,landing,2482.37334791
604.00000000,BACKGROUND25,takeoff,0
604.70000000,BACKGROUND20,landing,1545.71852350
604.70000000,BACKGROUND20,takeoff,0
606.30000000,BACKGROUND40,landing,2710.42836795
606.30000000,BACKGROUND40,takeoff,0
606.60000000,BACKGROUND58,landing,1090.11344980
606.60000000,BACKGROUND58,takeoff,0
607.05000000,BACKGROUND63,landing,956.79154755
607.05000000,BACKGROUND63,takeoff,0
610.50000000,BACKGROUND35,landing,2355.87978608
610.50000000,BACKGROUND35,takeoff,0
610.80000000,BACKGROUND49,landing,821.04807238
610.80000000,BACKGROUND49,takeoff,0
612.25000000,BACKGROUND51,landing,1898.92724966
612.25000000,BACKGROUND51,takeoff,0
614.60000000,BACKGROUND28,landing,2269.90100888
614.60000000,BACKGROUND28,takeoff,0
614.60000000,BACKGROUND11,landing,352.84156709
614.60000000,BACKGROUND11,takeoff,0
615.85000000,BACKGROUND52,landing,1412.48420354
615.85000000,BACKGROUND52,takeoff,0
617.30000000,BACKGROUND15,landing,1785.70579818
617.50000000,BACKGROUND43,landing,1447.37097145
617.50000000,BACKGROUND43,takeoff,0
618.10000000,BACKGROUND38,landing,4548.15948485
619.75000000,BACKGROUND46,landing,2042.20133437
619.75000000,BACKGROUND46,takeoff,0
621.75000000,BACKGROUND23,landing,1857.32758062
621.75000000,BACKGROUND23,takeoff,0
623.80000000,BACKGROUND16,landing,3225.64090618
623.80000000,BACKGROUND16,takeoff,0
626.05000000,BACKGROUND73,takeoff,0
628.15000000,BACKGROUND31,landing,1427.99687547
628.15000000,BACKGROUND31,takeoff,0
632.15000000,BACKGROUND66,landing,258.14398940
632.15000000,BACKGROUND66,takeoff,0
634.05000000,BACKGROUND74,takeoff,0
634.35000000,BACKGROUND17,landing,1565.78882725
634.40000000,BACKGROUND30,landing,1572.90150847
634.40000000,BACKGROUND30,takeoff,0
641.05000000,BACKGROUND75,takeoff,0
641.95000000,BACKGROUND53,landing,1679.41454670
641.95000000,BACKGROUND53,takeoff,0
648.05000000,BACKGROUND76,takeoff,0
652.80000000,BACKGROUND19,landing,3504.40378861
654.20000000,BACKGROUND21,landing,390.93916061
656.40000000,BACKGROUND32,landing,1252.22894228
656.40000000,BACKGROUND32,takeoff,0
659.80000000,BACKGROUND4,landing,2552.04435725
673.15000000,BACKGROUND22,landing,2334.75687475
693.90000000,SURVEILLANCE_HELICOPTER,landing,8843.07020540
705.05000000,BACKGROUND82,takeoff,0
723.95000000,BACKGROUND16,landing,787.38442171
727.05000000,BACKGROUND85,takeoff,0
729.95000000,BACKGROUND41,landing,1857.29119367
729.95000000,BACKGROUND41,takeoff,0
739.05000000,BACKGROUND54,takeoff,0
747.05000000,BACKGROUND55,takeoff,0
749.05000000,BACKGROUND87,takeoff,0
771.70000000,BACKGROUND52,landing,1233.30915211
773.05000000,BACKGROUND83,takeoff,0
777.05000000,BACKGROUND89,takeoff,0
799.05000000,BACKGROUND92,takeoff,0
828.20000000,BACKGROUND31,landing,804.18472825
838.95000000,SURVEILLANCEOP2,landing,6208.91411751
848.95000000,BACKGROUND34,landing,1529.90440950
849.05000000,BACKGROUND98,takeoff,0
857.05000000,BACKGROUND99,takeoff,0
868.55000000,BACKGROUND20,landing,1521.74063269
878.05000000,BACKGROUND101,takeoff,0
889.15000000,BACKGROUND30,landing,1854.61429497
900.05000000,BACKGROUND42,takeoff,0
900.05000000,BACKGROUND50,takeoff,0
900.05000000,BACKGROUND62,takeoff,0
900.05000000,BACKGROUND70,takeoff,0
900.05000000,BACKGROUND90,takeoff,0
901.80000000,BACKGROUND98,landing,186.77985371
901.80000000,BACKGROUND98,takeoff,0
902.25000000,BACKGROUND87,landing,949.49129075
902.25000000,BACKGROUND87,takeoff,0
902.40000000,BACKGROUND46,landing,1505.55380614
902.40000000,BACKGROUND46,takeoff,0
902.75000000,BACKGROUND89,landing,1167.99041032
902.75000000,BACKGROUND89,takeoff,0
903.35000000,BACKGROUND23,landing,1645.06259952
903.35000000,BACKGROUND23,takeoff,0
903.60000000,BACKGROUND83,landing,829.34577121
903.60000000,BACKGROUND83,takeoff,0
903.75000000,BACKGROUND37,landing,1817.55726945
903.75000000,BACKGROUND37,takeoff,0
904.85000000,BACKGROUND55,landing,942.16061912
904.85000000,BACKGROUND55,takeoff,0
905.65000000,BACKGROUND67,landing,1724.83429961
905.65000000,BACKGROUND67,takeoff,0
907.80000000,BACKGROUND51,landing,1295.01786925
907.80000000,BACKGROUND51,takeoff,0
908.15000000,BACKGROUND11,landing,1294.88214578
908.15000000,BACKGROUND11,takeoff,0
909.35000000,BACKGROUND99,landing,562.86476579
909.35000000,BACKGROUND99,takeoff,0
909.50000000,BACKGROUND36,landing,1778.91923663
909.50000000,BACKGROUND36,takeoff,0
910.85000000,BACKGROUND82,landing,2012.56888400
910.85000000,BACKGROUND82,takeoff,0
913.35000000,BACKGROUND40,landing,1620.28038445
918.80000000,BACKGROUND92,landing,585.18242024
918.80000000,BACKGROUND92,takeoff,0
919.20000000,BACKGROUND76,landing,1723.70356077
919.20000000,BACKGROUND76,takeoff,0
919.35000000,BACKGROUND66,landing,1464.12533466
919.35000000,BACKGROUND66,takeoff,0
920.85000000,BACKGROUND43,landing,1696.84416810
920.85000000,BACKGROUND43,takeoff,0
921.05000000,BACKGROUND59,landing,2115.99534484
921.05000000,BACKGROUND59,takeoff,0
921.95000000,BACKGROUND58,landing,1839.20885261
921.95000000,BACKGROUND58,takeoff,0
923.95000000,BACKGROUND32,landing,1602.98111553
923.95000000,BACKGROUND32,takeoff,0
924.00000000,SURVEILLANCEOP4,landing,6490.80179230
924.75000000,BACKGROUND85,landing,1184.98772347
924.75000000,BACKGROUND85,takeoff,0
925.30000000,SURVEILLANCEOP1,landing,7129.93035308
926.35000000,BACKGROUND74,landing,739.43058865
926.35000000,BACKGROUND74,takeoff,0
928.85000000,BACKGROUND54,landing,980.42300989
928.85000000,BACKGROUND54,takeoff,0
929.25000000,BACKGROUND75,landing,1388.53461313
929.25000000,BACKGROUND75,takeoff,0
934.00000000,BACKGROUND101,landing,296.79575383
934.00000000,BACKGROUND101,takeoff,0
936.45000000,BACKGROUND35,landing,1483.13428533
936.45000000,BACKGROUND35,takeoff,0
940.45000000,BACKGROUND73,landing,3017.54189932
941.75000000,BACKGROUND65,landing,2187.51193140
945.45000000,BACKGROUND53,landing,1853.21020469
945.45000000,BACKGROUND53,takeoff,0
948.95000000,BACKGROUND41,landing,1190.79345011
964.05000000,BACKGROUND111,takeoff,0
974.60000000,BACKGROUND11,landing,393.81614975
988.05000000,BACKGROUND107,takeoff,0
994.15000000,BACKGROUND35,landing,544.35370703
1008.05000000,BACKGROUND116,takeoff,0
1015.05000000,BACKGROUND117,takeoff,0
1020.45000000,BACKGROUND49,landing,1699.35482699
1024.75000000,SURVEILLANCEOP3,landing,8148.85479055
1028.55000000,BACKGROUND45,landing,1896.07734327
1041.85000000,BACKGROUND99,landing,977.89861538
1052.90000000,BACKGROUND28,landing,2073.14326755
1073.55000000,BACKGROUND51,landing,1004.41766139
1076.75000000,BACKGROUND36,landing,998.70667608
1087.05000000,BACKGROUND126,takeoff,0
1101.05000000,BACKGROUND128,takeoff,0
1101.05000000,BACKGROUND106,takeoff,0
1103.00000000,BACKGROUND67,landing,1184.11978496
1108.05000000,BACKGROUND129,takeoff,0
1111.05000000,BACKGROUND121,takeoff,0
1119.35000000,BACKGROUND89,landing,1099.89074131
1127.60000000,BACKGROUND82,landing,868.81307443
1130.90000000,BACKGROUND74,landing,2244.29667890
1144.05000000,BACKGROUND133,takeoff,0
1147.05000000,BACKGROUND104,takeoff,0
1151.05000000,BACKGROUND134,takeoff,0
1166.05000000,BACKGROUND113,takeoff,0
1173.40000000,BACKGROUND23,landing,2272.75540735
1176.15000000,BACKGROUND66,landing,1778.27137950
1190.05000000,BACKGROUND131,takeoff,0
1196.65000000,SURVEILLANCEOP5,landing,6935.21343608
1200.05000000,BACKGROUND77,takeoff,0
1200.05000000,BACKGROUND80,takeoff,0
1200.05000000,BACKGROUND93,takeoff,0
1200.05000000,BACKGROUND94,takeoff,0
1200.05000000,BACKGROUND95,takeoff,0
1200.05000000,BACKGROUND118,takeoff,0
1200.05000000,BACKGROUND119,takeoff,0
1200.65000000,BACKGROUND37,landing,2377.69575150
1202.05000000,BACKGROUND141,takeoff,0
1202.30000000,BACKGROUND101,landing,1510.25156712
1202.30000000,BACKGROUND101,takeoff,0
1202.85000000,BACKGROUND98,landing,2819.14920490
1202.85000000,BACKGROUND98,takeoff,0
1203.00000000,BACKGROUND92,landing,2422.67109627
1203.00000000,BACKGROUND92,takeoff,0
1203.95000000,BACKGROUND53,landing,906.66866123
1203.95000000,BACKGROUND53,takeoff,0
1204.75000000,BACKGROUND90,landing,1845.45801975
1204.75000000,BACKGROUND90,takeoff,0
1204.80000000,BACKGROUND134,landing,449.82351094
1204.80000000,BACKGROUND134,takeoff,0
1204.85000000,BACKGROUND59,landing,2365.66572845
1204.85000000,BACKGROUND59,takeoff,0
1205.30000000,BACKGROUND104,landing,342.97141472
1205.30000000,BACKGROUND104,takeoff,0
1206.05000000,BACKGROUND126,landing,708.78232739
1206.05000000,BACKGROUND126,takeoff,0
1206.15000000,BACKGROUND116,landing,1434.51406234
1206.15000000,BACKGROUND116,takeoff,0
1206.30000000,BACKGROUND111,landing,2301.37622037
1206.30000000,BACKGROUND111,takeoff,0
1206.30000000,BACKGROUND58,landing,2525.57017044
1207.05000000,BACKGROUND121,landing,239.28648598
1207.05000000,BACKGROUND121,takeoff,0
1207.55000000,BACKGROUND46,landing,1271.08824015
1207.55000000,BACKGROUND46,takeoff,0
1209.00000000,BACKGROUND43,landing,3115.03233836
1209.00000000,BACKGROUND43,takeoff,0
1209.85000000,BACKGROUND55,landing,1829.27351717
1209.85000000,BACKGROUND55,takeoff,0
1209.85000000,BACKGROUND107,landing,2137.03605170
1209.85000000,BACKGROUND107,takeoff,0
1210.00000000,BACKGROUND87,landing,1848.65455585
1210.00000000,BACKGROUND87,takeoff,0
1211.80000000,BACKGROUND62,landing,2214.93856892
1211.80000000,BACKGROUND62,takeoff,0
1213.50000000,BACKGROUND50,landing,1754.47029140
1213.50000000,BACKGROUND50,takeoff,0
1213.60000000,BACKGROUND133,landing,338.23094856
1213.60000000,BACKGROUND133,takeoff,0
1214.80000000,BACKGROUND76,landing,1744.85497446
1214.80000000,BACKGROUND76,takeoff,0
1215.00000000,BACKGROUND70,landing,1885.14370606
1215.00000000,BACKGROUND70,takeoff,0
1215.80000000,BACKGROUND75,landing,1165.71781224
1215.80000000,BACKGROUND75,takeoff,0
1217.15000000,BACKGROUND131,landing,155.83208135
1217.15000000,BACKGROUND131,takeoff,0
1217.60000000,BACKGROUND32,landing,1600.04745914
1217.60000000,BACKGROUND32,takeoff,0
1218.15000000,BACKGROUND106,landing,766.82822932
1218.15000000,BACKGROUND106,takeoff,0
1221.70000000,BACKGROUND128,landing,855.93554547
1221.70000000,BACKGROUND128,takeoff,0
1222.75000000,BACKGROUND85,landing,2207.52313386
1222.75000000,BACKGROUND85,takeoff,0
1231.05000000,BACKGROUND144,takeoff,0
1233.60000000,BACKGROUND129,landing,738.48670015
1233.60000000,BACKGROUND129,takeoff,0
1238.05000000,BACKGROUND145,takeoff,0
1241.45000000,BACKGROUND113,landing,447.59392705
1241.45000000,BACKGROUND113,takeoff,0
1244.35000000,BACKGROUND54,landing,1864.76149431
1258.95000000,BACKGROUND32,landing,236.00391272
1274.05000000,BACKGROUND149,takeoff,0
1277.90000000,BACKGROUND55,landing,404.04191344
1300.05000000,BACKGROUND138,takeoff,0
1300.05000000,BACKGROUND115,takeoff,0
1310.05000000,BACKGROUND154,takeoff,0
1311.50000000,BACKGROUND126,landing,627.28037242
1315.70000000,BACKGROUND63,landing,16215.74376271
1317.05000000,BACKGROUND155,takeoff,0
1317.45000000,BACKGROUND70,landing,608.42101456
1318.00000000,BACKGROUND117,landing,1941.82428385
1327.05000000,BACKGROUND148,takeoff,0
1329.05000000,BACKGROUND142,takeoff,0
1331.05000000,BACKGROUND157,takeoff,0
1339.05000000,BACKGROUND158,takeoff,0
1346.05000000,BACKGROUND159,takeoff,0
1346.05000000,BACKGROUND42,landing,2364.96619031
1360.05000000,BACKGROUND160,takeoff,0
1370.95000000,BACKGROUND101,landing,932.12478331
1374.05000000,BACKGROUND162,takeoff,0
1376.90000000,BACKGROUND107,landing,873.16284759
1379.60000000,BACKGROUND83,landing,2919.20151655
1390.55000000,BACKGROUND75,landing,1044.45920297
1396.05000000,BACKGROUND163,takeoff,0
1439.05000000,BACKGROUND168,takeoff,0
1449.70000000,BACKGROUND92,landing,2253.50232757
1454.05000000,BACKGROUND170,takeoff,0
1455.90000000,BACKGROUND87,landing,869.53015967
1457.80000000,BACKGROUND90,landing,1514.74041761
1461.05000000,BACKGROUND171,takeoff,0
1468.05000000,BACKGROUND172,takeoff,0
1475.05000000,BACKGROUND173,takeoff,0
1475.30000000,BACKGROUND62,landing,1577.64109178
1482.05000000,BACKGROUND174,takeoff,0
1492.05000000,BACKGROUND167,takeoff,0
1495.65000000,BACKGROUND59,landing,1851.06945924
1496.40000000,BACKGROUND76,landing,1611.11061945
1500.05000000,BACKGROUND57,takeoff,0
1500.05000000,BACKGROUND60,takeoff,0
1500.05000000,BACKGROUND88,takeoff,0
1500.05000000,BACKGROUND102,takeoff,0
1500.05000000,BACKGROUND105,takeoff,0
1500.05000000,BACKGROUND124,takeoff,0
1500.05000000,BACKGROUND143,takeoff,0
1500.30000000,BACKGROUND172,landing,201.55408512
1500.30000000,BACKGROUND172,takeoff,0
1500.40000000,BACKGROUND171,landing,215.32035343
1500.40000000,BACKGROUND171,takeoff,0
1500.60000000,BACKGROUND93,landing,1799.08771636
1500.60000000,BACKGROUND93,takeoff,0
1501.15000000,BACKGROUND138,landing,1269.14036694
1501.15000000,BACKGROUND138,takeoff,0
1502.25000000,BACKGROUND104,landing,1725.35700591
1502.25000000,BACKGROUND104,takeoff,0
1502.90000000,BACKGROUND145,landing,1422.35058766
1502.90000000,BACKGROUND145,takeoff,0
1502.95000000,BACKGROUND116,landing,1973.45728853
1502.95000000,BACKGROUND116,takeoff,0
1504.05000000,BACKGROUND177,takeoff,0
1504.70000000,BACKGROUND113,landing,1152.53764632
1504.70000000,BACKGROUND113,takeoff,0
1505.35000000,BACKGROUND95,landing,1599.02454582
1505.35000000,BACKGROUND95,takeoff,0
1505.35000000,BACKGROUND50,landing,1933.94532255
1505.35000000,BACKGROUND50,takeoff,0
1505.35000000,BACKGROUND157,landing,1436.49082666
1505.35000000,BACKGROUND157,takeoff,0
1508.40000000,BACKGROUND160,landing,852.04148695
1508.40000000,BACKGROUND160,takeoff,0
1508.80000000,BACKGROUND163,landing,1032.03693950
1508.80000000,BACKGROUND163,takeoff,0
1509.60000000,BACKGROUND162,landing,967.60230072
1509.60000000,BACKGROUND162,takeoff,0
1509.80000000,BACKGROUND98,landing,1789.57819076
1509.80000000,BACKGROUND98,takeoff,0
1509.85000000,BACKGROUND174,landing,160.03745963
1509.85000000,BACKGROUND174,takeoff,0
1512.25000000,BACKGROUND119,landing,1833.66095136
1512.25000000,BACKGROUND119,takeoff,0
1512.55000000,BACKGROUND129,landing,1676.00135825
1512.55000000,BACKGROUND129,takeoff,0
1512.60000000,BACKGROUND149,landing,1151.14921295
1512.60000000,BACKGROUND149,takeoff,0
1512.70000000,BACKGROUND115,landing,1126.48682642
1512.70000000,BACKGROUND115,takeoff,0
1512.95000000,BACKGROUND148,landing,1074.87352085
1512.95000000,BACKGROUND148,takeoff,0
1514.80000000,BACKGROUND158,landing,1125.81867109
1514.80000000,BACKGROUND158,takeoff,0
1516.15000000,BACKGROUND168,landing,577.32564396
1516.15000000,BACKGROUND168,takeoff,0
1516.35000000,BACKGROUND170,landing,723.94494744
1516.35000000,BACKGROUND170,takeoff,0
1517.60000000,BACKGROUND159,landing,1117.12836123
1517.60000000,BACKGROUND159,takeoff,0
1518.05000000,BACKGROUND178,takeoff,0
1518.50000000,BACKGROUND94,landing,1894.20785289
1518.50000000,BACKGROUND94,takeoff,0
1520.25000000,BACKGROUND141,landing,1739.91102002
1520.25000000,BACKGROUND141,takeoff,0
1520.60000000,BACKGROUND142,landing,799.97403162
1520.60000000,BACKGROUND142,takeoff,0
1521.10000000,BACKGROUND85,landing,1793.32414824
1521.10000000,BACKGROUND85,takeoff,0
1524.25000000,BACKGROUND131,landing,1014.49220353
1524.25000000,BACKGROUND131,takeoff,0
1524.85000000,BACKGROUND154,landing,1210.41984299
1524.85000000,BACKGROUND154,takeoff,0
1525.00000000,BACKGROUND167,landing,191.42296844
1525.00000000,BACKGROUND167,takeoff,0
1526.05000000,BACKGROUND179,takeoff,0
1527.60000000,BACKGROUND133,landing,1762.50899420
1527.60000000,BACKGROUND133,takeoff,0
1529.40000000,BACKGROUND80,landing,1992.40275601
1533.05000000,BACKGROUND180,takeoff,0
1535.55000000,BACKGROUND134,landing,1017.77948944
1535.55000000,BACKGROUND134,takeoff,0
1545.05000000,BACKGROUND166,takeoff,0
1546.10000000,BACKGROUND118,landing,1441.19209913
1546.10000000,BACKGROUND118,takeoff,0
1546.70000000,BACKGROUND128,landing,1473.81562733
1546.70000000,BACKGROUND128,takeoff,0
1547.05000000,BACKGROUND182,takeoff,0
1547.85000000,BACKGROUND155,landing,2018.83437201
1547.85000000,BACKGROUND155,takeoff,0
1548.15000000,BACKGROUND46,landing,1945.33066412
1550.05000000,BACKGROUND175,takeoff,0
1552.25000000,BACKGROUND106,landing,1216.94591840
1552.25000000,BACKGROUND106,takeoff,0
1562.05000000,BACKGROUND184,takeoff,0
1569.05000000,BACKGROUND185,takeoff,0
1580.55000000,BACKGROUND121,landing,2427.27509794
1590.05000000,BACKGROUND187,takeoff,0
1595.20000000,BACKGROUND43,landing,1686.55215125
1596.15000000,BACKGROUND53,landing,1742.71823708
1596.60000000,BACKGROUND119,landing,352.66427173
1597.05000000,BACKGROUND188,takeoff,0
1603.05000000,BACKGROUND153,takeoff,0
1614.05000000,BACKGROUND183,takeoff,0
1619.05000000,BACKGROUND190,takeoff,0
1633.05000000,BACKGROUND192,takeoff,0
1641.05000000,BACKGROUND193,takeoff,0
1643.20000000,BACKGROUND77,landing,2468.99983058
1648.50000000,BACKGROUND133,landing,625.19331491
1651.45000000,BACKGROUND128,landing,560.21211826
1655.05000000,BACKGROUND195,takeoff,0
1657.55000000,BACKGROUND141,landing,820.21157025
1666.40000000,BACKGROUND50,landing,961.13990574
1669.05000000,BACKGROUND197,takeoff,0
1677.05000000,BACKGROUND198,takeoff,0
1684.05000000,BACKGROUND199,takeoff,0
1691.05000000,BACKGROUND200,takeoff,0
1696.60000000,BACKGROUND162,landing,1311.07638911
1698.05000000,BACKGROUND201,takeoff,0
1703.05000000,BACKGROUND186,takeoff,0
1713.05000000,BACKGROUND203,takeoff,0
1734.05000000,BACKGROUND206,takeoff,0
1735.85000000,BACKGROUND98,landing,820.18007828
1746.05000000,BACKGROUND169,takeoff,0
1746.50000000,BACKGROUND113,landing,1246.45966027
1746.90000000,BACKGROUND173,landing,1598.26611352
1746.90000000,BACKGROUND173,takeoff,0
1749.05000000,BACKGROUND207,takeoff,0
1751.65000000,BACKGROUND149,landing,1796.67809082
1756.05000000,BACKGROUND208,takeoff,0
1763.05000000,BACKGROUND209,takeoff,0
1763.75000000,BACKGROUND167,landing,1677.77446553
1767.45000000,BACKGROUND157,landing,2912.81087286
1797.95000000,BACKGROUND104,landing,2304.21271953
1800.05000000,BACKGROUND108,takeoff,0
1800.05000000,BACKGROUND112,takeoff,0
1800.05000000,BACKGROUND114,takeoff,0
1800.05000000,BACKGROUND130,takeoff,0
1800.05000000,BACKGROUND137,takeoff,0
1800.05000000,BACKGROUND140,takeoff,0
1800.05000000,BACKGROUND146,takeoff,0
1800.05000000,BACKGROUND150,takeoff,0
1800.05000000,BACKGROUND152,takeoff,0
1800.05000000,BACKGROUND202,takeoff,0
1800.05000000,BACKGROUND204,takeoff,0
1800.05000000,BACKGROUND211,takeoff,0
1800.05000000,BACKGROUND212,takeoff,0
1800.05000000,BACKGROUND176,takeoff,0
1800.05000000,BACKGROUND213,takeoff,0
1800.15000000,BACKGROUND116,landing,1575.07595576
1800.15000000,BACKGROUND116,takeoff,0
1800.35000000,BACKGROUND188,landing,1218.75227997
1800.35000000,BACKGROUND188,takeoff,0
1800.65000000,BACKGROUND143,landing,1585.09607108
1800.65000000,BACKGROUND143,takeoff,0
