# CLOSEST POINT OF APPROACH LOG
# Shortest distance between 2 UAS during their conflict
# 
# Simulation Time [s], UAS1, UAS2, Distance [m]
# simt
260.00000000,BACKGROUND5,DELIVERY1,0.07962352
419.00000000,BACKGROUND17,BACKGROUND4,0.00758465
585.00000000,BACKGROUND14,BACKGROUND19,0.02273209
626.00000000,BACKGROUND14,BACKGROUND19,1.36272310
653.00000000,BACKGROUND14,BACKGROUND19,0.68968341
669.00000000,DELIVERY1,DELIVERY2,8.08114834
854.00000000,DELIVERY2,DELIVERY3,0.71038579
855.00000000,DELIVERY2,DELIVERY3,1.64994344
856.00000000,DELIVERY2,DELIVERY3,1.64994344
857.00000000,DELIVERY2,DELIVERY3,1.64994344
858.00000000,DELIVERY2,DELIVERY3,1.64994344
859.00000000,DELIVERY2,DELIVERY3,1.64994344
860.00000000,DELIVERY2,DELIVERY3,1.64994344
861.00000000,DELIVERY2,DELIVERY3,1.64994344
862.00000000,DELIVERY2,DELIVERY3,1.64994344
893.00000000,DELIVERY2,DELIVERY3,0.07152132
1026.00000000,DELIVERY2,DELIVERY5,8.71790849
1397.00000000,DELIVERY6,DELIVERY9,0.69166083
1398.00000000,DELIVERY6,DELIVERY9,1.62115610
1399.00000000,DELIVERY6,DELIVERY9,1.62115610
1400.00000000,DELIVERY6,DELIVERY9,1.62115610
1401.00000000,DELIVERY6,DELIVERY9,1.62115610
1402.00000000,DELIVERY6,DELIVERY9,1.62115610
1402.00000000,BACKGROUND46,BACKGROUND54,4.11613196
1403.00000000,DELIVERY6,DELIVERY9,1.62115610
1404.00000000,DELIVERY6,DELIVERY9,1.62115610
1405.00000000,DELIVERY6,DELIVERY9,1.62115610
1406.00000000,DELIVERY6,DELIVERY9,1.62115610
1407.00000000,DELIVERY6,DELIVERY9,1.62115610
1408.00000000,DELIVERY6,DELIVERY9,1.62115610
1409.00000000,DELIVERY6,DELIVERY9,1.62115610
1410.00000000,DELIVERY6,DELIVERY9,1.62115610
1411.00000000,DELIVERY6,DELIVERY9,1.62115610
1412.00000000,DELIVERY6,DELIVERY9,1.62115610
1413.00000000,DELIVERY6,DELIVERY9,1.62115610
1414.00000000,DELIVERY6,DELIVERY9,1.62115610
1415.00000000,DELIVERY6,DELIVERY9,1.62115610
1416.00000000,DELIVERY6,DELIVERY9,1.62115610
1417.00000000,DELIVERY6,DELIVERY9,1.62115610
1418.00000000,DELIVERY6,DELIVERY9,1.62115610
1419.00000000,DELIVERY6,DELIVERY9,1.62115610
1420.00000000,DELIVERY6,DELIVERY9,1.62115610
1421.00000000,DELIVERY6,DELIVERY9,1.62115610
1422.00000000,DELIVERY6,DELIVERY9,1.62115610
1423.00000000,DELIVERY6,DELIVERY9,1.62115610
1424.00000000,DELIVERY6,DELIVERY9,1.62115610
1425.00000000,DELIVERY6,DELIVERY9,1.62115610
1476.00000000,BACKGROUND36,BACKGROUND65,0.00178201
1482.00000000,BACKGROUND27,DELIVERY9,1.97314483
1486.00000000,BACKGROUND27,DELIVERY4,0.03975825
1512.00000000,BACKGROUND27,DELIVERY9,0.06972377
1524.00000000,BACKGROUND27,DELIVERY9,0.95578629
1767.00000000,DELIVERY4,DELIVERY8,3.77199968
1801.00000000,DELIVERY12,DELIVERY7,0.00000000
1802.00000000,DELIVERY12,DELIVERY7,0.00000000
1803.00000000,DELIVERY12,DELIVERY7,0.00000000
1804.00000000,DELIVERY12,DELIVERY7,0.00000000
1805.00000000,DELIVERY12,DELIVERY7,0.00000000
1806.00000000,DELIVERY12,DELIVERY7,0.00000000
1807.00000000,DELIVERY12,DELIVERY7,0.00000000
1808.00000000,DELIVERY12,DELIVERY7,0.00000000
1809.00000000,DELIVERY12,DELIVERY7,0.00000000
1810.00000000,DELIVERY12,DELIVERY7,0.00000000
1811.00000000,DELIVERY12,DELIVERY7,0.00000000
1812.00000000,DELIVERY12,DELIVERY7,0.00000000
1813.00000000,DELIVERY12,DELIVERY7,0.00000000
1814.00000000,DELIVERY12,DELIVERY7,0.00000000
1815.00000000,DELIVERY12,DELIVERY7,0.00000000
1816.00000000,DELIVERY12,DELIVERY7,0.00000000
1817.00000000,DELIVERY12,DELIVERY7,0.00000000
1818.00000000,DELIVERY12,DELIVERY7,0.00000000
1819.00000000,DELIVERY12,DELIVERY7,0.00000000
1820.00000000,DELIVERY12,DELIVERY7,0.00000000
1821.00000000,DELIVERY12,DELIVERY7,0.00000000
1822.00000000,DELIVERY12,DELIVERY7,0.00000000
1823.00000000,DELIVERY12,DELIVERY7,0.00000000
1824.00000000,DELIVERY12,DELIVERY7,0.00000000
1825.00000000,DELIVERY12,DELIVERY7,0.00000000
1826.00000000,DELIVERY12,DELIVERY7,0.00000000
1827.00000000,DELIVERY12,DELIVERY7,0.00000000
1828.00000000,DELIVERY12,DELIVERY7,0.00000000
1829.00000000,DELIVERY12,DELIVERY7,0.00000000
1830.00000000,DELIVERY12,DELIVERY7,0.00000000
1831.00000000,DELIVERY12,DELIVERY7,0.00000000
1832.00000000,DELIVERY12,DELIVERY7,0.00000000
1833.00000000,DELIVERY12,DELIVERY7,0.00000000
1834.00000000,DELIVERY12,DELIVERY7,0.00000000
1835.00000000,DELIVERY12,DELIVERY7,0.00000000
1836.00000000,DELIVERY12,DELIVERY7,0.00000000
1837.00000000,DELIVERY12,DELIVERY7,0.00000000
1838.00000000,DELIVERY12,DELIVERY7,0.00000000
1839.00000000,DELIVERY12,DELIVERY7,0.00000000
1840.00000000,DELIVERY12,DELIVERY7,0.00000000
1841.00000000,DELIVERY12,DELIVERY7,0.00000000
1842.00000000,DELIVERY12,DELIVERY7,0.00000000
1843.00000000,DELIVERY12,DELIVERY7,0.00000000
1844.00000000,DELIVERY12,DELIVERY7,0.00000000
1845.00000000,DELIVERY12,DELIVERY7,0.00000000
1846.00000000,DELIVERY12,DELIVERY7,0.00000000
1847.00000000,DELIVERY12,DELIVERY7,0.00000000
1848.00000000,DELIVERY12,DELIVERY7,0.00000000
1849.00000000,DELIVERY12,DELIVERY7,0.00793535
1897.00000000,DELIVERY12,DELIVERY7,0.67681245
1898.00000000,DELIVERY12,DELIVERY7,0.67681245
1899.00000000,DELIVERY12,DELIVERY7,0.67681245
1900.00000000,DELIVERY12,DELIVERY7,0.67681245
1901.00000000,DELIVERY12,DELIVERY7,0.67681245
1902.00000000,DELIVERY12,DELIVERY7,0.67681245
1903.00000000,DELIVERY12,DELIVERY7,0.67681245
1904.00000000,DELIVERY12,DELIVERY7,0.67681245
1905.00000000,DELIVERY12,DELIVERY7,0.67681245
1906.00000000,DELIVERY12,DELIVERY7,0.67681245
1907.00000000,DELIVERY12,DELIVERY7,0.67681245
1908.00000000,DELIVERY12,DELIVERY7,0.58936906
1945.00000000,DELIVERY12,DELIVERY7,0.54068058
1977.00000000,DELIVERY12,DELIVERY7,1.50658455
1990.00000000,BACKGROUND62,DELIVERY7,0.12968235
1991.00000000,BACKGROUND62,DELIVERY12,0.12711291
1993.00000000,DELIVERY11,DELIVERY8,0.19936627
1996.00000000,DELIVERY12,DELIVERY7,0.13034878
1997.00000000,DELIVERY12,DELIVERY7,0.13034878
1998.00000000,DELIVERY12,DELIVERY7,0.13034878
1999.00000000,DELIVERY12,DELIVERY7,0.13034878
2000.00000000,DELIVERY12,DELIVERY7,0.22240494
2013.00000000,BACKGROUND83,BACKGROUND92,0.37922324
2091.00000000,DELIVERY12,DELIVERY7,1.03173631
2093.00000000,DELIVERY12,DELIVERY7,0.01085099
2094.00000000,DELIVERY12,DELIVERY7,0.01085099
2095.00000000,DELIVERY12,DELIVERY7,0.01085099
2096.00000000,DELIVERY12,DELIVERY7,0.01085099
2097.00000000,DELIVERY12,DELIVERY7,0.01085099
2098.00000000,DELIVERY12,DELIVERY7,0.01085099
2099.00000000,DELIVERY12,DELIVERY7,0.01085099
2100.00000000,DELIVERY12,DELIVERY7,0.01085099
2101.00000000,DELIVERY12,DELIVERY7,0.01085099
2102.00000000,DELIVERY12,DELIVERY7,0.01085099
2103.00000000,DELIVERY12,DELIVERY7,0.01085099
2104.00000000,DELIVERY12,DELIVERY7,0.01085099
2105.00000000,DELIVERY12,DELIVERY7,0.01085099
2106.00000000,DELIVERY12,DELIVERY7,0.01085099
2107.00000000,DELIVERY12,DELIVERY7,0.01085099
2108.00000000,DELIVERY12,DELIVERY7,0.01085099
2109.00000000,DELIVERY12,DELIVERY7,0.01085099
2110.00000000,DELIVERY12,DELIVERY7,0.01085099
2111.00000000,DELIVERY12,DELIVERY7,0.01085099
2112.00000000,DELIVERY12,DELIVERY7,0.01085099
2113.00000000,DELIVERY12,DELIVERY7,0.01085099
2114.00000000,DELIVERY12,DELIVERY7,0.01085099
2115.00000000,DELIVERY12,DELIVERY7,0.01085099
2116.00000000,DELIVERY12,DELIVERY7,0.01085099
2117.00000000,DELIVERY12,DELIVERY7,0.01085099
2118.00000000,DELIVERY12,DELIVERY7,0.01085099
2119.00000000,DELIVERY12,DELIVERY7,0.01085099
2120.00000000,DELIVERY12,DELIVERY7,0.01085099
2121.00000000,DELIVERY12,DELIVERY7,0.01085099
2126.00000000,DELIVERY12,DELIVERY7,0.55177820
2217.00000000,BACKGROUND100,BACKGROUND91,4.72404464
2378.00000000,BACKGROUND78,BACKGROUND97,0.42105509
2474.00000000,BACKGROUND88,DELIVERY18,2.25955786
2551.00000000,BACKGROUND109,BACKGROUND116,0.00274549
2579.00000000,DELIVERY10,DELIVERY18,0.00854949
2596.00000000,DELIVERY18,DELIVERY8,0.02567662
2701.00000000,DELIVERY17,DELIVERY21,0.00000000
2701.00000000,DELIVERY20,DELIVERY23,0.00000000
2702.00000000,DELIVERY17,DELIVERY21,0.00000000
2702.00000000,DELIVERY20,DELIVERY23,0.00000000
2703.00000000,DELIVERY17,DELIVERY21,0.00000000
2703.00000000,DELIVERY20,DELIVERY23,0.00000000
2704.00000000,DELIVERY17,DELIVERY21,0.00000000
2704.00000000,DELIVERY20,DELIVERY23,0.00000000
2705.00000000,DELIVERY17,DELIVERY21,0.00000000
2705.00000000,DELIVERY20,DELIVERY23,0.00000000
2706.00000000,DELIVERY17,DELIVERY21,0.00000000
2706.00000000,DELIVERY20,DELIVERY23,0.00000000
2707.00000000,DELIVERY17,DELIVERY21,0.00000000
2707.00000000,DELIVERY20,DELIVERY23,0.00000000
2708.00000000,DELIVERY17,DELIVERY21,0.00000000
2708.00000000,DELIVERY20,DELIVERY23,0.00000000
2709.00000000,DELIVERY17,DELIVERY21,0.00000000
2709.00000000,DELIVERY20,DELIVERY23,0.00000000
2710.00000000,DELIVERY17,DELIVERY21,0.00000000
2710.00000000,DELIVERY20,DELIVERY23,0.00000000
2711.00000000,DELIVERY17,DELIVERY21,0.00000000
2711.00000000,DELIVERY20,DELIVERY23,0.00000000
2712.00000000,DELIVERY17,DELIVERY21,0.00000000
2712.00000000,DELIVERY20,DELIVERY23,0.00000000
2713.00000000,DELIVERY15,DELIVERY17,0.41054388
2713.00000000,DELIVERY15,DELIVERY21,0.41054388
2713.00000000,DELIVERY17,DELIVERY21,0.00000000
2713.00000000,DELIVERY20,DELIVERY23,0.00000000
2714.00000000,DELIVERY15,DELIVERY17,2.87297661
2714.00000000,DELIVERY15,DELIVERY21,2.87297661
2714.00000000,DELIVERY17,DELIVERY21,0.00000000
2714.00000000,DELIVERY20,DELIVERY23,0.00000000
2715.00000000,DELIVERY17,DELIVERY21,0.00000000
2715.00000000,DELIVERY20,DELIVERY23,0.00000000
2716.00000000,DELIVERY17,DELIVERY21,0.00000000
2716.00000000,DELIVERY20,DELIVERY23,0.00000000
2717.00000000,DELIVERY17,DELIVERY21,0.00000000
2717.00000000,DELIVERY20,DELIVERY23,0.00000000
2718.00000000,DELIVERY17,DELIVERY21,0.00000000
2719.00000000,DELIVERY17,DELIVERY21,0.00000000
2720.00000000,DELIVERY17,DELIVERY21,0.00000000
2721.00000000,DELIVERY17,DELIVERY21,0.00000000
2721.00000000,DELIVERY20,DELIVERY23,0.00000000
2722.00000000,DELIVERY17,DELIVERY21,0.00000000
2722.00000000,DELIVERY20,DELIVERY23,0.00000000
2723.00000000,DELIVERY17,DELIVERY21,0.00000000
2723.00000000,DELIVERY20,DELIVERY23,0.00000000
2724.00000000,DELIVERY17,DELIVERY21,0.00000000
2724.00000000,DELIVERY20,DELIVERY23,0.00000000
2725.00000000,DELIVERY17,DELIVERY21,0.00000000
2725.00000000,DELIVERY20,DELIVERY23,0.00000000
2726.00000000,DELIVERY17,DELIVERY21,0.00000000
2726.00000000,DELIVERY20,DELIVERY23,0.00000000
2727.00000000,DELIVERY17,DELIVERY21,0.00000000
2727.00000000,DELIVERY20,DELIVERY23,0.00000000
2728.00000000,DELIVERY17,DELIVERY21,0.00000000
2728.00000000,DELIVERY20,DELIVERY23,0.00000000
2729.00000000,DELIVERY17,DELIVERY21,0.00000000
2729.00000000,DELIVERY20,DELIVERY23,0.00000000
2730.00000000,DELIVERY17,DELIVERY21,0.00000000
2730.00000000,DELIVERY20,DELIVERY23,0.00000000
2731.00000000,DELIVERY17,DELIVERY21,0.00000000
2731.00000000,DELIVERY20,DELIVERY23,0.00000000
2732.00000000,DELIVERY17,DELIVERY21,0.00000000
2732.00000000,DELIVERY20,DELIVERY23,0.00000000
2733.00000000,DELIVERY17,DELIVERY21,0.00000000
2733.00000000,DELIVERY20,DELIVERY23,0.00000000
2734.00000000,DELIVERY17,DELIVERY21,0.00000000
2734.00000000,DELIVERY20,DELIVERY23,0.00000000
2735.00000000,DELIVERY17,DELIVERY21,0.00000000
2735.00000000,DELIVERY20,DELIVERY23,0.00000000
2736.00000000,DELIVERY17,DELIVERY21,0.00000000
2736.00000000,DELIVERY20,DELIVERY23,0.00000000
2737.00000000,DELIVERY17,DELIVERY21,0.00000000
2737.00000000,DELIVERY20,DELIVERY23,0.00000000
2738.00000000,DELIVERY17,DELIVERY21,0.00000000
2738.00000000,DELIVERY20,DELIVERY23,0.00000000
2739.00000000,DELIVERY17,DELIVERY21,0.00000000
2739.00000000,DELIVERY20,DELIVERY23,0.00000000
2740.00000000,DELIVERY17,DELIVERY21,0.00000000
2740.00000000,DELIVERY20,DELIVERY23,0.00000000
2741.00000000,DELIVERY17,DELIVERY21,0.00000000
2741.00000000,DELIVERY20,DELIVERY23,0.00000000
2742.00000000,DELIVERY17,DELIVERY21,0.00000000
2742.00000000,DELIVERY20,DELIVERY23,0.00000000
2743.00000000,DELIVERY17,DELIVERY21,0.00000000
2743.00000000,DELIVERY20,DELIVERY23,0.00000000
2744.00000000,DELIVERY17,DELIVERY21,0.00000000
2744.00000000,DELIVERY20,DELIVERY23,0.00000000
2745.00000000,DELIVERY17,DELIVERY21,0.00000000
2745.00000000,DELIVERY20,DELIVERY23,0.00000000
2746.00000000,DELIVERY17,DELIVERY21,0.00000000
2746.00000000,DELIVERY20,DELIVERY23,0.00000000
2747.00000000,DELIVERY17,DELIVERY21,0.00000000
2747.00000000,DELIVERY20,DELIVERY23,0.00000000
2748.00000000,DELIVERY17,DELIVERY21,0.00000000
2748.00000000,DELIVERY20,DELIVERY23,0.00000000
2749.00000000,DELIVERY17,DELIVERY21,0.00000000
2749.00000000,DELIVERY20,DELIVERY23,0.00000000
2750.00000000,DELIVERY17,DELIVERY21,0.00000000
2750.00000000,DELIVERY20,DELIVERY23,0.00000000
2751.00000000,DELIVERY17,DELIVERY21,0.00000000
2751.00000000,DELIVERY20,DELIVERY23,0.00000000
2752.00000000,DELIVERY17,DELIVERY21,0.00000000
2752.00000000,DELIVERY20,DELIVERY23,0.00000000
2753.00000000,DELIVERY17,DELIVERY21,0.00000000
2753.00000000,DELIVERY20,DELIVERY23,0.00000000
2754.00000000,DELIVERY17,DELIVERY21,0.00000000
2754.00000000,DELIVERY20,DELIVERY23,0.00000000
2755.00000000,DELIVERY17,DELIVERY21,0.00000000
2755.00000000,DELIVERY20,DELIVERY23,0.00000000
2756.00000000,DELIVERY17,DELIVERY21,0.00000000
2756.00000000,DELIVERY20,DELIVERY23,0.00000000
2757.00000000,DELIVERY17,DELIVERY21,0.00000000
2757.00000000,DELIVERY20,DELIVERY23,0.00000000
2758.00000000,DELIVERY17,DELIVERY21,0.00000000
2758.00000000,DELIVERY20,DELIVERY23,0.00000000
2759.00000000,DELIVERY17,DELIVERY21,0.00000000
2759.00000000,DELIVERY20,DELIVERY23,0.00000000
2760.00000000,DELIVERY17,DELIVERY21,0.00000000
2760.00000000,DELIVERY20,DELIVERY23,0.00000000
2761.00000000,DELIVERY17,DELIVERY21,0.00000000
2761.00000000,DELIVERY20,DELIVERY23,0.00000000
2762.00000000,DELIVERY17,DELIVERY21,0.00000000
2763.00000000,DELIVERY17,DELIVERY21,0.00000000
2764.00000000,DELIVERY17,DELIVERY21,0.00000000
2765.00000000,DELIVERY17,DELIVERY21,0.00000000
2766.00000000,DELIVERY17,DELIVERY21,0.00000000
2767.00000000,DELIVERY17,DELIVERY21,0.00000000
2768.00000000,DELIVERY17,DELIVERY21,0.00000000
2769.00000000,DELIVERY17,DELIVERY21,0.00000000
2769.00000000,DELIVERY20,DELIVERY23,0.00000000
2770.00000000,DELIVERY17,DELIVERY21,0.00000000
2770.00000000,DELIVERY20,DELIVERY23,0.00000000
2771.00000000,DELIVERY17,DELIVERY21,0.00000000
2771.00000000,DELIVERY20,DELIVERY23,0.00000000
2772.00000000,DELIVERY17,DELIVERY21,0.00000000
2772.00000000,DELIVERY20,DELIVERY23,0.00000000
2773.00000000,DELIVERY17,DELIVERY21,0.00000000
2773.00000000,DELIVERY20,DELIVERY23,0.00000000
2774.00000000,DELIVERY17,DELIVERY21,0.00000000
2774.00000000,DELIVERY20,DELIVERY23,0.00000000
2775.00000000,DELIVERY17,DELIVERY21,0.00000000
2775.00000000,DELIVERY20,DELIVERY23,0.00000000
2776.00000000,DELIVERY17,DELIVERY21,0.00000000
2776.00000000,DELIVERY20,DELIVERY23,0.00000000
2777.00000000,DELIVERY17,DELIVERY21,0.00000000
2777.00000000,DELIVERY20,DELIVERY23,0.00000000
2778.00000000,DELIVERY17,DELIVERY21,0.00000000
2778.00000000,DELIVERY20,DELIVERY23,0.00000012
2779.00000000,DELIVERY17,DELIVERY21,0.00000000
2780.00000000,DELIVERY17,DELIVERY21,0.00000000
2781.00000000,DELIVERY17,DELIVERY21,0.00000000
2782.00000000,DELIVERY17,DELIVERY21,0.00000000
2783.00000000,DELIVERY17,DELIVERY21,0.00000000
2784.00000000,DELIVERY17,DELIVERY21,0.00000000
2785.00000000,DELIVERY17,DELIVERY21,0.00000000
2786.00000000,DELIVERY17,DELIVERY21,0.00000000
2787.00000000,DELIVERY17,DELIVERY21,0.00000000
2788.00000000,DELIVERY17,DELIVERY21,0.00000000
2789.00000000,DELIVERY17,DELIVERY21,0.00000000
2790.00000000,DELIVERY17,DELIVERY21,0.00000000
2791.00000000,DELIVERY17,DELIVERY21,0.00000000
2792.00000000,DELIVERY17,DELIVERY21,0.00000000
2793.00000000,DELIVERY17,DELIVERY21,0.00000000
2794.00000000,DELIVERY17,DELIVERY21,0.00000000
2795.00000000,DELIVERY17,DELIVERY21,0.00000000
2796.00000000,DELIVERY17,DELIVERY21,0.00000000
2797.00000000,DELIVERY17,DELIVERY21,0.00000000
2798.00000000,DELIVERY17,DELIVERY21,0.00000000
2799.00000000,DELIVERY17,DELIVERY21,0.00000000
2799.00000000,DELIVERY14,DELIVERY16,0.64392386
2800.00000000,DELIVERY17,DELIVERY21,0.00000000
2801.00000000,DELIVERY17,DELIVERY21,0.00000000
2802.00000000,DELIVERY17,DELIVERY21,0.00000000
2803.00000000,DELIVERY17,DELIVERY21,0.00000000
2804.00000000,DELIVERY17,DELIVERY21,0.00000000
2805.00000000,DELIVERY17,DELIVERY21,0.00000000
2806.00000000,DELIVERY17,DELIVERY21,0.00000000
2807.00000000,DELIVERY17,DELIVERY21,0.00000000
2808.00000000,DELIVERY17,DELIVERY21,0.00000000
2809.00000000,DELIVERY17,DELIVERY21,0.00000000
2810.00000000,DELIVERY17,DELIVERY21,0.00000000
2811.00000000,DELIVERY17,DELIVERY21,0.00000000
2812.00000000,DELIVERY17,DELIVERY21,0.00000000
2813.00000000,DELIVERY17,DELIVERY21,0.00000000
2814.00000000,DELIVERY17,DELIVERY21,0.00000000
2815.00000000,DELIVERY17,DELIVERY21,0.00000000
2816.00000000,DELIVERY17,DELIVERY21,0.00000000
2817.00000000,DELIVERY17,DELIVERY21,0.00000000
2818.00000000,DELIVERY17,DELIVERY21,0.00000000
2819.00000000,DELIVERY17,DELIVERY21,0.00000000
2820.00000000,DELIVERY17,DELIVERY21,0.00000000
2821.00000000,DELIVERY17,DELIVERY21,0.00000000
2821.00000000,DELIVERY14,DELIVERY18,0.00738898
2822.00000000,DELIVERY17,DELIVERY21,0.00000000
2823.00000000,DELIVERY17,DELIVERY21,0.00000000
2824.00000000,DELIVERY17,DELIVERY21,0.00000000
2825.00000000,DELIVERY17,DELIVERY21,0.00000000
2826.00000000,DELIVERY17,DELIVERY21,0.00000000
2827.00000000,DELIVERY17,DELIVERY21,0.00000000
2828.00000000,DELIVERY17,DELIVERY21,0.00000000
2829.00000000,DELIVERY17,DELIVERY21,0.00000000
2830.00000000,DELIVERY17,DELIVERY21,0.00000000
2831.00000000,DELIVERY17,DELIVERY21,0.00000000
2832.00000000,DELIVERY17,DELIVERY21,0.00000000
2833.00000000,DELIVERY17,DELIVERY21,0.00000000
2834.00000000,DELIVERY17,DELIVERY21,0.00000000
2835.00000000,DELIVERY17,DELIVERY21,0.00000000
2836.00000000,DELIVERY17,DELIVERY21,0.00000000
2837.00000000,DELIVERY17,DELIVERY21,0.00000000
2838.00000000,DELIVERY17,DELIVERY21,0.00000000
2839.00000000,DELIVERY17,DELIVERY21,0.00000000
2840.00000000,DELIVERY17,DELIVERY21,0.00000000
2841.00000000,DELIVERY17,DELIVERY21,0.00000000
2842.00000000,DELIVERY17,DELIVERY21,0.00000000
2843.00000000,DELIVERY17,DELIVERY21,0.00000000
2844.00000000,DELIVERY17,DELIVERY21,0.00000000
2845.00000000,DELIVERY17,DELIVERY21,0.00000000
2846.00000000,DELIVERY17,DELIVERY21,0.00000000
2847.00000000,DELIVERY17,DELIVERY21,0.00000000
2848.00000000,DELIVERY17,DELIVERY21,0.00000000
2849.00000000,DELIVERY17,DELIVERY21,0.00000000
2850.00000000,DELIVERY17,DELIVERY21,0.00000000
2851.00000000,DELIVERY17,DELIVERY21,0.00000000
2852.00000000,DELIVERY17,DELIVERY21,0.00000000
2853.00000000,DELIVERY17,DELIVERY21,0.00000000
2854.00000000,DELIVERY17,DELIVERY21,0.00000000
2855.00000000,DELIVERY17,DELIVERY21,0.00000000
2855.00000000,BACKGROUND127,DELIVERY16,4.82493149
2856.00000000,DELIVERY17,DELIVERY21,0.00000000
2857.00000000,DELIVERY17,DELIVERY21,0.00000000
2858.00000000,DELIVERY17,DELIVERY21,0.00000000
2859.00000000,DELIVERY17,DELIVERY21,0.00000000
2860.00000000,DELIVERY17,DELIVERY21,0.00000000
2861.00000000,DELIVERY17,DELIVERY21,0.00000000
2862.00000000,DELIVERY17,DELIVERY21,0.00000000
2863.00000000,DELIVERY17,DELIVERY21,0.00000000
2864.00000000,DELIVERY17,DELIVERY21,0.00000000
2865.00000000,DELIVERY17,DELIVERY21,0.00000000
2866.00000000,DELIVERY17,DELIVERY21,0.00000000
2867.00000000,DELIVERY17,DELIVERY21,0.00000000
2868.00000000,DELIVERY17,DELIVERY21,0.00000000
2869.00000000,DELIVERY17,DELIVERY21,0.00000000
2870.00000000,DELIVERY17,DELIVERY21,0.00000000
2871.00000000,DELIVERY17,DELIVERY21,0.00000000
2872.00000000,DELIVERY17,DELIVERY21,0.00000000
2873.00000000,DELIVERY17,DELIVERY21,0.00000000
2874.00000000,DELIVERY17,DELIVERY21,0.00000000
2875.00000000,DELIVERY17,DELIVERY21,0.00000000
2876.00000000,DELIVERY17,DELIVERY21,0.00000000
2877.00000000,DELIVERY17,DELIVERY21,0.00000000
2878.00000000,DELIVERY17,DELIVERY21,0.00000000
2879.00000000,DELIVERY17,DELIVERY21,0.00000000
2880.00000000,DELIVERY17,DELIVERY21,0.00000000
2880.00000000,DELIVERY18,DELIVERY20,16.21230713
2881.00000000,DELIVERY17,DELIVERY21,0.00000000
2882.00000000,DELIVERY17,DELIVERY21,0.00000000
2883.00000000,DELIVERY17,DELIVERY21,0.00000000
2884.00000000,DELIVERY17,DELIVERY21,0.00000000
2885.00000000,DELIVERY17,DELIVERY21,0.00000000
2886.00000000,DELIVERY17,DELIVERY21,0.00000000
2887.00000000,DELIVERY17,DELIVERY21,0.00000000
2888.00000000,DELIVERY17,DELIVERY21,0.00000000
2889.00000000,DELIVERY17,DELIVERY21,0.00000000
2890.00000000,DELIVERY17,DELIVERY21,0.00000000
2891.00000000,DELIVERY17,DELIVERY21,0.00000000
2892.00000000,DELIVERY17,DELIVERY21,0.00000000
2893.00000000,DELIVERY17,DELIVERY21,0.00000000
2894.00000000,DELIVERY17,DELIVERY21,0.00000000
2895.00000000,DELIVERY17,DELIVERY21,0.00000000
2896.00000000,DELIVERY17,DELIVERY21,0.00000000
2897.00000000,DELIVERY17,DELIVERY21,0.00000000
2898.00000000,DELIVERY17,DELIVERY21,0.00000000
2899.00000000,DELIVERY17,DELIVERY21,0.00000000
2900.00000000,DELIVERY17,DELIVERY21,0.00000000
2901.00000000,DELIVERY17,DELIVERY21,0.00000000
2902.00000000,DELIVERY17,DELIVERY21,0.00000000
2903.00000000,DELIVERY17,DELIVERY21,0.00000000
2904.00000000,DELIVERY17,DELIVERY21,0.00000000
2905.00000000,DELIVERY17,DELIVERY21,0.00000000
2906.00000000,DELIVERY17,DELIVERY21,0.00000000
2906.00000000,BACKGROUND119,BACKGROUND141,0.53466595
2907.00000000,DELIVERY17,DELIVERY21,0.00000000
2908.00000000,DELIVERY17,DELIVERY21,0.00000000
2909.00000000,DELIVERY17,DELIVERY21,0.00000000
2910.00000000,DELIVERY17,DELIVERY21,0.00000000
2911.00000000,DELIVERY17,DELIVERY21,0.00000000
2912.00000000,DELIVERY17,DELIVERY21,0.00000000
2913.00000000,DELIVERY17,DELIVERY21,0.00000000
2914.00000000,DELIVERY17,DELIVERY21,0.00000000
2915.00000000,DELIVERY17,DELIVERY21,0.00000000
2916.00000000,DELIVERY17,DELIVERY21,0.00000000
2917.00000000,DELIVERY17,DELIVERY21,0.00000000
2918.00000000,DELIVERY17,DELIVERY21,0.00000000
2919.00000000,DELIVERY17,DELIVERY21,0.00000000
2920.00000000,DELIVERY17,DELIVERY21,0.00000000
2921.00000000,DELIVERY17,DELIVERY21,0.00000000
2922.00000000,DELIVERY17,DELIVERY21,0.00000000
2923.00000000,DELIVERY17,DELIVERY21,0.00000000
2924.00000000,DELIVERY17,DELIVERY21,0.00000000
2925.00000000,DELIVERY17,DELIVERY21,0.00000000
2926.00000000,DELIVERY17,DELIVERY21,0.00000000
2927.00000000,DELIVERY17,DELIVERY21,0.00000000
2928.00000000,DELIVERY17,DELIVERY21,0.00000000
2929.00000000,DELIVERY17,DELIVERY21,0.00000000
2930.00000000,DELIVERY17,DELIVERY21,0.00000000
2931.00000000,DELIVERY17,DELIVERY21,0.00000000
2932.00000000,DELIVERY17,DELIVERY21,0.00000000
2933.00000000,DELIVERY17,DELIVERY21,0.00000000
2934.00000000,DELIVERY17,DELIVERY21,0.00000000
2935.00000000,DELIVERY17,DELIVERY21,0.00000000
2936.00000000,DELIVERY17,DELIVERY21,0.00000000
2937.00000000,DELIVERY17,DELIVERY21,0.00000000
2938.00000000,DELIVERY17,DELIVERY21,0.00000000
2939.00000000,DELIVERY17,DELIVERY21,0.00000000
2940.00000000,DELIVERY17,DELIVERY21,0.00000000
2941.00000000,DELIVERY17,DELIVERY21,0.00000000
2942.00000000,DELIVERY17,DELIVERY21,0.00000000
2943.00000000,DELIVERY17,DELIVERY21,0.00000000
2944.00000000,DELIVERY17,DELIVERY21,0.00000000
2945.00000000,DELIVERY17,DELIVERY21,0.00000000
2946.00000000,DELIVERY17,DELIVERY21,0.00000000
2947.00000000,DELIVERY17,DELIVERY21,0.00000000
2948.00000000,DELIVERY17,DELIVERY21,0.00000000
2949.00000000,DELIVERY17,DELIVERY21,0.00000000
2950.00000000,DELIVERY17,DELIVERY21,0.00000000
2951.00000000,DELIVERY17,DELIVERY21,0.00000000
2952.00000000,DELIVERY17,DELIVERY21,0.00000000
2953.00000000,DELIVERY17,DELIVERY21,0.00000000
2954.00000000,DELIVERY17,DELIVERY21,0.00000000
2955.00000000,DELIVERY17,DELIVERY21,0.00000000
2956.00000000,DELIVERY17,DELIVERY21,0.00000000
2957.00000000,DELIVERY17,DELIVERY21,0.00000000
2958.00000000,DELIVERY17,DELIVERY21,0.00000000
2959.00000000,DELIVERY17,DELIVERY21,0.00000000
2960.00000000,DELIVERY17,DELIVERY21,0.00000000
2961.00000000,DELIVERY17,DELIVERY21,0.00000000
2962.00000000,DELIVERY17,DELIVERY21,0.00000000
2963.00000000,DELIVERY17,DELIVERY21,0.00000000
2964.00000000,DELIVERY17,DELIVERY21,0.00000000
2965.00000000,DELIVERY17,DELIVERY21,0.00000000
2966.00000000,DELIVERY17,DELIVERY21,0.00000000
2967.00000000,DELIVERY17,DELIVERY21,0.00000000
2967.00000000,DELIVERY18,DELIVERY20,0.55921517
2968.00000000,DELIVERY17,DELIVERY21,0.00000000
2969.00000000,DELIVERY17,DELIVERY21,0.00000000
2970.00000000,DELIVERY17,DELIVERY21,0.00000000
2971.00000000,DELIVERY17,DELIVERY21,0.00000000
2972.00000000,DELIVERY17,DELIVERY21,0.00000000
2973.00000000,DELIVERY17,DELIVERY21,0.00000000
2974.00000000,DELIVERY17,DELIVERY21,0.00000000
2975.00000000,DELIVERY17,DELIVERY21,0.00000000
2975.00000000,BACKGROUND127,BACKGROUND129,5.56441904
2976.00000000,DELIVERY17,DELIVERY21,0.00000000
2977.00000000,DELIVERY17,DELIVERY21,0.00000000
2978.00000000,DELIVERY17,DELIVERY21,0.00000000
2979.00000000,DELIVERY17,DELIVERY21,0.00000000
2980.00000000,DELIVERY17,DELIVERY21,0.00000000
2981.00000000,DELIVERY17,DELIVERY21,0.00000000
2982.00000000,DELIVERY17,DELIVERY21,0.00000000
2983.00000000,DELIVERY17,DELIVERY21,0.00000000
2984.00000000,DELIVERY17,DELIVERY21,0.00000000
2985.00000000,DELIVERY17,DELIVERY21,0.00000000
2986.00000000,DELIVERY17,DELIVERY21,0.00000000
2987.00000000,DELIVERY17,DELIVERY21,0.00000000
2988.00000000,DELIVERY17,DELIVERY21,0.00000000
2989.00000000,DELIVERY17,DELIVERY21,0.00000000
2990.00000000,DELIVERY17,DELIVERY21,0.00000000
2991.00000000,DELIVERY17,DELIVERY21,0.00000000
2992.00000000,DELIVERY17,DELIVERY21,0.00000000
2993.00000000,DELIVERY17,DELIVERY21,0.00000000
2994.00000000,DELIVERY17,DELIVERY21,0.00000000
2995.00000000,DELIVERY17,DELIVERY21,0.00000000
2996.00000000,DELIVERY17,DELIVERY21,0.00000000
2997.00000000,DELIVERY17,DELIVERY21,0.00000000
2998.00000000,DELIVERY17,DELIVERY21,0.00000000
2999.00000000,DELIVERY17,DELIVERY21,0.00000000
3000.00000000,DELIVERY17,DELIVERY21,0.00000000
3001.00000000,DELIVERY17,DELIVERY21,0.00000000
3001.00000000,DELIVERY19,DELIVERY22,0.00000000
3002.00000000,DELIVERY17,DELIVERY21,0.00000000
3002.00000000,DELIVERY19,DELIVERY22,0.00000000
3003.00000000,DELIVERY17,DELIVERY21,0.00000000
3003.00000000,DELIVERY19,DELIVERY22,0.00000000
3004.00000000,DELIVERY17,DELIVERY21,0.00000000
3004.00000000,DELIVERY19,DELIVERY22,0.00000000
3005.00000000,DELIVERY17,DELIVERY21,0.00000000
3005.00000000,DELIVERY19,DELIVERY22,0.00000000
3006.00000000,DELIVERY17,DELIVERY21,0.00000000
3006.00000000,DELIVERY19,DELIVERY22,0.00000000
3007.00000000,DELIVERY17,DELIVERY21,0.00000000
3007.00000000,DELIVERY19,DELIVERY22,0.00000000
3008.00000000,DELIVERY17,DELIVERY21,0.00000000
3008.00000000,DELIVERY19,DELIVERY22,0.00000000
3009.00000000,DELIVERY17,DELIVERY21,0.00000000
3009.00000000,DELIVERY19,DELIVERY22,0.00000000
3010.00000000,DELIVERY17,DELIVERY21,0.00000000
3010.00000000,DELIVERY19,DELIVERY22,0.00000000
3011.00000000,DELIVERY17,DELIVERY21,0.00000000
3011.00000000,DELIVERY19,DELIVERY22,0.00000000
3012.00000000,DELIVERY17,DELIVERY21,0.00000000
3012.00000000,DELIVERY19,DELIVERY22,0.00000000
3013.00000000,DELIVERY17,DELIVERY21,0.00000000
3013.00000000,DELIVERY19,DELIVERY22,0.00000000
3014.00000000,DELIVERY17,DELIVERY21,0.00000000
3014.00000000,DELIVERY19,DELIVERY22,0.00000000
3015.00000000,DELIVERY17,DELIVERY21,0.00000000
3015.00000000,DELIVERY19,DELIVERY22,0.00000000
3016.00000000,DELIVERY17,DELIVERY21,0.00000000
3016.00000000,DELIVERY19,DELIVERY22,0.00000000
3017.00000000,DELIVERY17,DELIVERY21,0.00000000
3017.00000000,DELIVERY19,DELIVERY22,0.00000000
3018.00000000,DELIVERY17,DELIVERY21,0.00000000
3018.00000000,DELIVERY19,DELIVERY22,0.00000000
3019.00000000,DELIVERY17,DELIVERY21,0.00000000
3019.00000000,DELIVERY19,DELIVERY22,0.00000000
3020.00000000,DELIVERY17,DELIVERY21,0.00000000
3020.00000000,DELIVERY19,DELIVERY22,0.00000000
3021.00000000,DELIVERY17,DELIVERY21,0.00000000
3021.00000000,DELIVERY19,DELIVERY22,0.00000000
3021.00000000,DELIVERY18,DELIVERY23,13.75358066
3022.00000000,DELIVERY17,DELIVERY21,0.00000000
3022.00000000,DELIVERY19,DELIVERY22,0.00000000
3023.00000000,DELIVERY17,DELIVERY21,0.00000000
3023.00000000,DELIVERY19,DELIVERY22,0.00000000
3024.00000000,DELIVERY17,DELIVERY21,0.00000000
3024.00000000,DELIVERY19,DELIVERY22,0.00000000
3025.00000000,DELIVERY17,DELIVERY21,0.00000000
3025.00000000,DELIVERY19,DELIVERY22,0.00000000
3026.00000000,DELIVERY17,DELIVERY21,0.00000000
3026.00000000,DELIVERY19,DELIVERY22,0.00000000
3027.00000000,DELIVERY17,DELIVERY21,0.00000000
3027.00000000,DELIVERY19,DELIVERY22,0.00000000
3028.00000000,DELIVERY17,DELIVERY21,0.00000000
3028.00000000,DELIVERY19,DELIVERY22,0.00000000
3029.00000000,DELIVERY17,DELIVERY21,0.00000000
3029.00000000,DELIVERY19,DELIVERY22,0.00000000
3030.00000000,DELIVERY17,DELIVERY21,0.00000000
3030.00000000,DELIVERY19,DELIVERY22,0.00000000
3031.00000000,DELIVERY17,DELIVERY21,0.00000000
3031.00000000,DELIVERY19,DELIVERY22,0.00000000
3032.00000000,DELIVERY17,DELIVERY21,0.00000000
3032.00000000,DELIVERY19,DELIVERY22,0.00000000
3033.00000000,DELIVERY17,DELIVERY21,0.00000000
3033.00000000,DELIVERY19,DELIVERY22,0.00000000
3034.00000000,DELIVERY17,DELIVERY21,0.00000000
3034.00000000,DELIVERY19,DELIVERY22,0.00000000
3035.00000000,DELIVERY17,DELIVERY21,0.00000000
3035.00000000,DELIVERY19,DELIVERY22,0.00000000
3036.00000000,DELIVERY17,DELIVERY21,0.00000000
3036.00000000,DELIVERY19,DELIVERY22,0.00000000
3037.00000000,DELIVERY17,DELIVERY21,0.00000000
3037.00000000,DELIVERY19,DELIVERY22,0.00000000
3038.00000000,DELIVERY17,DELIVERY21,0.00000000
3038.00000000,DELIVERY19,DELIVERY22,0.00000000
3039.00000000,DELIVERY17,DELIVERY21,0.00000000
3039.00000000,DELIVERY19,DELIVERY22,0.00000000
3040.00000000,DELIVERY17,DELIVERY21,0.00000000
3040.00000000,DELIVERY19,DELIVERY22,0.00000000
3041.00000000,DELIVERY17,DELIVERY21,0.00000000
3041.00000000,DELIVERY19,DELIVERY22,0.00000000
3042.00000000,DELIVERY17,DELIVERY21,0.00000000
3042.00000000,DELIVERY19,DELIVERY22,0.00000000
3043.00000000,DELIVERY17,DELIVERY21,0.00000000
3043.00000000,DELIVERY19,DELIVERY22,0.00000000
3044.00000000,DELIVERY17,DELIVERY21,0.00000000
3044.00000000,DELIVERY19,DELIVERY22,0.00000000
3045.00000000,DELIVERY17,DELIVERY21,0.00000000
3045.00000000,DELIVERY19,DELIVERY22,0.00000000
3046.00000000,DELIVERY17,DELIVERY21,0.00000000
3046.00000000,DELIVERY19,DELIVERY22,0.00000000
3047.00000000,DELIVERY17,DELIVERY21,0.00000000
3047.00000000,DELIVERY19,DELIVERY22,0.00000000
3048.00000000,DELIVERY17,DELIVERY21,0.00000000
3048.00000000,DELIVERY19,DELIVERY22,0.00000000
3049.00000000,DELIVERY17,DELIVERY21,0.00000000
3049.00000000,DELIVERY19,DELIVERY22,0.00000000
3050.00000000,DELIVERY17,DELIVERY21,0.00000000
3050.00000000,DELIVERY19,DELIVERY22,0.00000000
3051.00000000,DELIVERY17,DELIVERY21,0.00000000
3051.00000000,DELIVERY19,DELIVERY22,0.00000000
3052.00000000,DELIVERY19,DELIVERY22,0.00000000
3053.00000000,DELIVERY19,DELIVERY22,0.00000000
3054.00000000,DELIVERY19,DELIVERY22,0.00000000
3055.00000000,DELIVERY19,DELIVERY22,0.00000000
3055.00000000,DELIVERY17,DELIVERY21,0.00000000
3056.00000000,DELIVERY19,DELIVERY22,0.00000000
3056.00000000,DELIVERY17,DELIVERY21,0.00000000
3057.00000000,DELIVERY19,DELIVERY22,0.00000000
3057.00000000,DELIVERY18,DELIVERY23,9.05096004
3057.00000000,DELIVERY17,DELIVERY21,0.00000000
3058.00000000,DELIVERY19,DELIVERY22,0.00000000
3058.00000000,DELIVERY17,DELIVERY21,0.00000000
3059.00000000,DELIVERY19,DELIVERY22,0.00000000
3059.00000000,DELIVERY17,DELIVERY21,0.00000000
3060.00000000,DELIVERY19,DELIVERY22,0.00000000
3060.00000000,BACKGROUND123,BACKGROUND146,0.03175158
3060.00000000,DELIVERY17,DELIVERY21,0.00000000
3061.00000000,DELIVERY19,DELIVERY22,0.00000000
3061.00000000,DELIVERY17,DELIVERY21,0.00000000
3062.00000000,DELIVERY19,DELIVERY22,0.00000000
3062.00000000,DELIVERY17,DELIVERY18,1.81417117
3062.00000000,DELIVERY18,DELIVERY21,1.81417117
3062.00000000,DELIVERY17,DELIVERY21,0.00000000
3063.00000000,DELIVERY19,DELIVERY22,0.00000000
3063.00000000,DELIVERY14,DELIVERY27,8.82147056
3063.00000000,DELIVERY17,DELIVERY21,0.00000000
3064.00000000,DELIVERY19,DELIVERY22,0.00000000
3064.00000000,DELIVERY17,DELIVERY21,0.00000000
3065.00000000,DELIVERY17,DELIVERY20,0.15005259
3065.00000000,DELIVERY20,DELIVERY21,0.15005259
3065.00000000,DELIVERY19,DELIVERY22,0.00000000
3065.00000000,DELIVERY17,DELIVERY21,0.00000000
3066.00000000,DELIVERY19,DELIVERY22,0.00000000
3066.00000000,DELIVERY17,DELIVERY21,0.00000000
3067.00000000,DELIVERY19,DELIVERY22,0.00000000
3067.00000000,DELIVERY17,DELIVERY21,0.00000000
3068.00000000,DELIVERY19,DELIVERY22,0.00000000
3068.00000000,DELIVERY17,DELIVERY21,0.00000000
3068.00000000,DELIVERY17,DELIVERY20,11.89953040
3068.00000000,DELIVERY20,DELIVERY21,11.89953040
3069.00000000,DELIVERY19,DELIVERY22,0.00000000
3069.00000000,DELIVERY17,DELIVERY21,0.00000000
3070.00000000,DELIVERY19,DELIVERY22,0.00000000
3070.00000000,DELIVERY17,DELIVERY21,0.00000000
3071.00000000,DELIVERY19,DELIVERY22,0.00000000
3071.00000000,DELIVERY17,DELIVERY21,0.00000000
3072.00000000,DELIVERY19,DELIVERY22,0.00000000
3072.00000000,DELIVERY17,DELIVERY21,0.00000000
3073.00000000,DELIVERY19,DELIVERY22,0.00000000
3073.00000000,DELIVERY17,DELIVERY21,0.00000000
3074.00000000,DELIVERY19,DELIVERY22,0.00000000
3074.00000000,DELIVERY17,DELIVERY21,0.00000000
3075.00000000,DELIVERY19,DELIVERY22,0.00000000
3075.00000000,DELIVERY17,DELIVERY21,0.00000000
3076.00000000,DELIVERY19,DELIVERY22,0.00000000
3076.00000000,DELIVERY17,DELIVERY21,0.00000000
3077.00000000,DELIVERY19,DELIVERY22,0.00000000
3077.00000000,DELIVERY17,DELIVERY21,0.00000000
3078.00000000,DELIVERY19,DELIVERY22,0.00000000
3078.00000000,BACKGROUND122,DELIVERY27,0.10927751
3078.00000000,DELIVERY17,DELIVERY21,0.00000000
3079.00000000,DELIVERY19,DELIVERY22,0.00000000
3079.00000000,DELIVERY17,DELIVERY21,0.00000000
3080.00000000,DELIVERY19,DELIVERY22,0.00000000
3080.00000000,DELIVERY17,DELIVERY21,0.00000000
3081.00000000,DELIVERY19,DELIVERY22,0.00000000
3081.00000000,DELIVERY17,DELIVERY21,0.00000000
3082.00000000,DELIVERY19,DELIVERY22,0.00000000
3082.00000000,DELIVERY17,DELIVERY21,0.00000000
3083.00000000,DELIVERY19,DELIVERY22,0.00000000
3083.00000000,DELIVERY17,DELIVERY21,0.00000000
3084.00000000,DELIVERY19,DELIVERY22,0.00000000
3084.00000000,DELIVERY17,DELIVERY21,0.00000000
3085.00000000,DELIVERY19,DELIVERY22,0.00000000
3085.00000000,DELIVERY17,DELIVERY21,0.00000000
3086.00000000,DELIVERY17,DELIVERY21,0.00000000
3087.00000000,DELIVERY17,DELIVERY21,0.00000000
3088.00000000,DELIVERY17,DELIVERY21,0.00000000
3089.00000000,DELIVERY17,DELIVERY21,0.00000000
3090.00000000,DELIVERY17,DELIVERY21,0.00000000
3091.00000000,DELIVERY17,DELIVERY21,0.00000000
3092.00000000,DELIVERY17,DELIVERY21,0.00000000
3093.00000000,DELIVERY17,DELIVERY21,0.00000000
3094.00000000,DELIVERY19,DELIVERY22,0.00000000
3094.00000000,DELIVERY17,DELIVERY21,0.00000000
3095.00000000,DELIVERY19,DELIVERY22,0.00000000
3095.00000000,DELIVERY17,DELIVERY21,0.00000000
3096.00000000,DELIVERY19,DELIVERY22,0.00000000
3096.00000000,DELIVERY17,DELIVERY21,0.00000000
3097.00000000,DELIVERY19,DELIVERY22,0.00000000
3097.00000000,DELIVERY17,DELIVERY21,0.00000000
3098.00000000,DELIVERY19,DELIVERY22,0.00000000
3098.00000000,DELIVERY17,DELIVERY21,0.00000000
3099.00000000,DELIVERY19,DELIVERY22,0.00000000
3099.00000000,DELIVERY17,DELIVERY21,0.00000000
3100.00000000,DELIVERY19,DELIVERY22,0.00000000
3100.00000000,DELIVERY17,DELIVERY21,0.00000000
3101.00000000,DELIVERY19,DELIVERY22,0.00000000
3101.00000000,DELIVERY17,DELIVERY21,0.00000000
3102.00000000,DELIVERY19,DELIVERY22,0.00000000
3102.00000000,DELIVERY17,DELIVERY21,0.00000000
3103.00000000,DELIVERY19,DELIVERY22,0.00000000
3103.00000000,DELIVERY17,DELIVERY21,0.00000000
3104.00000000,DELIVERY19,DELIVERY22,0.00000000
3104.00000000,DELIVERY17,DELIVERY21,0.00000000
3105.00000000,DELIVERY19,DELIVERY22,0.00000000
3105.00000000,DELIVERY17,DELIVERY21,0.00000000
3106.00000000,DELIVERY19,DELIVERY22,0.00000000
3106.00000000,DELIVERY17,DELIVERY21,0.00000000
3107.00000000,DELIVERY19,DELIVERY22,0.00000000
3107.00000000,DELIVERY17,DELIVERY21,0.00000000
3108.00000000,DELIVERY19,DELIVERY22,0.00000000
3108.00000000,DELIVERY17,DELIVERY21,0.00000000
3109.00000000,DELIVERY19,DELIVERY22,0.00000000
3109.00000000,DELIVERY17,DELIVERY21,0.00000000
3110.00000000,DELIVERY19,DELIVERY22,0.00000000
3110.00000000,DELIVERY17,DELIVERY21,0.00000000
3111.00000000,DELIVERY19,DELIVERY22,0.00000000
3111.00000000,DELIVERY17,DELIVERY21,0.00000000
3112.00000000,DELIVERY19,DELIVERY22,0.00000000
3112.00000000,DELIVERY17,DELIVERY21,0.00000000
3113.00000000,DELIVERY19,DELIVERY22,0.00000000
3113.00000000,DELIVERY17,DELIVERY21,0.00000000
3114.00000000,DELIVERY19,DELIVERY22,0.00000000
3114.00000000,DELIVERY17,DELIVERY21,0.00000000
3115.00000000,DELIVERY19,DELIVERY22,0.00000000
3115.00000000,DELIVERY17,DELIVERY21,0.00000000
3116.00000000,DELIVERY19,DELIVERY22,0.00000000
3116.00000000,DELIVERY17,DELIVERY21,0.00000000
3117.00000000,DELIVERY19,DELIVERY22,0.00000000
3117.00000000,DELIVERY17,DELIVERY21,0.00000000
3118.00000000,DELIVERY19,DELIVERY22,0.00000000
3118.00000000,DELIVERY17,DELIVERY21,0.00000000
3119.00000000,DELIVERY19,DELIVERY22,0.00000000
3119.00000000,DELIVERY17,DELIVERY21,0.00000000
3120.00000000,DELIVERY19,DELIVERY22,0.00000000
3120.00000000,DELIVERY17,DELIVERY21,0.00000000
3121.00000000,DELIVERY19,DELIVERY22,0.00000000
3121.00000000,DELIVERY17,DELIVERY21,0.00000000
3122.00000000,DELIVERY19,DELIVERY22,0.00000000
3122.00000000,DELIVERY17,DELIVERY21,0.00000000
3123.00000000,DELIVERY19,DELIVERY22,0.00000000
3123.00000000,DELIVERY17,DELIVERY21,0.00000000
3124.00000000,DELIVERY19,DELIVERY22,0.00000000
3124.00000000,DELIVERY17,DELIVERY21,0.00000000
3125.00000000,DELIVERY19,DELIVERY22,0.00000000
3125.00000000,DELIVERY17,DELIVERY21,0.00000000
3126.00000000,DELIVERY19,DELIVERY22,0.00000000
3126.00000000,DELIVERY17,DELIVERY21,0.00000000
3127.00000000,DELIVERY19,DELIVERY22,0.00000000
3127.00000000,DELIVERY17,DELIVERY21,0.00000000
3128.00000000,DELIVERY19,DELIVERY22,0.00000000
3128.00000000,DELIVERY17,DELIVERY21,0.00000000
3129.00000000,DELIVERY19,DELIVERY22,0.00000000
3129.00000000,DELIVERY17,DELIVERY21,0.00000000
3130.00000000,DELIVERY19,DELIVERY22,0.00000000
3130.00000000,DELIVERY17,DELIVERY21,0.00000000
3131.00000000,DELIVERY19,DELIVERY22,0.00000000
3131.00000000,DELIVERY17,DELIVERY21,0.00000000
3132.00000000,DELIVERY19,DELIVERY22,0.00000000
3132.00000000,DELIVERY17,DELIVERY21,0.00000000
3133.00000000,DELIVERY19,DELIVERY22,0.00000000
3133.00000000,DELIVERY17,DELIVERY21,0.00000000
3134.00000000,DELIVERY19,DELIVERY22,0.00000000
3134.00000000,DELIVERY17,DELIVERY21,0.00000000
3135.00000000,DELIVERY19,DELIVERY22,0.00000000
3135.00000000,DELIVERY17,DELIVERY21,0.00000000
3136.00000000,DELIVERY19,DELIVERY22,0.00000000
3136.00000000,DELIVERY17,DELIVERY21,0.00000000
3137.00000000,DELIVERY19,DELIVERY22,0.00000000
3137.00000000,DELIVERY17,DELIVERY21,0.00000000
3138.00000000,DELIVERY19,DELIVERY22,0.00000000
3138.00000000,DELIVERY17,DELIVERY21,0.00000000
3139.00000000,DELIVERY19,DELIVERY22,0.00000000
3139.00000000,DELIVERY17,DELIVERY21,0.00000000
3140.00000000,DELIVERY19,DELIVERY22,0.00000000
3140.00000000,DELIVERY17,DELIVERY21,0.00000000
3141.00000000,DELIVERY19,DELIVERY22,0.00000000
3141.00000000,DELIVERY17,DELIVERY21,0.00000000
3142.00000000,DELIVERY19,DELIVERY22,0.00000000
3142.00000000,DELIVERY17,DELIVERY21,0.00000000
3143.00000000,DELIVERY19,DELIVERY22,0.00000000
3143.00000000,DELIVERY17,DELIVERY21,0.00000000
3144.00000000,DELIVERY19,DELIVERY22,0.00000000
3144.00000000,BACKGROUND145,DELIVERY14,0.05280470
3144.00000000,DELIVERY17,DELIVERY21,0.00000000
3145.00000000,DELIVERY19,DELIVERY22,0.00000000
3145.00000000,DELIVERY17,DELIVERY21,0.00000000
3146.00000000,DELIVERY19,DELIVERY22,0.00000000
3146.00000000,DELIVERY17,DELIVERY21,0.00000000
3147.00000000,DELIVERY19,DELIVERY22,0.00000000
3147.00000000,DELIVERY17,DELIVERY21,0.00000000
3148.00000000,DELIVERY19,DELIVERY22,0.00000000
3148.00000000,DELIVERY17,DELIVERY21,0.00000000
3149.00000000,DELIVERY19,DELIVERY22,0.00000000
3149.00000000,DELIVERY17,DELIVERY21,0.00000000
3150.00000000,DELIVERY19,DELIVERY22,0.00000000
3150.00000000,DELIVERY17,DELIVERY21,0.00000000
3151.00000000,DELIVERY19,DELIVERY22,0.00000000
3151.00000000,DELIVERY17,DELIVERY21,0.00000000
3152.00000000,DELIVERY19,DELIVERY22,0.00000000
3152.00000000,DELIVERY17,DELIVERY21,0.00000000
3153.00000000,DELIVERY19,DELIVERY22,0.00000000
3153.00000000,DELIVERY17,DELIVERY21,0.00000000
3154.00000000,DELIVERY19,DELIVERY22,0.00000000
3154.00000000,DELIVERY17,DELIVERY21,0.00000000
3155.00000000,DELIVERY19,DELIVERY22,0.00000000
3155.00000000,DELIVERY17,DELIVERY21,0.00000000
3156.00000000,DELIVERY19,DELIVERY22,0.00000000
3156.00000000,DELIVERY17,DELIVERY21,0.00000000
3157.00000000,DELIVERY19,DELIVERY22,0.00000000
3157.00000000,DELIVERY17,DELIVERY21,0.00000000
3158.00000000,DELIVERY19,DELIVERY22,0.00000000
3158.00000000,DELIVERY17,DELIVERY21,0.00000000
3159.00000000,DELIVERY19,DELIVERY22,0.00000000
3159.00000000,DELIVERY17,DELIVERY21,0.00000000
3160.00000000,DELIVERY19,DELIVERY22,0.00000000
3160.00000000,DELIVERY17,DELIVERY21,0.00000000
3161.00000000,DELIVERY19,DELIVERY22,0.00000000
3161.00000000,DELIVERY17,DELIVERY21,0.00000000
3162.00000000,DELIVERY19,DELIVERY22,0.00000000
3162.00000000,DELIVERY17,DELIVERY21,0.00000000
3163.00000000,DELIVERY19,DELIVERY22,0.00000000
3163.00000000,DELIVERY17,DELIVERY21,0.00000000
3164.00000000,DELIVERY19,DELIVERY22,0.00000000
3164.00000000,DELIVERY17,DELIVERY21,0.00000000
3165.00000000,DELIVERY19,DELIVERY22,0.00000000
3165.00000000,DELIVERY17,DELIVERY21,0.00000000
3166.00000000,DELIVERY19,DELIVERY22,0.00000000
3166.00000000,DELIVERY17,DELIVERY21,0.00000000
3167.00000000,DELIVERY19,DELIVERY22,0.00000000
3167.00000000,DELIVERY17,DELIVERY21,0.00000000
3168.00000000,DELIVERY19,DELIVERY22,0.00000000
3168.00000000,DELIVERY17,DELIVERY21,0.00000000
3169.00000000,DELIVERY19,DELIVERY22,0.00000000
3169.00000000,DELIVERY17,DELIVERY21,0.00000000
3170.00000000,DELIVERY19,DELIVERY22,0.00000000
3170.00000000,DELIVERY14,DELIVERY19,0.19875921
3170.00000000,DELIVERY14,DELIVERY22,0.19875921
3170.00000000,DELIVERY17,DELIVERY21,0.00000000
3171.00000000,DELIVERY19,DELIVERY22,0.00000000
3171.00000000,BACKGROUND138,BACKGROUND143,0.87796596
3171.00000000,DELIVERY17,DELIVERY21,0.00000000
3172.00000000,DELIVERY19,DELIVERY22,0.00000000
3172.00000000,DELIVERY17,DELIVERY21,0.00000000
3173.00000000,DELIVERY19,DELIVERY22,0.00000000
3173.00000000,DELIVERY17,DELIVERY21,0.00000000
3174.00000000,DELIVERY19,DELIVERY22,0.00000000
3174.00000000,DELIVERY17,DELIVERY21,0.00000000
3175.00000000,DELIVERY19,DELIVERY22,0.00000000
3175.00000000,DELIVERY17,DELIVERY21,0.00000000
3176.00000000,DELIVERY19,DELIVERY22,0.00000000
3176.00000000,DELIVERY17,DELIVERY21,0.00000000
3177.00000000,DELIVERY19,DELIVERY22,0.00000000
3177.00000000,DELIVERY17,DELIVERY21,0.00000000
3178.00000000,DELIVERY19,DELIVERY22,0.00000000
3178.00000000,DELIVERY17,DELIVERY21,0.00000000
3179.00000000,DELIVERY19,DELIVERY22,0.00000000
3179.00000000,DELIVERY17,DELIVERY21,0.00000000
3180.00000000,DELIVERY19,DELIVERY22,0.00000000
3180.00000000,DELIVERY17,DELIVERY21,0.00000000
3181.00000000,DELIVERY19,DELIVERY22,0.00000000
3181.00000000,DELIVERY17,DELIVERY21,0.00000000
3182.00000000,DELIVERY19,DELIVERY22,0.00000000
3182.00000000,BACKGROUND122,BACKGROUND145,0.41672432
3182.00000000,DELIVERY17,DELIVERY21,0.00000000
3183.00000000,DELIVERY19,DELIVERY22,0.00000000
3183.00000000,DELIVERY17,DELIVERY21,0.00000000
3184.00000000,DELIVERY19,DELIVERY22,0.00000000
3184.00000000,DELIVERY17,DELIVERY21,0.00000000
3185.00000000,DELIVERY19,DELIVERY22,0.00000000
3185.00000000,DELIVERY17,DELIVERY21,0.00000000
3186.00000000,DELIVERY19,DELIVERY22,0.00000000
3186.00000000,DELIVERY17,DELIVERY21,0.00000000
3187.00000000,DELIVERY19,DELIVERY22,0.00000000
3187.00000000,DELIVERY17,DELIVERY21,0.00000000
3188.00000000,DELIVERY19,DELIVERY22,0.00000000
3188.00000000,DELIVERY17,DELIVERY21,0.00000000
3189.00000000,DELIVERY19,DELIVERY22,0.00000000
3189.00000000,DELIVERY17,DELIVERY21,0.00000000
3190.00000000,DELIVERY19,DELIVERY22,0.00000000
3190.00000000,DELIVERY17,DELIVERY21,0.00000000
3191.00000000,DELIVERY19,DELIVERY22,0.00000000
3191.00000000,DELIVERY17,DELIVERY21,0.00000000
3192.00000000,DELIVERY19,DELIVERY22,0.00000000
3192.00000000,DELIVERY17,DELIVERY21,0.00000000
3193.00000000,DELIVERY19,DELIVERY22,0.00000000
3193.00000000,DELIVERY17,DELIVERY21,0.00000000
3194.00000000,DELIVERY19,DELIVERY22,0.00000000
3194.00000000,DELIVERY17,DELIVERY21,0.00000000
3195.00000000,DELIVERY19,DELIVERY22,0.00000000
3195.00000000,DELIVERY17,DELIVERY21,0.00000000
3196.00000000,DELIVERY19,DELIVERY22,0.00000000
3196.00000000,DELIVERY17,DELIVERY21,0.00000000
3197.00000000,DELIVERY19,DELIVERY22,0.00000000
3197.00000000,DELIVERY17,DELIVERY21,0.00000000
3198.00000000,DELIVERY19,DELIVERY22,0.00000000
3198.00000000,DELIVERY17,DELIVERY21,0.00000000
3199.00000000,DELIVERY19,DELIVERY22,0.00000000
3199.00000000,DELIVERY17,DELIVERY21,0.00000000
3200.00000000,DELIVERY19,DELIVERY22,0.00000000
3200.00000000,DELIVERY17,DELIVERY21,0.00000000
3201.00000000,DELIVERY19,DELIVERY22,0.00000000
3201.00000000,DELIVERY17,DELIVERY21,0.00000000
3202.00000000,DELIVERY19,DELIVERY22,0.00000000
3202.00000000,DELIVERY17,DELIVERY21,0.00000000
3203.00000000,DELIVERY19,DELIVERY22,0.00000000
3203.00000000,DELIVERY17,DELIVERY21,0.00000000
3204.00000000,DELIVERY19,DELIVERY22,0.00000000
3204.00000000,DELIVERY17,DELIVERY21,0.00000000
3205.00000000,DELIVERY19,DELIVERY22,0.00000000
3205.00000000,DELIVERY17,DELIVERY21,0.00000000
3206.00000000,DELIVERY19,DELIVERY22,0.00000000
3206.00000000,DELIVERY17,DELIVERY21,0.00000000
3207.00000000,DELIVERY19,DELIVERY22,0.00000000
3207.00000000,DELIVERY17,DELIVERY21,0.00000000
3208.00000000,DELIVERY19,DELIVERY22,0.00000000
3208.00000000,DELIVERY17,DELIVERY21,0.00000000
3209.00000000,DELIVERY19,DELIVERY22,0.00000000
3209.00000000,DELIVERY17,DELIVERY21,0.00000000
3210.00000000,DELIVERY19,DELIVERY22,0.00000000
3210.00000000,DELIVERY17,DELIVERY21,0.00000000
3211.00000000,DELIVERY19,DELIVERY22,0.00000000
3211.00000000,DELIVERY17,DELIVERY21,0.00000000
3212.00000000,DELIVERY19,DELIVERY22,0.00000000
3212.00000000,DELIVERY17,DELIVERY21,0.00000000
3213.00000000,DELIVERY19,DELIVERY22,0.00000000
3213.00000000,DELIVERY17,DELIVERY21,0.00000000
3214.00000000,DELIVERY19,DELIVERY22,0.00000000
3214.00000000,DELIVERY17,DELIVERY21,0.00000000
3215.00000000,DELIVERY19,DELIVERY22,0.00000000
3215.00000000,DELIVERY17,DELIVERY21,0.00000000
3216.00000000,DELIVERY19,DELIVERY22,0.00000000
3216.00000000,DELIVERY17,DELIVERY21,0.00000000
3217.00000000,DELIVERY19,DELIVERY22,0.00000000
3217.00000000,DELIVERY17,DELIVERY21,0.00000000
3218.00000000,DELIVERY19,DELIVERY22,0.00000000
3218.00000000,DELIVERY17,DELIVERY21,0.00000000
3219.00000000,DELIVERY19,DELIVERY22,0.00000000
3219.00000000,DELIVERY17,DELIVERY21,0.00000000
3220.00000000,DELIVERY19,DELIVERY22,0.00000000
3220.00000000,DELIVERY17,DELIVERY21,0.00000000
3221.00000000,DELIVERY19,DELIVERY22,0.00000000
3221.00000000,DELIVERY17,DELIVERY21,0.00000000
3222.00000000,DELIVERY19,DELIVERY22,0.00000000
3222.00000000,DELIVERY17,DELIVERY21,0.00000000
3223.00000000,DELIVERY17,DELIVERY21,0.00000000
3224.00000000,DELIVERY17,DELIVERY21,0.00000000
3225.00000000,DELIVERY17,DELIVERY21,0.00000000
3226.00000000,DELIVERY17,DELIVERY21,0.00000000
3227.00000000,DELIVERY17,DELIVERY21,0.00000000
3228.00000000,DELIVERY17,DELIVERY21,0.00000000
3229.00000000,DELIVERY17,DELIVERY21,0.00000000
3230.00000000,DELIVERY19,DELIVERY22,0.00000000
3230.00000000,DELIVERY17,DELIVERY21,0.00000000
3231.00000000,DELIVERY19,DELIVERY22,0.00000000
3231.00000000,DELIVERY17,DELIVERY21,0.00000000
3232.00000000,DELIVERY19,DELIVERY22,0.00000000
3232.00000000,DELIVERY17,DELIVERY21,0.00000000
3233.00000000,DELIVERY19,DELIVERY22,0.00000000
3233.00000000,DELIVERY17,DELIVERY21,0.00000000
3234.00000000,DELIVERY19,DELIVERY22,0.00000000
3234.00000000,DELIVERY17,DELIVERY21,0.00000000
3235.00000000,DELIVERY19,DELIVERY22,0.00000000
3235.00000000,DELIVERY17,DELIVERY21,0.00000000
3236.00000000,DELIVERY19,DELIVERY22,0.00000000
3236.00000000,DELIVERY17,DELIVERY21,0.00000000
3237.00000000,DELIVERY19,DELIVERY22,0.00000000
3237.00000000,DELIVERY17,DELIVERY21,0.00000000
3238.00000000,DELIVERY19,DELIVERY22,0.02277486
3238.00000000,DELIVERY17,DELIVERY21,0.00000000
3239.00000000,DELIVERY17,DELIVERY21,0.00000000
3240.00000000,DELIVERY17,DELIVERY21,0.00000000
3241.00000000,DELIVERY17,DELIVERY21,0.00000000
3242.00000000,DELIVERY17,DELIVERY21,0.00000000
3243.00000000,DELIVERY17,DELIVERY21,0.00000000
3244.00000000,DELIVERY17,DELIVERY21,0.00000000
3245.00000000,DELIVERY17,DELIVERY21,0.00000000
3246.00000000,DELIVERY17,DELIVERY21,0.00000000
3247.00000000,DELIVERY17,DELIVERY21,0.00000000
3248.00000000,DELIVERY17,DELIVERY21,0.00000000
3249.00000000,DELIVERY17,DELIVERY21,0.00000000
3250.00000000,DELIVERY17,DELIVERY21,0.00000000
3251.00000000,DELIVERY17,DELIVERY21,0.00000000
3252.00000000,DELIVERY17,DELIVERY21,0.00000000
3253.00000000,DELIVERY17,DELIVERY21,0.00000000
3254.00000000,DELIVERY17,DELIVERY21,0.00000000
3255.00000000,DELIVERY17,DELIVERY21,0.00000000
3256.00000000,DELIVERY17,DELIVERY21,0.00000000
3257.00000000,DELIVERY17,DELIVERY21,0.00000000
3258.00000000,DELIVERY17,DELIVERY21,0.00000000
3259.00000000,DELIVERY17,DELIVERY21,0.00000000
3260.00000000,DELIVERY17,DELIVERY21,0.00000000
3261.00000000,DELIVERY17,DELIVERY21,0.00000000
3262.00000000,DELIVERY17,DELIVERY21,0.00000000
3263.00000000,DELIVERY17,DELIVERY21,0.00000000
3264.00000000,DELIVERY17,DELIVERY21,0.00000000
3265.00000000,DELIVERY17,DELIVERY21,0.00000000
3266.00000000,DELIVERY17,DELIVERY21,0.00000000
3267.00000000,DELIVERY17,DELIVERY21,0.00000000
3268.00000000,DELIVERY17,DELIVERY21,0.00000000
3269.00000000,DELIVERY17,DELIVERY21,0.00000000
3270.00000000,DELIVERY17,DELIVERY21,0.00000000
3271.00000000,DELIVERY17,DELIVERY21,0.00000000
3272.00000000,DELIVERY17,DELIVERY21,0.00000000
3273.00000000,DELIVERY17,DELIVERY21,0.00000000
3274.00000000,DELIVERY17,DELIVERY21,0.00000000
3275.00000000,DELIVERY17,DELIVERY21,0.00000000
3276.00000000,DELIVERY17,DELIVERY21,0.00000000
3277.00000000,DELIVERY17,DELIVERY21,0.00000000
3278.00000000,DELIVERY17,DELIVERY21,0.00000000
3279.00000000,DELIVERY17,DELIVERY21,0.00000000
3280.00000000,DELIVERY17,DELIVERY21,0.00000000
3281.00000000,DELIVERY17,DELIVERY21,0.00000000
3282.00000000,DELIVERY17,DELIVERY21,0.00000000
3283.00000000,DELIVERY17,DELIVERY21,0.00000000
3284.00000000,DELIVERY17,DELIVERY21,0.00000000
3285.00000000,DELIVERY17,DELIVERY21,0.00000000
3286.00000000,DELIVERY17,DELIVERY21,0.00000000
3287.00000000,DELIVERY17,DELIVERY21,0.00000000
3288.00000000,DELIVERY17,DELIVERY21,0.00000000
3289.00000000,DELIVERY17,DELIVERY21,0.00000000
3290.00000000,DELIVERY17,DELIVERY21,0.00000000
3291.00000000,DELIVERY17,DELIVERY21,0.00000000
3292.00000000,DELIVERY17,DELIVERY21,0.00000000
3293.00000000,DELIVERY17,DELIVERY21,0.00000000
3294.00000000,DELIVERY17,DELIVERY21,0.00000000
3295.00000000,DELIVERY17,DELIVERY21,0.00000000
3296.00000000,DELIVERY17,DELIVERY21,0.00000000
3297.00000000,DELIVERY17,DELIVERY21,0.00000000
3298.00000000,DELIVERY17,DELIVERY21,0.00000000
3299.00000000,DELIVERY17,DELIVERY21,0.00000000
3300.00000000,DELIVERY17,DELIVERY21,0.00000000
3301.00000000,DELIVERY17,DELIVERY21,0.00000000
3302.00000000,DELIVERY17,DELIVERY21,0.00000000
3303.00000000,DELIVERY17,DELIVERY21,0.00000000
3304.00000000,DELIVERY17,DELIVERY21,0.00000000
3305.00000000,DELIVERY17,DELIVERY21,0.00000000
3306.00000000,DELIVERY17,DELIVERY21,0.00000000
3307.00000000,DELIVERY17,DELIVERY21,0.00000000
3308.00000000,DELIVERY17,DELIVERY21,0.00000000
3309.00000000,DELIVERY17,DELIVERY21,0.00000000
3310.00000000,DELIVERY17,DELIVERY21,0.00000000
3311.00000000,DELIVERY17,DELIVERY21,0.00000000
3312.00000000,DELIVERY17,DELIVERY21,0.00000000
3313.00000000,DELIVERY17,DELIVERY21,0.00000000
3314.00000000,DELIVERY17,DELIVERY21,0.00000000
3315.00000000,DELIVERY17,DELIVERY21,0.00000000
3316.00000000,DELIVERY17,DELIVERY21,0.00000000
3317.00000000,DELIVERY17,DELIVERY21,0.00000000
3318.00000000,DELIVERY17,DELIVERY21,0.00000000
3319.00000000,DELIVERY17,DELIVERY21,0.00000000
3320.00000000,DELIVERY17,DELIVERY21,0.00000000
3321.00000000,DELIVERY17,DELIVERY21,0.00000000
3322.00000000,DELIVERY17,DELIVERY21,0.00000000
3323.00000000,DELIVERY17,DELIVERY21,0.00000000
3324.00000000,DELIVERY17,DELIVERY21,0.00000000
3325.00000000,DELIVERY17,DELIVERY21,0.00000000
3363.00000000,BACKGROUND166,DELIVERY19,5.98780140
3479.00000000,BACKGROUND143,BACKGROUND167,0.41136255
