# LOSS OF SEPARATION LOG
# Start and end of all loss of separation
# 
# Simulation Time [s], UAS1, UAS2, Start/End
# simt
258.00000000,BACKGROUND5,DELIVERY1,start
262.00000000,BACKGROUND5,DELIVERY1,end
417.00000000,BACKGROUND17,BACKGROUND4,start
422.00000000,BACKGROUND17,BACKGROUND4,end
517.00000000,BACKGROUND14,BACKGROUND19,start
570.00000000,BACKGROUND14,BACKGROUND19,end
583.00000000,BACKGROUND14,BACKGROUND19,start
604.00000000,BACKGROUND15,BACKGROUND24,start
608.00000000,BACKGROUND15,BACKGROUND24,end
654.00000000,BACKGROUND14,BACKGROUND19,end
663.00000000,DELIVERY1,DELIVERY2,start
674.00000000,DELIVERY1,DELIVERY2,end
740.00000000,BACKGROUND10,DELIVERY1,start
742.00000000,BACKGROUND10,DELIVERY1,end
830.00000000,DELIVERY2,DELIVERY3,start
863.00000000,DELIVERY2,DELIVERY3,end
866.00000000,DELIVERY2,DELIVERY3,start
885.00000000,DELIVERY2,DELIVERY3,end
888.00000000,DELIVERY2,DELIVERY3,start
896.00000000,DELIVERY2,DELIVERY3,end
1025.00000000,DELIVERY2,DELIVERY5,start
1028.00000000,DELIVERY2,DELIVERY5,end
1383.00000000,DELIVERY6,DELIVERY9,start
1399.00000000,BACKGROUND46,BACKGROUND54,start
1404.00000000,BACKGROUND46,BACKGROUND54,end
1426.00000000,DELIVERY6,DELIVERY9,end
1431.00000000,DELIVERY6,DELIVERY9,start
1433.00000000,DELIVERY6,DELIVERY9,end
1475.00000000,BACKGROUND36,BACKGROUND65,start
1477.00000000,BACKGROUND27,DELIVERY9,start
1477.00000000,BACKGROUND36,BACKGROUND65,end
1485.00000000,BACKGROUND27,DELIVERY4,start
1486.00000000,DELIVERY4,DELIVERY9,start
1487.00000000,BACKGROUND27,DELIVERY4,end
1488.00000000,DELIVERY4,DELIVERY9,end
1527.00000000,BACKGROUND40,BACKGROUND59,start
1531.00000000,BACKGROUND40,BACKGROUND59,end
1544.00000000,BACKGROUND27,DELIVERY9,end
1603.00000000,BACKGROUND57,BACKGROUND71,start
1604.00000000,BACKGROUND57,BACKGROUND71,end
1719.00000000,BACKGROUND72,DELIVERY8,start
1723.00000000,BACKGROUND72,DELIVERY8,end
1762.00000000,DELIVERY4,DELIVERY8,start
1770.00000000,DELIVERY4,DELIVERY8,end
1776.00000000,BACKGROUND62,BACKGROUND87,start
1780.00000000,BACKGROUND62,BACKGROUND87,end
1801.00000000,DELIVERY12,DELIVERY7,start
1854.00000000,BACKGROUND68,BACKGROUND71,start
1857.00000000,BACKGROUND68,BACKGROUND71,end
1859.00000000,BACKGROUND85,BACKGROUND87,start
1863.00000000,BACKGROUND85,BACKGROUND87,end
1985.00000000,DELIVERY11,DELIVERY8,start
1989.00000000,BACKGROUND62,DELIVERY7,start
1989.00000000,BACKGROUND62,DELIVERY12,start
1992.00000000,BACKGROUND62,DELIVERY7,end
1992.00000000,BACKGROUND62,DELIVERY12,end
2005.00000000,DELIVERY11,DELIVERY8,end
2016.00000000,BACKGROUND83,BACKGROUND92,start
2019.00000000,BACKGROUND83,BACKGROUND92,end
2122.00000000,DELIVERY12,DELIVERY7,end
2126.00000000,DELIVERY12,DELIVERY7,start
2129.00000000,DELIVERY12,DELIVERY7,end
2175.00000000,DELIVERY13,DELIVERY8,start
2179.00000000,DELIVERY13,DELIVERY8,end
2216.00000000,BACKGROUND100,BACKGROUND91,start
2218.00000000,BACKGROUND100,BACKGROUND91,end
2325.00000000,BACKGROUND108,DELIVERY12,start
2326.00000000,BACKGROUND108,DELIVERY12,end
2377.00000000,BACKGROUND78,BACKGROUND97,start
2380.00000000,BACKGROUND78,BACKGROUND97,end
2471.00000000,BACKGROUND88,DELIVERY18,start
2476.00000000,BACKGROUND88,DELIVERY18,end
2550.00000000,BACKGROUND109,BACKGROUND116,start
2552.00000000,BACKGROUND109,BACKGROUND116,end
2578.00000000,DELIVERY10,DELIVERY18,start
2580.00000000,DELIVERY10,DELIVERY18,end
2595.00000000,DELIVERY18,DELIVERY8,start
2597.00000000,DELIVERY18,DELIVERY8,end
2630.00000000,DELIVERY14,DELIVERY16,start
2633.00000000,DELIVERY14,DELIVERY16,end
2701.00000000,DELIVERY20,DELIVERY23,start
2701.00000000,DELIVERY17,DELIVERY21,start
2710.00000000,DELIVERY15,DELIVERY17,start
2710.00000000,DELIVERY15,DELIVERY21,start
2717.00000000,DELIVERY15,DELIVERY17,end
2717.00000000,DELIVERY15,DELIVERY21,end
2724.00000000,DELIVERY14,DELIVERY16,start
2747.00000000,DELIVERY14,DELIVERY16,end
2779.00000000,DELIVERY20,DELIVERY23,end
2780.00000000,BACKGROUND124,BACKGROUND132,start
2783.00000000,BACKGROUND124,BACKGROUND132,end
2797.00000000,DELIVERY14,DELIVERY16,start
2804.00000000,DELIVERY14,DELIVERY16,end
2819.00000000,DELIVERY14,DELIVERY18,start
2822.00000000,DELIVERY14,DELIVERY18,end
2853.00000000,BACKGROUND127,DELIVERY16,start
2859.00000000,BACKGROUND127,DELIVERY16,end
2872.00000000,DELIVERY18,DELIVERY20,start
2891.00000000,DELIVERY18,DELIVERY20,end
2905.00000000,BACKGROUND119,BACKGROUND141,start
2907.00000000,BACKGROUND119,BACKGROUND141,end
2947.00000000,DELIVERY18,DELIVERY20,start
2962.00000000,DELIVERY18,DELIVERY20,end
2965.00000000,DELIVERY18,DELIVERY20,start
2974.00000000,BACKGROUND127,BACKGROUND129,start
2977.00000000,BACKGROUND127,BACKGROUND129,end
2988.00000000,DELIVERY18,DELIVERY20,end
2993.00000000,DELIVERY17,DELIVERY18,start
2993.00000000,DELIVERY18,DELIVERY21,start
2999.00000000,DELIVERY17,DELIVERY18,end
2999.00000000,DELIVERY18,DELIVERY21,end
3001.00000000,DELIVERY19,DELIVERY22,start
3002.00000000,DELIVERY17,DELIVERY18,start
3002.00000000,DELIVERY18,DELIVERY21,start
3012.00000000,DELIVERY21,DELIVERY23,start
3012.00000000,DELIVERY18,DELIVERY23,start
3012.00000000,DELIVERY17,DELIVERY23,start
3026.00000000,DELIVERY17,DELIVERY18,end
3026.00000000,DELIVERY18,DELIVERY21,end
3036.00000000,DELIVERY21,DELIVERY23,end
3036.00000000,DELIVERY17,DELIVERY23,end
3052.00000000,DELIVERY17,DELIVERY21,end
3055.00000000,DELIVERY17,DELIVERY21,start
3059.00000000,DELIVERY21,DELIVERY23,start
3059.00000000,BACKGROUND123,BACKGROUND146,start
3059.00000000,DELIVERY17,DELIVERY23,start
3060.00000000,DELIVERY17,DELIVERY18,start
3060.00000000,DELIVERY18,DELIVERY21,start
3061.00000000,BACKGROUND123,BACKGROUND146,end
3062.00000000,DELIVERY14,DELIVERY27,start
3063.00000000,DELIVERY20,DELIVERY21,start
3063.00000000,DELIVERY17,DELIVERY20,start
3064.00000000,DELIVERY21,DELIVERY23,end
3064.00000000,DELIVERY17,DELIVERY18,end
3064.00000000,DELIVERY18,DELIVERY21,end
3064.00000000,DELIVERY17,DELIVERY23,end
3064.00000000,DELIVERY14,DELIVERY27,end
3069.00000000,DELIVERY20,DELIVERY21,end
3069.00000000,DELIVERY17,DELIVERY20,end
3073.00000000,BACKGROUND122,DELIVERY27,start
3081.00000000,BACKGROUND122,DELIVERY27,end
3110.00000000,DELIVERY18,DELIVERY23,end
3143.00000000,BACKGROUND145,DELIVERY14,start
3145.00000000,BACKGROUND145,DELIVERY14,end
3154.00000000,BACKGROUND123,BACKGROUND138,start
3158.00000000,BACKGROUND123,BACKGROUND138,end
3168.00000000,BACKGROUND138,BACKGROUND143,start
3169.00000000,DELIVERY14,DELIVERY19,start
3169.00000000,DELIVERY14,DELIVERY22,start
3171.00000000,DELIVERY14,DELIVERY19,end
3171.00000000,DELIVERY14,DELIVERY22,end
3174.00000000,BACKGROUND148,BACKGROUND87,start
3174.00000000,BACKGROUND138,BACKGROUND143,end
3178.00000000,BACKGROUND148,BACKGROUND87,end
3180.00000000,BACKGROUND122,BACKGROUND145,start
3183.00000000,BACKGROUND122,BACKGROUND145,end
3244.00000000,DELIVERY19,DELIVERY22,end
3259.00000000,BACKGROUND145,DELIVERY18,start
3263.00000000,BACKGROUND145,DELIVERY18,end
3293.00000000,DELIVERY24,DELIVERY27,start
3309.00000000,DELIVERY24,DELIVERY27,end
3312.00000000,DELIVERY24,DELIVERY27,start
3326.00000000,DELIVERY17,DELIVERY21,end
3336.00000000,DELIVERY24,DELIVERY27,end
3359.00000000,DELIVERY24,DELIVERY27,start
3361.00000000,BACKGROUND166,DELIVERY19,start
3364.00000000,DELIVERY24,DELIVERY27,end
3365.00000000,BACKGROUND166,DELIVERY19,end
3456.00000000,BACKGROUND143,BACKGROUND167,start
3461.00000000,BACKGROUND143,BACKGROUND167,end
3467.00000000,BACKGROUND143,BACKGROUND167,start
3490.00000000,BACKGROUND143,BACKGROUND167,end
3492.00000000,BACKGROUND143,BACKGROUND167,start
3495.00000000,BACKGROUND143,BACKGROUND167,end
3598.00000000,DELIVERY19,DELIVERY22,start
3599.00000000,DELIVERY19,DELIVERY22,end
