Using Python-based geo functions
Reading config from settings.cfg
Reading magnetic variation data
Loading global navigation database...
Reading cache: data/cache/py3/navdata.p
Failed to load BADA performance model
Successfully loaded plugin AREA
Successfully loaded plugin DATAFEED
Loading global navigation database...
Reading cache: data/cache/py3/navdata.p
Reading the graph...
Region  Hannover  initialized.
Initial split assuring maximal aspect ratio  3.0  DONE
Altitude split at building top level  92  m DONE.
Updating segments...
Assigning segments...
Updating segment velocity...
No geovectoring rules
Updating travel times...
Dynamic segments completed
No path to wind files specified, skipping all wind simulation!
Creating surveillance flight plan for SURVEILLANCE_TURKISH...
Calculating the route...
Creating flight plan of BACKGROUND1...
Calculating the route...
Creating flight plan of BACKGROUND2...
Creating surveillance flight plan for SURVEILLANCEOP1...
Creating surveillance flight plan for SURVEILLANCEOP3...
Creating surveillance flight plan for SURVEILLANCE_LUFTHANSA...
Creating surveillance flight plan for SURVEILLANCEOP2...
Calculating the route...
Creating flight plan of BACKGROUND3...
Creating surveillance flight plan for SURVEILLANCEOP4...
Creating surveillance flight plan for SURVEILLANCE_EUROWINGS...
Calculating the route...
Creating flight plan of BACKGROUND4...
Starting to process wind data.
Processing wind data is DONE.
Assigning wind data to cells:
Starting the tactical wind field dependency update.
The tactical wind field dependency update DONE.
Starting the strategic traffic dependency update.
The strategic traffic dependency update DONE.
Starting the tactical traffic dependency update.
The tactical traffic dependency update finished.
Starting the concentration of conflict update.
The concentration of conflict update finished.
Segments update completed.
Updating segments...
Updating segment velocity...
No geovectoring rules
Updating travel times...
Dynamic segments completed
300
SURVEILLANCE_TURKISH
BACKGROUND2
SURVEILLANCE_LUFTHANSA
SURVEILLANCEOP2
SURVEILLANCEOP3
SURVEILLANCEOP1
BACKGROUND3
changed orig [9.718469099999993, 52.43642990000001, 50.00244000000001] for BACKGROUND3
changed dest [9.7090101, 52.452844166666665, 51.06194434155783] for BACKGROUND3
Calculating the route...
The segment 1336 is overpopulated at 569 seconds
Drone BACKGROUND3 needs to be strategically deconflicted
Updating segments...
Updating segment velocity...
No geovectoring rules
Updating travel times...
Dynamic segments completed
Calculating the route...
The segment 1336 is overpopulated at 744 seconds
It is impossible to find a permitted route for the drone BACKGROUND3. It is not included in the simulation
Creating flight plan of BACKGROUND3...
SURVEILLANCE_EUROWINGS
SURVEILLANCEOP4
BACKGROUND4
changed orig [9.6671245, 52.421482499999996, 75.00366000000001] for BACKGROUND4
changed dest [9.66432313333334, 52.46082440000001, 53.177268893189904] for BACKGROUND4
Calculating the route...
Creating flight plan of BACKGROUND4...
Origin or destination is not allowed, so the flight plan is rejected: background - 360.0s
Calculating the route...
Creating flight plan of BACKGROUND5...
Creating surveillance flight plan for SURVEILLANCEOP5...
Calculating the route...
Creating flight plan of BACKGROUND6...
Creating surveillance flight plan for SURVEILLANCE_HELICOPTER...
Calculating the route...
Creating flight plan of BACKGROUND7...
Simulation time: 600.0
Starting the tactical wind field dependency update.
The tactical wind field dependency update DONE.
Starting the strategic traffic dependency update.
The strategic traffic dependency update DONE.
Starting the tactical traffic dependency update.
The tactical traffic dependency update finished.
Starting the concentration of conflict update.
The concentration of conflict update finished.
Segments update completed.
Updating segments...
Updating segment velocity...
No geovectoring rules
Updating travel times...
Dynamic segments completed
600
SURVEILLANCE_TURKISH
SURVEILLANCE_LUFTHANSA
SURVEILLANCEOP2
SURVEILLANCEOP3
SURVEILLANCEOP1
SURVEILLANCEOP4
BACKGROUND4
changed orig [9.664126699999997, 52.43194539999999, 50.00244000000001] for BACKGROUND4
changed dest [9.66432313333334, 52.46082440000001, 53.177268893189904] for BACKGROUND4
Calculating the route...
Creating flight plan of BACKGROUND4...
BACKGROUND3
changed orig [9.695243900000008, 52.44869299999999, 100.00488000000001] for BACKGROUND3
changed dest [9.7090101, 52.452844166666665, 51.06194434155783] for BACKGROUND3
Calculating the route...
The segment 1336 is overpopulated at 782 seconds
Drone BACKGROUND3 needs to be strategically deconflicted
Updating segments...
Updating segment velocity...
No geovectoring rules
Updating travel times...
Dynamic segments completed
Calculating the route...
The segment 1336 is overpopulated at 819 seconds
It is impossible to find a permitted route for the drone BACKGROUND3. It is not included in the simulation
Creating flight plan of BACKGROUND3...
BACKGROUND5
changed orig [9.662378333333322, 52.43483463333334, 25.001220000000004] for BACKGROUND5
changed dest [9.672165166666673, 52.4263473, 49.564684519185214] for BACKGROUND5
Calculating the route...
Creating flight plan of BACKGROUND5...
SURVEILLANCEOP5
BACKGROUND6
changed orig [9.666264166666679, 52.42313730000001, 100.00488000000001] for BACKGROUND6
changed dest [9.66381633333333, 52.4555488, 82.79092343036862] for BACKGROUND6
Calculating the route...
Creating flight plan of BACKGROUND6...
SURVEILLANCE_HELICOPTER
BACKGROUND7
changed orig [9.671901633333334, 52.44717, 25.001220000000004] for BACKGROUND7
changed dest [9.659372200000007, 52.44954920000001, 87.07214599916534] for BACKGROUND7
Calculating the route...
Creating flight plan of BACKGROUND7...
Calculating the route...
Creating flight plan of BACKGROUND8...
Calculating the route...
Creating flight plan of BACKGROUND9...
Calculating the route...
The segment 1336 is overpopulated at 1034 seconds
Drone BACKGROUND10 needs to be strategically deconflicted
Updating segments...
Updating segment velocity...
No geovectoring rules
Updating travel times...
Dynamic segments completed
Calculating the route...
Creating flight plan of BACKGROUND10...
Calculating the route...
Creating flight plan of BACKGROUND11...
Starting the tactical wind field dependency update.
The tactical wind field dependency update DONE.
Starting the strategic traffic dependency update.
The strategic traffic dependency update DONE.
Starting the tactical traffic dependency update.
The tactical traffic dependency update finished.
Starting the concentration of conflict update.
The concentration of conflict update finished.
Segments update completed.
Updating segments...
Updating segment velocity...
No geovectoring rules
Updating travel times...
Dynamic segments completed
900
SURVEILLANCE_TURKISH
SURVEILLANCE_LUFTHANSA
SURVEILLANCEOP3
SURVEILLANCEOP1
SURVEILLANCEOP4
SURVEILLANCEOP5
BACKGROUND4
changed orig [9.664532600000001, 52.44914246666667, 50.00244000000001] for BACKGROUND4
changed dest [9.66432313333334, 52.46082440000001, 53.177268893189904] for BACKGROUND4
Calculating the route...
Creating flight plan of BACKGROUND4...
BACKGROUND6
changed orig [9.6588816, 52.44061310000001, 75.00366000000001] for BACKGROUND6
changed dest [9.66381633333333, 52.4555488, 82.79092343036862] for BACKGROUND6
Calculating the route...
Creating flight plan of BACKGROUND6...
BACKGROUND3
BACKGROUND8
changed orig [9.690961566666658, 52.45229256666667, 25.001220000000004] for BACKGROUND8
changed dest [9.676691866666658, 52.45942953333332, 20.32070212017748] for BACKGROUND8
Calculating the route...
Creating flight plan of BACKGROUND8...
BACKGROUND5
BACKGROUND9
changed orig [9.685291299999989, 52.44806779999999, 25.001220000000004] for BACKGROUND9
changed dest [9.704110833333345, 52.44705076666668, 5.26480673681656] for BACKGROUND9
Calculating the route...
Creating flight plan of BACKGROUND9...
BACKGROUND10
changed orig [9.693679833333334, 52.4481256, 50.00244000000001] for BACKGROUND10
changed dest [9.71077009999999, 52.45007390000001, 43.33492120695272] for BACKGROUND10
Calculating the route...
Creating flight plan of BACKGROUND10...
BACKGROUND11
changed orig [9.673140466666666, 52.43635326666666, 75.00366000000001] for BACKGROUND11
changed dest [9.700111399999997, 52.428913833333326, 84.0187382882909] for BACKGROUND11
Calculating the route...
Creating flight plan of BACKGROUND11...
Origin or destination is not allowed, so the flight plan is rejected: background - 936.0s
Origin or destination is not allowed, so the flight plan is rejected: background - 1008.0s
Calculating the route...
Creating flight plan of BACKGROUND12...
Calculating the route...
The segment 1300 is overpopulated at 1151 seconds
Drone BACKGROUND13 needs to be strategically deconflicted
Updating segments...
Updating segment velocity...
No geovectoring rules
Updating travel times...
Dynamic segments completed
Calculating the route...
The flight is delayed 60.0 seconds
Calculating the route...
The segment 1300 is overpopulated at 1211 seconds
Updating segments...
Updating segment velocity...
No geovectoring rules
Updating travel times...
Dynamic segments completed
Calculating the route...
The flight is delayed 120.0 seconds
Calculating the route...
The segment 1300 is overpopulated at 1271 seconds
Updating segments...
Updating segment velocity...
No geovectoring rules
Updating travel times...
Dynamic segments completed
Calculating the route...
The flight is delayed 180.0 seconds
Calculating the route...
The segment 1300 is overpopulated at 1331 seconds
Updating segments...
Updating segment velocity...
No geovectoring rules
Updating travel times...
Dynamic segments completed
Calculating the route...
The flight is delayed 240.0 seconds
Calculating the route...
Warning! Drone ends its trajectory at 1840, but the simulation ends at 1800
The segment 1300 is overpopulated at 1391 seconds
Updating segments...
Updating segment velocity...
No geovectoring rules
Updating travel times...
Dynamic segments completed
Calculating the route...
The flight is delayed 300.0 seconds
Calculating the route...
Warning! Drone ends its trajectory at 1900, but the simulation ends at 1800
The segment 1300 is overpopulated at 1451 seconds
Simulation time: 1200.0
Starting the tactical wind field dependency update.
The tactical wind field dependency update DONE.
Starting the strategic traffic dependency update.
The strategic traffic dependency update DONE.
Starting the tactical traffic dependency update.
The tactical traffic dependency update finished.
Starting the concentration of conflict update.
The concentration of conflict update finished.
Segments update completed.
Updating segments...
Updating segment velocity...
No geovectoring rules
Updating travel times...
Dynamic segments completed
1200
SURVEILLANCE_TURKISH
SURVEILLANCE_LUFTHANSA
BACKGROUND4
BACKGROUND6
BACKGROUND8
changed orig [9.682579900000007, 52.45965669999998, 25.001220000000004] for BACKGROUND8
changed dest [9.676691866666658, 52.45942953333332, 20.32070212017748] for BACKGROUND8
Calculating the route...
Creating flight plan of BACKGROUND8...
BACKGROUND12
changed orig [9.678335766666663, 52.418381633333325, 100.00488000000001] for BACKGROUND12
changed dest [9.647780000000012, 52.426691566666676, 45.97832815292464] for BACKGROUND12
Calculating the route...
Creating flight plan of BACKGROUND12...
    origin_lat  origin_lon  ...  delayed_time            ac
15   52.418489    9.651675  ...        1801.0  BACKGROUND13

[1 rows x 15 columns]
Calculating the route...
The segment 1300 is overpopulated at 1151 seconds
Drone BACKGROUND13 needs to be strategically deconflicted
Updating segments...
Updating segment velocity...
No geovectoring rules
Updating travel times...
Dynamic segments completed
Calculating the route...
The flight is delayed 60.0 seconds
Calculating the route...
The segment 1300 is overpopulated at 1211 seconds
Updating segments...
Updating segment velocity...
No geovectoring rules
Updating travel times...
Dynamic segments completed
Calculating the route...
The flight is delayed 120.0 seconds
Calculating the route...
The segment 1300 is overpopulated at 1271 seconds
Updating segments...
Updating segment velocity...
No geovectoring rules
Updating travel times...
Dynamic segments completed
Calculating the route...
The flight is delayed 180.0 seconds
Calculating the route...
The segment 1300 is overpopulated at 1331 seconds
Updating segments...
Updating segment velocity...
No geovectoring rules
Updating travel times...
Dynamic segments completed
Calculating the route...
The flight is delayed 240.0 seconds
Calculating the route...
Warning! Drone ends its trajectory at 1840, but the simulation ends at 1800
The segment 1300 is overpopulated at 1391 seconds
Updating segments...
Updating segment velocity...
No geovectoring rules
Updating travel times...
Dynamic segments completed
Calculating the route...
The flight is delayed 300.0 seconds
Calculating the route...
Warning! Drone ends its trajectory at 1900, but the simulation ends at 1800
The segment 1300 is overpopulated at 1451 seconds
Calculating the route...
Creating flight plan of BACKGROUND14...
Origin or destination is not allowed, so the flight plan is rejected: background - 1295.0s
Calculating the route...
Warning! Drone ends its trajectory at 1975, but the simulation ends at 1800
The segment 1336 is overpopulated at 1367 seconds
Drone BACKGROUND15 needs to be strategically deconflicted
Updating segments...
Updating segment velocity...
No geovectoring rules
Updating travel times...
Dynamic segments completed
Calculating the route...
The flight is delayed 60.0 seconds
Calculating the route...
Warning! Drone ends its trajectory at 2035, but the simulation ends at 1800
The segment 1336 is overpopulated at 1427 seconds
Updating segments...
Updating segment velocity...
No geovectoring rules
Updating travel times...
Dynamic segments completed
Calculating the route...
The flight is delayed 120.0 seconds
Calculating the route...
Warning! Drone ends its trajectory at 2095, but the simulation ends at 1800
The segment 1336 is overpopulated at 1487 seconds
Updating segments...
Updating segment velocity...
No geovectoring rules
Updating travel times...
Dynamic segments completed
Calculating the route...
The flight is delayed 180.0 seconds
Calculating the route...
Warning! Drone ends its trajectory at 2155, but the simulation ends at 1800
The segment 1336 is overpopulated at 1547 seconds
Updating segments...
Updating segment velocity...
No geovectoring rules
Updating travel times...
Dynamic segments completed
Calculating the route...
The flight is delayed 240.0 seconds
Calculating the route...
Warning! Drone ends its trajectory at 2215, but the simulation ends at 1800
The segment 1336 is overpopulated at 1607 seconds
Updating segments...
Updating segment velocity...
No geovectoring rules
Updating travel times...
Dynamic segments completed
Calculating the route...
The flight is delayed 300.0 seconds
Calculating the route...
Warning! Drone ends its trajectory at 2275, but the simulation ends at 1800
The segment 1336 is overpopulated at 1667 seconds
Calculating the route...
Warning! Drone ends its trajectory at 1941, but the simulation ends at 1800
The segment 1336 is overpopulated at 1638 seconds
Drone BACKGROUND16 needs to be strategically deconflicted
Updating segments...
Updating segment velocity...
No geovectoring rules
Updating travel times...
Dynamic segments completed
Calculating the route...
Warning! Drone ends its trajectory at 1944, but the simulation ends at 1800
Creating flight plan of BACKGROUND16...
Starting the tactical wind field dependency update.
The tactical wind field dependency update DONE.
Starting the strategic traffic dependency update.
The strategic traffic dependency update DONE.
Starting the tactical traffic dependency update.
The tactical traffic dependency update finished.
Starting the concentration of conflict update.
The concentration of conflict update finished.
Segments update completed.
Updating segments...
Updating segment velocity...
No geovectoring rules
Updating travel times...
Dynamic segments completed
1500
SURVEILLANCE_TURKISH
SURVEILLANCE_LUFTHANSA
BACKGROUND4
BACKGROUND12
BACKGROUND14
changed orig [9.710181000000006, 52.43178813333333, 100.00488000000001] for BACKGROUND14
changed dest [9.664134833333321, 52.42138396666667, 37.89401216645538] for BACKGROUND14
Calculating the route...
Warning! Drone ends its trajectory at 1833, but the simulation ends at 1800
Creating flight plan of BACKGROUND14...
BACKGROUND16
changed orig [9.703842766666668, 52.42491316666667, 100.00488000000001] for BACKGROUND16
changed dest [9.705594700000006, 52.44961359999999, 12.379236678975072] for BACKGROUND16
Calculating the route...
Warning! Drone ends its trajectory at 1984, but the simulation ends at 1800
Creating flight plan of BACKGROUND16...
    origin_lat  origin_lon  ...  delayed_time            ac
15   52.418489    9.651675  ...          1801  BACKGROUND13

[1 rows x 15 columns]
Calculating the route...
The segment 1300 is overpopulated at 1151 seconds
Drone BACKGROUND13 needs to be strategically deconflicted
Updating segments...
Updating segment velocity...
No geovectoring rules
Updating travel times...
Dynamic segments completed
Calculating the route...
The flight is delayed 60.0 seconds
Calculating the route...
The segment 1300 is overpopulated at 1211 seconds
Updating segments...
Updating segment velocity...
No geovectoring rules
Updating travel times...
Dynamic segments completed
Calculating the route...
The flight is delayed 120.0 seconds
Calculating the route...
The segment 1300 is overpopulated at 1271 seconds
Updating segments...
Updating segment velocity...
No geovectoring rules
Updating travel times...
Dynamic segments completed
Calculating the route...
The flight is delayed 180.0 seconds
Calculating the route...
Warning! Drone ends its trajectory at 1816, but the simulation ends at 1800
The segment 1300 is overpopulated at 1331 seconds
Updating segments...
Updating segment velocity...
No geovectoring rules
Updating travel times...
Dynamic segments completed
Calculating the route...
The flight is delayed 240.0 seconds
Calculating the route...
Warning! Drone ends its trajectory at 1876, but the simulation ends at 1800
The segment 1300 is overpopulated at 1391 seconds
Updating segments...
Updating segment velocity...
No geovectoring rules
Updating travel times...
Dynamic segments completed
Calculating the route...
The flight is delayed 300.0 seconds
Calculating the route...
Warning! Drone ends its trajectory at 1936, but the simulation ends at 1800
The segment 1300 is overpopulated at 1451 seconds
    origin_lat  origin_lon  ...  delayed_time            ac
18    52.46055    9.713754  ...          1801  BACKGROUND15

[1 rows x 15 columns]
Calculating the route...
Warning! Drone ends its trajectory at 1975, but the simulation ends at 1800
The segment 1336 is overpopulated at 1367 seconds
Drone BACKGROUND15 needs to be strategically deconflicted
Updating segments...
Updating segment velocity...
No geovectoring rules
Updating travel times...
Dynamic segments completed
Calculating the route...
The flight is delayed 60.0 seconds
Calculating the route...
Warning! Drone ends its trajectory at 2035, but the simulation ends at 1800
The segment 1336 is overpopulated at 1427 seconds
Updating segments...
Updating segment velocity...
No geovectoring rules
Updating travel times...
Dynamic segments completed
Calculating the route...
The flight is delayed 120.0 seconds
Calculating the route...
Warning! Drone ends its trajectory at 2095, but the simulation ends at 1800
The segment 1336 is overpopulated at 1487 seconds
Updating segments...
Updating segment velocity...
No geovectoring rules
Updating travel times...
Dynamic segments completed
Calculating the route...
The flight is delayed 180.0 seconds
Calculating the route...
Warning! Drone ends its trajectory at 2155, but the simulation ends at 1800
The segment 1336 is overpopulated at 1547 seconds
Updating segments...
Updating segment velocity...
No geovectoring rules
Updating travel times...
Dynamic segments completed
Calculating the route...
The flight is delayed 240.0 seconds
Calculating the route...
Warning! Drone ends its trajectory at 2215, but the simulation ends at 1800
The segment 1336 is overpopulated at 1607 seconds
Updating segments...
Updating segment velocity...
No geovectoring rules
Updating travel times...
Dynamic segments completed
Calculating the route...
The flight is delayed 300.0 seconds
Calculating the route...
Warning! Drone ends its trajectory at 2275, but the simulation ends at 1800
The segment 1336 is overpopulated at 1667 seconds
Calculating the route...
The segment 1336 is overpopulated at 1516 seconds
Drone BACKGROUND17 needs to be strategically deconflicted
Updating segments...
Updating segment velocity...
No geovectoring rules
Updating travel times...
Dynamic segments completed
Calculating the route...
The segment 1494 is overpopulated at 1767 seconds
Updating segments...
Updating segment velocity...
No geovectoring rules
Updating travel times...
Dynamic segments completed
Calculating the route...
The flight is delayed 60.0 seconds
Calculating the route...
Warning! Drone ends its trajectory at 1851, but the simulation ends at 1800
The segment 1336 is overpopulated at 1576 seconds
Updating segments...
Updating segment velocity...
No geovectoring rules
Updating travel times...
Dynamic segments completed
Calculating the route...
Warning! Drone ends its trajectory at 1851, but the simulation ends at 1800
Creating flight plan of BACKGROUND17...
Calculating the route...
Warning! Drone ends its trajectory at 2011, but the simulation ends at 1800
Creating flight plan of BACKGROUND18...
Calculating the route...
Warning! Drone ends its trajectory at 2443, but the simulation ends at 1800
Creating flight plan of BACKGROUND19...
Calculating the route...
Warning! Drone ends its trajectory at 2107, but the simulation ends at 1800
Creating flight plan of BACKGROUND20...
Calculating the route...
Warning! Drone ends its trajectory at 2704, but the simulation ends at 1800
The segment 1336 is overpopulated at 1799 seconds
Drone BACKGROUND21 needs to be strategically deconflicted
Updating segments...
Updating segment velocity...
No geovectoring rules
Updating travel times...
Dynamic segments completed
Calculating the route...
The flight is delayed 60.0 seconds
Calculating the route...
Warning! Drone ends its trajectory at 2764, but the simulation ends at 1800
Simulation time: 1800.0
Starting the tactical wind field dependency update.
The tactical wind field dependency update DONE.
Starting the strategic traffic dependency update.
The strategic traffic dependency update DONE.
Starting the tactical traffic dependency update.
The tactical traffic dependency update finished.
Starting the concentration of conflict update.
The concentration of conflict update finished.
Segments update completed.
Updating segments...
Updating segment velocity...
No geovectoring rules
Updating travel times...
Dynamic segments completed
1800
SURVEILLANCE_TURKISH
SURVEILLANCE_LUFTHANSA
BACKGROUND4
BACKGROUND14
changed orig [9.674140499999993, 52.41791743333334, 100.00488000000001] for BACKGROUND14
changed dest [9.664134833333321, 52.42138396666667, 37.89401216645538] for BACKGROUND14
Calculating the route...
Warning! Drone ends its trajectory at 1885, but the simulation ends at 1800
Creating flight plan of BACKGROUND14...
BACKGROUND16
changed orig [9.699250400000011, 52.43609549999999, 100.00488000000001] for BACKGROUND16
changed dest [9.705594700000006, 52.44961359999999, 12.379236678975072] for BACKGROUND16
Calculating the route...
Warning! Drone ends its trajectory at 2144, but the simulation ends at 1800
Creating flight plan of BACKGROUND16...
BACKGROUND17
BACKGROUND18
changed orig [9.669260900000012, 52.4321037, 25.001220000000004] for BACKGROUND18
changed dest [9.643590799999998, 52.43847120000001, 76.7666947775637] for BACKGROUND18
Calculating the route...
Warning! Drone ends its trajectory at 2007, but the simulation ends at 1800
Creating flight plan of BACKGROUND18...
BACKGROUND19
changed orig [9.650738933333344, 52.429274066666665, 25.001220000000004] for BACKGROUND19
changed dest [9.682091466666662, 52.46174906666667, 9.067966480442015] for BACKGROUND19
Calculating the route...
Warning! Drone ends its trajectory at 2449, but the simulation ends at 1800
Creating flight plan of BACKGROUND19...
BACKGROUND20
changed orig [9.651610333333338, 52.43216939999999, 75.00366000000001] for BACKGROUND20
changed dest [9.67324640000001, 52.4155021, 71.11248014967273] for BACKGROUND20
Calculating the route...
Warning! Drone ends its trajectory at 2089, but the simulation ends at 1800
Creating flight plan of BACKGROUND20...
    origin_lat  origin_lon  ...  delayed_time            ac
15   52.418489    9.651675  ...          1801  BACKGROUND13

[1 rows x 15 columns]
Calculating the route...
The segment 1300 is overpopulated at 1151 seconds
Drone BACKGROUND13 needs to be strategically deconflicted
Updating segments...
Updating segment velocity...
No geovectoring rules
Updating travel times...
Dynamic segments completed
Calculating the route...
The flight is delayed 60.0 seconds
Calculating the route...
The segment 1300 is overpopulated at 1211 seconds
Updating segments...
Updating segment velocity...
No geovectoring rules
Updating travel times...
Dynamic segments completed
Calculating the route...
The flight is delayed 120.0 seconds
Calculating the route...
The segment 1300 is overpopulated at 1271 seconds
Updating segments...
Updating segment velocity...
No geovectoring rules
Updating travel times...
Dynamic segments completed
Calculating the route...
The flight is delayed 180.0 seconds
Calculating the route...
Warning! Drone ends its trajectory at 1824, but the simulation ends at 1800
The segment 1300 is overpopulated at 1331 seconds
Updating segments...
Updating segment velocity...
No geovectoring rules
Updating travel times...
Dynamic segments completed
Calculating the route...
The flight is delayed 240.0 seconds
Calculating the route...
Warning! Drone ends its trajectory at 1884, but the simulation ends at 1800
The segment 1300 is overpopulated at 1391 seconds
Updating segments...
Updating segment velocity...
No geovectoring rules
Updating travel times...
Dynamic segments completed
Calculating the route...
The flight is delayed 300.0 seconds
Calculating the route...
Warning! Drone ends its trajectory at 1944, but the simulation ends at 1800
The segment 1300 is overpopulated at 1451 seconds
    origin_lat  origin_lon  ...  delayed_time            ac
18    52.46055    9.713754  ...          1801  BACKGROUND15

[1 rows x 15 columns]
Calculating the route...
Warning! Drone ends its trajectory at 1966, but the simulation ends at 1800
The segment 1336 is overpopulated at 1367 seconds
Drone BACKGROUND15 needs to be strategically deconflicted
Updating segments...
Updating segment velocity...
No geovectoring rules
Updating travel times...
Dynamic segments completed
Calculating the route...
The flight is delayed 60.0 seconds
Calculating the route...
Warning! Drone ends its trajectory at 2026, but the simulation ends at 1800
The segment 1336 is overpopulated at 1427 seconds
Updating segments...
Updating segment velocity...
No geovectoring rules
Updating travel times...
Dynamic segments completed
Calculating the route...
The flight is delayed 120.0 seconds
Calculating the route...
Warning! Drone ends its trajectory at 2086, but the simulation ends at 1800
The segment 1336 is overpopulated at 1487 seconds
Updating segments...
Updating segment velocity...
No geovectoring rules
Updating travel times...
Dynamic segments completed
Calculating the route...
The flight is delayed 180.0 seconds
Calculating the route...
Warning! Drone ends its trajectory at 2146, but the simulation ends at 1800
The segment 1336 is overpopulated at 1547 seconds
Updating segments...
Updating segment velocity...
No geovectoring rules
Updating travel times...
Dynamic segments completed
Calculating the route...
The flight is delayed 240.0 seconds
Calculating the route...
Warning! Drone ends its trajectory at 2206, but the simulation ends at 1800
The segment 1336 is overpopulated at 1607 seconds
Updating segments...
Updating segment velocity...
No geovectoring rules
Updating travel times...
Dynamic segments completed
Calculating the route...
The flight is delayed 300.0 seconds
Calculating the route...
Warning! Drone ends its trajectory at 2266, but the simulation ends at 1800
The segment 1336 is overpopulated at 1667 seconds
    origin_lat  origin_lon  ...  delayed_time            ac
24   52.461963    9.710417  ...   1858.411343  BACKGROUND21

[1 rows x 15 columns]
Calculating the route...
Warning! Drone ends its trajectory at 2712, but the simulation ends at 1800
The segment 1336 is overpopulated at 1799 seconds
Drone BACKGROUND21 needs to be strategically deconflicted
Updating segments...
Updating segment velocity...
No geovectoring rules
Updating travel times...
Dynamic segments completed
Calculating the route...
The flight is delayed 60.0 seconds
Calculating the route...
Warning! Drone ends its trajectory at 2772, but the simulation ends at 1800
Loading global navigation database...
Reading cache: data/cache/py3/navdata.p
BlueSky normal end.
Using Python-based geo functions
Reading config from settings.cfg
Reading magnetic variation data
Loading global navigation database...
Reading cache: data/cache/py3/navdata.p
   *****   BlueSky Open ATM simulator *****
Distributed under GNU General Public License v3
Accepting event connections on port 11000, and stream connections on port 11001
Discovery is disabled
Loading palette bluesky-default
Found Qt-provided OpenGL functions for OpenGL (4, 1) Core
Using Qt 5.15.2 for windows and widgets
Reading cache: data/cache/py3/console_history.p
Reading cache: data/cache/py3/coastlines.p
Maximum supported texture size: 16384
Loading texture data/graphics/world.16384x8192.dds
Reading cache: data/cache/py3/aptsurface.p
Client b'\x00\x0c>\xf0\xf3' connected to host b'\x00tez\xfa'
Writing cache: data/cache/py3/console_history.p
BlueSky normal end.
