# LOSS OF SEPARATION LOG
# Start and end of all loss of separation
# 
# Simulation Time [s], UAS1, UAS2, Start/End
# simt
278.00000000,BACKGROUND5,BACKGROUND7,start
286.00000000,BACKGROUND5,BACKGROUND7,end
505.00000000,BACKGROUND10,DELIVERY1,start
508.00000000,BACKGROUND10,DELIVERY1,end
555.00000000,BACKGROUND16,DELIVERY1,start
557.00000000,BACKGROUND16,DELIVERY1,end
558.00000000,BACKGROUND17,BACKGROUND25,start
562.00000000,BACKGROUND17,BACKGROUND25,end
631.00000000,BACKGROUND3,DELIVERY2,start
637.00000000,BACKGROUND3,DELIVERY2,end
718.00000000,BACKGROUND17,BACKGROUND30,start
719.00000000,BACKGROUND17,BACKGROUND30,end
726.00000000,BACKGROUND21,BACKGROUND30,start
728.00000000,BACKGROUND21,BACKGROUND30,end
790.00000000,BACKGROUND17,BACKGROUND27,start
797.00000000,BACKGROUND21,BACKGROUND27,start
798.00000000,BACKGROUND17,BACKGROUND21,start
802.00000000,BACKGROUND21,BACKGROUND27,end
803.00000000,BACKGROUND17,BACKGROUND27,end
804.00000000,BACKGROUND17,BACKGROUND21,end
847.00000000,BACKGROUND13,BACKGROUND24,start
860.00000000,BACKGROUND13,BACKGROUND24,end
867.00000000,BACKGROUND30,BACKGROUND36,start
869.00000000,BACKGROUND30,BACKGROUND36,end
918.00000000,DELIVERY2,DELIVERY5,start
921.00000000,DELIVERY2,DELIVERY5,end
971.00000000,BACKGROUND36,DELIVERY4,start
973.00000000,BACKGROUND36,DELIVERY4,end
991.00000000,DELIVERY3,DELIVERY6,start
993.00000000,DELIVERY3,DELIVERY6,end
996.00000000,BACKGROUND22,BACKGROUND32,start
1006.00000000,BACKGROUND22,BACKGROUND32,end
1169.00000000,BACKGROUND44,BACKGROUND48,start
1171.00000000,BACKGROUND44,BACKGROUND48,end
1198.00000000,BACKGROUND41,DELIVERY5,start
1201.00000000,BACKGROUND41,DELIVERY5,end
1218.00000000,DELIVERY5,DELIVERY9,start
1221.00000000,DELIVERY5,DELIVERY9,end
1289.00000000,BACKGROUND40,BACKGROUND45,start
1291.00000000,DELIVERY6,DELIVERY7,start
1293.00000000,DELIVERY6,DELIVERY7,end
1295.00000000,BACKGROUND40,BACKGROUND45,end
1322.00000000,DELIVERY4,DELIVERY9,start
1324.00000000,DELIVERY4,DELIVERY9,end
1346.00000000,BACKGROUND41,DELIVERY7,start
1350.00000000,BACKGROUND41,DELIVERY7,end
1362.00000000,BACKGROUND40,BACKGROUND54,start
1373.00000000,BACKGROUND40,BACKGROUND54,end
1386.00000000,BACKGROUND55,DELIVERY8,start
1388.00000000,BACKGROUND55,DELIVERY8,end
1402.00000000,BACKGROUND33,BACKGROUND58,start
1405.00000000,BACKGROUND33,BACKGROUND58,end
1430.00000000,BACKGROUND54,BACKGROUND56,start
1432.00000000,BACKGROUND54,BACKGROUND56,end
1433.00000000,BACKGROUND63,DELIVERY8,start
1435.00000000,BACKGROUND63,DELIVERY8,end
1464.00000000,BACKGROUND43,BACKGROUND65,start
1467.00000000,BACKGROUND43,BACKGROUND65,end
1496.00000000,BACKGROUND54,DELIVERY4,start
1501.00000000,BACKGROUND54,DELIVERY4,end
1518.00000000,DELIVERY11,DELIVERY9,start
1521.00000000,DELIVERY11,DELIVERY9,end
1541.00000000,BACKGROUND52,DELIVERY11,start
1544.00000000,BACKGROUND52,DELIVERY11,end
1591.00000000,DELIVERY12,DELIVERY7,start
1593.00000000,DELIVERY12,DELIVERY7,end
1607.00000000,BACKGROUND56,BACKGROUND64,start
1612.00000000,BACKGROUND56,BACKGROUND64,end
1622.00000000,DELIVERY11,DELIVERY8,start
1624.00000000,DELIVERY11,DELIVERY8,end
1803.00000000,BACKGROUND69,BACKGROUND84,start
1807.00000000,BACKGROUND69,BACKGROUND84,end
1818.00000000,DELIVERY11,DELIVERY13,start
1821.00000000,DELIVERY11,DELIVERY13,end
1891.00000000,DELIVERY12,DELIVERY15,start
1891.00000000,BACKGROUND73,BACKGROUND79,start
1893.00000000,DELIVERY12,DELIVERY15,end
1912.00000000,BACKGROUND73,BACKGROUND79,end
1913.00000000,BACKGROUND73,BACKGROUND79,start
1921.00000000,BACKGROUND73,BACKGROUND79,end
1922.00000000,DELIVERY10,DELIVERY13,start
1924.00000000,DELIVERY10,DELIVERY13,end
2065.00000000,BACKGROUND97,DELIVERY10,start
2067.00000000,BACKGROUND97,DELIVERY10,end
2118.00000000,DELIVERY13,DELIVERY16,start
2121.00000000,DELIVERY13,DELIVERY16,end
2144.00000000,BACKGROUND103,BACKGROUND79,start
2146.00000000,BACKGROUND103,BACKGROUND79,end
2191.00000000,DELIVERY15,DELIVERY17,start
2193.00000000,DELIVERY15,DELIVERY17,end
2207.00000000,BACKGROUND104,BACKGROUND86,start
2209.00000000,BACKGROUND104,BACKGROUND86,end
2222.00000000,DELIVERY14,DELIVERY16,start
2224.00000000,DELIVERY14,DELIVERY16,end
2343.00000000,BACKGROUND103,BACKGROUND92,start
2346.00000000,BACKGROUND103,BACKGROUND92,end
2418.00000000,DELIVERY16,DELIVERY20,start
2421.00000000,DELIVERY16,DELIVERY20,end
2491.00000000,DELIVERY17,DELIVERY21,start
2493.00000000,DELIVERY17,DELIVERY21,end
2494.00000000,BACKGROUND102,BACKGROUND109,start
2499.00000000,BACKGROUND102,BACKGROUND109,end
2522.00000000,DELIVERY18,DELIVERY20,start
2524.00000000,DELIVERY18,DELIVERY20,end
2526.00000000,BACKGROUND109,BACKGROUND115,start
2528.00000000,BACKGROUND109,BACKGROUND115,end
2535.00000000,BACKGROUND109,BACKGROUND113,start
2538.00000000,BACKGROUND109,BACKGROUND113,end
2540.00000000,BACKGROUND102,BACKGROUND115,start
2543.00000000,BACKGROUND102,BACKGROUND115,end
2545.00000000,BACKGROUND102,BACKGROUND113,start
2547.00000000,BACKGROUND102,BACKGROUND113,end
2579.00000000,BACKGROUND115,DELIVERY18,start
2583.00000000,BACKGROUND115,DELIVERY18,end
2584.00000000,BACKGROUND113,DELIVERY18,start
2587.00000000,BACKGROUND113,DELIVERY18,end
2595.00000000,BACKGROUND102,DELIVERY19,start
2597.00000000,BACKGROUND102,DELIVERY19,end
2620.00000000,BACKGROUND119,DELIVERY19,start
2624.00000000,BACKGROUND119,DELIVERY19,end
2628.00000000,BACKGROUND121,DELIVERY20,start
2632.00000000,BACKGROUND121,DELIVERY20,end
2657.00000000,BACKGROUND113,BACKGROUND115,start
2661.00000000,BACKGROUND113,BACKGROUND115,end
2663.00000000,BACKGROUND131,BACKGROUND99,start
2664.00000000,BACKGROUND131,BACKGROUND99,end
2680.00000000,BACKGROUND106,BACKGROUND115,start
2690.00000000,BACKGROUND106,BACKGROUND115,end
2706.00000000,BACKGROUND102,DELIVERY18,start
2717.00000000,BACKGROUND102,DELIVERY18,end
2718.00000000,DELIVERY20,DELIVERY23,start
2721.00000000,DELIVERY20,DELIVERY23,end
2791.00000000,DELIVERY21,DELIVERY24,start
2793.00000000,DELIVERY21,DELIVERY24,end
2797.00000000,BACKGROUND125,BACKGROUND139,start
2800.00000000,BACKGROUND125,BACKGROUND139,end
2822.00000000,DELIVERY19,DELIVERY23,start
2824.00000000,DELIVERY19,DELIVERY23,end
2826.00000000,BACKGROUND115,BACKGROUND132,start
2842.00000000,BACKGROUND115,BACKGROUND132,end
2851.00000000,BACKGROUND133,BACKGROUND92,start
2854.00000000,BACKGROUND133,BACKGROUND92,end
2857.00000000,BACKGROUND136,BACKGROUND137,start
2859.00000000,BACKGROUND136,BACKGROUND137,end
2949.00000000,BACKGROUND141,BACKGROUND142,start
2952.00000000,BACKGROUND141,BACKGROUND142,end
2974.00000000,BACKGROUND106,DELIVERY19,start
2976.00000000,BACKGROUND133,BACKGROUND142,start
2979.00000000,BACKGROUND133,BACKGROUND142,end
2983.00000000,BACKGROUND106,DELIVERY19,end
3018.00000000,DELIVERY23,DELIVERY27,start
3021.00000000,DELIVERY23,DELIVERY27,end
3023.00000000,BACKGROUND139,DELIVERY25,start
3025.00000000,BACKGROUND139,DELIVERY25,end
3055.00000000,BACKGROUND146,BACKGROUND152,start
3058.00000000,BACKGROUND146,BACKGROUND152,end
3091.00000000,DELIVERY24,DELIVERY25,start
3093.00000000,DELIVERY24,DELIVERY25,end
3098.00000000,BACKGROUND132,BACKGROUND152,start
3100.00000000,BACKGROUND132,BACKGROUND152,end
3101.00000000,BACKGROUND130,BACKGROUND140,start
3107.00000000,BACKGROUND130,BACKGROUND140,end
3122.00000000,DELIVERY22,DELIVERY27,start
3124.00000000,DELIVERY22,DELIVERY27,end
3134.00000000,BACKGROUND138,BACKGROUND154,start
3139.00000000,BACKGROUND138,BACKGROUND154,end
3156.00000000,BACKGROUND140,BACKGROUND148,start
3169.00000000,BACKGROUND140,BACKGROUND148,end
3191.00000000,BACKGROUND154,DELIVERY26,start
3192.00000000,BACKGROUND154,DELIVERY26,end
3262.00000000,BACKGROUND138,DELIVERY22,start
3266.00000000,BACKGROUND138,DELIVERY22,end
3294.00000000,BACKGROUND132,DELIVERY22,start
3299.00000000,BACKGROUND132,DELIVERY22,end
3318.00000000,DELIVERY27,DELIVERY29,start
3319.00000000,BACKGROUND144,BACKGROUND167,start
3321.00000000,DELIVERY27,DELIVERY29,end
3323.00000000,BACKGROUND144,BACKGROUND167,end
3391.00000000,DELIVERY25,DELIVERY30,start
3393.00000000,DELIVERY25,DELIVERY30,end
3422.00000000,DELIVERY26,DELIVERY29,start
3424.00000000,DELIVERY26,DELIVERY29,end
3429.00000000,BACKGROUND157,BACKGROUND172,start
3431.00000000,BACKGROUND157,DELIVERY26,start
3432.00000000,BACKGROUND159,BACKGROUND169,start
3432.00000000,BACKGROUND172,DELIVERY26,start
3433.00000000,BACKGROUND157,BACKGROUND172,end
3434.00000000,BACKGROUND159,BACKGROUND169,end
3434.00000000,BACKGROUND157,DELIVERY26,end
3436.00000000,BACKGROUND172,DELIVERY26,end
3467.00000000,BACKGROUND145,BACKGROUND175,start
3471.00000000,BACKGROUND145,BACKGROUND175,end
3516.00000000,BACKGROUND169,BACKGROUND173,start
3518.00000000,BACKGROUND169,BACKGROUND173,end
3588.00000000,BACKGROUND174,BACKGROUND175,start
3592.00000000,BACKGROUND174,BACKGROUND175,end
