# CONFLICTS LOG
# Start and end of all conflicts
# 
# Simulation Time [s], UAS1, UAS2, Start/End
# simt
262.00000000,BACKGROUND5,BACKGROUND7,start
265.00000000,BACKGROUND5,BACKGROUND7,end
269.00000000,BACKGROUND5,BACKGROUND7,start
286.00000000,BACKGROUND5,BACKGROUND7,end
424.00000000,BACKGROUND9,DELIVERY1,start
430.00000000,BACKGROUND9,DELIVERY1,end
502.00000000,BACKGROUND10,DELIVERY1,start
508.00000000,BACKGROUND10,DELIVERY1,end
545.00000000,BACKGROUND16,DELIVERY1,start
555.00000000,BACKGROUND17,BACKGROUND25,start
557.00000000,BACKGROUND16,DELIVERY1,end
562.00000000,BACKGROUND17,BACKGROUND25,end
620.00000000,BACKGROUND3,DELIVERY2,start
634.00000000,BACKGROUND29,BACKGROUND9,start
635.00000000,BACKGROUND29,BACKGROUND9,end
637.00000000,BACKGROUND3,DELIVERY2,end
710.00000000,BACKGROUND17,BACKGROUND30,start
714.00000000,BACKGROUND21,BACKGROUND30,start
714.00000000,BACKGROUND17,BACKGROUND30,end
715.00000000,BACKGROUND21,BACKGROUND30,end
716.00000000,BACKGROUND17,BACKGROUND30,start
717.00000000,BACKGROUND21,BACKGROUND30,start
718.00000000,BACKGROUND21,BACKGROUND30,end
719.00000000,BACKGROUND17,BACKGROUND30,end
720.00000000,BACKGROUND21,BACKGROUND30,start
728.00000000,BACKGROUND21,BACKGROUND30,end
783.00000000,BACKGROUND17,BACKGROUND27,start
787.00000000,BACKGROUND21,BACKGROUND27,start
789.00000000,BACKGROUND21,BACKGROUND27,end
791.00000000,BACKGROUND21,BACKGROUND27,start
792.00000000,BACKGROUND17,BACKGROUND21,start
802.00000000,BACKGROUND21,BACKGROUND27,end
803.00000000,BACKGROUND17,BACKGROUND27,end
804.00000000,BACKGROUND17,BACKGROUND21,end
810.00000000,DELIVERY2,DELIVERY3,start
811.00000000,DELIVERY2,DELIVERY3,end
839.00000000,BACKGROUND13,BACKGROUND24,start
860.00000000,BACKGROUND13,BACKGROUND24,end
861.00000000,BACKGROUND30,BACKGROUND36,start
869.00000000,BACKGROUND30,BACKGROUND36,end
912.00000000,DELIVERY2,DELIVERY5,start
921.00000000,DELIVERY2,DELIVERY5,end
968.00000000,BACKGROUND36,DELIVERY4,start
973.00000000,BACKGROUND36,DELIVERY4,end
984.00000000,DELIVERY3,DELIVERY6,start
986.00000000,BACKGROUND22,BACKGROUND32,start
993.00000000,DELIVERY3,DELIVERY6,end
1006.00000000,BACKGROUND22,BACKGROUND32,end
1053.00000000,BACKGROUND44,BACKGROUND47,start
1054.00000000,BACKGROUND44,BACKGROUND47,end
1110.00000000,DELIVERY5,DELIVERY6,start
1111.00000000,DELIVERY5,DELIVERY6,end
1159.00000000,BACKGROUND44,BACKGROUND48,start
1171.00000000,BACKGROUND44,BACKGROUND48,end
1191.00000000,BACKGROUND41,DELIVERY5,start
1201.00000000,BACKGROUND41,DELIVERY5,end
1212.00000000,DELIVERY5,DELIVERY9,start
1221.00000000,DELIVERY5,DELIVERY9,end
1279.00000000,BACKGROUND40,BACKGROUND45,start
1284.00000000,DELIVERY6,DELIVERY7,start
1293.00000000,DELIVERY6,DELIVERY7,end
1295.00000000,BACKGROUND40,BACKGROUND45,end
1313.00000000,DELIVERY4,DELIVERY9,start
1324.00000000,DELIVERY4,DELIVERY9,end
1341.00000000,BACKGROUND41,DELIVERY7,start
1350.00000000,BACKGROUND41,DELIVERY7,end
1354.00000000,BACKGROUND40,BACKGROUND54,start
1373.00000000,BACKGROUND40,BACKGROUND54,end
1376.00000000,BACKGROUND55,DELIVERY8,start
1388.00000000,BACKGROUND55,DELIVERY8,end
1391.00000000,BACKGROUND33,BACKGROUND58,start
1405.00000000,BACKGROUND33,BACKGROUND58,end
1410.00000000,DELIVERY7,DELIVERY9,start
1411.00000000,DELIVERY7,DELIVERY9,end
1422.00000000,BACKGROUND54,BACKGROUND56,start
1426.00000000,BACKGROUND63,DELIVERY8,start
1432.00000000,BACKGROUND54,BACKGROUND56,end
1435.00000000,BACKGROUND63,DELIVERY8,end
1456.00000000,BACKGROUND43,BACKGROUND65,start
1467.00000000,BACKGROUND43,BACKGROUND65,end
1486.00000000,BACKGROUND54,DELIVERY4,start
1501.00000000,BACKGROUND54,DELIVERY4,end
1512.00000000,DELIVERY11,DELIVERY9,start
1521.00000000,DELIVERY11,DELIVERY9,end
1534.00000000,BACKGROUND52,DELIVERY11,start
1544.00000000,BACKGROUND52,DELIVERY11,end
1584.00000000,DELIVERY12,DELIVERY7,start
1593.00000000,DELIVERY12,DELIVERY7,end
1597.00000000,BACKGROUND56,BACKGROUND64,start
1612.00000000,BACKGROUND56,BACKGROUND64,end
1613.00000000,DELIVERY11,DELIVERY8,start
1624.00000000,DELIVERY11,DELIVERY8,end
1710.00000000,DELIVERY11,DELIVERY12,start
1711.00000000,DELIVERY11,DELIVERY12,end
1793.00000000,BACKGROUND69,BACKGROUND84,start
1807.00000000,BACKGROUND69,BACKGROUND84,end
1812.00000000,DELIVERY11,DELIVERY13,start
1821.00000000,DELIVERY11,DELIVERY13,end
1884.00000000,DELIVERY12,DELIVERY15,start
1884.00000000,BACKGROUND73,BACKGROUND79,start
1893.00000000,DELIVERY12,DELIVERY15,end
1912.00000000,BACKGROUND73,BACKGROUND79,end
1913.00000000,DELIVERY10,DELIVERY13,start
1913.00000000,BACKGROUND73,BACKGROUND79,start
1921.00000000,BACKGROUND73,BACKGROUND79,end
1924.00000000,DELIVERY10,DELIVERY13,end
2010.00000000,DELIVERY13,DELIVERY15,start
2011.00000000,DELIVERY13,DELIVERY15,end
2057.00000000,BACKGROUND97,DELIVERY10,start
2067.00000000,BACKGROUND97,DELIVERY10,end
2112.00000000,DELIVERY13,DELIVERY16,start
2121.00000000,DELIVERY13,DELIVERY16,end
2135.00000000,BACKGROUND103,BACKGROUND79,start
2146.00000000,BACKGROUND103,BACKGROUND79,end
2184.00000000,DELIVERY15,DELIVERY17,start
2193.00000000,DELIVERY15,DELIVERY17,end
2197.00000000,BACKGROUND104,BACKGROUND86,start
2208.00000000,BACKGROUND87,DELIVERY18,start
2209.00000000,BACKGROUND104,BACKGROUND86,end
2213.00000000,DELIVERY14,DELIVERY16,start
2222.00000000,BACKGROUND87,DELIVERY18,end
2224.00000000,DELIVERY14,DELIVERY16,end
2310.00000000,DELIVERY16,DELIVERY17,start
2311.00000000,DELIVERY16,DELIVERY17,end
2337.00000000,BACKGROUND103,BACKGROUND92,start
2346.00000000,BACKGROUND103,BACKGROUND92,end
2412.00000000,DELIVERY16,DELIVERY20,start
2421.00000000,DELIVERY16,DELIVERY20,end
2484.00000000,BACKGROUND102,BACKGROUND109,start
2484.00000000,DELIVERY17,DELIVERY21,start
2493.00000000,DELIVERY17,DELIVERY21,end
2499.00000000,BACKGROUND102,BACKGROUND109,end
2513.00000000,DELIVERY18,DELIVERY20,start
2520.00000000,BACKGROUND109,BACKGROUND115,start
2524.00000000,DELIVERY18,DELIVERY20,end
2525.00000000,BACKGROUND109,BACKGROUND113,start
2528.00000000,BACKGROUND109,BACKGROUND115,end
2533.00000000,BACKGROUND102,BACKGROUND115,start
2537.00000000,BACKGROUND102,BACKGROUND113,start
2538.00000000,BACKGROUND109,BACKGROUND113,end
2543.00000000,BACKGROUND102,BACKGROUND115,end
2545.00000000,BACKGROUND113,BACKGROUND115,start
2547.00000000,BACKGROUND113,BACKGROUND115,end
2547.00000000,BACKGROUND102,BACKGROUND113,end
2564.00000000,BACKGROUND112,DELIVERY19,start
2565.00000000,BACKGROUND115,DELIVERY18,start
2565.00000000,BACKGROUND112,DELIVERY19,end
2575.00000000,BACKGROUND113,DELIVERY18,start
2577.00000000,BACKGROUND102,BACKGROUND109,start
2578.00000000,BACKGROUND102,BACKGROUND109,end
2579.00000000,BACKGROUND113,BACKGROUND115,start
2583.00000000,BACKGROUND115,DELIVERY18,end
2584.00000000,BACKGROUND113,BACKGROUND115,end
2585.00000000,BACKGROUND102,DELIVERY19,start
2587.00000000,BACKGROUND113,DELIVERY18,end
2597.00000000,BACKGROUND102,DELIVERY19,end
2610.00000000,DELIVERY20,DELIVERY21,start
2611.00000000,DELIVERY20,DELIVERY21,end
2617.00000000,BACKGROUND119,DELIVERY19,start
2622.00000000,BACKGROUND121,DELIVERY20,start
2624.00000000,BACKGROUND119,DELIVERY19,end
2625.00000000,BACKGROUND113,BACKGROUND115,start
2632.00000000,BACKGROUND121,DELIVERY20,end
2633.00000000,BACKGROUND109,DELIVERY18,start
2634.00000000,BACKGROUND113,BACKGROUND115,end
2634.00000000,BACKGROUND109,DELIVERY18,end
2651.00000000,BACKGROUND113,BACKGROUND115,start
2657.00000000,BACKGROUND131,BACKGROUND99,start
2661.00000000,BACKGROUND113,BACKGROUND115,end
2664.00000000,BACKGROUND131,BACKGROUND99,end
2670.00000000,BACKGROUND117,BACKGROUND119,start
2670.00000000,BACKGROUND106,BACKGROUND115,start
2678.00000000,BACKGROUND117,BACKGROUND119,end
2690.00000000,BACKGROUND106,BACKGROUND115,end
2696.00000000,BACKGROUND102,DELIVERY18,start
2712.00000000,DELIVERY20,DELIVERY23,start
2713.00000000,BACKGROUND106,DELIVERY21,start
2715.00000000,BACKGROUND106,DELIVERY21,end
2717.00000000,BACKGROUND102,DELIVERY18,end
2721.00000000,DELIVERY20,DELIVERY23,end
2784.00000000,DELIVERY21,DELIVERY24,start
2790.00000000,BACKGROUND125,BACKGROUND139,start
2793.00000000,DELIVERY21,DELIVERY24,end
2800.00000000,BACKGROUND125,BACKGROUND139,end
2813.00000000,DELIVERY19,DELIVERY23,start
2817.00000000,BACKGROUND115,BACKGROUND132,start
2824.00000000,DELIVERY19,DELIVERY23,end
2842.00000000,BACKGROUND115,BACKGROUND132,end
2846.00000000,BACKGROUND133,BACKGROUND92,start
2848.00000000,BACKGROUND136,BACKGROUND137,start
2854.00000000,BACKGROUND133,BACKGROUND92,end
2859.00000000,BACKGROUND136,BACKGROUND137,end
2877.00000000,BACKGROUND136,BACKGROUND137,start
2880.00000000,BACKGROUND136,BACKGROUND137,end
2910.00000000,DELIVERY23,DELIVERY24,start
2911.00000000,DELIVERY23,DELIVERY24,end
2918.00000000,BACKGROUND136,BACKGROUND137,start
2923.00000000,BACKGROUND136,BACKGROUND137,end
2927.00000000,BACKGROUND106,DELIVERY19,start
2929.00000000,BACKGROUND106,DELIVERY19,end
2936.00000000,BACKGROUND136,BACKGROUND137,start
2940.00000000,BACKGROUND136,BACKGROUND137,end
2943.00000000,BACKGROUND141,BACKGROUND142,start
2952.00000000,BACKGROUND141,BACKGROUND142,end
2958.00000000,BACKGROUND117,BACKGROUND126,start
2959.00000000,BACKGROUND117,BACKGROUND126,end
2963.00000000,BACKGROUND136,BACKGROUND137,start
2964.00000000,BACKGROUND106,DELIVERY19,start
2965.00000000,BACKGROUND133,BACKGROUND142,start
2966.00000000,BACKGROUND136,BACKGROUND137,end
2979.00000000,BACKGROUND133,BACKGROUND142,end
2983.00000000,BACKGROUND106,DELIVERY19,end
3012.00000000,DELIVERY23,DELIVERY27,start
3013.00000000,BACKGROUND132,DELIVERY24,start
3014.00000000,BACKGROUND139,DELIVERY25,start
3015.00000000,BACKGROUND132,DELIVERY24,end
3021.00000000,DELIVERY23,DELIVERY27,end
3025.00000000,BACKGROUND139,DELIVERY25,end
3050.00000000,BACKGROUND146,BACKGROUND152,start
3058.00000000,BACKGROUND146,BACKGROUND152,end
3084.00000000,DELIVERY24,DELIVERY25,start
3087.00000000,BACKGROUND132,BACKGROUND152,start
3092.00000000,BACKGROUND130,BACKGROUND140,start
3093.00000000,DELIVERY24,DELIVERY25,end
3100.00000000,BACKGROUND132,BACKGROUND152,end
3107.00000000,BACKGROUND130,BACKGROUND140,end
3113.00000000,DELIVERY22,DELIVERY27,start
3124.00000000,DELIVERY22,DELIVERY27,end
3126.00000000,BACKGROUND138,BACKGROUND154,start
3139.00000000,BACKGROUND138,BACKGROUND154,end
3150.00000000,BACKGROUND140,BACKGROUND148,start
3169.00000000,BACKGROUND140,BACKGROUND148,end
3189.00000000,BACKGROUND154,DELIVERY26,start
3192.00000000,BACKGROUND154,DELIVERY26,end
3210.00000000,DELIVERY25,DELIVERY27,start
3211.00000000,DELIVERY25,DELIVERY27,end
3226.00000000,BACKGROUND132,DELIVERY22,start
3230.00000000,BACKGROUND132,DELIVERY22,end
3259.00000000,BACKGROUND138,DELIVERY22,start
3266.00000000,BACKGROUND138,DELIVERY22,end
3269.00000000,BACKGROUND152,BACKGROUND156,start
3272.00000000,BACKGROUND152,BACKGROUND156,end
3284.00000000,BACKGROUND132,DELIVERY22,start
3299.00000000,BACKGROUND132,DELIVERY22,end
3312.00000000,DELIVERY27,DELIVERY29,start
3317.00000000,BACKGROUND144,BACKGROUND167,start
3321.00000000,DELIVERY27,DELIVERY29,end
3323.00000000,BACKGROUND144,BACKGROUND167,end
3384.00000000,DELIVERY25,DELIVERY30,start
3393.00000000,DELIVERY25,DELIVERY30,end
3413.00000000,DELIVERY26,DELIVERY29,start
3419.00000000,BACKGROUND157,BACKGROUND172,start
3422.00000000,BACKGROUND157,DELIVERY26,start
3422.00000000,BACKGROUND172,DELIVERY26,start
3423.00000000,BACKGROUND159,BACKGROUND169,start
3423.00000000,BACKGROUND157,DELIVERY26,end
3423.00000000,BACKGROUND172,DELIVERY26,end
3424.00000000,DELIVERY26,DELIVERY29,end
3428.00000000,BACKGROUND157,DELIVERY26,start
3428.00000000,BACKGROUND172,DELIVERY26,start
3433.00000000,BACKGROUND157,BACKGROUND172,end
3434.00000000,BACKGROUND159,BACKGROUND169,end
3434.00000000,BACKGROUND157,DELIVERY26,end
3436.00000000,BACKGROUND172,DELIVERY26,end
3457.00000000,BACKGROUND145,BACKGROUND175,start
3471.00000000,BACKGROUND145,BACKGROUND175,end
3506.00000000,BACKGROUND169,BACKGROUND173,start
3510.00000000,DELIVERY29,DELIVERY30,start
3511.00000000,DELIVERY29,DELIVERY30,end
3518.00000000,BACKGROUND169,BACKGROUND173,end
3583.00000000,BACKGROUND174,BACKGROUND175,start
3592.00000000,BACKGROUND174,BACKGROUND175,end
