# FLIGHT LOG
# Takeoff, landing, and distance flown of each UAS.
# 
# Simulation Time [s], UAS, Takeoff/Landing, Distance [m]
# simt
8.05000000,BACKGROUND1,takeoff,0
15.05000000,BACKGROUND2,takeoff,0
22.05000000,BACKGROUND3,takeoff,0
29.05000000,BACKGROUND4,takeoff,0
36.05000000,BACKGROUND5,takeoff,0
44.05000000,BACKGROUND6,takeoff,0
51.05000000,BACKGROUND7,takeoff,0
58.05000000,BACKGROUND8,takeoff,0
60.05000000,SURVEILLANCE_TURKISH,takeoff,0
65.05000000,BACKGROUND9,takeoff,0
72.05000000,BACKGROUND10,takeoff,0
87.05000000,BACKGROUND12,takeoff,0
94.05000000,BACKGROUND13,takeoff,0
101.05000000,BACKGROUND14,takeoff,0
116.05000000,BACKGROUND16,takeoff,0
123.05000000,BACKGROUND17,takeoff,0
130.05000000,BACKGROUND18,takeoff,0
137.05000000,BACKGROUND19,takeoff,0
140.05000000,BACKGROUND11,takeoff,0
144.05000000,BACKGROUND20,takeoff,0
159.05000000,BACKGROUND22,takeoff,0
166.05000000,BACKGROUND23,takeoff,0
168.05000000,BACKGROUND15,takeoff,0
173.05000000,BACKGROUND24,takeoff,0
180.05000000,BACKGROUND25,takeoff,0
180.05000000,SURVEILLANCE_LUFTHANSA,takeoff,0
181.05000000,SURVEILLANCEOP1,takeoff,0
181.05000000,SURVEILLANCEOP2,takeoff,0
181.05000000,SURVEILLANCEOP3,takeoff,0
188.05000000,BACKGROUND26,takeoff,0
195.05000000,BACKGROUND27,takeoff,0
210.65000000,BACKGROUND4,landing,2371.90540830
212.05000000,BACKGROUND21,takeoff,0
224.05000000,BACKGROUND30,takeoff,0
231.05000000,BACKGROUND31,takeoff,0
237.60000000,BACKGROUND1,landing,3362.06718818
238.05000000,BACKGROUND32,takeoff,0
240.05000000,SURVEILLANCE_EUROWINGS,takeoff,0
241.05000000,SURVEILLANCEOP4,takeoff,0
245.05000000,BACKGROUND33,takeoff,0
247.15000000,BACKGROUND2,landing,3502.38875167
252.05000000,BACKGROUND34,takeoff,0
259.05000000,BACKGROUND35,takeoff,0
262.05000000,BACKGROUND28,takeoff,0
263.45000000,BACKGROUND10,landing,1747.15612819
274.05000000,BACKGROUND36,takeoff,0
276.40000000,BACKGROUND7,landing,3124.09077039
281.05000000,BACKGROUND37,takeoff,0
288.05000000,BACKGROUND38,takeoff,0
295.05000000,BACKGROUND39,takeoff,0
300.05000000,BACKGROUND29,takeoff,0
301.15000000,BACKGROUND34,landing,552.84782173
301.15000000,BACKGROUND34,takeoff,0
301.70000000,BACKGROUND32,landing,334.55523248
301.70000000,BACKGROUND32,takeoff,0
301.75000000,BACKGROUND14,landing,3942.41003694
301.75000000,BACKGROUND14,takeoff,0
302.35000000,BACKGROUND12,landing,3628.10836988
302.35000000,BACKGROUND12,takeoff,0
302.70000000,BACKGROUND3,landing,1744.74452495
302.70000000,BACKGROUND3,takeoff,0
303.05000000,BACKGROUND30,landing,1242.32815896
303.05000000,BACKGROUND30,takeoff,0
303.10000000,BACKGROUND19,landing,2880.67416309
303.10000000,BACKGROUND19,takeoff,0
303.90000000,BACKGROUND25,landing,2020.64441216
303.90000000,BACKGROUND25,takeoff,0
304.10000000,BACKGROUND15,landing,2751.21239269
304.10000000,BACKGROUND15,takeoff,0
304.45000000,BACKGROUND20,landing,1777.23511359
304.45000000,BACKGROUND20,takeoff,0
304.65000000,BACKGROUND22,landing,2119.88330415
304.65000000,BACKGROUND22,takeoff,0
305.45000000,BACKGROUND8,landing,4243.77670453
305.45000000,BACKGROUND8,takeoff,0
306.15000000,BACKGROUND5,landing,3206.55858828
306.15000000,BACKGROUND5,takeoff,0
306.35000000,BACKGROUND31,landing,1187.82736286
306.35000000,BACKGROUND31,takeoff,0
306.55000000,BACKGROUND36,landing,497.07529194
306.55000000,BACKGROUND36,takeoff,0
306.55000000,BACKGROUND38,landing,257.85615163
306.55000000,BACKGROUND38,takeoff,0
307.65000000,BACKGROUND11,landing,3403.63910961
307.65000000,BACKGROUND11,takeoff,0
308.40000000,BACKGROUND23,landing,1026.27234358
308.40000000,BACKGROUND23,takeoff,0
309.20000000,BACKGROUND18,landing,3725.90439504
309.20000000,BACKGROUND18,takeoff,0
311.70000000,BACKGROUND26,landing,1754.81396692
312.70000000,BACKGROUND21,landing,1237.58415964
312.70000000,BACKGROUND21,takeoff,0
321.55000000,BACKGROUND33,landing,1590.87937269
321.55000000,BACKGROUND33,takeoff,0
321.60000000,BACKGROUND17,landing,2534.55486546
322.50000000,BACKGROUND35,landing,313.82371427
322.50000000,BACKGROUND35,takeoff,0
322.95000000,BACKGROUND39,landing,629.45228602
322.95000000,BACKGROUND39,takeoff,0
323.20000000,BACKGROUND28,landing,1027.93145045
323.20000000,BACKGROUND28,takeoff,0
323.70000000,BACKGROUND27,landing,1707.81454574
323.70000000,BACKGROUND27,takeoff,0
335.35000000,BACKGROUND9,landing,4194.67432638
346.05000000,BACKGROUND45,takeoff,0
347.00000000,BACKGROUND13,landing,3468.26642829
349.65000000,BACKGROUND37,landing,175.13594387
349.65000000,BACKGROUND37,takeoff,0
359.05000000,BACKGROUND16,landing,3135.76653448
360.05000000,BACKGROUND46,takeoff,0
363.10000000,BACKGROUND24,landing,1201.56201902
363.10000000,BACKGROUND24,takeoff,0
382.05000000,BACKGROUND49,takeoff,0
383.05000000,BACKGROUND27,landing,232.40569784
396.05000000,BACKGROUND51,takeoff,0
403.05000000,BACKGROUND52,takeoff,0
411.05000000,BACKGROUND53,takeoff,0
413.75000000,BACKGROUND31,landing,630.77303040
418.05000000,BACKGROUND54,takeoff,0
419.45000000,BACKGROUND14,landing,1137.12705852
432.05000000,BACKGROUND56,takeoff,0
449.05000000,BACKGROUND50,takeoff,0
454.05000000,BACKGROUND59,takeoff,0
466.35000000,BACKGROUND11,landing,742.91930954
468.20000000,BACKGROUND18,landing,617.59687936
475.05000000,BACKGROUND62,takeoff,0
489.45000000,BACKGROUND8,landing,1537.38145219
489.65000000,BACKGROUND25,landing,1936.72508021
492.05000000,SURVEILLANCEOP5,takeoff,0
496.40000000,BACKGROUND28,landing,1253.24319395
510.05000000,SURVEILLANCE_EUROWINGS,landing,14859.72271396
511.05000000,BACKGROUND67,takeoff,0
512.10000000,BACKGROUND52,landing,1344.75513276
518.05000000,BACKGROUND68,takeoff,0
521.05000000,BACKGROUND60,takeoff,0
523.30000000,BACKGROUND19,landing,1096.06885338
527.05000000,SURVEILLANCE_HELICOPTER,takeoff,0
529.30000000,BACKGROUND12,landing,1161.14301002
531.45000000,BACKGROUND45,landing,2140.71953339
533.05000000,BACKGROUND70,takeoff,0
534.40000000,BACKGROUND46,landing,1887.06020321
535.55000000,BACKGROUND30,landing,1810.20536828
540.05000000,BACKGROUND71,takeoff,0
559.05000000,BACKGROUND57,takeoff,0
560.30000000,BACKGROUND20,landing,1544.80518210
564.75000000,BACKGROUND21,landing,1832.38133983
586.05000000,BACKGROUND69,takeoff,0
595.70000000,BACKGROUND5,landing,3281.09086424
598.05000000,BACKGROUND78,takeoff,0
599.30000000,BACKGROUND24,landing,1751.59527622
600.10000000,BACKGROUND71,landing,153.29953482
600.10000000,BACKGROUND71,takeoff,0
601.35000000,BACKGROUND29,landing,2033.92989264
601.35000000,BACKGROUND29,takeoff,0
602.10000000,BACKGROUND49,landing,2338.25109771
602.10000000,BACKGROUND49,takeoff,0
602.20000000,BACKGROUND67,landing,437.21661290
602.20000000,BACKGROUND67,takeoff,0
603.30000000,BACKGROUND53,landing,1214.66705602
603.30000000,BACKGROUND53,takeoff,0
605.60000000,BACKGROUND15,landing,2888.42781884
605.60000000,BACKGROUND15,takeoff,0
606.65000000,BACKGROUND35,landing,2917.30643375
606.65000000,BACKGROUND35,takeoff,0
606.90000000,BACKGROUND34,landing,3410.86670971
606.90000000,BACKGROUND34,takeoff,0
606.90000000,BACKGROUND50,landing,649.15113425
606.90000000,BACKGROUND50,takeoff,0
607.60000000,BACKGROUND3,landing,2900.60919665
607.60000000,BACKGROUND3,takeoff,0
607.90000000,BACKGROUND68,landing,877.76612641
607.90000000,BACKGROUND68,takeoff,0
608.95000000,BACKGROUND70,landing,415.91801145
608.95000000,BACKGROUND70,takeoff,0
609.65000000,BACKGROUND22,landing,3780.63193336
609.65000000,BACKGROUND22,takeoff,0
611.35000000,BACKGROUND56,landing,567.27173345
611.35000000,BACKGROUND56,takeoff,0
612.35000000,BACKGROUND23,landing,3358.46104711
612.35000000,BACKGROUND23,takeoff,0
612.75000000,BACKGROUND38,landing,2464.53733662
612.75000000,BACKGROUND38,takeoff,0
613.35000000,BACKGROUND51,landing,800.70652262
613.35000000,BACKGROUND51,takeoff,0
614.10000000,BACKGROUND57,landing,324.51222622
614.10000000,BACKGROUND57,takeoff,0
615.90000000,BACKGROUND60,landing,439.86749741
615.90000000,BACKGROUND60,takeoff,0
617.65000000,BACKGROUND36,landing,2839.60718007
617.65000000,BACKGROUND36,takeoff,0
622.30000000,BACKGROUND69,landing,410.94475824
622.30000000,BACKGROUND69,takeoff,0
624.40000000,BACKGROUND62,landing,773.79965909
624.40000000,BACKGROUND62,takeoff,0
626.05000000,BACKGROUND81,takeoff,0
626.45000000,BACKGROUND78,landing,130.55370106
626.45000000,BACKGROUND78,takeoff,0
634.05000000,BACKGROUND82,takeoff,0
636.05000000,BACKGROUND37,landing,2788.97077242
641.05000000,BACKGROUND83,takeoff,0
644.15000000,BACKGROUND39,landing,1545.76956821
644.15000000,BACKGROUND39,takeoff,0
650.55000000,BACKGROUND54,landing,1389.81022176
650.55000000,BACKGROUND54,takeoff,0
655.05000000,BACKGROUND85,takeoff,0
663.40000000,BACKGROUND59,landing,1252.22894228
663.40000000,BACKGROUND59,takeoff,0
677.05000000,BACKGROUND88,takeoff,0
677.50000000,BACKGROUND22,landing,165.81976051
680.35000000,BACKGROUND33,landing,2022.27834269
680.35000000,BACKGROUND33,takeoff,0
691.35000000,SURVEILLANCE_HELICOPTER,landing,8884.55679107
694.60000000,BACKGROUND15,landing,455.04796581
698.05000000,BACKGROUND91,takeoff,0
705.05000000,BACKGROUND92,takeoff,0
709.10000000,BACKGROUND32,landing,3824.68307812
720.05000000,BACKGROUND93,takeoff,0
722.05000000,BACKGROUND63,takeoff,0
727.05000000,BACKGROUND94,takeoff,0
734.05000000,BACKGROUND95,takeoff,0
741.05000000,BACKGROUND96,takeoff,0
756.05000000,BACKGROUND97,takeoff,0
756.15000000,BACKGROUND60,landing,1071.15096060
770.05000000,BACKGROUND99,takeoff,0
777.05000000,BACKGROUND100,takeoff,0
781.30000000,BACKGROUND67,landing,1327.00266605
781.55000000,BACKGROUND53,landing,1418.53412815
782.05000000,BACKGROUND86,takeoff,0
806.05000000,BACKGROUND104,takeoff,0
813.05000000,BACKGROUND105,takeoff,0
817.15000000,BACKGROUND71,landing,1908.05993479
817.65000000,BACKGROUND3,landing,1049.47944142
828.05000000,BACKGROUND107,takeoff,0
837.35000000,SURVEILLANCEOP2,landing,6208.56061897
845.05000000,BACKGROUND79,takeoff,0
856.90000000,BACKGROUND34,landing,1517.44267447
871.05000000,BACKGROUND112,takeoff,0
877.00000000,BACKGROUND49,landing,2555.31232981
878.25000000,BACKGROUND35,landing,2039.22642560
887.60000000,BACKGROUND36,landing,891.75738532
900.05000000,BACKGROUND80,takeoff,0
900.05000000,BACKGROUND89,takeoff,0
900.15000000,BACKGROUND78,landing,2539.90426995
900.15000000,BACKGROUND78,takeoff,0
900.25000000,BACKGROUND70,landing,2598.44562339
900.25000000,BACKGROUND70,takeoff,0
902.15000000,BACKGROUND38,landing,2304.24049815
904.05000000,BACKGROUND107,landing,320.00804615
904.05000000,BACKGROUND107,takeoff,0
904.20000000,BACKGROUND104,landing,500.74803764
904.20000000,BACKGROUND104,takeoff,0
905.40000000,BACKGROUND57,landing,2539.58310633
905.40000000,BACKGROUND57,takeoff,0
905.80000000,BACKGROUND91,landing,2339.88736131
905.80000000,BACKGROUND91,takeoff,0
906.40000000,BACKGROUND54,landing,1591.56961541
906.40000000,BACKGROUND54,takeoff,0
906.70000000,BACKGROUND105,landing,1101.41922839
906.70000000,BACKGROUND105,takeoff,0
906.80000000,BACKGROUND86,landing,630.08017035
906.80000000,BACKGROUND86,takeoff,0
906.90000000,BACKGROUND93,landing,2064.58524579
906.90000000,BACKGROUND93,takeoff,0
907.20000000,BACKGROUND69,landing,1136.12216051
907.20000000,BACKGROUND69,takeoff,0
907.30000000,BACKGROUND92,landing,1104.19840410
907.30000000,BACKGROUND92,takeoff,0
908.55000000,BACKGROUND94,landing,1658.79165173
908.55000000,BACKGROUND94,takeoff,0
910.00000000,BACKGROUND79,landing,589.96776340
910.00000000,BACKGROUND79,takeoff,0
910.35000000,BACKGROUND82,landing,2550.17640374
910.35000000,BACKGROUND82,takeoff,0
911.50000000,BACKGROUND97,landing,1379.25164925
911.50000000,BACKGROUND97,takeoff,0
911.55000000,BACKGROUND63,landing,822.01590163
911.55000000,BACKGROUND63,takeoff,0
911.60000000,BACKGROUND88,landing,1591.23094888
911.60000000,BACKGROUND88,takeoff,0
911.95000000,BACKGROUND85,landing,1896.35134332
911.95000000,BACKGROUND85,takeoff,0
912.70000000,BACKGROUND68,landing,3146.06797225
912.70000000,BACKGROUND68,takeoff,0
915.05000000,BACKGROUND96,landing,1377.40347644
915.05000000,BACKGROUND96,takeoff,0
915.30000000,SURVEILLANCEOP1,landing,7134.24078676
916.70000000,BACKGROUND112,landing,189.71303919
916.70000000,BACKGROUND112,takeoff,0
917.40000000,BACKGROUND56,landing,1435.64733947
917.40000000,BACKGROUND56,takeoff,0
918.45000000,BACKGROUND100,landing,669.33417230
918.45000000,BACKGROUND100,takeoff,0
918.50000000,BACKGROUND51,landing,1677.73959065
923.45000000,BACKGROUND59,landing,1502.01255690
923.45000000,BACKGROUND59,takeoff,0
925.65000000,BACKGROUND95,landing,1478.15994510
925.65000000,BACKGROUND95,takeoff,0
926.15000000,BACKGROUND81,landing,2479.59663157
926.15000000,BACKGROUND81,takeoff,0
926.25000000,BACKGROUND50,landing,3372.56326339
928.05000000,BACKGROUND119,takeoff,0
931.00000000,BACKGROUND83,landing,1616.66967318
934.95000000,BACKGROUND29,landing,2079.87081112
941.80000000,BACKGROUND99,landing,1595.88892985
943.40000000,BACKGROUND23,landing,1276.38476972
943.40000000,BACKGROUND23,takeoff,0
954.60000000,BACKGROUND59,landing,112.94678840
956.35000000,BACKGROUND39,landing,1394.50733616
956.35000000,BACKGROUND39,takeoff,0
957.05000000,BACKGROUND123,takeoff,0
964.05000000,BACKGROUND124,takeoff,0
1000.05000000,BACKGROUND129,takeoff,0
1012.75000000,BACKGROUND70,landing,680.22600947
1015.05000000,BACKGROUND131,takeoff,0
1024.70000000,SURVEILLANCEOP3,landing,8147.94603720
1036.05000000,BACKGROUND134,takeoff,0
1039.05000000,BACKGROUND126,takeoff,0
1044.05000000,BACKGROUND135,takeoff,0
1053.05000000,BACKGROUND128,takeoff,0
1065.05000000,BACKGROUND138,takeoff,0
1072.05000000,BACKGROUND139,takeoff,0
1080.05000000,BACKGROUND140,takeoff,0
1087.05000000,BACKGROUND141,takeoff,0
1094.80000000,BACKGROUND62,landing,2400.84292667
1098.80000000,BACKGROUND33,landing,1501.53429612
1101.50000000,BACKGROUND54,landing,1128.94167268
1112.40000000,BACKGROUND78,landing,995.17571897
1140.05000000,BACKGROUND115,takeoff,0
1151.05000000,BACKGROUND147,takeoff,0
1152.80000000,BACKGROUND91,landing,1442.44594738
1155.55000000,BACKGROUND100,landing,1820.24687358
1159.05000000,BACKGROUND148,takeoff,0
1169.05000000,BACKGROUND96,landing,1705.48348789
1172.15000000,BACKGROUND57,landing,2105.98638167
1173.05000000,BACKGROUND149,takeoff,0
1176.05000000,BACKGROUND144,takeoff,0
1183.25000000,BACKGROUND92,landing,2397.21353350
1187.05000000,BACKGROUND151,takeoff,0
1195.35000000,SURVEILLANCEOP5,landing,6928.34638217
1197.05000000,BACKGROUND146,takeoff,0
1198.45000000,BACKGROUND39,landing,1457.47275924
1199.20000000,BACKGROUND104,landing,1895.53804983
1200.05000000,BACKGROUND98,takeoff,0
1200.05000000,BACKGROUND102,takeoff,0
1200.05000000,BACKGROUND103,takeoff,0
1200.05000000,BACKGROUND110,takeoff,0
1200.05000000,BACKGROUND152,takeoff,0
1200.15000000,BACKGROUND115,landing,354.92402494
1200.15000000,BACKGROUND115,takeoff,0
1200.35000000,BACKGROUND138,landing,586.20613922
1200.35000000,BACKGROUND138,takeoff,0
1200.45000000,BACKGROUND129,landing,1294.30147412
1200.45000000,BACKGROUND129,takeoff,0
1202.00000000,BACKGROUND85,landing,1783.88435318
1202.00000000,BACKGROUND85,takeoff,0
1202.65000000,BACKGROUND56,landing,1410.47851480
1202.65000000,BACKGROUND56,takeoff,0
1203.05000000,BACKGROUND81,landing,1500.81333650
1203.95000000,BACKGROUND126,landing,1034.17719284
1203.95000000,BACKGROUND126,takeoff,0
1204.15000000,BACKGROUND88,landing,2526.66476290
1204.15000000,BACKGROUND88,takeoff,0
1204.80000000,BACKGROUND112,landing,2845.90541667
1204.80000000,BACKGROUND112,takeoff,0
1205.40000000,BACKGROUND68,landing,1433.76544403
1205.40000000,BACKGROUND68,takeoff,0
1205.45000000,BACKGROUND89,landing,1749.23560013
1205.45000000,BACKGROUND89,takeoff,0
1205.95000000,BACKGROUND151,landing,92.25687972
1205.95000000,BACKGROUND151,takeoff,0
1206.30000000,BACKGROUND140,landing,753.67206371
1206.30000000,BACKGROUND140,takeoff,0
1210.00000000,BACKGROUND128,landing,813.39585151
1210.00000000,BACKGROUND128,takeoff,0
1210.60000000,BACKGROUND105,landing,2066.53624909
1210.60000000,BACKGROUND105,takeoff,0
1212.05000000,BACKGROUND134,landing,1131.55373224
1212.05000000,BACKGROUND134,takeoff,0
1213.15000000,BACKGROUND124,landing,1420.76501295
1213.15000000,BACKGROUND124,takeoff,0
1213.25000000,BACKGROUND123,landing,1922.49006154
1213.25000000,BACKGROUND123,takeoff,0
1214.85000000,BACKGROUND80,landing,1692.25049565
1214.85000000,BACKGROUND80,takeoff,0
1216.05000000,BACKGROUND155,takeoff,0
1216.25000000,BACKGROUND95,landing,1740.34468002
1216.25000000,BACKGROUND95,takeoff,0
1216.40000000,BACKGROUND79,landing,1181.22038561
1216.40000000,BACKGROUND79,takeoff,0
1217.15000000,BACKGROUND139,landing,865.77133291
1217.15000000,BACKGROUND139,takeoff,0
1217.85000000,BACKGROUND131,landing,1215.73758743
1217.85000000,BACKGROUND131,takeoff,0
1218.10000000,BACKGROUND63,landing,2326.05653274
1218.10000000,BACKGROUND63,takeoff,0
1219.00000000,BACKGROUND97,landing,2197.55078271
1219.00000000,BACKGROUND97,takeoff,0
1219.40000000,BACKGROUND23,landing,1431.00858137
1219.40000000,BACKGROUND23,takeoff,0
1221.15000000,BACKGROUND86,landing,1040.91565680
1221.15000000,BACKGROUND86,takeoff,0
1223.55000000,BACKGROUND141,landing,566.18338137
1223.55000000,BACKGROUND141,takeoff,0
1229.85000000,BACKGROUND149,landing,301.01994264
1229.85000000,BACKGROUND149,takeoff,0
1230.90000000,BACKGROUND93,landing,2089.82194117
1230.90000000,BACKGROUND93,takeoff,0
1231.05000000,BACKGROUND157,takeoff,0
1231.75000000,BACKGROUND135,landing,1291.37266590
1231.75000000,BACKGROUND135,takeoff,0
1233.30000000,BACKGROUND144,landing,337.36197909
1233.30000000,BACKGROUND144,takeoff,0
1234.70000000,BACKGROUND147,landing,397.66999181
1234.70000000,BACKGROUND147,takeoff,0
1238.70000000,BACKGROUND146,landing,156.53881248
1238.70000000,BACKGROUND146,takeoff,0
1249.95000000,BACKGROUND94,landing,1313.33198508
1249.95000000,BACKGROUND94,takeoff,0
1250.00000000,BACKGROUND82,landing,1504.83877339
1250.00000000,BACKGROUND82,takeoff,0
1250.05000000,BACKGROUND122,takeoff,0
1252.05000000,BACKGROUND160,takeoff,0
1255.55000000,BACKGROUND119,landing,1836.96379606
1256.10000000,BACKGROUND148,landing,651.38281387
1256.10000000,BACKGROUND148,takeoff,0
1256.85000000,BACKGROUND69,landing,1530.86717966
1263.80000000,BACKGROUND107,landing,2162.04957719
1263.80000000,BACKGROUND107,takeoff,0
1274.05000000,BACKGROUND163,takeoff,0
1281.05000000,BACKGROUND164,takeoff,0
1288.05000000,BACKGROUND165,takeoff,0
1288.30000000,BACKGROUND23,landing,393.00688458
1303.05000000,BACKGROUND167,takeoff,0
1315.65000000,BACKGROUND56,landing,464.87594331
1317.30000000,BACKGROUND79,landing,416.85683757
1353.05000000,BACKGROUND173,takeoff,0
1357.30000000,BACKGROUND68,landing,1004.51219381
1360.05000000,BACKGROUND174,takeoff,0
1367.05000000,BACKGROUND175,takeoff,0
1370.05000000,BACKGROUND168,takeoff,0
1373.45000000,BACKGROUND131,landing,932.87464599
1374.05000000,BACKGROUND176,takeoff,0
1380.60000000,BACKGROUND93,landing,1353.70092935
1389.05000000,BACKGROUND178,takeoff,0
1396.05000000,BACKGROUND179,takeoff,0
1399.05000000,BACKGROUND171,takeoff,0
1403.05000000,BACKGROUND180,takeoff,0
1409.85000000,BACKGROUND89,landing,1154.69530114
1432.05000000,BACKGROUND184,takeoff,0
1439.05000000,BACKGROUND185,takeoff,0
1446.25000000,BACKGROUND80,landing,1230.34349330
1449.05000000,BACKGROUND154,takeoff,0
1454.05000000,BACKGROUND187,takeoff,0
1457.20000000,BACKGROUND95,landing,1111.15480721
1463.05000000,BACKGROUND156,takeoff,0
1469.05000000,BACKGROUND115,landing,1523.91851565
1470.05000000,BACKGROUND63,landing,1403.12066425
1472.80000000,BACKGROUND123,landing,1486.39836149
1474.00000000,BACKGROUND139,landing,1426.78415682
1478.05000000,BACKGROUND182,takeoff,0
1480.05000000,BACKGROUND150,takeoff,0
1482.05000000,BACKGROUND191,takeoff,0
1497.05000000,BACKGROUND193,takeoff,0
1500.05000000,BACKGROUND106,takeoff,0
1500.05000000,BACKGROUND109,takeoff,0
1500.05000000,BACKGROUND113,takeoff,0
1500.05000000,BACKGROUND118,takeoff,0
1500.05000000,BACKGROUND125,takeoff,0
1500.05000000,BACKGROUND145,takeoff,0
1500.05000000,BACKGROUND162,takeoff,0
1500.05000000,BACKGROUND159,takeoff,0
1500.70000000,BACKGROUND155,landing,1600.02228541
1500.70000000,BACKGROUND155,takeoff,0
1500.75000000,BACKGROUND94,landing,799.70528659
1500.75000000,BACKGROUND94,takeoff,0
1500.90000000,BACKGROUND165,landing,1429.71686283
1500.90000000,BACKGROUND165,takeoff,0
1501.05000000,BACKGROUND179,landing,902.16401513
1501.05000000,BACKGROUND179,takeoff,0
1501.30000000,BACKGROUND128,landing,1749.24816783
1501.30000000,BACKGROUND128,takeoff,0
1501.45000000,BACKGROUND102,landing,1709.21899719
1501.45000000,BACKGROUND102,takeoff,0
1501.50000000,BACKGROUND124,landing,2299.41555207
1501.50000000,BACKGROUND124,takeoff,0
1502.00000000,BACKGROUND163,landing,1784.64959849
1502.00000000,BACKGROUND163,takeoff,0
1502.10000000,BACKGROUND178,landing,672.99364606
1502.10000000,BACKGROUND178,takeoff,0
1502.40000000,BACKGROUND144,landing,890.56677166
1502.40000000,BACKGROUND144,takeoff,0
1502.90000000,BACKGROUND140,landing,1618.29054623
1502.90000000,BACKGROUND140,takeoff,0
1503.40000000,BACKGROUND187,landing,256.09108374
1503.40000000,BACKGROUND187,takeoff,0
1503.90000000,BACKGROUND174,landing,1035.39760932
1503.90000000,BACKGROUND174,takeoff,0
1504.10000000,BACKGROUND184,landing,590.62402925
1504.10000000,BACKGROUND184,takeoff,0
1504.45000000,BACKGROUND182,landing,151.62670308
1504.45000000,BACKGROUND182,takeoff,0
1504.70000000,BACKGROUND151,landing,2240.00103750
1504.70000000,BACKGROUND151,takeoff,0
1505.10000000,BACKGROUND157,landing,1519.80035121
1505.10000000,BACKGROUND157,takeoff,0
1505.45000000,BACKGROUND180,landing,608.37491392
1505.45000000,BACKGROUND180,takeoff,0
1506.90000000,BACKGROUND126,landing,1730.94604859
1506.90000000,BACKGROUND126,takeoff,0
1509.25000000,BACKGROUND193,landing,39.74110836
1509.25000000,BACKGROUND193,takeoff,0
1510.95000000,BACKGROUND191,landing,128.55894374
1510.95000000,BACKGROUND191,takeoff,0
1511.05000000,BACKGROUND195,takeoff,0
1512.30000000,BACKGROUND134,landing,847.43705296
1512.30000000,BACKGROUND134,takeoff,0
1513.10000000,BACKGROUND103,landing,1878.09346713
1513.10000000,BACKGROUND103,takeoff,0
1513.10000000,BACKGROUND160,landing,1379.59856722
1513.10000000,BACKGROUND160,takeoff,0
1514.90000000,BACKGROUND173,landing,963.37581427
1514.90000000,BACKGROUND173,takeoff,0
1516.00000000,BACKGROUND168,landing,796.78903403
1516.00000000,BACKGROUND168,takeoff,0
1517.10000000,BACKGROUND107,landing,1178.61025867
1517.10000000,BACKGROUND107,takeoff,0
1517.75000000,BACKGROUND152,landing,1783.16422068
1517.75000000,BACKGROUND152,takeoff,0
1518.60000000,BACKGROUND141,landing,1439.25292091
1518.60000000,BACKGROUND141,takeoff,0
1518.70000000,BACKGROUND88,landing,1962.56819481
1518.70000000,BACKGROUND88,takeoff,0
1519.80000000,BACKGROUND176,landing,1313.61847065
1519.80000000,BACKGROUND176,takeoff,0
1520.65000000,BACKGROUND82,landing,1622.62468468
1520.65000000,BACKGROUND82,takeoff,0
1521.05000000,BACKGROUND154,landing,426.08181937
1521.05000000,BACKGROUND154,takeoff,0
1521.70000000,BACKGROUND171,landing,559.76195094
1521.70000000,BACKGROUND171,takeoff,0
1521.80000000,BACKGROUND97,landing,1608.54966247
1521.80000000,BACKGROUND97,takeoff,0
1522.40000000,BACKGROUND164,landing,1322.65790535
1522.40000000,BACKGROUND164,takeoff,0
1524.40000000,BACKGROUND175,landing,939.45391213
1524.40000000,BACKGROUND175,takeoff,0
1525.70000000,BACKGROUND156,landing,270.43494721
1525.70000000,BACKGROUND156,takeoff,0
1526.35000000,BACKGROUND185,landing,518.72618836
1526.35000000,BACKGROUND185,takeoff,0
1527.05000000,BACKGROUND110,landing,1798.83150472
1527.05000000,BACKGROUND110,takeoff,0
1527.10000000,BACKGROUND148,landing,1188.09158715
1527.10000000,BACKGROUND148,takeoff,0
1527.30000000,BACKGROUND86,landing,1839.05975566
1527.30000000,BACKGROUND86,takeoff,0
1529.10000000,BACKGROUND98,landing,1913.47407151
1531.80000000,BACKGROUND149,landing,1849.50898438
1531.80000000,BACKGROUND149,takeoff,0
1534.00000000,BACKGROUND129,landing,931.28700075
1534.00000000,BACKGROUND129,takeoff,0
1538.60000000,BACKGROUND138,landing,1926.54284122
1538.60000000,BACKGROUND138,takeoff,0
1540.05000000,BACKGROUND199,takeoff,0
1549.10000000,BACKGROUND147,landing,1257.95813814
1549.10000000,BACKGROUND147,takeoff,0
1549.60000000,BACKGROUND105,landing,1199.08716913
1549.60000000,BACKGROUND105,takeoff,0
1553.60000000,BACKGROUND146,landing,1036.16625204
1553.60000000,BACKGROUND146,takeoff,0
1557.00000000,BACKGROUND85,landing,1857.68354325
1561.65000000,BACKGROUND150,landing,483.82490186
1561.65000000,BACKGROUND150,takeoff,0
1562.05000000,BACKGROUND202,takeoff,0
1569.60000000,BACKGROUND122,landing,1769.78370817
1583.05000000,BACKGROUND205,takeoff,0
1590.05000000,BACKGROUND206,takeoff,0
1597.05000000,BACKGROUND207,takeoff,0
1605.05000000,BACKGROUND208,takeoff,0
1608.65000000,BACKGROUND88,landing,536.04149653
1633.05000000,BACKGROUND212,takeoff,0
1635.00000000,BACKGROUND94,landing,551.69546767
1641.05000000,BACKGROUND213,takeoff,0
1641.50000000,BACKGROUND82,landing,790.48369623
1647.05000000,BACKGROUND103,landing,557.70783171
1655.05000000,BACKGROUND215,takeoff,0
1662.05000000,BACKGROUND216,takeoff,0
1669.05000000,BACKGROUND217,takeoff,0
1713.05000000,BACKGROUND223,takeoff,0
1715.35000000,BACKGROUND184,landing,1796.30616197
1734.00000000,BACKGROUND86,landing,1443.33275546
1741.05000000,BACKGROUND227,takeoff,0
1744.05000000,BACKGROUND219,takeoff,0
1749.05000000,BACKGROUND228,takeoff,0
1777.05000000,BACKGROUND231,takeoff,0
1785.05000000,BACKGROUND232,takeoff,0
1787.00000000,BACKGROUND167,landing,5043.72311722
1787.90000000,BACKGROUND102,landing,1634.37935588
1799.05000000,BACKGROUND234,takeoff,0
1800.05000000,BACKGROUND117,takeoff,0
1800.05000000,BACKGROUND158,takeoff,0
1800.05000000,BACKGROUND166,takeoff,0
1800.05000000,BACKGROUND169,takeoff,0
1800.05000000,BACKGROUND153,takeoff,0
1800.05000000,BACKGROUND170,takeoff,0
1800.05000000,BACKGROUND196,takeoff,0
1800.05000000,BACKGROUND197,takeoff,0
1800.05000000,BACKGROUND198,takeoff,0
1800.05000000,BACKGROUND211,takeoff,0
1800.05000000,BACKGROUND201,takeoff,0
1800.05000000,BACKGROUND224,takeoff,0
1800.05000000,BACKGROUND225,takeoff,0
1800.05000000,BACKGROUND226,takeoff,0
1800.05000000,BACKGROUND203,takeoff,0
1800.05000000,BACKGROUND229,takeoff,0
1800.05000000,BACKGROUND233,takeoff,0
1800.10000000,BACKGROUND134,landing,1867.64982288
1800.10000000,BACKGROUND134,takeoff,0
1800.40000000,BACKGROUND145,landing,1753.54855317
1800.40000000,BACKGROUND145,takeoff,0
1800.40000000,BACKGROUND147,landing,1596.51494826
1800.40000000,BACKGROUND147,takeoff,0
1800.70000000,BACKGROUND216,landing,986.89804707
1800.70000000,BACKGROUND216,takeoff,0
