# CLOSEST POINT OF APPROACH LOG
# Shortest distance between 2 UAS during their conflict
# 
# Simulation Time [s], UAS1, UAS2, Distance [m]
# simt
142.00000000,BACKGROUND13,BACKGROUND16,8.59995960
248.00000000,BACKGROUND33,SURVEILLANCE_LUFTHANSA,199.39780339
265.00000000,BACKGROUND6,SURVEILLANCE_LUFTHANSA,218.95991690
267.00000000,SURVEILLANCEOP1,SURVEILLANCE_LUFTHANSA,396.95976328
286.00000000,BACKGROUND36,SURVEILLANCE_LUFTHANSA,362.22896660
331.00000000,BACKGROUND39,SURVEILLANCE_EUROWINGS,206.67129796
345.00000000,BACKGROUND28,SURVEILLANCE_EUROWINGS,66.17423000
357.00000000,BACKGROUND16,SURVEILLANCE_EUROWINGS,161.97090538
369.00000000,BACKGROUND29,BACKGROUND5,11.42264659
418.00000000,BACKGROUND15,BACKGROUND29,11.05774742
480.00000000,BACKGROUND35,BACKGROUND45,0.56333824
583.00000000,SURVEILLANCEOP3,SURVEILLANCE_HELICOPTER,90.42624198
632.00000000,BACKGROUND38,BACKGROUND50,0.91158247
651.00000000,BACKGROUND34,BACKGROUND70,0.00020586
764.00000000,BACKGROUND29,BACKGROUND54,2.32668148
777.00000000,BACKGROUND78,BACKGROUND91,0.27748483
781.00000000,BACKGROUND78,BACKGROUND82,4.64371525
882.00000000,BACKGROUND91,BACKGROUND92,0.05696505
998.00000000,BACKGROUND82,BACKGROUND88,0.00628861
1085.00000000,BACKGROUND100,BACKGROUND96,20.11510169
1129.00000000,BACKGROUND100,BACKGROUND96,33.33695453
1130.00000000,BACKGROUND100,BACKGROUND96,33.94020525
1173.00000000,BACKGROUND126,BACKGROUND148,11.56580543
1254.00000000,BACKGROUND147,BACKGROUND148,12.18508695
1262.00000000,BACKGROUND151,BACKGROUND82,0.50656073
1305.00000000,BACKGROUND124,BACKGROUND82,2.03089893
1313.00000000,BACKGROUND112,BACKGROUND135,0.00075553
1315.00000000,BACKGROUND112,BACKGROUND135,1.03384715
1316.00000000,BACKGROUND112,BACKGROUND135,1.03384721
1317.00000000,BACKGROUND112,BACKGROUND135,1.03384727
1318.00000000,BACKGROUND112,BACKGROUND135,1.03384733
1319.00000000,BACKGROUND112,BACKGROUND135,1.03384739
1320.00000000,BACKGROUND112,BACKGROUND135,1.03384746
1321.00000000,BACKGROUND112,BACKGROUND135,1.03384753
1322.00000000,BACKGROUND112,BACKGROUND135,1.03384760
1323.00000000,BACKGROUND112,BACKGROUND135,1.03384768
1324.00000000,BACKGROUND112,BACKGROUND135,1.03384776
1325.00000000,BACKGROUND112,BACKGROUND135,1.03384784
1326.00000000,BACKGROUND112,BACKGROUND135,1.03384792
1327.00000000,BACKGROUND112,BACKGROUND135,1.03384801
1328.00000000,BACKGROUND112,BACKGROUND135,1.03384810
1329.00000000,BACKGROUND112,BACKGROUND135,1.03384820
1330.00000000,BACKGROUND112,BACKGROUND135,1.03384830
1331.00000000,BACKGROUND112,BACKGROUND135,1.03384840
1332.00000000,BACKGROUND112,BACKGROUND135,1.03384850
1333.00000000,BACKGROUND112,BACKGROUND135,1.03384861
1334.00000000,BACKGROUND112,BACKGROUND135,1.03384872
1335.00000000,BACKGROUND112,BACKGROUND135,1.03384883
1336.00000000,BACKGROUND112,BACKGROUND135,1.03384894
1337.00000000,BACKGROUND112,BACKGROUND135,1.03384906
1338.00000000,BACKGROUND112,BACKGROUND135,1.03384918
1339.00000000,BACKGROUND112,BACKGROUND135,1.03384931
1340.00000000,BACKGROUND112,BACKGROUND135,1.03384944
1341.00000000,BACKGROUND112,BACKGROUND135,1.03384957
1342.00000000,BACKGROUND112,BACKGROUND135,1.03384970
1343.00000000,BACKGROUND112,BACKGROUND135,1.03384984
1344.00000000,BACKGROUND112,BACKGROUND135,1.03384998
1345.00000000,BACKGROUND112,BACKGROUND135,1.03385012
1346.00000000,BACKGROUND112,BACKGROUND135,1.03385027
1347.00000000,BACKGROUND112,BACKGROUND135,1.03385042
1348.00000000,BACKGROUND112,BACKGROUND135,1.03385057
1349.00000000,BACKGROUND112,BACKGROUND135,1.03385072
1350.00000000,BACKGROUND112,BACKGROUND135,1.03385088
1351.00000000,BACKGROUND112,BACKGROUND135,1.03385104
1352.00000000,BACKGROUND112,BACKGROUND135,1.03385121
1353.00000000,BACKGROUND112,BACKGROUND135,1.03385137
1354.00000000,BACKGROUND112,BACKGROUND135,1.03385154
1355.00000000,BACKGROUND112,BACKGROUND135,1.03385172
1356.00000000,BACKGROUND112,BACKGROUND135,1.03385189
1357.00000000,BACKGROUND112,BACKGROUND135,1.03385207
1358.00000000,BACKGROUND112,BACKGROUND135,1.03385226
1359.00000000,BACKGROUND112,BACKGROUND135,1.03385244
1360.00000000,BACKGROUND112,BACKGROUND135,1.03385263
1361.00000000,BACKGROUND112,BACKGROUND135,1.03385282
1362.00000000,BACKGROUND112,BACKGROUND135,1.03385302
1363.00000000,BACKGROUND112,BACKGROUND135,1.03385321
1364.00000000,BACKGROUND112,BACKGROUND135,1.03385342
1365.00000000,BACKGROUND112,BACKGROUND135,1.03385362
1366.00000000,BACKGROUND112,BACKGROUND135,1.03385383
1367.00000000,BACKGROUND112,BACKGROUND135,1.03385404
1368.00000000,BACKGROUND112,BACKGROUND135,1.03385425
1369.00000000,BACKGROUND112,BACKGROUND135,1.03385446
1370.00000000,BACKGROUND112,BACKGROUND135,1.03385468
1371.00000000,BACKGROUND112,BACKGROUND135,1.03385491
1372.00000000,BACKGROUND112,BACKGROUND135,1.03385513
1373.00000000,BACKGROUND112,BACKGROUND135,1.03385536
1374.00000000,BACKGROUND112,BACKGROUND135,1.03385559
1375.00000000,BACKGROUND112,BACKGROUND135,1.03385582
1376.00000000,BACKGROUND112,BACKGROUND135,1.03385606
1377.00000000,BACKGROUND112,BACKGROUND135,1.03385630
1378.00000000,BACKGROUND112,BACKGROUND135,1.03385654
1379.00000000,BACKGROUND112,BACKGROUND135,1.03385679
1380.00000000,BACKGROUND112,BACKGROUND135,1.03385704
1381.00000000,BACKGROUND112,BACKGROUND135,1.03385729
1382.00000000,BACKGROUND112,BACKGROUND135,1.03385755
1383.00000000,BACKGROUND112,BACKGROUND135,1.03385781
1384.00000000,BACKGROUND112,BACKGROUND135,1.03385807
1385.00000000,BACKGROUND112,BACKGROUND135,1.03385833
1386.00000000,BACKGROUND112,BACKGROUND135,1.03385860
1387.00000000,BACKGROUND112,BACKGROUND135,1.03385887
1388.00000000,BACKGROUND112,BACKGROUND135,1.03385914
1389.00000000,BACKGROUND112,BACKGROUND135,1.03385942
1390.00000000,BACKGROUND112,BACKGROUND135,1.03385970
1391.00000000,BACKGROUND112,BACKGROUND135,1.03385998
1392.00000000,BACKGROUND112,BACKGROUND135,1.03386027
1393.00000000,BACKGROUND112,BACKGROUND135,1.03386056
1394.00000000,BACKGROUND112,BACKGROUND135,1.03386085
1395.00000000,BACKGROUND112,BACKGROUND135,1.03386115
1396.00000000,BACKGROUND112,BACKGROUND135,1.03386144
1397.00000000,BACKGROUND112,BACKGROUND135,1.03386175
1398.00000000,BACKGROUND112,BACKGROUND135,1.03386205
1399.00000000,BACKGROUND112,BACKGROUND135,1.03386236
1400.00000000,BACKGROUND112,BACKGROUND135,1.03386267
1401.00000000,BACKGROUND112,BACKGROUND135,1.03386298
1402.00000000,BACKGROUND112,BACKGROUND135,1.03386330
1403.00000000,BACKGROUND112,BACKGROUND135,1.03386362
1404.00000000,BACKGROUND112,BACKGROUND135,1.03386394
1405.00000000,BACKGROUND112,BACKGROUND135,1.03386426
1406.00000000,BACKGROUND112,BACKGROUND135,1.03386459
1407.00000000,BACKGROUND112,BACKGROUND135,1.03386492
1408.00000000,BACKGROUND112,BACKGROUND135,1.03386526
1409.00000000,BACKGROUND112,BACKGROUND135,1.03386560
1410.00000000,BACKGROUND112,BACKGROUND135,1.03386594
1411.00000000,BACKGROUND112,BACKGROUND135,1.03386628
1412.00000000,BACKGROUND112,BACKGROUND135,1.03386663
1413.00000000,BACKGROUND112,BACKGROUND135,1.03386698
1414.00000000,BACKGROUND112,BACKGROUND135,1.03386733
1415.00000000,BACKGROUND112,BACKGROUND135,1.03386769
1416.00000000,BACKGROUND112,BACKGROUND135,1.03386804
1417.00000000,BACKGROUND112,BACKGROUND135,1.03386841
1418.00000000,BACKGROUND112,BACKGROUND135,1.03386877
1419.00000000,BACKGROUND112,BACKGROUND135,1.03386914
1420.00000000,BACKGROUND112,BACKGROUND135,1.03386951
1421.00000000,BACKGROUND112,BACKGROUND135,1.03386988
1422.00000000,BACKGROUND112,BACKGROUND135,1.03387026
1423.00000000,BACKGROUND112,BACKGROUND135,1.03387064
1424.00000000,BACKGROUND112,BACKGROUND135,1.03387103
1425.00000000,BACKGROUND112,BACKGROUND135,1.03387141
1426.00000000,BACKGROUND112,BACKGROUND135,1.03387180
1427.00000000,BACKGROUND112,BACKGROUND135,1.03387219
1428.00000000,BACKGROUND112,BACKGROUND135,1.03387259
1429.00000000,BACKGROUND112,BACKGROUND135,1.03387299
1430.00000000,BACKGROUND112,BACKGROUND135,1.03387339
1431.00000000,BACKGROUND112,BACKGROUND135,1.03387379
1432.00000000,BACKGROUND112,BACKGROUND135,1.03387420
1433.00000000,BACKGROUND112,BACKGROUND135,1.03387461
1434.00000000,BACKGROUND112,BACKGROUND135,1.03387503
1435.00000000,BACKGROUND112,BACKGROUND135,1.03387544
1436.00000000,BACKGROUND112,BACKGROUND135,1.03387586
1437.00000000,BACKGROUND112,BACKGROUND135,1.03387628
1438.00000000,BACKGROUND112,BACKGROUND135,1.03387671
1439.00000000,BACKGROUND112,BACKGROUND135,1.03387714
1440.00000000,BACKGROUND112,BACKGROUND135,1.03387757
1441.00000000,BACKGROUND112,BACKGROUND135,1.03387801
1442.00000000,BACKGROUND112,BACKGROUND135,1.03387844
1443.00000000,BACKGROUND112,BACKGROUND135,1.03387889
1444.00000000,BACKGROUND112,BACKGROUND135,1.03387933
1445.00000000,BACKGROUND112,BACKGROUND135,1.03387978
1446.00000000,BACKGROUND112,BACKGROUND135,1.03388023
1447.00000000,BACKGROUND112,BACKGROUND135,1.03388068
1448.00000000,BACKGROUND112,BACKGROUND135,1.03388114
1449.00000000,BACKGROUND112,BACKGROUND135,1.03388160
1450.00000000,BACKGROUND112,BACKGROUND135,1.03388206
1451.00000000,BACKGROUND112,BACKGROUND135,1.03388252
1452.00000000,BACKGROUND112,BACKGROUND135,1.03388299
1453.00000000,BACKGROUND112,BACKGROUND135,1.03388346
1454.00000000,BACKGROUND112,BACKGROUND135,1.03388394
1455.00000000,BACKGROUND112,BACKGROUND135,1.03388442
1456.00000000,BACKGROUND112,BACKGROUND135,1.03388490
1457.00000000,BACKGROUND112,BACKGROUND135,1.03388538
1458.00000000,BACKGROUND112,BACKGROUND135,1.03388587
1459.00000000,BACKGROUND112,BACKGROUND135,1.03388636
1460.00000000,BACKGROUND112,BACKGROUND135,1.03388685
1461.00000000,BACKGROUND112,BACKGROUND135,1.03388735
1462.00000000,BACKGROUND112,BACKGROUND135,1.03388785
1463.00000000,BACKGROUND112,BACKGROUND135,1.03388835
1464.00000000,BACKGROUND112,BACKGROUND135,1.03388885
1465.00000000,BACKGROUND112,BACKGROUND135,1.03388936
1466.00000000,BACKGROUND112,BACKGROUND135,1.03388987
1467.00000000,BACKGROUND112,BACKGROUND135,1.03389039
1468.00000000,BACKGROUND112,BACKGROUND135,1.03389090
1469.00000000,BACKGROUND112,BACKGROUND135,1.03389142
1470.00000000,BACKGROUND112,BACKGROUND135,1.03389195
1471.00000000,BACKGROUND112,BACKGROUND135,1.03389247
1472.00000000,BACKGROUND112,BACKGROUND135,1.03389300
1473.00000000,BACKGROUND112,BACKGROUND135,1.03389354
1474.00000000,BACKGROUND112,BACKGROUND135,1.03389407
1475.00000000,BACKGROUND112,BACKGROUND135,1.03389461
1476.00000000,BACKGROUND112,BACKGROUND135,1.03389515
1477.00000000,BACKGROUND112,BACKGROUND135,1.03389570
1478.00000000,BACKGROUND112,BACKGROUND135,1.03389624
1479.00000000,BACKGROUND112,BACKGROUND135,1.03389680
1480.00000000,BACKGROUND112,BACKGROUND135,1.03389735
1481.00000000,BACKGROUND112,BACKGROUND135,1.03389791
1482.00000000,BACKGROUND112,BACKGROUND135,1.03389847
1483.00000000,BACKGROUND112,BACKGROUND135,1.03389903
1484.00000000,BACKGROUND112,BACKGROUND135,1.03389960
1485.00000000,BACKGROUND112,BACKGROUND135,1.03390016
1486.00000000,BACKGROUND112,BACKGROUND135,1.03390074
1487.00000000,BACKGROUND112,BACKGROUND135,1.03390131
1488.00000000,BACKGROUND112,BACKGROUND135,1.03390189
1489.00000000,BACKGROUND112,BACKGROUND135,1.03390247
1490.00000000,BACKGROUND112,BACKGROUND135,1.03390306
1491.00000000,BACKGROUND112,BACKGROUND135,1.03390364
1492.00000000,BACKGROUND112,BACKGROUND135,1.03390423
1493.00000000,BACKGROUND112,BACKGROUND135,1.03390483
1494.00000000,BACKGROUND112,BACKGROUND135,1.03390542
1495.00000000,BACKGROUND112,BACKGROUND135,1.03390602
1496.00000000,BACKGROUND112,BACKGROUND135,1.03390663
1497.00000000,BACKGROUND112,BACKGROUND135,1.03390723
1498.00000000,BACKGROUND112,BACKGROUND135,1.03390784
1499.00000000,BACKGROUND112,BACKGROUND135,1.03390845
1500.00000000,BACKGROUND112,BACKGROUND135,1.03390907
1501.00000000,BACKGROUND112,BACKGROUND135,1.03390969
1502.00000000,BACKGROUND112,BACKGROUND135,1.03391031
1503.00000000,BACKGROUND112,BACKGROUND135,1.03391093
1504.00000000,BACKGROUND112,BACKGROUND135,1.03391156
1505.00000000,BACKGROUND112,BACKGROUND135,1.03391219
1506.00000000,BACKGROUND112,BACKGROUND135,1.03391282
1507.00000000,BACKGROUND112,BACKGROUND135,1.03391346
1508.00000000,BACKGROUND112,BACKGROUND135,1.03391410
1509.00000000,BACKGROUND112,BACKGROUND135,1.03391474
1510.00000000,BACKGROUND112,BACKGROUND135,1.03391538
1511.00000000,BACKGROUND112,BACKGROUND135,1.03391603
1512.00000000,BACKGROUND112,BACKGROUND135,1.03391668
1513.00000000,BACKGROUND112,BACKGROUND135,1.03391734
1514.00000000,BACKGROUND112,BACKGROUND135,1.03391800
1515.00000000,BACKGROUND112,BACKGROUND135,1.03391866
1516.00000000,BACKGROUND112,BACKGROUND135,1.03391932
1517.00000000,BACKGROUND112,BACKGROUND135,1.03391999
1518.00000000,BACKGROUND112,BACKGROUND135,1.03392066
1519.00000000,BACKGROUND112,BACKGROUND135,1.03392133
1520.00000000,BACKGROUND112,BACKGROUND135,1.03392201
1521.00000000,BACKGROUND112,BACKGROUND135,1.03392268
1522.00000000,BACKGROUND112,BACKGROUND135,1.03392337
1523.00000000,BACKGROUND112,BACKGROUND135,1.03392405
1524.00000000,BACKGROUND112,BACKGROUND135,1.03392474
1525.00000000,BACKGROUND112,BACKGROUND135,1.03392543
1526.00000000,BACKGROUND112,BACKGROUND135,1.03392612
1527.00000000,BACKGROUND112,BACKGROUND135,1.03392682
1528.00000000,BACKGROUND112,BACKGROUND135,1.03392752
1529.00000000,BACKGROUND112,BACKGROUND135,1.03392823
1530.00000000,BACKGROUND112,BACKGROUND135,1.03392893
1531.00000000,BACKGROUND112,BACKGROUND135,1.03392964
1532.00000000,BACKGROUND112,BACKGROUND135,1.03393035
1533.00000000,BACKGROUND112,BACKGROUND135,1.03393107
1534.00000000,BACKGROUND112,BACKGROUND135,1.03393179
1535.00000000,BACKGROUND112,BACKGROUND135,1.03393251
1536.00000000,BACKGROUND112,BACKGROUND135,1.03393323
1537.00000000,BACKGROUND112,BACKGROUND135,1.03393396
1538.00000000,BACKGROUND112,BACKGROUND135,1.03393469
1539.00000000,BACKGROUND112,BACKGROUND135,1.03393543
1540.00000000,BACKGROUND112,BACKGROUND135,1.03393616
1541.00000000,BACKGROUND112,BACKGROUND135,1.03393690
1542.00000000,BACKGROUND112,BACKGROUND135,1.03393765
1543.00000000,BACKGROUND112,BACKGROUND135,1.03393839
1544.00000000,BACKGROUND112,BACKGROUND135,1.03393914
1545.00000000,BACKGROUND112,BACKGROUND135,1.03393989
1546.00000000,BACKGROUND112,BACKGROUND135,1.03394065
1547.00000000,BACKGROUND112,BACKGROUND135,1.03394141
1548.00000000,BACKGROUND112,BACKGROUND135,1.03394217
1549.00000000,BACKGROUND112,BACKGROUND135,1.03394293
1550.00000000,BACKGROUND112,BACKGROUND135,1.03394370
1551.00000000,BACKGROUND112,BACKGROUND135,1.03394447
1552.00000000,BACKGROUND112,BACKGROUND135,1.03394525
1553.00000000,BACKGROUND112,BACKGROUND135,1.03394602
1554.00000000,BACKGROUND112,BACKGROUND135,1.03394680
1555.00000000,BACKGROUND112,BACKGROUND135,1.03394758
1556.00000000,BACKGROUND112,BACKGROUND135,1.03394837
1557.00000000,BACKGROUND112,BACKGROUND135,1.03394916
1558.00000000,BACKGROUND112,BACKGROUND135,1.03394995
1559.00000000,BACKGROUND112,BACKGROUND135,1.03395075
1560.00000000,BACKGROUND112,BACKGROUND135,1.03395154
1561.00000000,BACKGROUND112,BACKGROUND135,1.03395234
1562.00000000,BACKGROUND112,BACKGROUND135,1.03395315
1563.00000000,BACKGROUND112,BACKGROUND135,1.03395396
1564.00000000,BACKGROUND112,BACKGROUND135,1.03395477
1565.00000000,BACKGROUND112,BACKGROUND135,1.03395558
1566.00000000,BACKGROUND112,BACKGROUND135,1.03395640
1567.00000000,BACKGROUND112,BACKGROUND135,1.03395722
1568.00000000,BACKGROUND112,BACKGROUND135,1.03395804
1569.00000000,BACKGROUND112,BACKGROUND135,1.03395886
1570.00000000,BACKGROUND112,BACKGROUND135,1.03395969
1571.00000000,BACKGROUND112,BACKGROUND135,1.03396052
1572.00000000,BACKGROUND112,BACKGROUND135,1.03396136
1573.00000000,BACKGROUND112,BACKGROUND135,1.03396220
1573.00000000,BACKGROUND151,BACKGROUND180,8.77607824
1574.00000000,BACKGROUND112,BACKGROUND135,1.03396304
1575.00000000,BACKGROUND112,BACKGROUND135,1.03396388
1576.00000000,BACKGROUND112,BACKGROUND135,1.03396473
1577.00000000,BACKGROUND112,BACKGROUND135,1.03396558
1578.00000000,BACKGROUND112,BACKGROUND135,1.03396643
1579.00000000,BACKGROUND112,BACKGROUND135,1.03396729
1580.00000000,BACKGROUND112,BACKGROUND135,1.03396815
1581.00000000,BACKGROUND112,BACKGROUND135,1.03396901
1582.00000000,BACKGROUND112,BACKGROUND135,1.03396987
1583.00000000,BACKGROUND112,BACKGROUND135,1.03397074
1584.00000000,BACKGROUND112,BACKGROUND135,1.03397161
1585.00000000,BACKGROUND112,BACKGROUND135,1.03397249
1586.00000000,BACKGROUND112,BACKGROUND135,1.03397336
1587.00000000,BACKGROUND112,BACKGROUND135,1.03397424
1588.00000000,BACKGROUND112,BACKGROUND135,1.03397513
1589.00000000,BACKGROUND112,BACKGROUND135,1.03397601
1590.00000000,BACKGROUND112,BACKGROUND135,1.03397690
1591.00000000,BACKGROUND112,BACKGROUND135,1.03397780
1592.00000000,BACKGROUND112,BACKGROUND135,1.03397869
1593.00000000,BACKGROUND112,BACKGROUND135,1.03397959
1594.00000000,BACKGROUND112,BACKGROUND135,1.03398049
1594.00000000,BACKGROUND105,BACKGROUND163,0.00011848
1595.00000000,BACKGROUND112,BACKGROUND135,1.03398140
1596.00000000,BACKGROUND112,BACKGROUND135,1.03398231
1597.00000000,BACKGROUND112,BACKGROUND135,1.03398322
1598.00000000,BACKGROUND112,BACKGROUND135,1.03398413
1599.00000000,BACKGROUND112,BACKGROUND135,1.03398505
1600.00000000,BACKGROUND112,BACKGROUND135,1.03398597
1601.00000000,BACKGROUND112,BACKGROUND135,1.03398689
1602.00000000,BACKGROUND112,BACKGROUND135,1.03398782
1603.00000000,BACKGROUND112,BACKGROUND135,1.03398875
1604.00000000,BACKGROUND112,BACKGROUND135,1.03398968
1605.00000000,BACKGROUND112,BACKGROUND135,1.03399062
1606.00000000,BACKGROUND112,BACKGROUND135,1.03399156
1607.00000000,BACKGROUND112,BACKGROUND135,1.03399250
1608.00000000,BACKGROUND112,BACKGROUND135,1.03399344
1609.00000000,BACKGROUND112,BACKGROUND135,1.03399439
1610.00000000,BACKGROUND112,BACKGROUND135,1.03399534
1611.00000000,BACKGROUND112,BACKGROUND135,1.03399629
1612.00000000,BACKGROUND112,BACKGROUND135,1.03399725
1613.00000000,BACKGROUND112,BACKGROUND135,1.03399821
1614.00000000,BACKGROUND112,BACKGROUND135,1.03399917
1615.00000000,BACKGROUND112,BACKGROUND135,1.03400014
1616.00000000,BACKGROUND112,BACKGROUND135,1.03400111
1617.00000000,BACKGROUND112,BACKGROUND135,1.03400208
1618.00000000,BACKGROUND112,BACKGROUND135,1.03400306
1619.00000000,BACKGROUND112,BACKGROUND135,1.03400403
1620.00000000,BACKGROUND112,BACKGROUND135,1.03400502
1621.00000000,BACKGROUND112,BACKGROUND135,1.03400600
1622.00000000,BACKGROUND112,BACKGROUND135,1.03400699
1652.00000000,BACKGROUND124,BACKGROUND206,2.40794671
1672.00000000,BACKGROUND175,BACKGROUND202,16.98365955
1687.00000000,BACKGROUND140,BACKGROUND199,0.09364970
1702.00000000,BACKGROUND118,BACKGROUND97,3.95063671
1714.00000000,BACKGROUND118,BACKGROUND97,19.25725601
1756.00000000,BACKGROUND105,BACKGROUND179,7.39497735
1756.00000000,BACKGROUND141,BACKGROUND149,14.70557245
1761.00000000,BACKGROUND173,BACKGROUND185,0.79547140
1790.00000000,BACKGROUND105,BACKGROUND217,35.10145487
