# LOSS OF SEPARATION LOG
# Start and end of all loss of separation
# 
# Simulation Time [s], UAS1, UAS2, Start/End
# simt
175.00000000,BACKGROUND3,DELIVERY1,start
251.00000000,BACKGROUND3,DELIVERY1,end
435.00000000,BACKGROUND5,DELIVERY1,start
439.00000000,BACKGROUND5,DELIVERY1,end
491.00000000,BACKGROUND12,BACKGROUND5,start
494.00000000,BACKGROUND12,BACKGROUND5,end
500.00000000,BACKGROUND20,BACKGROUND4,start
504.00000000,BACKGROUND20,BACKGROUND4,end
693.00000000,BACKGROUND13,BACKGROUND32,start
699.00000000,BACKGROUND13,BACKGROUND32,end
709.00000000,BACKGROUND22,BACKGROUND24,start
712.00000000,BACKGROUND22,BACKGROUND24,end
918.00000000,DELIVERY2,DELIVERY5,start
921.00000000,DELIVERY2,DELIVERY5,end
991.00000000,DELIVERY3,DELIVERY6,start
993.00000000,DELIVERY3,DELIVERY6,end
1007.00000000,BACKGROUND39,BACKGROUND48,start
1009.00000000,BACKGROUND39,BACKGROUND48,end
1145.00000000,BACKGROUND51,DELIVERY4,start
1148.00000000,BACKGROUND51,DELIVERY4,end
1200.00000000,BACKGROUND36,BACKGROUND56,start
1206.00000000,BACKGROUND51,DELIVERY9,start
1209.00000000,BACKGROUND51,DELIVERY9,end
1213.00000000,BACKGROUND36,BACKGROUND56,end
1218.00000000,DELIVERY5,DELIVERY9,start
1221.00000000,DELIVERY5,DELIVERY9,end
1249.00000000,BACKGROUND48,BACKGROUND63,start
1251.00000000,BACKGROUND48,BACKGROUND63,end
1291.00000000,DELIVERY6,DELIVERY7,start
1293.00000000,DELIVERY6,DELIVERY7,end
1322.00000000,DELIVERY4,DELIVERY9,start
1324.00000000,DELIVERY4,DELIVERY9,end
1337.00000000,BACKGROUND35,BACKGROUND68,start
1339.00000000,BACKGROUND54,BACKGROUND64,start
1340.00000000,BACKGROUND52,BACKGROUND58,start
1341.00000000,BACKGROUND54,BACKGROUND64,end
1342.00000000,BACKGROUND35,BACKGROUND68,end
1346.00000000,BACKGROUND52,BACKGROUND58,end
1513.00000000,BACKGROUND71,BACKGROUND72,start
1518.00000000,DELIVERY11,DELIVERY9,start
1521.00000000,DELIVERY11,DELIVERY9,end
1521.00000000,BACKGROUND71,BACKGROUND72,end
1591.00000000,DELIVERY12,DELIVERY7,start
1593.00000000,DELIVERY12,DELIVERY7,end
1622.00000000,DELIVERY11,DELIVERY8,start
1624.00000000,DELIVERY11,DELIVERY8,end
1715.00000000,BACKGROUND78,DELIVERY10,start
1719.00000000,BACKGROUND78,DELIVERY10,end
1723.00000000,BACKGROUND78,DELIVERY10,start
1728.00000000,BACKGROUND78,DELIVERY10,end
1742.00000000,BACKGROUND75,DELIVERY8,start
1745.00000000,BACKGROUND75,DELIVERY8,end
1749.00000000,BACKGROUND78,DELIVERY10,start
1751.00000000,BACKGROUND78,DELIVERY10,end
1765.00000000,BACKGROUND78,DELIVERY11,start
1767.00000000,BACKGROUND78,DELIVERY11,end
1818.00000000,DELIVERY11,DELIVERY13,start
1821.00000000,BACKGROUND78,DELIVERY12,start
1821.00000000,DELIVERY11,DELIVERY13,end
1828.00000000,BACKGROUND80,BACKGROUND87,start
1828.00000000,BACKGROUND78,DELIVERY12,end
1829.00000000,BACKGROUND80,BACKGROUND87,end
1842.00000000,BACKGROUND78,DELIVERY12,start
1845.00000000,BACKGROUND80,DELIVERY13,start
1847.00000000,BACKGROUND78,DELIVERY12,end
1849.00000000,BACKGROUND80,DELIVERY13,end
1891.00000000,DELIVERY12,DELIVERY15,start
1893.00000000,DELIVERY12,DELIVERY15,end
1922.00000000,DELIVERY10,DELIVERY13,start
1924.00000000,DELIVERY10,DELIVERY13,end
2032.00000000,BACKGROUND74,BACKGROUND89,start
2035.00000000,BACKGROUND74,BACKGROUND89,end
2060.00000000,BACKGROUND98,DELIVERY10,start
2062.00000000,BACKGROUND98,DELIVERY10,end
2066.00000000,BACKGROUND90,BACKGROUND98,start
2068.00000000,BACKGROUND90,BACKGROUND98,end
2098.00000000,BACKGROUND98,DELIVERY13,start
2101.00000000,BACKGROUND98,DELIVERY13,end
2118.00000000,DELIVERY13,DELIVERY16,start
2121.00000000,BACKGROUND100,BACKGROUND74,start
2121.00000000,DELIVERY13,DELIVERY16,end
2122.00000000,BACKGROUND100,BACKGROUND74,end
2154.00000000,BACKGROUND87,BACKGROUND93,start
2187.00000000,BACKGROUND87,BACKGROUND93,end
2191.00000000,DELIVERY15,DELIVERY17,start
2193.00000000,DELIVERY15,DELIVERY17,end
2222.00000000,DELIVERY14,DELIVERY16,start
2224.00000000,DELIVERY14,DELIVERY16,end
2229.00000000,BACKGROUND95,DELIVERY18,start
2231.00000000,BACKGROUND95,DELIVERY18,end
2232.00000000,BACKGROUND105,BACKGROUND107,start
2234.00000000,BACKGROUND105,BACKGROUND107,end
2245.00000000,BACKGROUND98,DELIVERY17,start
2248.00000000,BACKGROUND98,DELIVERY17,end
2295.00000000,BACKGROUND107,BACKGROUND116,start
2297.00000000,BACKGROUND107,BACKGROUND116,end
2340.00000000,BACKGROUND114,BACKGROUND115,start
2345.00000000,BACKGROUND114,BACKGROUND115,end
2413.00000000,BACKGROUND98,DELIVERY21,start
2416.00000000,BACKGROUND98,DELIVERY21,end
2418.00000000,DELIVERY16,DELIVERY20,start
2421.00000000,DELIVERY16,DELIVERY20,end
2463.00000000,BACKGROUND100,DELIVERY21,start
2466.00000000,BACKGROUND100,DELIVERY21,end
2491.00000000,DELIVERY17,DELIVERY21,start
2493.00000000,DELIVERY17,DELIVERY21,end
2522.00000000,DELIVERY18,DELIVERY20,start
2524.00000000,DELIVERY18,DELIVERY20,end
2588.00000000,BACKGROUND123,DELIVERY19,start
2592.00000000,BACKGROUND123,DELIVERY19,end
2630.00000000,BACKGROUND132,DELIVERY18,start
2655.00000000,BACKGROUND132,DELIVERY18,end
2665.00000000,BACKGROUND132,DELIVERY18,start
2675.00000000,BACKGROUND132,DELIVERY18,end
2676.00000000,BACKGROUND133,BACKGROUND137,start
2679.00000000,BACKGROUND133,BACKGROUND137,end
2718.00000000,DELIVERY20,DELIVERY23,start
2721.00000000,DELIVERY20,DELIVERY23,end
2731.00000000,BACKGROUND131,DELIVERY21,start
2736.00000000,BACKGROUND131,DELIVERY21,end
2791.00000000,DELIVERY21,DELIVERY24,start
2793.00000000,DELIVERY21,DELIVERY24,end
2822.00000000,DELIVERY19,DELIVERY23,start
2824.00000000,DELIVERY19,DELIVERY23,end
2923.00000000,BACKGROUND131,BACKGROUND140,start
2934.00000000,BACKGROUND131,BACKGROUND140,end
2962.00000000,BACKGROUND131,BACKGROUND149,start
2967.00000000,BACKGROUND131,BACKGROUND149,end
3018.00000000,DELIVERY23,DELIVERY27,start
3021.00000000,DELIVERY23,DELIVERY27,end
3041.00000000,BACKGROUND147,BACKGROUND149,start
3043.00000000,BACKGROUND147,BACKGROUND149,end
3091.00000000,DELIVERY24,DELIVERY25,start
3093.00000000,DELIVERY24,DELIVERY25,end
3122.00000000,DELIVERY22,DELIVERY27,start
3124.00000000,DELIVERY22,DELIVERY27,end
3143.00000000,BACKGROUND147,DELIVERY22,start
3145.00000000,BACKGROUND147,DELIVERY22,end
3234.00000000,BACKGROUND153,DELIVERY27,start
3237.00000000,BACKGROUND153,DELIVERY27,end
3305.00000000,BACKGROUND155,BACKGROUND159,start
3306.00000000,BACKGROUND155,BACKGROUND159,end
3318.00000000,DELIVERY27,DELIVERY29,start
3321.00000000,DELIVERY27,DELIVERY29,end
3333.00000000,BACKGROUND156,BACKGROUND164,start
3335.00000000,BACKGROUND156,BACKGROUND164,end
3391.00000000,DELIVERY25,DELIVERY30,start
3393.00000000,DELIVERY25,DELIVERY30,end
3422.00000000,DELIVERY26,DELIVERY29,start
3424.00000000,DELIVERY26,DELIVERY29,end
3453.00000000,BACKGROUND156,BACKGROUND172,start
3456.00000000,BACKGROUND156,BACKGROUND172,end
3475.00000000,BACKGROUND166,BACKGROUND173,start
3479.00000000,BACKGROUND166,BACKGROUND173,end
3507.00000000,BACKGROUND164,BACKGROUND174,start
3511.00000000,BACKGROUND164,BACKGROUND174,end
