# CLOSEST POINT OF APPROACH LOG
# Shortest distance between 2 UAS during their conflict
# 
# Simulation Time [s], UAS1, UAS2, Distance [m]
# simt
224.00000000,BACKGROUND3,BACKGROUND8,0.00172491
278.00000000,BACKGROUND11,BACKGROUND23,1.05376175
393.00000000,BACKGROUND13,BACKGROUND32,1.45001962
573.00000000,BACKGROUND17,BACKGROUND44,11.39676108
596.00000000,BACKGROUND43,BACKGROUND47,11.49378216
610.00000000,BACKGROUND43,BACKGROUND47,0.29309320
614.00000000,BACKGROUND23,BACKGROUND41,0.23550227
637.00000000,BACKGROUND37,BACKGROUND40,0.00000035
673.00000000,BACKGROUND43,BACKGROUND47,15.54375203
720.00000000,BACKGROUND43,BACKGROUND47,13.24366350
726.00000000,SURVEILLANCEOP0,SURVEILLANCEOP1,0.13269695
749.00000000,BACKGROUND43,BACKGROUND47,0.13803642
880.00000000,BACKGROUND11,BACKGROUND55,0.00146031
970.00000000,BACKGROUND56,BACKGROUND68,1.22924289
1051.00000000,SURVEILLANCEOP0,SURVEILLANCEOP2,9.20031091
1097.00000000,SURVEILLANCEOP0,SURVEILLANCEOP6,3.08601385
1110.00000000,BACKGROUND59,BACKGROUND70,0.00231036
1111.00000000,BACKGROUND65,BACKGROUND71,4.72120097
1120.00000000,BACKGROUND65,BACKGROUND71,4.76423883
1124.00000000,BACKGROUND63,BACKGROUND78,0.20557405
1129.00000000,BACKGROUND63,BACKGROUND78,25.99765280
1131.00000000,BACKGROUND65,BACKGROUND71,4.05891024
1135.00000000,BACKGROUND65,BACKGROUND71,3.93213934
1138.00000000,BACKGROUND65,BACKGROUND71,0.05042070
1155.00000000,BACKGROUND70,BACKGROUND85,0.18179094
1180.00000000,BACKGROUND59,BACKGROUND77,0.00195320
1222.00000000,BACKGROUND77,BACKGROUND85,0.21484151
1255.00000000,BACKGROUND51,BACKGROUND90,0.00420438
1281.00000000,BACKGROUND101,BACKGROUND85,0.60346840
1307.00000000,BACKGROUND51,BACKGROUND95,0.78509685
1351.00000000,BACKGROUND105,BACKGROUND112,13.38315917
1372.00000000,BACKGROUND57,BACKGROUND77,26.47854059
1373.00000000,BACKGROUND57,BACKGROUND77,26.47854058
1374.00000000,BACKGROUND57,BACKGROUND77,26.47854058
1375.00000000,BACKGROUND57,BACKGROUND77,26.47854057
1376.00000000,BACKGROUND57,BACKGROUND77,26.47854057
1377.00000000,BACKGROUND57,BACKGROUND77,26.47854057
1378.00000000,BACKGROUND57,BACKGROUND77,26.47854057
1379.00000000,BACKGROUND57,BACKGROUND77,26.47854058
1380.00000000,BACKGROUND57,BACKGROUND77,26.47854058
1381.00000000,BACKGROUND57,BACKGROUND77,26.47854058
1382.00000000,BACKGROUND57,BACKGROUND77,26.47854059
1383.00000000,BACKGROUND57,BACKGROUND77,26.47854059
1384.00000000,BACKGROUND57,BACKGROUND77,26.47854060
1385.00000000,BACKGROUND57,BACKGROUND77,26.47854060
1386.00000000,BACKGROUND57,BACKGROUND77,26.47854060
1387.00000000,BACKGROUND57,BACKGROUND77,26.47854061
1388.00000000,BACKGROUND57,BACKGROUND77,26.47854061
1389.00000000,BACKGROUND57,BACKGROUND77,26.47854060
1390.00000000,BACKGROUND57,BACKGROUND77,26.47854058
1391.00000000,BACKGROUND57,BACKGROUND77,26.47854057
1392.00000000,BACKGROUND57,BACKGROUND77,26.47854056
1393.00000000,BACKGROUND57,BACKGROUND77,26.47854055
1394.00000000,BACKGROUND57,BACKGROUND77,26.47854054
1395.00000000,BACKGROUND57,BACKGROUND77,26.47854053
1396.00000000,BACKGROUND57,BACKGROUND77,26.47854051
1398.00000000,BACKGROUND57,BACKGROUND77,26.47854049
1399.00000000,BACKGROUND57,BACKGROUND77,26.47854049
1400.00000000,BACKGROUND57,BACKGROUND77,26.47854050
1401.00000000,BACKGROUND57,BACKGROUND77,26.47854050
1402.00000000,BACKGROUND57,BACKGROUND77,26.47854051
1403.00000000,BACKGROUND57,BACKGROUND77,26.47854051
1404.00000000,BACKGROUND57,BACKGROUND77,26.47854051
1404.00000000,BACKGROUND115,BACKGROUND87,1.12030402
1405.00000000,BACKGROUND57,BACKGROUND77,26.47854052
1406.00000000,BACKGROUND57,BACKGROUND77,26.47854052
1407.00000000,BACKGROUND57,BACKGROUND77,26.47854053
1408.00000000,BACKGROUND57,BACKGROUND77,26.47854053
1409.00000000,BACKGROUND57,BACKGROUND77,26.47854053
1410.00000000,BACKGROUND57,BACKGROUND77,26.47854054
1412.00000000,BACKGROUND57,BACKGROUND77,26.47854055
1413.00000000,BACKGROUND57,BACKGROUND77,26.47854055
1414.00000000,BACKGROUND101,BACKGROUND57,0.00000000
1415.00000000,BACKGROUND57,BACKGROUND77,26.47854056
1416.00000000,BACKGROUND57,BACKGROUND77,26.47854056
1416.00000000,BACKGROUND101,BACKGROUND77,0.00000024
1418.00000000,BACKGROUND57,BACKGROUND77,26.47854057
1419.00000000,BACKGROUND57,BACKGROUND77,26.47854057
1420.00000000,BACKGROUND57,BACKGROUND77,26.47854058
1421.00000000,BACKGROUND57,BACKGROUND77,26.47854058
1422.00000000,BACKGROUND57,BACKGROUND77,26.47854059
1423.00000000,BACKGROUND57,BACKGROUND77,26.47854059
1425.00000000,BACKGROUND57,BACKGROUND77,26.47854060
1426.00000000,BACKGROUND57,BACKGROUND77,26.47854060
1427.00000000,BACKGROUND57,BACKGROUND77,26.47854061
1428.00000000,BACKGROUND57,BACKGROUND77,26.47854061
1429.00000000,BACKGROUND57,BACKGROUND77,26.47854060
1432.00000000,BACKGROUND57,BACKGROUND77,26.47854057
1433.00000000,BACKGROUND57,BACKGROUND77,26.47854055
1434.00000000,BACKGROUND57,BACKGROUND77,26.47854054
1436.00000000,BACKGROUND57,BACKGROUND77,26.47854052
1437.00000000,BACKGROUND57,BACKGROUND77,26.47854051
1438.00000000,BACKGROUND57,BACKGROUND77,26.47854049
1475.00000000,BACKGROUND57,BACKGROUND77,26.47153697
1476.00000000,BACKGROUND57,BACKGROUND77,26.47153697
1477.00000000,BACKGROUND57,BACKGROUND77,26.47153697
1478.00000000,BACKGROUND57,BACKGROUND77,26.47153697
1479.00000000,BACKGROUND57,BACKGROUND77,26.47153697
1480.00000000,BACKGROUND57,BACKGROUND77,26.47153697
1481.00000000,BACKGROUND57,BACKGROUND77,26.47153697
1482.00000000,BACKGROUND57,BACKGROUND77,26.47153697
1483.00000000,BACKGROUND57,BACKGROUND77,26.47153697
1484.00000000,BACKGROUND57,BACKGROUND77,26.47153697
1485.00000000,BACKGROUND57,BACKGROUND77,26.47153697
1486.00000000,BACKGROUND57,BACKGROUND77,26.47153697
1487.00000000,BACKGROUND57,BACKGROUND77,26.47153697
1488.00000000,BACKGROUND57,BACKGROUND77,26.47153697
1489.00000000,BACKGROUND57,BACKGROUND77,26.47153697
1490.00000000,BACKGROUND57,BACKGROUND77,26.47153697
1491.00000000,BACKGROUND57,BACKGROUND77,26.47153697
1492.00000000,BACKGROUND57,BACKGROUND77,26.47153697
1493.00000000,BACKGROUND57,BACKGROUND77,26.47153697
1494.00000000,BACKGROUND57,BACKGROUND77,26.47153697
1495.00000000,BACKGROUND57,BACKGROUND77,26.47153697
1495.00000000,BACKGROUND114,BACKGROUND75,0.53608668
1496.00000000,BACKGROUND57,BACKGROUND77,26.47153697
1497.00000000,BACKGROUND57,BACKGROUND77,26.47153697
1498.00000000,BACKGROUND57,BACKGROUND77,26.47153697
1499.00000000,BACKGROUND57,BACKGROUND77,26.47153697
1500.00000000,BACKGROUND57,BACKGROUND77,26.47153697
1501.00000000,BACKGROUND57,BACKGROUND77,26.47153697
1502.00000000,BACKGROUND57,BACKGROUND77,26.47153697
1503.00000000,BACKGROUND57,BACKGROUND77,26.47153697
1504.00000000,BACKGROUND57,BACKGROUND77,26.47153697
1505.00000000,BACKGROUND57,BACKGROUND77,26.47153697
1506.00000000,BACKGROUND57,BACKGROUND77,26.47153697
1507.00000000,BACKGROUND57,BACKGROUND77,26.47153697
1508.00000000,BACKGROUND57,BACKGROUND77,26.47153697
1509.00000000,BACKGROUND57,BACKGROUND77,26.47153697
1510.00000000,BACKGROUND57,BACKGROUND77,26.47153697
1511.00000000,BACKGROUND57,BACKGROUND77,26.47153697
1512.00000000,BACKGROUND57,BACKGROUND77,26.47153697
1513.00000000,BACKGROUND57,BACKGROUND77,26.47153697
1514.00000000,BACKGROUND57,BACKGROUND77,26.47153697
1515.00000000,BACKGROUND57,BACKGROUND77,26.47153697
1516.00000000,BACKGROUND57,BACKGROUND77,26.47153697
1517.00000000,BACKGROUND57,BACKGROUND77,26.47153697
1518.00000000,BACKGROUND57,BACKGROUND77,26.47153697
1519.00000000,BACKGROUND57,BACKGROUND77,26.47153697
1520.00000000,BACKGROUND57,BACKGROUND77,26.47153697
1521.00000000,BACKGROUND57,BACKGROUND77,26.47153697
1522.00000000,BACKGROUND57,BACKGROUND77,26.47153697
1523.00000000,BACKGROUND57,BACKGROUND77,26.47153697
1524.00000000,BACKGROUND57,BACKGROUND77,26.47153697
1525.00000000,BACKGROUND57,BACKGROUND77,26.47153697
1526.00000000,BACKGROUND57,BACKGROUND77,26.47153697
1527.00000000,BACKGROUND57,BACKGROUND77,26.47153697
1528.00000000,BACKGROUND57,BACKGROUND77,26.47153697
1529.00000000,BACKGROUND57,BACKGROUND77,26.47153697
1530.00000000,BACKGROUND57,BACKGROUND77,26.47153697
1531.00000000,BACKGROUND57,BACKGROUND77,26.47153697
1532.00000000,BACKGROUND57,BACKGROUND77,26.47153697
1533.00000000,BACKGROUND57,BACKGROUND77,26.47153697
1534.00000000,BACKGROUND57,BACKGROUND77,26.47153697
1535.00000000,BACKGROUND57,BACKGROUND77,26.47153697
1536.00000000,BACKGROUND57,BACKGROUND77,26.47153697
1537.00000000,BACKGROUND57,BACKGROUND77,26.47153697
1538.00000000,BACKGROUND57,BACKGROUND77,26.47153697
1539.00000000,BACKGROUND57,BACKGROUND77,26.47153697
1540.00000000,BACKGROUND57,BACKGROUND77,26.47153697
1540.00000000,BACKGROUND119,BACKGROUND77,0.33939888
1541.00000000,BACKGROUND57,BACKGROUND77,26.47153697
1542.00000000,BACKGROUND57,BACKGROUND77,26.47153697
1543.00000000,BACKGROUND57,BACKGROUND77,26.47153697
1544.00000000,BACKGROUND57,BACKGROUND77,26.47153697
1545.00000000,BACKGROUND57,BACKGROUND77,26.47153697
1545.00000000,BACKGROUND119,BACKGROUND57,0.31549898
1546.00000000,BACKGROUND57,BACKGROUND77,26.47153697
1547.00000000,BACKGROUND57,BACKGROUND77,26.47153697
1548.00000000,BACKGROUND57,BACKGROUND77,26.47153697
1549.00000000,BACKGROUND57,BACKGROUND77,26.47153697
1555.00000000,BACKGROUND57,BACKGROUND77,16.57853036
1632.00000000,BACKGROUND102,BACKGROUND118,0.00945773
1633.00000000,BACKGROUND102,BACKGROUND118,0.00945761
