# FLIGHT LOG
# Takeoff, landing, and distance flown of each UAS.
# 
# Simulation Time [s], UAS, Takeoff/Landing, Distance [m]
# simt
2.05000000,SURVEILLANCEOP6,takeoff,0
2.05000000,SURVEILLANCEOP3,takeoff,0
2.05000000,SURVEILLANCEOP4,takeoff,0
2.05000000,SURVEILLANCEOP5,takeoff,0
92.05000000,BACKGROUND1,takeoff,0
183.05000000,BACKGROUND2,takeoff,0
275.05000000,BACKGROUND3,takeoff,0
314.80000000,BACKGROUND2,landing,1241.37449152
350.40000000,BACKGROUND1,landing,3486.07468621
366.05000000,BACKGROUND4,takeoff,0
458.05000000,BACKGROUND5,takeoff,0
541.05000000,SURVEILLANCEOP1,takeoff,0
586.80000000,BACKGROUND3,landing,2624.02797756
620.05000000,SURVEILLANCEOP0,takeoff,0
641.05000000,BACKGROUND6,takeoff,0
721.05000000,SURVEILLANCEOP2,takeoff,0
752.85000000,BACKGROUND5,landing,4663.09147262
915.05000000,BACKGROUND8,takeoff,0
1010.05000000,BACKGROUND4,landing,6716.09993675
1070.45000000,BACKGROUND8,landing,1937.87739902
1098.05000000,BACKGROUND9,takeoff,0
1106.30000000,SURVEILLANCEOP0,landing,8095.60158503
1162.75000000,BACKGROUND6,landing,5079.62084687
1190.05000000,BACKGROUND10,takeoff,0
1373.05000000,BACKGROUND11,takeoff,0
1404.75000000,BACKGROUND10,landing,1977.11762425
1421.65000000,SURVEILLANCEOP1,landing,8653.86903896
1464.05000000,BACKGROUND12,takeoff,0
1509.40000000,BACKGROUND9,landing,6151.40529492
1604.75000000,BACKGROUND12,landing,1928.69951354
1647.05000000,BACKGROUND13,takeoff,0
1739.05000000,BACKGROUND14,takeoff,0
1747.85000000,BACKGROUND11,landing,5154.42452187
