# FLIGHT LOG
# Takeoff, landing, and distance flown of each UAS.
# 
# Simulation Time [s], UAS, Takeoff/Landing, Distance [m]
# simt
8.05000000,BACKGROUND1,takeoff,0
15.05000000,BACKGROUND2,takeoff,0
22.05000000,BACKGROUND3,takeoff,0
29.05000000,BACKGROUND4,takeoff,0
36.05000000,BACKGROUND5,takeoff,0
44.05000000,BACKGROUND6,takeoff,0
51.05000000,BACKGROUND7,takeoff,0
58.05000000,BACKGROUND8,takeoff,0
60.05000000,SURVEILLANCE_TURKISH,takeoff,0
80.05000000,BACKGROUND9,takeoff,0
87.05000000,BACKGROUND10,takeoff,0
94.05000000,BACKGROUND11,takeoff,0
101.05000000,BACKGROUND12,takeoff,0
108.05000000,BACKGROUND13,takeoff,0
116.05000000,BACKGROUND14,takeoff,0
123.05000000,BACKGROUND15,takeoff,0
130.05000000,BACKGROUND16,takeoff,0
139.75000000,BACKGROUND3,landing,1549.57605734
144.05000000,BACKGROUND18,takeoff,0
152.15000000,BACKGROUND1,landing,2541.36750000
159.05000000,BACKGROUND20,takeoff,0
180.05000000,BACKGROUND21,takeoff,0
180.05000000,SURVEILLANCE_LUFTHANSA,takeoff,0
181.05000000,SURVEILLANCEOP1,takeoff,0
181.05000000,SURVEILLANCEOP2,takeoff,0
181.05000000,SURVEILLANCEOP3,takeoff,0
188.05000000,BACKGROUND22,takeoff,0
195.05000000,BACKGROUND23,takeoff,0
212.05000000,BACKGROUND19,takeoff,0
224.05000000,BACKGROUND27,takeoff,0
240.05000000,SURVEILLANCE_EUROWINGS,takeoff,0
241.05000000,BACKGROUND9,landing,1827.57581560
241.05000000,SURVEILLANCEOP4,takeoff,0
245.05000000,BACKGROUND30,takeoff,0
257.05000000,BACKGROUND17,takeoff,0
259.05000000,BACKGROUND32,takeoff,0
262.05000000,BACKGROUND24,takeoff,0
267.05000000,BACKGROUND33,takeoff,0
269.05000000,BACKGROUND25,takeoff,0
274.05000000,BACKGROUND34,takeoff,0
281.05000000,BACKGROUND35,takeoff,0
288.05000000,BACKGROUND36,takeoff,0
291.85000000,BACKGROUND10,landing,2848.59815197
294.95000000,BACKGROUND2,landing,3218.52887802
300.05000000,BACKGROUND26,takeoff,0
301.85000000,BACKGROUND32,landing,938.72144696
301.85000000,BACKGROUND32,takeoff,0
301.90000000,BACKGROUND33,landing,679.17189869
301.90000000,BACKGROUND33,takeoff,0
302.10000000,BACKGROUND35,landing,326.46750000
302.10000000,BACKGROUND35,takeoff,0
302.40000000,BACKGROUND21,landing,2020.24765313
302.40000000,BACKGROUND21,takeoff,0
303.05000000,BACKGROUND38,takeoff,0
304.15000000,BACKGROUND17,landing,774.22994813
304.15000000,BACKGROUND17,takeoff,0
304.30000000,BACKGROUND11,landing,3551.32124403
304.30000000,BACKGROUND11,takeoff,0
304.50000000,BACKGROUND22,landing,1744.25032448
304.50000000,BACKGROUND22,takeoff,0
304.55000000,BACKGROUND12,landing,2084.35638854
305.35000000,BACKGROUND30,landing,992.98939313
305.35000000,BACKGROUND30,takeoff,0
305.90000000,BACKGROUND20,landing,1814.68955022
305.90000000,BACKGROUND20,takeoff,0
306.15000000,BACKGROUND16,landing,945.25158788
306.15000000,BACKGROUND16,takeoff,0
309.35000000,BACKGROUND7,landing,1461.72714843
309.35000000,BACKGROUND7,takeoff,0
309.85000000,BACKGROUND24,landing,764.09681744
309.85000000,BACKGROUND24,takeoff,0
309.95000000,BACKGROUND14,landing,2879.33627827
309.95000000,BACKGROUND14,takeoff,0
310.05000000,BACKGROUND39,takeoff,0
310.45000000,BACKGROUND4,landing,4600.29817429
310.80000000,BACKGROUND27,landing,1236.73790104
310.80000000,BACKGROUND27,takeoff,0
312.05000000,BACKGROUND31,takeoff,0
314.45000000,BACKGROUND36,landing,310.23058227
314.45000000,BACKGROUND36,takeoff,0
315.75000000,BACKGROUND18,landing,2954.00161166
315.75000000,BACKGROUND18,takeoff,0
322.15000000,BACKGROUND34,landing,424.89824767
322.15000000,BACKGROUND34,takeoff,0
324.05000000,BACKGROUND40,takeoff,0
324.95000000,BACKGROUND23,landing,1213.61212149
324.95000000,BACKGROUND23,takeoff,0
326.30000000,BACKGROUND6,landing,2020.47878916
326.30000000,BACKGROUND6,takeoff,0
330.50000000,BACKGROUND19,landing,1142.41168166
332.70000000,BACKGROUND25,landing,277.69900276
332.70000000,BACKGROUND25,takeoff,0
333.45000000,BACKGROUND5,landing,5035.10954554
339.05000000,BACKGROUND42,takeoff,0
350.70000000,BACKGROUND27,landing,311.54878792
353.05000000,BACKGROUND43,takeoff,0
359.00000000,BACKGROUND15,landing,2965.44402436
375.05000000,BACKGROUND46,takeoff,0
378.05000000,BACKGROUND8,landing,4378.02636513
382.05000000,BACKGROUND47,takeoff,0
389.05000000,BACKGROUND48,takeoff,0
403.05000000,BACKGROUND50,takeoff,0
407.15000000,BACKGROUND23,landing,354.77440634
420.05000000,BACKGROUND44,takeoff,0
425.05000000,BACKGROUND52,takeoff,0
432.05000000,BACKGROUND53,takeoff,0
439.05000000,BACKGROUND54,takeoff,0
447.05000000,BACKGROUND55,takeoff,0
448.65000000,BACKGROUND13,landing,3333.72034509
461.10000000,BACKGROUND11,landing,1008.44103604
490.05000000,BACKGROUND61,takeoff,0
492.05000000,SURVEILLANCEOP5,takeoff,0
493.85000000,BACKGROUND7,landing,1439.99264501
504.05000000,BACKGROUND62,takeoff,0
510.05000000,SURVEILLANCE_EUROWINGS,landing,11964.15851227
511.05000000,BACKGROUND41,takeoff,0
526.05000000,BACKGROUND65,takeoff,0
527.05000000,SURVEILLANCE_HELICOPTER,takeoff,0
549.00000000,BACKGROUND46,landing,1871.08464608
578.30000000,BACKGROUND20,landing,1851.04523797
578.65000000,BACKGROUND30,landing,2448.18373807
595.85000000,BACKGROUND18,landing,1958.87116363
600.05000000,BACKGROUND29,takeoff,0
600.05000000,BACKGROUND37,takeoff,0
600.05000000,BACKGROUND56,takeoff,0
600.05000000,BACKGROUND58,takeoff,0
600.05000000,BACKGROUND63,takeoff,0
600.60000000,BACKGROUND65,landing,1061.33006835
600.60000000,BACKGROUND65,takeoff,0
601.55000000,BACKGROUND6,landing,1649.61989234
602.05000000,BACKGROUND60,takeoff,0
602.10000000,BACKGROUND25,landing,1432.18137527
602.10000000,BACKGROUND25,takeoff,0
603.00000000,BACKGROUND39,landing,2867.14662229
603.00000000,BACKGROUND39,takeoff,0
603.70000000,BACKGROUND44,landing,1867.17574317
603.70000000,BACKGROUND44,takeoff,0
605.30000000,BACKGROUND31,landing,2577.44387802
605.30000000,BACKGROUND31,takeoff,0
606.00000000,BACKGROUND53,landing,1483.08340575
606.00000000,BACKGROUND53,takeoff,0
606.55000000,BACKGROUND24,landing,2005.68223037
606.55000000,BACKGROUND24,takeoff,0
606.60000000,BACKGROUND62,landing,685.39934746
606.60000000,BACKGROUND62,takeoff,0
606.95000000,BACKGROUND38,landing,3266.33600459
606.95000000,BACKGROUND38,takeoff,0
607.70000000,BACKGROUND34,landing,2426.82571472
607.70000000,BACKGROUND34,takeoff,0
608.65000000,BACKGROUND48,landing,2300.26841118
608.65000000,BACKGROUND48,takeoff,0
609.05000000,BACKGROUND52,landing,1764.02811657
609.05000000,BACKGROUND52,takeoff,0
609.85000000,BACKGROUND33,landing,2025.58701208
609.85000000,BACKGROUND33,takeoff,0
610.65000000,BACKGROUND54,landing,2225.44254771
610.65000000,BACKGROUND54,takeoff,0
612.35000000,BACKGROUND55,landing,1184.76464544
612.35000000,BACKGROUND55,takeoff,0
618.85000000,BACKGROUND50,landing,1178.35850804
618.85000000,BACKGROUND50,takeoff,0
619.10000000,BACKGROUND26,landing,1914.35675354
619.25000000,BACKGROUND14,landing,2793.28111330
619.35000000,BACKGROUND47,landing,1627.03973488
619.35000000,BACKGROUND47,takeoff,0
623.60000000,BACKGROUND21,landing,2964.35017560
623.60000000,BACKGROUND21,takeoff,0
623.90000000,BACKGROUND36,landing,1321.65071886
623.90000000,BACKGROUND36,takeoff,0
624.35000000,BACKGROUND42,landing,2956.06084177
625.65000000,BACKGROUND61,landing,930.45815436
625.65000000,BACKGROUND61,takeoff,0
632.65000000,BACKGROUND40,landing,2915.09306405
632.65000000,BACKGROUND40,takeoff,0
634.55000000,BACKGROUND16,landing,2098.58505123
634.55000000,BACKGROUND16,takeoff,0
652.25000000,BACKGROUND32,landing,2074.70759570
652.25000000,BACKGROUND32,takeoff,0
655.05000000,BACKGROUND80,takeoff,0
662.05000000,BACKGROUND81,takeoff,0
670.05000000,BACKGROUND82,takeoff,0
672.00000000,BACKGROUND41,landing,1404.44158584
672.00000000,BACKGROUND41,takeoff,0
673.80000000,BACKGROUND43,landing,1923.88357333
683.30000000,BACKGROUND17,landing,1972.54664500
691.05000000,BACKGROUND22,landing,2104.36029561
693.35000000,SURVEILLANCE_HELICOPTER,landing,8844.59900772
693.80000000,BACKGROUND35,landing,1531.70729427
713.05000000,BACKGROUND88,takeoff,0
724.50000000,BACKGROUND25,landing,701.37817595
727.05000000,BACKGROUND90,takeoff,0
741.05000000,BACKGROUND92,takeoff,0
756.05000000,BACKGROUND94,takeoff,0
763.05000000,BACKGROUND95,takeoff,0
765.05000000,BACKGROUND87,takeoff,0
777.05000000,BACKGROUND96,takeoff,0
785.05000000,BACKGROUND97,takeoff,0
792.05000000,BACKGROUND98,takeoff,0
800.20000000,BACKGROUND33,landing,942.49508137
813.05000000,BACKGROUND100,takeoff,0
817.55000000,BACKGROUND21,landing,891.72795680
833.40000000,BACKGROUND50,landing,1262.61323750
835.05000000,BACKGROUND101,takeoff,0
837.35000000,SURVEILLANCEOP2,landing,6208.56061897
852.70000000,BACKGROUND38,landing,2291.03959102
857.05000000,BACKGROUND104,takeoff,0
859.75000000,BACKGROUND41,landing,1447.75290165
870.65000000,BACKGROUND62,landing,1333.73580344
871.05000000,BACKGROUND105,takeoff,0
885.05000000,BACKGROUND107,takeoff,0
900.05000000,BACKGROUND77,takeoff,0
900.05000000,BACKGROUND78,takeoff,0
900.05000000,BACKGROUND74,takeoff,0
900.05000000,BACKGROUND109,takeoff,0
901.00000000,BACKGROUND107,landing,146.24629753
901.00000000,BACKGROUND107,takeoff,0
901.90000000,BACKGROUND101,landing,717.21071062
901.90000000,BACKGROUND101,takeoff,0
902.40000000,BACKGROUND36,landing,1431.42754158
902.40000000,BACKGROUND36,takeoff,0
903.50000000,BACKGROUND58,landing,1786.10382547
903.50000000,BACKGROUND58,takeoff,0
903.60000000,BACKGROUND55,landing,2363.97012266
903.60000000,BACKGROUND55,takeoff,0
904.05000000,BACKGROUND65,landing,1470.74061031
904.05000000,BACKGROUND65,takeoff,0
904.25000000,BACKGROUND63,landing,1822.18486660
904.25000000,BACKGROUND63,takeoff,0
906.75000000,BACKGROUND24,landing,2231.49021706
907.05000000,BACKGROUND110,takeoff,0
907.05000000,BACKGROUND40,landing,1615.32951142
907.05000000,BACKGROUND40,takeoff,0
907.45000000,BACKGROUND34,landing,1731.23780475
907.45000000,BACKGROUND34,takeoff,0
908.30000000,BACKGROUND82,landing,1888.18995281
908.30000000,BACKGROUND82,takeoff,0
908.70000000,BACKGROUND29,landing,1851.72651459
908.70000000,BACKGROUND29,takeoff,0
909.50000000,BACKGROUND96,landing,1014.94396286
909.50000000,BACKGROUND96,takeoff,0
910.25000000,BACKGROUND37,landing,1785.97979666
910.25000000,BACKGROUND37,takeoff,0
910.80000000,BACKGROUND80,landing,1735.24617882
912.15000000,BACKGROUND97,landing,757.50305324
912.15000000,BACKGROUND97,takeoff,0
913.65000000,BACKGROUND100,landing,566.91656551
913.65000000,BACKGROUND100,takeoff,0
913.70000000,BACKGROUND32,landing,2439.35189118
913.70000000,BACKGROUND32,takeoff,0
913.95000000,BACKGROUND48,landing,2295.44655290
913.95000000,BACKGROUND48,takeoff,0
916.25000000,BACKGROUND87,landing,805.08360344
916.25000000,BACKGROUND87,takeoff,0
916.30000000,BACKGROUND56,landing,2127.16922849
916.30000000,BACKGROUND56,takeoff,0
916.70000000,BACKGROUND98,landing,524.38759322
916.70000000,BACKGROUND98,takeoff,0
916.90000000,BACKGROUND31,landing,2281.59592664
916.90000000,BACKGROUND31,takeoff,0
918.40000000,BACKGROUND90,landing,1670.18767346
918.40000000,BACKGROUND90,takeoff,0
920.60000000,BACKGROUND92,landing,969.32798723
920.60000000,BACKGROUND92,takeoff,0
920.65000000,BACKGROUND60,landing,1812.41298413
920.65000000,BACKGROUND60,takeoff,0
920.75000000,BACKGROUND16,landing,1454.11226752
920.75000000,BACKGROUND16,takeoff,0
921.05000000,BACKGROUND112,takeoff,0
921.80000000,BACKGROUND52,landing,1814.29610241
921.80000000,BACKGROUND52,takeoff,0
921.85000000,BACKGROUND53,landing,2795.59649325
921.85000000,BACKGROUND53,takeoff,0
922.30000000,SURVEILLANCEOP4,landing,6465.71768695
923.80000000,BACKGROUND44,landing,1850.25654625
923.80000000,BACKGROUND44,takeoff,0
925.85000000,BACKGROUND88,landing,1141.46570096
925.85000000,BACKGROUND88,takeoff,0
926.45000000,SURVEILLANCEOP1,landing,7128.89862725
929.20000000,BACKGROUND105,landing,309.86454874
929.20000000,BACKGROUND105,takeoff,0
932.75000000,BACKGROUND81,landing,1661.05721481
932.75000000,BACKGROUND81,takeoff,0
934.50000000,BACKGROUND104,landing,426.09181911
934.50000000,BACKGROUND104,takeoff,0
941.75000000,BACKGROUND94,landing,1152.97422691
941.75000000,BACKGROUND94,takeoff,0
945.40000000,BACKGROUND95,landing,942.71841665
945.40000000,BACKGROUND95,takeoff,0
947.85000000,BACKGROUND47,landing,1911.69060435
947.85000000,BACKGROUND47,takeoff,0
950.05000000,BACKGROUND116,takeoff,0
960.05000000,BACKGROUND40,landing,190.64893851
960.75000000,BACKGROUND39,landing,1773.93579610
960.75000000,BACKGROUND39,takeoff,0
973.95000000,BACKGROUND61,landing,1785.08118400
977.05000000,BACKGROUND83,takeoff,0
979.05000000,BACKGROUND119,takeoff,0
993.05000000,BACKGROUND121,takeoff,0
1000.05000000,BACKGROUND122,takeoff,0
1010.50000000,BACKGROUND54,landing,2361.23885187
1024.05000000,BACKGROUND117,takeoff,0
1024.75000000,SURVEILLANCEOP3,landing,8148.85479055
1027.05000000,BACKGROUND48,landing,566.77305187
1036.05000000,BACKGROUND127,takeoff,0
1045.25000000,BACKGROUND34,landing,522.86023646
1055.50000000,BACKGROUND58,landing,722.85384822
1058.05000000,BACKGROUND129,takeoff,0
1077.90000000,BACKGROUND87,landing,968.00757951
1080.05000000,BACKGROUND131,takeoff,0
1080.80000000,BACKGROUND56,landing,981.76516296
1084.50000000,BACKGROUND52,landing,847.00203732
1091.35000000,BACKGROUND29,landing,897.38133381
1101.05000000,BACKGROUND134,takeoff,0
1144.05000000,BACKGROUND138,takeoff,0
1151.05000000,BACKGROUND139,takeoff,0
1159.05000000,BACKGROUND140,takeoff,0
1164.70000000,BACKGROUND39,landing,1212.61419766
1167.05000000,BACKGROUND55,landing,1428.18554230
1173.05000000,BACKGROUND142,takeoff,0
1187.05000000,BACKGROUND144,takeoff,0
1193.70000000,SURVEILLANCEOP5,landing,6933.28287257
1200.05000000,BACKGROUND66,takeoff,0
1200.05000000,BACKGROUND73,takeoff,0
1200.05000000,BACKGROUND85,takeoff,0
1200.05000000,BACKGROUND86,takeoff,0
1200.05000000,BACKGROUND89,takeoff,0
1200.05000000,BACKGROUND91,takeoff,0
1200.05000000,BACKGROUND103,takeoff,0
1200.05000000,BACKGROUND106,takeoff,0
1200.05000000,BACKGROUND108,takeoff,0
1200.50000000,BACKGROUND134,landing,512.09400613
1200.50000000,BACKGROUND134,takeoff,0
1202.50000000,BACKGROUND32,landing,1103.89640579
1202.50000000,BACKGROUND32,takeoff,0
1203.20000000,BACKGROUND60,landing,1548.15852571
1203.60000000,BACKGROUND95,landing,1550.45242914
1203.60000000,BACKGROUND95,takeoff,0
1203.70000000,BACKGROUND92,landing,1784.86749038
1203.70000000,BACKGROUND92,takeoff,0
1203.80000000,BACKGROUND142,landing,140.41258519
1203.80000000,BACKGROUND142,takeoff,0
1203.90000000,BACKGROUND83,landing,1355.35257356
1203.90000000,BACKGROUND83,takeoff,0
1203.90000000,BACKGROUND140,landing,254.74977702
1203.90000000,BACKGROUND140,takeoff,0
1204.70000000,BACKGROUND131,landing,1186.82301430
1204.70000000,BACKGROUND131,takeoff,0
1205.50000000,BACKGROUND138,landing,363.05391173
1205.50000000,BACKGROUND138,takeoff,0
1205.55000000,BACKGROUND129,landing,725.45327168
1205.55000000,BACKGROUND129,takeoff,0
1206.15000000,BACKGROUND97,landing,1592.82704703
1206.15000000,BACKGROUND97,takeoff,0
1206.30000000,BACKGROUND98,landing,2045.18295229
1206.30000000,BACKGROUND98,takeoff,0
1206.45000000,BACKGROUND119,landing,1246.07032063
1206.45000000,BACKGROUND119,takeoff,0
1206.80000000,BACKGROUND105,landing,1372.79834794
1206.80000000,BACKGROUND105,takeoff,0
1206.90000000,BACKGROUND96,landing,1787.01954389
1206.90000000,BACKGROUND96,takeoff,0
1207.45000000,BACKGROUND110,landing,2120.78388245
1207.45000000,BACKGROUND110,takeoff,0
1207.55000000,BACKGROUND144,landing,139.19881347
1207.55000000,BACKGROUND144,takeoff,0
1208.55000000,BACKGROUND116,landing,1386.56873194
1208.55000000,BACKGROUND116,takeoff,0
1210.15000000,BACKGROUND77,landing,1858.23056319
1210.15000000,BACKGROUND77,takeoff,0
1211.25000000,BACKGROUND139,landing,697.11199873
1211.25000000,BACKGROUND139,takeoff,0
1211.85000000,BACKGROUND122,landing,1441.14471692
1211.85000000,BACKGROUND122,takeoff,0
1212.70000000,BACKGROUND81,landing,1682.38346259
1212.70000000,BACKGROUND81,takeoff,0
1212.75000000,BACKGROUND37,landing,1682.28317264
1212.75000000,BACKGROUND37,takeoff,0
1213.35000000,BACKGROUND74,landing,1658.92187631
1213.35000000,BACKGROUND74,takeoff,0
1215.95000000,BACKGROUND36,landing,1716.82713663
1215.95000000,BACKGROUND36,takeoff,0
1215.95000000,BACKGROUND117,landing,1148.31886005
1215.95000000,BACKGROUND117,takeoff,0
1216.25000000,BACKGROUND100,landing,1818.71256561
1216.25000000,BACKGROUND100,takeoff,0
1216.35000000,BACKGROUND112,landing,2068.29586208
1216.35000000,BACKGROUND112,takeoff,0
1219.25000000,BACKGROUND101,landing,2077.54188334
1219.25000000,BACKGROUND101,takeoff,0
1219.30000000,BACKGROUND94,landing,1411.09625076
1219.30000000,BACKGROUND94,takeoff,0
1221.45000000,BACKGROUND63,landing,2043.82721072
1221.45000000,BACKGROUND63,takeoff,0
1221.65000000,BACKGROUND82,landing,1238.09368287
1221.65000000,BACKGROUND82,takeoff,0
1226.05000000,BACKGROUND120,takeoff,0
1226.05000000,BACKGROUND107,landing,1981.15619481
1226.05000000,BACKGROUND107,takeoff,0
1227.05000000,BACKGROUND90,landing,1941.99940471
1227.05000000,BACKGROUND90,takeoff,0
1227.45000000,BACKGROUND121,landing,1216.79201350
1227.45000000,BACKGROUND121,takeoff,0
1235.65000000,BACKGROUND78,landing,1792.74930516
1235.65000000,BACKGROUND78,takeoff,0
1236.05000000,BACKGROUND114,takeoff,0
1237.90000000,BACKGROUND65,landing,2444.13316738
1237.90000000,BACKGROUND65,takeoff,0
1238.05000000,BACKGROUND148,takeoff,0
1245.05000000,BACKGROUND149,takeoff,0
1254.95000000,BACKGROUND109,landing,1443.66424343
1254.95000000,BACKGROUND109,takeoff,0
1276.05000000,BACKGROUND147,takeoff,0
1283.75000000,BACKGROUND127,landing,1389.44277223
1283.95000000,BACKGROUND53,landing,2248.04620576
1288.00000000,BACKGROUND95,landing,631.54776473
1293.00000000,BACKGROUND100,landing,456.11278543
1295.05000000,BACKGROUND155,takeoff,0
1302.40000000,BACKGROUND104,landing,1446.73505378
1302.90000000,BACKGROUND110,landing,708.03257403
1303.95000000,BACKGROUND82,landing,489.85588807
1312.45000000,BACKGROUND88,landing,1654.16008138
1317.05000000,BACKGROUND158,takeoff,0
1331.05000000,BACKGROUND160,takeoff,0
1331.90000000,BACKGROUND31,landing,1422.51531883
1344.00000000,BACKGROUND32,landing,621.10678408
1367.05000000,BACKGROUND164,takeoff,0
1374.10000000,BACKGROUND37,landing,735.01666184
1380.20000000,BACKGROUND63,landing,661.42974160
1380.60000000,BACKGROUND44,landing,2462.35584859
1382.05000000,BACKGROUND166,takeoff,0
1389.05000000,BACKGROUND167,takeoff,0
1404.45000000,BACKGROUND81,landing,1472.86656032
1406.15000000,BACKGROUND16,landing,2205.40028613
1410.05000000,BACKGROUND170,takeoff,0
1418.25000000,BACKGROUND98,landing,971.69257170
1424.50000000,BACKGROUND105,landing,1483.72430512
1430.05000000,BACKGROUND157,takeoff,0
1430.75000000,BACKGROUND117,landing,1121.44202811
1433.60000000,BACKGROUND114,landing,1039.87521564
1434.15000000,BACKGROUND85,landing,1402.77609977
1435.55000000,BACKGROUND119,landing,1386.15914973
1444.05000000,BACKGROUND159,takeoff,0
1444.95000000,BACKGROUND47,landing,1284.42995179
1447.05000000,BACKGROUND151,takeoff,0
1462.50000000,BACKGROUND103,landing,1569.74033522
1473.30000000,BACKGROUND96,landing,1570.24122813
1475.05000000,BACKGROUND179,takeoff,0
1488.15000000,BACKGROUND116,landing,1494.63464154
1496.85000000,BACKGROUND106,landing,1618.25307468
1497.05000000,BACKGROUND182,takeoff,0
1500.05000000,BACKGROUND113,takeoff,0
1500.05000000,BACKGROUND124,takeoff,0
1500.05000000,BACKGROUND126,takeoff,0
1500.05000000,BACKGROUND130,takeoff,0
1500.05000000,BACKGROUND133,takeoff,0
1500.05000000,BACKGROUND145,takeoff,0
1500.05000000,BACKGROUND150,takeoff,0
1500.05000000,BACKGROUND153,takeoff,0
1501.95000000,BACKGROUND89,landing,1586.09893141
1501.95000000,BACKGROUND89,takeoff,0
1503.25000000,BACKGROUND97,landing,2826.98987732
1503.25000000,BACKGROUND97,takeoff,0
1503.70000000,BACKGROUND166,landing,726.45298743
1503.70000000,BACKGROUND166,takeoff,0
1503.85000000,BACKGROUND164,landing,1321.06744092
1503.85000000,BACKGROUND164,takeoff,0
1504.05000000,BACKGROUND183,takeoff,0
1504.25000000,BACKGROUND144,landing,1914.11054544
1504.25000000,BACKGROUND144,takeoff,0
1505.65000000,BACKGROUND157,landing,304.33310701
1505.65000000,BACKGROUND157,takeoff,0
1506.20000000,BACKGROUND170,landing,644.57886009
1506.20000000,BACKGROUND170,takeoff,0
1506.55000000,BACKGROUND122,landing,2179.98664866
1506.55000000,BACKGROUND122,takeoff,0
1506.80000000,BACKGROUND36,landing,1746.80364539
1506.80000000,BACKGROUND36,takeoff,0
1507.45000000,BACKGROUND73,landing,1249.24928838
1507.45000000,BACKGROUND73,takeoff,0
1507.50000000,BACKGROUND131,landing,2298.01510939
1507.50000000,BACKGROUND131,takeoff,0
1508.50000000,BACKGROUND167,landing,711.48903439
1508.50000000,BACKGROUND167,takeoff,0
1508.95000000,BACKGROUND74,landing,1694.17897635
1508.95000000,BACKGROUND74,takeoff,0
1509.55000000,BACKGROUND65,landing,1522.51813813
1509.55000000,BACKGROUND65,takeoff,0
1510.55000000,BACKGROUND151,landing,374.51175181
1510.55000000,BACKGROUND151,takeoff,0
1510.90000000,BACKGROUND134,landing,1865.40155005
1510.90000000,BACKGROUND134,takeoff,0
1511.25000000,BACKGROUND86,landing,1799.27805952
1511.25000000,BACKGROUND86,takeoff,0
1511.25000000,BACKGROUND139,landing,1736.28075864
1511.25000000,BACKGROUND139,takeoff,0
1513.80000000,BACKGROUND182,landing,28.06139512
1513.80000000,BACKGROUND182,takeoff,0
1514.65000000,BACKGROUND179,landing,197.34455337
1514.65000000,BACKGROUND179,takeoff,0
1515.95000000,BACKGROUND77,landing,1958.30961089
1515.95000000,BACKGROUND77,takeoff,0
1516.85000000,BACKGROUND159,landing,430.38320607
1516.85000000,BACKGROUND159,takeoff,0
1517.00000000,BACKGROUND109,landing,1569.30658522
1517.00000000,BACKGROUND109,takeoff,0
1518.05000000,BACKGROUND185,takeoff,0
1519.10000000,BACKGROUND121,landing,1021.83799065
1519.10000000,BACKGROUND121,takeoff,0
1519.45000000,BACKGROUND140,landing,2108.03378738
1519.45000000,BACKGROUND140,takeoff,0
1520.15000000,BACKGROUND120,landing,1689.30063669
1520.15000000,BACKGROUND120,takeoff,0
1520.50000000,BACKGROUND90,landing,1128.10651726
1520.50000000,BACKGROUND90,takeoff,0
1521.80000000,BACKGROUND83,landing,1957.14577512
1521.80000000,BACKGROUND83,takeoff,0
1522.40000000,BACKGROUND155,landing,873.94589305
1522.40000000,BACKGROUND155,takeoff,0
1528.00000000,BACKGROUND138,landing,2615.59993205
1528.00000000,BACKGROUND138,takeoff,0
1528.65000000,BACKGROUND148,landing,939.62384097
1528.65000000,BACKGROUND148,takeoff,0
1531.20000000,BACKGROUND160,landing,1161.87809982
1531.20000000,BACKGROUND160,takeoff,0
1532.50000000,BACKGROUND66,landing,1920.02249727
1532.50000000,BACKGROUND66,takeoff,0
1534.55000000,BACKGROUND158,landing,1091.41158237
1534.55000000,BACKGROUND158,takeoff,0
1534.95000000,BACKGROUND108,landing,2004.99698698
1534.95000000,BACKGROUND108,takeoff,0
1536.25000000,BACKGROUND142,landing,1851.35456490
1536.25000000,BACKGROUND142,takeoff,0
1538.05000000,BACKGROUND112,landing,1570.88334182
1538.05000000,BACKGROUND112,takeoff,0
1540.05000000,BACKGROUND188,takeoff,0
1541.70000000,BACKGROUND101,landing,1935.21048781
1544.35000000,BACKGROUND147,landing,1533.61055376
1544.35000000,BACKGROUND147,takeoff,0
1546.70000000,BACKGROUND94,landing,1702.08225880
1546.70000000,BACKGROUND94,takeoff,0
1551.50000000,BACKGROUND129,landing,1162.23050769
1551.50000000,BACKGROUND129,takeoff,0
1554.05000000,BACKGROUND190,takeoff,0
1558.95000000,BACKGROUND92,landing,3769.81704592
1559.90000000,BACKGROUND149,landing,1805.67483667
1567.95000000,BACKGROUND107,landing,1584.47769970
1567.95000000,BACKGROUND107,takeoff,0
1571.75000000,BACKGROUND73,landing,380.10693506
1574.05000000,BACKGROUND152,takeoff,0
1578.10000000,BACKGROUND139,landing,395.95192272
1586.70000000,BACKGROUND78,landing,2039.60783616
1590.05000000,BACKGROUND194,takeoff,0
1590.50000000,BACKGROUND94,landing,258.42417375
1605.05000000,BACKGROUND196,takeoff,0
1610.30000000,BACKGROUND91,landing,2282.08004525
1612.05000000,BACKGROUND197,takeoff,0
1613.25000000,BACKGROUND97,landing,743.47061190
1626.05000000,BACKGROUND199,takeoff,0
1634.95000000,BACKGROUND167,landing,1242.67488731
1636.75000000,BACKGROUND140,landing,612.14823158
1653.05000000,BACKGROUND187,takeoff,0
1662.05000000,BACKGROUND202,takeoff,0
1669.05000000,BACKGROUND203,takeoff,0
1670.05000000,BACKGROUND181,takeoff,0
1693.05000000,BACKGROUND200,takeoff,0
1698.15000000,BACKGROUND36,landing,1288.62763201
1713.05000000,BACKGROUND209,takeoff,0
1714.65000000,BACKGROUND121,landing,991.27578237
1716.95000000,BACKGROUND131,landing,1157.75674354
1733.85000000,BACKGROUND147,landing,1134.76954962
1754.00000000,BACKGROUND77,landing,2882.45102295
1758.05000000,BACKGROUND207,takeoff,0
1765.80000000,BACKGROUND65,landing,1069.98333342
1777.30000000,BACKGROUND66,landing,1466.35653506
1786.75000000,BACKGROUND138,landing,1607.45740558
1792.95000000,BACKGROUND109,landing,1437.94233475
1800.05000000,BACKGROUND125,takeoff,0
1800.05000000,BACKGROUND137,takeoff,0
1800.05000000,BACKGROUND118,takeoff,0
1800.05000000,BACKGROUND161,takeoff,0
1800.05000000,BACKGROUND174,takeoff,0
1800.05000000,BACKGROUND163,takeoff,0
1800.05000000,BACKGROUND169,takeoff,0
1800.05000000,BACKGROUND171,takeoff,0
1800.05000000,BACKGROUND191,takeoff,0
1800.05000000,BACKGROUND173,takeoff,0
1800.05000000,BACKGROUND175,takeoff,0
1800.05000000,BACKGROUND189,takeoff,0
1800.05000000,BACKGROUND176,takeoff,0
1800.05000000,BACKGROUND178,takeoff,0
1800.70000000,BACKGROUND203,landing,1061.51054402
1800.70000000,BACKGROUND203,takeoff,0
