# CONFLICTS LOG
# Start and end of all conflicts
# 
# Simulation Time [s], UAS1, UAS2, Start/End
# simt
150.00000000,BACKGROUND11,BACKGROUND19,start
153.00000000,BACKGROUND11,BACKGROUND19,end
176.00000000,BACKGROUND1,BACKGROUND3,start
178.00000000,BACKGROUND1,BACKGROUND3,end
181.00000000,BACKGROUND5,SURVEILLANCE_LUFTHANSA,start
189.00000000,BACKGROUND24,BACKGROUND9,start
190.00000000,BACKGROUND5,SURVEILLANCE_LUFTHANSA,end
194.00000000,BACKGROUND24,BACKGROUND9,end
206.00000000,BACKGROUND2,BACKGROUND23,start
209.00000000,BACKGROUND2,BACKGROUND23,end
225.00000000,BACKGROUND13,SURVEILLANCE_LUFTHANSA,start
227.00000000,SURVEILLANCEOP1,SURVEILLANCE_LUFTHANSA,start
240.00000000,SURVEILLANCEOP1,SURVEILLANCE_LUFTHANSA,end
241.00000000,BACKGROUND13,SURVEILLANCE_LUFTHANSA,end
310.00000000,BACKGROUND20,SURVEILLANCE_EUROWINGS,start
333.00000000,BACKGROUND27,SURVEILLANCE_EUROWINGS,start
334.00000000,BACKGROUND27,SURVEILLANCE_EUROWINGS,end
337.00000000,BACKGROUND22,SURVEILLANCE_EUROWINGS,start
339.00000000,BACKGROUND20,SURVEILLANCE_EUROWINGS,end
344.00000000,BACKGROUND31,SURVEILLANCE_EUROWINGS,start
353.00000000,BACKGROUND22,SURVEILLANCE_EUROWINGS,end
357.00000000,BACKGROUND31,SURVEILLANCE_EUROWINGS,end
394.00000000,BACKGROUND21,BACKGROUND25,start
414.00000000,BACKGROUND26,SURVEILLANCEOP4,start
424.00000000,BACKGROUND26,SURVEILLANCEOP4,end
513.00000000,BACKGROUND45,BACKGROUND53,start
514.00000000,BACKGROUND31,BACKGROUND35,start
516.00000000,BACKGROUND31,BACKGROUND35,end
519.00000000,BACKGROUND45,BACKGROUND53,end
523.00000000,BACKGROUND45,BACKGROUND53,start
528.00000000,BACKGROUND45,BACKGROUND53,end
544.00000000,BACKGROUND24,BACKGROUND33,start
550.00000000,BACKGROUND24,BACKGROUND33,end
570.00000000,SURVEILLANCEOP3,SURVEILLANCE_HELICOPTER,start
587.00000000,SURVEILLANCEOP3,SURVEILLANCE_HELICOPTER,end
602.00000000,SURVEILLANCEOP4,SURVEILLANCEOP5,start
604.00000000,SURVEILLANCEOP4,SURVEILLANCEOP5,end
637.00000000,BACKGROUND23,BACKGROUND61,start
640.00000000,BACKGROUND23,BACKGROUND61,end
646.00000000,BACKGROUND48,BACKGROUND65,start
651.00000000,BACKGROUND48,BACKGROUND65,end
653.00000000,BACKGROUND48,BACKGROUND65,start
654.00000000,BACKGROUND48,BACKGROUND65,end
666.00000000,BACKGROUND48,BACKGROUND65,start
674.00000000,BACKGROUND48,BACKGROUND65,end
854.00000000,BACKGROUND21,BACKGROUND25,end
880.00000000,BACKGROUND88,BACKGROUND93,start
926.00000000,BACKGROUND88,BACKGROUND93,end
999.00000000,BACKGROUND29,BACKGROUND65,start
1008.00000000,BACKGROUND102,BACKGROUND93,start
1008.00000000,BACKGROUND29,BACKGROUND65,end
1011.00000000,BACKGROUND102,BACKGROUND93,end
1025.00000000,BACKGROUND48,BACKGROUND70,start
1026.00000000,BACKGROUND48,BACKGROUND70,end
1133.00000000,BACKGROUND36,BACKGROUND65,start
1134.00000000,BACKGROUND36,BACKGROUND65,end
1166.00000000,BACKGROUND102,BACKGROUND108,start
1167.00000000,BACKGROUND102,BACKGROUND108,end
1246.00000000,BACKGROUND54,BACKGROUND58,start
1249.00000000,BACKGROUND54,BACKGROUND58,end
1258.00000000,BACKGROUND54,BACKGROUND58,start
1260.00000000,BACKGROUND54,BACKGROUND58,end
1270.00000000,BACKGROUND81,BACKGROUND89,start
1276.00000000,BACKGROUND81,BACKGROUND89,end
1283.00000000,BACKGROUND106,BACKGROUND84,start
1285.00000000,BACKGROUND133,BACKGROUND57,start
1291.00000000,BACKGROUND106,BACKGROUND84,end
1293.00000000,BACKGROUND117,BACKGROUND57,start
1295.00000000,BACKGROUND133,BACKGROUND57,end
1296.00000000,BACKGROUND145,BACKGROUND57,start
1301.00000000,BACKGROUND117,BACKGROUND57,end
1305.00000000,BACKGROUND145,BACKGROUND57,end
1327.00000000,BACKGROUND133,BACKGROUND143,start
1335.00000000,BACKGROUND117,BACKGROUND143,start
1336.00000000,BACKGROUND133,BACKGROUND143,end
1346.00000000,BACKGROUND117,BACKGROUND143,end
1369.00000000,BACKGROUND143,BACKGROUND145,start
1378.00000000,BACKGROUND143,BACKGROUND145,end
1399.00000000,BACKGROUND134,BACKGROUND169,start
1402.00000000,BACKGROUND110,BACKGROUND97,start
1408.00000000,BACKGROUND134,BACKGROUND169,end
1412.00000000,BACKGROUND110,BACKGROUND97,end
1443.00000000,BACKGROUND141,BACKGROUND163,start
1445.00000000,BACKGROUND133,BACKGROUND36,start
1451.00000000,BACKGROUND141,BACKGROUND163,end
1454.00000000,BACKGROUND133,BACKGROUND36,end
1459.00000000,BACKGROUND141,BACKGROUND163,start
1460.00000000,BACKGROUND113,BACKGROUND160,start
1468.00000000,BACKGROUND113,BACKGROUND160,end
1470.00000000,BACKGROUND145,BACKGROUND164,start
1473.00000000,BACKGROUND117,BACKGROUND36,start
1473.00000000,BACKGROUND113,BACKGROUND155,start
1475.00000000,BACKGROUND141,BACKGROUND163,end
1479.00000000,BACKGROUND145,BACKGROUND164,end
1480.00000000,BACKGROUND113,BACKGROUND155,end
1483.00000000,BACKGROUND117,BACKGROUND36,end
1534.00000000,BACKGROUND140,BACKGROUND156,start
1537.00000000,BACKGROUND157,BACKGROUND161,start
1538.00000000,BACKGROUND140,BACKGROUND156,end
1539.00000000,BACKGROUND140,BACKGROUND156,start
1543.00000000,BACKGROUND140,BACKGROUND156,end
1551.00000000,BACKGROUND157,BACKGROUND161,end
1594.00000000,BACKGROUND172,BACKGROUND62,start
1596.00000000,BACKGROUND172,BACKGROUND62,end
1605.00000000,BACKGROUND172,BACKGROUND62,start
1606.00000000,BACKGROUND172,BACKGROUND62,end
1644.00000000,BACKGROUND140,BACKGROUND164,start
1645.00000000,BACKGROUND145,BACKGROUND150,start
1651.00000000,BACKGROUND145,BACKGROUND150,end
1653.00000000,BACKGROUND140,BACKGROUND164,end
1680.00000000,BACKGROUND132,BACKGROUND83,start
1688.00000000,BACKGROUND132,BACKGROUND83,end
1717.00000000,BACKGROUND167,BACKGROUND203,start
1717.00000000,BACKGROUND163,BACKGROUND173,start
1726.00000000,BACKGROUND167,BACKGROUND203,end
1726.00000000,BACKGROUND163,BACKGROUND173,end
1801.00000000,BACKGROUND174,BACKGROUND222,start
