# CONFLICTS LOG
# Start and end of all conflicts
# 
# Simulation Time [s], UAS1, UAS2, Start/End
# simt
111.00000000,BACKGROUND13,BACKGROUND7,start
112.00000000,BACKGROUND13,BACKGROUND7,end
194.00000000,BACKGROUND12,BACKGROUND19,start
200.00000000,BACKGROUND12,BACKGROUND19,end
216.00000000,BACKGROUND15,SURVEILLANCE_LUFTHANSA,start
227.00000000,SURVEILLANCEOP1,SURVEILLANCE_LUFTHANSA,start
232.00000000,BACKGROUND26,SURVEILLANCE_LUFTHANSA,start
236.00000000,BACKGROUND15,SURVEILLANCE_LUFTHANSA,end
241.00000000,SURVEILLANCEOP1,SURVEILLANCE_LUFTHANSA,end
247.00000000,BACKGROUND26,SURVEILLANCE_LUFTHANSA,end
276.00000000,BACKGROUND30,BACKGROUND33,start
281.00000000,BACKGROUND30,BACKGROUND33,end
284.00000000,BACKGROUND16,BACKGROUND9,start
291.00000000,BACKGROUND16,BACKGROUND9,end
305.00000000,BACKGROUND21,SURVEILLANCE_EUROWINGS,start
319.00000000,BACKGROUND17,SURVEILLANCE_EUROWINGS,start
322.00000000,BACKGROUND37,SURVEILLANCE_EUROWINGS,start
329.00000000,BACKGROUND21,SURVEILLANCE_EUROWINGS,end
338.00000000,BACKGROUND17,SURVEILLANCE_EUROWINGS,end
339.00000000,BACKGROUND37,SURVEILLANCE_EUROWINGS,end
351.00000000,BACKGROUND19,SURVEILLANCE_EUROWINGS,start
363.00000000,BACKGROUND19,SURVEILLANCE_EUROWINGS,end
432.00000000,BACKGROUND33,BACKGROUND44,start
433.00000000,BACKGROUND33,BACKGROUND44,end
434.00000000,BACKGROUND16,BACKGROUND42,start
434.00000000,BACKGROUND33,BACKGROUND44,start
435.00000000,BACKGROUND16,BACKGROUND42,end
435.00000000,BACKGROUND33,BACKGROUND44,end
440.00000000,BACKGROUND16,BACKGROUND42,start
446.00000000,BACKGROUND16,BACKGROUND42,end
553.00000000,BACKGROUND20,BACKGROUND68,start
555.00000000,BACKGROUND20,BACKGROUND68,end
572.00000000,BACKGROUND18,BACKGROUND28,start
573.00000000,BACKGROUND18,BACKGROUND28,end
583.00000000,SURVEILLANCEOP3,SURVEILLANCE_HELICOPTER,start
585.00000000,SURVEILLANCEOP3,SURVEILLANCE_HELICOPTER,end
589.00000000,BACKGROUND51,BACKGROUND66,start
590.00000000,BACKGROUND68,BACKGROUND71,start
591.00000000,BACKGROUND68,BACKGROUND71,end
593.00000000,BACKGROUND18,BACKGROUND73,start
594.00000000,BACKGROUND18,BACKGROUND73,end
594.00000000,BACKGROUND51,BACKGROUND66,end
602.00000000,BACKGROUND33,BACKGROUND44,start
603.00000000,SURVEILLANCEOP4,SURVEILLANCEOP5,start
603.00000000,BACKGROUND33,BACKGROUND44,end
605.00000000,BACKGROUND33,BACKGROUND44,start
606.00000000,BACKGROUND68,BACKGROUND71,start
607.00000000,BACKGROUND68,BACKGROUND71,end
607.00000000,SURVEILLANCEOP4,SURVEILLANCEOP5,end
608.00000000,BACKGROUND33,BACKGROUND44,end
620.00000000,BACKGROUND46,BACKGROUND55,start
625.00000000,BACKGROUND46,BACKGROUND55,end
656.00000000,BACKGROUND66,BACKGROUND71,start
657.00000000,BACKGROUND66,BACKGROUND71,end
663.00000000,BACKGROUND55,BACKGROUND58,start
664.00000000,BACKGROUND55,BACKGROUND58,end
665.00000000,BACKGROUND55,BACKGROUND58,start
670.00000000,BACKGROUND55,BACKGROUND58,end
693.00000000,BACKGROUND54,BACKGROUND59,start
694.00000000,BACKGROUND54,BACKGROUND59,end
700.00000000,BACKGROUND54,BACKGROUND59,start
704.00000000,BACKGROUND54,BACKGROUND59,end
762.00000000,BACKGROUND21,BACKGROUND45,start
765.00000000,BACKGROUND21,BACKGROUND45,end
770.00000000,BACKGROUND21,BACKGROUND45,start
771.00000000,BACKGROUND21,BACKGROUND45,end
774.00000000,BACKGROUND21,BACKGROUND45,start
775.00000000,BACKGROUND21,BACKGROUND45,end
806.00000000,BACKGROUND21,BACKGROUND82,start
807.00000000,BACKGROUND21,BACKGROUND82,end
824.00000000,BACKGROUND47,BACKGROUND65,start
825.00000000,BACKGROUND47,BACKGROUND65,end
828.00000000,BACKGROUND28,BACKGROUND82,start
833.00000000,BACKGROUND28,BACKGROUND82,end
865.00000000,BACKGROUND62,BACKGROUND71,start
871.00000000,BACKGROUND62,BACKGROUND71,end
904.00000000,BACKGROUND36,BACKGROUND93,start
905.00000000,BACKGROUND36,BACKGROUND93,end
914.00000000,BACKGROUND36,BACKGROUND93,start
917.00000000,BACKGROUND36,BACKGROUND93,end
935.00000000,BACKGROUND78,BACKGROUND93,start
937.00000000,BACKGROUND78,BACKGROUND93,end
958.00000000,BACKGROUND28,BACKGROUND59,start
963.00000000,BACKGROUND28,BACKGROUND59,end
970.00000000,BACKGROUND108,BACKGROUND49,start
972.00000000,BACKGROUND62,BACKGROUND79,start
973.00000000,BACKGROUND62,BACKGROUND79,end
975.00000000,BACKGROUND108,BACKGROUND49,end
978.00000000,BACKGROUND62,BACKGROUND79,start
983.00000000,BACKGROUND62,BACKGROUND79,end
1000.00000000,BACKGROUND51,BACKGROUND68,start
1001.00000000,BACKGROUND51,BACKGROUND68,end
1002.00000000,BACKGROUND39,BACKGROUND62,start
1006.00000000,BACKGROUND39,BACKGROUND62,end
1035.00000000,BACKGROUND51,BACKGROUND68,start
1036.00000000,BACKGROUND51,BACKGROUND68,end
1077.00000000,BACKGROUND87,BACKGROUND89,start
1082.00000000,BACKGROUND87,BACKGROUND89,end
1086.00000000,BACKGROUND87,BACKGROUND89,start
1100.00000000,BACKGROUND73,BACKGROUND89,start
1101.00000000,BACKGROUND73,BACKGROUND87,start
1102.00000000,BACKGROUND73,BACKGROUND89,end
1102.00000000,BACKGROUND73,BACKGROUND87,end
1131.00000000,BACKGROUND59,BACKGROUND95,start
1137.00000000,BACKGROUND59,BACKGROUND95,end
1161.00000000,BACKGROUND135,BACKGROUND36,start
1166.00000000,BACKGROUND135,BACKGROUND36,end
1254.00000000,BACKGROUND135,BACKGROUND78,start
1255.00000000,BACKGROUND135,BACKGROUND78,end
1261.00000000,BACKGROUND135,BACKGROUND78,start
1265.00000000,BACKGROUND135,BACKGROUND78,end
1288.00000000,BACKGROUND51,BACKGROUND64,start
1292.00000000,BACKGROUND51,BACKGROUND64,end
1309.00000000,BACKGROUND145,BACKGROUND59,start
1315.00000000,BACKGROUND145,BACKGROUND59,end
1339.00000000,BACKGROUND115,BACKGROUND121,start
1342.00000000,BACKGROUND115,BACKGROUND121,end
1404.00000000,BACKGROUND152,BACKGROUND160,start
1410.00000000,BACKGROUND152,BACKGROUND160,end
1437.00000000,BACKGROUND152,BACKGROUND39,start
1441.00000000,BACKGROUND152,BACKGROUND39,end
1452.00000000,BACKGROUND152,BACKGROUND39,start
1453.00000000,BACKGROUND152,BACKGROUND39,end
1464.00000000,BACKGROUND135,BACKGROUND64,start
1467.00000000,BACKGROUND147,BACKGROUND165,start
1469.00000000,BACKGROUND135,BACKGROUND64,end
1470.00000000,BACKGROUND147,BACKGROUND165,end
1474.00000000,BACKGROUND105,BACKGROUND76,start
1479.00000000,BACKGROUND105,BACKGROUND76,end
1494.00000000,BACKGROUND62,BACKGROUND78,start
1498.00000000,BACKGROUND62,BACKGROUND78,end
1499.00000000,BACKGROUND62,BACKGROUND78,start
1502.00000000,BACKGROUND62,BACKGROUND78,end
1503.00000000,BACKGROUND62,BACKGROUND78,start
1523.00000000,BACKGROUND62,BACKGROUND78,end
1524.00000000,BACKGROUND62,BACKGROUND78,start
1552.00000000,BACKGROUND62,BACKGROUND78,end
1610.00000000,BACKGROUND62,BACKGROUND78,start
1618.00000000,BACKGROUND62,BACKGROUND78,end
1634.00000000,BACKGROUND100,BACKGROUND105,start
1635.00000000,BACKGROUND100,BACKGROUND105,end
1641.00000000,BACKGROUND100,BACKGROUND105,start
1645.00000000,BACKGROUND100,BACKGROUND105,end
1665.00000000,BACKGROUND173,BACKGROUND195,start
1670.00000000,BACKGROUND173,BACKGROUND195,end
1727.00000000,BACKGROUND62,BACKGROUND78,start
1729.00000000,BACKGROUND62,BACKGROUND78,end
1730.00000000,BACKGROUND117,BACKGROUND90,start
1731.00000000,BACKGROUND62,BACKGROUND78,start
1732.00000000,BACKGROUND117,BACKGROUND90,end
1734.00000000,BACKGROUND62,BACKGROUND78,end
1739.00000000,BACKGROUND62,BACKGROUND78,start
1740.00000000,BACKGROUND170,BACKGROUND185,start
1744.00000000,BACKGROUND170,BACKGROUND185,end
1780.00000000,BACKGROUND62,BACKGROUND78,end
