# CONFLICTS LOG
# Start and end of all conflicts
# 
# Simulation Time [s], UAS1, UAS2, Start/End
# simt
181.00000000,BACKGROUND10,SURVEILLANCE_LUFTHANSA,start
196.00000000,BACKGROUND10,SURVEILLANCE_LUFTHANSA,end
223.00000000,BACKGROUND6,SURVEILLANCE_LUFTHANSA,start
227.00000000,SURVEILLANCEOP1,SURVEILLANCE_LUFTHANSA,start
240.00000000,SURVEILLANCEOP1,SURVEILLANCE_LUFTHANSA,end
241.00000000,BACKGROUND6,SURVEILLANCE_LUFTHANSA,end
247.00000000,BACKGROUND14,BACKGROUND15,start
248.00000000,BACKGROUND14,BACKGROUND15,end
410.00000000,BACKGROUND22,BACKGROUND44,start
411.00000000,BACKGROUND22,BACKGROUND44,end
413.00000000,BACKGROUND13,BACKGROUND29,start
415.00000000,BACKGROUND22,BACKGROUND31,start
416.00000000,BACKGROUND13,BACKGROUND29,end
422.00000000,BACKGROUND22,BACKGROUND31,end
427.00000000,BACKGROUND43,SURVEILLANCE_EUROWINGS,start
429.00000000,BACKGROUND22,BACKGROUND31,start
432.00000000,BACKGROUND22,BACKGROUND31,end
453.00000000,BACKGROUND43,SURVEILLANCE_EUROWINGS,end
485.00000000,BACKGROUND23,BACKGROUND31,start
492.00000000,BACKGROUND23,BACKGROUND31,end
549.00000000,BACKGROUND49,BACKGROUND51,start
552.00000000,BACKGROUND49,BACKGROUND51,end
553.00000000,BACKGROUND49,BACKGROUND51,start
554.00000000,BACKGROUND49,BACKGROUND51,end
559.00000000,BACKGROUND44,BACKGROUND57,start
565.00000000,BACKGROUND44,BACKGROUND57,end
571.00000000,BACKGROUND19,BACKGROUND55,start
576.00000000,BACKGROUND19,BACKGROUND55,end
583.00000000,SURVEILLANCEOP3,SURVEILLANCE_HELICOPTER,start
585.00000000,SURVEILLANCEOP3,SURVEILLANCE_HELICOPTER,end
594.00000000,BACKGROUND43,BACKGROUND66,start
603.00000000,SURVEILLANCEOP4,SURVEILLANCEOP5,start
603.00000000,BACKGROUND43,BACKGROUND66,end
607.00000000,SURVEILLANCEOP4,SURVEILLANCEOP5,end
630.00000000,BACKGROUND45,BACKGROUND53,start
633.00000000,BACKGROUND45,BACKGROUND53,end
649.00000000,BACKGROUND22,BACKGROUND66,start
654.00000000,BACKGROUND22,BACKGROUND66,end
686.00000000,BACKGROUND24,BACKGROUND74,start
690.00000000,BACKGROUND24,BACKGROUND74,end
699.00000000,BACKGROUND53,BACKGROUND56,start
706.00000000,BACKGROUND53,BACKGROUND56,end
709.00000000,BACKGROUND32,BACKGROUND56,start
714.00000000,BACKGROUND32,BACKGROUND56,end
718.00000000,BACKGROUND24,BACKGROUND44,start
720.00000000,BACKGROUND24,BACKGROUND44,end
723.00000000,BACKGROUND24,BACKGROUND44,start
729.00000000,BACKGROUND53,BACKGROUND74,start
732.00000000,BACKGROUND53,BACKGROUND74,end
744.00000000,BACKGROUND33,SURVEILLANCEOP2,start
746.00000000,BACKGROUND33,SURVEILLANCEOP2,end
760.00000000,BACKGROUND43,BACKGROUND66,start
770.00000000,BACKGROUND43,BACKGROUND66,end
821.00000000,BACKGROUND24,BACKGROUND44,end
823.00000000,BACKGROUND43,BACKGROUND66,start
824.00000000,BACKGROUND43,BACKGROUND66,end
825.00000000,BACKGROUND43,BACKGROUND66,start
828.00000000,BACKGROUND32,BACKGROUND53,start
828.00000000,BACKGROUND43,BACKGROUND66,end
829.00000000,BACKGROUND32,BACKGROUND92,start
830.00000000,BACKGROUND53,BACKGROUND92,start
834.00000000,BACKGROUND53,BACKGROUND92,end
834.00000000,BACKGROUND32,BACKGROUND53,end
834.00000000,BACKGROUND32,BACKGROUND92,end
835.00000000,BACKGROUND48,BACKGROUND95,start
836.00000000,BACKGROUND48,BACKGROUND95,end
841.00000000,BACKGROUND48,BACKGROUND95,start
842.00000000,BACKGROUND82,BACKGROUND88,start
846.00000000,BACKGROUND48,BACKGROUND95,end
849.00000000,BACKGROUND82,BACKGROUND88,end
859.00000000,BACKGROUND88,BACKGROUND92,start
860.00000000,BACKGROUND88,BACKGROUND92,end
861.00000000,BACKGROUND88,BACKGROUND92,start
865.00000000,BACKGROUND88,BACKGROUND92,end
866.00000000,BACKGROUND24,BACKGROUND44,start
879.00000000,BACKGROUND81,BACKGROUND92,start
885.00000000,BACKGROUND81,BACKGROUND92,end
907.00000000,BACKGROUND60,BACKGROUND80,start
915.00000000,BACKGROUND60,BACKGROUND80,end
945.00000000,BACKGROUND24,BACKGROUND44,end
975.00000000,BACKGROUND64,BACKGROUND80,start
977.00000000,BACKGROUND64,BACKGROUND80,end
978.00000000,BACKGROUND64,BACKGROUND80,start
979.00000000,BACKGROUND64,BACKGROUND80,end
1030.00000000,BACKGROUND65,BACKGROUND82,start
1034.00000000,BACKGROUND65,BACKGROUND82,end
1048.00000000,BACKGROUND60,BACKGROUND82,start
1054.00000000,BACKGROUND60,BACKGROUND85,start
1054.00000000,BACKGROUND60,BACKGROUND82,end
1055.00000000,BACKGROUND60,BACKGROUND85,end
1064.00000000,BACKGROUND43,BACKGROUND65,start
1068.00000000,BACKGROUND43,BACKGROUND65,end
1077.00000000,BACKGROUND60,BACKGROUND71,start
1081.00000000,BACKGROUND60,BACKGROUND71,end
1106.00000000,BACKGROUND110,BACKGROUND42,start
1111.00000000,BACKGROUND113,BACKGROUND42,start
1111.00000000,BACKGROUND110,BACKGROUND42,end
1116.00000000,BACKGROUND113,BACKGROUND42,end
1131.00000000,BACKGROUND65,BACKGROUND71,start
1133.00000000,BACKGROUND65,BACKGROUND71,end
1135.00000000,BACKGROUND110,BACKGROUND113,start
1138.00000000,BACKGROUND65,BACKGROUND71,start
1139.00000000,BACKGROUND110,BACKGROUND113,end
1144.00000000,BACKGROUND65,BACKGROUND71,end
1183.00000000,BACKGROUND111,BACKGROUND126,start
1189.00000000,BACKGROUND111,BACKGROUND126,end
1201.00000000,BACKGROUND86,BACKGROUND91,start
1202.00000000,BACKGROUND86,BACKGROUND91,end
1207.00000000,BACKGROUND118,BACKGROUND75,start
1211.00000000,BACKGROUND76,BACKGROUND98,start
1212.00000000,BACKGROUND118,BACKGROUND75,end
1216.00000000,BACKGROUND76,BACKGROUND98,end
1264.00000000,BACKGROUND82,BACKGROUND95,start
1268.00000000,BACKGROUND82,BACKGROUND95,end
1281.00000000,BACKGROUND128,BACKGROUND99,start
1282.00000000,BACKGROUND128,BACKGROUND99,end
1291.00000000,BACKGROUND112,BACKGROUND80,start
1296.00000000,BACKGROUND112,BACKGROUND80,end
1378.00000000,BACKGROUND119,BACKGROUND95,start
1382.00000000,BACKGROUND119,BACKGROUND95,end
1482.00000000,BACKGROUND115,BACKGROUND143,start
1483.00000000,BACKGROUND115,BACKGROUND143,end
1493.00000000,BACKGROUND126,BACKGROUND164,start
1495.00000000,BACKGROUND166,BACKGROUND73,start
1497.00000000,BACKGROUND126,BACKGROUND164,end
1499.00000000,BACKGROUND154,BACKGROUND166,start
1500.00000000,BACKGROUND154,BACKGROUND166,end
1501.00000000,BACKGROUND166,BACKGROUND73,end
1503.00000000,BACKGROUND154,BACKGROUND166,start
1506.00000000,BACKGROUND154,BACKGROUND166,end
1554.00000000,BACKGROUND117,BACKGROUND173,start
1556.00000000,BACKGROUND106,BACKGROUND127,start
1556.00000000,BACKGROUND117,BACKGROUND173,end
1559.00000000,BACKGROUND106,BACKGROUND127,end
1584.00000000,BACKGROUND124,BACKGROUND164,start
1589.00000000,BACKGROUND124,BACKGROUND164,end
1608.00000000,BACKGROUND159,BACKGROUND170,start
1614.00000000,BACKGROUND159,BACKGROUND170,end
1667.00000000,BACKGROUND116,BACKGROUND142,start
1673.00000000,BACKGROUND116,BACKGROUND142,end
1675.00000000,BACKGROUND100,BACKGROUND142,start
1677.00000000,BACKGROUND100,BACKGROUND142,end
1695.00000000,BACKGROUND111,BACKGROUND136,start
1703.00000000,BACKGROUND111,BACKGROUND136,end
1725.00000000,BACKGROUND112,BACKGROUND151,start
1726.00000000,BACKGROUND112,BACKGROUND151,end
1731.00000000,BACKGROUND112,BACKGROUND151,start
1736.00000000,BACKGROUND112,BACKGROUND151,end
1780.00000000,BACKGROUND112,BACKGROUND156,start
1782.00000000,BACKGROUND112,BACKGROUND156,end
1786.00000000,BACKGROUND165,BACKGROUND187,start
1791.00000000,BACKGROUND165,BACKGROUND187,end
