# CLOSEST POINT OF APPROACH LOG
# Shortest distance between 2 UAS during their conflict
# 
# Simulation Time [s], UAS1, UAS2, Distance [m]
# simt
227.00000000,BACKGROUND14,SURVEILLANCE_LUFTHANSA,261.90788067
239.00000000,BACKGROUND15,SURVEILLANCE_LUFTHANSA,359.38047364
239.00000000,SURVEILLANCEOP1,SURVEILLANCE_LUFTHANSA,458.05788365
272.00000000,BACKGROUND18,BACKGROUND5,0.23759852
330.00000000,BACKGROUND4,SURVEILLANCE_EUROWINGS,489.87329840
362.00000000,BACKGROUND27,BACKGROUND4,0.57420073
469.00000000,BACKGROUND23,BACKGROUND44,0.01139906
531.00000000,BACKGROUND36,BACKGROUND49,0.00184562
564.00000000,BACKGROUND36,BACKGROUND55,0.00530018
606.00000000,SURVEILLANCEOP4,SURVEILLANCEOP5,6.06560571
658.00000000,BACKGROUND57,BACKGROUND80,3.48421014
663.00000000,BACKGROUND36,BACKGROUND57,8.85182828
680.00000000,BACKGROUND44,BACKGROUND65,5.67840606
692.00000000,BACKGROUND27,BACKGROUND34,0.02052812
770.00000000,BACKGROUND57,BACKGROUND76,0.26210079
851.00000000,BACKGROUND27,BACKGROUND58,0.14144476
974.00000000,BACKGROUND59,BACKGROUND83,0.00126819
1085.00000000,BACKGROUND47,BACKGROUND69,0.00169148
1195.00000000,BACKGROUND2,BACKGROUND6,0.25586842
1196.00000000,BACKGROUND2,BACKGROUND6,0.25586893
1197.00000000,BACKGROUND2,BACKGROUND6,0.25586945
1198.00000000,BACKGROUND2,BACKGROUND6,0.25586996
1198.00000000,BACKGROUND123,BACKGROUND59,2.02700267
1199.00000000,BACKGROUND2,BACKGROUND6,0.25587048
1200.00000000,BACKGROUND2,BACKGROUND6,0.25587100
1201.00000000,BACKGROUND2,BACKGROUND6,0.25587152
1202.00000000,BACKGROUND2,BACKGROUND6,0.25587204
1203.00000000,BACKGROUND2,BACKGROUND6,0.25587256
1204.00000000,BACKGROUND2,BACKGROUND6,0.25587308
1205.00000000,BACKGROUND2,BACKGROUND6,0.25587359
1206.00000000,BACKGROUND2,BACKGROUND6,0.25587412
1207.00000000,BACKGROUND2,BACKGROUND6,0.25587464
1208.00000000,BACKGROUND2,BACKGROUND6,0.25587516
1209.00000000,BACKGROUND2,BACKGROUND6,0.25587568
1210.00000000,BACKGROUND2,BACKGROUND6,0.25587620
1211.00000000,BACKGROUND2,BACKGROUND6,0.25587673
1212.00000000,BACKGROUND2,BACKGROUND6,0.25587725
1213.00000000,BACKGROUND2,BACKGROUND6,0.25587778
1214.00000000,BACKGROUND2,BACKGROUND6,0.25587830
1215.00000000,BACKGROUND2,BACKGROUND6,0.25587883
1216.00000000,BACKGROUND2,BACKGROUND6,0.25587935
1217.00000000,BACKGROUND2,BACKGROUND6,0.25587988
1218.00000000,BACKGROUND2,BACKGROUND6,0.25588041
1219.00000000,BACKGROUND2,BACKGROUND6,0.25588093
1220.00000000,BACKGROUND2,BACKGROUND6,0.25588146
1221.00000000,BACKGROUND2,BACKGROUND6,0.25588199
1222.00000000,BACKGROUND2,BACKGROUND6,0.25588252
1223.00000000,BACKGROUND2,BACKGROUND6,0.25588305
1224.00000000,BACKGROUND2,BACKGROUND6,0.25588358
1225.00000000,BACKGROUND2,BACKGROUND6,0.25588411
1226.00000000,BACKGROUND2,BACKGROUND6,0.25588464
1227.00000000,BACKGROUND2,BACKGROUND6,0.25588517
1228.00000000,BACKGROUND2,BACKGROUND6,0.25588571
1229.00000000,BACKGROUND2,BACKGROUND6,0.25588624
1230.00000000,BACKGROUND2,BACKGROUND6,0.25588677
1231.00000000,BACKGROUND2,BACKGROUND6,0.25588731
1232.00000000,BACKGROUND2,BACKGROUND6,0.25588784
1233.00000000,BACKGROUND2,BACKGROUND6,0.25588838
1234.00000000,BACKGROUND2,BACKGROUND6,0.25588891
1235.00000000,BACKGROUND2,BACKGROUND6,0.25588945
1236.00000000,BACKGROUND2,BACKGROUND6,0.25588999
1237.00000000,BACKGROUND2,BACKGROUND6,0.25589052
1238.00000000,BACKGROUND2,BACKGROUND6,0.25589106
1239.00000000,BACKGROUND2,BACKGROUND6,0.25589160
1240.00000000,BACKGROUND2,BACKGROUND6,0.25589214
1241.00000000,BACKGROUND2,BACKGROUND6,0.25589268
1242.00000000,BACKGROUND2,BACKGROUND6,0.25589322
1243.00000000,BACKGROUND2,BACKGROUND6,0.25589376
1244.00000000,BACKGROUND2,BACKGROUND6,0.25589430
1245.00000000,BACKGROUND2,BACKGROUND6,0.25589484
1246.00000000,BACKGROUND2,BACKGROUND6,0.25589538
1247.00000000,BACKGROUND2,BACKGROUND6,0.25589593
1248.00000000,BACKGROUND2,BACKGROUND6,0.25589647
1249.00000000,BACKGROUND2,BACKGROUND6,0.25589701
1250.00000000,BACKGROUND2,BACKGROUND6,0.25589756
1251.00000000,BACKGROUND2,BACKGROUND6,0.25589810
1252.00000000,BACKGROUND2,BACKGROUND6,0.25589865
1253.00000000,BACKGROUND2,BACKGROUND6,0.25589920
1254.00000000,BACKGROUND2,BACKGROUND6,0.25589974
1255.00000000,BACKGROUND2,BACKGROUND6,0.25590029
1256.00000000,BACKGROUND2,BACKGROUND6,0.25590084
1257.00000000,BACKGROUND2,BACKGROUND6,0.25590139
1258.00000000,BACKGROUND2,BACKGROUND6,0.25590193
1259.00000000,BACKGROUND2,BACKGROUND6,0.25590248
1260.00000000,BACKGROUND2,BACKGROUND6,0.25590303
1261.00000000,BACKGROUND2,BACKGROUND6,0.25590358
1262.00000000,BACKGROUND2,BACKGROUND6,0.25590413
1263.00000000,BACKGROUND2,BACKGROUND6,0.25590469
1264.00000000,BACKGROUND2,BACKGROUND6,0.25590524
1265.00000000,BACKGROUND2,BACKGROUND6,0.25590579
1266.00000000,BACKGROUND2,BACKGROUND6,0.25590634
1267.00000000,BACKGROUND2,BACKGROUND6,0.25590690
1268.00000000,BACKGROUND2,BACKGROUND6,0.25590745
1269.00000000,BACKGROUND2,BACKGROUND6,0.25590801
1270.00000000,BACKGROUND2,BACKGROUND6,0.25590856
1271.00000000,BACKGROUND2,BACKGROUND6,0.25590912
1272.00000000,BACKGROUND2,BACKGROUND6,0.25590967
1273.00000000,BACKGROUND2,BACKGROUND6,0.25591023
1274.00000000,BACKGROUND2,BACKGROUND6,0.25591079
1275.00000000,BACKGROUND2,BACKGROUND6,0.25591134
1276.00000000,BACKGROUND2,BACKGROUND6,0.25591190
1277.00000000,BACKGROUND2,BACKGROUND6,0.25591246
1278.00000000,BACKGROUND2,BACKGROUND6,0.25591302
1279.00000000,BACKGROUND2,BACKGROUND6,0.25591358
1280.00000000,BACKGROUND2,BACKGROUND6,0.25591414
1281.00000000,BACKGROUND2,BACKGROUND6,0.25591470
1282.00000000,BACKGROUND2,BACKGROUND6,0.25591526
1283.00000000,BACKGROUND2,BACKGROUND6,0.25591583
1284.00000000,BACKGROUND2,BACKGROUND6,0.25591639
1285.00000000,BACKGROUND2,BACKGROUND6,0.25591695
1286.00000000,BACKGROUND2,BACKGROUND6,0.25591752
1287.00000000,BACKGROUND2,BACKGROUND6,0.25591808
1288.00000000,BACKGROUND2,BACKGROUND6,0.25591865
1289.00000000,BACKGROUND2,BACKGROUND6,0.25591921
1290.00000000,BACKGROUND2,BACKGROUND6,0.25591978
1291.00000000,BACKGROUND2,BACKGROUND6,0.25592034
1292.00000000,BACKGROUND2,BACKGROUND6,0.25592091
1293.00000000,BACKGROUND2,BACKGROUND6,0.25592148
1294.00000000,BACKGROUND2,BACKGROUND6,0.25592205
1295.00000000,BACKGROUND2,BACKGROUND6,0.25592262
1296.00000000,BACKGROUND2,BACKGROUND6,0.25592318
1297.00000000,BACKGROUND2,BACKGROUND6,0.25592375
1298.00000000,BACKGROUND2,BACKGROUND6,0.25592432
1299.00000000,BACKGROUND2,BACKGROUND6,0.25592490
1300.00000000,BACKGROUND2,BACKGROUND6,0.25592547
1301.00000000,BACKGROUND2,BACKGROUND6,0.25592604
1302.00000000,BACKGROUND2,BACKGROUND6,0.25592661
1303.00000000,BACKGROUND2,BACKGROUND6,0.25592718
1304.00000000,BACKGROUND2,BACKGROUND6,0.25592776
1305.00000000,BACKGROUND2,BACKGROUND6,0.25592833
1306.00000000,BACKGROUND2,BACKGROUND6,0.25592891
1307.00000000,BACKGROUND2,BACKGROUND6,0.25592948
1308.00000000,BACKGROUND2,BACKGROUND6,0.25593006
1309.00000000,BACKGROUND2,BACKGROUND6,0.25593063
1310.00000000,BACKGROUND2,BACKGROUND6,0.25593121
1311.00000000,BACKGROUND2,BACKGROUND6,0.25593179
1312.00000000,BACKGROUND2,BACKGROUND6,0.25593237
1313.00000000,BACKGROUND2,BACKGROUND6,0.25593294
1314.00000000,BACKGROUND2,BACKGROUND6,0.25593352
1315.00000000,BACKGROUND2,BACKGROUND6,0.25593410
1316.00000000,BACKGROUND2,BACKGROUND6,0.25593468
1317.00000000,BACKGROUND2,BACKGROUND6,0.25593526
1318.00000000,BACKGROUND2,BACKGROUND6,0.25593584
1319.00000000,BACKGROUND2,BACKGROUND6,0.25593643
1320.00000000,BACKGROUND2,BACKGROUND6,0.25593701
1321.00000000,BACKGROUND2,BACKGROUND6,0.25593759
1322.00000000,BACKGROUND2,BACKGROUND6,0.25593817
1322.00000000,BACKGROUND119,BACKGROUND144,0.00589397
1323.00000000,BACKGROUND2,BACKGROUND6,0.25593876
1324.00000000,BACKGROUND2,BACKGROUND6,0.25593934
1325.00000000,BACKGROUND2,BACKGROUND6,0.25593993
1326.00000000,BACKGROUND2,BACKGROUND6,0.25594051
1327.00000000,BACKGROUND2,BACKGROUND6,0.25594110
1328.00000000,BACKGROUND2,BACKGROUND6,0.25594168
1329.00000000,BACKGROUND2,BACKGROUND6,0.25594227
1330.00000000,BACKGROUND2,BACKGROUND6,0.25594286
1331.00000000,BACKGROUND2,BACKGROUND6,0.25594345
1332.00000000,BACKGROUND2,BACKGROUND6,0.25594404
1333.00000000,BACKGROUND2,BACKGROUND6,0.25594462
1334.00000000,BACKGROUND2,BACKGROUND6,0.25594522
1335.00000000,BACKGROUND2,BACKGROUND6,0.25594580
1336.00000000,BACKGROUND2,BACKGROUND6,0.25594640
1337.00000000,BACKGROUND2,BACKGROUND6,0.25594699
1338.00000000,BACKGROUND2,BACKGROUND6,0.25594758
1339.00000000,BACKGROUND2,BACKGROUND6,0.25594817
1340.00000000,BACKGROUND2,BACKGROUND6,0.25594876
1341.00000000,BACKGROUND2,BACKGROUND6,0.25594936
1342.00000000,BACKGROUND2,BACKGROUND6,0.25594995
1343.00000000,BACKGROUND2,BACKGROUND6,0.25595055
1344.00000000,BACKGROUND2,BACKGROUND6,0.25595114
1345.00000000,BACKGROUND2,BACKGROUND6,0.25595174
1346.00000000,BACKGROUND2,BACKGROUND6,0.25595233
1347.00000000,BACKGROUND2,BACKGROUND6,0.25595293
1348.00000000,BACKGROUND2,BACKGROUND6,0.25595353
1349.00000000,BACKGROUND2,BACKGROUND6,0.25595412
1350.00000000,BACKGROUND2,BACKGROUND6,0.25595472
1351.00000000,BACKGROUND2,BACKGROUND6,0.25595532
1352.00000000,BACKGROUND2,BACKGROUND6,0.25595592
1353.00000000,BACKGROUND2,BACKGROUND6,0.25595652
1354.00000000,BACKGROUND2,BACKGROUND6,0.25595712
1355.00000000,BACKGROUND2,BACKGROUND6,0.25595772
1356.00000000,BACKGROUND2,BACKGROUND6,0.25595832
1357.00000000,BACKGROUND2,BACKGROUND6,0.25595893
1358.00000000,BACKGROUND2,BACKGROUND6,0.25595953
1359.00000000,BACKGROUND2,BACKGROUND6,0.25596013
1360.00000000,BACKGROUND2,BACKGROUND6,0.25596074
1361.00000000,BACKGROUND2,BACKGROUND6,0.25596134
1362.00000000,BACKGROUND2,BACKGROUND6,0.25596195
1363.00000000,BACKGROUND2,BACKGROUND6,0.25596255
1364.00000000,BACKGROUND2,BACKGROUND6,0.25596316
1365.00000000,BACKGROUND2,BACKGROUND6,0.25596376
1366.00000000,BACKGROUND2,BACKGROUND6,0.25596437
1367.00000000,BACKGROUND2,BACKGROUND6,0.25596498
1368.00000000,BACKGROUND2,BACKGROUND6,0.25596559
1369.00000000,BACKGROUND2,BACKGROUND6,0.25596619
1370.00000000,BACKGROUND2,BACKGROUND6,0.25596680
1371.00000000,BACKGROUND2,BACKGROUND6,0.25596741
1372.00000000,BACKGROUND2,BACKGROUND6,0.25596802
1373.00000000,BACKGROUND2,BACKGROUND6,0.25596863
1374.00000000,BACKGROUND2,BACKGROUND6,0.25596925
1375.00000000,BACKGROUND2,BACKGROUND6,0.25596986
1376.00000000,BACKGROUND2,BACKGROUND6,0.25597047
1377.00000000,BACKGROUND2,BACKGROUND6,0.25597108
1378.00000000,BACKGROUND2,BACKGROUND6,0.25597170
1379.00000000,BACKGROUND2,BACKGROUND6,0.25597231
1380.00000000,BACKGROUND2,BACKGROUND6,0.25597292
1381.00000000,BACKGROUND2,BACKGROUND6,0.25597354
1382.00000000,BACKGROUND2,BACKGROUND6,0.25597415
1383.00000000,BACKGROUND2,BACKGROUND6,0.25597477
1384.00000000,BACKGROUND2,BACKGROUND6,0.25597539
1385.00000000,BACKGROUND2,BACKGROUND6,0.25597601
1386.00000000,BACKGROUND2,BACKGROUND6,0.25597662
1387.00000000,BACKGROUND2,BACKGROUND6,0.25597724
1388.00000000,BACKGROUND2,BACKGROUND6,0.25597786
1389.00000000,BACKGROUND2,BACKGROUND6,0.25597848
1390.00000000,BACKGROUND2,BACKGROUND6,0.25597910
1391.00000000,BACKGROUND2,BACKGROUND6,0.25597972
1392.00000000,BACKGROUND2,BACKGROUND6,0.25598034
1393.00000000,BACKGROUND2,BACKGROUND6,0.25598096
1393.00000000,BACKGROUND119,BACKGROUND145,0.00132065
1394.00000000,BACKGROUND2,BACKGROUND6,0.25598158
1395.00000000,BACKGROUND2,BACKGROUND6,0.25598221
1396.00000000,BACKGROUND2,BACKGROUND6,0.25598283
1397.00000000,BACKGROUND2,BACKGROUND6,0.25598345
1398.00000000,BACKGROUND2,BACKGROUND6,0.25598408
1399.00000000,BACKGROUND2,BACKGROUND6,0.25598470
1400.00000000,BACKGROUND2,BACKGROUND6,0.25598533
1401.00000000,BACKGROUND2,BACKGROUND6,0.25598595
1402.00000000,BACKGROUND2,BACKGROUND6,0.25598658
1403.00000000,BACKGROUND2,BACKGROUND6,0.25598721
1404.00000000,BACKGROUND2,BACKGROUND6,0.25598783
1405.00000000,BACKGROUND2,BACKGROUND6,0.25598846
1406.00000000,BACKGROUND2,BACKGROUND6,0.25598909
1407.00000000,BACKGROUND2,BACKGROUND6,0.25598972
1408.00000000,BACKGROUND2,BACKGROUND6,0.25599035
1409.00000000,BACKGROUND2,BACKGROUND6,0.25599098
1410.00000000,BACKGROUND2,BACKGROUND6,0.25599161
1411.00000000,BACKGROUND2,BACKGROUND6,0.25599224
1412.00000000,BACKGROUND2,BACKGROUND6,0.25599287
1413.00000000,BACKGROUND2,BACKGROUND6,0.25599350
1414.00000000,BACKGROUND2,BACKGROUND6,0.25599414
1415.00000000,BACKGROUND2,BACKGROUND6,0.25599477
1416.00000000,BACKGROUND2,BACKGROUND6,0.25599541
1417.00000000,BACKGROUND2,BACKGROUND6,0.25599604
1418.00000000,BACKGROUND2,BACKGROUND6,0.25599668
1419.00000000,BACKGROUND2,BACKGROUND6,0.25599731
1420.00000000,BACKGROUND2,BACKGROUND6,0.25599795
1421.00000000,BACKGROUND2,BACKGROUND6,0.25599858
1422.00000000,BACKGROUND2,BACKGROUND6,0.25599922
1423.00000000,BACKGROUND2,BACKGROUND6,0.25599986
1424.00000000,BACKGROUND2,BACKGROUND6,0.25600050
1425.00000000,BACKGROUND2,BACKGROUND6,0.25600114
1426.00000000,BACKGROUND2,BACKGROUND6,0.25600177
1427.00000000,BACKGROUND2,BACKGROUND6,0.25600241
1428.00000000,BACKGROUND2,BACKGROUND6,0.25600305
1429.00000000,BACKGROUND2,BACKGROUND6,0.25600370
1430.00000000,BACKGROUND2,BACKGROUND6,0.25600434
1431.00000000,BACKGROUND2,BACKGROUND6,0.25600498
1432.00000000,BACKGROUND2,BACKGROUND6,0.25600562
1433.00000000,BACKGROUND2,BACKGROUND6,0.25600627
1434.00000000,BACKGROUND2,BACKGROUND6,0.25600691
1435.00000000,BACKGROUND2,BACKGROUND6,0.25600755
1436.00000000,BACKGROUND2,BACKGROUND6,0.25600820
1437.00000000,BACKGROUND2,BACKGROUND6,0.25600884
1438.00000000,BACKGROUND2,BACKGROUND6,0.25600949
1439.00000000,BACKGROUND2,BACKGROUND6,0.25601013
1440.00000000,BACKGROUND2,BACKGROUND6,0.25601078
1441.00000000,BACKGROUND2,BACKGROUND6,0.25601143
1442.00000000,BACKGROUND2,BACKGROUND6,0.25601208
1443.00000000,BACKGROUND2,BACKGROUND6,0.25601273
1444.00000000,BACKGROUND2,BACKGROUND6,0.25601337
1444.00000000,BACKGROUND133,BACKGROUND40,2.69564595
1445.00000000,BACKGROUND2,BACKGROUND6,0.25601402
1446.00000000,BACKGROUND2,BACKGROUND6,0.25601467
1447.00000000,BACKGROUND2,BACKGROUND6,0.25601532
1448.00000000,BACKGROUND2,BACKGROUND6,0.25601597
1449.00000000,BACKGROUND2,BACKGROUND6,0.25601663
1450.00000000,BACKGROUND2,BACKGROUND6,0.25601728
1451.00000000,BACKGROUND2,BACKGROUND6,0.25601793
1452.00000000,BACKGROUND2,BACKGROUND6,0.25601859
1453.00000000,BACKGROUND2,BACKGROUND6,0.25601924
1454.00000000,BACKGROUND2,BACKGROUND6,0.25601989
1455.00000000,BACKGROUND2,BACKGROUND6,0.25602055
1456.00000000,BACKGROUND2,BACKGROUND6,0.25602120
1457.00000000,BACKGROUND2,BACKGROUND6,0.25602186
1458.00000000,BACKGROUND2,BACKGROUND6,0.25602252
1459.00000000,BACKGROUND2,BACKGROUND6,0.25602317
1460.00000000,BACKGROUND2,BACKGROUND6,0.25602383
1461.00000000,BACKGROUND2,BACKGROUND6,0.25602449
1462.00000000,BACKGROUND2,BACKGROUND6,0.25602515
1463.00000000,BACKGROUND2,BACKGROUND6,0.25602581
1464.00000000,BACKGROUND2,BACKGROUND6,0.25602647
1465.00000000,BACKGROUND2,BACKGROUND6,0.25602713
1466.00000000,BACKGROUND2,BACKGROUND6,0.25602779
1467.00000000,BACKGROUND2,BACKGROUND6,0.25602845
1468.00000000,BACKGROUND2,BACKGROUND6,0.25602911
1469.00000000,BACKGROUND2,BACKGROUND6,0.25602977
1470.00000000,BACKGROUND2,BACKGROUND6,0.25603044
1471.00000000,BACKGROUND2,BACKGROUND6,0.25603110
1472.00000000,BACKGROUND2,BACKGROUND6,0.25603177
1473.00000000,BACKGROUND2,BACKGROUND6,0.25603243
1474.00000000,BACKGROUND2,BACKGROUND6,0.25603310
1475.00000000,BACKGROUND2,BACKGROUND6,0.25603376
1476.00000000,BACKGROUND2,BACKGROUND6,0.25603443
1477.00000000,BACKGROUND2,BACKGROUND6,0.25603509
1478.00000000,BACKGROUND2,BACKGROUND6,0.25603576
1479.00000000,BACKGROUND2,BACKGROUND6,0.25603643
1480.00000000,BACKGROUND2,BACKGROUND6,0.25603710
1481.00000000,BACKGROUND2,BACKGROUND6,0.25603777
1482.00000000,BACKGROUND2,BACKGROUND6,0.25603844
1483.00000000,BACKGROUND2,BACKGROUND6,0.25603911
1484.00000000,BACKGROUND2,BACKGROUND6,0.25603978
1485.00000000,BACKGROUND2,BACKGROUND6,0.25604045
1486.00000000,BACKGROUND2,BACKGROUND6,0.25604112
1487.00000000,BACKGROUND2,BACKGROUND6,0.25604179
1488.00000000,BACKGROUND2,BACKGROUND6,0.25604246
1489.00000000,BACKGROUND2,BACKGROUND6,0.25604314
1490.00000000,BACKGROUND2,BACKGROUND6,0.25604381
1491.00000000,BACKGROUND2,BACKGROUND6,0.25604448
1492.00000000,BACKGROUND2,BACKGROUND6,0.25604516
1493.00000000,BACKGROUND2,BACKGROUND6,0.25604583
1494.00000000,BACKGROUND2,BACKGROUND6,0.25604651
1495.00000000,BACKGROUND2,BACKGROUND6,0.25604719
1496.00000000,BACKGROUND2,BACKGROUND6,0.25604786
1497.00000000,BACKGROUND2,BACKGROUND6,0.25604854
1498.00000000,BACKGROUND2,BACKGROUND6,0.25604922
1499.00000000,BACKGROUND2,BACKGROUND6,0.25604990
1500.00000000,BACKGROUND2,BACKGROUND6,0.25605058
1501.00000000,BACKGROUND2,BACKGROUND6,0.25605126
1502.00000000,BACKGROUND2,BACKGROUND6,0.25605194
1503.00000000,BACKGROUND2,BACKGROUND6,0.25605262
1504.00000000,BACKGROUND2,BACKGROUND6,0.25605330
1505.00000000,BACKGROUND2,BACKGROUND6,0.25605398
1506.00000000,BACKGROUND2,BACKGROUND6,0.25605466
1507.00000000,BACKGROUND2,BACKGROUND6,0.25605535
1508.00000000,BACKGROUND2,BACKGROUND6,0.25605603
1509.00000000,BACKGROUND2,BACKGROUND6,0.25605672
1510.00000000,BACKGROUND2,BACKGROUND6,0.25605740
1511.00000000,BACKGROUND2,BACKGROUND6,0.25605808
1512.00000000,BACKGROUND2,BACKGROUND6,0.25605877
1513.00000000,BACKGROUND2,BACKGROUND6,0.25605946
1514.00000000,BACKGROUND2,BACKGROUND6,0.25606014
1515.00000000,BACKGROUND2,BACKGROUND6,0.25606083
1516.00000000,BACKGROUND2,BACKGROUND6,0.25606152
1517.00000000,BACKGROUND2,BACKGROUND6,0.25606221
1518.00000000,BACKGROUND2,BACKGROUND6,0.25606289
1519.00000000,BACKGROUND2,BACKGROUND6,0.25606358
1520.00000000,BACKGROUND2,BACKGROUND6,0.25606427
1521.00000000,BACKGROUND2,BACKGROUND6,0.25606496
1522.00000000,BACKGROUND2,BACKGROUND6,0.25606566
1523.00000000,BACKGROUND2,BACKGROUND6,0.25606635
1524.00000000,BACKGROUND2,BACKGROUND6,0.25606704
1525.00000000,BACKGROUND2,BACKGROUND6,0.25606773
1526.00000000,BACKGROUND2,BACKGROUND6,0.25606842
1527.00000000,BACKGROUND2,BACKGROUND6,0.25606912
1528.00000000,BACKGROUND2,BACKGROUND6,0.25606981
1529.00000000,BACKGROUND2,BACKGROUND6,0.25607051
1530.00000000,BACKGROUND2,BACKGROUND6,0.25607120
1531.00000000,BACKGROUND2,BACKGROUND6,0.25607190
1532.00000000,BACKGROUND2,BACKGROUND6,0.25607260
1533.00000000,BACKGROUND2,BACKGROUND6,0.25607329
1534.00000000,BACKGROUND2,BACKGROUND6,0.25607399
1535.00000000,BACKGROUND2,BACKGROUND6,0.25607469
1536.00000000,BACKGROUND2,BACKGROUND6,0.25607539
1537.00000000,BACKGROUND2,BACKGROUND6,0.25607609
1538.00000000,BACKGROUND2,BACKGROUND6,0.25607679
1539.00000000,BACKGROUND2,BACKGROUND6,0.25607749
1540.00000000,BACKGROUND2,BACKGROUND6,0.25607819
1541.00000000,BACKGROUND2,BACKGROUND6,0.25607889
1542.00000000,BACKGROUND2,BACKGROUND6,0.25607959
1543.00000000,BACKGROUND2,BACKGROUND6,0.25608029
1544.00000000,BACKGROUND2,BACKGROUND6,0.25608100
1545.00000000,BACKGROUND2,BACKGROUND6,0.25608170
1546.00000000,BACKGROUND2,BACKGROUND6,0.25608240
1547.00000000,BACKGROUND2,BACKGROUND6,0.25608311
1548.00000000,BACKGROUND2,BACKGROUND6,0.25608381
1549.00000000,BACKGROUND2,BACKGROUND6,0.25608452
1550.00000000,BACKGROUND2,BACKGROUND6,0.25608522
1551.00000000,BACKGROUND2,BACKGROUND6,0.25608593
1552.00000000,BACKGROUND2,BACKGROUND6,0.25608664
1553.00000000,BACKGROUND2,BACKGROUND6,0.25608734
1554.00000000,BACKGROUND2,BACKGROUND6,0.25608805
1555.00000000,BACKGROUND2,BACKGROUND6,0.25608876
1556.00000000,BACKGROUND2,BACKGROUND6,0.25608947
1557.00000000,BACKGROUND2,BACKGROUND6,0.25609018
1558.00000000,BACKGROUND2,BACKGROUND6,0.25609089
1559.00000000,BACKGROUND2,BACKGROUND6,0.25609160
1560.00000000,BACKGROUND2,BACKGROUND6,0.25609231
1561.00000000,BACKGROUND2,BACKGROUND6,0.25609302
1562.00000000,BACKGROUND2,BACKGROUND6,0.25609374
1563.00000000,BACKGROUND2,BACKGROUND6,0.25609445
1564.00000000,BACKGROUND2,BACKGROUND6,0.25609517
1565.00000000,BACKGROUND2,BACKGROUND6,0.25609588
1566.00000000,BACKGROUND2,BACKGROUND6,0.25609659
1567.00000000,BACKGROUND2,BACKGROUND6,0.25609731
1568.00000000,BACKGROUND2,BACKGROUND6,0.25609802
1569.00000000,BACKGROUND2,BACKGROUND6,0.25609874
1570.00000000,BACKGROUND2,BACKGROUND6,0.25609946
1571.00000000,BACKGROUND2,BACKGROUND6,0.25610018
1572.00000000,BACKGROUND2,BACKGROUND6,0.25610089
1573.00000000,BACKGROUND2,BACKGROUND6,0.25610161
1574.00000000,BACKGROUND2,BACKGROUND6,0.25610233
1575.00000000,BACKGROUND2,BACKGROUND6,0.25610305
1576.00000000,BACKGROUND2,BACKGROUND6,0.25610377
1577.00000000,BACKGROUND2,BACKGROUND6,0.25610449
1578.00000000,BACKGROUND2,BACKGROUND6,0.25610521
1579.00000000,BACKGROUND2,BACKGROUND6,0.25610594
1580.00000000,BACKGROUND2,BACKGROUND6,0.25610666
1581.00000000,BACKGROUND2,BACKGROUND6,0.25610738
1582.00000000,BACKGROUND2,BACKGROUND6,0.25610811
1583.00000000,BACKGROUND2,BACKGROUND6,0.25610883
1584.00000000,BACKGROUND2,BACKGROUND6,0.25610955
1585.00000000,BACKGROUND2,BACKGROUND6,0.25611028
1586.00000000,BACKGROUND2,BACKGROUND6,0.25611100
1587.00000000,BACKGROUND2,BACKGROUND6,0.25611173
1588.00000000,BACKGROUND2,BACKGROUND6,0.25611246
1589.00000000,BACKGROUND2,BACKGROUND6,0.25611318
1590.00000000,BACKGROUND2,BACKGROUND6,0.25611391
1591.00000000,BACKGROUND2,BACKGROUND6,0.25611464
1592.00000000,BACKGROUND2,BACKGROUND6,0.25611537
1593.00000000,BACKGROUND2,BACKGROUND6,0.25611610
1594.00000000,BACKGROUND2,BACKGROUND6,0.25611683
1595.00000000,BACKGROUND2,BACKGROUND6,0.25611756
1596.00000000,BACKGROUND2,BACKGROUND6,0.25611829
1597.00000000,BACKGROUND2,BACKGROUND6,0.25611902
1598.00000000,BACKGROUND2,BACKGROUND6,0.25611975
1599.00000000,BACKGROUND2,BACKGROUND6,0.25612049
1600.00000000,BACKGROUND2,BACKGROUND6,0.25612122
1601.00000000,BACKGROUND2,BACKGROUND6,0.25612195
1602.00000000,BACKGROUND2,BACKGROUND6,0.25612269
1603.00000000,BACKGROUND2,BACKGROUND6,0.25612342
1604.00000000,BACKGROUND2,BACKGROUND6,0.25612416
1605.00000000,BACKGROUND2,BACKGROUND6,0.25612489
1606.00000000,BACKGROUND2,BACKGROUND6,0.25612563
1607.00000000,BACKGROUND2,BACKGROUND6,0.25612636
1608.00000000,BACKGROUND2,BACKGROUND6,0.25612710
1609.00000000,BACKGROUND2,BACKGROUND6,0.25612784
1610.00000000,BACKGROUND2,BACKGROUND6,0.25612858
1611.00000000,BACKGROUND2,BACKGROUND6,0.25612932
1612.00000000,BACKGROUND2,BACKGROUND6,0.25613005
1613.00000000,BACKGROUND2,BACKGROUND6,0.25613079
1614.00000000,BACKGROUND2,BACKGROUND6,0.25613153
1615.00000000,BACKGROUND2,BACKGROUND6,0.25613228
1616.00000000,BACKGROUND2,BACKGROUND6,0.25613302
1617.00000000,BACKGROUND2,BACKGROUND6,0.25613376
1618.00000000,BACKGROUND2,BACKGROUND6,0.25613450
1619.00000000,BACKGROUND2,BACKGROUND6,0.25613525
1620.00000000,BACKGROUND2,BACKGROUND6,0.25613599
1621.00000000,BACKGROUND2,BACKGROUND6,0.25613674
1622.00000000,BACKGROUND2,BACKGROUND6,0.25613748
1623.00000000,BACKGROUND2,BACKGROUND6,0.25613823
1624.00000000,BACKGROUND2,BACKGROUND6,0.25613897
1625.00000000,BACKGROUND2,BACKGROUND6,0.25613972
1626.00000000,BACKGROUND2,BACKGROUND6,0.25614047
1627.00000000,BACKGROUND2,BACKGROUND6,0.25614122
1628.00000000,BACKGROUND2,BACKGROUND6,0.25614196
1629.00000000,BACKGROUND2,BACKGROUND6,0.25614271
1630.00000000,BACKGROUND2,BACKGROUND6,0.25614346
1631.00000000,BACKGROUND2,BACKGROUND6,0.25614421
1632.00000000,BACKGROUND2,BACKGROUND6,0.25614496
1633.00000000,BACKGROUND2,BACKGROUND6,0.25614571
1634.00000000,BACKGROUND2,BACKGROUND6,0.25614646
1635.00000000,BACKGROUND2,BACKGROUND6,0.25614722
1636.00000000,BACKGROUND2,BACKGROUND6,0.25614797
1637.00000000,BACKGROUND2,BACKGROUND6,0.25614872
1638.00000000,BACKGROUND2,BACKGROUND6,0.25614947
1639.00000000,BACKGROUND2,BACKGROUND6,0.25615023
1640.00000000,BACKGROUND2,BACKGROUND6,0.25615098
1641.00000000,BACKGROUND2,BACKGROUND6,0.25615174
1642.00000000,BACKGROUND2,BACKGROUND6,0.25615249
1643.00000000,BACKGROUND2,BACKGROUND6,0.25615325
1644.00000000,BACKGROUND2,BACKGROUND6,0.25615401
1645.00000000,BACKGROUND2,BACKGROUND6,0.25615476
1646.00000000,BACKGROUND2,BACKGROUND6,0.25615552
1647.00000000,BACKGROUND2,BACKGROUND6,0.25615628
1648.00000000,BACKGROUND2,BACKGROUND6,0.25615704
1649.00000000,BACKGROUND2,BACKGROUND6,0.25615780
1650.00000000,BACKGROUND2,BACKGROUND6,0.25615856
1651.00000000,BACKGROUND2,BACKGROUND6,0.25615932
1652.00000000,BACKGROUND2,BACKGROUND6,0.25616008
1653.00000000,BACKGROUND2,BACKGROUND6,0.25616084
1654.00000000,BACKGROUND2,BACKGROUND6,0.25616160
1655.00000000,BACKGROUND2,BACKGROUND6,0.25616237
1656.00000000,BACKGROUND2,BACKGROUND6,0.25616313
1657.00000000,BACKGROUND2,BACKGROUND6,0.25616389
1658.00000000,BACKGROUND2,BACKGROUND6,0.25616466
1659.00000000,BACKGROUND2,BACKGROUND6,0.25616542
1660.00000000,BACKGROUND2,BACKGROUND6,0.25616619
1661.00000000,BACKGROUND2,BACKGROUND6,0.25616695
1662.00000000,BACKGROUND2,BACKGROUND6,0.25616772
1663.00000000,BACKGROUND2,BACKGROUND6,0.25616848
1663.00000000,BACKGROUND162,BACKGROUND188,0.25067409
1664.00000000,BACKGROUND2,BACKGROUND6,0.25616925
1665.00000000,BACKGROUND2,BACKGROUND6,0.25617002
1666.00000000,BACKGROUND2,BACKGROUND6,0.25617079
1667.00000000,BACKGROUND2,BACKGROUND6,0.25617156
1668.00000000,BACKGROUND2,BACKGROUND6,0.25617233
1669.00000000,BACKGROUND2,BACKGROUND6,0.25617310
1670.00000000,BACKGROUND2,BACKGROUND6,0.25617387
1671.00000000,BACKGROUND2,BACKGROUND6,0.25617464
1672.00000000,BACKGROUND2,BACKGROUND6,0.25617541
1673.00000000,BACKGROUND2,BACKGROUND6,0.25617618
1674.00000000,BACKGROUND2,BACKGROUND6,0.25617696
1675.00000000,BACKGROUND2,BACKGROUND6,0.25617773
1676.00000000,BACKGROUND2,BACKGROUND6,0.25617850
1677.00000000,BACKGROUND2,BACKGROUND6,0.25617928
1678.00000000,BACKGROUND2,BACKGROUND6,0.25618005
1679.00000000,BACKGROUND2,BACKGROUND6,0.25618083
1680.00000000,BACKGROUND2,BACKGROUND6,0.25618161
1681.00000000,BACKGROUND2,BACKGROUND6,0.25618238
1682.00000000,BACKGROUND2,BACKGROUND6,0.25618316
1683.00000000,BACKGROUND2,BACKGROUND6,0.25618394
1684.00000000,BACKGROUND2,BACKGROUND6,0.25618472
1685.00000000,BACKGROUND2,BACKGROUND6,0.25618549
1686.00000000,BACKGROUND2,BACKGROUND6,0.25618627
1687.00000000,BACKGROUND2,BACKGROUND6,0.25618705
1688.00000000,BACKGROUND2,BACKGROUND6,0.25618783
1689.00000000,BACKGROUND2,BACKGROUND6,0.25618861
1690.00000000,BACKGROUND2,BACKGROUND6,0.25618940
1691.00000000,BACKGROUND2,BACKGROUND6,0.25619018
1692.00000000,BACKGROUND2,BACKGROUND6,0.25619096
1693.00000000,BACKGROUND2,BACKGROUND6,0.25619174
1694.00000000,BACKGROUND2,BACKGROUND6,0.25619253
1695.00000000,BACKGROUND2,BACKGROUND6,0.25619331
1696.00000000,BACKGROUND2,BACKGROUND6,0.25619410
1697.00000000,BACKGROUND2,BACKGROUND6,0.25619488
1698.00000000,BACKGROUND2,BACKGROUND6,0.25619567
1699.00000000,BACKGROUND2,BACKGROUND6,0.25619645
1700.00000000,BACKGROUND2,BACKGROUND6,0.25619724
1701.00000000,BACKGROUND2,BACKGROUND6,0.25619803
1702.00000000,BACKGROUND2,BACKGROUND6,0.25619881
1703.00000000,BACKGROUND2,BACKGROUND6,0.25619960
1704.00000000,BACKGROUND2,BACKGROUND6,0.25620039
1705.00000000,BACKGROUND2,BACKGROUND6,0.25620118
1706.00000000,BACKGROUND2,BACKGROUND6,0.25620197
1707.00000000,BACKGROUND2,BACKGROUND6,0.25620276
1708.00000000,BACKGROUND2,BACKGROUND6,0.25620355
1709.00000000,BACKGROUND2,BACKGROUND6,0.25620434
1710.00000000,BACKGROUND2,BACKGROUND6,0.25620514
1711.00000000,BACKGROUND2,BACKGROUND6,0.25620593
1712.00000000,BACKGROUND2,BACKGROUND6,0.25620672
1713.00000000,BACKGROUND2,BACKGROUND6,0.25620752
1714.00000000,BACKGROUND2,BACKGROUND6,0.25620831
1715.00000000,BACKGROUND2,BACKGROUND6,0.25620911
1716.00000000,BACKGROUND2,BACKGROUND6,0.25620990
1717.00000000,BACKGROUND2,BACKGROUND6,0.25621070
1718.00000000,BACKGROUND2,BACKGROUND6,0.25621149
1719.00000000,BACKGROUND2,BACKGROUND6,0.25621229
1720.00000000,BACKGROUND2,BACKGROUND6,0.25621309
1721.00000000,BACKGROUND2,BACKGROUND6,0.25621389
1722.00000000,BACKGROUND2,BACKGROUND6,0.25621468
1723.00000000,BACKGROUND2,BACKGROUND6,0.25621548
1724.00000000,BACKGROUND2,BACKGROUND6,0.25621628
1725.00000000,BACKGROUND2,BACKGROUND6,0.25621708
1726.00000000,BACKGROUND2,BACKGROUND6,0.25621788
1727.00000000,BACKGROUND2,BACKGROUND6,0.25621869
1728.00000000,BACKGROUND2,BACKGROUND6,0.25621949
1729.00000000,BACKGROUND2,BACKGROUND6,0.25622029
1730.00000000,BACKGROUND2,BACKGROUND6,0.25622109
1731.00000000,BACKGROUND2,BACKGROUND6,0.25622190
1732.00000000,BACKGROUND2,BACKGROUND6,0.25622270
1733.00000000,BACKGROUND2,BACKGROUND6,0.25622350
1734.00000000,BACKGROUND2,BACKGROUND6,0.25622431
1734.00000000,BACKGROUND162,BACKGROUND199,0.46505882
1735.00000000,BACKGROUND2,BACKGROUND6,0.25622512
1736.00000000,BACKGROUND2,BACKGROUND6,0.25622592
1737.00000000,BACKGROUND2,BACKGROUND6,0.25622673
1738.00000000,BACKGROUND2,BACKGROUND6,0.25622753
1739.00000000,BACKGROUND2,BACKGROUND6,0.25622834
1740.00000000,BACKGROUND2,BACKGROUND6,0.25622915
1741.00000000,BACKGROUND2,BACKGROUND6,0.25622996
1742.00000000,BACKGROUND2,BACKGROUND6,0.25623077
1743.00000000,BACKGROUND2,BACKGROUND6,0.25623158
1744.00000000,BACKGROUND2,BACKGROUND6,0.25623239
1745.00000000,BACKGROUND2,BACKGROUND6,0.25623320
1746.00000000,BACKGROUND2,BACKGROUND6,0.25623401
1747.00000000,BACKGROUND2,BACKGROUND6,0.25623483
1748.00000000,BACKGROUND2,BACKGROUND6,0.25623564
1749.00000000,BACKGROUND2,BACKGROUND6,0.25623645
1749.00000000,BACKGROUND152,BACKGROUND165,0.15227760
1749.00000000,BACKGROUND126,BACKGROUND137,0.09109623
1750.00000000,BACKGROUND2,BACKGROUND6,0.25623726
1751.00000000,BACKGROUND2,BACKGROUND6,0.25623808
1752.00000000,BACKGROUND2,BACKGROUND6,0.25623889
1753.00000000,BACKGROUND2,BACKGROUND6,0.25623971
1754.00000000,BACKGROUND2,BACKGROUND6,0.25624053
1755.00000000,BACKGROUND2,BACKGROUND6,0.25624134
1756.00000000,BACKGROUND2,BACKGROUND6,0.25624216
1757.00000000,BACKGROUND2,BACKGROUND6,0.25624297
1758.00000000,BACKGROUND2,BACKGROUND6,0.25624379
1759.00000000,BACKGROUND2,BACKGROUND6,0.25624461
1760.00000000,BACKGROUND2,BACKGROUND6,0.25624543
1761.00000000,BACKGROUND2,BACKGROUND6,0.25624625
1762.00000000,BACKGROUND2,BACKGROUND6,0.25624707
1763.00000000,BACKGROUND2,BACKGROUND6,0.25624789
1764.00000000,BACKGROUND2,BACKGROUND6,0.25624871
1765.00000000,BACKGROUND2,BACKGROUND6,0.25624953
1766.00000000,BACKGROUND2,BACKGROUND6,0.25625036
1767.00000000,BACKGROUND2,BACKGROUND6,0.25625118
1768.00000000,BACKGROUND2,BACKGROUND6,0.25625200
1769.00000000,BACKGROUND2,BACKGROUND6,0.25625283
1770.00000000,BACKGROUND2,BACKGROUND6,0.25625365
1771.00000000,BACKGROUND2,BACKGROUND6,0.25625448
1772.00000000,BACKGROUND2,BACKGROUND6,0.25625530
1773.00000000,BACKGROUND2,BACKGROUND6,0.25625613
1773.00000000,BACKGROUND137,BACKGROUND87,0.35931284
1774.00000000,BACKGROUND2,BACKGROUND6,0.25625695
1775.00000000,BACKGROUND2,BACKGROUND6,0.25625778
1776.00000000,BACKGROUND2,BACKGROUND6,0.25625861
1777.00000000,BACKGROUND2,BACKGROUND6,0.25625944
1778.00000000,BACKGROUND2,BACKGROUND6,0.25626027
1779.00000000,BACKGROUND2,BACKGROUND6,0.25626109
1780.00000000,BACKGROUND2,BACKGROUND6,0.25626192
1781.00000000,BACKGROUND2,BACKGROUND6,0.25626276
1782.00000000,BACKGROUND2,BACKGROUND6,0.25626359
1783.00000000,BACKGROUND2,BACKGROUND6,0.25626442
1784.00000000,BACKGROUND2,BACKGROUND6,0.25626525
1785.00000000,BACKGROUND2,BACKGROUND6,0.25626608
1786.00000000,BACKGROUND2,BACKGROUND6,0.25626691
1787.00000000,BACKGROUND2,BACKGROUND6,0.25626775
1788.00000000,BACKGROUND2,BACKGROUND6,0.25626858
1789.00000000,BACKGROUND2,BACKGROUND6,0.25626942
1790.00000000,BACKGROUND2,BACKGROUND6,0.25627025
1791.00000000,BACKGROUND2,BACKGROUND6,0.25627109
1792.00000000,BACKGROUND2,BACKGROUND6,0.25627192
1793.00000000,BACKGROUND2,BACKGROUND6,0.25627276
1794.00000000,BACKGROUND2,BACKGROUND6,0.25627360
1795.00000000,BACKGROUND2,BACKGROUND6,0.25627444
1796.00000000,BACKGROUND2,BACKGROUND6,0.25627527
1797.00000000,BACKGROUND2,BACKGROUND6,0.25627611
1798.00000000,BACKGROUND2,BACKGROUND6,0.25627695
1799.00000000,BACKGROUND2,BACKGROUND6,0.25627779
1800.00000000,BACKGROUND2,BACKGROUND6,0.25627863
1801.00000000,BACKGROUND2,BACKGROUND6,0.25627947
