# CONFLICTS LOG
# Start and end of all conflicts
# 
# Simulation Time [s], UAS1, UAS2, Start/End
# simt
181.00000000,BACKGROUND8,SURVEILLANCE_LUFTHANSA,start
199.00000000,BACKGROUND8,SURVEILLANCE_LUFTHANSA,end
228.00000000,SURVEILLANCEOP1,SURVEILLANCE_LUFTHANSA,start
241.00000000,SURVEILLANCEOP1,SURVEILLANCE_LUFTHANSA,end
310.00000000,BACKGROUND2,SURVEILLANCE_EUROWINGS,start
311.00000000,BACKGROUND2,SURVEILLANCE_EUROWINGS,end
321.00000000,BACKGROUND39,SURVEILLANCE_EUROWINGS,start
322.00000000,BACKGROUND16,SURVEILLANCE_EUROWINGS,start
322.00000000,BACKGROUND33,SURVEILLANCE_EUROWINGS,start
336.00000000,BACKGROUND39,SURVEILLANCE_EUROWINGS,end
339.00000000,BACKGROUND33,SURVEILLANCE_EUROWINGS,end
343.00000000,BACKGROUND16,SURVEILLANCE_EUROWINGS,end
496.00000000,BACKGROUND17,BACKGROUND20,start
499.00000000,BACKGROUND24,BACKGROUND32,start
501.00000000,BACKGROUND24,BACKGROUND32,end
502.00000000,BACKGROUND17,BACKGROUND20,end
571.00000000,BACKGROUND30,SURVEILLANCEOP2,start
572.00000000,BACKGROUND30,SURVEILLANCEOP2,end
583.00000000,SURVEILLANCEOP3,SURVEILLANCE_HELICOPTER,start
585.00000000,SURVEILLANCEOP3,SURVEILLANCE_HELICOPTER,end
594.00000000,BACKGROUND27,BACKGROUND32,start
595.00000000,BACKGROUND27,BACKGROUND32,end
598.00000000,BACKGROUND16,BACKGROUND41,start
599.00000000,BACKGROUND16,BACKGROUND41,end
600.00000000,BACKGROUND16,BACKGROUND41,start
603.00000000,SURVEILLANCEOP4,SURVEILLANCEOP5,start
605.00000000,BACKGROUND16,BACKGROUND41,end
607.00000000,SURVEILLANCEOP4,SURVEILLANCEOP5,end
632.00000000,BACKGROUND46,BACKGROUND61,start
633.00000000,BACKGROUND46,BACKGROUND61,end
656.00000000,BACKGROUND17,BACKGROUND67,start
657.00000000,BACKGROUND17,BACKGROUND67,end
659.00000000,BACKGROUND17,BACKGROUND67,start
661.00000000,BACKGROUND17,BACKGROUND67,end
701.00000000,BACKGROUND46,BACKGROUND61,start
716.00000000,BACKGROUND46,BACKGROUND61,end
723.00000000,BACKGROUND46,BACKGROUND61,start
724.00000000,BACKGROUND46,BACKGROUND61,end
726.00000000,BACKGROUND46,BACKGROUND61,start
727.00000000,BACKGROUND46,BACKGROUND61,end
755.00000000,BACKGROUND46,BACKGROUND61,start
756.00000000,BACKGROUND46,BACKGROUND61,end
765.00000000,BACKGROUND46,BACKGROUND61,start
776.00000000,BACKGROUND46,BACKGROUND61,end
816.00000000,BACKGROUND46,BACKGROUND61,start
817.00000000,BACKGROUND46,BACKGROUND61,end
845.00000000,BACKGROUND46,BACKGROUND61,start
846.00000000,BACKGROUND46,BACKGROUND61,end
847.00000000,BACKGROUND46,BACKGROUND61,start
940.00000000,BACKGROUND46,BACKGROUND61,end
954.00000000,BACKGROUND76,SURVEILLANCEOP3,start
956.00000000,BACKGROUND76,SURVEILLANCEOP3,end
957.00000000,BACKGROUND76,SURVEILLANCEOP3,start
958.00000000,BACKGROUND76,SURVEILLANCEOP3,end
959.00000000,BACKGROUND76,SURVEILLANCEOP3,start
960.00000000,BACKGROUND76,SURVEILLANCEOP3,end
1065.00000000,BACKGROUND56,BACKGROUND85,start
1069.00000000,BACKGROUND56,BACKGROUND85,end
1078.00000000,BACKGROUND56,BACKGROUND85,start
1087.00000000,BACKGROUND56,BACKGROUND85,end
1088.00000000,BACKGROUND116,BACKGROUND61,start
1095.00000000,BACKGROUND116,BACKGROUND61,end
1172.00000000,BACKGROUND122,BACKGROUND93,start
1176.00000000,BACKGROUND122,BACKGROUND93,end
1200.00000000,BACKGROUND61,BACKGROUND88,start
1201.00000000,BACKGROUND61,BACKGROUND88,end
1202.00000000,BACKGROUND133,BACKGROUND43,start
1207.00000000,BACKGROUND133,BACKGROUND43,end
1211.00000000,BACKGROUND113,BACKGROUND85,start
1212.00000000,BACKGROUND113,BACKGROUND85,end
1217.00000000,BACKGROUND113,BACKGROUND85,start
1218.00000000,BACKGROUND113,BACKGROUND85,end
1233.00000000,BACKGROUND85,BACKGROUND93,start
1234.00000000,BACKGROUND85,BACKGROUND93,end
1235.00000000,BACKGROUND113,BACKGROUND93,start
1236.00000000,BACKGROUND113,BACKGROUND93,end
1240.00000000,BACKGROUND85,BACKGROUND93,start
1243.00000000,BACKGROUND113,BACKGROUND85,start
1244.00000000,BACKGROUND85,BACKGROUND93,end
1245.00000000,BACKGROUND113,BACKGROUND85,end
1246.00000000,BACKGROUND113,BACKGROUND85,start
1258.00000000,BACKGROUND113,BACKGROUND85,end
1366.00000000,BACKGROUND59,BACKGROUND89,start
1371.00000000,BACKGROUND59,BACKGROUND89,end
1395.00000000,BACKGROUND117,BACKGROUND88,start
1396.00000000,BACKGROUND117,BACKGROUND88,end
1421.00000000,BACKGROUND123,BACKGROUND86,start
1422.00000000,BACKGROUND123,BACKGROUND86,end
1426.00000000,BACKGROUND123,BACKGROUND86,start
1432.00000000,BACKGROUND123,BACKGROUND86,end
1662.00000000,BACKGROUND177,BACKGROUND89,start
1665.00000000,BACKGROUND177,BACKGROUND89,end
1747.00000000,BACKGROUND76,BACKGROUND95,start
1752.00000000,BACKGROUND76,BACKGROUND95,end
1756.00000000,BACKGROUND155,BACKGROUND87,start
1761.00000000,BACKGROUND155,BACKGROUND87,end
1778.00000000,BACKGROUND140,BACKGROUND144,start
1783.00000000,BACKGROUND140,BACKGROUND144,end
1793.00000000,BACKGROUND174,BACKGROUND194,start
1797.00000000,BACKGROUND174,BACKGROUND194,end
