# CLOSEST POINT OF APPROACH LOG
# Shortest distance between 2 UAS during their conflict
# 
# Simulation Time [s], UAS1, UAS2, Distance [m]
# simt
681.00000000,BACKGROUND2,DELIVERY2,0.47500571
906.00000000,DELIVERY1,DELIVERY5,0.68775021
1460.00000000,DELIVERY5,DELIVERY7,0.03480511
1501.00000000,DELIVERY11,DELIVERY9,0.00000000
1502.00000000,DELIVERY11,DELIVERY9,0.00000000
1503.00000000,DELIVERY11,DELIVERY9,0.00000000
1504.00000000,DELIVERY11,DELIVERY9,0.00000000
1505.00000000,DELIVERY11,DELIVERY9,0.00000000
1506.00000000,DELIVERY11,DELIVERY9,0.00000000
1507.00000000,DELIVERY11,DELIVERY9,0.00000000
1508.00000000,DELIVERY11,DELIVERY9,0.00000000
1509.00000000,DELIVERY11,DELIVERY9,0.00000000
1510.00000000,DELIVERY11,DELIVERY9,0.00000000
1511.00000000,DELIVERY11,DELIVERY9,0.00000000
1512.00000000,DELIVERY11,DELIVERY9,0.00000000
1513.00000000,DELIVERY11,DELIVERY9,0.00000000
1514.00000000,DELIVERY11,DELIVERY9,0.00000000
1515.00000000,DELIVERY11,DELIVERY9,0.00000000
1516.00000000,DELIVERY11,DELIVERY9,0.00000000
1517.00000000,DELIVERY11,DELIVERY9,0.00000000
1518.00000000,DELIVERY11,DELIVERY9,0.00000000
1519.00000000,DELIVERY11,DELIVERY9,0.00000000
1520.00000000,DELIVERY11,DELIVERY9,0.00000000
1521.00000000,DELIVERY11,DELIVERY9,0.00000000
1522.00000000,DELIVERY11,DELIVERY9,0.00000000
1523.00000000,DELIVERY11,DELIVERY9,0.00000000
1524.00000000,DELIVERY11,DELIVERY9,0.00000000
1525.00000000,DELIVERY11,DELIVERY9,0.00000000
1526.00000000,DELIVERY11,DELIVERY9,0.00000000
1527.00000000,DELIVERY11,DELIVERY9,0.00000000
1528.00000000,DELIVERY11,DELIVERY9,0.00000000
1529.00000000,DELIVERY11,DELIVERY9,0.00000000
1530.00000000,DELIVERY11,DELIVERY9,0.00000000
1531.00000000,DELIVERY11,DELIVERY9,0.00000000
1532.00000000,DELIVERY11,DELIVERY9,0.00000000
1533.00000000,DELIVERY11,DELIVERY9,0.00000000
1534.00000000,DELIVERY11,DELIVERY9,0.00000000
1535.00000000,DELIVERY11,DELIVERY9,0.00000000
1536.00000000,DELIVERY11,DELIVERY9,0.00000000
1537.00000000,DELIVERY11,DELIVERY9,0.00000000
1538.00000000,DELIVERY11,DELIVERY9,0.00000000
1539.00000000,DELIVERY11,DELIVERY9,0.00000000
1542.00000000,DELIVERY11,DELIVERY9,0.00000000
1543.00000000,DELIVERY11,DELIVERY9,0.00000000
1544.00000000,DELIVERY11,DELIVERY9,0.00000000
1545.00000000,DELIVERY11,DELIVERY9,0.00000000
1547.00000000,DELIVERY11,DELIVERY9,0.00000000
1548.00000000,DELIVERY11,DELIVERY9,0.00000000
1549.00000000,DELIVERY11,DELIVERY9,0.00000000
1550.00000000,DELIVERY11,DELIVERY9,0.00000000
1551.00000000,DELIVERY11,DELIVERY9,0.00000000
1552.00000000,DELIVERY11,DELIVERY9,0.00000000
1553.00000000,DELIVERY11,DELIVERY9,0.00000000
1554.00000000,DELIVERY11,DELIVERY9,0.00000000
1555.00000000,DELIVERY11,DELIVERY9,0.00000000
1556.00000000,DELIVERY11,DELIVERY9,0.00000000
1557.00000000,DELIVERY11,DELIVERY9,0.00000000
1558.00000000,DELIVERY11,DELIVERY9,0.00000000
1559.00000000,DELIVERY11,DELIVERY9,0.00000000
1560.00000000,DELIVERY11,DELIVERY9,0.00000000
1561.00000000,DELIVERY11,DELIVERY9,0.00000000
1562.00000000,DELIVERY11,DELIVERY9,0.00000000
1563.00000000,DELIVERY11,DELIVERY9,0.00000000
1564.00000000,DELIVERY11,DELIVERY9,0.00000000
1565.00000000,DELIVERY11,DELIVERY9,0.00000000
1566.00000000,DELIVERY11,DELIVERY9,0.00000000
1567.00000000,DELIVERY11,DELIVERY9,0.00000000
1568.00000000,DELIVERY11,DELIVERY9,0.00000000
1569.00000000,DELIVERY11,DELIVERY9,0.00000000
1570.00000000,DELIVERY11,DELIVERY9,0.00000000
1571.00000000,DELIVERY11,DELIVERY9,0.00000000
1572.00000000,DELIVERY11,DELIVERY9,0.00000000
1573.00000000,DELIVERY11,DELIVERY9,0.00000000
1574.00000000,DELIVERY11,DELIVERY9,0.00000000
1575.00000000,DELIVERY11,DELIVERY9,0.00000000
1576.00000000,DELIVERY11,DELIVERY9,0.00000000
1577.00000000,DELIVERY11,DELIVERY9,0.00000000
1578.00000000,DELIVERY11,DELIVERY9,0.00000000
1579.00000000,DELIVERY11,DELIVERY9,0.00000000
1580.00000000,DELIVERY11,DELIVERY9,0.00000000
1581.00000000,DELIVERY11,DELIVERY9,0.00000000
1582.00000000,DELIVERY11,DELIVERY9,0.00000000
1583.00000000,DELIVERY11,DELIVERY9,0.00000000
1584.00000000,DELIVERY11,DELIVERY9,0.00000000
1585.00000000,DELIVERY11,DELIVERY9,0.00000000
1586.00000000,DELIVERY11,DELIVERY9,0.00000000
1587.00000000,DELIVERY11,DELIVERY9,0.00000000
1588.00000000,DELIVERY11,DELIVERY9,0.00000000
1589.00000000,DELIVERY11,DELIVERY9,0.00000000
1590.00000000,DELIVERY11,DELIVERY9,0.00000000
1591.00000000,DELIVERY11,DELIVERY9,0.00000000
1592.00000000,DELIVERY11,DELIVERY9,0.00000000
1593.00000000,DELIVERY11,DELIVERY9,0.00000000
1594.00000000,DELIVERY11,DELIVERY9,0.00000000
1595.00000000,DELIVERY11,DELIVERY9,0.00000000
1596.00000000,DELIVERY11,DELIVERY9,0.00000000
1597.00000000,DELIVERY11,DELIVERY9,0.00000000
1598.00000000,DELIVERY11,DELIVERY9,0.00000000
1599.00000000,DELIVERY11,DELIVERY9,0.00000000
1600.00000000,DELIVERY11,DELIVERY9,0.00000000
1601.00000000,DELIVERY11,DELIVERY9,0.00000000
1602.00000000,DELIVERY11,DELIVERY9,0.00000000
1603.00000000,DELIVERY11,DELIVERY9,0.00000000
1604.00000000,DELIVERY11,DELIVERY9,0.00000000
1605.00000000,DELIVERY11,DELIVERY9,0.00000000
1606.00000000,DELIVERY11,DELIVERY9,0.00000000
1607.00000000,DELIVERY11,DELIVERY9,0.00000000
1608.00000000,DELIVERY11,DELIVERY9,0.00000000
1609.00000000,DELIVERY11,DELIVERY9,0.00000000
1610.00000000,DELIVERY11,DELIVERY9,0.00000000
1611.00000000,DELIVERY11,DELIVERY9,0.00000000
1612.00000000,DELIVERY11,DELIVERY9,0.00000000
1613.00000000,DELIVERY11,DELIVERY9,0.00000000
1614.00000000,DELIVERY11,DELIVERY9,0.00000000
1615.00000000,DELIVERY11,DELIVERY9,0.00000000
1616.00000000,DELIVERY11,DELIVERY9,0.00000000
1617.00000000,DELIVERY11,DELIVERY9,0.00000000
1618.00000000,DELIVERY11,DELIVERY9,0.00000000
1619.00000000,DELIVERY11,DELIVERY9,0.00000000
1620.00000000,DELIVERY11,DELIVERY9,0.00000000
1621.00000000,DELIVERY11,DELIVERY9,0.00000000
1622.00000000,DELIVERY11,DELIVERY9,0.00000000
1623.00000000,DELIVERY11,DELIVERY9,0.00000000
1624.00000000,DELIVERY11,DELIVERY9,0.00000000
1625.00000000,DELIVERY11,DELIVERY9,0.00000000
1626.00000000,DELIVERY11,DELIVERY9,0.00000000
1627.00000000,DELIVERY11,DELIVERY9,0.00000000
1628.00000000,DELIVERY11,DELIVERY9,0.00000000
1629.00000000,DELIVERY11,DELIVERY9,0.00000000
1630.00000000,DELIVERY11,DELIVERY9,0.00000000
1631.00000000,DELIVERY11,DELIVERY9,0.00000000
1632.00000000,DELIVERY11,DELIVERY9,0.00000000
1633.00000000,DELIVERY11,DELIVERY9,0.00000000
1634.00000000,DELIVERY11,DELIVERY9,0.00000000
1635.00000000,DELIVERY11,DELIVERY9,0.00000000
1636.00000000,DELIVERY11,DELIVERY9,0.00000000
1637.00000000,DELIVERY11,DELIVERY9,0.00000000
1638.00000000,DELIVERY11,DELIVERY9,0.00000000
1639.00000000,DELIVERY11,DELIVERY9,0.00000000
1640.00000000,DELIVERY11,DELIVERY9,0.00000000
1641.00000000,DELIVERY11,DELIVERY9,0.00000000
1642.00000000,DELIVERY11,DELIVERY9,0.00000000
1643.00000000,DELIVERY11,DELIVERY9,0.00000000
1644.00000000,DELIVERY11,DELIVERY9,0.00000000
1645.00000000,DELIVERY11,DELIVERY9,0.00000000
1646.00000000,DELIVERY11,DELIVERY9,0.00000000
1647.00000000,DELIVERY11,DELIVERY9,0.00000000
1648.00000000,DELIVERY11,DELIVERY9,0.00000000
1649.00000000,DELIVERY11,DELIVERY9,0.00000000
1650.00000000,DELIVERY11,DELIVERY9,0.00000000
1651.00000000,DELIVERY11,DELIVERY9,0.00000000
1652.00000000,DELIVERY11,DELIVERY9,0.00000000
1653.00000000,DELIVERY11,DELIVERY9,0.00000000
1654.00000000,DELIVERY11,DELIVERY9,0.00000000
1655.00000000,DELIVERY11,DELIVERY9,0.00000000
1656.00000000,DELIVERY11,DELIVERY9,0.00000000
1657.00000000,DELIVERY11,DELIVERY9,0.00000000
1658.00000000,DELIVERY11,DELIVERY9,0.00000000
1659.00000000,DELIVERY11,DELIVERY9,0.00000000
1660.00000000,DELIVERY11,DELIVERY9,0.00000000
1661.00000000,DELIVERY11,DELIVERY9,0.00000000
1662.00000000,DELIVERY11,DELIVERY9,0.00000000
1663.00000000,DELIVERY11,DELIVERY9,0.00000000
1664.00000000,DELIVERY11,DELIVERY9,0.00000000
1665.00000000,DELIVERY11,DELIVERY9,0.00000000
1666.00000000,DELIVERY11,DELIVERY9,0.00000000
1667.00000000,DELIVERY11,DELIVERY9,0.00000000
1667.00000000,DELIVERY7,DELIVERY9,0.49606866
1667.00000000,DELIVERY11,DELIVERY7,0.49606866
1668.00000000,DELIVERY11,DELIVERY9,0.00000000
1669.00000000,DELIVERY11,DELIVERY9,0.00000000
1670.00000000,DELIVERY11,DELIVERY9,0.00000000
1671.00000000,DELIVERY11,DELIVERY9,0.00000000
1672.00000000,DELIVERY11,DELIVERY9,0.00000000
1673.00000000,DELIVERY11,DELIVERY9,0.00000000
1674.00000000,DELIVERY11,DELIVERY9,0.00000000
1675.00000000,DELIVERY11,DELIVERY9,0.00000000
1676.00000000,DELIVERY11,DELIVERY9,0.00000000
1677.00000000,DELIVERY11,DELIVERY9,0.00000000
1678.00000000,DELIVERY11,DELIVERY9,0.00000000
1679.00000000,DELIVERY11,DELIVERY9,0.00000000
1680.00000000,DELIVERY11,DELIVERY9,0.00000000
1681.00000000,DELIVERY11,DELIVERY9,0.00000000
1682.00000000,DELIVERY11,DELIVERY9,0.00000000
1683.00000000,DELIVERY11,DELIVERY9,0.00000000
1684.00000000,DELIVERY11,DELIVERY9,0.00000000
1685.00000000,DELIVERY11,DELIVERY9,0.00000000
1686.00000000,DELIVERY11,DELIVERY9,0.00000000
1687.00000000,DELIVERY11,DELIVERY9,0.00000000
1688.00000000,DELIVERY11,DELIVERY9,0.00000000
1689.00000000,DELIVERY11,DELIVERY9,0.00000000
1690.00000000,DELIVERY11,DELIVERY9,0.00000000
1691.00000000,DELIVERY11,DELIVERY9,0.00000000
1692.00000000,DELIVERY11,DELIVERY9,0.00000000
1693.00000000,DELIVERY11,DELIVERY9,0.00000000
1694.00000000,DELIVERY11,DELIVERY9,0.00000000
1695.00000000,DELIVERY11,DELIVERY9,0.00000000
1696.00000000,DELIVERY11,DELIVERY9,0.00000000
1697.00000000,DELIVERY11,DELIVERY9,0.00000000
1698.00000000,DELIVERY11,DELIVERY9,0.00000000
1699.00000000,DELIVERY11,DELIVERY9,0.00000000
1700.00000000,DELIVERY11,DELIVERY9,0.00000000
1701.00000000,DELIVERY11,DELIVERY9,0.00000000
1702.00000000,DELIVERY11,DELIVERY9,0.00000000
1703.00000000,DELIVERY11,DELIVERY9,0.00000000
1704.00000000,DELIVERY11,DELIVERY9,0.00000000
1705.00000000,DELIVERY11,DELIVERY9,0.00000000
1706.00000000,DELIVERY11,DELIVERY9,0.00000000
1707.00000000,DELIVERY11,DELIVERY9,0.00000000
1708.00000000,DELIVERY11,DELIVERY9,0.00000000
1709.00000000,DELIVERY11,DELIVERY9,0.00000000
1713.00000000,DELIVERY11,DELIVERY9,0.00000000
1714.00000000,DELIVERY11,DELIVERY9,0.00000000
1715.00000000,DELIVERY11,DELIVERY9,0.00000000
1716.00000000,DELIVERY11,DELIVERY9,0.00000000
1717.00000000,DELIVERY11,DELIVERY9,0.00000000
1718.00000000,DELIVERY11,DELIVERY9,0.00000000
1719.00000000,DELIVERY11,DELIVERY9,0.00000000
1720.00000000,DELIVERY11,DELIVERY9,0.00000000
1721.00000000,DELIVERY11,DELIVERY9,0.00000000
1722.00000000,DELIVERY11,DELIVERY9,0.00000000
1723.00000000,DELIVERY11,DELIVERY9,0.00000000
1724.00000000,DELIVERY11,DELIVERY9,0.00000000
1725.00000000,DELIVERY11,DELIVERY9,0.00000000
1726.00000000,DELIVERY11,DELIVERY9,0.00000000
1727.00000000,DELIVERY11,DELIVERY9,0.00000000
1728.00000000,DELIVERY11,DELIVERY9,0.00000000
1729.00000000,DELIVERY11,DELIVERY9,0.00000000
1730.00000000,DELIVERY11,DELIVERY9,0.00000000
1731.00000000,DELIVERY11,DELIVERY9,0.00000000
1732.00000000,DELIVERY11,DELIVERY9,0.00000000
1733.00000000,DELIVERY11,DELIVERY9,0.00000000
1734.00000000,DELIVERY11,DELIVERY9,0.00000000
1735.00000000,DELIVERY11,DELIVERY9,0.00000000
1736.00000000,DELIVERY11,DELIVERY9,0.00000000
1737.00000000,DELIVERY11,DELIVERY9,0.00000000
1738.00000000,DELIVERY11,DELIVERY9,0.00000000
1739.00000000,DELIVERY11,DELIVERY9,0.00000000
1740.00000000,DELIVERY11,DELIVERY9,0.00000000
1741.00000000,DELIVERY11,DELIVERY9,0.00000000
1742.00000000,DELIVERY11,DELIVERY9,0.00000000
1743.00000000,DELIVERY11,DELIVERY9,0.00000000
1744.00000000,DELIVERY11,DELIVERY9,0.00000000
1745.00000000,DELIVERY11,DELIVERY9,0.00000000
1746.00000000,DELIVERY11,DELIVERY9,0.00000000
1747.00000000,DELIVERY11,DELIVERY9,0.00000000
1748.00000000,DELIVERY11,DELIVERY9,0.00000000
1749.00000000,DELIVERY11,DELIVERY9,0.00000000
1750.00000000,DELIVERY11,DELIVERY9,0.00000000
1751.00000000,DELIVERY11,DELIVERY9,0.00000000
1752.00000000,DELIVERY11,DELIVERY9,0.00000000
1753.00000000,DELIVERY11,DELIVERY9,0.00000000
1754.00000000,DELIVERY11,DELIVERY9,0.00000000
1755.00000000,DELIVERY11,DELIVERY9,0.00000000
1756.00000000,DELIVERY11,DELIVERY9,0.00000000
1757.00000000,DELIVERY11,DELIVERY9,0.00000000
1758.00000000,DELIVERY11,DELIVERY9,0.00000000
1759.00000000,DELIVERY11,DELIVERY9,0.00000000
1760.00000000,DELIVERY11,DELIVERY9,0.00000000
1761.00000000,DELIVERY11,DELIVERY9,0.00000000
1762.00000000,DELIVERY11,DELIVERY9,0.00000000
1763.00000000,DELIVERY11,DELIVERY9,0.00000000
1764.00000000,DELIVERY11,DELIVERY9,0.00000000
1765.00000000,DELIVERY11,DELIVERY9,0.00000000
1766.00000000,DELIVERY11,DELIVERY9,0.00000000
1767.00000000,DELIVERY11,DELIVERY9,0.00000000
1768.00000000,DELIVERY11,DELIVERY9,0.00000000
1769.00000000,DELIVERY11,DELIVERY9,0.00000000
1770.00000000,DELIVERY11,DELIVERY9,0.00000000
1771.00000000,DELIVERY11,DELIVERY9,0.00000000
1772.00000000,DELIVERY11,DELIVERY9,0.00000000
1773.00000000,DELIVERY11,DELIVERY9,0.00000000
1774.00000000,DELIVERY11,DELIVERY9,0.00000000
1775.00000000,DELIVERY11,DELIVERY9,0.00000000
1776.00000000,DELIVERY11,DELIVERY9,0.00000000
1777.00000000,DELIVERY11,DELIVERY9,0.00000000
1778.00000000,DELIVERY11,DELIVERY9,0.00000000
1779.00000000,DELIVERY11,DELIVERY9,0.00000000
1780.00000000,DELIVERY11,DELIVERY9,0.00000000
1781.00000000,DELIVERY11,DELIVERY9,0.00000000
1782.00000000,DELIVERY11,DELIVERY9,0.00000000
1783.00000000,DELIVERY11,DELIVERY9,0.00000000
1784.00000000,DELIVERY11,DELIVERY9,0.00000000
1785.00000000,DELIVERY11,DELIVERY9,0.00000000
1786.00000000,DELIVERY11,DELIVERY9,0.00000000
1787.00000000,DELIVERY11,DELIVERY9,0.00000000
1788.00000000,DELIVERY11,DELIVERY9,0.00000000
1789.00000000,DELIVERY11,DELIVERY9,0.00000000
1790.00000000,DELIVERY11,DELIVERY9,0.00000000
1791.00000000,DELIVERY11,DELIVERY9,0.00000000
1792.00000000,DELIVERY11,DELIVERY9,0.00000000
1793.00000000,DELIVERY11,DELIVERY9,0.00000000
1794.00000000,DELIVERY11,DELIVERY9,0.00000000
1795.00000000,DELIVERY11,DELIVERY9,0.00000000
1796.00000000,DELIVERY11,DELIVERY9,0.00000000
1797.00000000,DELIVERY11,DELIVERY9,0.00000000
1797.00000000,DELIVERY8,DELIVERY9,0.85338666
1797.00000000,DELIVERY11,DELIVERY8,0.85338666
1798.00000000,DELIVERY11,DELIVERY9,0.00000000
1799.00000000,DELIVERY11,DELIVERY9,0.00000000
1800.00000000,DELIVERY11,DELIVERY9,0.00000000
1801.00000000,DELIVERY11,DELIVERY9,0.00000000
1802.00000000,DELIVERY11,DELIVERY9,0.00000000
1803.00000000,DELIVERY11,DELIVERY9,0.00000000
1804.00000000,DELIVERY11,DELIVERY9,0.00000000
1805.00000000,DELIVERY11,DELIVERY9,0.00000000
1806.00000000,DELIVERY11,DELIVERY9,0.00000000
1807.00000000,DELIVERY11,DELIVERY9,0.00000000
1808.00000000,DELIVERY11,DELIVERY9,0.00000000
1809.00000000,DELIVERY11,DELIVERY9,0.00000000
1810.00000000,DELIVERY11,DELIVERY9,0.00000000
1811.00000000,DELIVERY11,DELIVERY9,0.00000000
1812.00000000,DELIVERY11,DELIVERY9,0.00000000
1813.00000000,DELIVERY11,DELIVERY9,0.00000000
1814.00000000,DELIVERY11,DELIVERY9,0.00000000
1815.00000000,DELIVERY11,DELIVERY9,0.00000000
1816.00000000,DELIVERY11,DELIVERY9,0.00000000
1817.00000000,DELIVERY11,DELIVERY9,0.00000001
1818.00000000,DELIVERY11,DELIVERY9,0.10738053
1868.00000000,DELIVERY11,DELIVERY9,4.33367680
1917.00000000,DELIVERY11,DELIVERY9,11.22060059
2101.00000000,DELIVERY15,DELIVERY16,0.01165658
2102.00000000,DELIVERY15,DELIVERY16,0.39866822
2250.00000000,DELIVERY12,DELIVERY15,0.21429034
2666.00000000,DELIVERY14,DELIVERY17,6.18213625
2667.00000000,DELIVERY14,DELIVERY17,8.77746348
2701.00000000,DELIVERY18,DELIVERY19,0.00000000
2702.00000000,DELIVERY18,DELIVERY19,0.00000000
2703.00000000,DELIVERY18,DELIVERY19,0.00000000
2704.00000000,DELIVERY18,DELIVERY19,0.00000000
2705.00000000,DELIVERY18,DELIVERY19,0.00000000
2706.00000000,DELIVERY18,DELIVERY19,0.00000000
2707.00000000,DELIVERY18,DELIVERY19,0.00000000
2708.00000000,DELIVERY18,DELIVERY19,0.00000000
2709.00000000,DELIVERY18,DELIVERY19,0.00000000
2710.00000000,DELIVERY18,DELIVERY19,0.00000000
2711.00000000,DELIVERY18,DELIVERY19,0.00000000
2712.00000000,DELIVERY18,DELIVERY19,0.00000000
2713.00000000,DELIVERY18,DELIVERY19,0.00000000
2714.00000000,DELIVERY18,DELIVERY19,0.00000000
2715.00000000,DELIVERY18,DELIVERY19,0.00000000
2716.00000000,DELIVERY18,DELIVERY19,0.00000000
2717.00000000,DELIVERY18,DELIVERY19,0.00000000
2718.00000000,DELIVERY18,DELIVERY19,0.00000000
2719.00000000,DELIVERY18,DELIVERY19,0.00000000
2720.00000000,DELIVERY18,DELIVERY19,0.00000000
2721.00000000,DELIVERY18,DELIVERY19,0.00000000
2722.00000000,DELIVERY18,DELIVERY19,0.00000000
2723.00000000,DELIVERY18,DELIVERY19,0.00000000
2724.00000000,DELIVERY18,DELIVERY19,0.00000000
2725.00000000,DELIVERY18,DELIVERY19,0.00000000
2726.00000000,DELIVERY18,DELIVERY19,0.00000000
2727.00000000,DELIVERY18,DELIVERY19,0.00000000
2728.00000000,DELIVERY18,DELIVERY19,0.00000000
2729.00000000,DELIVERY18,DELIVERY19,0.00000000
2730.00000000,DELIVERY18,DELIVERY19,0.00000000
2731.00000000,DELIVERY18,DELIVERY19,0.00000000
2732.00000000,DELIVERY18,DELIVERY19,0.00000000
2733.00000000,DELIVERY18,DELIVERY19,0.00000000
2734.00000000,DELIVERY18,DELIVERY19,0.00000000
2735.00000000,DELIVERY18,DELIVERY19,0.00000000
2736.00000000,DELIVERY18,DELIVERY19,0.00000000
2737.00000000,DELIVERY18,DELIVERY19,0.00000000
2738.00000000,DELIVERY18,DELIVERY19,0.00000000
2739.00000000,DELIVERY18,DELIVERY19,0.00000000
2740.00000000,DELIVERY18,DELIVERY19,0.00000000
2741.00000000,DELIVERY18,DELIVERY19,0.00000000
2742.00000000,DELIVERY18,DELIVERY19,0.00000000
2743.00000000,DELIVERY18,DELIVERY19,0.00000000
2744.00000000,DELIVERY18,DELIVERY19,0.00000000
2745.00000000,DELIVERY18,DELIVERY19,0.00000000
2746.00000000,DELIVERY18,DELIVERY19,0.00000000
2747.00000000,DELIVERY18,DELIVERY19,0.00000000
2748.00000000,DELIVERY18,DELIVERY19,0.00000000
2749.00000000,DELIVERY18,DELIVERY19,0.00000000
2750.00000000,DELIVERY18,DELIVERY19,0.00000000
2751.00000000,DELIVERY18,DELIVERY19,0.00000000
2752.00000000,DELIVERY18,DELIVERY19,0.00000000
2753.00000000,DELIVERY18,DELIVERY19,0.00000000
2754.00000000,DELIVERY18,DELIVERY19,0.00000000
2755.00000000,DELIVERY18,DELIVERY19,0.00000000
2756.00000000,DELIVERY18,DELIVERY19,0.00000000
2757.00000000,DELIVERY18,DELIVERY19,0.00000000
2758.00000000,DELIVERY18,DELIVERY19,0.00000000
2759.00000000,DELIVERY18,DELIVERY19,0.00000000
2760.00000000,DELIVERY18,DELIVERY19,0.00000000
2761.00000000,DELIVERY18,DELIVERY19,0.00000000
2762.00000000,DELIVERY18,DELIVERY19,0.00000000
2763.00000000,DELIVERY18,DELIVERY19,0.00000000
2764.00000000,DELIVERY18,DELIVERY19,0.00000000
2765.00000000,DELIVERY18,DELIVERY19,0.00000000
2766.00000000,DELIVERY18,DELIVERY19,0.00000000
2767.00000000,DELIVERY18,DELIVERY19,0.00000000
2768.00000000,DELIVERY18,DELIVERY19,0.00000000
2769.00000000,DELIVERY18,DELIVERY19,0.00000000
2770.00000000,DELIVERY18,DELIVERY19,0.00000000
2771.00000000,DELIVERY18,DELIVERY19,0.00000000
2772.00000000,DELIVERY18,DELIVERY19,0.00000000
2773.00000000,DELIVERY18,DELIVERY19,0.00000000
2774.00000000,DELIVERY18,DELIVERY19,0.00000000
2775.00000000,DELIVERY18,DELIVERY19,0.00000000
2776.00000000,DELIVERY18,DELIVERY19,0.00000000
2777.00000000,DELIVERY18,DELIVERY19,0.00000000
2778.00000000,DELIVERY18,DELIVERY19,0.00000000
2779.00000000,DELIVERY18,DELIVERY19,0.00000000
2780.00000000,DELIVERY18,DELIVERY19,0.00000000
2781.00000000,DELIVERY18,DELIVERY19,0.00000000
2782.00000000,DELIVERY18,DELIVERY19,0.00000000
2783.00000000,DELIVERY18,DELIVERY19,0.00000000
2784.00000000,DELIVERY18,DELIVERY19,0.00000000
2785.00000000,DELIVERY18,DELIVERY19,0.00000000
2786.00000000,DELIVERY18,DELIVERY19,0.00000000
2787.00000000,DELIVERY18,DELIVERY19,0.00000000
2788.00000000,DELIVERY18,DELIVERY19,0.00000000
2789.00000000,DELIVERY18,DELIVERY19,0.00000000
2790.00000000,DELIVERY18,DELIVERY19,0.00000000
2791.00000000,DELIVERY18,DELIVERY19,0.00000000
2792.00000000,DELIVERY18,DELIVERY19,0.00000000
2793.00000000,DELIVERY18,DELIVERY19,0.00000000
2794.00000000,DELIVERY18,DELIVERY19,0.00000000
2795.00000000,DELIVERY18,DELIVERY19,0.00000000
2796.00000000,DELIVERY18,DELIVERY19,0.00000000
2797.00000000,DELIVERY18,DELIVERY19,0.00000000
2798.00000000,DELIVERY18,DELIVERY19,0.00000000
2799.00000000,DELIVERY18,DELIVERY19,0.00000000
2800.00000000,DELIVERY18,DELIVERY19,0.00000000
2801.00000000,DELIVERY18,DELIVERY19,0.00000000
2802.00000000,DELIVERY18,DELIVERY19,0.00000000
2803.00000000,DELIVERY18,DELIVERY19,0.00000000
2804.00000000,DELIVERY18,DELIVERY19,0.00000000
2805.00000000,DELIVERY18,DELIVERY19,0.00000000
2806.00000000,DELIVERY18,DELIVERY19,0.00000000
2807.00000000,DELIVERY18,DELIVERY19,0.00000000
2808.00000000,DELIVERY18,DELIVERY19,0.00000000
2809.00000000,DELIVERY18,DELIVERY19,0.00000000
2810.00000000,DELIVERY18,DELIVERY19,0.00000000
2811.00000000,DELIVERY18,DELIVERY19,0.00000000
2812.00000000,DELIVERY18,DELIVERY19,0.00000000
2813.00000000,DELIVERY18,DELIVERY19,0.00000000
2814.00000000,DELIVERY18,DELIVERY19,0.00000000
2815.00000000,DELIVERY18,DELIVERY19,0.00000000
2816.00000000,DELIVERY18,DELIVERY19,0.00000000
2817.00000000,DELIVERY18,DELIVERY19,0.00000000
2818.00000000,DELIVERY18,DELIVERY19,0.00000000
2819.00000000,DELIVERY18,DELIVERY19,0.00000000
2820.00000000,DELIVERY18,DELIVERY19,0.00000000
2821.00000000,DELIVERY18,DELIVERY19,0.00000000
2822.00000000,DELIVERY18,DELIVERY19,0.00000000
2823.00000000,DELIVERY18,DELIVERY19,0.00000000
2824.00000000,DELIVERY18,DELIVERY19,0.00000000
2825.00000000,DELIVERY18,DELIVERY19,0.00000000
2826.00000000,DELIVERY18,DELIVERY19,0.00000000
2827.00000000,DELIVERY18,DELIVERY19,0.00000000
2828.00000000,DELIVERY18,DELIVERY19,0.00000000
2829.00000000,DELIVERY18,DELIVERY19,0.00000000
2830.00000000,DELIVERY18,DELIVERY19,0.00000000
2831.00000000,DELIVERY18,DELIVERY19,0.00000000
2832.00000000,DELIVERY18,DELIVERY19,0.00000000
2833.00000000,DELIVERY18,DELIVERY19,0.00000000
2834.00000000,DELIVERY18,DELIVERY19,0.00000000
2835.00000000,DELIVERY18,DELIVERY19,0.00000000
2836.00000000,DELIVERY18,DELIVERY19,0.00000000
2837.00000000,DELIVERY18,DELIVERY19,0.00000000
2838.00000000,DELIVERY18,DELIVERY19,0.00000000
2839.00000000,DELIVERY18,DELIVERY19,0.00000000
2840.00000000,DELIVERY18,DELIVERY19,0.00000000
2841.00000000,DELIVERY18,DELIVERY19,0.00000000
2842.00000000,DELIVERY18,DELIVERY19,0.00000000
2843.00000000,DELIVERY18,DELIVERY19,0.00000000
2844.00000000,DELIVERY18,DELIVERY19,0.00000000
2845.00000000,DELIVERY18,DELIVERY19,0.00000000
2846.00000000,DELIVERY18,DELIVERY19,0.00000000
2847.00000000,DELIVERY18,DELIVERY19,0.00000000
2848.00000000,DELIVERY18,DELIVERY19,0.00000000
2849.00000000,DELIVERY18,DELIVERY19,0.00000000
2850.00000000,DELIVERY18,DELIVERY19,0.00000000
2851.00000000,DELIVERY18,DELIVERY19,0.00000000
2852.00000000,DELIVERY18,DELIVERY19,0.00000000
2853.00000000,DELIVERY18,DELIVERY19,0.00000000
2854.00000000,DELIVERY18,DELIVERY19,0.00000000
2855.00000000,DELIVERY18,DELIVERY19,0.00000000
2856.00000000,DELIVERY18,DELIVERY19,0.00000000
2857.00000000,DELIVERY18,DELIVERY19,0.00000000
2858.00000000,DELIVERY18,DELIVERY19,0.00000000
2859.00000000,DELIVERY18,DELIVERY19,0.00000000
2860.00000000,DELIVERY18,DELIVERY19,0.00000000
2861.00000000,DELIVERY18,DELIVERY19,0.00000000
2862.00000000,DELIVERY18,DELIVERY19,0.00000000
2863.00000000,DELIVERY18,DELIVERY19,0.00000000
2864.00000000,DELIVERY18,DELIVERY19,0.00000000
2865.00000000,DELIVERY18,DELIVERY19,0.00000000
2866.00000000,DELIVERY18,DELIVERY19,0.00000000
2867.00000000,DELIVERY18,DELIVERY19,0.00000000
2868.00000000,DELIVERY18,DELIVERY19,0.00000000
2869.00000000,DELIVERY18,DELIVERY19,0.00000000
2870.00000000,DELIVERY18,DELIVERY19,0.00000000
2871.00000000,DELIVERY18,DELIVERY19,0.00000000
2872.00000000,DELIVERY18,DELIVERY19,0.00000000
2873.00000000,DELIVERY18,DELIVERY19,0.00000000
2874.00000000,DELIVERY18,DELIVERY19,0.00000000
2875.00000000,DELIVERY18,DELIVERY19,0.00000000
2876.00000000,DELIVERY18,DELIVERY19,0.00000000
2877.00000000,DELIVERY18,DELIVERY19,0.00000000
2878.00000000,DELIVERY18,DELIVERY19,0.00000000
2879.00000000,DELIVERY18,DELIVERY19,0.00000000
2880.00000000,DELIVERY18,DELIVERY19,0.00000000
2881.00000000,DELIVERY18,DELIVERY19,0.00000000
2882.00000000,DELIVERY18,DELIVERY19,0.00000000
2883.00000000,DELIVERY18,DELIVERY19,0.00000000
2884.00000000,DELIVERY18,DELIVERY19,0.00000000
2885.00000000,DELIVERY18,DELIVERY19,0.00000000
2886.00000000,DELIVERY18,DELIVERY19,0.00000000
2887.00000000,DELIVERY18,DELIVERY19,0.00000000
2888.00000000,DELIVERY18,DELIVERY19,0.00000000
2889.00000000,DELIVERY18,DELIVERY19,0.00000000
2890.00000000,DELIVERY18,DELIVERY19,0.00000000
2891.00000000,DELIVERY18,DELIVERY19,0.00000000
2892.00000000,DELIVERY18,DELIVERY19,0.00000000
2893.00000000,DELIVERY18,DELIVERY19,0.00000000
2894.00000000,DELIVERY18,DELIVERY19,0.00000000
2895.00000000,DELIVERY18,DELIVERY19,0.00000000
2896.00000000,DELIVERY18,DELIVERY19,0.00000000
2897.00000000,DELIVERY18,DELIVERY19,0.00000000
2898.00000000,DELIVERY18,DELIVERY19,0.00000000
2899.00000000,DELIVERY18,DELIVERY19,0.00000000
2900.00000000,DELIVERY18,DELIVERY19,0.00000000
2901.00000000,DELIVERY18,DELIVERY19,0.00000000
2902.00000000,DELIVERY18,DELIVERY19,0.00000000
2903.00000000,DELIVERY18,DELIVERY19,0.00000000
2904.00000000,DELIVERY18,DELIVERY19,0.00000000
2905.00000000,DELIVERY18,DELIVERY19,0.00000000
2906.00000000,DELIVERY18,DELIVERY19,0.00000000
2907.00000000,DELIVERY18,DELIVERY19,0.00000000
2908.00000000,DELIVERY18,DELIVERY19,0.00000000
2909.00000000,DELIVERY18,DELIVERY19,0.00000000
2910.00000000,DELIVERY18,DELIVERY19,0.00000000
2911.00000000,DELIVERY18,DELIVERY19,0.00000000
2912.00000000,DELIVERY18,DELIVERY19,0.00000000
2913.00000000,DELIVERY18,DELIVERY19,0.00000000
2914.00000000,DELIVERY18,DELIVERY19,0.00000000
2915.00000000,DELIVERY18,DELIVERY19,0.00000000
2916.00000000,DELIVERY18,DELIVERY19,0.00000000
2917.00000000,DELIVERY18,DELIVERY19,0.00000000
2918.00000000,DELIVERY18,DELIVERY19,0.00000000
2919.00000000,DELIVERY18,DELIVERY19,0.00000000
2920.00000000,DELIVERY18,DELIVERY19,0.00000000
2921.00000000,DELIVERY18,DELIVERY19,0.00000000
2922.00000000,DELIVERY18,DELIVERY19,0.00000000
2923.00000000,DELIVERY18,DELIVERY19,0.00000000
2924.00000000,DELIVERY18,DELIVERY19,0.00000000
2925.00000000,DELIVERY18,DELIVERY19,0.00000000
2926.00000000,DELIVERY18,DELIVERY19,0.00000000
2927.00000000,DELIVERY18,DELIVERY19,0.00000000
2928.00000000,DELIVERY18,DELIVERY19,0.00000000
2929.00000000,DELIVERY18,DELIVERY19,0.00000000
2930.00000000,DELIVERY18,DELIVERY19,0.00000000
2931.00000000,DELIVERY18,DELIVERY19,0.00000000
2932.00000000,DELIVERY18,DELIVERY19,0.00000000
2933.00000000,DELIVERY18,DELIVERY19,0.00000000
2934.00000000,DELIVERY18,DELIVERY19,0.00000000
2935.00000000,DELIVERY18,DELIVERY19,0.00000000
2936.00000000,DELIVERY18,DELIVERY19,0.00000000
2937.00000000,DELIVERY18,DELIVERY19,0.00000000
2938.00000000,DELIVERY18,DELIVERY19,0.00000000
2939.00000000,DELIVERY18,DELIVERY19,0.00000000
2940.00000000,DELIVERY18,DELIVERY19,0.00000000
2941.00000000,DELIVERY18,DELIVERY19,0.00000000
2942.00000000,DELIVERY18,DELIVERY19,0.00000000
2943.00000000,DELIVERY18,DELIVERY19,0.00000000
2944.00000000,DELIVERY18,DELIVERY19,0.00000000
2945.00000000,DELIVERY18,DELIVERY19,0.00000000
2946.00000000,DELIVERY18,DELIVERY19,0.00000000
2947.00000000,DELIVERY18,DELIVERY19,0.00000000
2948.00000000,DELIVERY18,DELIVERY19,0.00000000
2949.00000000,DELIVERY18,DELIVERY19,0.00000000
2950.00000000,DELIVERY18,DELIVERY19,0.00000000
2951.00000000,DELIVERY18,DELIVERY19,0.00000000
2952.00000000,DELIVERY18,DELIVERY19,0.00000000
2953.00000000,DELIVERY18,DELIVERY19,0.00000000
2954.00000000,DELIVERY18,DELIVERY19,0.00000000
2955.00000000,DELIVERY18,DELIVERY19,0.00000000
2956.00000000,DELIVERY18,DELIVERY19,0.00000000
2957.00000000,DELIVERY18,DELIVERY19,0.00000000
2958.00000000,DELIVERY18,DELIVERY19,0.00000000
2959.00000000,DELIVERY18,DELIVERY19,0.00000000
2960.00000000,DELIVERY18,DELIVERY19,0.00000000
2960.00000000,DELIVERY17,DELIVERY20,0.36723178
2961.00000000,DELIVERY18,DELIVERY19,0.00000000
2962.00000000,DELIVERY18,DELIVERY19,0.00000000
2963.00000000,DELIVERY18,DELIVERY19,0.00000000
2964.00000000,DELIVERY18,DELIVERY19,0.00000000
2965.00000000,DELIVERY18,DELIVERY19,0.00000000
2966.00000000,DELIVERY18,DELIVERY19,0.00000000
2967.00000000,DELIVERY18,DELIVERY19,0.00000000
2968.00000000,DELIVERY18,DELIVERY19,0.00000000
2969.00000000,DELIVERY18,DELIVERY19,0.00000000
2970.00000000,DELIVERY18,DELIVERY19,0.00000000
2971.00000000,DELIVERY18,DELIVERY19,0.00000000
2972.00000000,DELIVERY18,DELIVERY19,0.00000000
2973.00000000,DELIVERY18,DELIVERY19,0.00000000
2974.00000000,DELIVERY18,DELIVERY19,0.00000000
2975.00000000,DELIVERY18,DELIVERY19,0.00000000
2976.00000000,DELIVERY18,DELIVERY19,0.00000000
2977.00000000,DELIVERY18,DELIVERY19,0.00000000
2978.00000000,DELIVERY18,DELIVERY19,0.00000000
2979.00000000,DELIVERY18,DELIVERY19,0.00000000
2980.00000000,DELIVERY18,DELIVERY19,0.00000000
2981.00000000,DELIVERY18,DELIVERY19,0.00000000
2982.00000000,DELIVERY18,DELIVERY19,0.00000000
2983.00000000,DELIVERY18,DELIVERY19,0.00000000
2984.00000000,DELIVERY18,DELIVERY19,0.00000000
2988.00000000,DELIVERY18,DELIVERY19,0.00000000
2989.00000000,DELIVERY18,DELIVERY19,0.00000000
2990.00000000,DELIVERY18,DELIVERY19,0.00000000
2991.00000000,DELIVERY18,DELIVERY19,0.00000000
2992.00000000,DELIVERY18,DELIVERY19,0.00000000
2993.00000000,DELIVERY18,DELIVERY19,0.00000000
2994.00000000,DELIVERY18,DELIVERY19,0.00000000
2995.00000000,DELIVERY18,DELIVERY19,0.00000000
2996.00000000,DELIVERY18,DELIVERY19,0.00000000
2997.00000000,DELIVERY18,DELIVERY19,0.00000000
2998.00000000,DELIVERY18,DELIVERY19,0.00000000
2999.00000000,DELIVERY18,DELIVERY19,0.00000000
3000.00000000,DELIVERY18,DELIVERY19,0.00000000
3001.00000000,DELIVERY18,DELIVERY19,0.00000000
3001.00000000,DELIVERY21,DELIVERY22,0.00000000
3002.00000000,DELIVERY18,DELIVERY19,0.00000000
3002.00000000,DELIVERY21,DELIVERY22,0.00000000
3003.00000000,DELIVERY18,DELIVERY19,0.00000000
3003.00000000,DELIVERY21,DELIVERY22,0.00000000
3004.00000000,DELIVERY18,DELIVERY19,0.00000000
3004.00000000,DELIVERY21,DELIVERY22,0.00000000
3005.00000000,DELIVERY18,DELIVERY19,0.00000000
3005.00000000,DELIVERY21,DELIVERY22,0.00000000
3006.00000000,DELIVERY18,DELIVERY19,0.00000000
3006.00000000,DELIVERY21,DELIVERY22,0.00000000
3007.00000000,DELIVERY18,DELIVERY19,0.00000000
3007.00000000,DELIVERY21,DELIVERY22,0.00000000
3008.00000000,DELIVERY18,DELIVERY19,0.00000000
3008.00000000,DELIVERY21,DELIVERY22,0.00000000
3009.00000000,DELIVERY18,DELIVERY19,0.00000000
3009.00000000,DELIVERY21,DELIVERY22,0.00000000
3010.00000000,DELIVERY18,DELIVERY19,0.00000000
3010.00000000,DELIVERY21,DELIVERY22,0.00000000
3011.00000000,DELIVERY18,DELIVERY19,0.00000000
3011.00000000,DELIVERY21,DELIVERY22,0.00000000
3012.00000000,DELIVERY18,DELIVERY19,0.00000000
3012.00000000,DELIVERY21,DELIVERY22,0.00000000
3013.00000000,DELIVERY18,DELIVERY19,0.00000000
3013.00000000,DELIVERY21,DELIVERY22,0.00000000
3014.00000000,DELIVERY18,DELIVERY19,0.00000000
3014.00000000,DELIVERY21,DELIVERY22,0.00000000
3015.00000000,DELIVERY18,DELIVERY19,0.00000000
3015.00000000,DELIVERY21,DELIVERY22,0.00000000
3016.00000000,DELIVERY18,DELIVERY19,0.00000000
3016.00000000,DELIVERY21,DELIVERY22,0.00000000
3017.00000000,DELIVERY18,DELIVERY19,0.00000000
3017.00000000,DELIVERY21,DELIVERY22,0.00000000
3018.00000000,DELIVERY18,DELIVERY19,0.00000000
3018.00000000,DELIVERY21,DELIVERY22,0.00000000
3019.00000000,DELIVERY18,DELIVERY19,0.00000000
3019.00000000,DELIVERY21,DELIVERY22,0.00000000
3020.00000000,DELIVERY18,DELIVERY19,0.00000000
3020.00000000,DELIVERY21,DELIVERY22,0.00000000
3021.00000000,DELIVERY18,DELIVERY19,0.00000000
3021.00000000,DELIVERY21,DELIVERY22,0.00000000
3022.00000000,DELIVERY18,DELIVERY19,0.00000000
3022.00000000,DELIVERY21,DELIVERY22,0.00000000
3023.00000000,DELIVERY18,DELIVERY19,0.00000000
3023.00000000,DELIVERY21,DELIVERY22,0.00000000
3024.00000000,DELIVERY18,DELIVERY19,0.00000000
3024.00000000,DELIVERY21,DELIVERY22,0.00000000
3025.00000000,DELIVERY18,DELIVERY19,0.00000000
3025.00000000,DELIVERY21,DELIVERY22,0.00000000
3026.00000000,DELIVERY18,DELIVERY19,0.00000000
3026.00000000,DELIVERY21,DELIVERY22,0.00000000
3027.00000000,DELIVERY18,DELIVERY19,0.00000000
3027.00000000,DELIVERY21,DELIVERY22,0.00000000
3028.00000000,DELIVERY18,DELIVERY19,0.00000000
3028.00000000,DELIVERY21,DELIVERY22,0.00000000
3029.00000000,DELIVERY18,DELIVERY19,0.00000000
3029.00000000,DELIVERY21,DELIVERY22,0.00000000
3030.00000000,DELIVERY18,DELIVERY19,0.00000000
3030.00000000,DELIVERY21,DELIVERY22,0.00000000
3031.00000000,DELIVERY18,DELIVERY19,0.00000000
3031.00000000,DELIVERY21,DELIVERY22,0.00834919
3032.00000000,DELIVERY18,DELIVERY19,0.00000000
3032.00000000,DELIVERY21,DELIVERY22,0.02151351
3033.00000000,DELIVERY18,DELIVERY19,0.00000000
3034.00000000,DELIVERY18,DELIVERY19,0.00000000
3035.00000000,DELIVERY18,DELIVERY19,0.00000000
3036.00000000,DELIVERY18,DELIVERY19,0.00000000
3037.00000000,DELIVERY18,DELIVERY19,0.00000000
3038.00000000,DELIVERY18,DELIVERY19,0.00000000
3039.00000000,DELIVERY18,DELIVERY19,0.00000000
3040.00000000,DELIVERY18,DELIVERY19,0.00000000
3041.00000000,DELIVERY18,DELIVERY19,0.00000000
3042.00000000,DELIVERY18,DELIVERY19,0.00000000
3043.00000000,DELIVERY18,DELIVERY19,0.00000000
3044.00000000,DELIVERY18,DELIVERY19,0.00000000
3045.00000000,DELIVERY18,DELIVERY19,0.00000000
3046.00000000,DELIVERY18,DELIVERY19,0.00000000
3047.00000000,DELIVERY18,DELIVERY19,0.00000000
3048.00000000,DELIVERY18,DELIVERY19,0.00000000
3049.00000000,DELIVERY18,DELIVERY19,0.00000000
3050.00000000,DELIVERY18,DELIVERY19,0.00000000
3051.00000000,DELIVERY18,DELIVERY19,0.00000000
3052.00000000,DELIVERY18,DELIVERY19,0.00000000
3053.00000000,DELIVERY18,DELIVERY19,0.00000000
3054.00000000,DELIVERY18,DELIVERY19,0.00000000
3055.00000000,DELIVERY18,DELIVERY19,0.00000000
3056.00000000,DELIVERY18,DELIVERY19,0.00000000
3057.00000000,DELIVERY18,DELIVERY19,0.00000000
3058.00000000,DELIVERY18,DELIVERY19,0.00000000
3059.00000000,DELIVERY18,DELIVERY19,0.00000000
3060.00000000,DELIVERY18,DELIVERY19,0.00000000
3061.00000000,DELIVERY18,DELIVERY19,0.00000000
3062.00000000,DELIVERY18,DELIVERY19,0.00000000
3063.00000000,DELIVERY18,DELIVERY19,0.00000000
3064.00000000,DELIVERY18,DELIVERY19,0.00000000
3065.00000000,DELIVERY18,DELIVERY19,0.00000000
3066.00000000,DELIVERY18,DELIVERY19,0.00000000
3067.00000000,DELIVERY18,DELIVERY19,0.00000000
3068.00000000,DELIVERY18,DELIVERY19,0.00000001
3069.00000000,DELIVERY18,DELIVERY19,0.00351452
3155.00000000,DELIVERY20,DELIVERY22,0.23223573
3157.00000000,DELIVERY20,DELIVERY21,0.27955217
3196.00000000,DELIVERY21,DELIVERY22,0.05531973
3197.00000000,DELIVERY21,DELIVERY22,0.05531973
3198.00000000,DELIVERY21,DELIVERY22,0.05531973
3199.00000000,DELIVERY21,DELIVERY22,0.05531973
3200.00000000,DELIVERY21,DELIVERY22,0.05531973
3201.00000000,DELIVERY21,DELIVERY22,0.05531973
3202.00000000,DELIVERY21,DELIVERY22,0.05531973
3203.00000000,DELIVERY21,DELIVERY22,0.05531973
3204.00000000,DELIVERY21,DELIVERY22,0.05531973
3205.00000000,DELIVERY21,DELIVERY22,0.05531973
3206.00000000,DELIVERY21,DELIVERY22,0.05531973
3207.00000000,DELIVERY21,DELIVERY22,0.05531973
3208.00000000,DELIVERY21,DELIVERY22,0.05531973
3209.00000000,DELIVERY21,DELIVERY22,0.05531973
3210.00000000,DELIVERY21,DELIVERY22,0.05531973
3211.00000000,DELIVERY21,DELIVERY22,0.05531973
3212.00000000,DELIVERY21,DELIVERY22,0.05531973
3213.00000000,DELIVERY21,DELIVERY22,0.05531973
3214.00000000,DELIVERY21,DELIVERY22,0.05531973
3215.00000000,DELIVERY21,DELIVERY22,0.05531973
3216.00000000,DELIVERY21,DELIVERY22,0.05531973
3239.00000000,DELIVERY21,DELIVERY22,11.07322214
3274.00000000,DELIVERY21,DELIVERY22,7.31799139
3285.00000000,DELIVERY20,DELIVERY23,0.12642683
3558.00000000,DELIVERY23,DELIVERY25,0.31566359
3583.00000000,DELIVERY23,DELIVERY24,0.36427840
3589.00000000,DELIVERY23,DELIVERY24,0.73741642
3597.00000000,DELIVERY24,DELIVERY25,1.56329647
3601.00000000,DELIVERY26,DELIVERY29,0.00000000
3601.00000000,DELIVERY27,DELIVERY28,0.00000000
