# CLOSEST POINT OF APPROACH LOG
# Shortest distance between 2 UAS during their conflict
# 
# Simulation Time [s], UAS1, UAS2, Distance [m]
# simt
906.00000000,DELIVERY1,DELIVERY5,0.68775021
1372.00000000,DELIVERY5,DELIVERY9,0.30207975
1444.00000000,DELIVERY5,DELIVERY9,3.05901227
1754.00000000,DELIVERY10,DELIVERY7,0.72444846
1755.00000000,DELIVERY10,DELIVERY7,1.67335747
1756.00000000,DELIVERY10,DELIVERY7,1.67335747
1757.00000000,DELIVERY10,DELIVERY7,1.67335747
1758.00000000,DELIVERY10,DELIVERY7,1.67335747
1759.00000000,DELIVERY10,DELIVERY7,1.67335747
1760.00000000,DELIVERY10,DELIVERY7,1.67335747
1761.00000000,DELIVERY10,DELIVERY7,1.67335747
1762.00000000,DELIVERY10,DELIVERY7,1.67335747
1763.00000000,DELIVERY10,DELIVERY7,1.67335747
1764.00000000,DELIVERY10,DELIVERY7,1.67335747
1765.00000000,DELIVERY10,DELIVERY7,1.67335747
1766.00000000,DELIVERY10,DELIVERY7,1.67335747
1767.00000000,DELIVERY10,DELIVERY7,1.67335747
1768.00000000,DELIVERY10,DELIVERY7,1.67335747
1769.00000000,DELIVERY10,DELIVERY7,1.67335747
1770.00000000,DELIVERY10,DELIVERY7,1.67335747
1771.00000000,DELIVERY10,DELIVERY7,1.67335747
1772.00000000,DELIVERY10,DELIVERY7,1.67335747
1773.00000000,DELIVERY10,DELIVERY7,1.67335747
1774.00000000,DELIVERY10,DELIVERY7,1.67335747
1779.00000000,DELIVERY10,DELIVERY7,0.88222228
2320.00000000,DELIVERY12,DELIVERY16,0.18900566
2321.00000000,DELIVERY12,DELIVERY16,1.70951753
2322.00000000,DELIVERY12,DELIVERY16,1.70951753
2323.00000000,DELIVERY12,DELIVERY16,1.70951753
2324.00000000,DELIVERY12,DELIVERY16,1.70951753
2325.00000000,DELIVERY12,DELIVERY16,1.70951753
2326.00000000,DELIVERY12,DELIVERY16,1.70951753
2327.00000000,DELIVERY12,DELIVERY16,1.70951753
2328.00000000,DELIVERY12,DELIVERY16,1.70951753
2329.00000000,DELIVERY12,DELIVERY16,1.70951753
2330.00000000,DELIVERY12,DELIVERY16,1.70951753
2331.00000000,DELIVERY12,DELIVERY16,1.70951753
2332.00000000,DELIVERY12,DELIVERY16,1.70951753
2333.00000000,DELIVERY12,DELIVERY16,1.70951753
2334.00000000,DELIVERY12,DELIVERY16,1.70951753
2335.00000000,DELIVERY12,DELIVERY16,1.70951753
2336.00000000,DELIVERY12,DELIVERY16,1.70951753
2337.00000000,DELIVERY12,DELIVERY16,1.70951753
2338.00000000,DELIVERY12,DELIVERY16,1.70951753
2339.00000000,DELIVERY12,DELIVERY16,1.70951753
2340.00000000,DELIVERY12,DELIVERY16,1.70951753
2341.00000000,DELIVERY12,DELIVERY16,1.70951753
2342.00000000,DELIVERY12,DELIVERY16,1.70951753
2343.00000000,DELIVERY12,DELIVERY16,1.70951753
2344.00000000,DELIVERY12,DELIVERY16,1.70951753
2345.00000000,DELIVERY12,DELIVERY16,1.70951753
2346.00000000,DELIVERY12,DELIVERY16,1.70951753
2347.00000000,DELIVERY12,DELIVERY16,1.70951753
2348.00000000,DELIVERY12,DELIVERY16,1.70951753
2356.00000000,DELIVERY12,DELIVERY16,0.14422185
2571.00000000,DELIVERY12,DELIVERY17,0.00246485
2701.00000000,DELIVERY21,DELIVERY22,0.00000000
2702.00000000,DELIVERY21,DELIVERY22,0.00000000
2703.00000000,DELIVERY21,DELIVERY22,0.00000000
2704.00000000,DELIVERY21,DELIVERY22,0.00000000
2705.00000000,DELIVERY21,DELIVERY22,0.00000000
2706.00000000,DELIVERY21,DELIVERY22,0.00000000
2707.00000000,DELIVERY21,DELIVERY22,0.00000000
2708.00000000,DELIVERY21,DELIVERY22,0.00000000
2709.00000000,DELIVERY21,DELIVERY22,0.00000000
2710.00000000,DELIVERY21,DELIVERY22,0.00000000
2711.00000000,DELIVERY21,DELIVERY22,0.00000000
2712.00000000,DELIVERY21,DELIVERY22,0.00000000
2713.00000000,DELIVERY21,DELIVERY22,0.00000000
2714.00000000,DELIVERY21,DELIVERY22,0.00000000
2715.00000000,DELIVERY21,DELIVERY22,0.00000000
2716.00000000,DELIVERY21,DELIVERY22,0.00000000
2717.00000000,DELIVERY21,DELIVERY22,0.00000000
2718.00000000,DELIVERY21,DELIVERY22,0.00000000
2719.00000000,DELIVERY21,DELIVERY22,0.00000000
2720.00000000,DELIVERY21,DELIVERY22,0.00000000
2721.00000000,DELIVERY21,DELIVERY22,0.00000000
2722.00000000,DELIVERY21,DELIVERY22,0.00000000
2723.00000000,DELIVERY21,DELIVERY22,0.00000000
2724.00000000,DELIVERY21,DELIVERY22,0.00000000
2725.00000000,DELIVERY21,DELIVERY22,0.00000000
2726.00000000,DELIVERY21,DELIVERY22,0.00000000
2727.00000000,DELIVERY21,DELIVERY22,0.00000000
2728.00000000,DELIVERY21,DELIVERY22,0.00000000
2729.00000000,DELIVERY21,DELIVERY22,0.00000000
2730.00000000,DELIVERY21,DELIVERY22,0.00000000
2731.00000000,DELIVERY21,DELIVERY22,0.00000000
2732.00000000,DELIVERY21,DELIVERY22,0.00000000
2733.00000000,DELIVERY21,DELIVERY22,0.00000000
2734.00000000,DELIVERY21,DELIVERY22,0.00000000
2735.00000000,DELIVERY21,DELIVERY22,0.00000000
2736.00000000,DELIVERY21,DELIVERY22,0.00000000
2737.00000000,DELIVERY21,DELIVERY22,0.00000000
2738.00000000,DELIVERY21,DELIVERY22,0.00000000
2739.00000000,DELIVERY21,DELIVERY22,0.00000000
2742.00000000,DELIVERY21,DELIVERY22,0.00000000
2743.00000000,DELIVERY21,DELIVERY22,0.00000000
2744.00000000,DELIVERY21,DELIVERY22,0.00000000
2745.00000000,DELIVERY21,DELIVERY22,0.00000000
2747.00000000,DELIVERY21,DELIVERY22,0.00000000
2748.00000000,DELIVERY21,DELIVERY22,0.00000000
2749.00000000,DELIVERY21,DELIVERY22,0.00000000
2750.00000000,DELIVERY21,DELIVERY22,0.00000000
2751.00000000,DELIVERY21,DELIVERY22,0.00000000
2752.00000000,DELIVERY21,DELIVERY22,0.00000000
2753.00000000,DELIVERY21,DELIVERY22,0.00000000
2754.00000000,DELIVERY21,DELIVERY22,0.00000000
2755.00000000,DELIVERY21,DELIVERY22,0.00000000
2756.00000000,DELIVERY21,DELIVERY22,0.00000000
2757.00000000,DELIVERY21,DELIVERY22,0.00000000
2758.00000000,DELIVERY21,DELIVERY22,0.00000000
2759.00000000,DELIVERY21,DELIVERY22,0.00000000
2760.00000000,DELIVERY21,DELIVERY22,0.00000000
2761.00000000,DELIVERY21,DELIVERY22,0.00000000
2762.00000000,DELIVERY21,DELIVERY22,0.00000000
2763.00000000,DELIVERY21,DELIVERY22,0.00000000
2764.00000000,DELIVERY21,DELIVERY22,0.00000000
2765.00000000,DELIVERY21,DELIVERY22,0.00000000
2766.00000000,DELIVERY21,DELIVERY22,0.00000000
2767.00000000,DELIVERY21,DELIVERY22,0.00000000
2768.00000000,DELIVERY21,DELIVERY22,0.00000000
2769.00000000,DELIVERY21,DELIVERY22,0.00000000
2770.00000000,DELIVERY21,DELIVERY22,0.00000000
2771.00000000,DELIVERY21,DELIVERY22,0.00000000
2772.00000000,DELIVERY21,DELIVERY22,0.00000000
2773.00000000,DELIVERY21,DELIVERY22,0.00000000
2774.00000000,DELIVERY21,DELIVERY22,0.00000000
2775.00000000,DELIVERY21,DELIVERY22,0.00000000
2776.00000000,DELIVERY21,DELIVERY22,0.00000000
2777.00000000,DELIVERY21,DELIVERY22,0.00000000
2778.00000000,DELIVERY21,DELIVERY22,0.00000000
2779.00000000,DELIVERY21,DELIVERY22,0.00000000
2780.00000000,DELIVERY21,DELIVERY22,0.00000000
2781.00000000,DELIVERY21,DELIVERY22,0.00000000
2782.00000000,DELIVERY21,DELIVERY22,0.00000000
2783.00000000,DELIVERY21,DELIVERY22,0.00000000
2784.00000000,DELIVERY21,DELIVERY22,0.00981062
2785.00000000,DELIVERY21,DELIVERY22,0.44059469
2786.00000000,DELIVERY21,DELIVERY22,0.44059469
2787.00000000,DELIVERY21,DELIVERY22,0.44059469
2788.00000000,DELIVERY21,DELIVERY22,0.44059469
2789.00000000,DELIVERY21,DELIVERY22,0.44059469
2790.00000000,DELIVERY21,DELIVERY22,0.44059469
2791.00000000,DELIVERY21,DELIVERY22,0.37130139
2812.00000000,DELIVERY17,DELIVERY19,0.33272432
2862.00000000,DELIVERY17,DELIVERY21,0.47687006
2918.00000000,DELIVERY21,DELIVERY22,0.83878476
3001.00000000,DELIVERY20,DELIVERY23,0.00000000
3001.00000000,DELIVERY20,DELIVERY27,0.00000000
3001.00000000,DELIVERY23,DELIVERY27,0.00000000
3002.00000000,DELIVERY20,DELIVERY23,0.00000000
3002.00000000,DELIVERY20,DELIVERY27,0.00000000
3002.00000000,DELIVERY23,DELIVERY27,0.00000000
3003.00000000,DELIVERY20,DELIVERY23,0.00000000
3003.00000000,DELIVERY20,DELIVERY27,0.00000000
3003.00000000,DELIVERY23,DELIVERY27,0.00000000
3004.00000000,DELIVERY20,DELIVERY23,0.00000000
3004.00000000,DELIVERY20,DELIVERY27,0.00000000
3004.00000000,DELIVERY23,DELIVERY27,0.00000000
3005.00000000,DELIVERY20,DELIVERY23,0.00000000
3005.00000000,DELIVERY20,DELIVERY27,0.00000000
3005.00000000,DELIVERY23,DELIVERY27,0.00000000
3006.00000000,DELIVERY20,DELIVERY23,0.00000000
3006.00000000,DELIVERY20,DELIVERY27,0.00000000
3006.00000000,DELIVERY23,DELIVERY27,0.00000000
3007.00000000,DELIVERY20,DELIVERY23,0.00000000
3007.00000000,DELIVERY20,DELIVERY27,0.00000000
3007.00000000,DELIVERY23,DELIVERY27,0.00000000
3008.00000000,DELIVERY20,DELIVERY23,0.00000000
3008.00000000,DELIVERY20,DELIVERY27,0.00000000
3008.00000000,DELIVERY23,DELIVERY27,0.00000000
3009.00000000,DELIVERY20,DELIVERY23,0.00000000
3009.00000000,DELIVERY20,DELIVERY27,0.00000000
3009.00000000,DELIVERY23,DELIVERY27,0.00000000
3010.00000000,DELIVERY20,DELIVERY23,0.00000000
3010.00000000,DELIVERY20,DELIVERY27,0.00000000
3010.00000000,DELIVERY23,DELIVERY27,0.00000000
3011.00000000,DELIVERY20,DELIVERY23,0.00000000
3011.00000000,DELIVERY20,DELIVERY27,0.00000000
3011.00000000,DELIVERY23,DELIVERY27,0.00000000
3012.00000000,DELIVERY20,DELIVERY23,0.00000000
3012.00000000,DELIVERY20,DELIVERY27,0.00000000
3012.00000000,DELIVERY23,DELIVERY27,0.00000000
3013.00000000,DELIVERY20,DELIVERY23,0.00000000
3013.00000000,DELIVERY20,DELIVERY27,0.00000000
3013.00000000,DELIVERY23,DELIVERY27,0.00000000
3014.00000000,DELIVERY20,DELIVERY23,0.00000000
3014.00000000,DELIVERY20,DELIVERY27,0.00000000
3014.00000000,DELIVERY23,DELIVERY27,0.00000000
3015.00000000,DELIVERY20,DELIVERY23,0.00000000
3015.00000000,DELIVERY20,DELIVERY27,0.00000000
3015.00000000,DELIVERY23,DELIVERY27,0.00000000
3016.00000000,DELIVERY20,DELIVERY23,0.00000000
3016.00000000,DELIVERY20,DELIVERY27,0.00000000
3016.00000000,DELIVERY23,DELIVERY27,0.00000000
3017.00000000,DELIVERY20,DELIVERY23,0.00000000
3017.00000000,DELIVERY20,DELIVERY27,0.00000000
3017.00000000,DELIVERY23,DELIVERY27,0.00000000
3018.00000000,DELIVERY20,DELIVERY23,0.00000000
3018.00000000,DELIVERY20,DELIVERY27,0.00000000
3018.00000000,DELIVERY23,DELIVERY27,0.00000000
3019.00000000,DELIVERY20,DELIVERY23,0.00000000
3019.00000000,DELIVERY20,DELIVERY27,0.00000000
3019.00000000,DELIVERY23,DELIVERY27,0.00000000
3020.00000000,DELIVERY20,DELIVERY23,0.00000000
3020.00000000,DELIVERY20,DELIVERY27,0.00000000
3020.00000000,DELIVERY23,DELIVERY27,0.00000000
3021.00000000,DELIVERY20,DELIVERY23,0.00000000
3021.00000000,DELIVERY20,DELIVERY27,0.00000000
3021.00000000,DELIVERY23,DELIVERY27,0.00000000
3022.00000000,DELIVERY20,DELIVERY23,0.00000000
3022.00000000,DELIVERY20,DELIVERY27,0.00000000
3022.00000000,DELIVERY23,DELIVERY27,0.00000000
3023.00000000,DELIVERY20,DELIVERY23,0.00000000
3023.00000000,DELIVERY20,DELIVERY27,0.00000000
3023.00000000,DELIVERY23,DELIVERY27,0.00000000
3024.00000000,DELIVERY20,DELIVERY23,0.00000000
3024.00000000,DELIVERY20,DELIVERY27,0.00000000
3024.00000000,DELIVERY23,DELIVERY27,0.00000000
3025.00000000,DELIVERY20,DELIVERY23,0.00000000
3025.00000000,DELIVERY20,DELIVERY27,0.00000000
3025.00000000,DELIVERY23,DELIVERY27,0.00000000
3026.00000000,DELIVERY20,DELIVERY23,0.00000000
3026.00000000,DELIVERY20,DELIVERY27,0.00000000
3026.00000000,DELIVERY23,DELIVERY27,0.00000000
3027.00000000,DELIVERY20,DELIVERY23,0.00000000
3027.00000000,DELIVERY20,DELIVERY27,0.00000000
3027.00000000,DELIVERY23,DELIVERY27,0.00000000
3028.00000000,DELIVERY20,DELIVERY23,0.00000000
3028.00000000,DELIVERY20,DELIVERY27,0.00000000
3028.00000000,DELIVERY23,DELIVERY27,0.00000000
3029.00000000,DELIVERY20,DELIVERY23,0.00000000
3029.00000000,DELIVERY20,DELIVERY27,0.00000000
3029.00000000,DELIVERY23,DELIVERY27,0.00000000
3030.00000000,DELIVERY20,DELIVERY23,0.00000000
3030.00000000,DELIVERY20,DELIVERY27,0.00000000
3030.00000000,DELIVERY23,DELIVERY27,0.00000000
3031.00000000,DELIVERY20,DELIVERY23,0.00000000
3031.00000000,DELIVERY20,DELIVERY27,0.00000000
3031.00000000,DELIVERY23,DELIVERY27,0.00000000
3032.00000000,DELIVERY20,DELIVERY23,0.00000000
3032.00000000,DELIVERY20,DELIVERY27,0.00000000
3032.00000000,DELIVERY23,DELIVERY27,0.00000000
3033.00000000,DELIVERY20,DELIVERY23,0.00000000
3033.00000000,DELIVERY20,DELIVERY27,0.00000000
3033.00000000,DELIVERY23,DELIVERY27,0.00000000
3034.00000000,DELIVERY20,DELIVERY23,0.00000000
3034.00000000,DELIVERY20,DELIVERY27,0.00000000
3034.00000000,DELIVERY23,DELIVERY27,0.00000000
3035.00000000,DELIVERY20,DELIVERY23,0.00000000
3035.00000000,DELIVERY20,DELIVERY27,0.00000000
3035.00000000,DELIVERY23,DELIVERY27,0.00000000
3036.00000000,DELIVERY20,DELIVERY23,0.00000000
3036.00000000,DELIVERY20,DELIVERY27,0.00000000
3036.00000000,DELIVERY23,DELIVERY27,0.00000000
3037.00000000,DELIVERY20,DELIVERY23,0.00000000
3037.00000000,DELIVERY20,DELIVERY27,0.01703657
3037.00000000,DELIVERY23,DELIVERY27,0.01703657
3038.00000000,DELIVERY20,DELIVERY23,0.00000000
3039.00000000,DELIVERY20,DELIVERY23,0.00000000
3040.00000000,DELIVERY20,DELIVERY23,0.00000000
3041.00000000,DELIVERY20,DELIVERY23,0.00000000
3042.00000000,DELIVERY20,DELIVERY23,0.00000000
3043.00000000,DELIVERY20,DELIVERY23,0.00000000
3044.00000000,DELIVERY20,DELIVERY23,0.00000000
3045.00000000,DELIVERY20,DELIVERY23,0.00000000
3046.00000000,DELIVERY20,DELIVERY23,0.00000000
3047.00000000,DELIVERY20,DELIVERY23,0.00000000
3048.00000000,DELIVERY20,DELIVERY23,0.00000000
3049.00000000,DELIVERY20,DELIVERY23,0.00000000
3050.00000000,DELIVERY20,DELIVERY23,0.00000000
3051.00000000,DELIVERY20,DELIVERY23,0.00000000
3052.00000000,DELIVERY20,DELIVERY23,0.00000000
3053.00000000,DELIVERY20,DELIVERY23,0.00000000
3054.00000000,DELIVERY20,DELIVERY23,0.00000000
3055.00000000,DELIVERY20,DELIVERY23,0.00000000
3056.00000000,DELIVERY20,DELIVERY23,0.00000000
3057.00000000,DELIVERY20,DELIVERY23,0.00000000
3058.00000000,DELIVERY20,DELIVERY23,0.00000000
3059.00000000,DELIVERY20,DELIVERY23,0.00000000
3060.00000000,DELIVERY20,DELIVERY23,0.00000000
3061.00000000,DELIVERY20,DELIVERY23,0.00000000
3062.00000000,DELIVERY20,DELIVERY23,0.00000000
3063.00000000,DELIVERY20,DELIVERY23,0.00000000
3064.00000000,DELIVERY20,DELIVERY23,0.00000000
3065.00000000,DELIVERY20,DELIVERY23,0.00000000
3066.00000000,DELIVERY20,DELIVERY23,0.00000000
3067.00000000,DELIVERY20,DELIVERY23,0.00000000
3068.00000000,DELIVERY20,DELIVERY23,0.00000000
3069.00000000,DELIVERY20,DELIVERY23,0.00000000
3070.00000000,DELIVERY20,DELIVERY23,0.00000000
3071.00000000,DELIVERY20,DELIVERY23,0.00000000
3072.00000000,DELIVERY20,DELIVERY23,0.00000000
3073.00000000,DELIVERY20,DELIVERY23,0.00000000
3074.00000000,DELIVERY20,DELIVERY23,0.00000000
3075.00000000,DELIVERY20,DELIVERY23,0.00000000
3076.00000000,DELIVERY20,DELIVERY23,0.00000000
3077.00000000,DELIVERY20,DELIVERY23,0.00000000
3078.00000000,DELIVERY20,DELIVERY23,0.00000000
3079.00000000,DELIVERY20,DELIVERY23,0.00000000
3080.00000000,DELIVERY20,DELIVERY23,0.00000000
3081.00000000,DELIVERY20,DELIVERY23,0.00000000
3082.00000000,DELIVERY20,DELIVERY23,0.00000000
3083.00000000,DELIVERY20,DELIVERY23,0.00000000
3084.00000000,DELIVERY20,DELIVERY23,0.00000000
3085.00000000,DELIVERY20,DELIVERY23,0.00000000
3094.00000000,DELIVERY20,DELIVERY23,0.00000000
3095.00000000,DELIVERY20,DELIVERY23,0.00000000
3096.00000000,DELIVERY20,DELIVERY23,0.00000000
3097.00000000,DELIVERY20,DELIVERY23,0.00000000
3098.00000000,DELIVERY20,DELIVERY23,0.00000000
3099.00000000,DELIVERY20,DELIVERY23,0.00000000
3100.00000000,DELIVERY20,DELIVERY23,0.00000000
3101.00000000,DELIVERY20,DELIVERY23,0.00000000
3102.00000000,DELIVERY20,DELIVERY23,0.00000000
3103.00000000,DELIVERY20,DELIVERY23,0.00000000
3104.00000000,DELIVERY20,DELIVERY23,0.00000000
3105.00000000,DELIVERY20,DELIVERY23,0.00000000
3106.00000000,DELIVERY20,DELIVERY23,0.00000000
3107.00000000,DELIVERY20,DELIVERY23,0.00000000
3108.00000000,DELIVERY20,DELIVERY23,0.00000000
3109.00000000,DELIVERY20,DELIVERY23,0.00000000
3110.00000000,DELIVERY20,DELIVERY23,0.00000000
3111.00000000,DELIVERY20,DELIVERY23,0.00000000
3112.00000000,DELIVERY20,DELIVERY23,0.00000000
3113.00000000,DELIVERY20,DELIVERY23,0.00000000
3114.00000000,DELIVERY20,DELIVERY23,0.00000000
3115.00000000,DELIVERY20,DELIVERY23,0.00000000
3116.00000000,DELIVERY20,DELIVERY23,0.00000000
3117.00000000,DELIVERY20,DELIVERY23,0.00000000
3118.00000000,DELIVERY20,DELIVERY23,0.00000000
3119.00000000,DELIVERY20,DELIVERY23,0.00000000
3120.00000000,DELIVERY20,DELIVERY23,0.00000000
3121.00000000,DELIVERY20,DELIVERY23,0.00000000
3122.00000000,DELIVERY20,DELIVERY23,0.00000000
3123.00000000,DELIVERY20,DELIVERY23,0.00000000
3124.00000000,DELIVERY20,DELIVERY23,0.00000000
3125.00000000,DELIVERY20,DELIVERY23,0.00000000
3126.00000000,DELIVERY20,DELIVERY23,0.00000000
3127.00000000,DELIVERY20,DELIVERY23,0.00000000
3128.00000000,DELIVERY20,DELIVERY23,0.00000000
3129.00000000,DELIVERY20,DELIVERY23,0.00000000
3130.00000000,DELIVERY20,DELIVERY23,0.00000000
3131.00000000,DELIVERY20,DELIVERY23,0.00000000
3132.00000000,DELIVERY20,DELIVERY23,0.00000000
3133.00000000,DELIVERY20,DELIVERY23,0.00000000
3134.00000000,DELIVERY20,DELIVERY23,0.00000000
3135.00000000,DELIVERY20,DELIVERY23,0.00000000
3136.00000000,DELIVERY20,DELIVERY23,0.00000000
3137.00000000,DELIVERY20,DELIVERY23,0.00000000
3138.00000000,DELIVERY20,DELIVERY23,0.00000000
3139.00000000,DELIVERY20,DELIVERY23,0.00000000
3140.00000000,DELIVERY20,DELIVERY23,0.00000000
3141.00000000,DELIVERY20,DELIVERY23,0.00000000
3142.00000000,DELIVERY20,DELIVERY23,0.00000000
3143.00000000,DELIVERY20,DELIVERY23,0.00000000
3144.00000000,DELIVERY20,DELIVERY23,0.00000000
3145.00000000,DELIVERY20,DELIVERY23,0.00000000
3146.00000000,DELIVERY20,DELIVERY23,0.00000000
3147.00000000,DELIVERY20,DELIVERY23,0.00000000
3148.00000000,DELIVERY20,DELIVERY23,0.00000000
3149.00000000,DELIVERY20,DELIVERY23,0.00000000
3150.00000000,DELIVERY20,DELIVERY23,0.00000000
3151.00000000,DELIVERY20,DELIVERY23,0.00000000
3152.00000000,DELIVERY20,DELIVERY23,0.00000000
3153.00000000,DELIVERY20,DELIVERY23,0.00000000
3154.00000000,DELIVERY20,DELIVERY23,0.00000000
3155.00000000,DELIVERY20,DELIVERY23,0.00000000
3156.00000000,DELIVERY20,DELIVERY23,0.00000000
3157.00000000,DELIVERY20,DELIVERY23,0.00000000
3158.00000000,DELIVERY20,DELIVERY23,0.00000000
3159.00000000,DELIVERY20,DELIVERY23,0.00000000
3160.00000000,DELIVERY20,DELIVERY23,0.00000000
3161.00000000,DELIVERY20,DELIVERY23,0.00000000
3162.00000000,DELIVERY20,DELIVERY23,0.00000000
3163.00000000,DELIVERY20,DELIVERY23,0.00000000
3164.00000000,DELIVERY20,DELIVERY23,0.00000000
3165.00000000,DELIVERY20,DELIVERY23,0.00000000
3166.00000000,DELIVERY20,DELIVERY23,0.00000000
3167.00000000,DELIVERY20,DELIVERY23,0.00000000
3168.00000000,DELIVERY20,DELIVERY23,0.00000000
3169.00000000,DELIVERY20,DELIVERY23,0.00000000
3170.00000000,DELIVERY20,DELIVERY23,0.00000000
3171.00000000,DELIVERY20,DELIVERY23,0.00000000
3172.00000000,DELIVERY20,DELIVERY23,0.00000000
3173.00000000,DELIVERY20,DELIVERY23,0.00000000
3174.00000000,DELIVERY20,DELIVERY23,0.00000000
3175.00000000,DELIVERY20,DELIVERY23,0.00000000
3176.00000000,DELIVERY20,DELIVERY23,0.00000000
3177.00000000,DELIVERY20,DELIVERY23,0.00000000
3178.00000000,DELIVERY20,DELIVERY23,0.00000000
3179.00000000,DELIVERY20,DELIVERY23,0.00000000
3180.00000000,DELIVERY20,DELIVERY23,0.00000000
3181.00000000,DELIVERY20,DELIVERY23,0.00000000
3182.00000000,DELIVERY20,DELIVERY23,0.00000000
3183.00000000,DELIVERY20,DELIVERY23,0.00000000
3184.00000000,DELIVERY20,DELIVERY23,0.00000000
3185.00000000,DELIVERY20,DELIVERY23,0.00000000
3186.00000000,DELIVERY20,DELIVERY23,0.00000000
3187.00000000,DELIVERY20,DELIVERY23,0.00000000
3188.00000000,DELIVERY20,DELIVERY23,0.00000000
3189.00000000,DELIVERY20,DELIVERY23,0.00000000
3190.00000000,DELIVERY20,DELIVERY23,0.00000000
3191.00000000,DELIVERY20,DELIVERY23,0.00000000
3192.00000000,DELIVERY20,DELIVERY23,0.00000000
3193.00000000,DELIVERY20,DELIVERY23,0.00000000
3194.00000000,DELIVERY20,DELIVERY23,0.00000000
3195.00000000,DELIVERY20,DELIVERY23,0.00000000
3196.00000000,DELIVERY20,DELIVERY23,0.00000000
3197.00000000,DELIVERY20,DELIVERY23,0.00000000
3198.00000000,DELIVERY20,DELIVERY23,0.00000000
3199.00000000,DELIVERY20,DELIVERY23,0.00000000
3200.00000000,DELIVERY20,DELIVERY23,0.00000000
3201.00000000,DELIVERY20,DELIVERY23,0.00000000
3202.00000000,DELIVERY20,DELIVERY23,0.00000000
3203.00000000,DELIVERY20,DELIVERY23,0.00000000
3204.00000000,DELIVERY20,DELIVERY23,0.00000000
3205.00000000,DELIVERY20,DELIVERY23,0.00000000
3206.00000000,DELIVERY20,DELIVERY23,0.00000000
3207.00000000,DELIVERY20,DELIVERY23,0.00000000
3208.00000000,DELIVERY20,DELIVERY23,0.00000000
3209.00000000,DELIVERY20,DELIVERY23,0.00000000
3210.00000000,DELIVERY20,DELIVERY23,0.00000000
3211.00000000,DELIVERY20,DELIVERY23,0.00000000
3212.00000000,DELIVERY20,DELIVERY23,0.00000000
3213.00000000,DELIVERY20,DELIVERY23,0.00000000
3214.00000000,DELIVERY20,DELIVERY23,0.00000000
3215.00000000,DELIVERY20,DELIVERY23,0.00000000
3216.00000000,DELIVERY20,DELIVERY23,0.00000000
3217.00000000,DELIVERY20,DELIVERY23,0.00000000
3218.00000000,DELIVERY20,DELIVERY23,0.00000000
3219.00000000,DELIVERY20,DELIVERY23,0.00000000
3220.00000000,DELIVERY20,DELIVERY23,0.00000000
3221.00000000,DELIVERY20,DELIVERY23,0.00000000
3222.00000000,DELIVERY20,DELIVERY23,0.00000000
3223.00000000,DELIVERY20,DELIVERY23,0.00000000
3224.00000000,DELIVERY20,DELIVERY23,0.00000000
3225.00000000,DELIVERY20,DELIVERY23,0.00000000
3226.00000000,DELIVERY20,DELIVERY23,0.00000000
3227.00000000,DELIVERY20,DELIVERY23,0.00000000
3228.00000000,DELIVERY20,DELIVERY23,0.00000000
3229.00000000,DELIVERY20,DELIVERY23,0.00000000
3230.00000000,DELIVERY20,DELIVERY23,0.00000000
3231.00000000,DELIVERY20,DELIVERY23,0.00000000
3232.00000000,DELIVERY20,DELIVERY23,0.00000000
3233.00000000,DELIVERY20,DELIVERY23,0.00000000
3234.00000000,DELIVERY20,DELIVERY23,0.00000000
3235.00000000,DELIVERY20,DELIVERY23,0.00000000
3236.00000000,DELIVERY20,DELIVERY23,0.00000000
3237.00000000,DELIVERY20,DELIVERY23,0.00000000
3238.00000000,DELIVERY20,DELIVERY23,0.00000000
3239.00000000,DELIVERY20,DELIVERY23,0.00000000
3240.00000000,DELIVERY20,DELIVERY23,0.00000000
3241.00000000,DELIVERY20,DELIVERY23,0.00000000
3242.00000000,DELIVERY20,DELIVERY23,0.00000000
3243.00000000,DELIVERY20,DELIVERY23,0.00000000
3244.00000000,DELIVERY20,DELIVERY23,0.00000000
3245.00000000,DELIVERY20,DELIVERY23,0.00000000
3246.00000000,DELIVERY20,DELIVERY23,0.00000000
3247.00000000,DELIVERY20,DELIVERY23,0.00000000
3248.00000000,DELIVERY20,DELIVERY23,0.00000000
3249.00000000,DELIVERY20,DELIVERY23,0.00000000
3250.00000000,DELIVERY20,DELIVERY23,0.00000000
3251.00000000,DELIVERY20,DELIVERY23,0.00000000
3252.00000000,DELIVERY20,DELIVERY23,0.00000000
3253.00000000,DELIVERY20,DELIVERY23,0.00000000
3254.00000000,DELIVERY20,DELIVERY23,0.00000000
3255.00000000,DELIVERY20,DELIVERY23,0.00000000
3256.00000000,DELIVERY20,DELIVERY23,0.00000000
3257.00000000,DELIVERY20,DELIVERY23,0.00000000
3258.00000000,DELIVERY20,DELIVERY23,0.00000000
3259.00000000,DELIVERY20,DELIVERY23,0.00000000
3260.00000000,DELIVERY20,DELIVERY23,0.00000000
3261.00000000,DELIVERY20,DELIVERY23,0.00000000
3262.00000000,DELIVERY20,DELIVERY23,0.00000000
3263.00000000,DELIVERY20,DELIVERY23,0.00000000
3264.00000000,DELIVERY20,DELIVERY23,0.00000000
3265.00000000,DELIVERY20,DELIVERY23,0.00000000
3266.00000000,DELIVERY20,DELIVERY23,0.00000000
3267.00000000,DELIVERY20,DELIVERY23,0.00000000
3268.00000000,DELIVERY20,DELIVERY23,0.00000000
3269.00000000,DELIVERY20,DELIVERY23,0.00000000
3270.00000000,DELIVERY20,DELIVERY23,0.00000000
3271.00000000,DELIVERY20,DELIVERY23,0.00000000
3272.00000000,DELIVERY20,DELIVERY23,0.00000000
3273.00000000,DELIVERY20,DELIVERY23,0.00000000
3274.00000000,DELIVERY20,DELIVERY23,0.00000000
3275.00000000,DELIVERY20,DELIVERY23,0.00000000
3276.00000000,DELIVERY20,DELIVERY23,0.00000000
3277.00000000,DELIVERY20,DELIVERY23,0.00000000
3278.00000000,DELIVERY20,DELIVERY23,0.00000000
3279.00000000,DELIVERY20,DELIVERY23,0.00000000
3280.00000000,DELIVERY20,DELIVERY23,0.00000000
3286.00000000,DELIVERY20,DELIVERY23,0.00000000
3287.00000000,DELIVERY20,DELIVERY23,0.00000000
3288.00000000,DELIVERY20,DELIVERY23,0.00000000
3289.00000000,DELIVERY20,DELIVERY23,0.00000000
3290.00000000,DELIVERY20,DELIVERY23,0.00000000
3291.00000000,DELIVERY20,DELIVERY23,0.00000000
3292.00000000,DELIVERY20,DELIVERY23,0.00000000
3293.00000000,DELIVERY20,DELIVERY23,0.00000000
3294.00000000,DELIVERY20,DELIVERY23,0.00000000
3295.00000000,DELIVERY20,DELIVERY23,0.00000000
3296.00000000,DELIVERY20,DELIVERY23,0.00000000
3297.00000000,DELIVERY20,DELIVERY23,0.00000000
3298.00000000,DELIVERY20,DELIVERY23,0.00000000
3299.00000000,DELIVERY20,DELIVERY23,0.00000000
3300.00000000,DELIVERY20,DELIVERY23,0.00000000
3301.00000000,DELIVERY20,DELIVERY23,0.00000000
3301.00000000,DELIVERY22,DELIVERY30,0.70270294
3302.00000000,DELIVERY20,DELIVERY23,0.00000000
3302.00000000,DELIVERY22,DELIVERY30,1.06222204
3303.00000000,DELIVERY20,DELIVERY23,0.00000000
3304.00000000,DELIVERY20,DELIVERY23,0.00000000
3305.00000000,DELIVERY20,DELIVERY23,0.00000000
3306.00000000,DELIVERY20,DELIVERY23,0.00000000
3307.00000000,DELIVERY20,DELIVERY23,0.00000000
3308.00000000,DELIVERY20,DELIVERY23,0.00208669
3337.00000000,DELIVERY23,DELIVERY30,2.35932285
3445.00000000,DELIVERY20,DELIVERY27,0.37556952
3449.00000000,DELIVERY27,DELIVERY30,0.32385668
3456.00000000,DELIVERY23,DELIVERY27,0.30191860
3485.00000000,DELIVERY20,DELIVERY30,0.74274214
3488.00000000,DELIVERY20,DELIVERY23,0.30535301
3497.00000000,DELIVERY26,DELIVERY30,0.69334523
3498.00000000,DELIVERY26,DELIVERY30,1.62383788
3499.00000000,DELIVERY26,DELIVERY30,1.62383788
3500.00000000,DELIVERY26,DELIVERY30,1.62383788
3501.00000000,DELIVERY26,DELIVERY30,1.62383788
3502.00000000,DELIVERY26,DELIVERY30,1.62383788
3502.00000000,DELIVERY23,DELIVERY26,0.36496327
3503.00000000,DELIVERY26,DELIVERY30,1.62383788
3503.00000000,DELIVERY23,DELIVERY30,0.04363789
3503.00000000,DELIVERY23,DELIVERY26,1.66709057
3504.00000000,DELIVERY26,DELIVERY30,1.62383788
3504.00000000,DELIVERY23,DELIVERY30,0.04363789
3504.00000000,DELIVERY23,DELIVERY26,1.66709057
3505.00000000,DELIVERY26,DELIVERY30,1.62383788
3505.00000000,DELIVERY23,DELIVERY30,0.04363789
3505.00000000,DELIVERY23,DELIVERY26,1.66709057
3506.00000000,DELIVERY26,DELIVERY30,1.62383788
3506.00000000,DELIVERY23,DELIVERY30,0.04363789
3506.00000000,DELIVERY23,DELIVERY26,1.66709057
3507.00000000,DELIVERY26,DELIVERY30,1.62383788
3507.00000000,DELIVERY23,DELIVERY30,0.04363789
3507.00000000,DELIVERY23,DELIVERY26,1.66709057
3508.00000000,DELIVERY26,DELIVERY30,1.62383788
3508.00000000,DELIVERY23,DELIVERY30,0.04363789
3508.00000000,DELIVERY23,DELIVERY26,1.66709057
3509.00000000,DELIVERY26,DELIVERY30,1.62383788
3509.00000000,DELIVERY23,DELIVERY30,0.04363789
3509.00000000,DELIVERY23,DELIVERY26,1.66709057
3510.00000000,DELIVERY26,DELIVERY30,1.62383788
3510.00000000,DELIVERY23,DELIVERY30,0.04363789
3510.00000000,DELIVERY23,DELIVERY26,1.66709057
3511.00000000,DELIVERY26,DELIVERY30,1.62383788
3511.00000000,DELIVERY23,DELIVERY30,0.04363789
3511.00000000,DELIVERY23,DELIVERY26,1.66709057
3512.00000000,DELIVERY26,DELIVERY30,1.62383788
3512.00000000,DELIVERY23,DELIVERY30,0.04363789
3512.00000000,DELIVERY23,DELIVERY26,1.66709057
3513.00000000,DELIVERY23,DELIVERY26,1.66709057
3514.00000000,DELIVERY23,DELIVERY26,1.66709057
3515.00000000,DELIVERY23,DELIVERY26,1.66709057
3516.00000000,DELIVERY23,DELIVERY26,1.66709057
3517.00000000,DELIVERY23,DELIVERY26,1.66709057
3517.00000000,DELIVERY26,DELIVERY30,0.90125390
3517.00000000,DELIVERY23,DELIVERY30,0.76131933
3518.00000000,DELIVERY23,DELIVERY26,1.66709057
3518.00000000,DELIVERY26,DELIVERY30,0.83817049
3519.00000000,DELIVERY23,DELIVERY26,1.66709057
3520.00000000,DELIVERY23,DELIVERY26,1.66709057
3521.00000000,DELIVERY23,DELIVERY26,1.66709057
3522.00000000,DELIVERY23,DELIVERY26,1.66709057
3523.00000000,DELIVERY23,DELIVERY26,1.66709057
3524.00000000,DELIVERY23,DELIVERY26,1.66709057
3525.00000000,DELIVERY23,DELIVERY26,1.66709057
3526.00000000,DELIVERY23,DELIVERY26,1.66709057
3527.00000000,DELIVERY23,DELIVERY26,1.66709057
3532.00000000,DELIVERY23,DELIVERY26,0.70566607
3535.00000000,DELIVERY26,DELIVERY29,0.26880912
