# CLOSEST POINT OF APPROACH LOG
# Shortest distance between 2 UAS during their conflict
# 
# Simulation Time [s], UAS1, UAS2, Distance [m]
# simt
1201.00000000,DELIVERY5,DELIVERY7,0.00000000
1202.00000000,DELIVERY5,DELIVERY7,0.00000000
1203.00000000,DELIVERY5,DELIVERY7,0.00000000
1204.00000000,DELIVERY5,DELIVERY7,0.00000000
1205.00000000,DELIVERY5,DELIVERY7,0.00000000
1206.00000000,DELIVERY5,DELIVERY7,0.00000000
1207.00000000,DELIVERY5,DELIVERY7,0.00000000
1208.00000000,DELIVERY5,DELIVERY7,0.00000000
1209.00000000,DELIVERY5,DELIVERY7,0.00000000
1210.00000000,DELIVERY5,DELIVERY7,0.00000000
1211.00000000,DELIVERY5,DELIVERY7,0.00000000
1212.00000000,DELIVERY5,DELIVERY7,0.00000000
1213.00000000,DELIVERY5,DELIVERY7,0.00000000
1214.00000000,DELIVERY5,DELIVERY7,0.00000000
1215.00000000,DELIVERY5,DELIVERY7,0.00000000
1216.00000000,DELIVERY5,DELIVERY7,0.00000000
1217.00000000,DELIVERY5,DELIVERY7,0.00000000
1218.00000000,DELIVERY5,DELIVERY7,0.00000000
1219.00000000,DELIVERY5,DELIVERY7,0.00000000
1220.00000000,DELIVERY5,DELIVERY7,0.00000000
1221.00000000,DELIVERY5,DELIVERY7,0.00000000
1222.00000000,DELIVERY5,DELIVERY7,0.00000000
1223.00000000,DELIVERY5,DELIVERY7,0.00000000
1224.00000000,DELIVERY5,DELIVERY7,0.00000000
1225.00000000,DELIVERY5,DELIVERY7,0.00000000
1226.00000000,DELIVERY5,DELIVERY7,0.00000000
1227.00000000,DELIVERY5,DELIVERY7,0.00000000
1228.00000000,DELIVERY5,DELIVERY7,0.00000000
1229.00000000,DELIVERY5,DELIVERY7,0.00000000
1230.00000000,DELIVERY5,DELIVERY7,0.00000000
1231.00000000,DELIVERY5,DELIVERY7,0.00000000
1232.00000000,DELIVERY5,DELIVERY7,0.00000000
1233.00000000,DELIVERY5,DELIVERY7,0.00000000
1234.00000000,DELIVERY5,DELIVERY7,0.00000000
1235.00000000,DELIVERY5,DELIVERY7,0.00000000
1236.00000000,DELIVERY5,DELIVERY7,0.00000000
1237.00000000,DELIVERY5,DELIVERY7,0.00000000
1238.00000000,DELIVERY5,DELIVERY7,0.00000000
1239.00000000,DELIVERY5,DELIVERY7,0.00000000
1240.00000000,DELIVERY5,DELIVERY7,0.00000000
1241.00000000,DELIVERY5,DELIVERY7,0.00000000
1242.00000000,DELIVERY5,DELIVERY7,0.00000000
1243.00000000,DELIVERY5,DELIVERY7,0.00000000
1244.00000000,DELIVERY5,DELIVERY7,0.00000000
1245.00000000,DELIVERY5,DELIVERY7,0.00000000
1246.00000000,DELIVERY5,DELIVERY7,0.00000000
1247.00000000,DELIVERY5,DELIVERY7,0.00000000
1248.00000000,DELIVERY5,DELIVERY7,0.00000000
1249.00000000,DELIVERY5,DELIVERY7,0.00000000
1250.00000000,DELIVERY5,DELIVERY7,0.00000000
1251.00000000,DELIVERY5,DELIVERY7,0.00000000
1252.00000000,DELIVERY5,DELIVERY7,0.00000000
1253.00000000,DELIVERY5,DELIVERY7,0.00000000
1254.00000000,DELIVERY5,DELIVERY7,0.00000000
1255.00000000,DELIVERY5,DELIVERY7,0.00000000
1256.00000000,DELIVERY5,DELIVERY7,0.00000000
1257.00000000,DELIVERY5,DELIVERY7,0.00000000
1258.00000000,DELIVERY5,DELIVERY7,0.00000000
1259.00000000,DELIVERY5,DELIVERY7,0.00000000
1260.00000000,DELIVERY5,DELIVERY7,0.00000000
1261.00000000,DELIVERY5,DELIVERY7,0.00000000
1262.00000000,DELIVERY5,DELIVERY7,0.00000000
1263.00000000,DELIVERY5,DELIVERY7,0.00000000
1264.00000000,DELIVERY5,DELIVERY7,0.00000000
1265.00000000,DELIVERY5,DELIVERY7,0.00000000
1266.00000000,DELIVERY2,DELIVERY4,0.00020367
1266.00000000,DELIVERY5,DELIVERY7,0.00000000
1267.00000000,DELIVERY5,DELIVERY7,0.00000000
1268.00000000,DELIVERY5,DELIVERY7,0.00000000
1269.00000000,DELIVERY5,DELIVERY7,0.00000000
1270.00000000,DELIVERY5,DELIVERY7,0.00000000
1271.00000000,DELIVERY5,DELIVERY7,0.00000000
1272.00000000,DELIVERY5,DELIVERY7,0.00000000
1273.00000000,DELIVERY5,DELIVERY7,0.00000000
1274.00000000,DELIVERY5,DELIVERY7,0.00000000
1275.00000000,DELIVERY5,DELIVERY7,0.00000000
1276.00000000,DELIVERY5,DELIVERY7,0.00000000
1277.00000000,DELIVERY5,DELIVERY7,0.00000000
1278.00000000,DELIVERY5,DELIVERY7,0.00000000
1279.00000000,DELIVERY5,DELIVERY7,0.00000000
1280.00000000,DELIVERY5,DELIVERY7,0.00000000
1281.00000000,DELIVERY5,DELIVERY7,0.00000000
1282.00000000,DELIVERY5,DELIVERY7,0.00000000
1283.00000000,DELIVERY5,DELIVERY7,0.00000000
1284.00000000,DELIVERY5,DELIVERY7,0.00000000
1285.00000000,DELIVERY5,DELIVERY7,0.00000000
1294.00000000,DELIVERY5,DELIVERY7,0.00418965
1296.00000000,DELIVERY5,DELIVERY7,2.87921779
1578.00000000,DELIVERY5,DELIVERY9,0.28117483
1658.00000000,DELIVERY7,DELIVERY9,0.07797772
1683.00000000,DELIVERY5,DELIVERY7,0.32873214
1717.00000000,DELIVERY7,DELIVERY8,0.73800271
1725.00000000,DELIVERY5,DELIVERY8,0.69861341
1801.00000000,DELIVERY11,DELIVERY15,0.01165658
1802.00000000,DELIVERY11,DELIVERY15,0.39866822
1808.00000000,DELIVERY11,DELIVERY9,0.00018728
2019.00000000,DELIVERY11,DELIVERY15,0.27794652
2054.00000000,DELIVERY10,DELIVERY15,0.72734710
2055.00000000,DELIVERY10,DELIVERY15,1.67740424
2056.00000000,DELIVERY10,DELIVERY15,1.67740424
2057.00000000,DELIVERY10,DELIVERY15,1.67740424
2058.00000000,DELIVERY10,DELIVERY15,1.67740424
2059.00000000,DELIVERY10,DELIVERY15,1.67740424
2060.00000000,DELIVERY10,DELIVERY15,1.67740424
2061.00000000,DELIVERY10,DELIVERY15,1.67740424
2062.00000000,DELIVERY10,DELIVERY15,1.67740424
2063.00000000,DELIVERY10,DELIVERY15,1.67740424
2064.00000000,DELIVERY10,DELIVERY15,1.67740424
2065.00000000,DELIVERY10,DELIVERY15,1.67740424
2066.00000000,DELIVERY10,DELIVERY15,1.67740424
2067.00000000,DELIVERY10,DELIVERY15,1.67740424
2068.00000000,DELIVERY10,DELIVERY15,1.67740424
2069.00000000,DELIVERY10,DELIVERY15,1.67740424
2070.00000000,DELIVERY10,DELIVERY15,1.67740424
2071.00000000,DELIVERY10,DELIVERY15,1.67740424
2072.00000000,DELIVERY10,DELIVERY15,1.67740424
2073.00000000,DELIVERY10,DELIVERY15,1.67740424
2074.00000000,DELIVERY10,DELIVERY15,1.67740424
2075.00000000,DELIVERY10,DELIVERY15,1.67740424
2076.00000000,DELIVERY10,DELIVERY15,1.67740424
2077.00000000,DELIVERY10,DELIVERY15,1.67740424
2078.00000000,DELIVERY10,DELIVERY15,1.67740424
2079.00000000,DELIVERY10,DELIVERY15,1.67740424
2080.00000000,DELIVERY10,DELIVERY15,1.67740424
2081.00000000,DELIVERY10,DELIVERY15,1.67740424
2082.00000000,DELIVERY10,DELIVERY15,1.67740424
2101.00000000,DELIVERY12,DELIVERY14,0.00000000
2102.00000000,DELIVERY12,DELIVERY14,0.00000000
2103.00000000,DELIVERY12,DELIVERY14,0.00000000
2104.00000000,DELIVERY12,DELIVERY14,0.00000000
2105.00000000,DELIVERY12,DELIVERY14,0.00000000
2106.00000000,DELIVERY12,DELIVERY14,0.00000000
2107.00000000,DELIVERY12,DELIVERY14,0.00000000
2108.00000000,DELIVERY12,DELIVERY14,0.00000000
2109.00000000,DELIVERY12,DELIVERY14,0.00000000
2110.00000000,DELIVERY12,DELIVERY14,0.00000000
2111.00000000,DELIVERY12,DELIVERY14,0.00000000
2112.00000000,DELIVERY12,DELIVERY14,0.00000000
2113.00000000,DELIVERY12,DELIVERY14,0.00000000
2114.00000000,DELIVERY12,DELIVERY14,0.00000000
2115.00000000,DELIVERY12,DELIVERY14,0.00000000
2116.00000000,DELIVERY12,DELIVERY14,0.00000000
2117.00000000,DELIVERY12,DELIVERY14,0.00000000
2118.00000000,DELIVERY12,DELIVERY14,0.00000000
2119.00000000,DELIVERY12,DELIVERY14,0.00000000
2120.00000000,DELIVERY12,DELIVERY14,0.00000000
2121.00000000,DELIVERY12,DELIVERY14,0.00000000
2122.00000000,DELIVERY12,DELIVERY14,0.00000000
2123.00000000,DELIVERY12,DELIVERY14,0.00000000
2124.00000000,DELIVERY12,DELIVERY14,0.00000000
2125.00000000,DELIVERY12,DELIVERY14,0.00000000
2126.00000000,DELIVERY12,DELIVERY14,0.00000000
2127.00000000,DELIVERY12,DELIVERY14,0.00000000
2128.00000000,DELIVERY12,DELIVERY14,0.00000000
2129.00000000,DELIVERY12,DELIVERY14,0.00000000
2130.00000000,DELIVERY12,DELIVERY14,0.00000000
2131.00000000,DELIVERY12,DELIVERY14,0.00000000
2132.00000000,DELIVERY12,DELIVERY14,0.00000000
2133.00000000,DELIVERY12,DELIVERY14,0.00000000
2134.00000000,DELIVERY12,DELIVERY14,0.00000000
2135.00000000,DELIVERY12,DELIVERY14,0.00000000
2136.00000000,DELIVERY12,DELIVERY14,0.00000000
2137.00000000,DELIVERY12,DELIVERY14,0.00000000
2138.00000000,DELIVERY12,DELIVERY14,0.00000000
2139.00000000,DELIVERY12,DELIVERY14,0.00000000
2140.00000000,DELIVERY12,DELIVERY14,0.00000000
2141.00000000,DELIVERY12,DELIVERY14,0.00000000
2142.00000000,DELIVERY12,DELIVERY14,0.00000000
2143.00000000,DELIVERY12,DELIVERY14,0.00000000
2144.00000000,DELIVERY12,DELIVERY14,0.00000000
2145.00000000,DELIVERY12,DELIVERY14,0.00000000
2146.00000000,DELIVERY12,DELIVERY14,0.00000000
2147.00000000,DELIVERY12,DELIVERY14,0.00000000
2148.00000000,DELIVERY12,DELIVERY14,0.00000000
2149.00000000,DELIVERY12,DELIVERY14,0.00000000
2150.00000000,DELIVERY12,DELIVERY14,0.00000000
2151.00000000,DELIVERY12,DELIVERY14,0.00000000
2152.00000000,DELIVERY12,DELIVERY14,0.00000000
2153.00000000,DELIVERY12,DELIVERY14,0.00000000
2154.00000000,DELIVERY12,DELIVERY14,0.00000000
2155.00000000,DELIVERY12,DELIVERY14,0.00000000
2156.00000000,DELIVERY12,DELIVERY14,0.00000000
2157.00000000,DELIVERY12,DELIVERY14,0.00000000
2158.00000000,DELIVERY12,DELIVERY14,0.00000000
2159.00000000,DELIVERY12,DELIVERY14,0.00000000
2160.00000000,DELIVERY12,DELIVERY14,0.00000000
2161.00000000,DELIVERY12,DELIVERY14,0.00000000
2162.00000000,DELIVERY12,DELIVERY14,0.00000000
2163.00000000,DELIVERY12,DELIVERY14,0.00000000
2164.00000000,DELIVERY12,DELIVERY14,0.00000000
2165.00000000,DELIVERY12,DELIVERY14,0.00000000
2166.00000000,DELIVERY12,DELIVERY14,0.00000000
2167.00000000,DELIVERY12,DELIVERY14,0.00000000
2168.00000000,DELIVERY12,DELIVERY14,0.00000000
2169.00000000,DELIVERY12,DELIVERY14,0.00000000
2170.00000000,DELIVERY12,DELIVERY14,0.00000000
2171.00000000,DELIVERY12,DELIVERY14,0.00000000
2172.00000000,DELIVERY12,DELIVERY14,0.00000000
2173.00000000,DELIVERY12,DELIVERY14,0.00000000
2174.00000000,DELIVERY12,DELIVERY14,0.00000000
2175.00000000,DELIVERY12,DELIVERY14,0.00000000
2176.00000000,DELIVERY12,DELIVERY14,0.00000000
2177.00000000,DELIVERY12,DELIVERY14,0.00000000
2178.00000000,DELIVERY12,DELIVERY14,0.00000000
2179.00000000,DELIVERY12,DELIVERY14,0.00000000
2180.00000000,DELIVERY12,DELIVERY14,0.00000000
2181.00000000,DELIVERY12,DELIVERY14,0.00000000
2182.00000000,DELIVERY12,DELIVERY14,0.00000000
2183.00000000,DELIVERY12,DELIVERY14,0.00000000
2184.00000000,DELIVERY12,DELIVERY14,0.00000000
2185.00000000,DELIVERY12,DELIVERY14,0.00000000
2194.00000000,DELIVERY12,DELIVERY14,0.00000000
2195.00000000,DELIVERY12,DELIVERY14,0.00000000
2196.00000000,DELIVERY12,DELIVERY14,0.00000000
2197.00000000,DELIVERY12,DELIVERY14,0.00000000
2198.00000000,DELIVERY12,DELIVERY14,0.00000000
2199.00000000,DELIVERY12,DELIVERY14,0.00000000
2200.00000000,DELIVERY12,DELIVERY14,0.00000000
2201.00000000,DELIVERY12,DELIVERY14,0.00000000
2202.00000000,DELIVERY12,DELIVERY14,0.00000000
2203.00000000,DELIVERY12,DELIVERY14,0.00000000
2204.00000000,DELIVERY12,DELIVERY14,0.00000000
2205.00000000,DELIVERY12,DELIVERY14,0.00000000
2206.00000000,DELIVERY12,DELIVERY14,0.00000000
2207.00000000,DELIVERY12,DELIVERY14,0.00000000
2208.00000000,DELIVERY12,DELIVERY14,0.00000000
2209.00000000,DELIVERY12,DELIVERY14,0.00000000
2210.00000000,DELIVERY12,DELIVERY14,0.00000000
2211.00000000,DELIVERY12,DELIVERY14,0.00000000
2212.00000000,DELIVERY12,DELIVERY14,0.00000000
2213.00000000,DELIVERY12,DELIVERY14,0.00000000
2214.00000000,DELIVERY12,DELIVERY14,0.00000000
2215.00000000,DELIVERY12,DELIVERY14,0.00000000
2216.00000000,DELIVERY12,DELIVERY14,0.00000000
2217.00000000,DELIVERY12,DELIVERY14,0.00000000
2218.00000000,DELIVERY12,DELIVERY14,0.00000000
2219.00000000,DELIVERY12,DELIVERY14,0.00000000
2220.00000000,DELIVERY12,DELIVERY14,0.00000000
2221.00000000,DELIVERY12,DELIVERY14,0.00000000
2222.00000000,DELIVERY12,DELIVERY14,0.00000000
2223.00000000,DELIVERY12,DELIVERY14,0.00000000
2224.00000000,DELIVERY12,DELIVERY14,0.00000000
2225.00000000,DELIVERY12,DELIVERY14,0.00000000
2226.00000000,DELIVERY12,DELIVERY14,0.00000000
2227.00000000,DELIVERY12,DELIVERY14,0.00000000
2228.00000000,DELIVERY12,DELIVERY14,0.00000000
2229.00000000,DELIVERY12,DELIVERY14,0.00000000
2230.00000000,DELIVERY12,DELIVERY14,0.00000000
2231.00000000,DELIVERY12,DELIVERY14,0.00000000
2232.00000000,DELIVERY12,DELIVERY14,0.00000000
2233.00000000,DELIVERY12,DELIVERY14,0.00000000
2234.00000000,DELIVERY12,DELIVERY14,0.00000000
2235.00000000,DELIVERY12,DELIVERY14,0.00000000
2236.00000000,DELIVERY12,DELIVERY14,0.00000000
2237.00000000,DELIVERY12,DELIVERY14,0.00000000
2238.00000000,DELIVERY12,DELIVERY14,0.00000000
2239.00000000,DELIVERY12,DELIVERY14,0.00000000
2240.00000000,DELIVERY12,DELIVERY14,0.00000000
2241.00000000,DELIVERY12,DELIVERY14,0.00000000
2242.00000000,DELIVERY12,DELIVERY14,0.00000000
2243.00000000,DELIVERY12,DELIVERY14,0.00000000
2244.00000000,DELIVERY12,DELIVERY14,0.00000000
2245.00000000,DELIVERY12,DELIVERY14,0.00000000
2246.00000000,DELIVERY12,DELIVERY14,0.00000000
2247.00000000,DELIVERY12,DELIVERY14,0.00000000
2248.00000000,DELIVERY12,DELIVERY14,0.00000000
2249.00000000,DELIVERY12,DELIVERY14,0.00000000
2250.00000000,DELIVERY12,DELIVERY14,0.00000000
2251.00000000,DELIVERY12,DELIVERY14,0.00000000
2252.00000000,DELIVERY12,DELIVERY14,0.00000000
2253.00000000,DELIVERY12,DELIVERY14,0.00000000
2254.00000000,DELIVERY12,DELIVERY14,0.00000000
2255.00000000,DELIVERY12,DELIVERY14,0.00000000
2256.00000000,DELIVERY12,DELIVERY14,0.00000000
2257.00000000,DELIVERY12,DELIVERY14,0.00000000
2258.00000000,DELIVERY12,DELIVERY14,0.00000000
2259.00000000,DELIVERY12,DELIVERY14,0.00000000
2260.00000000,DELIVERY12,DELIVERY14,0.00000000
2261.00000000,DELIVERY12,DELIVERY14,0.00000000
2262.00000000,DELIVERY12,DELIVERY14,0.00000000
2263.00000000,DELIVERY12,DELIVERY14,0.00000000
2264.00000000,DELIVERY12,DELIVERY14,0.00000000
2265.00000000,DELIVERY12,DELIVERY14,0.00000000
2266.00000000,DELIVERY12,DELIVERY14,0.00000000
2267.00000000,DELIVERY12,DELIVERY14,0.00000000
2268.00000000,DELIVERY12,DELIVERY14,0.00000000
2269.00000000,DELIVERY12,DELIVERY14,0.00000000
2270.00000000,DELIVERY12,DELIVERY14,0.00000000
2271.00000000,DELIVERY12,DELIVERY14,0.00000000
2272.00000000,DELIVERY12,DELIVERY14,0.00000000
2273.00000000,DELIVERY12,DELIVERY14,0.00000000
2274.00000000,DELIVERY12,DELIVERY14,0.00000000
2275.00000000,DELIVERY12,DELIVERY14,0.00000000
2276.00000000,DELIVERY12,DELIVERY14,0.00000000
2277.00000000,DELIVERY12,DELIVERY14,0.00000000
2278.00000000,DELIVERY12,DELIVERY14,0.00000000
2279.00000000,DELIVERY12,DELIVERY14,0.00000000
2280.00000000,DELIVERY12,DELIVERY14,0.00000000
2281.00000000,DELIVERY12,DELIVERY14,0.00000000
2282.00000000,DELIVERY12,DELIVERY14,0.00000000
2283.00000000,DELIVERY12,DELIVERY14,0.00000000
2284.00000000,DELIVERY12,DELIVERY14,0.00000000
2285.00000000,DELIVERY12,DELIVERY14,0.00000000
2286.00000000,DELIVERY12,DELIVERY14,0.00000000
2287.00000000,DELIVERY12,DELIVERY14,0.00000000
2288.00000000,DELIVERY12,DELIVERY14,0.00000000
2289.00000000,DELIVERY12,DELIVERY14,0.00000000
2290.00000000,DELIVERY12,DELIVERY14,0.00000000
2291.00000000,DELIVERY12,DELIVERY14,0.00000000
2292.00000000,DELIVERY12,DELIVERY14,0.00000000
2293.00000000,DELIVERY12,DELIVERY14,0.00000000
2294.00000000,DELIVERY12,DELIVERY14,0.00000000
2295.00000000,DELIVERY12,DELIVERY14,0.00000000
2296.00000000,DELIVERY12,DELIVERY14,0.00000000
2297.00000000,DELIVERY12,DELIVERY14,0.00000000
2298.00000000,DELIVERY12,DELIVERY14,0.00000000
2299.00000000,DELIVERY12,DELIVERY14,0.00000000
2300.00000000,DELIVERY12,DELIVERY14,0.00000000
2301.00000000,DELIVERY12,DELIVERY14,0.00000000
2302.00000000,DELIVERY12,DELIVERY14,0.00000000
2303.00000000,DELIVERY12,DELIVERY14,0.00000000
2304.00000000,DELIVERY12,DELIVERY14,0.00000000
2305.00000000,DELIVERY12,DELIVERY14,0.00000000
2306.00000000,DELIVERY12,DELIVERY14,0.00000000
2307.00000000,DELIVERY12,DELIVERY14,0.00000000
2308.00000000,DELIVERY12,DELIVERY14,0.00000000
2309.00000000,DELIVERY12,DELIVERY14,0.00000000
2310.00000000,DELIVERY12,DELIVERY14,0.00000000
2311.00000000,DELIVERY12,DELIVERY14,0.00000000
2312.00000000,DELIVERY12,DELIVERY14,0.00000000
2313.00000000,DELIVERY12,DELIVERY14,0.00000000
2314.00000000,DELIVERY12,DELIVERY14,0.00000000
2315.00000000,DELIVERY12,DELIVERY14,0.00000000
2316.00000000,DELIVERY12,DELIVERY14,0.00000000
2317.00000000,DELIVERY12,DELIVERY14,0.00000000
2318.00000000,DELIVERY12,DELIVERY14,0.00000000
2319.00000000,DELIVERY12,DELIVERY14,0.00000000
2320.00000000,DELIVERY12,DELIVERY14,0.00000000
2321.00000000,DELIVERY12,DELIVERY14,0.00000000
2322.00000000,DELIVERY12,DELIVERY14,0.00000000
2323.00000000,DELIVERY12,DELIVERY14,0.00000000
2324.00000000,DELIVERY12,DELIVERY14,0.00000000
2325.00000000,DELIVERY12,DELIVERY14,0.00000000
2326.00000000,DELIVERY12,DELIVERY14,0.00000000
2327.00000000,DELIVERY12,DELIVERY14,0.00000000
2328.00000000,DELIVERY12,DELIVERY14,0.00000000
2329.00000000,DELIVERY12,DELIVERY14,0.00000000
2333.00000000,DELIVERY13,DELIVERY18,0.01082150
2335.00000000,DELIVERY12,DELIVERY14,0.00000000
2336.00000000,DELIVERY12,DELIVERY14,0.00000000
2337.00000000,DELIVERY12,DELIVERY14,0.00000000
2338.00000000,DELIVERY12,DELIVERY14,0.00000000
2339.00000000,DELIVERY12,DELIVERY14,0.00000000
2340.00000000,DELIVERY12,DELIVERY14,0.00000000
2341.00000000,DELIVERY12,DELIVERY14,0.00000000
2342.00000000,DELIVERY12,DELIVERY14,0.00000000
2343.00000000,DELIVERY12,DELIVERY14,0.00000000
2344.00000000,DELIVERY12,DELIVERY14,0.00000000
2345.00000000,DELIVERY12,DELIVERY14,0.00000000
2346.00000000,DELIVERY12,DELIVERY14,0.00000000
2347.00000000,DELIVERY12,DELIVERY14,0.00000000
2348.00000000,DELIVERY12,DELIVERY14,0.00000000
2349.00000000,DELIVERY12,DELIVERY14,0.00000000
2350.00000000,DELIVERY12,DELIVERY14,0.00000000
2351.00000000,DELIVERY12,DELIVERY14,0.00000000
2352.00000000,DELIVERY12,DELIVERY14,0.00000000
2353.00000000,DELIVERY12,DELIVERY14,0.00000000
2354.00000000,DELIVERY12,DELIVERY14,0.00000000
2355.00000000,DELIVERY12,DELIVERY14,0.00000000
2356.00000000,DELIVERY12,DELIVERY14,0.00000000
2357.00000000,DELIVERY12,DELIVERY14,0.00000000
2358.00000000,DELIVERY12,DELIVERY14,0.00000000
2359.00000000,DELIVERY12,DELIVERY14,0.00000000
2360.00000000,DELIVERY12,DELIVERY14,0.00000000
2361.00000000,DELIVERY12,DELIVERY14,0.00000000
2362.00000000,DELIVERY12,DELIVERY14,0.00000000
2363.00000000,DELIVERY12,DELIVERY14,0.00000000
2364.00000000,DELIVERY12,DELIVERY14,0.00000000
2365.00000000,DELIVERY12,DELIVERY14,0.00000000
2366.00000000,DELIVERY12,DELIVERY14,0.00000000
2367.00000000,DELIVERY12,DELIVERY14,0.00000000
2368.00000000,DELIVERY12,DELIVERY14,0.00000000
2369.00000000,DELIVERY12,DELIVERY14,0.00000000
2370.00000000,DELIVERY12,DELIVERY14,0.00000000
2371.00000000,DELIVERY12,DELIVERY14,0.00000000
2372.00000000,DELIVERY12,DELIVERY14,0.00000000
2373.00000000,DELIVERY12,DELIVERY14,0.00000000
2374.00000000,DELIVERY12,DELIVERY14,0.00000000
2375.00000000,DELIVERY12,DELIVERY14,0.00000000
2376.00000000,DELIVERY12,DELIVERY14,0.00000000
2377.00000000,DELIVERY12,DELIVERY14,0.00000000
2378.00000000,DELIVERY12,DELIVERY14,0.00000000
2379.00000000,DELIVERY12,DELIVERY14,0.00000000
2380.00000000,DELIVERY12,DELIVERY14,0.00000000
2381.00000000,DELIVERY12,DELIVERY14,0.00000000
2382.00000000,DELIVERY12,DELIVERY14,0.00000000
2383.00000000,DELIVERY12,DELIVERY14,0.00000000
2384.00000000,DELIVERY12,DELIVERY14,0.00000000
2385.00000000,DELIVERY12,DELIVERY14,0.00000000
2386.00000000,DELIVERY12,DELIVERY14,0.00000000
2387.00000000,DELIVERY12,DELIVERY14,0.00000000
2388.00000000,DELIVERY12,DELIVERY14,0.00000000
2389.00000000,DELIVERY12,DELIVERY14,0.00000000
2390.00000000,DELIVERY12,DELIVERY14,0.00000000
2391.00000000,DELIVERY12,DELIVERY14,0.00000000
2392.00000000,DELIVERY12,DELIVERY14,0.00000000
2393.00000000,DELIVERY12,DELIVERY14,0.00000000
2394.00000000,DELIVERY12,DELIVERY14,0.00000000
2395.00000000,DELIVERY12,DELIVERY14,0.00000000
2396.00000000,DELIVERY12,DELIVERY14,0.00000000
2397.00000000,DELIVERY12,DELIVERY14,0.00000000
2398.00000000,DELIVERY12,DELIVERY14,0.00000000
2399.00000000,DELIVERY12,DELIVERY14,0.00000000
2400.00000000,DELIVERY12,DELIVERY14,0.00000000
2401.00000000,DELIVERY12,DELIVERY14,0.00000000
2401.00000000,DELIVERY17,DELIVERY20,0.00000000
2402.00000000,DELIVERY12,DELIVERY14,0.00000000
2402.00000000,DELIVERY17,DELIVERY20,0.00000000
2403.00000000,DELIVERY12,DELIVERY14,0.00000000
2403.00000000,DELIVERY17,DELIVERY20,0.00000000
2404.00000000,DELIVERY12,DELIVERY14,0.00000000
2404.00000000,DELIVERY17,DELIVERY20,0.00000000
2405.00000000,DELIVERY12,DELIVERY14,0.00000000
2405.00000000,DELIVERY17,DELIVERY20,0.00000000
2406.00000000,DELIVERY12,DELIVERY14,0.00000000
2406.00000000,DELIVERY17,DELIVERY20,0.00000000
2407.00000000,DELIVERY12,DELIVERY14,0.00000000
2407.00000000,DELIVERY17,DELIVERY20,0.00000000
2408.00000000,DELIVERY12,DELIVERY14,0.00000000
2408.00000000,DELIVERY17,DELIVERY20,0.00000000
2409.00000000,DELIVERY17,DELIVERY20,0.00000000
2409.00000000,DELIVERY12,DELIVERY14,0.00000000
2410.00000000,DELIVERY17,DELIVERY20,0.00000000
2410.00000000,DELIVERY12,DELIVERY14,0.25228106
2411.00000000,DELIVERY17,DELIVERY20,0.00000000
2412.00000000,DELIVERY17,DELIVERY20,0.00000000
2413.00000000,DELIVERY17,DELIVERY20,0.00000000
2414.00000000,DELIVERY17,DELIVERY20,0.00000000
2415.00000000,DELIVERY17,DELIVERY20,0.00000000
2416.00000000,DELIVERY17,DELIVERY20,0.00000000
2417.00000000,DELIVERY17,DELIVERY20,0.00000000
2418.00000000,DELIVERY17,DELIVERY20,0.00000000
2419.00000000,DELIVERY17,DELIVERY20,0.00000000
2420.00000000,DELIVERY17,DELIVERY20,0.00000000
2421.00000000,DELIVERY17,DELIVERY20,0.00000000
2422.00000000,DELIVERY17,DELIVERY20,0.00000000
2423.00000000,DELIVERY17,DELIVERY20,0.00000000
2424.00000000,DELIVERY17,DELIVERY20,0.00000000
2425.00000000,DELIVERY17,DELIVERY20,0.00000000
2426.00000000,DELIVERY17,DELIVERY20,0.00000000
2427.00000000,DELIVERY17,DELIVERY20,0.00000000
2428.00000000,DELIVERY17,DELIVERY20,0.00000000
2429.00000000,DELIVERY17,DELIVERY20,0.00000000
2430.00000000,DELIVERY17,DELIVERY20,0.00000000
2431.00000000,DELIVERY17,DELIVERY20,0.00000000
2432.00000000,DELIVERY17,DELIVERY20,0.00000000
2433.00000000,DELIVERY17,DELIVERY20,0.00000000
2434.00000000,DELIVERY17,DELIVERY20,0.00000000
2435.00000000,DELIVERY17,DELIVERY20,0.00000000
2436.00000000,DELIVERY17,DELIVERY20,0.00000000
2437.00000000,DELIVERY17,DELIVERY20,0.00000000
2438.00000000,DELIVERY17,DELIVERY20,0.00000000
2439.00000000,DELIVERY17,DELIVERY20,0.00000000
2440.00000000,DELIVERY17,DELIVERY20,0.00000000
2441.00000000,DELIVERY17,DELIVERY20,0.00000000
2442.00000000,DELIVERY17,DELIVERY20,0.00000000
2443.00000000,DELIVERY17,DELIVERY20,0.00000000
2444.00000000,DELIVERY17,DELIVERY20,0.00000000
2445.00000000,DELIVERY17,DELIVERY20,0.00000000
2446.00000000,DELIVERY17,DELIVERY20,0.00000000
2447.00000000,DELIVERY17,DELIVERY20,0.00000000
2448.00000000,DELIVERY17,DELIVERY20,0.00000000
2449.00000000,DELIVERY17,DELIVERY20,0.00000000
2450.00000000,DELIVERY17,DELIVERY20,0.00000000
2451.00000000,DELIVERY17,DELIVERY20,0.00000000
2452.00000000,DELIVERY17,DELIVERY20,0.00000000
2453.00000000,DELIVERY17,DELIVERY20,0.00000000
2454.00000000,DELIVERY17,DELIVERY20,0.00000000
2455.00000000,DELIVERY17,DELIVERY20,0.00000000
2456.00000000,DELIVERY17,DELIVERY20,0.00000000
2457.00000000,DELIVERY17,DELIVERY20,0.00000000
2458.00000000,DELIVERY17,DELIVERY20,0.00000000
2458.00000000,DELIVERY12,DELIVERY16,1.99945730
2459.00000000,DELIVERY17,DELIVERY20,0.00000000
2460.00000000,DELIVERY17,DELIVERY20,0.00000000
2461.00000000,DELIVERY17,DELIVERY20,0.00000000
2462.00000000,DELIVERY17,DELIVERY20,0.00000000
2463.00000000,DELIVERY17,DELIVERY20,0.00000000
2464.00000000,DELIVERY17,DELIVERY20,0.00000000
2465.00000000,DELIVERY17,DELIVERY20,0.00000000
2466.00000000,DELIVERY17,DELIVERY20,0.00000000
2467.00000000,DELIVERY17,DELIVERY20,0.00000000
2468.00000000,DELIVERY17,DELIVERY20,0.00000000
2469.00000000,DELIVERY17,DELIVERY20,0.00000000
2470.00000000,DELIVERY17,DELIVERY20,0.00000000
2471.00000000,DELIVERY17,DELIVERY20,0.00000000
2472.00000000,DELIVERY17,DELIVERY20,0.00000000
2473.00000000,DELIVERY17,DELIVERY20,0.00000000
2474.00000000,DELIVERY17,DELIVERY20,0.00000000
2475.00000000,DELIVERY17,DELIVERY20,0.00000000
2476.00000000,DELIVERY17,DELIVERY20,0.00000000
2477.00000000,DELIVERY17,DELIVERY20,0.00000000
2478.00000000,DELIVERY17,DELIVERY20,0.00000000
2479.00000000,DELIVERY17,DELIVERY20,0.00000000
2480.00000000,DELIVERY17,DELIVERY20,0.00000000
2481.00000000,DELIVERY17,DELIVERY20,0.00000000
2482.00000000,DELIVERY17,DELIVERY20,0.00000000
2483.00000000,DELIVERY17,DELIVERY20,0.00000000
2484.00000000,DELIVERY17,DELIVERY20,0.00000000
2485.00000000,DELIVERY17,DELIVERY20,0.00000000
2494.00000000,DELIVERY17,DELIVERY20,0.00000000
2495.00000000,DELIVERY17,DELIVERY20,0.00000000
2496.00000000,DELIVERY17,DELIVERY20,0.00000000
2497.00000000,DELIVERY17,DELIVERY20,0.00000000
2498.00000000,DELIVERY17,DELIVERY20,0.00000000
2499.00000000,DELIVERY17,DELIVERY20,0.00000000
2500.00000000,DELIVERY17,DELIVERY20,0.00000000
2501.00000000,DELIVERY17,DELIVERY20,0.00000000
2502.00000000,DELIVERY17,DELIVERY20,0.00000000
2503.00000000,DELIVERY17,DELIVERY20,0.00000000
2504.00000000,DELIVERY17,DELIVERY20,0.00000000
2505.00000000,DELIVERY17,DELIVERY20,0.00000000
2506.00000000,DELIVERY17,DELIVERY20,0.00000000
2507.00000000,DELIVERY17,DELIVERY20,0.00000000
2508.00000000,DELIVERY17,DELIVERY20,0.00000000
2509.00000000,DELIVERY17,DELIVERY20,0.00000000
2510.00000000,DELIVERY17,DELIVERY20,0.00000000
2511.00000000,DELIVERY17,DELIVERY20,0.00000000
2512.00000000,DELIVERY17,DELIVERY20,0.00000000
2513.00000000,DELIVERY17,DELIVERY20,0.00000000
2514.00000000,DELIVERY17,DELIVERY20,0.00000000
2515.00000000,DELIVERY17,DELIVERY20,0.00000000
2516.00000000,DELIVERY17,DELIVERY20,0.00000000
2517.00000000,DELIVERY17,DELIVERY20,0.00000000
2518.00000000,DELIVERY17,DELIVERY20,0.00000000
2519.00000000,DELIVERY17,DELIVERY20,0.00000000
2520.00000000,DELIVERY17,DELIVERY20,0.00000000
2521.00000000,DELIVERY17,DELIVERY20,0.00000000
2522.00000000,DELIVERY17,DELIVERY20,0.00000000
2523.00000000,DELIVERY17,DELIVERY20,0.00000000
2524.00000000,DELIVERY17,DELIVERY20,0.00000000
2525.00000000,DELIVERY17,DELIVERY20,0.00000000
2526.00000000,DELIVERY17,DELIVERY20,0.00000000
2527.00000000,DELIVERY17,DELIVERY20,0.00000000
2528.00000000,DELIVERY17,DELIVERY20,0.00000000
2529.00000000,DELIVERY17,DELIVERY20,0.00000000
2530.00000000,DELIVERY17,DELIVERY20,0.00000000
2531.00000000,DELIVERY17,DELIVERY20,0.00000000
2532.00000000,DELIVERY17,DELIVERY20,0.00000000
2533.00000000,DELIVERY17,DELIVERY20,0.00000000
2534.00000000,DELIVERY17,DELIVERY20,0.00000000
2535.00000000,DELIVERY17,DELIVERY20,0.00000000
2536.00000000,DELIVERY17,DELIVERY20,0.00000000
2537.00000000,DELIVERY17,DELIVERY20,0.00000000
2538.00000000,DELIVERY17,DELIVERY20,0.00000000
2539.00000000,DELIVERY17,DELIVERY20,0.00000000
2540.00000000,DELIVERY17,DELIVERY20,0.00000000
2541.00000000,DELIVERY17,DELIVERY20,0.00000000
2541.00000000,DELIVERY12,DELIVERY14,0.46300602
2542.00000000,DELIVERY17,DELIVERY20,0.00000000
2542.00000000,DELIVERY12,DELIVERY14,0.44046200
2543.00000000,DELIVERY17,DELIVERY20,0.00000000
2544.00000000,DELIVERY17,DELIVERY20,0.00000000
2545.00000000,DELIVERY17,DELIVERY20,0.00000000
2546.00000000,DELIVERY17,DELIVERY20,0.00000000
2547.00000000,DELIVERY17,DELIVERY20,0.00000000
2548.00000000,DELIVERY17,DELIVERY20,0.00000000
2549.00000000,DELIVERY17,DELIVERY20,0.00000000
2550.00000000,DELIVERY17,DELIVERY20,0.00000000
2551.00000000,DELIVERY17,DELIVERY20,0.00000000
2552.00000000,DELIVERY17,DELIVERY20,0.00000000
2553.00000000,DELIVERY17,DELIVERY20,0.00000000
2554.00000000,DELIVERY17,DELIVERY20,0.00000000
2555.00000000,DELIVERY17,DELIVERY20,0.00000000
2556.00000000,DELIVERY17,DELIVERY20,0.00000000
2557.00000000,DELIVERY17,DELIVERY20,0.00000000
2558.00000000,DELIVERY17,DELIVERY20,0.00000000
2559.00000000,DELIVERY17,DELIVERY20,0.00000000
2560.00000000,DELIVERY17,DELIVERY20,0.00000000
2561.00000000,DELIVERY17,DELIVERY20,0.00000000
2562.00000000,DELIVERY17,DELIVERY20,0.00000000
2563.00000000,DELIVERY17,DELIVERY20,0.00000000
2564.00000000,DELIVERY17,DELIVERY20,0.00000000
2565.00000000,DELIVERY17,DELIVERY20,0.00000000
2566.00000000,DELIVERY17,DELIVERY20,0.00000000
2567.00000000,DELIVERY17,DELIVERY20,0.00000000
2568.00000000,DELIVERY17,DELIVERY20,0.00000000
2569.00000000,DELIVERY17,DELIVERY20,0.00000000
2570.00000000,DELIVERY17,DELIVERY20,0.00000000
2571.00000000,DELIVERY17,DELIVERY20,0.00000000
2572.00000000,DELIVERY17,DELIVERY20,0.00000000
2573.00000000,DELIVERY17,DELIVERY20,0.00000000
2574.00000000,DELIVERY17,DELIVERY20,0.00000000
2575.00000000,DELIVERY17,DELIVERY20,0.00000000
2576.00000000,DELIVERY17,DELIVERY20,0.00000000
2577.00000000,DELIVERY17,DELIVERY20,0.00000000
2578.00000000,DELIVERY17,DELIVERY20,0.00000000
2579.00000000,DELIVERY17,DELIVERY20,0.00000000
2580.00000000,DELIVERY17,DELIVERY20,0.00000000
2581.00000000,DELIVERY17,DELIVERY20,0.00000000
2582.00000000,DELIVERY17,DELIVERY20,0.00000000
2583.00000000,DELIVERY17,DELIVERY20,0.00000000
2584.00000000,DELIVERY17,DELIVERY20,0.00000000
2585.00000000,DELIVERY17,DELIVERY20,0.00000000
2586.00000000,DELIVERY17,DELIVERY20,0.00000000
2587.00000000,DELIVERY17,DELIVERY20,0.00000000
2588.00000000,DELIVERY17,DELIVERY20,0.00000000
2589.00000000,DELIVERY17,DELIVERY20,0.00000000
2590.00000000,DELIVERY17,DELIVERY20,0.00000000
2591.00000000,DELIVERY17,DELIVERY20,0.00000000
2592.00000000,DELIVERY17,DELIVERY20,0.00000000
2593.00000000,DELIVERY17,DELIVERY20,0.00000000
2594.00000000,DELIVERY17,DELIVERY20,0.00000000
2595.00000000,DELIVERY17,DELIVERY20,0.00000000
2596.00000000,DELIVERY17,DELIVERY20,0.00000000
2597.00000000,DELIVERY17,DELIVERY20,0.00000000
2598.00000000,DELIVERY17,DELIVERY20,0.00000000
2599.00000000,DELIVERY17,DELIVERY20,0.00000000
2600.00000000,DELIVERY17,DELIVERY20,0.00000000
2601.00000000,DELIVERY17,DELIVERY20,0.00000000
2602.00000000,DELIVERY17,DELIVERY20,0.00000000
2603.00000000,DELIVERY17,DELIVERY20,0.00000000
2604.00000000,DELIVERY17,DELIVERY20,0.00000000
2605.00000000,DELIVERY17,DELIVERY20,0.00000000
2606.00000000,DELIVERY17,DELIVERY20,0.00000000
2607.00000000,DELIVERY17,DELIVERY20,0.00000000
2608.00000000,DELIVERY17,DELIVERY20,0.00000000
2609.00000000,DELIVERY17,DELIVERY20,0.00000000
2610.00000000,DELIVERY17,DELIVERY20,0.00000000
2611.00000000,DELIVERY17,DELIVERY20,0.00000000
2612.00000000,DELIVERY17,DELIVERY20,0.00000000
2613.00000000,DELIVERY17,DELIVERY20,0.00000000
2614.00000000,DELIVERY17,DELIVERY20,0.00000000
2615.00000000,DELIVERY17,DELIVERY20,0.00000000
2616.00000000,DELIVERY17,DELIVERY20,0.00000000
2617.00000000,DELIVERY17,DELIVERY20,0.00000000
2618.00000000,DELIVERY17,DELIVERY20,0.00000000
2619.00000000,DELIVERY17,DELIVERY20,0.00000000
2620.00000000,DELIVERY17,DELIVERY20,0.00000000
2621.00000000,DELIVERY17,DELIVERY20,0.00000000
2622.00000000,DELIVERY17,DELIVERY20,0.00000000
2623.00000000,DELIVERY17,DELIVERY20,0.00000000
2624.00000000,DELIVERY17,DELIVERY20,0.00000000
2625.00000000,DELIVERY17,DELIVERY20,0.00000000
2626.00000000,DELIVERY17,DELIVERY20,0.00000000
2627.00000000,DELIVERY17,DELIVERY20,0.00000000
2628.00000000,DELIVERY17,DELIVERY20,0.00000000
2629.00000000,DELIVERY17,DELIVERY20,0.00000000
2645.00000000,DELIVERY12,DELIVERY17,0.01785655
2645.00000000,DELIVERY12,DELIVERY20,0.01785655
2647.00000000,DELIVERY17,DELIVERY20,0.00000000
2648.00000000,DELIVERY17,DELIVERY20,0.00000000
2649.00000000,DELIVERY17,DELIVERY20,0.00000000
2650.00000000,DELIVERY17,DELIVERY20,0.00000000
2651.00000000,DELIVERY17,DELIVERY20,0.00000000
2652.00000000,DELIVERY17,DELIVERY20,0.00000000
2653.00000000,DELIVERY17,DELIVERY20,0.00000000
2654.00000000,DELIVERY17,DELIVERY20,0.00000000
2655.00000000,DELIVERY17,DELIVERY20,0.00000000
2656.00000000,DELIVERY17,DELIVERY20,0.00000000
2657.00000000,DELIVERY17,DELIVERY20,0.00000000
2658.00000000,DELIVERY17,DELIVERY20,0.00000000
2659.00000000,DELIVERY17,DELIVERY20,0.00000000
2660.00000000,DELIVERY17,DELIVERY20,0.00000000
2661.00000000,DELIVERY17,DELIVERY20,0.00000000
2662.00000000,DELIVERY17,DELIVERY20,0.00000000
2662.00000000,DELIVERY14,DELIVERY17,0.01281714
2662.00000000,DELIVERY14,DELIVERY20,0.01281714
2663.00000000,DELIVERY17,DELIVERY20,0.00000000
2664.00000000,DELIVERY17,DELIVERY20,0.00000000
2665.00000000,DELIVERY17,DELIVERY20,0.00000000
2666.00000000,DELIVERY17,DELIVERY20,0.00000000
2667.00000000,DELIVERY17,DELIVERY20,0.00000000
2668.00000000,DELIVERY17,DELIVERY20,0.00000000
2669.00000000,DELIVERY17,DELIVERY20,0.00000000
2670.00000000,DELIVERY17,DELIVERY20,0.00000000
2671.00000000,DELIVERY17,DELIVERY20,0.00000000
2672.00000000,DELIVERY17,DELIVERY20,0.00000000
2673.00000000,DELIVERY17,DELIVERY20,0.00000000
2674.00000000,DELIVERY17,DELIVERY20,0.00000000
2675.00000000,DELIVERY17,DELIVERY20,0.00000000
2676.00000000,DELIVERY17,DELIVERY20,0.00000000
2677.00000000,DELIVERY17,DELIVERY20,0.00000000
2678.00000000,DELIVERY17,DELIVERY20,0.00000000
2679.00000000,DELIVERY17,DELIVERY20,0.00000000
2680.00000000,DELIVERY17,DELIVERY20,0.00000000
2681.00000000,DELIVERY17,DELIVERY20,0.00000000
2682.00000000,DELIVERY17,DELIVERY20,0.02096451
2683.00000000,DELIVERY17,DELIVERY20,0.02096451
2684.00000000,DELIVERY17,DELIVERY20,0.02096451
2685.00000000,DELIVERY17,DELIVERY20,0.02096451
2686.00000000,DELIVERY17,DELIVERY20,0.02096451
2687.00000000,DELIVERY17,DELIVERY20,0.02096451
2688.00000000,DELIVERY17,DELIVERY20,0.02096451
2689.00000000,DELIVERY17,DELIVERY20,0.02096451
2690.00000000,DELIVERY17,DELIVERY20,0.02096451
2691.00000000,DELIVERY17,DELIVERY20,0.02096451
2692.00000000,DELIVERY17,DELIVERY20,0.02096451
2693.00000000,DELIVERY17,DELIVERY20,0.02096451
2694.00000000,DELIVERY17,DELIVERY20,0.02096451
2695.00000000,DELIVERY17,DELIVERY20,0.02096451
2696.00000000,DELIVERY17,DELIVERY20,0.02096451
2697.00000000,DELIVERY17,DELIVERY20,0.02096451
2698.00000000,DELIVERY17,DELIVERY20,0.23886876
2900.00000000,DELIVERY17,DELIVERY19,0.36670363
2902.00000000,DELIVERY17,DELIVERY19,1.67433126
2903.00000000,DELIVERY17,DELIVERY19,1.67433126
2904.00000000,DELIVERY17,DELIVERY19,1.67433126
2905.00000000,DELIVERY17,DELIVERY19,1.67433126
2906.00000000,DELIVERY17,DELIVERY19,1.67433126
2907.00000000,DELIVERY17,DELIVERY19,1.67433126
2908.00000000,DELIVERY17,DELIVERY19,1.67433126
2909.00000000,DELIVERY17,DELIVERY19,1.67433126
2910.00000000,DELIVERY17,DELIVERY19,1.67433126
2911.00000000,DELIVERY17,DELIVERY19,1.67433126
2912.00000000,DELIVERY17,DELIVERY19,1.67433126
2917.00000000,DELIVERY17,DELIVERY19,0.77109089
3001.00000000,DELIVERY21,DELIVERY22,0.00000000
3002.00000000,DELIVERY21,DELIVERY22,0.00000000
3003.00000000,DELIVERY21,DELIVERY22,0.00000000
3004.00000000,DELIVERY21,DELIVERY22,0.00000000
3005.00000000,DELIVERY21,DELIVERY22,0.00000000
3006.00000000,DELIVERY21,DELIVERY22,0.00000000
3007.00000000,DELIVERY21,DELIVERY22,0.00000000
3008.00000000,DELIVERY21,DELIVERY22,0.00000000
3009.00000000,DELIVERY21,DELIVERY22,0.00000000
3010.00000000,DELIVERY21,DELIVERY22,0.00000000
3011.00000000,DELIVERY21,DELIVERY22,0.00000000
3012.00000000,DELIVERY21,DELIVERY22,0.00000000
3013.00000000,DELIVERY21,DELIVERY22,0.00000000
3014.00000000,DELIVERY21,DELIVERY22,0.00000000
3015.00000000,DELIVERY21,DELIVERY22,0.00000000
3016.00000000,DELIVERY21,DELIVERY22,0.00000000
3017.00000000,DELIVERY21,DELIVERY22,0.00000000
3020.00000000,DELIVERY21,DELIVERY22,0.00000000
3021.00000000,DELIVERY21,DELIVERY22,0.00000000
3022.00000000,DELIVERY21,DELIVERY22,0.00000000
3023.00000000,DELIVERY21,DELIVERY22,0.00000000
3024.00000000,DELIVERY21,DELIVERY22,0.00000000
3025.00000000,DELIVERY21,DELIVERY22,0.00000000
3026.00000000,DELIVERY21,DELIVERY22,0.00000000
3027.00000000,DELIVERY21,DELIVERY22,0.00000000
3028.00000000,DELIVERY21,DELIVERY22,0.00000000
3029.00000000,DELIVERY21,DELIVERY22,0.00000000
3030.00000000,DELIVERY21,DELIVERY22,0.00000000
3031.00000000,DELIVERY21,DELIVERY22,0.00000000
3032.00000000,DELIVERY21,DELIVERY22,0.00000000
3033.00000000,DELIVERY21,DELIVERY22,0.00000000
3034.00000000,DELIVERY21,DELIVERY22,0.00000000
3035.00000000,DELIVERY21,DELIVERY22,0.00000000
3036.00000000,DELIVERY21,DELIVERY22,0.00000000
3037.00000000,DELIVERY21,DELIVERY22,0.00000000
3038.00000000,DELIVERY21,DELIVERY22,0.00000000
3039.00000000,DELIVERY21,DELIVERY22,0.00000000
3040.00000000,DELIVERY21,DELIVERY22,0.00000000
3041.00000000,DELIVERY21,DELIVERY22,0.00000000
3042.00000000,DELIVERY21,DELIVERY22,0.00000000
3043.00000000,DELIVERY21,DELIVERY22,0.00000000
3044.00000000,DELIVERY21,DELIVERY22,0.00000000
3045.00000000,DELIVERY21,DELIVERY22,0.00000000
3046.00000000,DELIVERY21,DELIVERY22,0.00000000
3047.00000000,DELIVERY21,DELIVERY22,0.00000000
3048.00000000,DELIVERY21,DELIVERY22,0.00000000
3049.00000000,DELIVERY21,DELIVERY22,0.00000000
3050.00000000,DELIVERY21,DELIVERY22,0.00000000
3051.00000000,DELIVERY21,DELIVERY22,0.00000000
3052.00000000,DELIVERY21,DELIVERY22,0.00000000
3053.00000000,DELIVERY21,DELIVERY22,0.00000000
3054.00000000,DELIVERY21,DELIVERY22,0.00000000
3055.00000000,DELIVERY21,DELIVERY22,0.00000000
3056.00000000,DELIVERY21,DELIVERY22,0.00000000
3057.00000000,DELIVERY21,DELIVERY22,0.00000000
3058.00000000,DELIVERY21,DELIVERY22,0.00000000
3059.00000000,DELIVERY21,DELIVERY22,0.00000000
3060.00000000,DELIVERY21,DELIVERY22,0.00000000
3061.00000000,DELIVERY21,DELIVERY22,0.00000000
3062.00000000,DELIVERY21,DELIVERY22,0.00000000
3063.00000000,DELIVERY21,DELIVERY22,0.00000000
3064.00000000,DELIVERY21,DELIVERY22,0.00000000
3065.00000000,DELIVERY21,DELIVERY22,0.00000000
3066.00000000,DELIVERY21,DELIVERY22,0.00000000
3067.00000000,DELIVERY21,DELIVERY22,0.00000000
3068.00000000,DELIVERY21,DELIVERY22,0.00000000
3069.00000000,DELIVERY21,DELIVERY22,0.00000000
3070.00000000,DELIVERY21,DELIVERY22,0.00000000
3071.00000000,DELIVERY21,DELIVERY22,0.00000000
3072.00000000,DELIVERY21,DELIVERY22,0.00000000
3072.00000000,DELIVERY19,DELIVERY24,0.00003213
3073.00000000,DELIVERY21,DELIVERY22,0.00000000
3073.00000000,DELIVERY17,DELIVERY21,3.66829577
3073.00000000,DELIVERY17,DELIVERY22,3.66829577
3074.00000000,DELIVERY21,DELIVERY22,0.00000000
3075.00000000,DELIVERY21,DELIVERY22,0.00000000
3083.00000000,DELIVERY21,DELIVERY22,0.00000000
3084.00000000,DELIVERY21,DELIVERY22,0.00000000
3085.00000000,DELIVERY21,DELIVERY22,0.00000000
3086.00000000,DELIVERY21,DELIVERY22,0.00000000
3087.00000000,DELIVERY21,DELIVERY22,0.00000000
3088.00000000,DELIVERY21,DELIVERY22,0.00000000
3089.00000000,DELIVERY21,DELIVERY22,0.00000000
3090.00000000,DELIVERY21,DELIVERY22,0.00000000
3091.00000000,DELIVERY21,DELIVERY22,0.00000000
3092.00000000,DELIVERY21,DELIVERY22,0.00000000
3093.00000000,DELIVERY21,DELIVERY22,0.00000000
3094.00000000,DELIVERY21,DELIVERY22,0.00000000
3095.00000000,DELIVERY21,DELIVERY22,0.00000000
3096.00000000,DELIVERY21,DELIVERY22,0.00000000
3097.00000000,DELIVERY21,DELIVERY22,0.00000000
3098.00000000,DELIVERY21,DELIVERY22,0.00000000
3099.00000000,DELIVERY21,DELIVERY22,0.00000000
3100.00000000,DELIVERY21,DELIVERY22,0.00000000
3101.00000000,DELIVERY21,DELIVERY22,0.00000000
3102.00000000,DELIVERY21,DELIVERY22,0.00000000
3103.00000000,DELIVERY21,DELIVERY22,0.00000000
3104.00000000,DELIVERY21,DELIVERY22,0.00000000
3105.00000000,DELIVERY21,DELIVERY22,0.00000000
3106.00000000,DELIVERY21,DELIVERY22,0.00000000
3107.00000000,DELIVERY21,DELIVERY22,0.00000000
3108.00000000,DELIVERY21,DELIVERY22,0.00000000
3109.00000000,DELIVERY21,DELIVERY22,0.00000000
3110.00000000,DELIVERY21,DELIVERY22,0.00000000
3111.00000000,DELIVERY21,DELIVERY22,0.00000000
3112.00000000,DELIVERY21,DELIVERY22,0.00000000
3113.00000000,DELIVERY21,DELIVERY22,0.00000000
3114.00000000,DELIVERY21,DELIVERY22,0.00000000
3115.00000000,DELIVERY21,DELIVERY22,0.00000000
3116.00000000,DELIVERY21,DELIVERY22,0.00000000
3117.00000000,DELIVERY21,DELIVERY22,0.00000000
3118.00000000,DELIVERY21,DELIVERY22,0.04899232
3119.00000000,DELIVERY21,DELIVERY22,0.04899232
3120.00000000,DELIVERY21,DELIVERY22,0.04899232
3121.00000000,DELIVERY21,DELIVERY22,0.04899232
3122.00000000,DELIVERY21,DELIVERY22,0.04899232
3123.00000000,DELIVERY21,DELIVERY22,0.04899232
3124.00000000,DELIVERY21,DELIVERY22,0.00130285
3125.00000000,DELIVERY21,DELIVERY22,0.00130286
3186.00000000,DELIVERY21,DELIVERY24,6.09789016
3225.00000000,DELIVERY21,DELIVERY24,0.31492279
3372.00000000,DELIVERY21,DELIVERY25,0.82640776
