# FLIGHT LOG
# Takeoff, landing, and distance flown of each UAS.
# 
# Simulation Time [s], UAS, Takeoff/Landing, Distance [m]
# simt
15.00000000,D719,takeoff,0
55.00000000,D024,takeoff,0
75.00000000,D933,takeoff,0
85.00000000,D794,takeoff,0
110.00000000,D285,takeoff,0
130.00000000,D452,takeoff,0
135.00000000,D012,takeoff,0
155.00000000,D411,takeoff,0
170.00000000,D034,takeoff,0
210.00000000,D304,takeoff,0
220.00000000,D191,takeoff,0
225.00000000,D368,takeoff,0
245.00000000,D501,takeoff,0
265.00000000,D295,takeoff,0
270.00000000,D428,takeoff,0
276.10000000,D452,landing,1523.38280005
295.00000000,D680,takeoff,0
325.00000000,D337,takeoff,0
330.00000000,D895,takeoff,0
340.80000000,D794,landing,3047.77318238
365.00000000,D677,takeoff,0
371.00000000,D285,landing,4011.61294226
375.00000000,D272,takeoff,0
381.20000000,D191,landing,2171.70938739
385.45000000,D411,landing,2323.66657646
390.00000000,D416,takeoff,0
395.00000000,D912,takeoff,0
403.80000000,D933,landing,3155.60810043
405.00000000,D663,takeoff,0
410.00000000,D346,takeoff,0
415.00000000,D562,takeoff,0
417.55000000,D719,landing,3985.99505764
431.35000000,D024,landing,2788.02539445
443.90000000,D428,landing,1802.92680961
450.00000000,D541,takeoff,0
455.00000000,D317,takeoff,0
456.15000000,D012,landing,2305.85797248
475.00000000,D864,takeoff,0
480.00000000,D213,takeoff,0
494.95000000,D034,landing,5091.37499776
504.20000000,D501,landing,2996.05547786
506.65000000,D663,landing,1317.38020263
510.00000000,D982,takeoff,0
525.00000000,D033,takeoff,0
532.20000000,D416,landing,1856.95622011
547.05000000,D677,landing,2177.19783712
560.00000000,D237,takeoff,0
565.00000000,D005,takeoff,0
580.00000000,D967,takeoff,0
585.00000000,D277,takeoff,0
601.80000000,D337,landing,3975.16916391
605.00000000,D272,landing,3361.62342548
613.15000000,D295,landing,2680.26524218
614.80000000,D368,landing,5070.33036341
630.30000000,D680,landing,5123.25979158
640.25000000,D033,landing,1485.12089256
660.00000000,D363,takeoff,0
678.40000000,D541,landing,2900.86829687
689.05000000,D304,landing,6708.36971463
710.85000000,D895,landing,3308.15291009
726.95000000,D005,landing,2076.16279259
731.35000000,D982,landing,2824.72025100
735.00000000,D491,takeoff,0
745.00000000,D712,takeoff,0
765.00000000,D541,takeoff,0
785.00000000,D663,takeoff,0
795.00000000,D742,takeoff,0
796.10000000,D317,landing,4180.55224613
830.00000000,D821,takeoff,0
835.00000000,D443,takeoff,0
842.15000000,D912,landing,5126.26326930
845.00000000,D724,takeoff,0
859.95000000,D237,landing,4705.84180208
868.20000000,D491,landing,1893.36913049
870.00000000,D828,takeoff,0
875.00000000,D108,takeoff,0
875.70000000,D864,landing,2955.64487356
880.00000000,D531,takeoff,0
890.00000000,D449,takeoff,0
895.00000000,D161,takeoff,0
904.20000000,D562,landing,4384.75995330
905.00000000,D052,takeoff,0
912.25000000,D277,landing,4348.44864787
915.00000000,D901,takeoff,0
915.40000000,D724,landing,899.19751804
925.00000000,D653,takeoff,0
927.85000000,D742,landing,2107.10021140
935.00000000,D550,takeoff,0
945.00000000,D889,takeoff,0
945.20000000,D663,landing,1814.69003857
950.00000000,D075,takeoff,0
960.00000000,D284,takeoff,0
982.15000000,D346,landing,5468.25201287
985.00000000,D338,takeoff,0
1005.00000000,D865,takeoff,0
1006.05000000,D531,landing,1447.27890480
1020.00000000,D498,takeoff,0
1025.00000000,D849,takeoff,0
1030.55000000,D541,landing,2800.83806010
1040.00000000,D330,takeoff,0
1045.00000000,D627,takeoff,0
1054.05000000,D075,landing,1532.02517430
1060.00000000,D605,takeoff,0
1075.95000000,D653,landing,1295.94968536
1094.40000000,D712,landing,5614.82489555
1095.00000000,D451,takeoff,0
1105.00000000,D031,takeoff,0
1120.00000000,D374,takeoff,0
1127.10000000,D901,landing,2203.42906396
1130.00000000,D228,takeoff,0
1160.00000000,D466,takeoff,0
1165.00000000,D120,takeoff,0
1178.60000000,D330,landing,1311.24515034
1180.00000000,D227,takeoff,0
1190.00000000,D683,takeoff,0
1200.00000000,D110,takeoff,0
1205.00000000,D202,takeoff,0
1208.10000000,D108,landing,4268.30001719
1250.00000000,D789,takeoff,0
1252.25000000,D363,landing,4393.43882865
1264.70000000,D338,landing,3337.54613399
1265.00000000,D193,takeoff,0
1270.30000000,D451,landing,2181.07383295
1271.60000000,D443,landing,4984.15019782
1275.00000000,D969,takeoff,0
1280.00000000,D989,takeoff,0
1284.60000000,D498,landing,4029.72455714
1305.00000000,D806,takeoff,0
1306.40000000,D627,landing,2674.29413064
1310.00000000,D995,takeoff,0
1313.00000000,D284,landing,3077.99655539
1318.55000000,D213,landing,6786.58969685
1330.00000000,D397,takeoff,0
1333.30000000,D228,landing,2983.57912707
1340.00000000,D120,landing,2432.40112382
1340.95000000,D967,landing,6831.04466233
1345.00000000,D230,takeoff,0
1354.40000000,D821,landing,5661.59032323
1362.30000000,D052,landing,4905.07936461
1365.60000000,D865,landing,2812.40030631
1370.00000000,D147,takeoff,0
1370.95000000,D889,landing,6332.41001644
1372.60000000,D550,landing,3183.51336889
1375.00000000,D008,takeoff,0
1382.95000000,D227,landing,3215.58448016
1385.00000000,D760,takeoff,0
1387.60000000,D849,landing,3203.41848688
1395.00000000,D029,takeoff,0
1400.00000000,D222,takeoff,0
1402.50000000,D202,landing,3022.79359738
1405.90000000,D828,landing,6115.54969273
1411.85000000,D193,landing,1309.56856678
1416.50000000,D789,landing,2051.93025589
1420.00000000,D249,takeoff,0
1423.75000000,D605,landing,5098.05439568
1425.00000000,D556,takeoff,0
1433.80000000,D161,landing,6076.46085592
1440.00000000,D966,takeoff,0
1455.00000000,D767,takeoff,0
1460.00000000,D155,takeoff,0
1467.25000000,D466,landing,4885.68479464
1468.70000000,D969,landing,2856.43354781
1470.00000000,D945,takeoff,0
1480.00000000,D969,takeoff,0
1490.00000000,D329,takeoff,0
1500.00000000,D641,takeoff,0
1500.70000000,D374,landing,5986.90569389
1505.90000000,D031,landing,5728.79287097
1508.90000000,D397,landing,2435.59538057
1530.20000000,D008,landing,2116.75553798
1564.95000000,D029,landing,1799.22476660
1577.10000000,D767,landing,1780.77252760
1589.50000000,D641,landing,1090.25294061
1592.00000000,D249,landing,2724.84745560
1602.45000000,D683,landing,5516.16147795
1605.00000000,D611,takeoff,0
1617.20000000,D995,landing,3217.79340044
1620.00000000,D028,takeoff,0
1655.00000000,D419,takeoff,0
1660.00000000,D805,takeoff,0
1666.20000000,D449,landing,7466.11264850
1680.00000000,D627,takeoff,0
1682.05000000,D806,landing,3703.32044954
1704.85000000,D222,landing,4470.57161347
1705.00000000,D259,takeoff,0
1709.00000000,D419,landing,462.34759551
1710.00000000,D619,takeoff,0
1710.10000000,D147,landing,4516.99186329
1724.15000000,D155,landing,2569.13557161
1728.80000000,D110,landing,4727.29090885
1730.00000000,D261,takeoff,0
1730.70000000,D028,landing,1262.40817003
1760.00000000,D285,takeoff,0
1760.15000000,D556,landing,4966.22257062
1795.00000000,D153,takeoff,0
1798.50000000,D966,landing,5132.53712961
1800.00000000,D614,takeoff,0
1815.20000000,D329,landing,3142.56503713
1820.00000000,D063,takeoff,0
1830.00000000,D934,takeoff,0
1835.00000000,D014,takeoff,0
1850.00000000,D779,takeoff,0
1859.40000000,D619,landing,2125.01982024
1874.25000000,D945,landing,3827.18435582
1885.00000000,D607,takeoff,0
1888.25000000,D614,landing,1142.11188257
1906.65000000,D611,landing,2215.43813966
1915.00000000,D755,takeoff,0
1920.00000000,D447,takeoff,0
1921.85000000,D153,landing,1615.81642431
1932.35000000,D760,landing,4374.84764982
1949.30000000,D805,landing,2276.77191307
1950.00000000,D903,takeoff,0
1956.70000000,D259,landing,4146.70145305
1976.00000000,D230,landing,4699.82955339
1985.00000000,D718,takeoff,0
2005.00000000,D222,takeoff,0
2020.00000000,D306,takeoff,0
2025.00000000,D692,takeoff,0
2026.70000000,D903,landing,648.20063453
2029.60000000,D989,landing,6825.40658819
2033.40000000,D607,landing,1346.28678130
2063.50000000,D969,landing,5171.62475969
2085.00000000,D853,takeoff,0
2095.95000000,D063,landing,2975.73499347
2120.00000000,D985,takeoff,0
2160.00000000,D649,takeoff,0
2162.70000000,D934,landing,3565.54837006
2170.00000000,D283,takeoff,0
2175.00000000,D469,takeoff,0
2193.75000000,D285,landing,5044.83362915
2205.00000000,D691,takeoff,0
2215.00000000,D664,takeoff,0
2220.70000000,D014,landing,5706.21236757
2225.00000000,D687,takeoff,0
2235.00000000,D520,takeoff,0
2247.15000000,D779,landing,3281.40192143
2250.00000000,D020,takeoff,0
2260.00000000,D233,takeoff,0
2265.00000000,D293,takeoff,0
2270.00000000,D223,takeoff,0
2280.00000000,D799,takeoff,0
2289.55000000,D222,landing,2205.97371403
2290.00000000,D858,takeoff,0
2300.90000000,D755,landing,5010.32819579
2315.00000000,D637,takeoff,0
2319.40000000,D447,landing,3103.69212224
2320.00000000,D292,takeoff,0
2320.85000000,D283,landing,1667.97225350
2330.10000000,D627,landing,5167.14801595
2335.00000000,D335,takeoff,0
2340.50000000,D649,landing,1674.56015425
2345.00000000,D053,takeoff,0
2370.00000000,D350,takeoff,0
2375.00000000,D786,takeoff,0
2385.00000000,D641,takeoff,0
2395.00000000,D276,takeoff,0
2400.00000000,D597,takeoff,0
2401.70000000,D306,landing,4452.95258089
2405.00000000,D326,takeoff,0
2409.70000000,D223,landing,1612.37651968
2415.35000000,D335,landing,849.92222240
2425.00000000,D746,takeoff,0
2433.00000000,D233,landing,2359.66962435
2453.40000000,D746,landing,266.79830232
2460.00000000,D373,takeoff,0
2463.80000000,D261,landing,6296.25608662
2465.00000000,D367,takeoff,0
2465.70000000,D799,landing,2025.01270196
2470.00000000,D999,takeoff,0
2485.00000000,D617,takeoff,0
2490.00000000,D761,takeoff,0
2492.20000000,D691,landing,2731.98054946
2502.40000000,D350,landing,2024.52879824
2525.70000000,D276,landing,1434.94528696
2527.95000000,D999,landing,274.06676196
2528.85000000,D718,landing,5425.34245662
2535.00000000,D913,takeoff,0
2540.00000000,D826,takeoff,0
2546.45000000,D053,landing,2290.56282427
2552.30000000,D985,landing,4469.62325983
2555.00000000,D225,takeoff,0
2559.65000000,D692,landing,4993.98695320
2560.00000000,D652,takeoff,0
2569.15000000,D664,landing,4980.63837362
2574.25000000,D786,landing,2481.61442585
2575.00000000,D529,takeoff,0
2578.50000000,D326,landing,1602.24839806
2590.00000000,D130,takeoff,0
2610.00000000,D257,takeoff,0
2613.80000000,D617,landing,1123.27969183
2620.00000000,D404,takeoff,0
2625.00000000,D984,takeoff,0
2636.10000000,D520,landing,3878.43951843
2637.40000000,D597,landing,2884.37324098
2654.75000000,D637,landing,4727.31608391
2655.00000000,D396,takeoff,0
2660.00000000,D885,takeoff,0
2660.60000000,D913,landing,1755.77061776
2665.00000000,D471,takeoff,0
2670.00000000,D537,takeoff,0
2673.25000000,D687,landing,6174.94096047
2674.10000000,D469,landing,4701.18220899
2690.00000000,D681,takeoff,0
2712.50000000,D761,landing,2773.57307873
2733.65000000,D853,landing,4846.88504391
2736.00000000,D529,landing,2019.36337667
2745.00000000,D493,takeoff,0
2750.00000000,D065,takeoff,0
2755.00000000,D070,takeoff,0
2765.00000000,D370,takeoff,0
2797.85000000,D225,landing,2886.84327821
2798.80000000,D493,landing,383.44526837
2807.55000000,D292,landing,6693.94851019
2815.60000000,D020,landing,4452.75044920
2816.65000000,D130,landing,3606.98396631
2820.00000000,D622,takeoff,0
2832.75000000,D641,landing,3477.96455823
2834.45000000,D652,landing,4472.49805681
2835.00000000,D015,takeoff,0
2836.25000000,D404,landing,2933.52170986
2844.10000000,D471,landing,1831.94992950
2849.85000000,D858,landing,6143.62265360
2860.00000000,D360,takeoff,0
2871.60000000,D257,landing,4275.49245963
2890.00000000,D283,takeoff,0
2903.30000000,D826,landing,2990.21628613
2910.00000000,D120,takeoff,0
2915.65000000,D070,landing,2306.61214483
2925.60000000,D367,landing,4248.85585240
2947.65000000,D681,landing,3823.32134595
2965.00000000,D666,takeoff,0
2965.20000000,D360,landing,983.11203390
2965.40000000,D396,landing,3941.31411700
2975.00000000,D342,takeoff,0
3011.10000000,D984,landing,4800.11826632
3013.35000000,D537,landing,2652.80034044
3020.00000000,D638,takeoff,0
3021.90000000,D120,landing,1429.67479030
3025.00000000,D101,takeoff,0
3030.00000000,D291,takeoff,0
3050.00000000,D138,takeoff,0
3054.60000000,D373,landing,6558.85909141
3065.00000000,D317,takeoff,0
3084.00000000,D283,landing,1537.85753557
3085.00000000,D951,takeoff,0
3093.00000000,D015,landing,3236.57159654
3099.30000000,D666,landing,1833.59990067
3102.70000000,D885,landing,3477.08932358
3110.00000000,D433,takeoff,0
3119.75000000,D293,landing,6482.44307154
3120.00000000,D919,takeoff,0
3170.00000000,D970,takeoff,0
3175.00000000,D107,takeoff,0
3180.00000000,D078,takeoff,0
3185.00000000,D363,takeoff,0
3202.20000000,D065,landing,3547.42853169
3255.00000000,D623,takeoff,0
3265.00000000,D506,takeoff,0
3265.40000000,D101,landing,3597.85226382
3270.00000000,D616,takeoff,0
3275.00000000,D158,takeoff,0
3280.00000000,D356,takeoff,0
3285.00000000,D502,takeoff,0
3295.00000000,D261,takeoff,0
3298.90000000,D370,landing,5581.47775159
3300.00000000,D978,takeoff,0
3310.00000000,D411,takeoff,0
3323.50000000,D078,landing,1126.72650222
3330.00000000,D836,takeoff,0
3334.95000000,D970,landing,2512.35140194
3340.00000000,D899,takeoff,0
3350.00000000,D127,takeoff,0
3352.35000000,D919,landing,2645.99228521
3355.30000000,D317,landing,3624.68435323
3365.00000000,D051,takeoff,0
3368.55000000,D638,landing,4644.20562267
3370.00000000,D654,takeoff,0
3375.00000000,D039,takeoff,0
3380.00000000,D610,takeoff,0
3385.00000000,D681,takeoff,0
3390.90000000,D951,landing,4888.59440797
3395.00000000,D755,takeoff,0
3405.00000000,D928,takeoff,0
3413.35000000,D107,landing,3502.05107666
3418.25000000,D138,landing,4634.23550653
3423.70000000,D342,landing,3330.68645368
3430.00000000,D180,takeoff,0
3435.00000000,D716,takeoff,0
3436.95000000,D623,landing,2685.02598898
3445.00000000,D152,takeoff,0
3447.60000000,D433,landing,5328.23225893
3450.00000000,D062,takeoff,0
3451.20000000,D291,landing,5164.92158936
3455.00000000,D226,takeoff,0
3460.00000000,D854,takeoff,0
3464.75000000,D755,landing,732.26625104
3470.80000000,D622,landing,5562.16861394
3472.10000000,D158,landing,2828.08825535
3475.95000000,D899,landing,1961.56052462
3488.35000000,D616,landing,3276.03292692
3490.00000000,D988,takeoff,0
3495.00000000,D971,takeoff,0
3504.55000000,D127,landing,1977.42245203
3505.00000000,D520,takeoff,0
3510.00000000,D127,takeoff,0
3517.95000000,D928,landing,1708.16806824
3540.00000000,D432,takeoff,0
3545.00000000,D812,takeoff,0
3547.05000000,D180,landing,1111.06488814
3570.00000000,D889,takeoff,0
3575.15000000,D978,landing,3890.75528569
3585.00000000,D495,takeoff,0
3589.70000000,D681,landing,2946.95254789
3599.15000000,D261,landing,2602.76692731
3600.00000000,D043,takeoff,0
3610.00000000,D549,takeoff,0
3614.30000000,D506,landing,3223.03756881
3615.30000000,D039,landing,3143.24442358
