# FLIGHT LOG
# Takeoff, landing, and distance flown of each UAS.
# 
# Simulation Time [s], UAS, Takeoff/Landing, Distance [m]
# simt
9.05000000,BACKGROUND1,takeoff,0
17.05000000,BACKGROUND2,takeoff,0
25.05000000,BACKGROUND3,takeoff,0
49.05000000,BACKGROUND6,takeoff,0
89.05000000,BACKGROUND10,takeoff,0
97.05000000,BACKGROUND11,takeoff,0
101.05000000,BACKGROUND5,takeoff,0
105.05000000,BACKGROUND12,takeoff,0
117.05000000,BACKGROUND7,takeoff,0
129.05000000,BACKGROUND15,takeoff,0
153.05000000,BACKGROUND4,takeoff,0
170.05000000,BACKGROUND18,takeoff,0
178.05000000,BACKGROUND19,takeoff,0
185.05000000,BACKGROUND8,takeoff,0
202.05000000,BACKGROUND21,takeoff,0
210.05000000,BACKGROUND22,takeoff,0
222.05000000,BACKGROUND17,takeoff,0
241.00000000,BACKGROUND7,landing,1851.95329060
250.05000000,BACKGROUND25,takeoff,0
258.05000000,BACKGROUND26,takeoff,0
259.90000000,BACKGROUND1,landing,3566.26225557
261.05000000,BACKGROUND9,takeoff,0
272.40000000,BACKGROUND6,landing,3674.21548069
288.10000000,BACKGROUND3,landing,3606.30611945
293.05000000,BACKGROUND13,takeoff,0
299.05000000,BACKGROUND29,takeoff,0
300.05000000,BACKGROUND14,takeoff,0
300.05000000,BACKGROUND27,takeoff,0
300.15000000,BACKGROUND8,landing,1260.27857547
300.15000000,BACKGROUND8,takeoff,0
300.50000000,BACKGROUND26,landing,475.95746292
300.50000000,BACKGROUND26,takeoff,0
300.65000000,BACKGROUND11,landing,2632.70404103
300.65000000,BACKGROUND11,takeoff,0
301.30000000,BACKGROUND15,landing,1188.22618394
301.30000000,BACKGROUND15,takeoff,0
301.65000000,BACKGROUND4,landing,2416.51037181
301.65000000,BACKGROUND4,takeoff,0
301.75000000,BACKGROUND10,landing,2544.37254870
301.75000000,BACKGROUND10,takeoff,0
302.20000000,BACKGROUND12,landing,3050.15765141
302.20000000,BACKGROUND12,takeoff,0
302.60000000,BACKGROUND21,landing,1313.98777498
302.60000000,BACKGROUND21,takeoff,0
303.50000000,BACKGROUND22,landing,1128.75405653
303.50000000,BACKGROUND22,takeoff,0
304.35000000,BACKGROUND17,landing,982.62246177
304.35000000,BACKGROUND17,takeoff,0
305.60000000,BACKGROUND13,landing,166.98375000
305.60000000,BACKGROUND13,takeoff,0
307.05000000,BACKGROUND30,takeoff,0
310.15000000,BACKGROUND29,landing,140.54250000
310.15000000,BACKGROUND29,takeoff,0
311.35000000,BACKGROUND2,landing,4271.34865943
313.60000000,BACKGROUND25,landing,181.57419185
313.60000000,BACKGROUND25,takeoff,0
315.05000000,BACKGROUND31,takeoff,0
315.40000000,BACKGROUND5,landing,1785.54172716
315.40000000,BACKGROUND5,takeoff,0
328.55000000,BACKGROUND9,landing,358.69294966
328.55000000,BACKGROUND9,takeoff,0
329.85000000,BACKGROUND19,landing,1574.59387939
329.85000000,BACKGROUND19,takeoff,0
331.05000000,BACKGROUND32,takeoff,0
347.05000000,BACKGROUND34,takeoff,0
354.10000000,BACKGROUND18,landing,1085.30534654
354.10000000,BACKGROUND18,takeoff,0
365.50000000,BACKGROUND19,landing,80.67768347
377.05000000,BACKGROUND16,takeoff,0
379.05000000,BACKGROUND38,takeoff,0
397.85000000,BACKGROUND4,landing,1174.04221770
411.05000000,BACKGROUND42,takeoff,0
415.05000000,BACKGROUND35,takeoff,0
421.25000000,BACKGROUND12,landing,1113.69505311
426.05000000,BACKGROUND20,takeoff,0
455.80000000,BACKGROUND11,landing,1694.25067665
471.15000000,BACKGROUND10,landing,1585.61781267
482.45000000,BACKGROUND22,landing,2237.35351144
496.05000000,BACKGROUND45,takeoff,0
505.00000000,BACKGROUND32,landing,1951.77371213
515.05000000,BACKGROUND40,takeoff,0
518.05000000,BACKGROUND23,takeoff,0
519.05000000,BACKGROUND33,takeoff,0
520.05000000,BACKGROUND48,takeoff,0
528.05000000,BACKGROUND49,takeoff,0
539.05000000,BACKGROUND43,takeoff,0
551.05000000,BACKGROUND37,takeoff,0
576.95000000,BACKGROUND14,landing,3724.61808268
582.05000000,BACKGROUND28,takeoff,0
583.55000000,BACKGROUND35,landing,3066.01499551
600.05000000,BACKGROUND24,takeoff,0
600.05000000,BACKGROUND36,takeoff,0
600.05000000,BACKGROUND41,takeoff,0
600.05000000,BACKGROUND44,takeoff,0
600.05000000,BACKGROUND46,takeoff,0
600.05000000,BACKGROUND50,takeoff,0
600.10000000,BACKGROUND20,landing,1471.38055419
600.10000000,BACKGROUND20,takeoff,0
601.35000000,BACKGROUND18,landing,2935.73742908
601.35000000,BACKGROUND18,takeoff,0
601.35000000,BACKGROUND33,landing,733.07754875
601.35000000,BACKGROUND33,takeoff,0
601.90000000,BACKGROUND26,landing,2901.00689002
601.90000000,BACKGROUND26,takeoff,0
602.00000000,BACKGROUND42,landing,2420.29854748
602.00000000,BACKGROUND42,takeoff,0
602.30000000,BACKGROUND17,landing,3597.09218169
602.30000000,BACKGROUND17,takeoff,0
602.75000000,BACKGROUND40,landing,551.18271142
602.75000000,BACKGROUND40,takeoff,0
603.10000000,BACKGROUND37,landing,512.12802719
603.10000000,BACKGROUND37,takeoff,0
604.55000000,BACKGROUND21,landing,2208.37556163
604.55000000,BACKGROUND21,takeoff,0
604.65000000,BACKGROUND8,landing,3950.98480068
604.65000000,BACKGROUND8,takeoff,0
605.05000000,BACKGROUND62,takeoff,0
605.55000000,BACKGROUND48,landing,888.66518321
605.55000000,BACKGROUND48,takeoff,0
607.15000000,BACKGROUND38,landing,3458.72277006
607.15000000,BACKGROUND38,takeoff,0
607.60000000,BACKGROUND29,landing,3361.09318732
607.60000000,BACKGROUND29,takeoff,0
607.85000000,BACKGROUND25,landing,3459.56243320
608.05000000,BACKGROUND57,takeoff,0
609.40000000,BACKGROUND30,landing,1369.53711025
609.40000000,BACKGROUND30,takeoff,0
612.00000000,BACKGROUND49,landing,1430.93565897
612.00000000,BACKGROUND49,takeoff,0
612.75000000,BACKGROUND42,landing,129.92338463
613.00000000,BACKGROUND43,landing,983.34452872
613.00000000,BACKGROUND43,takeoff,0
613.30000000,BACKGROUND9,landing,1609.01911889
613.30000000,BACKGROUND9,takeoff,0
614.55000000,BACKGROUND27,landing,2859.10695443
614.55000000,BACKGROUND27,takeoff,0
615.45000000,BACKGROUND13,landing,4072.23044364
615.45000000,BACKGROUND13,takeoff,0
618.70000000,BACKGROUND45,landing,1194.36659199
618.70000000,BACKGROUND45,takeoff,0
626.80000000,BACKGROUND28,landing,113.71479370
626.80000000,BACKGROUND28,takeoff,0
628.90000000,BACKGROUND23,landing,538.20783451
628.90000000,BACKGROUND23,takeoff,0
630.45000000,BACKGROUND31,landing,2265.35457650
630.45000000,BACKGROUND31,takeoff,0
630.45000000,BACKGROUND45,landing,163.76250000
630.95000000,BACKGROUND21,landing,336.06066769
650.75000000,BACKGROUND34,landing,4134.82577162
650.75000000,BACKGROUND34,takeoff,0
653.05000000,BACKGROUND66,takeoff,0
659.95000000,BACKGROUND15,landing,3993.88710264
677.05000000,BACKGROUND68,takeoff,0
679.90000000,BACKGROUND46,landing,1069.70097082
680.05000000,BACKGROUND52,takeoff,0
684.35000000,BACKGROUND27,landing,312.51132405
687.25000000,BACKGROUND5,landing,1900.22955119
687.25000000,BACKGROUND5,takeoff,0
694.80000000,BACKGROUND26,landing,868.76851035
701.05000000,BACKGROUND70,takeoff,0
709.80000000,BACKGROUND48,landing,1002.53654001
712.05000000,BACKGROUND55,takeoff,0
718.05000000,BACKGROUND72,takeoff,0
726.05000000,BACKGROUND73,takeoff,0
733.25000000,BACKGROUND16,landing,3546.20597377
734.05000000,BACKGROUND74,takeoff,0
739.80000000,BACKGROUND8,landing,659.09200063
744.05000000,BACKGROUND37,landing,1765.40846611
749.05000000,BACKGROUND64,takeoff,0
765.05000000,BACKGROUND65,takeoff,0
770.75000000,BACKGROUND29,landing,2420.15898504
789.05000000,BACKGROUND67,takeoff,0
798.05000000,BACKGROUND81,takeoff,0
802.05000000,BACKGROUND75,takeoff,0
814.05000000,BACKGROUND83,takeoff,0
824.05000000,BACKGROUND54,takeoff,0
830.05000000,BACKGROUND71,takeoff,0
842.20000000,BACKGROUND38,landing,3308.32402017
846.25000000,BACKGROUND57,landing,3858.89849161
852.00000000,BACKGROUND13,landing,2179.73705173
856.05000000,BACKGROUND58,takeoff,0
856.15000000,BACKGROUND24,landing,3234.67574021
857.35000000,BACKGROUND55,landing,2560.96243496
881.05000000,BACKGROUND49,landing,2572.70317810
885.95000000,BACKGROUND20,landing,1844.58860524
887.05000000,BACKGROUND91,takeoff,0
889.05000000,BACKGROUND61,takeoff,0
898.05000000,BACKGROUND17,landing,1725.57098887
900.45000000,BACKGROUND43,landing,1694.95708444
900.45000000,BACKGROUND43,takeoff,0
901.25000000,BACKGROUND91,landing,250.41830575
901.25000000,BACKGROUND91,takeoff,0
902.15000000,BACKGROUND61,landing,183.36750000
902.15000000,BACKGROUND61,takeoff,0
902.20000000,BACKGROUND74,landing,2487.50157388
902.20000000,BACKGROUND74,takeoff,0
902.45000000,BACKGROUND62,landing,3215.06484346
902.45000000,BACKGROUND62,takeoff,0
903.55000000,BACKGROUND68,landing,2906.99435658
903.55000000,BACKGROUND68,takeoff,0
904.20000000,BACKGROUND64,landing,2327.45359378
904.20000000,BACKGROUND64,takeoff,0
904.20000000,BACKGROUND65,landing,2056.89607300
904.20000000,BACKGROUND65,takeoff,0
904.25000000,BACKGROUND81,landing,557.35422588
904.25000000,BACKGROUND81,takeoff,0
904.45000000,BACKGROUND73,landing,1957.72619400
904.45000000,BACKGROUND73,takeoff,0
906.10000000,BACKGROUND75,landing,1526.47118020
906.10000000,BACKGROUND75,takeoff,0
906.70000000,BACKGROUND18,landing,2492.24781658
906.70000000,BACKGROUND18,takeoff,0
906.95000000,BACKGROUND70,landing,3185.50317299
906.95000000,BACKGROUND70,takeoff,0
907.00000000,BACKGROUND72,landing,1971.92923155
907.00000000,BACKGROUND72,takeoff,0
907.00000000,BACKGROUND54,landing,1235.59081410
907.00000000,BACKGROUND54,takeoff,0
907.05000000,BACKGROUND44,landing,3849.48473553
907.05000000,BACKGROUND44,takeoff,0
908.60000000,BACKGROUND66,landing,3387.57291665
908.60000000,BACKGROUND66,takeoff,0
911.90000000,BACKGROUND67,landing,582.99644640
911.90000000,BACKGROUND67,takeoff,0
913.45000000,BACKGROUND50,landing,5523.07077241
913.45000000,BACKGROUND50,takeoff,0
913.50000000,BACKGROUND58,landing,146.42123425
913.50000000,BACKGROUND58,takeoff,0
913.55000000,BACKGROUND41,landing,2034.80153491
913.55000000,BACKGROUND41,takeoff,0
913.55000000,BACKGROUND23,landing,1076.90288189
913.55000000,BACKGROUND23,takeoff,0
917.10000000,BACKGROUND31,landing,920.13849854
917.10000000,BACKGROUND31,takeoff,0
921.45000000,BACKGROUND40,landing,3719.03838335
921.45000000,BACKGROUND40,takeoff,0
922.10000000,BACKGROUND5,landing,1737.52505769
923.75000000,BACKGROUND71,landing,805.05978717
923.75000000,BACKGROUND71,takeoff,0
924.25000000,BACKGROUND34,landing,2315.34473207
924.25000000,BACKGROUND34,takeoff,0
924.40000000,BACKGROUND9,landing,2149.20369032
924.40000000,BACKGROUND9,takeoff,0
925.65000000,BACKGROUND30,landing,2584.69861920
925.65000000,BACKGROUND30,takeoff,0
927.50000000,BACKGROUND65,landing,368.01875000
960.70000000,BACKGROUND28,landing,3698.45425659
971.90000000,BACKGROUND33,landing,2247.00281226
971.90000000,BACKGROUND33,takeoff,0
995.95000000,BACKGROUND68,landing,1448.74499013
1001.00000000,BACKGROUND43,landing,1058.35583573
1010.50000000,BACKGROUND34,landing,451.59377504
1010.65000000,BACKGROUND74,landing,1039.60483334
1014.70000000,BACKGROUND36,landing,5423.23478625
1014.70000000,BACKGROUND36,takeoff,0
1019.90000000,BACKGROUND70,landing,1015.92609175
1027.95000000,BACKGROUND62,landing,1283.46366394
1028.85000000,BACKGROUND9,landing,1078.54335527
1036.40000000,BACKGROUND54,landing,1235.24175905
1042.60000000,BACKGROUND36,landing,454.46250000
1055.50000000,BACKGROUND52,landing,2521.76437862
1055.50000000,BACKGROUND52,takeoff,0
1056.00000000,BACKGROUND72,landing,1510.07916275
1056.35000000,BACKGROUND50,landing,887.45586364
1077.10000000,BACKGROUND18,landing,1069.35518385
1079.35000000,BACKGROUND61,landing,2151.65642121
1090.05000000,BACKGROUND83,landing,1985.54242045
1108.05000000,BACKGROUND91,landing,2422.48563764
1127.75000000,BACKGROUND64,landing,2202.56359291
1167.10000000,BACKGROUND75,landing,3422.36132711
1177.05000000,BACKGROUND119,takeoff,0
1200.65000000,BACKGROUND119,landing,372.36750000
1200.65000000,BACKGROUND119,takeoff,0
1203.65000000,BACKGROUND41,landing,2995.61776083
1207.55000000,BACKGROUND33,landing,2828.90678132
1207.55000000,BACKGROUND33,takeoff,0
1212.10000000,BACKGROUND58,landing,2675.63809443
1212.10000000,BACKGROUND58,takeoff,0
1215.75000000,BACKGROUND30,landing,2229.33169920
1215.75000000,BACKGROUND30,takeoff,0
1220.45000000,BACKGROUND40,landing,2065.97203777
1220.45000000,BACKGROUND40,takeoff,0
1223.10000000,BACKGROUND44,landing,3912.41517279
1223.10000000,BACKGROUND44,takeoff,0
1224.75000000,BACKGROUND67,landing,4230.71718992
1224.75000000,BACKGROUND67,takeoff,0
1232.00000000,BACKGROUND73,landing,2440.80089875
1232.00000000,BACKGROUND73,takeoff,0
1233.75000000,BACKGROUND66,landing,3169.85963602
1233.75000000,BACKGROUND66,takeoff,0
1237.45000000,BACKGROUND81,landing,2805.01089989
1260.35000000,BACKGROUND71,landing,4761.90640519
1295.85000000,BACKGROUND30,landing,909.98673535
1301.00000000,BACKGROUND44,landing,675.36969768
1335.70000000,BACKGROUND31,landing,1694.44084849
1335.70000000,BACKGROUND31,takeoff,0
1354.85000000,BACKGROUND67,landing,886.36698808
1372.15000000,BACKGROUND58,landing,2207.09850780
1377.95000000,BACKGROUND33,landing,1513.78707547
1383.40000000,BACKGROUND40,landing,561.26235145
1386.05000000,BACKGROUND52,landing,2616.37752238
1386.05000000,BACKGROUND52,takeoff,0
1460.70000000,BACKGROUND119,landing,3449.43870899
1490.60000000,BACKGROUND52,landing,902.46118105
1500.55000000,BACKGROUND73,landing,1358.51171216
1500.55000000,BACKGROUND73,takeoff,0
1510.65000000,BACKGROUND31,landing,2138.62482717
1510.65000000,BACKGROUND31,takeoff,0
1557.85000000,BACKGROUND31,landing,408.12377455
1563.95000000,BACKGROUND73,landing,389.40085785
