# CONFLICTS LOG
# Start and end of all conflicts
# 
# Simulation Time [s], UAS1, UAS2, Start/End
# simt
213.00000000,BACKGROUND14,SURVEILLANCE_LUFTHANSA,start
221.00000000,BACKGROUND16,SURVEILLANCE_LUFTHANSA,start
223.00000000,BACKGROUND16,SURVEILLANCE_LUFTHANSA,end
225.00000000,BACKGROUND15,SURVEILLANCE_LUFTHANSA,start
227.00000000,SURVEILLANCEOP1,SURVEILLANCE_LUFTHANSA,start
230.00000000,BACKGROUND14,SURVEILLANCE_LUFTHANSA,end
241.00000000,SURVEILLANCEOP1,SURVEILLANCE_LUFTHANSA,end
244.00000000,BACKGROUND15,SURVEILLANCE_LUFTHANSA,end
266.00000000,BACKGROUND18,BACKGROUND5,start
269.00000000,BACKGROUND2,BACKGROUND6,start
272.00000000,BACKGROUND2,BACKGROUND6,end
273.00000000,BACKGROUND2,BACKGROUND6,start
273.00000000,BACKGROUND18,BACKGROUND5,end
280.00000000,BACKGROUND2,BACKGROUND6,end
288.00000000,BACKGROUND2,BACKGROUND6,start
319.00000000,BACKGROUND4,SURVEILLANCE_EUROWINGS,start
332.00000000,BACKGROUND4,SURVEILLANCE_EUROWINGS,end
351.00000000,BACKGROUND23,BACKGROUND32,start
352.00000000,BACKGROUND23,BACKGROUND32,end
353.00000000,BACKGROUND23,BACKGROUND32,start
355.00000000,BACKGROUND23,BACKGROUND32,end
358.00000000,BACKGROUND27,BACKGROUND4,start
363.00000000,BACKGROUND27,BACKGROUND4,end
369.00000000,BACKGROUND23,BACKGROUND9,start
373.00000000,BACKGROUND23,BACKGROUND9,end
465.00000000,BACKGROUND23,BACKGROUND44,start
470.00000000,BACKGROUND23,BACKGROUND44,end
527.00000000,BACKGROUND36,BACKGROUND49,start
532.00000000,BACKGROUND36,BACKGROUND49,end
559.00000000,BACKGROUND36,BACKGROUND55,start
565.00000000,BACKGROUND36,BACKGROUND55,end
567.00000000,BACKGROUND46,BACKGROUND60,start
572.00000000,BACKGROUND46,BACKGROUND60,end
583.00000000,SURVEILLANCEOP3,SURVEILLANCE_HELICOPTER,start
585.00000000,SURVEILLANCEOP3,SURVEILLANCE_HELICOPTER,end
603.00000000,SURVEILLANCEOP4,SURVEILLANCEOP5,start
607.00000000,SURVEILLANCEOP4,SURVEILLANCEOP5,end
649.00000000,BACKGROUND23,BACKGROUND80,start
652.00000000,BACKGROUND23,BACKGROUND80,end
654.00000000,BACKGROUND57,BACKGROUND80,start
659.00000000,BACKGROUND36,BACKGROUND57,start
659.00000000,BACKGROUND57,BACKGROUND80,end
664.00000000,BACKGROUND36,BACKGROUND57,end
668.00000000,BACKGROUND23,BACKGROUND57,start
670.00000000,BACKGROUND23,BACKGROUND57,end
671.00000000,BACKGROUND23,BACKGROUND57,start
673.00000000,BACKGROUND23,BACKGROUND57,end
677.00000000,BACKGROUND44,BACKGROUND65,start
681.00000000,BACKGROUND44,BACKGROUND65,end
682.00000000,BACKGROUND27,BACKGROUND34,start
682.00000000,BACKGROUND23,BACKGROUND57,start
684.00000000,BACKGROUND27,BACKGROUND34,end
687.00000000,BACKGROUND23,BACKGROUND57,end
689.00000000,BACKGROUND27,BACKGROUND34,start
693.00000000,BACKGROUND27,BACKGROUND34,end
766.00000000,BACKGROUND57,BACKGROUND76,start
771.00000000,BACKGROUND57,BACKGROUND76,end
806.00000000,BACKGROUND54,BACKGROUND58,start
808.00000000,BACKGROUND54,BACKGROUND58,end
809.00000000,BACKGROUND73,BACKGROUND76,start
810.00000000,BACKGROUND73,BACKGROUND76,end
841.00000000,BACKGROUND27,BACKGROUND58,start
842.00000000,BACKGROUND27,BACKGROUND58,end
847.00000000,BACKGROUND27,BACKGROUND58,start
849.00000000,BACKGROUND23,BACKGROUND73,start
850.00000000,BACKGROUND23,BACKGROUND73,end
852.00000000,BACKGROUND27,BACKGROUND58,end
944.00000000,BACKGROUND76,BACKGROUND99,start
947.00000000,BACKGROUND76,BACKGROUND99,end
951.00000000,BACKGROUND109,BACKGROUND60,start
954.00000000,BACKGROUND109,BACKGROUND60,end
970.00000000,BACKGROUND90,BACKGROUND94,start
970.00000000,BACKGROUND59,BACKGROUND83,start
975.00000000,BACKGROUND90,BACKGROUND94,end
975.00000000,BACKGROUND59,BACKGROUND83,end
980.00000000,BACKGROUND34,BACKGROUND78,start
981.00000000,BACKGROUND34,BACKGROUND78,end
1024.00000000,BACKGROUND114,BACKGROUND90,start
1028.00000000,BACKGROUND114,BACKGROUND90,end
1038.00000000,BACKGROUND47,BACKGROUND88,start
1040.00000000,BACKGROUND47,BACKGROUND88,end
1053.00000000,BACKGROUND114,BACKGROUND93,start
1054.00000000,BACKGROUND114,BACKGROUND93,end
1075.00000000,BACKGROUND47,BACKGROUND69,start
1076.00000000,BACKGROUND47,BACKGROUND69,end
1082.00000000,BACKGROUND47,BACKGROUND69,start
1086.00000000,BACKGROUND47,BACKGROUND69,end
1198.00000000,BACKGROUND123,BACKGROUND59,start
1199.00000000,BACKGROUND123,BACKGROUND59,end
1318.00000000,BACKGROUND119,BACKGROUND144,start
1323.00000000,BACKGROUND119,BACKGROUND144,end
1388.00000000,BACKGROUND119,BACKGROUND145,start
1394.00000000,BACKGROUND119,BACKGROUND145,end
1396.00000000,BACKGROUND121,BACKGROUND149,start
1397.00000000,BACKGROUND121,BACKGROUND149,end
1403.00000000,BACKGROUND141,BACKGROUND98,start
1407.00000000,BACKGROUND141,BACKGROUND98,end
1440.00000000,BACKGROUND133,BACKGROUND40,start
1445.00000000,BACKGROUND133,BACKGROUND40,end
1526.00000000,BACKGROUND132,BACKGROUND136,start
1531.00000000,BACKGROUND132,BACKGROUND136,end
1614.00000000,BACKGROUND121,BACKGROUND143,start
1615.00000000,BACKGROUND121,BACKGROUND143,end
1658.00000000,BACKGROUND162,BACKGROUND188,start
1664.00000000,BACKGROUND162,BACKGROUND188,end
1668.00000000,BACKGROUND143,BACKGROUND144,start
1672.00000000,BACKGROUND143,BACKGROUND144,end
1731.00000000,BACKGROUND162,BACKGROUND199,start
1735.00000000,BACKGROUND162,BACKGROUND199,end
1739.00000000,BACKGROUND126,BACKGROUND137,start
1740.00000000,BACKGROUND126,BACKGROUND137,end
1745.00000000,BACKGROUND152,BACKGROUND165,start
1746.00000000,BACKGROUND126,BACKGROUND137,start
1750.00000000,BACKGROUND152,BACKGROUND165,end
1750.00000000,BACKGROUND126,BACKGROUND137,end
1769.00000000,BACKGROUND137,BACKGROUND87,start
1774.00000000,BACKGROUND137,BACKGROUND87,end
1783.00000000,BACKGROUND138,BACKGROUND140,start
1784.00000000,BACKGROUND138,BACKGROUND140,end
