# CLOSEST POINT OF APPROACH LOG
# Shortest distance between 2 UAS during their conflict
# 
# Simulation Time [s], UAS1, UAS2, Distance [m]
# simt
703.00000000,BACKGROUND20,BACKGROUND23,0.00056633
732.00000000,BACKGROUND16,BACKGROUND22,7.56234168
1237.00000000,BACKGROUND51,BACKGROUND57,0.11202206
1392.00000000,BACKGROUND56,DELIVERY4,0.21031872
1501.00000000,DELIVERY11,DELIVERY9,0.00000000
1501.00000000,DELIVERY12,DELIVERY7,0.00412694
1502.00000000,DELIVERY11,DELIVERY9,0.00000000
1502.00000000,DELIVERY12,DELIVERY7,0.73393149
1503.00000000,DELIVERY11,DELIVERY9,0.00000000
1504.00000000,DELIVERY11,DELIVERY9,0.00000000
1505.00000000,DELIVERY11,DELIVERY9,0.00000000
1506.00000000,DELIVERY11,DELIVERY9,0.00000000
1507.00000000,DELIVERY11,DELIVERY9,0.00000000
1508.00000000,DELIVERY11,DELIVERY9,0.00000000
1509.00000000,DELIVERY11,DELIVERY9,0.00000000
1510.00000000,DELIVERY11,DELIVERY9,0.00000000
1511.00000000,DELIVERY11,DELIVERY9,0.00000000
1512.00000000,DELIVERY11,DELIVERY9,0.00000000
1513.00000000,DELIVERY11,DELIVERY9,0.00000000
1514.00000000,DELIVERY11,DELIVERY9,0.00000000
1515.00000000,DELIVERY11,DELIVERY9,0.00000000
1516.00000000,DELIVERY11,DELIVERY9,0.00000000
1517.00000000,DELIVERY11,DELIVERY9,0.00000000
1518.00000000,DELIVERY11,DELIVERY9,0.00000000
1519.00000000,DELIVERY11,DELIVERY9,0.00000000
1520.00000000,DELIVERY11,DELIVERY9,0.00000000
1521.00000000,DELIVERY11,DELIVERY9,0.00000000
1522.00000000,DELIVERY11,DELIVERY9,0.00000000
1523.00000000,DELIVERY11,DELIVERY9,0.00000000
1524.00000000,DELIVERY11,DELIVERY9,0.00000000
1525.00000000,DELIVERY11,DELIVERY9,0.00000000
1526.00000000,DELIVERY11,DELIVERY9,0.00000000
1527.00000000,DELIVERY11,DELIVERY9,0.00000000
1528.00000000,DELIVERY11,DELIVERY9,0.00000000
1529.00000000,DELIVERY11,DELIVERY9,0.00000000
1530.00000000,DELIVERY11,DELIVERY9,0.00000000
1531.00000000,DELIVERY11,DELIVERY9,0.00000000
1532.00000000,DELIVERY11,DELIVERY9,0.00000000
1533.00000000,DELIVERY11,DELIVERY9,0.00000000
1534.00000000,DELIVERY11,DELIVERY9,0.00000000
1535.00000000,DELIVERY11,DELIVERY9,0.00000000
1536.00000000,DELIVERY11,DELIVERY9,0.00000000
1537.00000000,DELIVERY11,DELIVERY9,0.00000000
1538.00000000,DELIVERY11,DELIVERY9,0.00000000
1539.00000000,DELIVERY11,DELIVERY9,0.00000000
1542.00000000,DELIVERY11,DELIVERY9,0.00000000
1543.00000000,DELIVERY11,DELIVERY9,0.00000000
1544.00000000,DELIVERY11,DELIVERY9,0.00000000
1545.00000000,DELIVERY11,DELIVERY9,0.00000000
1547.00000000,DELIVERY11,DELIVERY9,0.00000000
1548.00000000,DELIVERY11,DELIVERY9,0.00000000
1549.00000000,DELIVERY11,DELIVERY9,0.00000000
1550.00000000,DELIVERY11,DELIVERY9,0.00000000
1551.00000000,DELIVERY11,DELIVERY9,0.00000000
1552.00000000,DELIVERY11,DELIVERY9,0.00000000
1553.00000000,DELIVERY11,DELIVERY9,0.00000000
1554.00000000,DELIVERY11,DELIVERY9,0.00000000
1555.00000000,DELIVERY11,DELIVERY9,0.00000000
1556.00000000,DELIVERY11,DELIVERY9,0.00000000
1557.00000000,DELIVERY11,DELIVERY9,0.00000000
1558.00000000,DELIVERY11,DELIVERY9,0.00000000
1559.00000000,DELIVERY11,DELIVERY9,0.00000000
1560.00000000,DELIVERY11,DELIVERY9,0.00000000
1561.00000000,DELIVERY11,DELIVERY9,0.00000000
1562.00000000,DELIVERY11,DELIVERY9,0.00000000
1563.00000000,DELIVERY11,DELIVERY9,0.00000000
1564.00000000,DELIVERY11,DELIVERY9,0.00000000
1565.00000000,DELIVERY11,DELIVERY9,0.00000000
1566.00000000,DELIVERY11,DELIVERY9,0.00000000
1567.00000000,DELIVERY11,DELIVERY9,0.00000000
1568.00000000,DELIVERY11,DELIVERY9,0.00000000
1569.00000000,DELIVERY11,DELIVERY9,0.00000000
1570.00000000,DELIVERY11,DELIVERY9,0.00000000
1571.00000000,DELIVERY11,DELIVERY9,0.00000000
1572.00000000,DELIVERY11,DELIVERY9,0.00000000
1573.00000000,DELIVERY11,DELIVERY9,0.00000000
1574.00000000,DELIVERY11,DELIVERY9,0.00000000
1575.00000000,DELIVERY11,DELIVERY9,0.00000000
1576.00000000,DELIVERY11,DELIVERY9,0.00000000
1577.00000000,DELIVERY11,DELIVERY9,0.00000000
1578.00000000,DELIVERY11,DELIVERY9,0.00000000
1579.00000000,DELIVERY11,DELIVERY9,0.00000000
1580.00000000,DELIVERY11,DELIVERY9,0.00000000
1582.00000000,DELIVERY11,DELIVERY9,0.44813786
1583.00000000,DELIVERY11,DELIVERY9,0.44813786
1584.00000000,DELIVERY11,DELIVERY9,0.44813786
1585.00000000,DELIVERY11,DELIVERY9,0.44813786
1586.00000000,DELIVERY11,DELIVERY9,0.44813786
1588.00000000,DELIVERY11,DELIVERY9,0.29700505
1635.00000000,DELIVERY12,DELIVERY6,0.00333992
1715.00000000,DELIVERY11,DELIVERY9,0.83146714
1833.00000000,DELIVERY11,DELIVERY12,0.51173534
1854.00000000,DELIVERY11,DELIVERY8,11.32113207
1940.00000000,BACKGROUND71,BACKGROUND74,0.63771259
2020.00000000,BACKGROUND68,DELIVERY10,0.00014460
2037.00000000,BACKGROUND74,BACKGROUND79,0.00182831
2039.00000000,BACKGROUND68,DELIVERY10,0.00066637
2101.00000000,DELIVERY14,DELIVERY18,0.00000000
2102.00000000,DELIVERY14,DELIVERY18,0.00000000
2103.00000000,DELIVERY14,DELIVERY18,0.00000000
2104.00000000,DELIVERY14,DELIVERY18,0.00000000
2105.00000000,DELIVERY14,DELIVERY18,0.00000000
2106.00000000,DELIVERY14,DELIVERY18,0.00000000
2107.00000000,DELIVERY14,DELIVERY18,0.00000000
2108.00000000,DELIVERY14,DELIVERY18,0.00000000
2109.00000000,DELIVERY14,DELIVERY18,0.00000000
2110.00000000,DELIVERY14,DELIVERY18,0.00000000
2111.00000000,DELIVERY14,DELIVERY18,0.00000000
2112.00000000,DELIVERY14,DELIVERY18,0.00000000
2113.00000000,DELIVERY14,DELIVERY18,0.00000000
2114.00000000,DELIVERY14,DELIVERY18,0.00000000
2115.00000000,DELIVERY14,DELIVERY18,0.00000000
2116.00000000,DELIVERY14,DELIVERY18,0.00000000
2117.00000000,DELIVERY14,DELIVERY18,0.00000000
2118.00000000,DELIVERY14,DELIVERY18,0.00000000
2119.00000000,DELIVERY14,DELIVERY18,0.00000000
2120.00000000,DELIVERY14,DELIVERY18,0.00000000
2121.00000000,DELIVERY14,DELIVERY18,0.00000000
2122.00000000,DELIVERY14,DELIVERY18,0.00000000
2123.00000000,DELIVERY14,DELIVERY18,0.00000000
2124.00000000,DELIVERY14,DELIVERY18,0.00000000
2125.00000000,DELIVERY14,DELIVERY18,0.00000000
2126.00000000,DELIVERY14,DELIVERY18,0.00000000
2127.00000000,DELIVERY14,DELIVERY18,0.00000000
2128.00000000,DELIVERY14,DELIVERY18,0.00000000
2129.00000000,DELIVERY14,DELIVERY18,0.00000000
2130.00000000,DELIVERY14,DELIVERY18,0.00000000
2131.00000000,DELIVERY14,DELIVERY18,0.00000000
2132.00000000,DELIVERY14,DELIVERY18,0.00000000
2133.00000000,DELIVERY14,DELIVERY18,0.00000000
2134.00000000,DELIVERY14,DELIVERY18,0.00000000
2135.00000000,DELIVERY14,DELIVERY18,0.00000000
2136.00000000,DELIVERY14,DELIVERY18,0.00000000
2137.00000000,DELIVERY14,DELIVERY18,0.00000000
2138.00000000,DELIVERY14,DELIVERY18,0.00000000
2139.00000000,DELIVERY14,DELIVERY18,0.00000000
2140.00000000,DELIVERY14,DELIVERY18,0.00000000
2141.00000000,DELIVERY14,DELIVERY18,0.00000000
2142.00000000,DELIVERY14,DELIVERY18,0.00000000
2143.00000000,DELIVERY14,DELIVERY18,0.00000000
2144.00000000,DELIVERY14,DELIVERY18,0.00000000
2145.00000000,DELIVERY14,DELIVERY18,0.00000000
2146.00000000,DELIVERY14,DELIVERY18,0.00000000
2147.00000000,DELIVERY14,DELIVERY18,0.00000000
2148.00000000,DELIVERY14,DELIVERY18,0.00000000
2149.00000000,DELIVERY14,DELIVERY18,0.00000000
2150.00000000,DELIVERY14,DELIVERY18,0.00000000
2151.00000000,DELIVERY14,DELIVERY18,0.00000000
2152.00000000,DELIVERY14,DELIVERY18,0.00000000
2153.00000000,DELIVERY14,DELIVERY18,0.00000000
2154.00000000,DELIVERY14,DELIVERY18,0.00000000
2155.00000000,DELIVERY14,DELIVERY18,0.00000000
2156.00000000,DELIVERY14,DELIVERY18,0.00000000
2157.00000000,DELIVERY14,DELIVERY18,0.00000000
2158.00000000,DELIVERY14,DELIVERY18,0.00000000
2159.00000000,DELIVERY14,DELIVERY18,0.00000000
2160.00000000,DELIVERY14,DELIVERY18,0.00000000
2161.00000000,DELIVERY14,DELIVERY18,0.00000000
2162.00000000,DELIVERY14,DELIVERY18,0.00000000
2163.00000000,DELIVERY14,DELIVERY18,0.00000000
2164.00000000,DELIVERY14,DELIVERY18,0.00000000
2165.00000000,DELIVERY14,DELIVERY18,0.00000000
2166.00000000,DELIVERY14,DELIVERY18,0.00000000
2167.00000000,DELIVERY14,DELIVERY18,0.00000000
2168.00000000,DELIVERY14,DELIVERY18,0.00000000
2169.00000000,DELIVERY14,DELIVERY18,0.00000000
2170.00000000,DELIVERY14,DELIVERY18,0.00000000
2171.00000000,DELIVERY14,DELIVERY18,0.00000000
2172.00000000,DELIVERY14,DELIVERY18,0.00000000
2173.00000000,DELIVERY14,DELIVERY18,0.00000000
2174.00000000,DELIVERY14,DELIVERY18,0.00000000
2175.00000000,DELIVERY14,DELIVERY18,0.00000000
2176.00000000,DELIVERY14,DELIVERY18,0.00000000
2177.00000000,DELIVERY14,DELIVERY18,0.00000000
2178.00000000,DELIVERY14,DELIVERY18,0.00000000
2179.00000000,DELIVERY14,DELIVERY18,0.00000000
2180.00000000,DELIVERY14,DELIVERY18,0.00000000
2181.00000000,DELIVERY14,DELIVERY18,0.00000000
2182.00000000,DELIVERY14,DELIVERY18,0.00000000
2183.00000000,DELIVERY14,DELIVERY18,0.00000000
2184.00000000,DELIVERY14,DELIVERY18,0.00000000
2185.00000000,DELIVERY14,DELIVERY18,0.00000000
2187.00000000,DELIVERY10,DELIVERY13,0.28936513
2194.00000000,DELIVERY14,DELIVERY18,0.00000000
2195.00000000,DELIVERY14,DELIVERY18,0.00000000
2196.00000000,DELIVERY14,DELIVERY18,0.00000000
2197.00000000,DELIVERY14,DELIVERY18,0.00000000
2198.00000000,DELIVERY14,DELIVERY18,0.00000000
2199.00000000,DELIVERY14,DELIVERY18,0.00000000
2200.00000000,DELIVERY14,DELIVERY18,0.00000000
2201.00000000,DELIVERY14,DELIVERY18,0.00000000
2202.00000000,DELIVERY14,DELIVERY18,0.00000000
2203.00000000,DELIVERY14,DELIVERY18,0.00000000
2204.00000000,DELIVERY14,DELIVERY18,0.00000000
2205.00000000,DELIVERY14,DELIVERY18,0.00000000
2206.00000000,DELIVERY14,DELIVERY18,0.00000000
2207.00000000,DELIVERY14,DELIVERY18,0.00000000
2208.00000000,DELIVERY14,DELIVERY18,0.00000000
2209.00000000,DELIVERY14,DELIVERY18,0.00000000
2210.00000000,DELIVERY14,DELIVERY18,0.00000000
2211.00000000,DELIVERY14,DELIVERY18,0.00000000
2212.00000000,DELIVERY14,DELIVERY18,0.00000000
2213.00000000,DELIVERY14,DELIVERY18,0.00000000
2214.00000000,DELIVERY14,DELIVERY18,0.00000000
2215.00000000,DELIVERY14,DELIVERY18,0.00000000
2216.00000000,DELIVERY14,DELIVERY18,0.00000000
2217.00000000,DELIVERY14,DELIVERY18,0.00000000
2218.00000000,DELIVERY14,DELIVERY18,0.00000000
2218.00000000,DELIVERY10,DELIVERY15,0.17032572
2219.00000000,DELIVERY14,DELIVERY18,0.00000000
2220.00000000,DELIVERY14,DELIVERY18,0.00000000
2221.00000000,DELIVERY14,DELIVERY18,0.00000000
2222.00000000,DELIVERY14,DELIVERY18,0.00000000
2223.00000000,DELIVERY14,DELIVERY18,0.00000000
2224.00000000,DELIVERY14,DELIVERY18,0.00000000
2225.00000000,DELIVERY14,DELIVERY18,0.00000000
2226.00000000,DELIVERY14,DELIVERY18,0.00000000
2226.00000000,DELIVERY13,DELIVERY15,1.23359709
2227.00000000,DELIVERY14,DELIVERY18,0.00000000
2228.00000000,DELIVERY14,DELIVERY18,0.00000000
2229.00000000,DELIVERY14,DELIVERY18,0.00000000
2230.00000000,DELIVERY14,DELIVERY18,0.00000000
2231.00000000,DELIVERY14,DELIVERY18,0.00000000
2232.00000000,DELIVERY14,DELIVERY18,0.00000000
2233.00000000,DELIVERY14,DELIVERY18,0.00000000
2234.00000000,DELIVERY14,DELIVERY18,0.00000000
2235.00000000,DELIVERY14,DELIVERY18,0.00000000
2236.00000000,DELIVERY14,DELIVERY18,0.00000000
2237.00000000,DELIVERY14,DELIVERY18,0.00000000
2238.00000000,DELIVERY14,DELIVERY18,0.00000000
2239.00000000,DELIVERY14,DELIVERY18,0.00000000
2240.00000000,DELIVERY14,DELIVERY18,0.00000000
2241.00000000,DELIVERY14,DELIVERY18,0.00000000
2242.00000000,DELIVERY14,DELIVERY18,0.00000000
2243.00000000,DELIVERY14,DELIVERY18,0.00000000
2244.00000000,DELIVERY14,DELIVERY18,0.00000000
2245.00000000,DELIVERY14,DELIVERY18,0.00000000
2246.00000000,DELIVERY14,DELIVERY18,0.00000000
2247.00000000,DELIVERY14,DELIVERY18,0.00000000
2248.00000000,DELIVERY14,DELIVERY18,0.00122827
2249.00000000,DELIVERY14,DELIVERY18,0.01951588
2266.00000000,BACKGROUND100,BACKGROUND76,0.16079176
2345.00000000,BACKGROUND96,DELIVERY14,3.22510174
2371.00000000,BACKGROUND101,BACKGROUND114,0.00247637
2568.00000000,BACKGROUND101,BACKGROUND126,0.00161801
2569.00000000,DELIVERY14,DELIVERY18,0.51455295
2718.00000000,DELIVERY18,DELIVERY20,1.17655232
2846.00000000,DELIVERY20,DELIVERY23,0.54204184
2886.00000000,DELIVERY19,DELIVERY20,0.98877338
2921.00000000,DELIVERY19,DELIVERY23,0.49399762
2969.00000000,BACKGROUND135,BACKGROUND145,0.00046877
3301.00000000,DELIVERY22,DELIVERY26,0.00000000
3302.00000000,DELIVERY22,DELIVERY26,0.00000000
3303.00000000,DELIVERY22,DELIVERY26,0.00000000
3304.00000000,DELIVERY22,DELIVERY26,0.00000000
3305.00000000,DELIVERY22,DELIVERY26,0.00000000
3306.00000000,DELIVERY22,DELIVERY26,0.00000000
3307.00000000,DELIVERY22,DELIVERY26,0.00000000
3308.00000000,DELIVERY22,DELIVERY26,0.00000000
3309.00000000,DELIVERY22,DELIVERY26,0.00000000
3310.00000000,DELIVERY22,DELIVERY26,0.00000000
3311.00000000,DELIVERY22,DELIVERY26,0.00000000
3312.00000000,DELIVERY22,DELIVERY26,0.00000000
3313.00000000,DELIVERY22,DELIVERY26,0.00000000
3314.00000000,DELIVERY22,DELIVERY26,0.00000000
3315.00000000,DELIVERY22,DELIVERY26,0.00000000
3316.00000000,DELIVERY22,DELIVERY26,0.00000000
3317.00000000,DELIVERY22,DELIVERY26,0.00000000
3318.00000000,DELIVERY22,DELIVERY26,0.00000000
3319.00000000,DELIVERY22,DELIVERY26,0.00000000
3320.00000000,DELIVERY22,DELIVERY26,0.00000000
3320.00000000,BACKGROUND138,BACKGROUND167,1.31714724
3321.00000000,DELIVERY22,DELIVERY26,0.00000000
3322.00000000,DELIVERY22,DELIVERY26,0.00000000
3323.00000000,DELIVERY22,DELIVERY26,0.00000000
3324.00000000,DELIVERY22,DELIVERY26,0.00000000
3325.00000000,DELIVERY22,DELIVERY26,0.00000000
3326.00000000,DELIVERY22,DELIVERY26,0.00000000
3327.00000000,DELIVERY22,DELIVERY26,0.00000000
3328.00000000,DELIVERY22,DELIVERY26,0.00000000
3329.00000000,DELIVERY22,DELIVERY26,0.00000000
3330.00000000,DELIVERY22,DELIVERY26,0.00000000
3331.00000000,DELIVERY22,DELIVERY26,0.00000000
3332.00000000,DELIVERY22,DELIVERY26,0.00000000
3333.00000000,DELIVERY22,DELIVERY26,0.00000000
3334.00000000,DELIVERY22,DELIVERY26,0.00000000
3335.00000000,DELIVERY22,DELIVERY26,0.00000000
3336.00000000,DELIVERY22,DELIVERY26,0.00000000
3337.00000000,DELIVERY22,DELIVERY26,0.00000000
3338.00000000,DELIVERY22,DELIVERY26,0.00000000
3339.00000000,DELIVERY22,DELIVERY26,0.00000000
3340.00000000,DELIVERY22,DELIVERY26,0.00000000
3341.00000000,DELIVERY22,DELIVERY26,0.00000000
3342.00000000,DELIVERY22,DELIVERY26,0.00000000
3343.00000000,DELIVERY22,DELIVERY26,0.00000000
3344.00000000,DELIVERY22,DELIVERY26,0.00000000
3345.00000000,DELIVERY22,DELIVERY26,0.00000000
3346.00000000,DELIVERY22,DELIVERY26,0.00000000
3347.00000000,DELIVERY22,DELIVERY26,0.00000000
3348.00000000,DELIVERY22,DELIVERY26,0.00000000
3349.00000000,DELIVERY22,DELIVERY26,0.00000000
3350.00000000,DELIVERY22,DELIVERY26,0.00000000
3351.00000000,DELIVERY22,DELIVERY26,0.00000000
3352.00000000,DELIVERY22,DELIVERY26,0.00000000
3353.00000000,DELIVERY22,DELIVERY26,0.00000000
3354.00000000,DELIVERY22,DELIVERY26,0.00000000
3355.00000000,DELIVERY22,DELIVERY26,0.00000000
3356.00000000,DELIVERY22,DELIVERY26,0.00000000
3357.00000000,DELIVERY22,DELIVERY26,0.00000000
3358.00000000,DELIVERY22,DELIVERY26,0.00000000
3359.00000000,DELIVERY22,DELIVERY26,0.00000000
3360.00000000,DELIVERY22,DELIVERY26,0.00000000
3361.00000000,DELIVERY22,DELIVERY26,0.00000000
3362.00000000,DELIVERY22,DELIVERY26,0.00000000
3363.00000000,DELIVERY22,DELIVERY26,0.00000000
3364.00000000,DELIVERY22,DELIVERY26,0.00000000
3365.00000000,DELIVERY22,DELIVERY26,0.00000000
3366.00000000,DELIVERY22,DELIVERY26,0.00000000
3367.00000000,DELIVERY22,DELIVERY26,0.00000000
3368.00000000,DELIVERY22,DELIVERY26,0.00000000
3369.00000000,DELIVERY22,DELIVERY26,0.00000000
3370.00000000,DELIVERY22,DELIVERY26,0.00000000
3371.00000000,DELIVERY22,DELIVERY26,0.00000000
3372.00000000,DELIVERY22,DELIVERY26,0.00000000
3373.00000000,DELIVERY22,DELIVERY26,0.00000000
3374.00000000,DELIVERY22,DELIVERY26,0.00000000
3375.00000000,DELIVERY22,DELIVERY26,0.00000000
3376.00000000,DELIVERY22,DELIVERY26,0.00000000
3377.00000000,DELIVERY22,DELIVERY26,0.00000000
3378.00000000,DELIVERY22,DELIVERY26,0.00000000
3379.00000000,DELIVERY22,DELIVERY26,0.00000000
3380.00000000,DELIVERY22,DELIVERY26,0.00000000
3381.00000000,DELIVERY22,DELIVERY26,0.00000000
3382.00000000,DELIVERY22,DELIVERY26,0.00000000
3383.00000000,DELIVERY22,DELIVERY26,0.00000000
3384.00000000,DELIVERY22,DELIVERY26,0.00000000
3385.00000000,DELIVERY22,DELIVERY26,0.00000000
3386.00000000,DELIVERY22,DELIVERY26,0.00000000
3387.00000000,DELIVERY22,DELIVERY26,0.00000000
3388.00000000,DELIVERY22,DELIVERY26,0.00000000
3389.00000000,DELIVERY22,DELIVERY26,0.00000000
3390.00000000,DELIVERY22,DELIVERY26,0.00000000
3391.00000000,DELIVERY22,DELIVERY26,0.00000000
3392.00000000,DELIVERY22,DELIVERY26,0.00000000
3393.00000000,DELIVERY22,DELIVERY26,0.00000000
3394.00000000,DELIVERY22,DELIVERY26,0.00000000
3395.00000000,DELIVERY22,DELIVERY26,0.00000000
3396.00000000,DELIVERY22,DELIVERY26,0.00000000
3397.00000000,DELIVERY22,DELIVERY26,0.00000000
3398.00000000,DELIVERY22,DELIVERY26,0.00000000
3399.00000000,DELIVERY22,DELIVERY26,0.00000000
3400.00000000,DELIVERY22,DELIVERY26,0.00000000
3401.00000000,DELIVERY22,DELIVERY26,0.00000000
3402.00000000,DELIVERY22,DELIVERY26,0.00000000
3403.00000000,DELIVERY22,DELIVERY26,0.00000000
3404.00000000,DELIVERY22,DELIVERY26,0.00000000
3405.00000000,DELIVERY22,DELIVERY26,0.00000000
3406.00000000,DELIVERY22,DELIVERY26,0.00000000
3407.00000000,DELIVERY22,DELIVERY26,0.00000000
3408.00000000,DELIVERY22,DELIVERY26,0.00000000
3409.00000000,DELIVERY22,DELIVERY26,0.00000000
3410.00000000,DELIVERY22,DELIVERY26,0.00000000
3411.00000000,DELIVERY22,DELIVERY26,0.00000000
3412.00000000,DELIVERY22,DELIVERY26,0.00000000
3413.00000000,DELIVERY22,DELIVERY26,0.00000000
3414.00000000,DELIVERY22,DELIVERY26,0.00000000
3415.00000000,DELIVERY22,DELIVERY26,0.00000000
3416.00000000,DELIVERY22,DELIVERY26,0.00000000
3417.00000000,DELIVERY22,DELIVERY26,0.00000000
3418.00000000,DELIVERY22,DELIVERY26,0.00000000
3419.00000000,DELIVERY22,DELIVERY26,0.00000000
3428.00000000,DELIVERY22,DELIVERY26,0.00000000
3429.00000000,DELIVERY22,DELIVERY26,0.00000000
3430.00000000,DELIVERY22,DELIVERY26,0.00000000
3431.00000000,DELIVERY22,DELIVERY26,0.00000000
3432.00000000,DELIVERY22,DELIVERY26,0.00000000
3433.00000000,DELIVERY22,DELIVERY26,0.00000000
3434.00000000,DELIVERY22,DELIVERY26,0.00000000
3435.00000000,DELIVERY22,DELIVERY26,0.00000000
3436.00000000,DELIVERY22,DELIVERY26,0.00000000
3437.00000000,DELIVERY22,DELIVERY26,0.00000000
3438.00000000,DELIVERY22,DELIVERY26,0.00000000
3439.00000000,DELIVERY22,DELIVERY26,0.00000000
3440.00000000,DELIVERY22,DELIVERY26,0.00000000
3441.00000000,DELIVERY22,DELIVERY26,0.00000000
3442.00000000,DELIVERY22,DELIVERY26,0.00000000
3443.00000000,DELIVERY22,DELIVERY26,0.00000000
3444.00000000,DELIVERY22,DELIVERY26,0.00000000
3445.00000000,DELIVERY22,DELIVERY26,0.00000000
3446.00000000,DELIVERY22,DELIVERY26,0.00000000
3447.00000000,DELIVERY22,DELIVERY26,0.00000000
3448.00000000,DELIVERY22,DELIVERY26,0.00000000
3449.00000000,DELIVERY22,DELIVERY26,0.00000000
3450.00000000,DELIVERY22,DELIVERY26,0.00000000
3451.00000000,DELIVERY22,DELIVERY26,0.00000000
3452.00000000,DELIVERY22,DELIVERY26,0.00000000
3453.00000000,DELIVERY22,DELIVERY26,0.00000000
3454.00000000,DELIVERY22,DELIVERY26,0.00000000
3455.00000000,DELIVERY22,DELIVERY26,0.00000000
3456.00000000,DELIVERY22,DELIVERY26,0.00000000
3457.00000000,DELIVERY22,DELIVERY26,0.00000000
3458.00000000,DELIVERY22,DELIVERY26,0.00000000
3459.00000000,DELIVERY22,DELIVERY26,0.00000000
3460.00000000,DELIVERY22,DELIVERY26,0.00000000
3461.00000000,DELIVERY22,DELIVERY26,0.00000000
3462.00000000,DELIVERY22,DELIVERY26,0.00000000
3463.00000000,DELIVERY22,DELIVERY26,0.00000000
3464.00000000,DELIVERY22,DELIVERY26,0.00000000
3465.00000000,DELIVERY22,DELIVERY26,0.00000000
3466.00000000,DELIVERY22,DELIVERY26,0.00000000
3467.00000000,DELIVERY22,DELIVERY26,0.00000000
3468.00000000,DELIVERY22,DELIVERY26,0.00000000
3469.00000000,DELIVERY22,DELIVERY26,0.00000000
3470.00000000,DELIVERY22,DELIVERY26,0.00000000
3471.00000000,DELIVERY22,DELIVERY26,0.00000000
3472.00000000,DELIVERY22,DELIVERY26,0.00000000
3473.00000000,DELIVERY22,DELIVERY26,0.00000000
3474.00000000,DELIVERY22,DELIVERY26,0.00000000
3475.00000000,DELIVERY22,DELIVERY26,0.00000000
3476.00000000,DELIVERY22,DELIVERY26,0.00000000
3477.00000000,DELIVERY22,DELIVERY26,0.00000000
3478.00000000,DELIVERY22,DELIVERY26,0.00000000
3479.00000000,DELIVERY22,DELIVERY26,0.00000000
3480.00000000,DELIVERY22,DELIVERY26,0.00000000
3481.00000000,DELIVERY22,DELIVERY26,0.00000000
3482.00000000,DELIVERY22,DELIVERY26,0.00000000
3483.00000000,DELIVERY22,DELIVERY26,0.00000000
3484.00000000,DELIVERY22,DELIVERY26,0.00000000
3485.00000000,DELIVERY22,DELIVERY26,0.00000000
3486.00000000,DELIVERY22,DELIVERY26,0.00000000
3487.00000000,DELIVERY22,DELIVERY26,0.00000000
3488.00000000,DELIVERY22,DELIVERY26,0.00000000
3489.00000000,DELIVERY22,DELIVERY26,0.00000000
3490.00000000,DELIVERY22,DELIVERY26,0.00000000
3491.00000000,DELIVERY22,DELIVERY26,0.00000000
3492.00000000,DELIVERY22,DELIVERY26,0.00000000
3493.00000000,DELIVERY22,DELIVERY26,0.00000000
3494.00000000,DELIVERY22,DELIVERY26,0.00000000
3495.00000000,DELIVERY22,DELIVERY26,0.00000000
3496.00000000,DELIVERY22,DELIVERY26,0.00000000
3497.00000000,DELIVERY22,DELIVERY26,0.00000000
3498.00000000,DELIVERY22,DELIVERY26,0.00000000
3499.00000000,DELIVERY22,DELIVERY26,0.00000000
3500.00000000,DELIVERY22,DELIVERY26,0.00000000
3501.00000000,DELIVERY22,DELIVERY26,0.00000000
3502.00000000,DELIVERY22,DELIVERY26,0.00000000
3503.00000000,DELIVERY22,DELIVERY26,0.00000000
3504.00000000,DELIVERY22,DELIVERY26,0.00000000
3505.00000000,DELIVERY22,DELIVERY26,0.00000000
3506.00000000,DELIVERY22,DELIVERY26,0.00000000
3507.00000000,DELIVERY22,DELIVERY26,0.00000000
3508.00000000,DELIVERY22,DELIVERY26,0.00000000
3509.00000000,DELIVERY22,DELIVERY26,0.00000000
3510.00000000,DELIVERY22,DELIVERY26,0.00000000
3511.00000000,DELIVERY22,DELIVERY26,0.00000000
3512.00000000,DELIVERY22,DELIVERY26,0.00000000
3513.00000000,DELIVERY22,DELIVERY26,0.00000000
3514.00000000,DELIVERY22,DELIVERY26,0.00000000
3515.00000000,DELIVERY22,DELIVERY26,0.00000000
3516.00000000,DELIVERY22,DELIVERY26,0.00000000
3517.00000000,DELIVERY22,DELIVERY26,0.00000000
3518.00000000,DELIVERY22,DELIVERY26,0.00000000
3519.00000000,DELIVERY22,DELIVERY26,0.00000000
3520.00000000,DELIVERY22,DELIVERY26,0.00000000
3521.00000000,DELIVERY22,DELIVERY26,0.00000000
3522.00000000,DELIVERY22,DELIVERY26,0.00000000
3523.00000000,DELIVERY22,DELIVERY26,0.00000000
3524.00000000,DELIVERY22,DELIVERY26,0.00000000
3525.00000000,DELIVERY22,DELIVERY26,0.00000000
3526.00000000,DELIVERY22,DELIVERY26,0.00000000
3527.00000000,DELIVERY22,DELIVERY26,0.00000000
3528.00000000,DELIVERY22,DELIVERY26,0.00000000
3529.00000000,DELIVERY22,DELIVERY26,0.00000000
3530.00000000,DELIVERY22,DELIVERY26,0.00000000
3531.00000000,DELIVERY22,DELIVERY26,0.00000000
3532.00000000,DELIVERY22,DELIVERY26,0.00000000
3533.00000000,DELIVERY22,DELIVERY26,0.00000000
3534.00000000,DELIVERY22,DELIVERY26,0.00000000
3535.00000000,DELIVERY22,DELIVERY26,0.00000000
3536.00000000,DELIVERY22,DELIVERY26,0.00000000
3537.00000000,DELIVERY22,DELIVERY26,0.00000000
3538.00000000,DELIVERY22,DELIVERY26,0.00000000
3539.00000000,DELIVERY22,DELIVERY26,0.00000000
3540.00000000,DELIVERY22,DELIVERY26,0.00000000
3541.00000000,DELIVERY22,DELIVERY26,0.00000000
3542.00000000,DELIVERY22,DELIVERY26,0.00000000
3543.00000000,DELIVERY22,DELIVERY26,0.00000000
3544.00000000,DELIVERY22,DELIVERY26,0.00000000
3545.00000000,DELIVERY22,DELIVERY26,0.00000000
3546.00000000,DELIVERY22,DELIVERY26,0.00000000
3547.00000000,DELIVERY22,DELIVERY26,0.00000000
3548.00000000,DELIVERY22,DELIVERY26,0.00000000
3549.00000000,DELIVERY22,DELIVERY26,0.00000000
3549.00000000,BACKGROUND139,DELIVERY22,0.01063392
3549.00000000,BACKGROUND139,DELIVERY26,0.01063392
3550.00000000,DELIVERY22,DELIVERY26,0.00000000
3551.00000000,DELIVERY22,DELIVERY26,0.00000000
3552.00000000,DELIVERY22,DELIVERY26,0.00000000
3553.00000000,DELIVERY22,DELIVERY26,0.00000000
3554.00000000,DELIVERY22,DELIVERY26,0.00000000
3555.00000000,DELIVERY22,DELIVERY26,0.00000000
3556.00000000,DELIVERY22,DELIVERY26,0.00000000
3557.00000000,DELIVERY22,DELIVERY26,0.00000000
3558.00000000,DELIVERY22,DELIVERY26,0.00000000
3559.00000000,DELIVERY22,DELIVERY26,0.00000000
3560.00000000,DELIVERY22,DELIVERY26,0.00000000
3561.00000000,DELIVERY22,DELIVERY26,0.00000000
3562.00000000,DELIVERY22,DELIVERY26,0.00000000
3563.00000000,DELIVERY22,DELIVERY26,0.00000000
3564.00000000,DELIVERY22,DELIVERY26,0.00000000
3565.00000000,DELIVERY22,DELIVERY26,0.00000000
3566.00000000,DELIVERY22,DELIVERY26,0.00000000
3567.00000000,DELIVERY22,DELIVERY26,0.00000000
3568.00000000,DELIVERY22,DELIVERY26,0.00000000
3569.00000000,DELIVERY22,DELIVERY26,0.00000000
3570.00000000,DELIVERY22,DELIVERY26,0.00000000
3571.00000000,DELIVERY22,DELIVERY26,0.00000000
3572.00000000,DELIVERY22,DELIVERY26,0.00000000
3573.00000000,DELIVERY22,DELIVERY26,0.00000000
3574.00000000,DELIVERY22,DELIVERY26,0.00000000
3575.00000000,DELIVERY22,DELIVERY26,0.00000000
3576.00000000,DELIVERY22,DELIVERY26,0.00000000
3577.00000000,DELIVERY22,DELIVERY26,0.00000000
3578.00000000,DELIVERY22,DELIVERY26,0.00000000
3579.00000000,DELIVERY22,DELIVERY26,0.00000000
3580.00000000,DELIVERY22,DELIVERY26,0.00000000
3581.00000000,DELIVERY22,DELIVERY26,0.00000000
3582.00000000,DELIVERY22,DELIVERY26,0.00000000
3583.00000000,DELIVERY22,DELIVERY26,0.00000000
3584.00000000,DELIVERY22,DELIVERY26,0.00000000
3585.00000000,DELIVERY22,DELIVERY26,0.00000000
3586.00000000,DELIVERY22,DELIVERY26,0.00000000
3587.00000000,DELIVERY22,DELIVERY26,0.00000016
3601.00000000,BACKGROUND140,BACKGROUND181,0.00211734
3601.00000000,DELIVERY28,DELIVERY32,0.00000000
