# FLIGHT LOG
# Takeoff, landing, and distance flown of each UAS.
# 
# Simulation Time [s], UAS, Takeoff/Landing, Distance [m]
# simt
1.05000000,DELIVERY1,takeoff,0
16.05000000,BACKGROUND1,takeoff,0
31.05000000,BACKGROUND2,takeoff,0
106.05000000,BACKGROUND4,takeoff,0
121.05000000,BACKGROUND5,takeoff,0
136.05000000,BACKGROUND3,takeoff,0
166.05000000,BACKGROUND8,takeoff,0
181.05000000,BACKGROUND9,takeoff,0
211.05000000,BACKGROUND11,takeoff,0
226.05000000,BACKGROUND12,takeoff,0
241.05000000,BACKGROUND13,takeoff,0
259.35000000,BACKGROUND1,landing,2451.59168140
300.05000000,BACKGROUND6,takeoff,0
300.05000000,BACKGROUND7,takeoff,0
300.05000000,BACKGROUND10,takeoff,0
300.05000000,BACKGROUND14,takeoff,0
300.25000000,BACKGROUND3,landing,2915.26065772
300.25000000,BACKGROUND3,takeoff,0
301.10000000,BACKGROUND2,landing,3343.90452189
301.10000000,BACKGROUND2,takeoff,0
301.40000000,BACKGROUND13,landing,1010.93269763
301.40000000,BACKGROUND13,takeoff,0
301.75000000,BACKGROUND11,landing,975.97381393
301.75000000,BACKGROUND11,takeoff,0
302.35000000,BACKGROUND8,landing,799.44641540
302.35000000,BACKGROUND8,takeoff,0
304.55000000,DELIVERY1,landing,3677.68107332
304.55000000,DELIVERY1,takeoff,0
306.70000000,BACKGROUND4,landing,2576.55412080
306.70000000,BACKGROUND4,takeoff,0
310.95000000,BACKGROUND9,landing,2822.46024195
326.35000000,BACKGROUND5,landing,1085.95620155
326.35000000,BACKGROUND5,takeoff,0
331.05000000,BACKGROUND17,takeoff,0
346.05000000,BACKGROUND15,takeoff,0
353.65000000,BACKGROUND12,landing,1383.42018856
376.05000000,BACKGROUND20,takeoff,0
379.15000000,BACKGROUND13,landing,1216.62681422
416.25000000,BACKGROUND3,landing,990.85337882
421.05000000,BACKGROUND23,takeoff,0
430.45000000,DELIVERY1,landing,795.02771326
430.60000000,BACKGROUND14,landing,1959.69845252
433.45000000,DELIVERY1,takeoff,0
459.40000000,BACKGROUND11,landing,1123.41730285
466.05000000,BACKGROUND18,takeoff,0
496.05000000,BACKGROUND24,takeoff,0
496.05000000,BACKGROUND28,takeoff,0
499.85000000,BACKGROUND10,landing,2163.02955056
511.05000000,BACKGROUND29,takeoff,0
526.05000000,BACKGROUND30,takeoff,0
541.05000000,BACKGROUND31,takeoff,0
553.85000000,BACKGROUND17,landing,2790.99045566
556.20000000,BACKGROUND8,landing,4400.93452930
586.05000000,BACKGROUND26,takeoff,0
586.10000000,BACKGROUND15,landing,2886.72869691
591.15000000,BACKGROUND2,landing,2025.29662853
600.05000000,BACKGROUND16,takeoff,0
600.05000000,BACKGROUND22,takeoff,0
600.05000000,BACKGROUND25,takeoff,0
600.05000000,DELIVERY2,takeoff,0
600.05000000,DELIVERY3,takeoff,0
600.10000000,BACKGROUND7,landing,2447.99356565
600.10000000,BACKGROUND7,takeoff,0
601.05000000,BACKGROUND32,takeoff,0
603.25000000,BACKGROUND30,landing,696.58592543
603.25000000,BACKGROUND30,takeoff,0
603.55000000,BACKGROUND28,landing,431.91934502
603.55000000,BACKGROUND28,takeoff,0
603.55000000,BACKGROUND31,landing,187.15027195
603.55000000,BACKGROUND31,takeoff,0
603.60000000,BACKGROUND6,landing,1824.05793129
603.60000000,BACKGROUND6,takeoff,0
604.05000000,BACKGROUND24,landing,1321.06669054
604.05000000,BACKGROUND24,takeoff,0
604.50000000,DELIVERY1,landing,2260.79322926
604.50000000,DELIVERY1,takeoff,0
605.70000000,BACKGROUND18,landing,1264.81606042
605.70000000,BACKGROUND18,takeoff,0
606.50000000,BACKGROUND26,landing,123.13145656
606.50000000,BACKGROUND26,takeoff,0
608.75000000,BACKGROUND5,landing,1533.67725695
608.75000000,BACKGROUND5,takeoff,0
609.55000000,BACKGROUND29,landing,1055.39781468
609.55000000,BACKGROUND29,takeoff,0
611.25000000,BACKGROUND23,landing,2611.63043932
611.25000000,BACKGROUND23,takeoff,0
618.90000000,BACKGROUND20,landing,1855.78809552
618.90000000,BACKGROUND20,takeoff,0
631.05000000,BACKGROUND33,takeoff,0
645.40000000,BACKGROUND4,landing,2123.74130459
645.40000000,BACKGROUND4,takeoff,0
646.05000000,BACKGROUND34,takeoff,0
661.05000000,BACKGROUND35,takeoff,0
706.05000000,BACKGROUND38,takeoff,0
736.05000000,BACKGROUND36,takeoff,0
771.25000000,BACKGROUND20,landing,900.69408202
777.55000000,BACKGROUND29,landing,2300.13141624
781.05000000,BACKGROUND39,takeoff,0
798.55000000,BACKGROUND4,landing,295.92624440
818.90000000,DELIVERY1,landing,2198.76939136
823.85000000,BACKGROUND24,landing,2204.90901073
832.20000000,BACKGROUND16,landing,3256.96350033
844.90000000,DELIVERY2,landing,2142.34798637
847.90000000,DELIVERY2,takeoff,0
856.05000000,BACKGROUND41,takeoff,0
871.05000000,BACKGROUND42,takeoff,0
871.05000000,BACKGROUND45,takeoff,0
874.35000000,BACKGROUND36,landing,1616.10070942
881.95000000,BACKGROUND32,landing,2739.35806657
884.45000000,DELIVERY3,landing,2650.77810408
887.45000000,DELIVERY3,takeoff,0
900.05000000,BACKGROUND19,takeoff,0
900.05000000,BACKGROUND21,takeoff,0
900.05000000,BACKGROUND37,takeoff,0
900.05000000,BACKGROUND40,takeoff,0
900.05000000,BACKGROUND46,takeoff,0
900.05000000,DELIVERY4,takeoff,0
900.05000000,DELIVERY5,takeoff,0
900.65000000,BACKGROUND41,landing,731.37250797
900.65000000,BACKGROUND41,takeoff,0
901.05000000,BACKGROUND47,takeoff,0
901.55000000,BACKGROUND35,landing,3103.32483308
901.55000000,BACKGROUND35,takeoff,0
902.00000000,BACKGROUND45,landing,287.63938736
902.00000000,BACKGROUND45,takeoff,0
902.50000000,BACKGROUND5,landing,1587.71260098
902.50000000,BACKGROUND5,takeoff,0
904.75000000,BACKGROUND30,landing,2849.16690761
904.90000000,BACKGROUND22,landing,3385.27782531
904.90000000,BACKGROUND22,takeoff,0
905.90000000,BACKGROUND33,landing,2491.94810677
905.90000000,BACKGROUND33,takeoff,0
906.85000000,BACKGROUND42,landing,195.92247551
906.85000000,BACKGROUND42,takeoff,0
910.10000000,BACKGROUND18,landing,2890.56928269
910.10000000,BACKGROUND18,takeoff,0
910.35000000,BACKGROUND6,landing,1089.54472615
911.95000000,BACKGROUND31,landing,1933.67697626
911.95000000,BACKGROUND31,takeoff,0
912.45000000,BACKGROUND34,landing,2215.96548443
912.45000000,BACKGROUND34,takeoff,0
916.25000000,BACKGROUND28,landing,2259.08446653
916.25000000,BACKGROUND28,takeoff,0
920.20000000,BACKGROUND39,landing,349.68082410
920.20000000,BACKGROUND39,takeoff,0
924.80000000,BACKGROUND26,landing,3064.06366332
925.25000000,BACKGROUND23,landing,3346.00678231
925.25000000,BACKGROUND23,takeoff,0
934.00000000,BACKGROUND38,landing,3052.82253882
948.20000000,BACKGROUND7,landing,1325.41383375
951.40000000,DELIVERY2,landing,135.80857949
951.40000000,DELIVERY2,takeoff,0
961.05000000,BACKGROUND43,takeoff,0
967.50000000,DELIVERY3,landing,288.00875793
967.50000000,DELIVERY3,takeoff,0
975.80000000,BACKGROUND5,landing,283.07327776
975.85000000,BACKGROUND18,landing,836.50856080
981.50000000,BACKGROUND33,landing,1226.11564209
1008.60000000,BACKGROUND25,landing,3042.68821085
1021.05000000,BACKGROUND23,landing,789.77977100
1034.40000000,BACKGROUND22,landing,1768.79824810
1051.05000000,BACKGROUND52,takeoff,0
1066.05000000,BACKGROUND53,takeoff,0
1070.45000000,BACKGROUND35,landing,1442.74197531
1080.05000000,DELIVERY6,takeoff,0
1081.05000000,BACKGROUND48,takeoff,0
1096.05000000,BACKGROUND44,takeoff,0
1125.15000000,DELIVERY5,landing,1926.40542623
1126.05000000,BACKGROUND56,takeoff,0
1128.15000000,DELIVERY5,takeoff,0
1130.35000000,BACKGROUND41,landing,1846.22593931
1137.55000000,DELIVERY2,landing,1544.59951010
1141.05000000,BACKGROUND57,takeoff,0
1156.05000000,BACKGROUND55,takeoff,0
1181.30000000,BACKGROUND19,landing,3438.95423242
1192.70000000,BACKGROUND28,landing,2228.16341368
1196.55000000,BACKGROUND42,landing,4697.57549439
1200.05000000,BACKGROUND27,takeoff,0
1200.05000000,BACKGROUND50,takeoff,0
1200.05000000,BACKGROUND51,takeoff,0
1200.05000000,BACKGROUND54,takeoff,0
1200.05000000,BACKGROUND58,takeoff,0
1201.00000000,BACKGROUND52,landing,2362.52664953
1201.00000000,BACKGROUND52,takeoff,0
1201.80000000,DELIVERY5,landing,902.85001153
1201.80000000,DELIVERY5,takeoff,0
1201.90000000,DELIVERY4,landing,4338.82692351
1201.90000000,DELIVERY4,takeoff,0
1202.60000000,DELIVERY3,landing,2117.79092613
1202.60000000,DELIVERY3,takeoff,0
1202.65000000,BACKGROUND40,landing,3913.80884926
1202.65000000,BACKGROUND40,takeoff,0
1203.60000000,BACKGROUND47,landing,2358.53692900
1203.60000000,BACKGROUND47,takeoff,0
1206.50000000,BACKGROUND37,landing,2939.26178431
1206.50000000,BACKGROUND37,takeoff,0
1206.55000000,BACKGROUND39,landing,3469.39347149
1206.55000000,BACKGROUND39,takeoff,0
1207.80000000,BACKGROUND46,landing,3395.13884887
1207.80000000,BACKGROUND46,takeoff,0
1209.35000000,BACKGROUND57,landing,1449.54537799
1209.35000000,BACKGROUND57,takeoff,0
1209.50000000,DELIVERY6,landing,1397.85912996
1209.50000000,DELIVERY6,takeoff,0
1209.90000000,BACKGROUND44,landing,421.06523079
1209.90000000,BACKGROUND44,takeoff,0
1210.20000000,BACKGROUND48,landing,1517.74766184
1210.45000000,BACKGROUND55,landing,710.29625105
1210.45000000,BACKGROUND55,takeoff,0
1214.45000000,BACKGROUND56,landing,406.96412996
1214.45000000,BACKGROUND56,takeoff,0
1218.65000000,BACKGROUND53,landing,1201.86853080
1218.65000000,BACKGROUND53,takeoff,0
1220.60000000,BACKGROUND45,landing,3162.71365540
1220.60000000,BACKGROUND45,takeoff,0
1222.45000000,BACKGROUND31,landing,2865.06673115
1222.45000000,BACKGROUND31,takeoff,0
1223.35000000,BACKGROUND34,landing,3238.38819677
1231.05000000,BACKGROUND61,takeoff,0
1261.05000000,BACKGROUND59,takeoff,0
1261.40000000,DELIVERY3,landing,957.10839110
1268.15000000,BACKGROUND45,landing,623.49272037
1296.40000000,BACKGROUND31,landing,761.53629474
1307.15000000,BACKGROUND21,landing,4100.27734919
1327.55000000,DELIVERY4,landing,795.04586333
1330.55000000,DELIVERY4,takeoff,0
1347.90000000,BACKGROUND39,landing,512.30343122
1351.05000000,BACKGROUND66,takeoff,0
1361.75000000,BACKGROUND53,landing,2456.97137639
1364.55000000,BACKGROUND52,landing,1304.83733847
1366.05000000,BACKGROUND62,takeoff,0
1366.05000000,BACKGROUND64,takeoff,0
1372.25000000,BACKGROUND47,landing,1907.54091506
1389.95000000,DELIVERY5,landing,902.08825697
1390.05000000,BACKGROUND57,landing,2488.81533927
1392.95000000,DELIVERY5,takeoff,0
1396.05000000,BACKGROUND60,takeoff,0
1399.45000000,DELIVERY5,landing,0.33494870
1404.75000000,DELIVERY6,landing,1256.59589390
1407.75000000,DELIVERY6,takeoff,0
1426.05000000,BACKGROUND67,takeoff,0
1430.85000000,BACKGROUND40,landing,3389.03894466
1441.05000000,BACKGROUND65,takeoff,0
1454.85000000,BACKGROUND27,landing,2007.07037375
1456.05000000,BACKGROUND69,takeoff,0
1467.30000000,BACKGROUND62,landing,1448.42320215
1467.40000000,BACKGROUND59,landing,3705.68660238
1471.05000000,BACKGROUND70,takeoff,0
1472.20000000,BACKGROUND46,landing,3493.92138073
1478.40000000,BACKGROUND44,landing,2026.99654612
1482.85000000,BACKGROUND54,landing,3531.11284057
1486.05000000,BACKGROUND71,takeoff,0
1500.05000000,DELIVERY7,takeoff,0
1500.05000000,DELIVERY8,takeoff,0
1500.05000000,DELIVERY9,takeoff,0
1500.05000000,BACKGROUND63,takeoff,0
1500.05000000,DELIVERY11,takeoff,0
1500.05000000,DELIVERY12,takeoff,0
1500.15000000,BACKGROUND69,landing,819.38745486
1500.15000000,BACKGROUND69,takeoff,0
1501.05000000,BACKGROUND72,takeoff,0
1501.55000000,DELIVERY4,landing,2260.57061591
1501.55000000,DELIVERY4,takeoff,0
1502.35000000,BACKGROUND65,landing,952.69260072
1502.35000000,BACKGROUND65,takeoff,0
1503.20000000,BACKGROUND61,landing,4013.38846986
1503.20000000,BACKGROUND61,takeoff,0
1503.50000000,BACKGROUND58,landing,3662.18264243
1503.50000000,BACKGROUND58,takeoff,0
1503.75000000,BACKGROUND51,landing,1621.45371626
1503.75000000,BACKGROUND51,takeoff,0
1505.90000000,BACKGROUND66,landing,1320.15045354
1505.90000000,BACKGROUND66,takeoff,0
1506.25000000,DELIVERY6,landing,548.08416738
1506.25000000,DELIVERY6,takeoff,0
1508.75000000,BACKGROUND56,landing,3191.81774359
1508.75000000,BACKGROUND56,takeoff,0
1511.40000000,BACKGROUND60,landing,402.45725722
1511.40000000,BACKGROUND60,takeoff,0
1515.30000000,BACKGROUND65,landing,189.95777160
1516.05000000,BACKGROUND73,takeoff,0
1517.15000000,BACKGROUND70,landing,117.33077086
1517.15000000,BACKGROUND70,takeoff,0
1526.25000000,BACKGROUND37,landing,1138.28147068
1530.75000000,BACKGROUND71,landing,100.12784335
1530.75000000,BACKGROUND71,takeoff,0
1543.20000000,BACKGROUND67,landing,649.64698273
1543.20000000,BACKGROUND67,takeoff,0
1552.40000000,BACKGROUND64,landing,304.06771633
1552.40000000,BACKGROUND64,takeoff,0
1561.05000000,BACKGROUND75,takeoff,0
1564.30000000,BACKGROUND55,landing,3332.40072683
1566.45000000,BACKGROUND73,landing,1259.06826063
1591.05000000,BACKGROUND76,takeoff,0
1594.85000000,BACKGROUND50,landing,3252.09146986
1606.05000000,BACKGROUND77,takeoff,0
1621.05000000,BACKGROUND78,takeoff,0
1636.05000000,BACKGROUND79,takeoff,0
1650.35000000,BACKGROUND58,landing,2089.81172835
1651.05000000,BACKGROUND80,takeoff,0
1666.05000000,BACKGROUND81,takeoff,0
1676.30000000,BACKGROUND66,landing,1775.16956353
1683.15000000,BACKGROUND67,landing,2094.39162659
1684.95000000,BACKGROUND51,landing,2044.03566882
1696.05000000,BACKGROUND83,takeoff,0
1709.55000000,DELIVERY9,landing,1686.34726203
1712.55000000,DELIVERY9,takeoff,0
1715.85000000,DELIVERY4,landing,2198.54531815
1730.25000000,BACKGROUND72,landing,2759.15670073
1739.20000000,BACKGROUND61,landing,2340.09921349
1741.05000000,BACKGROUND82,takeoff,0
1744.90000000,DELIVERY11,landing,2142.34798637
1747.90000000,DELIVERY11,takeoff,0
1756.05000000,BACKGROUND84,takeoff,0
1761.05000000,BACKGROUND69,landing,2937.52552787
1766.50000000,DELIVERY6,landing,2437.85500383
1769.50000000,DELIVERY6,takeoff,0
1771.05000000,BACKGROUND85,takeoff,0
1776.00000000,DELIVERY6,landing,0.33494870
1786.05000000,BACKGROUND86,takeoff,0
1800.05000000,BACKGROUND68,takeoff,0
1800.05000000,DELIVERY10,takeoff,0
1800.05000000,BACKGROUND74,takeoff,0
1800.05000000,DELIVERY13,takeoff,0
1801.05000000,BACKGROUND87,takeoff,0
1801.15000000,BACKGROUND85,landing,519.84397420
1801.15000000,BACKGROUND85,takeoff,0
1802.65000000,BACKGROUND80,landing,1582.66005055
1802.65000000,BACKGROUND80,takeoff,0
1802.85000000,BACKGROUND84,landing,671.24647316
1802.85000000,BACKGROUND84,takeoff,0
1804.35000000,BACKGROUND60,landing,3725.45281170
1804.35000000,BACKGROUND60,takeoff,0
1804.80000000,BACKGROUND83,landing,1725.76957022
1804.80000000,BACKGROUND83,takeoff,0
1805.40000000,BACKGROUND82,landing,685.10940308
1805.40000000,BACKGROUND82,takeoff,0
1808.45000000,BACKGROUND76,landing,1400.35729039
1808.45000000,BACKGROUND76,takeoff,0
1808.80000000,DELIVERY8,landing,3830.91151433
1808.80000000,DELIVERY8,takeoff,0
1809.60000000,BACKGROUND75,landing,3915.05230210
1809.60000000,BACKGROUND75,takeoff,0
1810.70000000,DELIVERY9,landing,883.40266500
1810.70000000,DELIVERY9,takeoff,0
1811.75000000,BACKGROUND79,landing,1160.48547995
1811.75000000,BACKGROUND79,takeoff,0
1812.65000000,BACKGROUND63,landing,1400.23731696
1812.65000000,BACKGROUND63,takeoff,0
1812.85000000,BACKGROUND70,landing,3191.99797244
1812.85000000,BACKGROUND70,takeoff,0
1815.60000000,BACKGROUND77,landing,2473.05442424
1815.60000000,BACKGROUND77,takeoff,0
1817.80000000,BACKGROUND86,landing,242.79092632
1817.80000000,BACKGROUND86,takeoff,0
1822.30000000,DELIVERY7,landing,2655.56731884
1825.30000000,DELIVERY7,takeoff,0
1827.65000000,BACKGROUND78,landing,538.45272330
1827.65000000,BACKGROUND78,takeoff,0
1828.40000000,BACKGROUND71,landing,832.59309767
1828.40000000,BACKGROUND71,takeoff,0
1839.15000000,BACKGROUND81,landing,530.98931356
1839.15000000,BACKGROUND81,takeoff,0
1841.00000000,DELIVERY12,landing,3378.35407865
1844.00000000,DELIVERY12,takeoff,0
1851.40000000,DELIVERY11,landing,135.80857949
1851.40000000,DELIVERY11,takeoff,0
1860.05000000,DELIVERY15,takeoff,0
1861.05000000,BACKGROUND90,takeoff,0
1869.25000000,BACKGROUND64,landing,2594.55852091
1876.05000000,BACKGROUND91,takeoff,0
1906.05000000,BACKGROUND89,takeoff,0
1921.05000000,BACKGROUND93,takeoff,0
1936.10000000,DELIVERY8,landing,640.05250854
1939.10000000,DELIVERY8,takeoff,0
1949.80000000,BACKGROUND80,landing,1203.79558192
1951.05000000,BACKGROUND95,takeoff,0
1966.05000000,BACKGROUND92,takeoff,0
1966.05000000,BACKGROUND96,takeoff,0
1975.05000000,BACKGROUND78,landing,2274.09117808
1980.10000000,BACKGROUND60,landing,1437.61631954
1981.05000000,BACKGROUND97,takeoff,0
1994.30000000,BACKGROUND56,landing,1647.78483844
1996.05000000,BACKGROUND98,takeoff,0
2026.05000000,BACKGROUND100,takeoff,0
2041.60000000,BACKGROUND75,landing,2200.96575695
2053.00000000,DELIVERY7,landing,2663.78052680
2073.90000000,BACKGROUND83,landing,2544.07920980
2077.70000000,DELIVERY9,landing,1040.81571227
2080.70000000,DELIVERY9,takeoff,0
2081.40000000,BACKGROUND85,landing,4917.31864115
2086.05000000,BACKGROUND103,takeoff,0
2087.20000000,DELIVERY9,landing,0.33494870
2100.05000000,DELIVERY14,takeoff,0
2100.05000000,BACKGROUND88,takeoff,0
2100.05000000,BACKGROUND94,takeoff,0
2100.05000000,BACKGROUND99,takeoff,0
2100.05000000,BACKGROUND102,takeoff,0
2100.05000000,DELIVERY16,takeoff,0
2100.05000000,DELIVERY17,takeoff,0
2100.05000000,DELIVERY18,takeoff,0
2100.45000000,BACKGROUND97,landing,1382.37085561
2100.45000000,BACKGROUND97,takeoff,0
2101.40000000,BACKGROUND93,landing,2308.08405632
2101.40000000,BACKGROUND93,takeoff,0
2101.90000000,BACKGROUND96,landing,1120.18115889
2101.90000000,BACKGROUND96,takeoff,0
2102.05000000,BACKGROUND95,landing,1733.39164417
2102.05000000,BACKGROUND95,takeoff,0
2102.15000000,BACKGROUND92,landing,1316.85827862
2102.15000000,BACKGROUND92,takeoff,0
2104.25000000,BACKGROUND87,landing,3836.17362113
2105.30000000,DELIVERY8,landing,2014.73780829
2105.30000000,DELIVERY8,takeoff,0
2107.55000000,BACKGROUND63,landing,1247.38321096
2107.55000000,BACKGROUND63,takeoff,0
2108.00000000,BACKGROUND70,landing,2477.80478513
2108.00000000,BACKGROUND70,takeoff,0
2109.80000000,DELIVERY11,landing,1503.43210065
2109.80000000,DELIVERY11,takeoff,0
2110.70000000,BACKGROUND68,landing,3856.18272992
2110.70000000,BACKGROUND68,takeoff,0
2113.95000000,BACKGROUND98,landing,287.98276882
2113.95000000,BACKGROUND98,takeoff,0
2115.95000000,BACKGROUND81,landing,2184.44948362
2115.95000000,BACKGROUND81,takeoff,0
2116.05000000,BACKGROUND105,takeoff,0
2117.45000000,BACKGROUND100,landing,306.82176131
2117.45000000,BACKGROUND100,takeoff,0
2118.65000000,BACKGROUND103,landing,131.44328599
2118.65000000,BACKGROUND103,takeoff,0
2121.00000000,BACKGROUND82,landing,2844.06602447
2121.00000000,BACKGROUND82,takeoff,0
2122.10000000,DELIVERY10,landing,3681.25623108
2122.10000000,DELIVERY10,takeoff,0
2122.45000000,BACKGROUND76,landing,1412.49855344
2122.45000000,BACKGROUND76,takeoff,0
2122.60000000,BACKGROUND79,landing,1475.85666952
2125.15000000,BACKGROUND90,landing,1753.19592095
2125.15000000,BACKGROUND90,takeoff,0
2126.60000000,DELIVERY12,landing,2656.02576891
2141.50000000,DELIVERY11,landing,365.78535030
2146.05000000,BACKGROUND107,takeoff,0
2146.25000000,DELIVERY13,landing,2436.59137724
2149.25000000,DELIVERY13,takeoff,0
2151.80000000,BACKGROUND77,landing,2880.36195453
2161.05000000,BACKGROUND108,takeoff,0
2166.85000000,BACKGROUND74,landing,2799.91849048
2170.60000000,BACKGROUND91,landing,2970.69160694
2182.55000000,BACKGROUND70,landing,786.48231267
2186.25000000,BACKGROUND84,landing,2831.51883530
2188.30000000,BACKGROUND99,landing,1216.37236638
2199.85000000,BACKGROUND89,landing,2771.50222150
2199.85000000,BACKGROUND89,takeoff,0
2205.90000000,BACKGROUND90,landing,396.80814880
2206.05000000,BACKGROUND111,takeoff,0
2208.05000000,BACKGROUND71,landing,3559.56256728
2214.05000000,DELIVERY15,landing,3133.47898385
2217.05000000,DELIVERY15,takeoff,0
2245.85000000,BACKGROUND82,landing,1196.88394980
2247.15000000,BACKGROUND86,landing,1457.86988138
2247.15000000,BACKGROUND86,takeoff,0
2248.15000000,DELIVERY10,landing,795.04759822
2251.05000000,BACKGROUND110,takeoff,0
2251.05000000,BACKGROUND113,takeoff,0
2251.15000000,DELIVERY10,takeoff,0
2266.05000000,BACKGROUND114,takeoff,0
2281.05000000,BACKGROUND101,takeoff,0
2304.40000000,BACKGROUND63,landing,1995.10505141
2311.05000000,BACKGROUND117,takeoff,0
2326.05000000,BACKGROUND118,takeoff,0
2333.20000000,BACKGROUND98,landing,2631.47579070
2338.30000000,BACKGROUND93,landing,2508.27828034
2340.45000000,BACKGROUND95,landing,2858.33980268
2341.05000000,BACKGROUND119,takeoff,0
2344.90000000,DELIVERY16,landing,2142.34798637
2347.90000000,DELIVERY16,takeoff,0
2356.05000000,BACKGROUND120,takeoff,0
2364.70000000,BACKGROUND108,landing,2649.23374836
2371.45000000,BACKGROUND94,landing,3678.97395053
2380.75000000,BACKGROUND89,landing,1531.10296616
2389.65000000,BACKGROUND68,landing,2786.14462226
2400.05000000,BACKGROUND104,takeoff,0
2400.05000000,BACKGROUND106,takeoff,0
2400.05000000,DELIVERY20,takeoff,0
2400.05000000,DELIVERY21,takeoff,0
2400.25000000,DELIVERY18,landing,3023.13827166
2400.25000000,DELIVERY18,takeoff,0
2400.25000000,BACKGROUND101,landing,1540.50599883
2400.25000000,BACKGROUND101,takeoff,0
2400.35000000,BACKGROUND118,landing,825.50624647
2400.35000000,BACKGROUND118,takeoff,0
2401.95000000,BACKGROUND81,landing,1789.42639535
2401.95000000,BACKGROUND81,takeoff,0
2402.40000000,BACKGROUND113,landing,2301.11689086
2402.40000000,BACKGROUND113,takeoff,0
2403.70000000,BACKGROUND119,landing,1144.77582650
2403.70000000,BACKGROUND119,takeoff,0
2405.75000000,BACKGROUND96,landing,1645.97414675
2405.75000000,BACKGROUND96,takeoff,0
2406.10000000,BACKGROUND110,landing,1378.67746079
2406.10000000,BACKGROUND110,takeoff,0
2406.30000000,BACKGROUND76,landing,2224.49004743
2406.30000000,BACKGROUND76,takeoff,0
2406.60000000,DELIVERY10,landing,951.38852007
2406.60000000,DELIVERY10,takeoff,0
2406.85000000,BACKGROUND117,landing,232.44047605
2406.85000000,BACKGROUND117,takeoff,0
2407.05000000,BACKGROUND105,landing,2429.17119839
2407.05000000,BACKGROUND105,takeoff,0
2411.75000000,DELIVERY15,landing,2110.06603018
2411.75000000,DELIVERY15,takeoff,0
2414.75000000,DELIVERY8,landing,3935.38685572
2415.00000000,BACKGROUND114,landing,1819.92175489
2415.00000000,BACKGROUND114,takeoff,0
2417.75000000,DELIVERY8,takeoff,0
2420.00000000,DELIVERY8,landing,5.74706710
2422.30000000,BACKGROUND92,landing,1324.80727061
2425.60000000,BACKGROUND111,landing,2490.26264018
2428.00000000,DELIVERY14,landing,3683.57235627
2428.00000000,DELIVERY14,takeoff,0
2431.05000000,BACKGROUND122,takeoff,0
2431.95000000,BACKGROUND120,landing,524.82591279
2431.95000000,BACKGROUND120,takeoff,0
2433.85000000,BACKGROUND100,landing,3214.19027242
2433.85000000,BACKGROUND100,takeoff,0
2434.20000000,BACKGROUND107,landing,1203.00383171
2436.85000000,BACKGROUND102,landing,3913.35897319
2437.80000000,BACKGROUND86,landing,1546.10968512
2437.80000000,BACKGROUND86,takeoff,0
2450.25000000,BACKGROUND88,landing,3759.07566570
2451.40000000,DELIVERY16,landing,135.80857949
2451.40000000,DELIVERY16,takeoff,0
2454.00000000,BACKGROUND97,landing,2324.23799244
2454.00000000,BACKGROUND97,takeoff,0
2454.05000000,DELIVERY17,landing,3133.47898385
2454.25000000,BACKGROUND103,landing,3166.72519318
2457.05000000,DELIVERY17,takeoff,0
2460.05000000,DELIVERY19,takeoff,0
2460.30000000,DELIVERY13,landing,1677.71616423
2461.05000000,BACKGROUND124,takeoff,0
2491.05000000,BACKGROUND126,takeoff,0
2506.05000000,BACKGROUND123,takeoff,0
2510.80000000,DELIVERY15,landing,829.24331336
2511.15000000,BACKGROUND86,landing,1023.76747812
2513.80000000,DELIVERY15,takeoff,0
2518.95000000,BACKGROUND96,landing,1159.77694769
2520.30000000,DELIVERY15,landing,0.33494870
2542.70000000,BACKGROUND76,landing,944.51640377
2551.05000000,BACKGROUND121,takeoff,0
2554.10000000,DELIVERY14,landing,795.05626105
2557.10000000,DELIVERY14,takeoff,0
2565.45000000,BACKGROUND105,landing,1062.63964648
2573.25000000,BACKGROUND100,landing,2025.54660563
2581.05000000,BACKGROUND130,takeoff,0
2585.80000000,BACKGROUND113,landing,1878.53193611
2596.05000000,BACKGROUND127,takeoff,0
2609.70000000,DELIVERY18,landing,1498.90070849
2612.70000000,DELIVERY18,takeoff,0
2656.05000000,BACKGROUND135,takeoff,0
2657.20000000,DELIVERY16,landing,1660.49931724
2670.45000000,BACKGROUND97,landing,1890.76600758
2671.05000000,BACKGROUND136,takeoff,0
2686.05000000,BACKGROUND133,takeoff,0
2686.05000000,BACKGROUND137,takeoff,0
2700.05000000,BACKGROUND109,takeoff,0
2700.05000000,BACKGROUND112,takeoff,0
2700.05000000,BACKGROUND116,takeoff,0
2700.05000000,BACKGROUND132,takeoff,0
2700.05000000,DELIVERY23,takeoff,0
2700.05000000,DELIVERY24,takeoff,0
2700.60000000,BACKGROUND123,landing,2364.77419577
2700.60000000,BACKGROUND123,takeoff,0
2700.75000000,DELIVERY17,landing,2425.36207626
2700.75000000,DELIVERY17,takeoff,0
2701.60000000,BACKGROUND135,landing,387.74828577
2701.60000000,BACKGROUND135,takeoff,0
2701.95000000,DELIVERY19,landing,2210.45773644
2701.95000000,DELIVERY19,takeoff,0
2702.30000000,BACKGROUND122,landing,3853.69247556
2702.30000000,BACKGROUND122,takeoff,0
2702.35000000,DELIVERY14,landing,797.70103427
2702.35000000,DELIVERY14,takeoff,0
2702.45000000,BACKGROUND117,landing,1572.00123627
2702.45000000,BACKGROUND117,takeoff,0
2703.50000000,BACKGROUND118,landing,3861.89455852
2703.50000000,BACKGROUND118,takeoff,0
2703.80000000,BACKGROUND124,landing,2068.69790647
2703.80000000,BACKGROUND124,takeoff,0
2703.80000000,BACKGROUND136,landing,463.70694649
2703.80000000,BACKGROUND136,takeoff,0
2704.50000000,BACKGROUND127,landing,1554.38402115
2704.50000000,BACKGROUND127,takeoff,0
2704.65000000,BACKGROUND137,landing,150.80112723
2704.65000000,BACKGROUND137,takeoff,0
2704.75000000,BACKGROUND126,landing,2818.73300100
2704.75000000,BACKGROUND126,takeoff,0
2707.25000000,BACKGROUND110,landing,2495.52734109
2707.25000000,BACKGROUND110,takeoff,0
2708.80000000,BACKGROUND106,landing,2543.69800198
2708.80000000,BACKGROUND106,takeoff,0
2710.15000000,BACKGROUND130,landing,504.27746419
2710.15000000,BACKGROUND130,takeoff,0
2711.60000000,BACKGROUND133,landing,97.19704846
2711.60000000,BACKGROUND133,takeoff,0
2715.00000000,BACKGROUND104,landing,4179.17972382
2715.00000000,BACKGROUND104,takeoff,0
2716.05000000,BACKGROUND131,takeoff,0
2716.30000000,DELIVERY18,landing,135.86429748
2716.30000000,DELIVERY18,takeoff,0
2716.40000000,BACKGROUND120,landing,3101.24652798
2716.40000000,BACKGROUND120,takeoff,0
2717.10000000,BACKGROUND114,landing,1969.52646782
2720.60000000,BACKGROUND101,landing,1825.57181889
2720.60000000,BACKGROUND101,takeoff,0
2725.40000000,DELIVERY10,landing,2388.87715596
2725.40000000,DELIVERY10,takeoff,0
2734.10000000,BACKGROUND119,landing,2011.88055805
2734.10000000,BACKGROUND119,takeoff,0
2753.30000000,BACKGROUND81,landing,1804.44298503
2764.85000000,DELIVERY21,landing,3122.88344263
2767.85000000,DELIVERY21,takeoff,0
2769.10000000,DELIVERY17,landing,231.35225569
2772.10000000,DELIVERY17,takeoff,0
2778.60000000,DELIVERY17,landing,0.33494870
2791.05000000,BACKGROUND141,takeoff,0
2800.30000000,DELIVERY20,landing,2020.95115353
2803.30000000,DELIVERY20,takeoff,0
2806.05000000,BACKGROUND142,takeoff,0
2821.05000000,BACKGROUND138,takeoff,0
2836.05000000,BACKGROUND143,takeoff,0
2846.50000000,BACKGROUND118,landing,896.22604206
2866.05000000,BACKGROUND145,takeoff,0
2899.45000000,BACKGROUND119,landing,1179.25269350
2903.05000000,DELIVERY10,landing,1115.41792252
2909.55000000,DELIVERY23,landing,1686.34726203
2910.20000000,BACKGROUND120,landing,2967.28959902
2912.55000000,DELIVERY23,takeoff,0
2914.25000000,BACKGROUND131,landing,2238.01546460
2914.30000000,BACKGROUND106,landing,697.48222537
2923.75000000,BACKGROUND101,landing,2472.51834749
2941.05000000,BACKGROUND134,takeoff,0
2941.05000000,BACKGROUND139,takeoff,0
2945.10000000,BACKGROUND124,landing,2399.34945186
2959.25000000,DELIVERY19,landing,2273.72843345
2962.25000000,DELIVERY19,takeoff,0
2986.05000000,BACKGROUND152,takeoff,0
3000.05000000,BACKGROUND144,takeoff,0
3000.05000000,DELIVERY27,takeoff,0
3000.05000000,DELIVERY25,takeoff,0
3000.15000000,BACKGROUND142,landing,2781.19914119
3000.15000000,BACKGROUND142,takeoff,0
3000.50000000,BACKGROUND145,landing,1206.03993542
3000.50000000,BACKGROUND145,takeoff,0
3000.70000000,BACKGROUND135,landing,3243.06625559
3000.70000000,BACKGROUND135,takeoff,0
3001.05000000,BACKGROUND146,takeoff,0
3001.70000000,BACKGROUND136,landing,1818.69871412
3001.70000000,BACKGROUND136,takeoff,0
3002.40000000,BACKGROUND141,landing,2197.80676776
3002.40000000,BACKGROUND141,takeoff,0
3003.65000000,BACKGROUND152,landing,210.10645562
3003.65000000,BACKGROUND152,takeoff,0
3004.05000000,BACKGROUND109,landing,2419.45300964
3005.30000000,DELIVERY21,landing,2654.89246871
3007.20000000,DELIVERY20,landing,1204.32250999
3007.20000000,DELIVERY20,takeoff,0
3007.60000000,DELIVERY18,landing,2361.53347912
3007.60000000,DELIVERY18,takeoff,0
3008.55000000,BACKGROUND121,landing,3424.29245045
3009.15000000,BACKGROUND117,landing,2016.26056850
3010.25000000,BACKGROUND143,landing,3068.10673587
3010.25000000,BACKGROUND143,takeoff,0
3013.10000000,BACKGROUND127,landing,3204.29919656
3013.10000000,BACKGROUND127,takeoff,0
3016.05000000,BACKGROUND147,takeoff,0
3016.05000000,BACKGROUND154,takeoff,0
3016.15000000,DELIVERY23,landing,135.80526023
3016.15000000,DELIVERY23,takeoff,0
3017.20000000,DELIVERY14,landing,3008.37284324
3017.20000000,DELIVERY14,takeoff,0
3020.30000000,BACKGROUND139,landing,624.60594152
3020.30000000,BACKGROUND139,takeoff,0
3021.70000000,BACKGROUND137,landing,3507.80600291
3021.70000000,BACKGROUND137,takeoff,0
3028.10000000,BACKGROUND110,landing,2349.65252191
3028.10000000,BACKGROUND110,takeoff,0
3028.85000000,BACKGROUND134,landing,571.70536305
3028.85000000,BACKGROUND134,takeoff,0
3030.60000000,BACKGROUND130,landing,2632.35179492
3030.60000000,BACKGROUND130,takeoff,0
3036.50000000,BACKGROUND138,landing,1855.13658628
3036.50000000,BACKGROUND138,takeoff,0
3039.60000000,BACKGROUND123,landing,2606.55484113
3042.25000000,BACKGROUND132,landing,779.38006434
3042.25000000,BACKGROUND132,takeoff,0
3065.95000000,DELIVERY19,landing,135.87367027
3065.95000000,DELIVERY19,takeoff,0
3076.05000000,BACKGROUND158,takeoff,0
3088.00000000,DELIVERY14,landing,658.06605928
3089.30000000,DELIVERY20,landing,473.74170727
3091.05000000,BACKGROUND159,takeoff,0
3091.25000000,BACKGROUND116,landing,2680.22778853
3092.45000000,BACKGROUND137,landing,1073.49710701
3099.25000000,BACKGROUND112,landing,2801.79327509
3099.55000000,DELIVERY24,landing,3123.92375862
3102.55000000,DELIVERY24,takeoff,0
3106.05000000,BACKGROUND156,takeoff,0
3106.05000000,BACKGROUND160,takeoff,0
3110.00000000,BACKGROUND133,landing,3945.47170748
3110.85000000,BACKGROUND104,landing,2955.14022926
3121.05000000,BACKGROUND157,takeoff,0
3126.05000000,BACKGROUND130,landing,1442.42696469
3136.05000000,BACKGROUND162,takeoff,0
3136.85000000,BACKGROUND110,landing,528.50540760
3151.05000000,BACKGROUND163,takeoff,0
3166.05000000,BACKGROUND164,takeoff,0
3170.70000000,BACKGROUND141,landing,810.55900511
3181.05000000,BACKGROUND161,takeoff,0
3204.60000000,BACKGROUND132,landing,1656.75148093
3207.35000000,BACKGROUND134,landing,1499.16099552
3208.40000000,DELIVERY23,landing,1541.89621041
3211.05000000,BACKGROUND148,takeoff,0
3211.05000000,BACKGROUND165,takeoff,0
3218.15000000,BACKGROUND135,landing,1590.46078740
3226.70000000,BACKGROUND154,landing,3016.82654861
3241.05000000,BACKGROUND167,takeoff,0
3251.65000000,DELIVERY27,landing,1929.57559578
3253.30000000,BACKGROUND143,landing,1772.61395637
3254.65000000,DELIVERY27,takeoff,0
3280.60000000,BACKGROUND122,landing,812.53218090
3285.95000000,BACKGROUND145,landing,2434.81749628
3286.05000000,BACKGROUND166,takeoff,0
3300.05000000,BACKGROUND128,takeoff,0
3300.05000000,DELIVERY22,takeoff,0
3300.05000000,BACKGROUND140,takeoff,0
3300.05000000,BACKGROUND151,takeoff,0
3300.05000000,DELIVERY26,takeoff,0
3300.05000000,BACKGROUND153,takeoff,0
3300.05000000,BACKGROUND155,takeoff,0
3300.05000000,DELIVERY30,takeoff,0
3300.05000000,DELIVERY29,takeoff,0
3300.10000000,BACKGROUND148,landing,1264.14915654
3300.10000000,BACKGROUND148,takeoff,0
3300.55000000,BACKGROUND158,landing,3296.78606477
3300.55000000,BACKGROUND158,takeoff,0
3300.75000000,BACKGROUND165,landing,815.34409337
3300.75000000,BACKGROUND165,takeoff,0
3301.30000000,DELIVERY24,landing,2424.30295692
3301.30000000,DELIVERY24,takeoff,0
3301.35000000,BACKGROUND146,landing,3004.49714296
3301.35000000,BACKGROUND146,takeoff,0
3302.50000000,BACKGROUND152,landing,2838.03269041
3302.50000000,BACKGROUND152,takeoff,0
3303.70000000,BACKGROUND164,landing,130.58930570
3303.70000000,BACKGROUND164,takeoff,0
3304.25000000,DELIVERY19,landing,2238.75773260
3304.25000000,DELIVERY19,takeoff,0
3306.30000000,DELIVERY18,landing,2443.26287970
3306.70000000,BACKGROUND163,landing,1194.58814373
3306.70000000,BACKGROUND163,takeoff,0
3308.10000000,BACKGROUND127,landing,1391.68615138
3308.10000000,BACKGROUND127,takeoff,0
3309.35000000,BACKGROUND144,landing,1919.71831539
3309.35000000,BACKGROUND144,takeoff,0
3309.90000000,BACKGROUND157,landing,2560.03375006
3309.90000000,BACKGROUND157,takeoff,0
3310.75000000,BACKGROUND138,landing,1810.91993075
3310.75000000,BACKGROUND138,takeoff,0
3312.15000000,BACKGROUND147,landing,2078.90838919
3313.00000000,BACKGROUND139,landing,1501.09819904
3313.00000000,BACKGROUND139,takeoff,0
3314.50000000,BACKGROUND142,landing,2156.39882974
3314.50000000,BACKGROUND142,takeoff,0
3316.00000000,BACKGROUND167,landing,385.93955726
3316.00000000,BACKGROUND167,takeoff,0
3321.25000000,BACKGROUND160,landing,1767.84417265
3321.25000000,BACKGROUND160,takeoff,0
3322.30000000,DELIVERY25,landing,2655.56731884
3325.30000000,DELIVERY25,takeoff,0
3334.05000000,BACKGROUND166,landing,355.63105065
3334.05000000,BACKGROUND166,takeoff,0
3335.50000000,BACKGROUND126,landing,1074.93846640
3346.55000000,BACKGROUND156,landing,1292.65347430
3346.55000000,BACKGROUND156,takeoff,0
3357.80000000,BACKGROUND159,landing,147.55878177
3357.80000000,BACKGROUND159,takeoff,0
3357.95000000,DELIVERY27,landing,135.85844923
3357.95000000,DELIVERY27,takeoff,0
3376.05000000,BACKGROUND174,takeoff,0
3379.20000000,BACKGROUND158,landing,578.97155063
3386.90000000,DELIVERY24,landing,232.30943969
3389.90000000,DELIVERY24,takeoff,0
3391.05000000,BACKGROUND175,takeoff,0
3391.75000000,BACKGROUND136,landing,2907.71083820
3396.40000000,DELIVERY24,landing,0.33494870
3406.05000000,BACKGROUND169,takeoff,0
3406.05000000,BACKGROUND176,takeoff,0
3421.05000000,BACKGROUND170,takeoff,0
3421.05000000,BACKGROUND177,takeoff,0
3451.05000000,BACKGROUND179,takeoff,0
3466.05000000,BACKGROUND172,takeoff,0
3473.55000000,BACKGROUND152,landing,1717.22055790
3496.05000000,BACKGROUND178,takeoff,0
3496.05000000,BACKGROUND181,takeoff,0
3497.20000000,BACKGROUND162,landing,2688.36726947
3498.55000000,BACKGROUND159,landing,1123.64270703
3503.25000000,BACKGROUND151,landing,2239.49081107
3523.25000000,DELIVERY19,landing,2198.20971622
3525.15000000,DELIVERY29,landing,1926.40542623
3526.05000000,BACKGROUND180,takeoff,0
3526.05000000,BACKGROUND183,takeoff,0
3527.55000000,BACKGROUND157,landing,1680.21597748
3528.15000000,DELIVERY29,takeoff,0
3540.30000000,DELIVERY27,landing,1541.57879061
3541.05000000,BACKGROUND184,takeoff,0
3556.05000000,BACKGROUND168,takeoff,0
3556.05000000,BACKGROUND185,takeoff,0
3571.05000000,BACKGROUND182,takeoff,0
3572.80000000,BACKGROUND148,landing,3594.96199863
3597.00000000,DELIVERY30,landing,3331.64168255
3600.00000000,DELIVERY30,takeoff,0
3600.05000000,BACKGROUND115,takeoff,0
3600.05000000,BACKGROUND150,takeoff,0
3600.05000000,BACKGROUND149,takeoff,0
3600.05000000,DELIVERY28,takeoff,0
3600.05000000,BACKGROUND171,takeoff,0
3600.05000000,BACKGROUND187,takeoff,0
3600.05000000,DELIVERY32,takeoff,0
3600.05000000,DELIVERY33,takeoff,0
3600.05000000,DELIVERY31,takeoff,0
3600.70000000,DELIVERY26,landing,3203.46397529
3600.70000000,DELIVERY26,takeoff,0
3600.80000000,BACKGROUND167,landing,1111.61669426
3600.80000000,BACKGROUND167,takeoff,0
