# FLIGHT LOG
# Takeoff, landing, and distance flown of each UAS.
# 
# Simulation Time [s], UAS, Takeoff/Landing, Distance [m]
# simt
1.05000000,DELIVERY1,takeoff,0
151.05000000,BACKGROUND1,takeoff,0
301.05000000,BACKGROUND2,takeoff,0
304.55000000,DELIVERY1,landing,3677.68107332
304.55000000,DELIVERY1,takeoff,0
366.90000000,BACKGROUND1,landing,134.70753610
366.90000000,BACKGROUND1,takeoff,0
430.45000000,DELIVERY1,landing,795.02771326
433.45000000,DELIVERY1,takeoff,0
451.05000000,BACKGROUND3,takeoff,0
489.25000000,BACKGROUND2,landing,2417.28050327
564.85000000,BACKGROUND1,landing,1574.57985644
600.05000000,DELIVERY2,takeoff,0
600.05000000,DELIVERY3,takeoff,0
604.00000000,BACKGROUND3,landing,1745.51407773
604.00000000,BACKGROUND3,takeoff,0
628.50000000,BACKGROUND3,landing,568.60292721
644.85000000,DELIVERY1,landing,1037.34755587
644.85000000,DELIVERY1,takeoff,0
751.05000000,BACKGROUND4,takeoff,0
839.45000000,DELIVERY3,landing,1699.27183230
842.45000000,DELIVERY3,takeoff,0
884.45000000,DELIVERY2,landing,2650.77810408
887.45000000,DELIVERY2,takeoff,0
900.05000000,DELIVERY4,takeoff,0
900.05000000,DELIVERY6,takeoff,0
901.05000000,BACKGROUND5,takeoff,0
903.20000000,DELIVERY3,landing,798.64359744
903.20000000,DELIVERY3,takeoff,0
905.35000000,DELIVERY2,landing,268.21303897
905.35000000,DELIVERY2,takeoff,0
906.20000000,DELIVERY1,landing,2301.98301338
906.20000000,DELIVERY1,takeoff,0
906.65000000,BACKGROUND4,landing,1798.23490970
906.65000000,BACKGROUND4,takeoff,0
1014.80000000,BACKGROUND4,landing,912.32941250
1076.65000000,DELIVERY1,landing,1114.81347717
1109.55000000,DELIVERY6,landing,1686.34726203
1112.55000000,DELIVERY6,takeoff,0
1170.25000000,DELIVERY2,landing,2387.80862310
1184.45000000,DELIVERY4,landing,2650.77810408
1187.45000000,DELIVERY4,takeoff,0
1200.05000000,DELIVERY5,takeoff,0
1200.05000000,DELIVERY9,takeoff,0
1200.05000000,DELIVERY7,takeoff,0
1200.05000000,DELIVERY8,takeoff,0
1205.35000000,DELIVERY4,landing,268.21303897
1205.35000000,DELIVERY4,takeoff,0
1209.00000000,DELIVERY6,landing,1204.18508657
1209.00000000,DELIVERY6,takeoff,0
1212.20000000,BACKGROUND5,landing,3441.07853259
1212.20000000,BACKGROUND5,takeoff,0
1214.25000000,DELIVERY3,landing,1737.12193398
1291.10000000,DELIVERY6,landing,473.57144741
1411.05000000,BACKGROUND7,takeoff,0
1470.25000000,DELIVERY4,landing,2387.80862310
1484.45000000,DELIVERY8,landing,2650.77810408
1487.45000000,DELIVERY8,takeoff,0
1500.05000000,BACKGROUND6,takeoff,0
1508.80000000,DELIVERY5,landing,3830.91151433
1508.80000000,DELIVERY5,takeoff,0
1525.55000000,BACKGROUND7,landing,1032.31833988
1525.55000000,BACKGROUND7,takeoff,0
1533.25000000,BACKGROUND5,landing,1761.32818369
1535.60000000,DELIVERY7,landing,4330.79419260
1535.60000000,DELIVERY7,takeoff,0
1544.50000000,DELIVERY9,landing,1812.69083569
1547.50000000,DELIVERY9,takeoff,0
1547.60000000,DELIVERY8,landing,287.40186572
1547.60000000,DELIVERY8,takeoff,0
1636.10000000,DELIVERY5,landing,640.05250854
1639.10000000,DELIVERY5,takeoff,0
1705.40000000,DELIVERY7,landing,709.30469993
1708.40000000,DELIVERY7,takeoff,0
1740.40000000,DELIVERY8,landing,2648.00407174
1800.05000000,DELIVERY10,takeoff,0
1800.05000000,DELIVERY11,takeoff,0
1800.05000000,DELIVERY12,takeoff,0
1801.85000000,BACKGROUND7,landing,2826.96116149
1804.85000000,DELIVERY7,landing,1122.20665474
1804.85000000,DELIVERY7,takeoff,0
1807.30000000,BACKGROUND6,landing,3434.72070649
1807.30000000,BACKGROUND6,takeoff,0
1850.50000000,DELIVERY5,landing,1037.33461993
1850.50000000,DELIVERY5,takeoff,0
1856.95000000,DELIVERY9,landing,1677.68882680
1861.05000000,BACKGROUND8,takeoff,0
1931.00000000,BACKGROUND6,landing,1163.29917130
2009.55000000,DELIVERY11,landing,1686.34726203
2012.55000000,DELIVERY11,takeoff,0
2093.85000000,DELIVERY7,landing,3336.08523196
2098.40000000,DELIVERY10,landing,2775.75144809
2100.05000000,DELIVERY13,takeoff,0
2100.05000000,DELIVERY14,takeoff,0
2101.40000000,DELIVERY10,takeoff,0
2102.50000000,DELIVERY5,landing,3010.45135440
2102.50000000,DELIVERY5,takeoff,0
2103.65000000,BACKGROUND8,landing,2046.26703972
2103.65000000,BACKGROUND8,takeoff,0
2105.90000000,DELIVERY11,landing,784.27432393
2105.90000000,DELIVERY11,takeoff,0
2108.35000000,DELIVERY12,landing,4099.21667913
2108.35000000,DELIVERY12,takeoff,0
2161.05000000,BACKGROUND9,takeoff,0
2183.25000000,DELIVERY5,landing,406.84129194
2183.25000000,DELIVERY12,landing,484.64009569
2186.25000000,DELIVERY12,takeoff,0
2268.45000000,DELIVERY11,landing,1390.70540977
2271.45000000,DELIVERY11,takeoff,0
2277.95000000,DELIVERY11,landing,0.33494870
2398.10000000,BACKGROUND9,landing,2404.90660547
2398.40000000,DELIVERY13,landing,2775.75144809
2400.05000000,DELIVERY15,takeoff,0
2400.05000000,DELIVERY16,takeoff,0
2400.05000000,DELIVERY17,takeoff,0
2400.05000000,DELIVERY18,takeoff,0
2400.05000000,DELIVERY20,takeoff,0
2400.05000000,DELIVERY21,takeoff,0
2400.70000000,DELIVERY10,landing,2421.49801634
2400.70000000,DELIVERY10,takeoff,0
2401.40000000,DELIVERY13,takeoff,0
2406.30000000,DELIVERY14,landing,3988.23915577
2406.30000000,DELIVERY14,takeoff,0
2409.05000000,DELIVERY12,landing,1037.04967212
2409.05000000,DELIVERY12,takeoff,0
2448.40000000,BACKGROUND8,landing,4476.17478621
2479.70000000,DELIVERY10,landing,510.42805141
2482.70000000,DELIVERY10,takeoff,0
2489.20000000,DELIVERY10,landing,0.33494870
2520.05000000,DELIVERY19,takeoff,0
2546.10000000,DELIVERY14,landing,486.42422716
2549.10000000,DELIVERY14,takeoff,0
2609.55000000,DELIVERY15,landing,1686.34726203
2612.55000000,DELIVERY15,takeoff,0
2629.90000000,DELIVERY16,landing,1698.60352720
2632.90000000,DELIVERY16,takeoff,0
2644.90000000,DELIVERY21,landing,2142.34798637
2647.90000000,DELIVERY21,takeoff,0
2664.50000000,DELIVERY13,landing,2927.21265110
2700.05000000,DELIVERY24,takeoff,0
2701.05000000,BACKGROUND11,takeoff,0
2702.95000000,DELIVERY14,landing,951.36158166
2702.95000000,DELIVERY14,takeoff,0
2708.20000000,DELIVERY19,landing,1729.05494875
2708.20000000,DELIVERY19,takeoff,0
2708.30000000,DELIVERY17,landing,3990.80286967
2708.30000000,DELIVERY17,takeoff,0
2709.95000000,DELIVERY21,landing,644.55950194
2709.95000000,DELIVERY21,takeoff,0
2716.15000000,DELIVERY15,landing,135.80526023
2716.15000000,DELIVERY15,takeoff,0
2721.55000000,DELIVERY18,landing,2652.99510402
2724.55000000,DELIVERY18,takeoff,0
2727.20000000,DELIVERY20,landing,3717.11963811
2727.20000000,DELIVERY20,takeoff,0
2736.40000000,DELIVERY16,landing,135.80857949
2736.40000000,DELIVERY16,takeoff,0
2741.85000000,DELIVERY12,landing,2548.03177066
2741.85000000,DELIVERY12,takeoff,0
2848.10000000,DELIVERY17,landing,486.42422716
2851.10000000,DELIVERY17,takeoff,0
2903.30000000,DELIVERY12,landing,868.44787902
2903.75000000,DELIVERY21,landing,1170.49258712
2906.75000000,DELIVERY21,takeoff,0
2913.25000000,DELIVERY21,landing,0.33494870
2944.30000000,DELIVERY20,landing,1132.81373107
2947.30000000,DELIVERY20,takeoff,0
2958.05000000,DELIVERY19,landing,1323.55025422
2961.05000000,DELIVERY19,takeoff,0
2973.35000000,DELIVERY16,landing,1678.00203243
2976.35000000,DELIVERY16,takeoff,0
2981.90000000,DELIVERY15,landing,1781.56329289
2982.85000000,DELIVERY16,landing,0.33494870
2987.55000000,DELIVERY18,landing,2927.46172204
2998.40000000,DELIVERY24,landing,2775.75144809
3000.05000000,DELIVERY22,takeoff,0
3000.05000000,DELIVERY25,takeoff,0
3000.05000000,DELIVERY26,takeoff,0
3000.10000000,BACKGROUND11,landing,2483.87655880
3000.10000000,BACKGROUND11,takeoff,0
3000.80000000,DELIVERY14,landing,2636.07873292
3000.80000000,DELIVERY14,takeoff,0
3001.05000000,BACKGROUND12,takeoff,0
3001.30000000,DELIVERY17,landing,1270.24050065
3001.30000000,DELIVERY17,takeoff,0
3001.40000000,DELIVERY24,takeoff,0
3008.10000000,DELIVERY20,landing,798.41583049
3008.10000000,DELIVERY20,takeoff,0
3041.25000000,DELIVERY19,landing,287.80614836
3041.25000000,DELIVERY19,takeoff,0
3136.95000000,DELIVERY14,landing,869.98430500
3212.70000000,DELIVERY22,landing,1686.32308391
3215.70000000,DELIVERY22,takeoff,0
3225.15000000,DELIVERY25,landing,1926.40542623
3228.15000000,DELIVERY25,takeoff,0
3236.80000000,BACKGROUND11,landing,2818.79017586
3264.50000000,DELIVERY24,landing,2927.21265110
3270.70000000,DELIVERY19,landing,2642.50649914
3273.70000000,DELIVERY19,takeoff,0
3280.20000000,DELIVERY19,landing,0.33494870
3300.05000000,BACKGROUND10,takeoff,0
3300.05000000,DELIVERY23,takeoff,0
3300.05000000,DELIVERY27,takeoff,0
3300.05000000,BACKGROUND13,takeoff,0
3300.05000000,DELIVERY29,takeoff,0
3300.05000000,DELIVERY30,takeoff,0
3300.05000000,DELIVERY28,takeoff,0
3302.35000000,DELIVERY22,landing,1121.23769180
3302.35000000,DELIVERY22,takeoff,0
3306.90000000,DELIVERY20,landing,2363.41746873
3306.90000000,DELIVERY20,takeoff,0
3309.35000000,DELIVERY25,landing,1036.95580111
3309.35000000,DELIVERY25,takeoff,0
3328.80000000,DELIVERY26,landing,2664.61805163
3331.80000000,DELIVERY26,takeoff,0
3346.00000000,DELIVERY17,landing,2316.36023305
3346.00000000,DELIVERY17,takeoff,0
3348.60000000,BACKGROUND12,landing,1537.47266847
3348.60000000,BACKGROUND12,takeoff,0
3424.40000000,DELIVERY22,landing,557.27842151
3462.15000000,DELIVERY17,landing,869.38303251
3473.90000000,DELIVERY20,landing,1494.92168732
3536.30000000,DELIVERY25,landing,1157.13661047
3571.05000000,BACKGROUND14,takeoff,0
3594.65000000,DELIVERY26,landing,2927.66043633
3595.70000000,DELIVERY29,landing,2834.00219145
3598.70000000,DELIVERY29,takeoff,0
3600.05000000,DELIVERY31,takeoff,0
3600.05000000,DELIVERY32,takeoff,0
3600.05000000,DELIVERY33,takeoff,0
