# CLOSEST POINT OF APPROACH LOG
# Shortest distance between 2 UAS during their conflict
# 
# Simulation Time [s], UAS1, UAS2, Distance [m]
# simt
977.00000000,DELIVERY3,DELIVERY6,0.81570730
1201.00000000,DELIVERY5,DELIVERY7,0.00000000
1202.00000000,DELIVERY5,DELIVERY7,0.00000000
1203.00000000,DELIVERY5,DELIVERY7,0.00000000
1204.00000000,DELIVERY5,DELIVERY7,0.00000000
1205.00000000,DELIVERY5,DELIVERY7,0.00000000
1206.00000000,DELIVERY5,DELIVERY7,0.00000000
1207.00000000,DELIVERY5,DELIVERY7,0.00000000
1208.00000000,DELIVERY5,DELIVERY7,0.00000000
1209.00000000,DELIVERY5,DELIVERY7,0.00000000
1210.00000000,DELIVERY5,DELIVERY7,0.00000000
1211.00000000,DELIVERY5,DELIVERY7,0.00000000
1212.00000000,DELIVERY5,DELIVERY7,0.00000000
1213.00000000,DELIVERY5,DELIVERY7,0.00000000
1214.00000000,DELIVERY5,DELIVERY7,0.00000000
1215.00000000,DELIVERY5,DELIVERY7,0.00000000
1216.00000000,DELIVERY5,DELIVERY7,0.00000000
1217.00000000,DELIVERY5,DELIVERY7,0.00000000
1218.00000000,DELIVERY5,DELIVERY7,0.00000000
1219.00000000,DELIVERY5,DELIVERY7,0.00000000
1220.00000000,DELIVERY5,DELIVERY7,0.00000000
1221.00000000,DELIVERY5,DELIVERY7,0.00000000
1222.00000000,DELIVERY5,DELIVERY7,0.00000000
1223.00000000,DELIVERY5,DELIVERY7,0.00000000
1224.00000000,DELIVERY5,DELIVERY7,0.00000000
1225.00000000,DELIVERY5,DELIVERY7,0.00000000
1226.00000000,DELIVERY5,DELIVERY7,0.00000000
1227.00000000,DELIVERY5,DELIVERY7,0.00000000
1228.00000000,DELIVERY5,DELIVERY7,0.00000000
1229.00000000,DELIVERY5,DELIVERY7,0.00000000
1230.00000000,DELIVERY5,DELIVERY7,0.00000000
1231.00000000,DELIVERY5,DELIVERY7,0.00000000
1232.00000000,DELIVERY5,DELIVERY7,0.00000000
1233.00000000,DELIVERY5,DELIVERY7,0.00000000
1234.00000000,DELIVERY5,DELIVERY7,0.00000000
1235.00000000,DELIVERY5,DELIVERY7,0.00000000
1236.00000000,DELIVERY5,DELIVERY7,0.00000000
1237.00000000,DELIVERY5,DELIVERY7,0.00000000
1238.00000000,DELIVERY5,DELIVERY7,0.00000000
1239.00000000,DELIVERY5,DELIVERY7,0.00000000
1240.00000000,DELIVERY5,DELIVERY7,0.00000000
1241.00000000,DELIVERY5,DELIVERY7,0.00000000
1242.00000000,DELIVERY5,DELIVERY7,0.00000000
1243.00000000,DELIVERY5,DELIVERY7,0.00000000
1244.00000000,DELIVERY5,DELIVERY7,0.00000000
1245.00000000,DELIVERY5,DELIVERY7,0.00000000
1246.00000000,DELIVERY5,DELIVERY7,0.00000000
1247.00000000,DELIVERY5,DELIVERY7,0.00000000
1248.00000000,DELIVERY5,DELIVERY7,0.00000000
1249.00000000,DELIVERY5,DELIVERY7,0.00000000
1250.00000000,DELIVERY5,DELIVERY7,0.00000000
1251.00000000,DELIVERY5,DELIVERY7,0.00000000
1252.00000000,DELIVERY5,DELIVERY7,0.00000000
1253.00000000,DELIVERY5,DELIVERY7,0.00000000
1254.00000000,DELIVERY5,DELIVERY7,0.00000000
1255.00000000,DELIVERY5,DELIVERY7,0.00000000
1256.00000000,DELIVERY5,DELIVERY7,0.00000000
1257.00000000,DELIVERY5,DELIVERY7,0.00000000
1258.00000000,DELIVERY5,DELIVERY7,0.00000000
1259.00000000,DELIVERY5,DELIVERY7,0.00000000
1260.00000000,DELIVERY5,DELIVERY7,0.00000000
1261.00000000,DELIVERY5,DELIVERY7,0.00000000
1262.00000000,DELIVERY5,DELIVERY7,0.00000000
1263.00000000,DELIVERY5,DELIVERY7,0.00000000
1264.00000000,DELIVERY5,DELIVERY7,0.00000000
1265.00000000,DELIVERY5,DELIVERY7,0.00000000
1266.00000000,DELIVERY5,DELIVERY7,0.00000000
1267.00000000,DELIVERY5,DELIVERY7,0.00000000
1268.00000000,DELIVERY5,DELIVERY7,0.00000000
1269.00000000,DELIVERY5,DELIVERY7,0.00000000
1270.00000000,DELIVERY5,DELIVERY7,0.00000000
1271.00000000,DELIVERY5,DELIVERY7,0.00000000
1272.00000000,DELIVERY5,DELIVERY7,0.00000000
1273.00000000,DELIVERY5,DELIVERY7,0.00000000
1274.00000000,DELIVERY5,DELIVERY7,0.00000000
1275.00000000,DELIVERY5,DELIVERY7,0.00000000
1276.00000000,DELIVERY5,DELIVERY7,0.00000000
1277.00000000,DELIVERY5,DELIVERY7,0.00000000
1278.00000000,DELIVERY5,DELIVERY7,0.00000000
1279.00000000,DELIVERY5,DELIVERY7,0.00000000
1280.00000000,DELIVERY5,DELIVERY7,0.00000000
1281.00000000,DELIVERY5,DELIVERY7,0.00000000
1282.00000000,DELIVERY5,DELIVERY7,0.00000000
1283.00000000,DELIVERY5,DELIVERY7,0.00000000
1284.00000000,DELIVERY5,DELIVERY7,0.00000000
1285.00000000,DELIVERY5,DELIVERY7,0.00000000
1294.00000000,DELIVERY5,DELIVERY7,0.00000000
1295.00000000,DELIVERY5,DELIVERY7,0.00000000
1296.00000000,DELIVERY5,DELIVERY7,0.00000000
1297.00000000,DELIVERY5,DELIVERY7,0.00000000
1298.00000000,DELIVERY5,DELIVERY7,0.00000000
1299.00000000,DELIVERY5,DELIVERY7,0.00000000
1300.00000000,DELIVERY5,DELIVERY7,0.00000000
1301.00000000,DELIVERY5,DELIVERY7,0.00000000
1302.00000000,DELIVERY5,DELIVERY7,0.00000000
1303.00000000,DELIVERY5,DELIVERY7,0.00000000
1304.00000000,DELIVERY5,DELIVERY7,0.00000000
1305.00000000,DELIVERY5,DELIVERY7,0.00000000
1306.00000000,DELIVERY5,DELIVERY7,0.00000000
1307.00000000,DELIVERY5,DELIVERY7,0.00000000
1308.00000000,DELIVERY5,DELIVERY7,0.00000000
1309.00000000,DELIVERY5,DELIVERY7,0.00000000
1310.00000000,DELIVERY5,DELIVERY7,0.00000000
1311.00000000,DELIVERY5,DELIVERY7,0.00000000
1312.00000000,DELIVERY5,DELIVERY7,0.00000000
1313.00000000,DELIVERY5,DELIVERY7,0.00000000
1314.00000000,DELIVERY5,DELIVERY7,0.00000000
1315.00000000,DELIVERY5,DELIVERY7,0.00000000
1316.00000000,DELIVERY5,DELIVERY7,0.00000000
1317.00000000,DELIVERY5,DELIVERY7,0.00000000
1318.00000000,DELIVERY5,DELIVERY7,0.00000000
1319.00000000,DELIVERY5,DELIVERY7,0.00000000
1320.00000000,DELIVERY5,DELIVERY7,0.00000000
1321.00000000,DELIVERY5,DELIVERY7,0.00000000
1322.00000000,DELIVERY5,DELIVERY7,0.00000000
1323.00000000,DELIVERY5,DELIVERY7,0.00000000
1324.00000000,DELIVERY5,DELIVERY7,0.00000000
1325.00000000,DELIVERY5,DELIVERY7,0.00000000
1326.00000000,DELIVERY5,DELIVERY7,0.00000000
1327.00000000,DELIVERY5,DELIVERY7,0.00000000
1328.00000000,DELIVERY5,DELIVERY7,0.00000000
1329.00000000,DELIVERY5,DELIVERY7,0.00000000
1330.00000000,DELIVERY5,DELIVERY7,0.00000000
1331.00000000,DELIVERY5,DELIVERY7,0.00000000
1332.00000000,DELIVERY5,DELIVERY7,0.00000000
1333.00000000,DELIVERY5,DELIVERY7,0.00000000
1334.00000000,DELIVERY5,DELIVERY7,0.00000000
1335.00000000,DELIVERY5,DELIVERY7,0.00000000
1336.00000000,DELIVERY5,DELIVERY7,0.00000000
1337.00000000,DELIVERY5,DELIVERY7,0.00000000
1338.00000000,DELIVERY5,DELIVERY7,0.00000000
1339.00000000,DELIVERY5,DELIVERY7,0.00000000
1340.00000000,DELIVERY5,DELIVERY7,0.00000000
1341.00000000,DELIVERY5,DELIVERY7,0.00000000
1342.00000000,DELIVERY5,DELIVERY7,0.00000000
1343.00000000,DELIVERY5,DELIVERY7,0.00000000
1344.00000000,DELIVERY5,DELIVERY7,0.00000000
1345.00000000,DELIVERY5,DELIVERY7,0.00000000
1346.00000000,DELIVERY5,DELIVERY7,0.00000000
1347.00000000,DELIVERY5,DELIVERY7,0.00000000
1348.00000000,DELIVERY5,DELIVERY7,0.00000000
1349.00000000,DELIVERY5,DELIVERY7,0.00000000
1350.00000000,DELIVERY5,DELIVERY7,0.00000000
1351.00000000,DELIVERY5,DELIVERY7,0.00000000
1352.00000000,DELIVERY5,DELIVERY7,0.00000000
1353.00000000,DELIVERY5,DELIVERY7,0.00000000
1354.00000000,DELIVERY5,DELIVERY7,0.00000000
1355.00000000,DELIVERY5,DELIVERY7,0.00000000
1356.00000000,DELIVERY5,DELIVERY7,0.00000000
1357.00000000,DELIVERY5,DELIVERY7,0.00000000
1358.00000000,DELIVERY5,DELIVERY7,0.00000000
1359.00000000,DELIVERY5,DELIVERY7,0.00000000
1360.00000000,DELIVERY5,DELIVERY7,0.00000000
1361.00000000,DELIVERY5,DELIVERY7,0.00000000
1362.00000000,DELIVERY5,DELIVERY7,0.00000000
1363.00000000,DELIVERY5,DELIVERY7,0.00000000
1364.00000000,DELIVERY5,DELIVERY7,0.00000000
1365.00000000,DELIVERY5,DELIVERY7,0.00000000
1366.00000000,DELIVERY5,DELIVERY7,0.00000000
1367.00000000,DELIVERY5,DELIVERY7,0.00000000
1368.00000000,DELIVERY5,DELIVERY7,0.00000000
1369.00000000,DELIVERY5,DELIVERY7,0.00000000
1370.00000000,DELIVERY5,DELIVERY7,0.00000000
1371.00000000,DELIVERY5,DELIVERY7,0.00000000
1372.00000000,DELIVERY5,DELIVERY7,0.00000000
1373.00000000,DELIVERY5,DELIVERY7,0.00000000
1374.00000000,DELIVERY5,DELIVERY7,0.00000000
1375.00000000,DELIVERY5,DELIVERY7,0.00000000
1376.00000000,DELIVERY5,DELIVERY7,0.00000000
1377.00000000,DELIVERY5,DELIVERY7,0.00000000
1378.00000000,DELIVERY5,DELIVERY7,0.00000000
1379.00000000,DELIVERY5,DELIVERY7,0.00000000
1380.00000000,DELIVERY5,DELIVERY7,0.00000000
1381.00000000,DELIVERY5,DELIVERY7,0.00000000
1382.00000000,DELIVERY5,DELIVERY7,0.00000000
1383.00000000,DELIVERY5,DELIVERY7,0.00000000
1384.00000000,DELIVERY5,DELIVERY7,0.00000000
1385.00000000,DELIVERY5,DELIVERY7,0.00000000
1386.00000000,DELIVERY5,DELIVERY7,0.00000000
1387.00000000,DELIVERY5,DELIVERY7,0.00000000
1388.00000000,DELIVERY5,DELIVERY7,0.00000000
1389.00000000,DELIVERY5,DELIVERY7,0.00000000
1390.00000000,DELIVERY5,DELIVERY7,0.00000000
1391.00000000,DELIVERY5,DELIVERY7,0.00000000
1392.00000000,DELIVERY5,DELIVERY7,0.00000000
1393.00000000,DELIVERY5,DELIVERY7,0.00000000
1394.00000000,DELIVERY5,DELIVERY7,0.00000000
1395.00000000,DELIVERY5,DELIVERY7,0.00000000
1396.00000000,DELIVERY5,DELIVERY7,0.00000000
1397.00000000,DELIVERY5,DELIVERY7,0.00000000
1398.00000000,DELIVERY5,DELIVERY7,0.00000000
1399.00000000,DELIVERY5,DELIVERY7,0.00000000
1400.00000000,DELIVERY5,DELIVERY7,0.00000000
1401.00000000,DELIVERY5,DELIVERY7,0.00000000
1402.00000000,DELIVERY5,DELIVERY7,0.00000000
1403.00000000,DELIVERY5,DELIVERY7,0.00000000
1404.00000000,DELIVERY5,DELIVERY7,0.00000000
1405.00000000,DELIVERY5,DELIVERY7,0.00000000
1406.00000000,DELIVERY5,DELIVERY7,0.00000000
1407.00000000,DELIVERY5,DELIVERY7,0.00000000
1408.00000000,DELIVERY5,DELIVERY7,0.00000000
1409.00000000,DELIVERY5,DELIVERY7,0.00000000
1410.00000000,DELIVERY5,DELIVERY7,0.00000000
1411.00000000,DELIVERY5,DELIVERY7,0.00000000
1412.00000000,DELIVERY5,DELIVERY7,0.00000000
1413.00000000,DELIVERY5,DELIVERY7,0.00000000
1414.00000000,DELIVERY5,DELIVERY7,0.00000000
1415.00000000,DELIVERY5,DELIVERY7,0.00000000
1416.00000000,DELIVERY5,DELIVERY7,0.00000000
1417.00000000,DELIVERY5,DELIVERY7,0.00000000
1418.00000000,DELIVERY5,DELIVERY7,0.00000000
1419.00000000,DELIVERY5,DELIVERY7,0.00000000
1420.00000000,DELIVERY5,DELIVERY7,0.00000000
1421.00000000,DELIVERY5,DELIVERY7,0.00000000
1422.00000000,DELIVERY5,DELIVERY7,0.00000000
1423.00000000,DELIVERY5,DELIVERY7,0.00000000
1424.00000000,DELIVERY5,DELIVERY7,0.00000000
1425.00000000,DELIVERY5,DELIVERY7,0.00000000
1426.00000000,DELIVERY5,DELIVERY7,0.00000000
1427.00000000,DELIVERY5,DELIVERY7,0.00000000
1428.00000000,DELIVERY5,DELIVERY7,0.00000000
1429.00000000,DELIVERY5,DELIVERY7,0.00000000
1435.00000000,DELIVERY5,DELIVERY7,0.00442161
1436.00000000,DELIVERY5,DELIVERY7,0.01378132
1493.00000000,DELIVERY8,DELIVERY9,0.35322549
1579.00000000,DELIVERY5,DELIVERY9,0.30196549
1717.00000000,DELIVERY5,DELIVERY7,1.16206158
1808.00000000,DELIVERY11,DELIVERY9,0.00021035
1972.00000000,DELIVERY12,DELIVERY5,0.00485113
2401.00000000,DELIVERY15,DELIVERY16,0.01165658
2401.00000000,DELIVERY15,DELIVERY21,0.00000000
2401.00000000,DELIVERY16,DELIVERY21,0.01165658
2401.00000000,DELIVERY17,DELIVERY20,0.00000000
2402.00000000,DELIVERY15,DELIVERY16,0.39866822
2402.00000000,DELIVERY15,DELIVERY21,0.00000000
2402.00000000,DELIVERY16,DELIVERY21,0.39866822
2402.00000000,DELIVERY17,DELIVERY20,0.00000000
2403.00000000,DELIVERY15,DELIVERY21,0.00000000
2403.00000000,DELIVERY17,DELIVERY20,0.00000000
2404.00000000,DELIVERY15,DELIVERY21,0.00000000
2404.00000000,DELIVERY17,DELIVERY20,0.00000000
2405.00000000,DELIVERY15,DELIVERY21,0.00000000
2405.00000000,DELIVERY17,DELIVERY20,0.00000000
2406.00000000,DELIVERY15,DELIVERY21,0.00000000
2406.00000000,DELIVERY17,DELIVERY20,0.00000000
2407.00000000,DELIVERY15,DELIVERY21,0.00000000
2407.00000000,DELIVERY17,DELIVERY20,0.00000000
2408.00000000,DELIVERY15,DELIVERY21,0.00000000
2408.00000000,DELIVERY17,DELIVERY20,0.00000000
2409.00000000,DELIVERY15,DELIVERY21,0.00000000
2409.00000000,DELIVERY17,DELIVERY20,0.00000000
2410.00000000,DELIVERY15,DELIVERY21,0.00000000
2410.00000000,DELIVERY17,DELIVERY20,0.00000000
2411.00000000,DELIVERY15,DELIVERY21,0.00000000
2411.00000000,DELIVERY17,DELIVERY20,0.00000000
2412.00000000,DELIVERY15,DELIVERY21,0.00000000
2412.00000000,DELIVERY17,DELIVERY20,0.00000000
2413.00000000,DELIVERY15,DELIVERY21,0.00000000
2413.00000000,DELIVERY17,DELIVERY20,0.00000000
2414.00000000,DELIVERY15,DELIVERY21,0.00000000
2414.00000000,DELIVERY17,DELIVERY20,0.00000000
2415.00000000,DELIVERY15,DELIVERY21,0.00000000
2415.00000000,DELIVERY17,DELIVERY20,0.00000000
2416.00000000,DELIVERY15,DELIVERY21,0.00000000
2416.00000000,DELIVERY17,DELIVERY20,0.00000000
2417.00000000,DELIVERY15,DELIVERY21,0.00000000
2417.00000000,DELIVERY17,DELIVERY20,0.00000000
2418.00000000,DELIVERY15,DELIVERY21,0.00000000
2418.00000000,DELIVERY17,DELIVERY20,0.00000000
2419.00000000,DELIVERY15,DELIVERY21,0.00000000
2419.00000000,DELIVERY17,DELIVERY20,0.00000000
2420.00000000,DELIVERY15,DELIVERY21,0.00000000
2420.00000000,DELIVERY17,DELIVERY20,0.00000000
2421.00000000,DELIVERY15,DELIVERY21,0.00000000
2421.00000000,DELIVERY17,DELIVERY20,0.00000000
2422.00000000,DELIVERY15,DELIVERY21,0.00000000
2422.00000000,DELIVERY17,DELIVERY20,0.00000000
2423.00000000,DELIVERY15,DELIVERY21,0.00000000
2423.00000000,DELIVERY17,DELIVERY20,0.00000000
2424.00000000,DELIVERY15,DELIVERY21,0.00000000
2424.00000000,DELIVERY17,DELIVERY20,0.00000000
2424.00000000,DELIVERY10,DELIVERY18,0.72906410
2425.00000000,DELIVERY15,DELIVERY21,0.00000000
2425.00000000,DELIVERY17,DELIVERY20,0.00000000
2426.00000000,DELIVERY15,DELIVERY21,0.00000000
2426.00000000,DELIVERY17,DELIVERY20,0.00000000
2427.00000000,DELIVERY15,DELIVERY21,0.00000000
2427.00000000,DELIVERY17,DELIVERY20,0.00000000
2428.00000000,DELIVERY15,DELIVERY21,0.00000000
2428.00000000,DELIVERY17,DELIVERY20,0.00000000
2429.00000000,DELIVERY15,DELIVERY21,0.00000000
2429.00000000,DELIVERY17,DELIVERY20,0.00000000
2430.00000000,DELIVERY15,DELIVERY21,0.00000000
2430.00000000,DELIVERY17,DELIVERY20,0.00000000
2431.00000000,DELIVERY15,DELIVERY21,0.00000000
2431.00000000,DELIVERY17,DELIVERY20,0.00000000
2432.00000000,DELIVERY15,DELIVERY21,0.00000000
2432.00000000,DELIVERY17,DELIVERY20,0.00000000
2433.00000000,DELIVERY15,DELIVERY21,0.00000000
2433.00000000,DELIVERY17,DELIVERY20,0.00000000
2434.00000000,DELIVERY15,DELIVERY21,0.00000000
2434.00000000,DELIVERY17,DELIVERY20,0.00000000
2435.00000000,DELIVERY15,DELIVERY21,0.00000000
2435.00000000,DELIVERY17,DELIVERY20,0.00000000
2436.00000000,DELIVERY15,DELIVERY21,0.00000000
2436.00000000,DELIVERY17,DELIVERY20,0.00000000
2437.00000000,DELIVERY15,DELIVERY21,0.00000000
2437.00000000,DELIVERY17,DELIVERY20,0.00000000
2438.00000000,DELIVERY15,DELIVERY21,0.00000000
2438.00000000,DELIVERY17,DELIVERY20,0.00000000
2439.00000000,DELIVERY15,DELIVERY21,0.00000000
2439.00000000,DELIVERY17,DELIVERY20,0.00000000
2440.00000000,DELIVERY17,DELIVERY20,0.00000000
2441.00000000,DELIVERY17,DELIVERY20,0.00000000
2442.00000000,DELIVERY15,DELIVERY21,0.00000000
2442.00000000,DELIVERY17,DELIVERY20,0.00000000
2443.00000000,DELIVERY15,DELIVERY21,0.00000000
2443.00000000,DELIVERY17,DELIVERY20,0.00000000
2444.00000000,DELIVERY15,DELIVERY21,0.00000000
2444.00000000,DELIVERY17,DELIVERY20,0.00000000
2445.00000000,DELIVERY15,DELIVERY21,0.00000000
2445.00000000,DELIVERY17,DELIVERY20,0.00000000
2446.00000000,DELIVERY17,DELIVERY20,0.00000000
2447.00000000,DELIVERY15,DELIVERY21,0.00000000
2447.00000000,DELIVERY17,DELIVERY20,0.00000000
2448.00000000,DELIVERY15,DELIVERY21,0.00000000
2448.00000000,DELIVERY17,DELIVERY20,0.00000000
2449.00000000,DELIVERY15,DELIVERY21,0.00000000
2449.00000000,DELIVERY17,DELIVERY20,0.00000000
2450.00000000,DELIVERY15,DELIVERY21,0.00000000
2450.00000000,DELIVERY17,DELIVERY20,0.00000000
2451.00000000,DELIVERY15,DELIVERY21,0.00000000
2451.00000000,DELIVERY17,DELIVERY20,0.00000000
2452.00000000,DELIVERY15,DELIVERY21,0.00000000
2452.00000000,DELIVERY17,DELIVERY20,0.00000000
2453.00000000,DELIVERY15,DELIVERY21,0.00000000
2453.00000000,DELIVERY17,DELIVERY20,0.00000000
2454.00000000,DELIVERY15,DELIVERY21,0.00000000
2454.00000000,DELIVERY17,DELIVERY20,0.00000000
2455.00000000,DELIVERY15,DELIVERY21,0.00000000
2455.00000000,DELIVERY17,DELIVERY20,0.00000000
2456.00000000,DELIVERY15,DELIVERY21,0.00000000
2456.00000000,DELIVERY17,DELIVERY20,0.00000000
2457.00000000,DELIVERY15,DELIVERY21,0.00000000
2457.00000000,DELIVERY17,DELIVERY20,0.00000000
2458.00000000,DELIVERY15,DELIVERY21,0.00000000
2458.00000000,DELIVERY17,DELIVERY20,0.00000000
2459.00000000,DELIVERY15,DELIVERY21,0.00000000
2459.00000000,DELIVERY17,DELIVERY20,0.00000000
2460.00000000,DELIVERY15,DELIVERY21,0.00000000
2460.00000000,DELIVERY17,DELIVERY20,0.00000000
2461.00000000,DELIVERY15,DELIVERY21,0.00000000
2461.00000000,DELIVERY17,DELIVERY20,0.00000000
2462.00000000,DELIVERY15,DELIVERY21,0.00000000
2462.00000000,DELIVERY17,DELIVERY20,0.00000000
2463.00000000,DELIVERY15,DELIVERY21,0.00000000
2463.00000000,DELIVERY17,DELIVERY20,0.00000000
2464.00000000,DELIVERY15,DELIVERY21,0.00000000
2464.00000000,DELIVERY17,DELIVERY20,0.00000000
2465.00000000,DELIVERY15,DELIVERY21,0.00000000
2465.00000000,DELIVERY17,DELIVERY20,0.00000000
2466.00000000,DELIVERY15,DELIVERY21,0.00000000
2466.00000000,DELIVERY17,DELIVERY20,0.00000000
2467.00000000,DELIVERY15,DELIVERY21,0.00000000
2467.00000000,DELIVERY17,DELIVERY20,0.00000000
2468.00000000,DELIVERY15,DELIVERY21,0.00000000
2468.00000000,DELIVERY17,DELIVERY20,0.00000000
2469.00000000,DELIVERY15,DELIVERY21,0.00000000
2469.00000000,DELIVERY17,DELIVERY20,0.00000000
2470.00000000,DELIVERY15,DELIVERY21,0.00000000
2470.00000000,DELIVERY17,DELIVERY20,0.00000000
2471.00000000,DELIVERY15,DELIVERY21,0.00000000
2471.00000000,DELIVERY17,DELIVERY20,0.00000000
2472.00000000,DELIVERY15,DELIVERY21,0.00000000
2472.00000000,DELIVERY17,DELIVERY20,0.00000000
2473.00000000,DELIVERY15,DELIVERY21,0.00000000
2473.00000000,DELIVERY17,DELIVERY20,0.00000000
2474.00000000,DELIVERY15,DELIVERY21,0.00000000
2474.00000000,DELIVERY17,DELIVERY20,0.00000000
2475.00000000,DELIVERY15,DELIVERY21,0.00000000
2475.00000000,DELIVERY17,DELIVERY20,0.00000000
2476.00000000,DELIVERY15,DELIVERY21,0.00000000
2476.00000000,DELIVERY17,DELIVERY20,0.00000000
2477.00000000,DELIVERY15,DELIVERY21,0.00000000
2477.00000000,DELIVERY17,DELIVERY20,0.00000000
2478.00000000,DELIVERY15,DELIVERY21,0.00000000
2478.00000000,DELIVERY17,DELIVERY20,0.00000000
2479.00000000,DELIVERY15,DELIVERY21,0.00000000
2479.00000000,DELIVERY17,DELIVERY20,0.00000000
2480.00000000,DELIVERY15,DELIVERY21,0.00000000
2480.00000000,DELIVERY17,DELIVERY20,0.00000000
2481.00000000,DELIVERY17,DELIVERY20,0.00000000
2482.00000000,DELIVERY15,DELIVERY21,0.44813786
2482.00000000,DELIVERY17,DELIVERY20,0.00000000
2483.00000000,DELIVERY15,DELIVERY21,0.44813786
2483.00000000,DELIVERY17,DELIVERY20,0.00000000
2484.00000000,DELIVERY15,DELIVERY21,0.44813786
2484.00000000,DELIVERY17,DELIVERY20,0.00000000
2485.00000000,DELIVERY15,DELIVERY21,0.44813786
2485.00000000,DELIVERY17,DELIVERY20,0.00000000
2486.00000000,DELIVERY15,DELIVERY21,0.44813786
2488.00000000,DELIVERY15,DELIVERY21,0.29700505
2494.00000000,DELIVERY17,DELIVERY20,0.00000000
2495.00000000,DELIVERY17,DELIVERY20,0.00000000
2496.00000000,DELIVERY17,DELIVERY20,0.00000000
2497.00000000,DELIVERY17,DELIVERY20,0.00000000
2498.00000000,DELIVERY17,DELIVERY20,0.00000000
2499.00000000,DELIVERY17,DELIVERY20,0.00000000
2500.00000000,DELIVERY17,DELIVERY20,0.00000000
2501.00000000,DELIVERY17,DELIVERY20,0.00000000
2502.00000000,DELIVERY17,DELIVERY20,0.00000000
2503.00000000,DELIVERY17,DELIVERY20,0.00000000
2504.00000000,DELIVERY17,DELIVERY20,0.00000000
2505.00000000,DELIVERY17,DELIVERY20,0.00000000
2506.00000000,DELIVERY17,DELIVERY20,0.00000000
2507.00000000,DELIVERY17,DELIVERY20,0.00000000
2508.00000000,DELIVERY17,DELIVERY20,0.00000000
2509.00000000,DELIVERY17,DELIVERY20,0.00000000
2510.00000000,DELIVERY17,DELIVERY20,0.00000000
2511.00000000,DELIVERY17,DELIVERY20,0.00000000
2512.00000000,DELIVERY17,DELIVERY20,0.00000000
2513.00000000,DELIVERY17,DELIVERY20,0.00000000
2514.00000000,DELIVERY17,DELIVERY20,0.00000000
2515.00000000,DELIVERY17,DELIVERY20,0.00000000
2516.00000000,DELIVERY17,DELIVERY20,0.00000000
2517.00000000,DELIVERY17,DELIVERY20,0.00000000
2518.00000000,DELIVERY17,DELIVERY20,0.00000000
2519.00000000,DELIVERY17,DELIVERY20,0.00000000
2520.00000000,DELIVERY17,DELIVERY20,0.00000000
2521.00000000,DELIVERY17,DELIVERY20,0.00000000
2522.00000000,DELIVERY17,DELIVERY20,0.00000000
2523.00000000,DELIVERY17,DELIVERY20,0.00000000
2524.00000000,DELIVERY17,DELIVERY20,0.00000000
2525.00000000,DELIVERY17,DELIVERY20,0.00000000
2526.00000000,DELIVERY17,DELIVERY20,0.00000000
2527.00000000,DELIVERY17,DELIVERY20,0.00000000
2528.00000000,DELIVERY17,DELIVERY20,0.00000000
2529.00000000,DELIVERY17,DELIVERY20,0.00000000
2530.00000000,DELIVERY17,DELIVERY20,0.00000000
2531.00000000,DELIVERY17,DELIVERY20,0.00000000
2532.00000000,DELIVERY17,DELIVERY20,0.00000000
2533.00000000,DELIVERY17,DELIVERY20,0.00000000
2534.00000000,DELIVERY17,DELIVERY20,0.00000000
2535.00000000,DELIVERY17,DELIVERY20,0.00000042
2565.00000000,DELIVERY14,DELIVERY15,0.48613998
2576.00000000,DELIVERY14,DELIVERY16,0.31671812
2590.00000000,DELIVERY13,DELIVERY19,0.06967489
2600.00000000,DELIVERY15,DELIVERY16,0.02040624
2601.00000000,DELIVERY15,DELIVERY16,0.02040624
2602.00000000,DELIVERY15,DELIVERY16,0.02040624
2603.00000000,DELIVERY15,DELIVERY16,0.02040624
2604.00000000,DELIVERY15,DELIVERY16,0.02040624
2605.00000000,DELIVERY15,DELIVERY16,0.02040624
2606.00000000,DELIVERY15,DELIVERY16,0.02040624
2607.00000000,DELIVERY15,DELIVERY16,0.02040624
2608.00000000,DELIVERY15,DELIVERY16,0.02040624
2609.00000000,DELIVERY15,DELIVERY16,0.02040624
2614.00000000,DELIVERY16,DELIVERY21,0.17112811
2615.00000000,DELIVERY16,DELIVERY21,1.68971141
2616.00000000,DELIVERY16,DELIVERY21,1.68971141
2617.00000000,DELIVERY16,DELIVERY21,1.68971141
2618.00000000,DELIVERY16,DELIVERY21,1.68971141
2619.00000000,DELIVERY16,DELIVERY21,1.68971141
2620.00000000,DELIVERY16,DELIVERY21,1.68971141
2621.00000000,DELIVERY16,DELIVERY21,1.68971141
2622.00000000,DELIVERY16,DELIVERY21,1.68971141
2623.00000000,DELIVERY16,DELIVERY21,1.68971141
2624.00000000,DELIVERY16,DELIVERY21,1.68971141
2625.00000000,DELIVERY16,DELIVERY21,1.68971141
2626.00000000,DELIVERY16,DELIVERY21,1.68971141
2627.00000000,DELIVERY16,DELIVERY21,1.68971141
2628.00000000,DELIVERY16,DELIVERY21,1.68971141
2629.00000000,DELIVERY16,DELIVERY21,1.68971141
2634.00000000,DELIVERY16,DELIVERY21,0.60233978
2654.00000000,DELIVERY15,DELIVERY21,0.06029879
2665.00000000,DELIVERY17,DELIVERY20,2.79348090
2703.00000000,DELIVERY17,DELIVERY21,1.58538002
2736.00000000,DELIVERY16,DELIVERY18,1.33348157
2817.00000000,DELIVERY15,DELIVERY16,0.61841969
2862.00000000,DELIVERY17,DELIVERY20,0.35242605
2927.00000000,DELIVERY19,DELIVERY20,0.36847580
2929.00000000,DELIVERY19,DELIVERY20,1.52000542
2930.00000000,DELIVERY19,DELIVERY20,1.52000542
2931.00000000,DELIVERY19,DELIVERY20,1.52000542
2932.00000000,DELIVERY19,DELIVERY20,1.52000542
2933.00000000,DELIVERY19,DELIVERY20,1.52000542
2934.00000000,DELIVERY19,DELIVERY20,1.52000542
2935.00000000,DELIVERY19,DELIVERY20,1.52000542
2936.00000000,DELIVERY19,DELIVERY20,1.52000542
2937.00000000,DELIVERY19,DELIVERY20,1.52000542
2938.00000000,DELIVERY19,DELIVERY20,1.52000542
2939.00000000,DELIVERY19,DELIVERY20,1.52000542
2940.00000000,DELIVERY19,DELIVERY20,1.52000542
2941.00000000,DELIVERY19,DELIVERY20,1.52000542
2942.00000000,DELIVERY19,DELIVERY20,1.52000542
2943.00000000,DELIVERY19,DELIVERY20,1.52000542
2944.00000000,DELIVERY19,DELIVERY20,1.52000542
2949.00000000,DELIVERY19,DELIVERY20,0.88258663
3001.00000000,DELIVERY22,DELIVERY25,0.00000000
3002.00000000,DELIVERY22,DELIVERY25,0.00000000
3003.00000000,DELIVERY22,DELIVERY25,0.00000000
3004.00000000,DELIVERY22,DELIVERY25,0.00000000
3005.00000000,DELIVERY22,DELIVERY25,0.00000000
3006.00000000,DELIVERY22,DELIVERY25,0.00000000
3007.00000000,DELIVERY22,DELIVERY25,0.00000000
3008.00000000,DELIVERY22,DELIVERY25,0.00000000
3009.00000000,DELIVERY22,DELIVERY25,0.00000000
3010.00000000,DELIVERY22,DELIVERY25,0.00000000
3011.00000000,DELIVERY22,DELIVERY25,0.00000000
3012.00000000,DELIVERY22,DELIVERY25,0.00000000
3013.00000000,DELIVERY22,DELIVERY25,0.00000000
3014.00000000,DELIVERY22,DELIVERY25,0.00000000
3015.00000000,DELIVERY22,DELIVERY25,0.00000000
3016.00000000,DELIVERY22,DELIVERY25,0.00000000
3017.00000000,DELIVERY22,DELIVERY25,0.00000000
3018.00000000,DELIVERY22,DELIVERY25,0.00000000
3019.00000000,DELIVERY22,DELIVERY25,0.00000000
3020.00000000,DELIVERY22,DELIVERY25,0.00000000
3021.00000000,DELIVERY22,DELIVERY25,0.00000000
3022.00000000,DELIVERY22,DELIVERY25,0.00000000
3023.00000000,DELIVERY22,DELIVERY25,0.00000000
3024.00000000,DELIVERY22,DELIVERY25,0.00000000
3025.00000000,DELIVERY22,DELIVERY25,0.00000000
3026.00000000,DELIVERY22,DELIVERY25,0.00000000
3027.00000000,DELIVERY22,DELIVERY25,0.00000000
3028.00000000,DELIVERY22,DELIVERY25,0.00000000
3029.00000000,DELIVERY22,DELIVERY25,0.00000000
3030.00000000,DELIVERY22,DELIVERY25,0.00000000
3031.00000000,DELIVERY22,DELIVERY25,0.00834919
3032.00000000,DELIVERY22,DELIVERY25,0.02151351
3050.00000000,DELIVERY20,DELIVERY22,2.15371302
3196.00000000,DELIVERY22,DELIVERY25,0.00270012
3197.00000000,DELIVERY22,DELIVERY25,0.00270012
3198.00000000,DELIVERY22,DELIVERY25,0.00270012
3199.00000000,DELIVERY22,DELIVERY25,0.00270012
3200.00000000,DELIVERY22,DELIVERY25,0.00270012
3201.00000000,DELIVERY22,DELIVERY25,0.00270012
3202.00000000,DELIVERY22,DELIVERY25,0.00270012
3203.00000000,DELIVERY22,DELIVERY25,0.00270012
3204.00000000,DELIVERY22,DELIVERY25,0.00270012
3205.00000000,DELIVERY22,DELIVERY25,0.00270012
3206.00000000,DELIVERY22,DELIVERY25,0.00270012
3207.00000000,DELIVERY22,DELIVERY25,0.00270012
3208.00000000,DELIVERY22,DELIVERY25,0.00270012
3209.00000000,DELIVERY22,DELIVERY25,0.00270012
3210.00000000,DELIVERY22,DELIVERY25,0.00270012
3211.00000000,DELIVERY22,DELIVERY25,0.00270012
3212.00000000,DELIVERY22,DELIVERY25,0.00270012
3217.00000000,DELIVERY22,DELIVERY25,0.75918288
3258.00000000,DELIVERY19,DELIVERY24,1.86812994
3259.00000000,DELIVERY19,DELIVERY24,1.86812994
3260.00000000,DELIVERY19,DELIVERY24,1.86812994
3261.00000000,DELIVERY19,DELIVERY24,1.86812994
3262.00000000,DELIVERY19,DELIVERY24,1.86812994
3263.00000000,DELIVERY19,DELIVERY24,1.86812994
3264.00000000,DELIVERY19,DELIVERY24,1.86812994
3301.00000000,DELIVERY23,DELIVERY27,0.00000000
3301.00000000,DELIVERY23,DELIVERY28,0.00000000
3301.00000000,DELIVERY27,DELIVERY28,0.00000000
3302.00000000,DELIVERY23,DELIVERY27,0.00000000
3302.00000000,DELIVERY23,DELIVERY28,0.00000000
3302.00000000,DELIVERY27,DELIVERY28,0.00000000
3303.00000000,DELIVERY23,DELIVERY27,0.00000000
3303.00000000,DELIVERY23,DELIVERY28,0.00000000
3303.00000000,DELIVERY27,DELIVERY28,0.00000000
3304.00000000,DELIVERY23,DELIVERY27,0.00000000
3304.00000000,DELIVERY23,DELIVERY28,0.00000000
3304.00000000,DELIVERY27,DELIVERY28,0.00000000
3305.00000000,DELIVERY23,DELIVERY27,0.00000000
3305.00000000,DELIVERY23,DELIVERY28,0.00000000
3305.00000000,DELIVERY27,DELIVERY28,0.00000000
3306.00000000,DELIVERY23,DELIVERY27,0.00000000
3306.00000000,DELIVERY23,DELIVERY28,0.00000000
3306.00000000,DELIVERY27,DELIVERY28,0.00000000
3307.00000000,DELIVERY23,DELIVERY27,0.00000000
3307.00000000,DELIVERY23,DELIVERY28,0.00000000
3307.00000000,DELIVERY27,DELIVERY28,0.00000000
3308.00000000,DELIVERY23,DELIVERY27,0.00000000
3308.00000000,DELIVERY23,DELIVERY28,0.00000000
3308.00000000,DELIVERY27,DELIVERY28,0.00000000
3309.00000000,DELIVERY23,DELIVERY27,0.00000000
3309.00000000,DELIVERY23,DELIVERY28,0.00000000
3309.00000000,DELIVERY27,DELIVERY28,0.00000000
3310.00000000,DELIVERY23,DELIVERY27,0.00000000
3310.00000000,DELIVERY23,DELIVERY28,0.00000000
3310.00000000,DELIVERY27,DELIVERY28,0.00000000
3311.00000000,DELIVERY23,DELIVERY27,0.00000000
3311.00000000,DELIVERY23,DELIVERY28,0.00000000
3311.00000000,DELIVERY27,DELIVERY28,0.00000000
3312.00000000,DELIVERY23,DELIVERY27,0.00000000
3312.00000000,DELIVERY23,DELIVERY28,0.00000000
3312.00000000,DELIVERY27,DELIVERY28,0.00000000
3313.00000000,DELIVERY23,DELIVERY27,0.00000000
3313.00000000,DELIVERY23,DELIVERY28,0.00000000
3313.00000000,DELIVERY27,DELIVERY28,0.00000000
3314.00000000,DELIVERY23,DELIVERY27,0.00000000
3314.00000000,DELIVERY23,DELIVERY28,0.00000000
3314.00000000,DELIVERY27,DELIVERY28,0.00000000
3315.00000000,DELIVERY23,DELIVERY27,0.00000000
3315.00000000,DELIVERY23,DELIVERY28,0.00000000
3315.00000000,DELIVERY27,DELIVERY28,0.00000000
3316.00000000,DELIVERY23,DELIVERY27,0.00000000
3316.00000000,DELIVERY23,DELIVERY28,0.00000000
3316.00000000,DELIVERY27,DELIVERY28,0.00000000
3317.00000000,DELIVERY23,DELIVERY27,0.00000000
3317.00000000,DELIVERY23,DELIVERY28,0.00000000
3317.00000000,DELIVERY27,DELIVERY28,0.00000000
3318.00000000,DELIVERY23,DELIVERY27,0.00000000
3318.00000000,DELIVERY23,DELIVERY28,0.00000000
3318.00000000,DELIVERY27,DELIVERY28,0.00000000
3319.00000000,DELIVERY23,DELIVERY27,0.00000000
3319.00000000,DELIVERY23,DELIVERY28,0.00000000
3319.00000000,DELIVERY27,DELIVERY28,0.00000000
3320.00000000,DELIVERY23,DELIVERY27,0.00000000
3320.00000000,DELIVERY23,DELIVERY28,0.00000000
3320.00000000,DELIVERY27,DELIVERY28,0.00000000
3321.00000000,DELIVERY23,DELIVERY27,0.00000000
3321.00000000,DELIVERY23,DELIVERY28,0.00000000
3321.00000000,DELIVERY27,DELIVERY28,0.00000000
3322.00000000,DELIVERY23,DELIVERY27,0.00000000
3322.00000000,DELIVERY23,DELIVERY28,0.00000000
3322.00000000,DELIVERY27,DELIVERY28,0.00000000
3323.00000000,DELIVERY23,DELIVERY27,0.00000000
3323.00000000,DELIVERY23,DELIVERY28,0.00000000
3323.00000000,DELIVERY27,DELIVERY28,0.00000000
3324.00000000,DELIVERY23,DELIVERY27,0.00000000
3324.00000000,DELIVERY23,DELIVERY28,0.00000000
3324.00000000,DELIVERY27,DELIVERY28,0.00000000
3325.00000000,DELIVERY23,DELIVERY27,0.00000000
3325.00000000,DELIVERY23,DELIVERY28,0.00000000
3325.00000000,DELIVERY27,DELIVERY28,0.00000000
3326.00000000,DELIVERY23,DELIVERY27,0.00000000
3326.00000000,DELIVERY23,DELIVERY28,0.00000000
3326.00000000,DELIVERY27,DELIVERY28,0.00000000
3327.00000000,DELIVERY23,DELIVERY27,0.00000000
3327.00000000,DELIVERY23,DELIVERY28,0.00000000
3327.00000000,DELIVERY27,DELIVERY28,0.00000000
3328.00000000,DELIVERY23,DELIVERY27,0.00000000
3328.00000000,DELIVERY23,DELIVERY28,0.00000000
3328.00000000,DELIVERY27,DELIVERY28,0.00000000
3329.00000000,DELIVERY23,DELIVERY27,0.00000000
3329.00000000,DELIVERY23,DELIVERY28,0.00000000
3329.00000000,DELIVERY27,DELIVERY28,0.00000000
3330.00000000,DELIVERY23,DELIVERY27,0.00000000
3330.00000000,DELIVERY23,DELIVERY28,0.00000000
3330.00000000,DELIVERY27,DELIVERY28,0.00000000
3331.00000000,DELIVERY23,DELIVERY27,0.00000000
3331.00000000,DELIVERY23,DELIVERY28,0.00000000
3331.00000000,DELIVERY27,DELIVERY28,0.00000000
3332.00000000,DELIVERY23,DELIVERY27,0.00000000
3332.00000000,DELIVERY23,DELIVERY28,0.00000000
3332.00000000,DELIVERY27,DELIVERY28,0.00000000
3333.00000000,DELIVERY23,DELIVERY27,0.00000000
3333.00000000,DELIVERY23,DELIVERY28,0.00000000
3333.00000000,DELIVERY27,DELIVERY28,0.00000000
3334.00000000,DELIVERY23,DELIVERY27,0.00000000
3334.00000000,DELIVERY23,DELIVERY28,0.00000000
3334.00000000,DELIVERY27,DELIVERY28,0.00000000
3335.00000000,DELIVERY23,DELIVERY27,0.00000000
3335.00000000,DELIVERY23,DELIVERY28,0.00000000
3335.00000000,DELIVERY27,DELIVERY28,0.00000000
3336.00000000,DELIVERY23,DELIVERY27,0.00000000
3336.00000000,DELIVERY23,DELIVERY28,0.00000000
3336.00000000,DELIVERY27,DELIVERY28,0.00000000
3337.00000000,DELIVERY23,DELIVERY27,0.00000000
3337.00000000,DELIVERY23,DELIVERY28,0.00000000
3337.00000000,DELIVERY27,DELIVERY28,0.00000000
3338.00000000,DELIVERY23,DELIVERY27,0.00000000
3338.00000000,DELIVERY23,DELIVERY28,0.00000000
3338.00000000,DELIVERY27,DELIVERY28,0.00000000
3339.00000000,DELIVERY23,DELIVERY27,0.00000000
3339.00000000,DELIVERY23,DELIVERY28,0.00000000
3339.00000000,DELIVERY27,DELIVERY28,0.00000000
3340.00000000,DELIVERY23,DELIVERY27,0.00000000
3340.00000000,DELIVERY23,DELIVERY28,0.00000000
3340.00000000,DELIVERY27,DELIVERY28,0.00000000
3341.00000000,DELIVERY23,DELIVERY27,0.00000000
3341.00000000,DELIVERY23,DELIVERY28,0.00000000
3341.00000000,DELIVERY27,DELIVERY28,0.00000000
3342.00000000,DELIVERY23,DELIVERY27,0.00000000
3342.00000000,DELIVERY23,DELIVERY28,0.00000000
3342.00000000,DELIVERY27,DELIVERY28,0.00000000
3343.00000000,DELIVERY23,DELIVERY27,0.00000000
3343.00000000,DELIVERY23,DELIVERY28,0.00000000
3343.00000000,DELIVERY27,DELIVERY28,0.00000000
3344.00000000,DELIVERY23,DELIVERY27,0.00000000
3344.00000000,DELIVERY23,DELIVERY28,0.00000000
3344.00000000,DELIVERY27,DELIVERY28,0.00000000
3345.00000000,DELIVERY23,DELIVERY27,0.00000000
3345.00000000,DELIVERY23,DELIVERY28,0.00000000
3345.00000000,DELIVERY27,DELIVERY28,0.00000000
3346.00000000,DELIVERY23,DELIVERY27,0.00000000
3346.00000000,DELIVERY23,DELIVERY28,0.00000000
3346.00000000,DELIVERY27,DELIVERY28,0.00000000
3347.00000000,DELIVERY23,DELIVERY27,0.00000000
3347.00000000,DELIVERY23,DELIVERY28,0.00000000
3347.00000000,DELIVERY27,DELIVERY28,0.00000000
3348.00000000,DELIVERY23,DELIVERY27,0.00000000
3348.00000000,DELIVERY23,DELIVERY28,0.00000000
3348.00000000,DELIVERY27,DELIVERY28,0.00000000
3349.00000000,DELIVERY23,DELIVERY27,0.00000000
3349.00000000,DELIVERY23,DELIVERY28,0.00000000
3349.00000000,DELIVERY27,DELIVERY28,0.00000000
3350.00000000,DELIVERY23,DELIVERY27,0.00000000
3350.00000000,DELIVERY23,DELIVERY28,0.00000000
3350.00000000,DELIVERY27,DELIVERY28,0.00000000
3351.00000000,DELIVERY23,DELIVERY27,0.00000000
3351.00000000,DELIVERY23,DELIVERY28,0.00000000
3351.00000000,DELIVERY27,DELIVERY28,0.00000000
3352.00000000,DELIVERY23,DELIVERY27,0.00000000
3352.00000000,DELIVERY23,DELIVERY28,0.00000000
3352.00000000,DELIVERY27,DELIVERY28,0.00000000
3353.00000000,DELIVERY23,DELIVERY27,0.00000000
3353.00000000,DELIVERY23,DELIVERY28,0.00000000
3353.00000000,DELIVERY27,DELIVERY28,0.00000000
3354.00000000,DELIVERY23,DELIVERY27,0.00000000
3354.00000000,DELIVERY23,DELIVERY28,0.00000000
3354.00000000,DELIVERY27,DELIVERY28,0.00000000
3355.00000000,DELIVERY23,DELIVERY27,0.00000000
3355.00000000,DELIVERY23,DELIVERY28,0.00000000
3355.00000000,DELIVERY27,DELIVERY28,0.00000000
3356.00000000,DELIVERY23,DELIVERY27,0.00000000
3356.00000000,DELIVERY23,DELIVERY28,0.00000000
3356.00000000,DELIVERY27,DELIVERY28,0.00000000
3357.00000000,DELIVERY23,DELIVERY27,0.00000000
3357.00000000,DELIVERY23,DELIVERY28,0.00000000
3357.00000000,DELIVERY27,DELIVERY28,0.00000000
3358.00000000,DELIVERY23,DELIVERY27,0.00000000
3358.00000000,DELIVERY23,DELIVERY28,0.00000000
3358.00000000,DELIVERY27,DELIVERY28,0.00000000
3359.00000000,DELIVERY23,DELIVERY27,0.00000000
3359.00000000,DELIVERY23,DELIVERY28,0.00000000
3359.00000000,DELIVERY27,DELIVERY28,0.00000000
3360.00000000,DELIVERY23,DELIVERY27,0.00000000
3360.00000000,DELIVERY23,DELIVERY28,0.00000000
3360.00000000,DELIVERY27,DELIVERY28,0.00000000
3361.00000000,DELIVERY23,DELIVERY27,0.00000000
3361.00000000,DELIVERY23,DELIVERY28,0.00000000
3361.00000000,DELIVERY27,DELIVERY28,0.00000000
3362.00000000,DELIVERY23,DELIVERY27,0.00000000
3362.00000000,DELIVERY23,DELIVERY28,0.00000000
3362.00000000,DELIVERY27,DELIVERY28,0.00000000
3363.00000000,DELIVERY23,DELIVERY27,0.00000000
3363.00000000,DELIVERY23,DELIVERY28,0.00000000
3363.00000000,DELIVERY27,DELIVERY28,0.00000000
3364.00000000,DELIVERY23,DELIVERY27,0.00000000
3364.00000000,DELIVERY23,DELIVERY28,0.00000000
3364.00000000,DELIVERY27,DELIVERY28,0.00000000
3365.00000000,DELIVERY23,DELIVERY27,0.00000000
3365.00000000,DELIVERY23,DELIVERY28,0.00000000
3365.00000000,DELIVERY27,DELIVERY28,0.00000000
3366.00000000,DELIVERY23,DELIVERY27,0.00000000
3366.00000000,DELIVERY23,DELIVERY28,0.00000000
3366.00000000,DELIVERY27,DELIVERY28,0.00000000
3367.00000000,DELIVERY23,DELIVERY27,0.00000000
3367.00000000,DELIVERY23,DELIVERY28,0.00000000
3367.00000000,DELIVERY27,DELIVERY28,0.00000000
3368.00000000,DELIVERY23,DELIVERY27,0.00000000
3368.00000000,DELIVERY23,DELIVERY28,0.00000000
3368.00000000,DELIVERY27,DELIVERY28,0.00000000
3369.00000000,DELIVERY23,DELIVERY27,0.00000000
3369.00000000,DELIVERY23,DELIVERY28,0.00000000
3369.00000000,DELIVERY27,DELIVERY28,0.00000000
3370.00000000,DELIVERY23,DELIVERY27,0.00000000
3370.00000000,DELIVERY23,DELIVERY28,0.00000000
3370.00000000,DELIVERY27,DELIVERY28,0.00000000
3371.00000000,DELIVERY23,DELIVERY27,0.00000000
3371.00000000,DELIVERY23,DELIVERY28,0.00000000
3371.00000000,DELIVERY27,DELIVERY28,0.00000000
3372.00000000,DELIVERY23,DELIVERY27,0.00000000
3372.00000000,DELIVERY23,DELIVERY28,0.00000000
3372.00000000,DELIVERY27,DELIVERY28,0.00000000
3373.00000000,DELIVERY23,DELIVERY27,0.00000000
3373.00000000,DELIVERY23,DELIVERY28,0.00000000
3373.00000000,DELIVERY27,DELIVERY28,0.00000000
3374.00000000,DELIVERY23,DELIVERY27,0.00000000
3374.00000000,DELIVERY23,DELIVERY28,0.00000000
3374.00000000,DELIVERY27,DELIVERY28,0.00000000
3375.00000000,DELIVERY23,DELIVERY27,0.00000000
3375.00000000,DELIVERY23,DELIVERY28,0.00000000
3375.00000000,DELIVERY27,DELIVERY28,0.00000000
3376.00000000,DELIVERY23,DELIVERY27,0.00000000
3376.00000000,DELIVERY23,DELIVERY28,0.00000000
3376.00000000,DELIVERY27,DELIVERY28,0.00000000
3377.00000000,DELIVERY23,DELIVERY27,0.00000000
3377.00000000,DELIVERY23,DELIVERY28,0.00000000
3377.00000000,DELIVERY27,DELIVERY28,0.00000000
3378.00000000,DELIVERY23,DELIVERY27,0.00000000
3378.00000000,DELIVERY23,DELIVERY28,0.00000000
3378.00000000,DELIVERY27,DELIVERY28,0.00000000
3379.00000000,DELIVERY23,DELIVERY27,0.00000000
3379.00000000,DELIVERY23,DELIVERY28,0.00000000
3379.00000000,DELIVERY27,DELIVERY28,0.00000000
3380.00000000,DELIVERY23,DELIVERY27,0.00000000
3380.00000000,DELIVERY23,DELIVERY28,0.00000000
3380.00000000,DELIVERY27,DELIVERY28,0.00000000
3381.00000000,DELIVERY23,DELIVERY27,0.00000000
3381.00000000,DELIVERY23,DELIVERY28,0.00000000
3381.00000000,DELIVERY27,DELIVERY28,0.00000000
3382.00000000,DELIVERY23,DELIVERY27,0.00000000
3382.00000000,DELIVERY23,DELIVERY28,0.00000000
3382.00000000,DELIVERY27,DELIVERY28,0.00000000
3383.00000000,DELIVERY23,DELIVERY27,0.00000000
3383.00000000,DELIVERY23,DELIVERY28,0.00000000
3383.00000000,DELIVERY27,DELIVERY28,0.00000000
3384.00000000,DELIVERY23,DELIVERY27,0.00000000
3384.00000000,DELIVERY23,DELIVERY28,0.00000000
3384.00000000,DELIVERY27,DELIVERY28,0.00000000
3385.00000000,DELIVERY23,DELIVERY27,0.00000000
3385.00000000,DELIVERY23,DELIVERY28,0.00000000
3385.00000000,DELIVERY27,DELIVERY28,0.00000000
3394.00000000,DELIVERY23,DELIVERY27,0.00000000
3394.00000000,DELIVERY23,DELIVERY28,0.00000000
3394.00000000,DELIVERY27,DELIVERY28,0.00000000
3395.00000000,DELIVERY23,DELIVERY27,0.00000000
3395.00000000,DELIVERY23,DELIVERY28,0.00000000
3395.00000000,DELIVERY27,DELIVERY28,0.00000000
3396.00000000,DELIVERY23,DELIVERY27,0.00000000
3396.00000000,DELIVERY23,DELIVERY28,0.00000000
3396.00000000,DELIVERY27,DELIVERY28,0.00000000
3397.00000000,DELIVERY23,DELIVERY27,0.00000000
3397.00000000,DELIVERY23,DELIVERY28,0.00000000
3397.00000000,DELIVERY27,DELIVERY28,0.00000000
3398.00000000,DELIVERY23,DELIVERY27,0.00000000
3398.00000000,DELIVERY23,DELIVERY28,0.00000000
3398.00000000,DELIVERY27,DELIVERY28,0.00000000
3399.00000000,DELIVERY23,DELIVERY27,0.00000000
3399.00000000,DELIVERY23,DELIVERY28,0.00000000
3399.00000000,DELIVERY27,DELIVERY28,0.00000000
3400.00000000,DELIVERY23,DELIVERY27,0.00000000
3400.00000000,DELIVERY23,DELIVERY28,0.00000000
3400.00000000,DELIVERY27,DELIVERY28,0.00000000
3401.00000000,DELIVERY23,DELIVERY27,0.00000000
3401.00000000,DELIVERY23,DELIVERY28,0.00000000
3401.00000000,DELIVERY27,DELIVERY28,0.00000000
3402.00000000,DELIVERY23,DELIVERY27,0.00000000
3402.00000000,DELIVERY23,DELIVERY28,0.00000000
3402.00000000,DELIVERY27,DELIVERY28,0.00000000
3403.00000000,DELIVERY23,DELIVERY27,0.00000000
3403.00000000,DELIVERY23,DELIVERY28,0.00000000
3403.00000000,DELIVERY27,DELIVERY28,0.00000000
3404.00000000,DELIVERY23,DELIVERY27,0.00000000
3404.00000000,DELIVERY23,DELIVERY28,0.00000000
3404.00000000,DELIVERY27,DELIVERY28,0.00000000
3405.00000000,DELIVERY23,DELIVERY27,0.00000000
3405.00000000,DELIVERY23,DELIVERY28,0.00000000
3405.00000000,DELIVERY27,DELIVERY28,0.00000000
3406.00000000,DELIVERY23,DELIVERY27,0.00000000
3406.00000000,DELIVERY23,DELIVERY28,0.00000000
3406.00000000,DELIVERY27,DELIVERY28,0.00000000
3407.00000000,DELIVERY23,DELIVERY27,0.00000000
3407.00000000,DELIVERY23,DELIVERY28,0.00000000
3407.00000000,DELIVERY27,DELIVERY28,0.00000000
3408.00000000,DELIVERY23,DELIVERY27,0.00000000
3408.00000000,DELIVERY23,DELIVERY28,0.00000000
3408.00000000,DELIVERY27,DELIVERY28,0.00000000
3409.00000000,DELIVERY23,DELIVERY27,0.00000000
3409.00000000,DELIVERY23,DELIVERY28,0.00000000
3409.00000000,DELIVERY27,DELIVERY28,0.00000000
3410.00000000,DELIVERY23,DELIVERY27,0.00000000
3410.00000000,DELIVERY23,DELIVERY28,0.00000000
3410.00000000,DELIVERY27,DELIVERY28,0.00000000
3411.00000000,DELIVERY23,DELIVERY27,0.00000000
3411.00000000,DELIVERY23,DELIVERY28,0.00000000
3411.00000000,DELIVERY27,DELIVERY28,0.00000000
3412.00000000,DELIVERY23,DELIVERY27,0.00000000
3412.00000000,DELIVERY23,DELIVERY28,0.00000000
3412.00000000,DELIVERY27,DELIVERY28,0.00000000
3413.00000000,DELIVERY23,DELIVERY27,0.00000000
3413.00000000,DELIVERY23,DELIVERY28,0.00000000
3413.00000000,DELIVERY27,DELIVERY28,0.00000000
3414.00000000,DELIVERY23,DELIVERY27,0.00000000
3414.00000000,DELIVERY23,DELIVERY28,0.00000000
3414.00000000,DELIVERY27,DELIVERY28,0.00000000
3415.00000000,DELIVERY23,DELIVERY27,0.00000000
3415.00000000,DELIVERY23,DELIVERY28,0.00000000
3415.00000000,DELIVERY27,DELIVERY28,0.00000000
3416.00000000,DELIVERY23,DELIVERY27,0.00000000
3416.00000000,DELIVERY23,DELIVERY28,0.00000000
3416.00000000,DELIVERY27,DELIVERY28,0.00000000
3417.00000000,DELIVERY23,DELIVERY27,0.00000000
3417.00000000,DELIVERY23,DELIVERY28,0.00000000
3417.00000000,DELIVERY27,DELIVERY28,0.00000000
3418.00000000,DELIVERY23,DELIVERY27,0.00000000
3418.00000000,DELIVERY23,DELIVERY28,0.00000000
3418.00000000,DELIVERY27,DELIVERY28,0.00000000
3419.00000000,DELIVERY23,DELIVERY27,0.00000000
3419.00000000,DELIVERY23,DELIVERY28,0.00000000
3419.00000000,DELIVERY27,DELIVERY28,0.00000000
3420.00000000,DELIVERY23,DELIVERY27,0.00000000
3420.00000000,DELIVERY23,DELIVERY28,0.00000000
3420.00000000,DELIVERY27,DELIVERY28,0.00000000
3421.00000000,DELIVERY23,DELIVERY27,0.00000000
3421.00000000,DELIVERY23,DELIVERY28,0.00000000
3421.00000000,DELIVERY27,DELIVERY28,0.00000000
3422.00000000,DELIVERY23,DELIVERY27,0.00000000
3422.00000000,DELIVERY23,DELIVERY28,0.00000000
3422.00000000,DELIVERY27,DELIVERY28,0.00000000
3423.00000000,DELIVERY23,DELIVERY27,0.00000000
3423.00000000,DELIVERY23,DELIVERY28,0.00000000
3423.00000000,DELIVERY27,DELIVERY28,0.00000000
3424.00000000,DELIVERY23,DELIVERY27,0.00000000
3424.00000000,DELIVERY23,DELIVERY28,0.00000000
3424.00000000,DELIVERY27,DELIVERY28,0.00000000
3425.00000000,DELIVERY23,DELIVERY27,0.00000000
3425.00000000,DELIVERY23,DELIVERY28,0.00000000
3425.00000000,DELIVERY27,DELIVERY28,0.00000000
3426.00000000,DELIVERY23,DELIVERY27,0.00000000
3426.00000000,DELIVERY23,DELIVERY28,0.00000000
3426.00000000,DELIVERY27,DELIVERY28,0.00000000
3427.00000000,DELIVERY23,DELIVERY27,0.00000000
3427.00000000,DELIVERY23,DELIVERY28,0.00000000
3427.00000000,DELIVERY27,DELIVERY28,0.00000000
3428.00000000,DELIVERY23,DELIVERY27,0.00000000
3428.00000000,DELIVERY23,DELIVERY28,0.00000000
3428.00000000,DELIVERY27,DELIVERY28,0.00000000
3429.00000000,DELIVERY23,DELIVERY27,0.00000000
3429.00000000,DELIVERY23,DELIVERY28,0.00000000
3429.00000000,DELIVERY27,DELIVERY28,0.00000000
3430.00000000,DELIVERY23,DELIVERY27,0.00000000
3430.00000000,DELIVERY23,DELIVERY28,0.00000000
3430.00000000,DELIVERY27,DELIVERY28,0.00000000
3431.00000000,DELIVERY23,DELIVERY27,0.00000000
3431.00000000,DELIVERY23,DELIVERY28,0.00000000
3431.00000000,DELIVERY27,DELIVERY28,0.00000000
3432.00000000,DELIVERY23,DELIVERY27,0.00000000
3432.00000000,DELIVERY23,DELIVERY28,0.00000000
3432.00000000,DELIVERY27,DELIVERY28,0.00000000
3433.00000000,DELIVERY23,DELIVERY27,0.00000000
3433.00000000,DELIVERY23,DELIVERY28,0.00000000
3433.00000000,DELIVERY27,DELIVERY28,0.00000000
3434.00000000,DELIVERY23,DELIVERY27,0.00000000
3434.00000000,DELIVERY23,DELIVERY28,0.00000000
3434.00000000,DELIVERY27,DELIVERY28,0.00000000
3435.00000000,DELIVERY23,DELIVERY27,0.00000000
3435.00000000,DELIVERY23,DELIVERY28,0.00000000
3435.00000000,DELIVERY27,DELIVERY28,0.00000000
3436.00000000,DELIVERY23,DELIVERY27,0.00000000
3436.00000000,DELIVERY23,DELIVERY28,0.00000000
3436.00000000,DELIVERY27,DELIVERY28,0.00000000
3437.00000000,DELIVERY23,DELIVERY27,0.00000000
3437.00000000,DELIVERY23,DELIVERY28,0.00000000
3437.00000000,DELIVERY27,DELIVERY28,0.00000000
3438.00000000,DELIVERY23,DELIVERY27,0.00000000
3438.00000000,DELIVERY23,DELIVERY28,0.00000000
3438.00000000,DELIVERY27,DELIVERY28,0.00000000
3439.00000000,DELIVERY23,DELIVERY27,0.00000000
3439.00000000,DELIVERY23,DELIVERY28,0.00000000
3439.00000000,DELIVERY27,DELIVERY28,0.00000000
3440.00000000,DELIVERY23,DELIVERY27,0.00000000
3440.00000000,DELIVERY23,DELIVERY28,0.00000000
3440.00000000,DELIVERY27,DELIVERY28,0.00000000
3441.00000000,DELIVERY23,DELIVERY27,0.00000000
3441.00000000,DELIVERY23,DELIVERY28,0.00000000
3441.00000000,DELIVERY27,DELIVERY28,0.00000000
3442.00000000,DELIVERY23,DELIVERY27,0.00000000
3442.00000000,DELIVERY23,DELIVERY28,0.00000000
3442.00000000,DELIVERY27,DELIVERY28,0.00000000
3443.00000000,DELIVERY23,DELIVERY27,0.00000000
3443.00000000,DELIVERY23,DELIVERY28,0.00000000
3443.00000000,DELIVERY27,DELIVERY28,0.00000000
3444.00000000,DELIVERY23,DELIVERY27,0.00000000
3444.00000000,DELIVERY23,DELIVERY28,0.00000000
3444.00000000,DELIVERY27,DELIVERY28,0.00000000
3445.00000000,DELIVERY23,DELIVERY27,0.00000000
3445.00000000,DELIVERY23,DELIVERY28,0.00000000
3445.00000000,DELIVERY27,DELIVERY28,0.00000000
3446.00000000,DELIVERY23,DELIVERY27,0.00000000
3446.00000000,DELIVERY23,DELIVERY28,0.00000000
3446.00000000,DELIVERY27,DELIVERY28,0.00000000
3447.00000000,DELIVERY23,DELIVERY27,0.00000000
3447.00000000,DELIVERY23,DELIVERY28,0.00000000
3447.00000000,DELIVERY27,DELIVERY28,0.00000000
3448.00000000,DELIVERY23,DELIVERY27,0.00000000
3448.00000000,DELIVERY23,DELIVERY28,0.00000000
3448.00000000,DELIVERY27,DELIVERY28,0.00000000
3449.00000000,DELIVERY23,DELIVERY27,0.00000000
3449.00000000,DELIVERY23,DELIVERY28,0.00000000
3449.00000000,DELIVERY27,DELIVERY28,0.00000000
3450.00000000,DELIVERY23,DELIVERY27,0.00000000
3450.00000000,DELIVERY23,DELIVERY28,0.00000000
3450.00000000,DELIVERY27,DELIVERY28,0.00000000
3451.00000000,DELIVERY23,DELIVERY27,0.00000000
3451.00000000,DELIVERY23,DELIVERY28,0.00000000
3451.00000000,DELIVERY27,DELIVERY28,0.00000000
3452.00000000,DELIVERY23,DELIVERY27,0.00000000
3452.00000000,DELIVERY23,DELIVERY28,0.00000000
3452.00000000,DELIVERY27,DELIVERY28,0.00000000
3453.00000000,DELIVERY23,DELIVERY27,0.00000000
3453.00000000,DELIVERY23,DELIVERY28,0.00000000
3453.00000000,DELIVERY27,DELIVERY28,0.00000000
3454.00000000,DELIVERY23,DELIVERY27,0.00000000
3454.00000000,DELIVERY23,DELIVERY28,0.00000000
3454.00000000,DELIVERY27,DELIVERY28,0.00000000
3455.00000000,DELIVERY23,DELIVERY27,0.00000000
3455.00000000,DELIVERY23,DELIVERY28,0.00000000
3455.00000000,DELIVERY27,DELIVERY28,0.00000000
3456.00000000,DELIVERY23,DELIVERY27,0.00000000
3456.00000000,DELIVERY23,DELIVERY28,0.00000000
3456.00000000,DELIVERY27,DELIVERY28,0.00000000
3457.00000000,DELIVERY23,DELIVERY27,0.00000000
3457.00000000,DELIVERY23,DELIVERY28,0.00000000
3457.00000000,DELIVERY27,DELIVERY28,0.00000000
3458.00000000,DELIVERY23,DELIVERY27,0.00000000
3458.00000000,DELIVERY23,DELIVERY28,0.00000000
3458.00000000,DELIVERY27,DELIVERY28,0.00000000
3459.00000000,DELIVERY23,DELIVERY27,0.00000000
3459.00000000,DELIVERY23,DELIVERY28,0.00000000
3459.00000000,DELIVERY27,DELIVERY28,0.00000000
3460.00000000,DELIVERY23,DELIVERY27,0.00000000
3460.00000000,DELIVERY23,DELIVERY28,0.00000000
3460.00000000,DELIVERY27,DELIVERY28,0.00000000
3461.00000000,DELIVERY23,DELIVERY27,0.00000000
3461.00000000,DELIVERY23,DELIVERY28,0.00000000
3461.00000000,DELIVERY27,DELIVERY28,0.00000000
3462.00000000,DELIVERY23,DELIVERY27,0.00000000
3462.00000000,DELIVERY23,DELIVERY28,0.00000000
3462.00000000,DELIVERY27,DELIVERY28,0.00000000
3463.00000000,DELIVERY23,DELIVERY27,0.00000000
3463.00000000,DELIVERY23,DELIVERY28,0.00000000
3463.00000000,DELIVERY27,DELIVERY28,0.00000000
3464.00000000,DELIVERY23,DELIVERY27,0.00000000
3464.00000000,DELIVERY23,DELIVERY28,0.00000000
3464.00000000,DELIVERY27,DELIVERY28,0.00000000
3465.00000000,DELIVERY23,DELIVERY27,0.00000000
3465.00000000,DELIVERY23,DELIVERY28,0.00000000
3465.00000000,DELIVERY27,DELIVERY28,0.00000000
3466.00000000,DELIVERY23,DELIVERY27,0.00000000
3466.00000000,DELIVERY23,DELIVERY28,0.00000000
3466.00000000,DELIVERY27,DELIVERY28,0.00000000
3467.00000000,DELIVERY23,DELIVERY27,0.00000000
3467.00000000,DELIVERY23,DELIVERY28,0.00000000
3467.00000000,DELIVERY27,DELIVERY28,0.00000000
3468.00000000,DELIVERY23,DELIVERY27,0.00000000
3468.00000000,DELIVERY23,DELIVERY28,0.00000000
3468.00000000,DELIVERY27,DELIVERY28,0.00000000
3469.00000000,DELIVERY23,DELIVERY27,0.00000000
3469.00000000,DELIVERY23,DELIVERY28,0.00000000
3469.00000000,DELIVERY27,DELIVERY28,0.00000000
3470.00000000,DELIVERY23,DELIVERY27,0.00000000
3470.00000000,DELIVERY23,DELIVERY28,0.00000000
3470.00000000,DELIVERY27,DELIVERY28,0.00000000
3471.00000000,DELIVERY23,DELIVERY27,0.00000000
3471.00000000,DELIVERY23,DELIVERY28,0.00000000
3471.00000000,DELIVERY27,DELIVERY28,0.00000000
3472.00000000,DELIVERY23,DELIVERY27,0.00000000
3472.00000000,DELIVERY23,DELIVERY28,0.00000000
3472.00000000,DELIVERY27,DELIVERY28,0.00000000
3473.00000000,DELIVERY23,DELIVERY27,0.00000000
3473.00000000,DELIVERY23,DELIVERY28,0.00000000
3473.00000000,DELIVERY27,DELIVERY28,0.00000000
3474.00000000,DELIVERY23,DELIVERY27,0.00000000
3474.00000000,DELIVERY23,DELIVERY28,0.00000000
3474.00000000,DELIVERY27,DELIVERY28,0.00000000
3475.00000000,DELIVERY23,DELIVERY27,0.00000000
3475.00000000,DELIVERY23,DELIVERY28,0.00000000
3475.00000000,DELIVERY27,DELIVERY28,0.00000000
3476.00000000,DELIVERY23,DELIVERY27,0.00000000
3476.00000000,DELIVERY23,DELIVERY28,0.00000000
3476.00000000,DELIVERY27,DELIVERY28,0.00000000
3477.00000000,DELIVERY23,DELIVERY27,0.00000000
3477.00000000,DELIVERY23,DELIVERY28,0.00000000
3477.00000000,DELIVERY27,DELIVERY28,0.00000000
3478.00000000,DELIVERY23,DELIVERY27,0.00000000
3478.00000000,DELIVERY23,DELIVERY28,0.00000000
3478.00000000,DELIVERY27,DELIVERY28,0.00000000
3479.00000000,DELIVERY23,DELIVERY27,0.00000000
3479.00000000,DELIVERY23,DELIVERY28,0.00000000
3479.00000000,DELIVERY27,DELIVERY28,0.00000000
3480.00000000,DELIVERY23,DELIVERY27,0.00000000
3480.00000000,DELIVERY23,DELIVERY28,0.00000000
3480.00000000,DELIVERY27,DELIVERY28,0.00000000
3481.00000000,DELIVERY23,DELIVERY27,0.00000000
3481.00000000,DELIVERY23,DELIVERY28,0.00000000
3481.00000000,DELIVERY27,DELIVERY28,0.00000000
3482.00000000,DELIVERY23,DELIVERY27,0.00000000
3482.00000000,DELIVERY23,DELIVERY28,0.00000000
3482.00000000,DELIVERY27,DELIVERY28,0.00000000
3483.00000000,DELIVERY23,DELIVERY27,0.00000000
3483.00000000,DELIVERY23,DELIVERY28,0.00000000
3483.00000000,DELIVERY27,DELIVERY28,0.00000000
3484.00000000,DELIVERY23,DELIVERY27,0.00000000
3484.00000000,DELIVERY23,DELIVERY28,0.00000000
3484.00000000,DELIVERY27,DELIVERY28,0.00000000
3485.00000000,DELIVERY23,DELIVERY27,0.00000000
3485.00000000,DELIVERY23,DELIVERY28,0.00000000
3485.00000000,DELIVERY27,DELIVERY28,0.00000000
3486.00000000,DELIVERY23,DELIVERY27,0.00000000
3486.00000000,DELIVERY23,DELIVERY28,0.00000000
3486.00000000,DELIVERY27,DELIVERY28,0.00000000
3487.00000000,DELIVERY23,DELIVERY27,0.00000000
3487.00000000,DELIVERY23,DELIVERY28,0.00000000
3487.00000000,DELIVERY27,DELIVERY28,0.00000000
3488.00000000,DELIVERY23,DELIVERY27,0.00000000
3488.00000000,DELIVERY23,DELIVERY28,0.00000000
3488.00000000,DELIVERY27,DELIVERY28,0.00000000
3489.00000000,DELIVERY23,DELIVERY27,0.00000000
3489.00000000,DELIVERY23,DELIVERY28,0.00000000
3489.00000000,DELIVERY27,DELIVERY28,0.00000000
3490.00000000,DELIVERY23,DELIVERY27,0.00000000
3490.00000000,DELIVERY23,DELIVERY28,0.00000000
3490.00000000,DELIVERY27,DELIVERY28,0.00000000
3491.00000000,DELIVERY23,DELIVERY27,0.00000000
3491.00000000,DELIVERY23,DELIVERY28,0.00000000
3491.00000000,DELIVERY27,DELIVERY28,0.00000000
3492.00000000,DELIVERY23,DELIVERY27,0.00000000
3492.00000000,DELIVERY23,DELIVERY28,0.00000000
3492.00000000,DELIVERY27,DELIVERY28,0.00000000
3493.00000000,DELIVERY23,DELIVERY27,0.00000000
3493.00000000,DELIVERY23,DELIVERY28,0.00000000
3493.00000000,DELIVERY27,DELIVERY28,0.00000000
3494.00000000,DELIVERY23,DELIVERY27,0.00000000
3494.00000000,DELIVERY23,DELIVERY28,0.00000000
3494.00000000,DELIVERY27,DELIVERY28,0.00000000
3495.00000000,DELIVERY23,DELIVERY27,0.00000000
3495.00000000,DELIVERY23,DELIVERY28,0.00000000
3495.00000000,DELIVERY27,DELIVERY28,0.00000000
3496.00000000,DELIVERY23,DELIVERY27,0.00000000
3496.00000000,DELIVERY23,DELIVERY28,0.00000000
3496.00000000,DELIVERY27,DELIVERY28,0.00000000
3497.00000000,DELIVERY23,DELIVERY27,0.00000000
3497.00000000,DELIVERY23,DELIVERY28,0.00000000
3497.00000000,DELIVERY27,DELIVERY28,0.00000000
3498.00000000,DELIVERY23,DELIVERY27,0.00000000
3498.00000000,DELIVERY23,DELIVERY28,0.00000000
3498.00000000,DELIVERY27,DELIVERY28,0.00000000
3499.00000000,DELIVERY23,DELIVERY27,0.00000000
3499.00000000,DELIVERY23,DELIVERY28,0.00000000
3499.00000000,DELIVERY27,DELIVERY28,0.00000000
3500.00000000,DELIVERY23,DELIVERY27,0.00000000
3500.00000000,DELIVERY23,DELIVERY28,0.00000000
3500.00000000,DELIVERY27,DELIVERY28,0.00000000
3501.00000000,DELIVERY23,DELIVERY27,0.00000000
3501.00000000,DELIVERY23,DELIVERY28,0.00000000
3501.00000000,DELIVERY27,DELIVERY28,0.00000000
3502.00000000,DELIVERY23,DELIVERY27,0.00000000
3502.00000000,DELIVERY23,DELIVERY28,0.00000000
3502.00000000,DELIVERY27,DELIVERY28,0.00000000
3503.00000000,DELIVERY23,DELIVERY27,0.00000000
3503.00000000,DELIVERY23,DELIVERY28,0.00000000
3503.00000000,DELIVERY27,DELIVERY28,0.00000000
3504.00000000,DELIVERY23,DELIVERY27,0.00000000
3504.00000000,DELIVERY23,DELIVERY28,0.00000000
3504.00000000,DELIVERY27,DELIVERY28,0.00000000
3505.00000000,DELIVERY23,DELIVERY27,0.00000000
3505.00000000,DELIVERY23,DELIVERY28,0.00000000
3505.00000000,DELIVERY27,DELIVERY28,0.00000000
3506.00000000,DELIVERY23,DELIVERY27,0.00000000
3506.00000000,DELIVERY23,DELIVERY28,0.00000000
3506.00000000,DELIVERY27,DELIVERY28,0.00000000
3507.00000000,DELIVERY23,DELIVERY27,0.00000000
3507.00000000,DELIVERY23,DELIVERY28,0.00000000
3507.00000000,DELIVERY27,DELIVERY28,0.00000000
3508.00000000,DELIVERY23,DELIVERY27,0.00000000
3508.00000000,DELIVERY23,DELIVERY28,0.00000000
3508.00000000,DELIVERY27,DELIVERY28,0.00000000
3509.00000000,DELIVERY23,DELIVERY27,0.00000000
3509.00000000,DELIVERY23,DELIVERY28,0.00000000
3509.00000000,DELIVERY27,DELIVERY28,0.00000000
3510.00000000,DELIVERY23,DELIVERY27,0.00000000
3510.00000000,DELIVERY23,DELIVERY28,0.00000000
3510.00000000,DELIVERY27,DELIVERY28,0.00000000
3511.00000000,DELIVERY23,DELIVERY27,0.00000000
3511.00000000,DELIVERY23,DELIVERY28,0.00000000
3511.00000000,DELIVERY27,DELIVERY28,0.00000000
3512.00000000,DELIVERY23,DELIVERY27,0.00000000
3512.00000000,DELIVERY23,DELIVERY28,0.00000000
3512.00000000,DELIVERY27,DELIVERY28,0.00000000
3513.00000000,DELIVERY23,DELIVERY27,0.00000000
3513.00000000,DELIVERY23,DELIVERY28,0.00000000
3513.00000000,DELIVERY27,DELIVERY28,0.00000000
3514.00000000,DELIVERY23,DELIVERY27,0.00000000
3514.00000000,DELIVERY23,DELIVERY28,0.00000000
3514.00000000,DELIVERY27,DELIVERY28,0.00000000
3515.00000000,DELIVERY23,DELIVERY27,0.00000000
3515.00000000,DELIVERY23,DELIVERY28,0.00000000
3515.00000000,DELIVERY27,DELIVERY28,0.00000000
3516.00000000,DELIVERY23,DELIVERY27,0.00000000
3516.00000000,DELIVERY23,DELIVERY28,0.00000000
3516.00000000,DELIVERY27,DELIVERY28,0.00000000
3517.00000000,DELIVERY23,DELIVERY27,0.00000000
3517.00000000,DELIVERY23,DELIVERY28,0.00000000
3517.00000000,DELIVERY27,DELIVERY28,0.00000000
3518.00000000,DELIVERY23,DELIVERY27,0.00000000
3518.00000000,DELIVERY23,DELIVERY28,0.00000000
3518.00000000,DELIVERY27,DELIVERY28,0.00000000
3519.00000000,DELIVERY23,DELIVERY27,0.00000000
3519.00000000,DELIVERY23,DELIVERY28,0.00000000
3519.00000000,DELIVERY27,DELIVERY28,0.00000000
3520.00000000,DELIVERY23,DELIVERY27,0.00000000
3520.00000000,DELIVERY23,DELIVERY28,0.00000000
3520.00000000,DELIVERY27,DELIVERY28,0.00000000
3521.00000000,DELIVERY23,DELIVERY27,0.00000000
3521.00000000,DELIVERY23,DELIVERY28,0.00000000
3521.00000000,DELIVERY27,DELIVERY28,0.00000000
3522.00000000,DELIVERY23,DELIVERY27,0.00000000
3522.00000000,DELIVERY23,DELIVERY28,0.00000000
3522.00000000,DELIVERY27,DELIVERY28,0.00000000
3523.00000000,DELIVERY23,DELIVERY27,0.00000000
3523.00000000,DELIVERY23,DELIVERY28,0.00000000
3523.00000000,DELIVERY27,DELIVERY28,0.00000000
3524.00000000,DELIVERY23,DELIVERY27,0.00000000
3524.00000000,DELIVERY23,DELIVERY28,0.00000000
3524.00000000,DELIVERY27,DELIVERY28,0.00000000
3525.00000000,DELIVERY23,DELIVERY27,0.00000000
3525.00000000,DELIVERY23,DELIVERY28,0.00000000
3525.00000000,DELIVERY27,DELIVERY28,0.00000000
3526.00000000,DELIVERY23,DELIVERY27,0.00000000
3526.00000000,DELIVERY23,DELIVERY28,0.00000000
3526.00000000,DELIVERY27,DELIVERY28,0.00000000
3527.00000000,DELIVERY23,DELIVERY27,0.00000000
3527.00000000,DELIVERY23,DELIVERY28,0.00000000
3527.00000000,DELIVERY27,DELIVERY28,0.00000000
3528.00000000,DELIVERY23,DELIVERY27,0.00000000
3528.00000000,DELIVERY23,DELIVERY28,0.00000000
3528.00000000,DELIVERY27,DELIVERY28,0.00000000
3529.00000000,DELIVERY23,DELIVERY27,0.00000000
3529.00000000,DELIVERY23,DELIVERY28,0.00000000
3529.00000000,DELIVERY27,DELIVERY28,0.00000000
3530.00000000,DELIVERY23,DELIVERY27,0.00000000
3530.00000000,DELIVERY23,DELIVERY28,0.00000000
3530.00000000,DELIVERY27,DELIVERY28,0.00000000
3531.00000000,DELIVERY23,DELIVERY27,0.00000000
3531.00000000,DELIVERY23,DELIVERY28,0.00000000
3531.00000000,DELIVERY27,DELIVERY28,0.00000000
3532.00000000,DELIVERY23,DELIVERY27,0.00000000
3532.00000000,DELIVERY23,DELIVERY28,0.00000000
3532.00000000,DELIVERY27,DELIVERY28,0.00000000
3533.00000000,DELIVERY23,DELIVERY27,0.00000000
3533.00000000,DELIVERY23,DELIVERY28,0.00000000
3533.00000000,DELIVERY27,DELIVERY28,0.00000000
3534.00000000,DELIVERY23,DELIVERY27,0.00000000
3534.00000000,DELIVERY23,DELIVERY28,0.00000000
3534.00000000,DELIVERY27,DELIVERY28,0.00000000
3535.00000000,DELIVERY23,DELIVERY27,0.00000000
3535.00000000,DELIVERY23,DELIVERY28,0.00000000
3535.00000000,DELIVERY27,DELIVERY28,0.00000000
3536.00000000,DELIVERY23,DELIVERY27,0.00000000
3536.00000000,DELIVERY23,DELIVERY28,0.00000000
3536.00000000,DELIVERY27,DELIVERY28,0.00000000
3537.00000000,DELIVERY23,DELIVERY27,0.00000000
3537.00000000,DELIVERY23,DELIVERY28,0.00000000
3537.00000000,DELIVERY27,DELIVERY28,0.00000000
3538.00000000,DELIVERY23,DELIVERY27,0.00000000
3538.00000000,DELIVERY23,DELIVERY28,0.00000000
3538.00000000,DELIVERY27,DELIVERY28,0.00000000
3539.00000000,DELIVERY23,DELIVERY27,0.00000000
3539.00000000,DELIVERY23,DELIVERY28,0.00000000
3539.00000000,DELIVERY27,DELIVERY28,0.00000000
3540.00000000,DELIVERY23,DELIVERY27,0.00000000
3540.00000000,DELIVERY23,DELIVERY28,0.00000000
3540.00000000,DELIVERY27,DELIVERY28,0.00000000
3541.00000000,DELIVERY23,DELIVERY27,0.00000000
3541.00000000,DELIVERY23,DELIVERY28,0.00000000
3541.00000000,DELIVERY27,DELIVERY28,0.00000000
3542.00000000,DELIVERY23,DELIVERY27,0.00000000
3542.00000000,DELIVERY23,DELIVERY28,0.00000000
3542.00000000,DELIVERY27,DELIVERY28,0.00000000
3543.00000000,DELIVERY23,DELIVERY27,0.00000000
3543.00000000,DELIVERY23,DELIVERY28,0.00000000
3543.00000000,DELIVERY27,DELIVERY28,0.00000000
3544.00000000,DELIVERY23,DELIVERY27,0.00000000
3544.00000000,DELIVERY23,DELIVERY28,0.00000000
3544.00000000,DELIVERY27,DELIVERY28,0.00000000
3545.00000000,DELIVERY23,DELIVERY27,0.00000000
3545.00000000,DELIVERY23,DELIVERY28,0.00000000
3545.00000000,DELIVERY27,DELIVERY28,0.00000000
3546.00000000,DELIVERY23,DELIVERY27,0.00000000
3546.00000000,DELIVERY23,DELIVERY28,0.00000000
3546.00000000,DELIVERY27,DELIVERY28,0.00000000
3553.00000000,DELIVERY23,DELIVERY27,0.00000000
3553.00000000,DELIVERY23,DELIVERY28,0.00000000
3553.00000000,DELIVERY27,DELIVERY28,0.00000000
3554.00000000,DELIVERY23,DELIVERY27,0.00000000
3554.00000000,DELIVERY23,DELIVERY28,0.00000000
3554.00000000,DELIVERY27,DELIVERY28,0.00000000
3555.00000000,DELIVERY23,DELIVERY27,0.00000000
3555.00000000,DELIVERY23,DELIVERY28,0.00000000
3555.00000000,DELIVERY27,DELIVERY28,0.00000000
3556.00000000,DELIVERY23,DELIVERY27,0.00000000
3556.00000000,DELIVERY23,DELIVERY28,0.00000000
3556.00000000,DELIVERY27,DELIVERY28,0.00000000
3557.00000000,DELIVERY23,DELIVERY27,0.00000000
3557.00000000,DELIVERY23,DELIVERY28,0.00000000
3557.00000000,DELIVERY27,DELIVERY28,0.00000000
3558.00000000,DELIVERY23,DELIVERY27,0.00000000
3558.00000000,DELIVERY23,DELIVERY28,0.00000000
3558.00000000,DELIVERY27,DELIVERY28,0.00000000
3559.00000000,DELIVERY23,DELIVERY27,0.00000000
3559.00000000,DELIVERY23,DELIVERY28,0.00000000
3559.00000000,DELIVERY27,DELIVERY28,0.00000000
3560.00000000,DELIVERY23,DELIVERY27,0.00000000
3560.00000000,DELIVERY23,DELIVERY28,0.00000000
3560.00000000,DELIVERY27,DELIVERY28,0.00000000
3561.00000000,DELIVERY23,DELIVERY27,0.00000000
3561.00000000,DELIVERY23,DELIVERY28,0.00000000
3561.00000000,DELIVERY27,DELIVERY28,0.00000000
3562.00000000,DELIVERY23,DELIVERY27,0.00000000
3562.00000000,DELIVERY23,DELIVERY28,0.00000000
3562.00000000,DELIVERY27,DELIVERY28,0.00000000
3563.00000000,DELIVERY23,DELIVERY27,0.00000000
3563.00000000,DELIVERY23,DELIVERY28,0.00000000
3563.00000000,DELIVERY27,DELIVERY28,0.00000000
3564.00000000,DELIVERY23,DELIVERY27,0.00000000
3564.00000000,DELIVERY23,DELIVERY28,0.00000000
3564.00000000,DELIVERY27,DELIVERY28,0.00000000
3565.00000000,DELIVERY23,DELIVERY27,0.00000000
3565.00000000,DELIVERY23,DELIVERY28,0.00000000
3565.00000000,DELIVERY27,DELIVERY28,0.00000000
3566.00000000,DELIVERY23,DELIVERY27,0.00000000
3566.00000000,DELIVERY23,DELIVERY28,0.00000000
3566.00000000,DELIVERY27,DELIVERY28,0.00000000
3567.00000000,DELIVERY23,DELIVERY27,0.00000000
3567.00000000,DELIVERY23,DELIVERY28,0.00000000
3567.00000000,DELIVERY27,DELIVERY28,0.00000000
3568.00000000,DELIVERY23,DELIVERY27,0.00000000
3568.00000000,DELIVERY23,DELIVERY28,0.00000000
3568.00000000,DELIVERY27,DELIVERY28,0.00000000
3569.00000000,DELIVERY23,DELIVERY27,0.00000000
3569.00000000,DELIVERY23,DELIVERY28,0.00000000
3569.00000000,DELIVERY27,DELIVERY28,0.00000000
3570.00000000,DELIVERY23,DELIVERY27,0.00000000
3570.00000000,DELIVERY23,DELIVERY28,0.00000000
3570.00000000,DELIVERY27,DELIVERY28,0.00000000
3571.00000000,DELIVERY23,DELIVERY27,0.00000000
3571.00000000,DELIVERY23,DELIVERY28,0.00000000
3571.00000000,DELIVERY27,DELIVERY28,0.00000000
3572.00000000,DELIVERY23,DELIVERY27,0.00000000
3572.00000000,DELIVERY23,DELIVERY28,0.00000000
3572.00000000,DELIVERY27,DELIVERY28,0.00000000
3573.00000000,DELIVERY23,DELIVERY27,0.00000000
3573.00000000,DELIVERY23,DELIVERY28,0.00000000
3573.00000000,DELIVERY27,DELIVERY28,0.00000000
3574.00000000,DELIVERY23,DELIVERY27,0.00000000
3574.00000000,DELIVERY23,DELIVERY28,0.00000000
3574.00000000,DELIVERY27,DELIVERY28,0.00000000
3575.00000000,DELIVERY23,DELIVERY27,0.00000000
3575.00000000,DELIVERY23,DELIVERY28,0.00000000
3575.00000000,DELIVERY27,DELIVERY28,0.00000000
3576.00000000,DELIVERY23,DELIVERY27,0.00000001
3576.00000000,DELIVERY23,DELIVERY28,0.00000001
3576.00000000,DELIVERY27,DELIVERY28,0.00000000
3577.00000000,DELIVERY23,DELIVERY27,2.03603838
3577.00000000,DELIVERY23,DELIVERY28,2.03603838
3577.00000000,DELIVERY27,DELIVERY28,0.00000000
3578.00000000,DELIVERY27,DELIVERY28,0.00000000
3579.00000000,DELIVERY27,DELIVERY28,0.00000000
3580.00000000,DELIVERY27,DELIVERY28,0.00000000
3581.00000000,DELIVERY27,DELIVERY28,0.00000000
3584.00000000,DELIVERY27,DELIVERY28,0.00000000
3585.00000000,DELIVERY27,DELIVERY28,0.00000000
3586.00000000,DELIVERY27,DELIVERY28,0.00000000
3587.00000000,DELIVERY27,DELIVERY28,0.00000000
3588.00000000,DELIVERY27,DELIVERY28,0.00000000
3589.00000000,DELIVERY27,DELIVERY28,0.00000000
3590.00000000,DELIVERY27,DELIVERY28,0.00000000
3591.00000000,DELIVERY27,DELIVERY28,0.00000000
3592.00000000,DELIVERY27,DELIVERY28,0.00000000
3593.00000000,DELIVERY27,DELIVERY28,0.00000000
3594.00000000,DELIVERY27,DELIVERY28,0.00000000
3595.00000000,DELIVERY27,DELIVERY28,0.00000000
3596.00000000,DELIVERY27,DELIVERY28,0.00000000
3597.00000000,DELIVERY27,DELIVERY28,0.00000000
3598.00000000,DELIVERY27,DELIVERY28,0.00000000
3599.00000000,DELIVERY27,DELIVERY28,0.00000000
3600.00000000,DELIVERY27,DELIVERY28,0.00000000
3601.00000000,DELIVERY27,DELIVERY28,0.00000000
