# LOSS OF SEPARATION LOG
# Start and end of all loss of separation
# 
# Simulation Time [s], UAS1, UAS2, Start/End
# simt
313.00000000,BACKGROUND13,BACKGROUND3,start
315.00000000,BACKGROUND13,BACKGROUND3,end
392.00000000,BACKGROUND19,BACKGROUND6,start
396.00000000,BACKGROUND19,BACKGROUND6,end
399.00000000,BACKGROUND13,BACKGROUND18,start
405.00000000,BACKGROUND13,BACKGROUND18,end
428.00000000,BACKGROUND17,BACKGROUND8,start
438.00000000,BACKGROUND9,DELIVERY1,start
439.00000000,BACKGROUND17,BACKGROUND8,end
441.00000000,BACKGROUND9,DELIVERY1,end
686.00000000,BACKGROUND16,BACKGROUND25,start
688.00000000,BACKGROUND16,BACKGROUND25,end
729.00000000,BACKGROUND25,BACKGROUND35,start
733.00000000,BACKGROUND25,BACKGROUND35,end
833.00000000,BACKGROUND28,BACKGROUND31,start
835.00000000,BACKGROUND28,BACKGROUND31,end
843.00000000,BACKGROUND28,DELIVERY2,start
845.00000000,BACKGROUND28,BACKGROUND29,start
845.00000000,BACKGROUND28,DELIVERY2,end
847.00000000,BACKGROUND28,BACKGROUND29,end
848.00000000,BACKGROUND27,DELIVERY2,start
852.00000000,BACKGROUND29,DELIVERY2,start
853.00000000,BACKGROUND27,DELIVERY2,end
856.00000000,BACKGROUND29,DELIVERY2,end
877.00000000,BACKGROUND27,DELIVERY2,start
886.00000000,BACKGROUND27,DELIVERY2,end
905.00000000,BACKGROUND29,BACKGROUND31,start
909.00000000,BACKGROUND29,BACKGROUND31,end
913.00000000,BACKGROUND32,BACKGROUND38,start
915.00000000,BACKGROUND32,BACKGROUND38,end
918.00000000,DELIVERY2,DELIVERY5,start
921.00000000,DELIVERY2,DELIVERY5,end
941.00000000,BACKGROUND31,BACKGROUND39,start
943.00000000,BACKGROUND29,BACKGROUND38,start
945.00000000,BACKGROUND31,BACKGROUND39,end
948.00000000,BACKGROUND29,BACKGROUND38,end
973.00000000,BACKGROUND47,BACKGROUND48,start
975.00000000,BACKGROUND47,BACKGROUND48,end
991.00000000,DELIVERY3,DELIVERY6,start
993.00000000,DELIVERY3,DELIVERY6,end
1091.00000000,BACKGROUND28,BACKGROUND52,start
1094.00000000,BACKGROUND28,BACKGROUND52,end
1218.00000000,DELIVERY5,DELIVERY9,start
1221.00000000,DELIVERY5,DELIVERY9,end
1238.00000000,BACKGROUND45,BACKGROUND51,start
1240.00000000,BACKGROUND45,BACKGROUND51,end
1263.00000000,BACKGROUND46,BACKGROUND54,start
1266.00000000,BACKGROUND46,BACKGROUND54,end
1291.00000000,DELIVERY6,DELIVERY7,start
1293.00000000,DELIVERY6,DELIVERY7,end
1322.00000000,DELIVERY4,DELIVERY9,start
1324.00000000,DELIVERY4,DELIVERY9,end
1426.00000000,BACKGROUND58,BACKGROUND65,start
1430.00000000,BACKGROUND58,BACKGROUND65,end
1517.00000000,BACKGROUND60,BACKGROUND69,start
1518.00000000,DELIVERY11,DELIVERY9,start
1520.00000000,BACKGROUND60,BACKGROUND69,end
1521.00000000,DELIVERY11,DELIVERY9,end
1568.00000000,BACKGROUND57,BACKGROUND71,start
1570.00000000,BACKGROUND57,BACKGROUND71,end
1591.00000000,DELIVERY12,DELIVERY7,start
1593.00000000,DELIVERY12,DELIVERY7,end
1621.00000000,BACKGROUND60,BACKGROUND76,start
1622.00000000,DELIVERY11,DELIVERY8,start
1623.00000000,BACKGROUND60,BACKGROUND76,end
1624.00000000,DELIVERY11,DELIVERY8,end
1675.00000000,BACKGROUND60,BACKGROUND75,start
1677.00000000,BACKGROUND60,BACKGROUND75,end
1708.00000000,BACKGROUND60,BACKGROUND80,start
1711.00000000,BACKGROUND60,BACKGROUND80,end
1732.00000000,BACKGROUND76,DELIVERY8,start
1735.00000000,BACKGROUND76,DELIVERY8,end
1756.00000000,BACKGROUND72,DELIVERY11,start
1759.00000000,BACKGROUND72,DELIVERY11,end
1788.00000000,BACKGROUND60,BACKGROUND71,start
1792.00000000,BACKGROUND60,BACKGROUND71,end
1807.00000000,BACKGROUND85,BACKGROUND87,start
1809.00000000,BACKGROUND85,BACKGROUND87,end
1818.00000000,DELIVERY11,DELIVERY13,start
1821.00000000,DELIVERY11,DELIVERY13,end
1882.00000000,BACKGROUND89,DELIVERY12,start
1886.00000000,BACKGROUND89,DELIVERY12,end
1891.00000000,DELIVERY12,DELIVERY15,start
1893.00000000,DELIVERY12,DELIVERY15,end
1898.00000000,BACKGROUND89,DELIVERY15,start
1903.00000000,BACKGROUND89,DELIVERY15,end
1922.00000000,DELIVERY10,DELIVERY13,start
1924.00000000,DELIVERY10,DELIVERY13,end
1937.00000000,BACKGROUND83,BACKGROUND93,start
1939.00000000,BACKGROUND83,BACKGROUND93,end
1968.00000000,BACKGROUND88,DELIVERY14,start
1970.00000000,BACKGROUND88,DELIVERY14,end
2017.00000000,BACKGROUND90,BACKGROUND94,start
2027.00000000,BACKGROUND90,BACKGROUND94,end
2118.00000000,DELIVERY13,DELIVERY16,start
2119.00000000,BACKGROUND89,DELIVERY15,start
2121.00000000,DELIVERY13,DELIVERY16,end
2132.00000000,BACKGROUND89,DELIVERY15,end
2147.00000000,BACKGROUND103,BACKGROUND78,start
2152.00000000,BACKGROUND103,BACKGROUND78,end
2159.00000000,BACKGROUND88,DELIVERY18,start
2162.00000000,BACKGROUND88,DELIVERY18,end
2191.00000000,DELIVERY15,DELIVERY17,start
2193.00000000,DELIVERY15,DELIVERY17,end
2222.00000000,DELIVERY14,DELIVERY16,start
2224.00000000,DELIVERY14,DELIVERY16,end
2273.00000000,BACKGROUND105,BACKGROUND96,start
2276.00000000,BACKGROUND105,BACKGROUND96,end
2279.00000000,BACKGROUND106,BACKGROUND85,start
2282.00000000,BACKGROUND106,BACKGROUND85,end
2307.00000000,BACKGROUND97,DELIVERY14,start
2310.00000000,BACKGROUND97,DELIVERY14,end
2322.00000000,BACKGROUND100,BACKGROUND108,start
2327.00000000,BACKGROUND100,BACKGROUND108,end
2337.00000000,BACKGROUND89,DELIVERY18,start
2340.00000000,BACKGROUND89,DELIVERY18,end
2364.00000000,BACKGROUND105,BACKGROUND110,start
2367.00000000,BACKGROUND105,BACKGROUND110,end
2372.00000000,BACKGROUND102,DELIVERY14,start
2374.00000000,BACKGROUND102,DELIVERY14,end
2409.00000000,BACKGROUND89,DELIVERY20,start
2415.00000000,BACKGROUND89,DELIVERY20,end
2418.00000000,DELIVERY16,DELIVERY20,start
2421.00000000,DELIVERY16,DELIVERY20,end
2491.00000000,DELIVERY17,DELIVERY21,start
2493.00000000,DELIVERY17,DELIVERY21,end
2520.00000000,BACKGROUND118,BACKGROUND96,start
2522.00000000,DELIVERY18,DELIVERY20,start
2522.00000000,BACKGROUND118,BACKGROUND96,end
2524.00000000,DELIVERY18,DELIVERY20,end
2532.00000000,BACKGROUND102,DELIVERY21,start
2534.00000000,BACKGROUND102,DELIVERY21,end
2543.00000000,BACKGROUND109,DELIVERY18,start
2546.00000000,BACKGROUND109,DELIVERY18,end
2578.00000000,BACKGROUND102,BACKGROUND119,start
2596.00000000,BACKGROUND102,BACKGROUND119,end
2673.00000000,BACKGROUND122,DELIVERY18,start
2675.00000000,BACKGROUND122,DELIVERY18,end
2718.00000000,DELIVERY20,DELIVERY23,start
2721.00000000,DELIVERY20,DELIVERY23,end
2729.00000000,BACKGROUND123,BACKGROUND130,start
2732.00000000,BACKGROUND123,BACKGROUND130,end
2777.00000000,BACKGROUND121,BACKGROUND122,start
2791.00000000,DELIVERY21,DELIVERY24,start
2793.00000000,DELIVERY21,DELIVERY24,end
2796.00000000,BACKGROUND121,BACKGROUND122,end
2801.00000000,BACKGROUND130,BACKGROUND87,start
2803.00000000,BACKGROUND130,BACKGROUND87,end
2820.00000000,BACKGROUND133,BACKGROUND96,start
2822.00000000,DELIVERY19,DELIVERY23,start
2824.00000000,DELIVERY19,DELIVERY23,end
2825.00000000,BACKGROUND133,BACKGROUND96,end
2847.00000000,BACKGROUND126,DELIVERY19,start
2851.00000000,BACKGROUND126,DELIVERY19,end
2855.00000000,BACKGROUND130,BACKGROUND131,start
2857.00000000,BACKGROUND130,BACKGROUND131,end
2934.00000000,BACKGROUND126,DELIVERY23,start
2940.00000000,BACKGROUND126,DELIVERY23,end
3018.00000000,DELIVERY23,DELIVERY27,start
3021.00000000,DELIVERY23,DELIVERY27,end
3091.00000000,DELIVERY24,DELIVERY25,start
3093.00000000,DELIVERY24,DELIVERY25,end
3108.00000000,BACKGROUND121,BACKGROUND143,start
3112.00000000,BACKGROUND121,BACKGROUND143,end
3122.00000000,DELIVERY22,DELIVERY27,start
3124.00000000,DELIVERY22,DELIVERY27,end
3318.00000000,DELIVERY27,DELIVERY29,start
3321.00000000,DELIVERY27,DELIVERY29,end
3391.00000000,DELIVERY25,DELIVERY30,start
3393.00000000,DELIVERY25,DELIVERY30,end
3422.00000000,DELIVERY26,DELIVERY29,start
3424.00000000,DELIVERY26,DELIVERY29,end
3490.00000000,BACKGROUND154,BACKGROUND156,start
3511.00000000,BACKGROUND154,BACKGROUND156,end
3552.00000000,BACKGROUND141,DELIVERY26,start
3554.00000000,BACKGROUND141,DELIVERY26,end
3592.00000000,BACKGROUND141,DELIVERY29,start
3595.00000000,BACKGROUND141,DELIVERY29,end
