# CLOSEST POINT OF APPROACH LOG
# Shortest distance between 2 UAS during their conflict
# 
# Simulation Time [s], UAS1, UAS2, Distance [m]
# simt
236.00000000,BACKGROUND6,SURVEILLANCE_LUFTHANSA,490.27694812
240.00000000,SURVEILLANCEOP1,SURVEILLANCE_LUFTHANSA,446.18944843
425.00000000,BACKGROUND31,BACKGROUND36,36.63250757
440.00000000,BACKGROUND43,SURVEILLANCE_EUROWINGS,60.39091363
458.00000000,BACKGROUND22,BACKGROUND31,36.78322992
566.00000000,BACKGROUND44,BACKGROUND57,18.46822238
576.00000000,BACKGROUND19,BACKGROUND55,34.04168066
583.00000000,SURVEILLANCEOP3,SURVEILLANCE_HELICOPTER,90.42624198
638.00000000,BACKGROUND45,BACKGROUND53,34.64821026
655.00000000,BACKGROUND32,BACKGROUND53,25.50072455
665.00000000,BACKGROUND22,BACKGROUND43,30.77482230
687.00000000,BACKGROUND32,BACKGROUND53,0.49429557
688.00000000,BACKGROUND24,BACKGROUND74,0.82061007
694.00000000,BACKGROUND32,BACKGROUND53,3.11562943
696.00000000,BACKGROUND32,BACKGROUND6,30.51918350
706.00000000,BACKGROUND24,BACKGROUND53,35.02699896
708.00000000,BACKGROUND32,BACKGROUND44,23.46006763
709.00000000,BACKGROUND24,BACKGROUND32,30.90679182
725.00000000,BACKGROUND24,BACKGROUND53,2.71477893
805.00000000,BACKGROUND76,BACKGROUND81,0.57829910
819.00000000,BACKGROUND33,BACKGROUND56,10.78350751
820.00000000,BACKGROUND33,BACKGROUND56,10.78350755
821.00000000,BACKGROUND33,BACKGROUND56,10.78350760
822.00000000,BACKGROUND33,BACKGROUND56,10.78350765
823.00000000,BACKGROUND33,BACKGROUND56,10.78350770
824.00000000,BACKGROUND33,BACKGROUND56,10.78350775
825.00000000,BACKGROUND33,BACKGROUND56,10.78350780
826.00000000,BACKGROUND33,BACKGROUND56,10.78350785
827.00000000,BACKGROUND33,BACKGROUND56,10.78350790
828.00000000,BACKGROUND33,BACKGROUND56,10.78350795
829.00000000,BACKGROUND33,BACKGROUND56,10.78350800
830.00000000,BACKGROUND33,BACKGROUND56,10.78350806
831.00000000,BACKGROUND33,BACKGROUND56,10.78350811
832.00000000,BACKGROUND33,BACKGROUND56,10.78350816
833.00000000,BACKGROUND33,BACKGROUND56,10.78350822
834.00000000,BACKGROUND33,BACKGROUND56,10.78350828
835.00000000,BACKGROUND33,BACKGROUND56,10.78350833
836.00000000,BACKGROUND33,BACKGROUND56,10.78350839
837.00000000,BACKGROUND33,BACKGROUND56,10.78350845
838.00000000,BACKGROUND50,BACKGROUND60,32.57182271
838.00000000,BACKGROUND33,BACKGROUND56,10.78350851
839.00000000,BACKGROUND33,BACKGROUND56,10.78350857
840.00000000,BACKGROUND33,BACKGROUND56,10.78350863
841.00000000,BACKGROUND33,BACKGROUND56,10.78350869
842.00000000,BACKGROUND33,BACKGROUND56,10.78350875
843.00000000,BACKGROUND33,BACKGROUND56,10.78350882
844.00000000,BACKGROUND48,BACKGROUND95,0.00072510
844.00000000,BACKGROUND33,BACKGROUND56,10.78350888
845.00000000,BACKGROUND33,BACKGROUND56,10.78350895
845.00000000,BACKGROUND82,BACKGROUND88,0.42036948
846.00000000,BACKGROUND33,BACKGROUND56,10.78350901
847.00000000,BACKGROUND33,BACKGROUND56,10.78350908
848.00000000,BACKGROUND33,BACKGROUND56,10.78350914
849.00000000,BACKGROUND33,BACKGROUND56,10.78350921
850.00000000,BACKGROUND33,BACKGROUND56,10.78350928
851.00000000,BACKGROUND33,BACKGROUND56,10.78350935
852.00000000,BACKGROUND33,BACKGROUND56,10.78350942
853.00000000,BACKGROUND33,BACKGROUND56,10.78350949
854.00000000,BACKGROUND33,BACKGROUND56,10.78350956
855.00000000,BACKGROUND33,BACKGROUND56,10.78350963
856.00000000,BACKGROUND33,BACKGROUND56,10.78350970
857.00000000,BACKGROUND33,BACKGROUND56,10.78350978
858.00000000,BACKGROUND33,BACKGROUND56,10.78350985
859.00000000,BACKGROUND33,BACKGROUND56,10.78350992
860.00000000,BACKGROUND33,BACKGROUND56,10.78351000
861.00000000,BACKGROUND33,BACKGROUND56,10.78351008
862.00000000,BACKGROUND33,BACKGROUND56,10.78351015
863.00000000,BACKGROUND33,BACKGROUND56,10.78351023
864.00000000,BACKGROUND33,BACKGROUND56,10.78351031
865.00000000,BACKGROUND33,BACKGROUND56,10.78351039
866.00000000,BACKGROUND33,BACKGROUND56,10.78351047
866.00000000,BACKGROUND88,BACKGROUND92,3.49153456
867.00000000,BACKGROUND33,BACKGROUND56,10.78351055
868.00000000,BACKGROUND33,BACKGROUND56,10.78351063
869.00000000,BACKGROUND33,BACKGROUND56,10.78351071
870.00000000,BACKGROUND33,BACKGROUND56,10.78351079
871.00000000,BACKGROUND33,BACKGROUND56,10.78351088
872.00000000,BACKGROUND33,BACKGROUND56,10.78351096
888.00000000,BACKGROUND81,BACKGROUND92,0.28514002
892.00000000,BACKGROUND66,BACKGROUND76,0.72007420
956.00000000,BACKGROUND71,BACKGROUND80,0.12635963
1013.00000000,BACKGROUND76,BACKGROUND98,2.06830670
1069.00000000,BACKGROUND60,BACKGROUND85,14.73131373
1111.00000000,BACKGROUND110,BACKGROUND42,0.54797275
1164.00000000,BACKGROUND117,BACKGROUND137,0.47457876
1189.00000000,BACKGROUND85,BACKGROUND98,0.12382093
1218.00000000,BACKGROUND137,BACKGROUND60,1.35253347
1309.00000000,BACKGROUND100,BACKGROUND122,0.01747443
1387.00000000,BACKGROUND124,BACKGROUND91,0.16630922
1444.00000000,BACKGROUND83,BACKGROUND91,0.28327174
1478.00000000,BACKGROUND117,BACKGROUND155,0.00964425
1498.00000000,BACKGROUND166,BACKGROUND73,5.90690614
1507.00000000,BACKGROUND124,BACKGROUND86,0.04697483
1531.00000000,BACKGROUND112,BACKGROUND80,0.15592532
1627.00000000,BACKGROUND151,BACKGROUND91,4.18284821
1642.00000000,BACKGROUND109,BACKGROUND177,5.94044614
1682.00000000,BACKGROUND138,BACKGROUND91,34.58452853
1686.00000000,BACKGROUND154,BACKGROUND184,1.73451443
1687.00000000,BACKGROUND166,BACKGROUND173,18.20084900
1750.00000000,BACKGROUND153,BACKGROUND191,0.01577461
