# CONFLICTS LOG
# Start and end of all conflicts
# 
# Simulation Time [s], UAS1, UAS2, Start/End
# simt
713.00000000,BACKGROUND14,BACKGROUND33,start
719.00000000,BACKGROUND14,BACKGROUND33,end
817.00000000,DELIVERY2,DELIVERY3,start
819.00000000,DELIVERY2,DELIVERY3,end
834.00000000,BACKGROUND14,BACKGROUND30,start
834.00000000,BACKGROUND33,BACKGROUND35,start
837.00000000,BACKGROUND33,BACKGROUND35,end
841.00000000,BACKGROUND14,BACKGROUND30,end
858.00000000,BACKGROUND33,DELIVERY1,start
864.00000000,BACKGROUND33,DELIVERY1,end
907.00000000,DELIVERY2,DELIVERY3,start
918.00000000,DELIVERY2,DELIVERY3,end
921.00000000,DELIVERY2,DELIVERY3,start
928.00000000,DELIVERY2,DELIVERY3,end
951.00000000,DELIVERY2,DELIVERY3,start
954.00000000,DELIVERY2,DELIVERY3,end
1031.00000000,DELIVERY2,DELIVERY5,start
1038.00000000,DELIVERY2,DELIVERY5,end
1141.00000000,BACKGROUND36,BACKGROUND42,start
1145.00000000,BACKGROUND20,BACKGROUND43,start
1148.00000000,BACKGROUND36,BACKGROUND42,end
1153.00000000,BACKGROUND20,BACKGROUND43,end
1239.00000000,BACKGROUND46,DELIVERY6,start
1244.00000000,BACKGROUND46,DELIVERY6,end
1344.00000000,BACKGROUND42,BACKGROUND56,start
1349.00000000,BACKGROUND34,BACKGROUND53,start
1349.00000000,BACKGROUND42,BACKGROUND56,end
1351.00000000,BACKGROUND34,BACKGROUND53,end
1358.00000000,BACKGROUND26,BACKGROUND58,start
1364.00000000,BACKGROUND26,BACKGROUND58,end
1384.00000000,BACKGROUND47,BACKGROUND56,start
1389.00000000,BACKGROUND47,BACKGROUND56,end
1425.00000000,DELIVERY4,DELIVERY6,start
1426.00000000,DELIVERY4,DELIVERY6,end
1427.00000000,DELIVERY4,DELIVERY6,start
1467.00000000,DELIVERY6,DELIVERY9,start
1475.00000000,DELIVERY4,DELIVERY6,end
1478.00000000,DELIVERY4,DELIVERY9,start
1478.00000000,DELIVERY4,DELIVERY6,start
1485.00000000,DELIVERY6,DELIVERY9,end
1485.00000000,DELIVERY4,DELIVERY6,end
1488.00000000,DELIVERY4,DELIVERY6,start
1491.00000000,DELIVERY4,DELIVERY6,end
1494.00000000,DELIVERY4,DELIVERY9,end
1501.00000000,DELIVERY10,DELIVERY8,start
1542.00000000,DELIVERY4,DELIVERY9,start
1545.00000000,DELIVERY4,DELIVERY9,end
1586.00000000,DELIVERY10,DELIVERY8,end
1594.00000000,DELIVERY10,DELIVERY8,start
1721.00000000,DELIVERY10,DELIVERY4,start
1721.00000000,DELIVERY4,DELIVERY8,start
1728.00000000,DELIVERY10,DELIVERY4,end
1728.00000000,DELIVERY4,DELIVERY8,end
1744.00000000,DELIVERY11,DELIVERY7,start
1747.00000000,DELIVERY10,DELIVERY8,end
1749.00000000,DELIVERY11,DELIVERY7,end
1752.00000000,DELIVERY10,DELIVERY8,start
1827.00000000,DELIVERY10,DELIVERY8,end
1952.00000000,DELIVERY13,DELIVERY8,start
1960.00000000,BACKGROUND85,BACKGROUND86,start
1963.00000000,BACKGROUND85,BACKGROUND86,end
1977.00000000,DELIVERY10,DELIVERY8,start
1977.00000000,DELIVERY13,DELIVERY8,end
2002.00000000,DELIVERY10,DELIVERY8,end
2013.00000000,DELIVERY10,DELIVERY13,start
2018.00000000,DELIVERY13,DELIVERY8,start
2018.00000000,DELIVERY10,DELIVERY13,end
2021.00000000,DELIVERY13,DELIVERY8,end
2022.00000000,BACKGROUND76,BACKGROUND89,start
2025.00000000,BACKGROUND76,BACKGROUND89,end
2033.00000000,BACKGROUND76,BACKGROUND85,start
2036.00000000,BACKGROUND76,BACKGROUND85,end
2047.00000000,DELIVERY10,DELIVERY12,start
2051.00000000,DELIVERY10,DELIVERY12,end
2094.00000000,BACKGROUND76,BACKGROUND85,start
2096.00000000,BACKGROUND76,BACKGROUND85,end
2103.00000000,BACKGROUND76,BACKGROUND85,start
2105.00000000,BACKGROUND76,BACKGROUND85,end
2131.00000000,BACKGROUND67,BACKGROUND75,start
2134.00000000,BACKGROUND85,BACKGROUND89,start
2136.00000000,BACKGROUND85,BACKGROUND89,end
2137.00000000,BACKGROUND85,BACKGROUND89,start
2140.00000000,BACKGROUND67,BACKGROUND75,end
2149.00000000,BACKGROUND85,BACKGROUND89,end
2239.00000000,BACKGROUND93,BACKGROUND99,start
2247.00000000,BACKGROUND93,BACKGROUND99,end
2271.00000000,BACKGROUND81,BACKGROUND96,start
2280.00000000,BACKGROUND83,BACKGROUND99,start
2282.00000000,BACKGROUND81,BACKGROUND96,end
2289.00000000,BACKGROUND83,BACKGROUND99,end
2331.00000000,BACKGROUND104,BACKGROUND79,start
2336.00000000,BACKGROUND84,BACKGROUND99,start
2336.00000000,BACKGROUND104,BACKGROUND79,end
2341.00000000,BACKGROUND84,BACKGROUND99,end
2351.00000000,BACKGROUND105,BACKGROUND75,start
2362.00000000,BACKGROUND105,BACKGROUND75,end
2417.00000000,DELIVERY15,DELIVERY16,start
2423.00000000,DELIVERY15,DELIVERY16,end
2428.00000000,DELIVERY15,DELIVERY17,start
2434.00000000,DELIVERY15,DELIVERY17,end
2440.00000000,DELIVERY16,DELIVERY17,start
2475.00000000,BACKGROUND109,DELIVERY10,start
2481.00000000,BACKGROUND109,DELIVERY10,end
2483.00000000,DELIVERY16,DELIVERY17,end
2486.00000000,DELIVERY16,DELIVERY17,start
2493.00000000,DELIVERY16,DELIVERY17,end
2505.00000000,DELIVERY15,DELIVERY21,start
2508.00000000,DELIVERY16,DELIVERY17,start
2509.00000000,DELIVERY16,DELIVERY17,end
2512.00000000,DELIVERY15,DELIVERY21,end
2633.00000000,BACKGROUND108,BACKGROUND116,start
2639.00000000,BACKGROUND108,BACKGROUND116,end
2645.00000000,BACKGROUND113,DELIVERY17,start
2648.00000000,DELIVERY20,DELIVERY21,start
2649.00000000,BACKGROUND113,DELIVERY17,end
2650.00000000,DELIVERY20,DELIVERY21,end
2653.00000000,BACKGROUND110,BACKGROUND115,start
2654.00000000,BACKGROUND110,BACKGROUND115,end
2655.00000000,BACKGROUND110,BACKGROUND115,start
2658.00000000,BACKGROUND110,BACKGROUND115,end
2701.00000000,DELIVERY18,DELIVERY19,start
2701.00000000,DELIVERY14,DELIVERY19,start
2701.00000000,DELIVERY14,DELIVERY18,start
2782.00000000,BACKGROUND100,BACKGROUND91,start
2783.00000000,BACKGROUND100,BACKGROUND91,end
2786.00000000,DELIVERY18,DELIVERY19,end
2786.00000000,DELIVERY14,DELIVERY19,end
2786.00000000,DELIVERY14,DELIVERY18,end
2794.00000000,DELIVERY18,DELIVERY19,start
2794.00000000,DELIVERY14,DELIVERY19,start
2794.00000000,DELIVERY14,DELIVERY18,start
2826.00000000,BACKGROUND115,BACKGROUND123,start
2832.00000000,BACKGROUND115,BACKGROUND123,end
2844.00000000,BACKGROUND125,BACKGROUND131,start
2847.00000000,BACKGROUND125,BACKGROUND131,end
2892.00000000,DELIVERY18,DELIVERY19,end
2892.00000000,DELIVERY14,DELIVERY19,end
2917.00000000,BACKGROUND131,DELIVERY14,start
2917.00000000,BACKGROUND131,DELIVERY18,start
2924.00000000,BACKGROUND131,DELIVERY14,end
2924.00000000,BACKGROUND131,DELIVERY18,end
2958.00000000,DELIVERY14,DELIVERY18,end
2963.00000000,DELIVERY14,DELIVERY18,start
3001.00000000,DELIVERY22,DELIVERY26,start
3002.00000000,DELIVERY21,DELIVERY24,start
3003.00000000,DELIVERY21,DELIVERY24,end
3036.00000000,DELIVERY18,DELIVERY23,start
3036.00000000,DELIVERY14,DELIVERY23,start
3048.00000000,DELIVERY18,DELIVERY23,end
3048.00000000,DELIVERY14,DELIVERY23,end
3086.00000000,DELIVERY22,DELIVERY26,end
3094.00000000,DELIVERY22,DELIVERY26,start
3104.00000000,BACKGROUND133,BACKGROUND137,start
3110.00000000,BACKGROUND133,BACKGROUND137,end
3117.00000000,BACKGROUND137,BACKGROUND138,start
3124.00000000,BACKGROUND137,BACKGROUND138,end
3174.00000000,DELIVERY14,DELIVERY18,end
3177.00000000,DELIVERY14,DELIVERY18,start
3192.00000000,BACKGROUND126,DELIVERY26,start
3192.00000000,BACKGROUND126,DELIVERY22,start
3196.00000000,BACKGROUND147,DELIVERY24,start
3199.00000000,BACKGROUND126,DELIVERY26,end
3199.00000000,BACKGROUND126,DELIVERY22,end
3202.00000000,BACKGROUND147,DELIVERY24,end
3249.00000000,DELIVERY14,DELIVERY18,end
3258.00000000,DELIVERY14,DELIVERY18,start
3258.00000000,DELIVERY22,DELIVERY26,end
3263.00000000,DELIVERY22,DELIVERY26,start
3285.00000000,DELIVERY19,DELIVERY24,start
3293.00000000,DELIVERY19,DELIVERY24,end
3294.00000000,DELIVERY22,DELIVERY26,end
3296.00000000,DELIVERY19,DELIVERY24,start
3298.00000000,DELIVERY19,DELIVERY24,end
3299.00000000,DELIVERY22,DELIVERY26,start
3301.00000000,DELIVERY27,DELIVERY29,start
3304.00000000,DELIVERY27,DELIVERY29,end
3305.00000000,DELIVERY22,DELIVERY26,end
3305.00000000,DELIVERY14,DELIVERY18,end
3322.00000000,DELIVERY19,DELIVERY24,start
3323.00000000,DELIVERY19,DELIVERY24,end
3326.00000000,DELIVERY19,DELIVERY24,start
3330.00000000,DELIVERY19,DELIVERY24,end
3456.00000000,BACKGROUND140,DELIVERY28,start
3460.00000000,BACKGROUND135,BACKGROUND161,start
3465.00000000,BACKGROUND140,DELIVERY28,end
3466.00000000,BACKGROUND135,BACKGROUND161,end
3483.00000000,DELIVERY22,DELIVERY27,start
3489.00000000,DELIVERY22,DELIVERY27,end
3498.00000000,BACKGROUND147,DELIVERY24,start
3500.00000000,BACKGROUND147,DELIVERY24,end
3509.00000000,BACKGROUND134,DELIVERY24,start
3520.00000000,BACKGROUND134,DELIVERY24,end
3523.00000000,BACKGROUND134,DELIVERY24,start
3534.00000000,BACKGROUND134,DELIVERY24,end
3543.00000000,DELIVERY24,DELIVERY30,start
3547.00000000,DELIVERY24,DELIVERY30,end
3549.00000000,DELIVERY24,DELIVERY30,start
3556.00000000,DELIVERY24,DELIVERY30,end
3557.00000000,BACKGROUND134,DELIVERY30,start
3558.00000000,BACKGROUND134,DELIVERY30,end
3560.00000000,BACKGROUND134,DELIVERY30,start
3564.00000000,BACKGROUND134,DELIVERY30,end
