# FLIGHT LOG
# Takeoff, landing, and distance flown of each UAS.
# 
# Simulation Time [s], UAS, Takeoff/Landing, Distance [m]
# simt
1.05000000,DELIVERY1,takeoff,0
16.05000000,BACKGROUND1,takeoff,0
46.05000000,BACKGROUND2,takeoff,0
61.05000000,BACKGROUND3,takeoff,0
76.05000000,BACKGROUND4,takeoff,0
112.75000000,BACKGROUND1,landing,1374.20597377
121.05000000,BACKGROUND6,takeoff,0
136.05000000,BACKGROUND7,takeoff,0
181.05000000,BACKGROUND9,takeoff,0
226.05000000,BACKGROUND5,takeoff,0
242.25000000,BACKGROUND6,landing,2010.85698164
252.70000000,BACKGROUND4,landing,1741.31457104
286.05000000,BACKGROUND8,takeoff,0
286.05000000,BACKGROUND12,takeoff,0
301.35000000,BACKGROUND7,landing,3169.63918889
301.35000000,BACKGROUND7,takeoff,0
302.15000000,BACKGROUND2,landing,3219.92767632
302.15000000,BACKGROUND2,takeoff,0
302.85000000,BACKGROUND3,landing,1008.46371947
302.85000000,BACKGROUND3,takeoff,0
304.55000000,DELIVERY1,landing,3677.68107332
304.55000000,DELIVERY1,takeoff,0
307.00000000,BACKGROUND5,landing,944.35333959
307.00000000,BACKGROUND5,takeoff,0
316.05000000,BACKGROUND13,takeoff,0
326.25000000,BACKGROUND9,landing,1350.71593513
326.25000000,BACKGROUND9,takeoff,0
331.05000000,BACKGROUND14,takeoff,0
331.75000000,BACKGROUND12,landing,350.36168276
331.75000000,BACKGROUND12,takeoff,0
335.30000000,BACKGROUND2,landing,564.04646814
361.05000000,BACKGROUND16,takeoff,0
369.45000000,BACKGROUND7,landing,873.18481834
376.05000000,BACKGROUND17,takeoff,0
430.45000000,DELIVERY1,landing,795.02771326
433.45000000,DELIVERY1,takeoff,0
466.05000000,BACKGROUND15,takeoff,0
466.05000000,BACKGROUND23,takeoff,0
469.20000000,BACKGROUND8,landing,53.90849630
469.20000000,BACKGROUND8,takeoff,0
496.05000000,BACKGROUND10,takeoff,0
506.05000000,BACKGROUND12,landing,2511.36949182
511.05000000,BACKGROUND18,takeoff,0
541.05000000,BACKGROUND28,takeoff,0
556.05000000,BACKGROUND25,takeoff,0
571.05000000,BACKGROUND29,takeoff,0
577.15000000,BACKGROUND16,landing,1764.74214711
586.05000000,BACKGROUND30,takeoff,0
600.05000000,BACKGROUND11,takeoff,0
600.05000000,BACKGROUND19,takeoff,0
600.05000000,BACKGROUND21,takeoff,0
600.05000000,BACKGROUND20,takeoff,0
600.05000000,BACKGROUND24,takeoff,0
600.05000000,DELIVERY2,takeoff,0
600.35000000,BACKGROUND14,landing,486.25814653
600.35000000,BACKGROUND14,takeoff,0
601.90000000,BACKGROUND5,landing,2103.95899342
604.90000000,BACKGROUND23,landing,1109.27596706
604.90000000,BACKGROUND23,takeoff,0
605.25000000,BACKGROUND13,landing,871.39733998
605.25000000,BACKGROUND13,takeoff,0
606.15000000,BACKGROUND30,landing,272.47566206
606.15000000,BACKGROUND30,takeoff,0
606.30000000,BACKGROUND17,landing,2712.82211314
606.30000000,BACKGROUND17,takeoff,0
606.50000000,BACKGROUND25,landing,441.06948166
606.50000000,BACKGROUND25,takeoff,0
607.55000000,BACKGROUND28,landing,716.41021351
607.55000000,BACKGROUND28,takeoff,0
608.05000000,BACKGROUND29,landing,219.19351833
608.05000000,BACKGROUND29,takeoff,0
608.65000000,BACKGROUND9,landing,1493.99073487
608.65000000,BACKGROUND9,takeoff,0
610.05000000,BACKGROUND10,landing,916.20712593
610.05000000,BACKGROUND10,takeoff,0
615.35000000,BACKGROUND8,landing,659.34982625
615.35000000,BACKGROUND8,takeoff,0
622.15000000,BACKGROUND15,landing,1879.96424520
622.15000000,BACKGROUND15,takeoff,0
644.85000000,DELIVERY1,landing,1037.34755587
644.85000000,DELIVERY1,takeoff,0
645.50000000,BACKGROUND9,landing,487.75460216
646.05000000,BACKGROUND3,landing,3057.80583030
660.05000000,DELIVERY3,takeoff,0
661.05000000,BACKGROUND31,takeoff,0
661.05000000,BACKGROUND33,takeoff,0
706.05000000,BACKGROUND35,takeoff,0
724.85000000,BACKGROUND28,landing,1855.26181789
735.75000000,BACKGROUND10,landing,738.91721197
736.05000000,BACKGROUND34,takeoff,0
766.05000000,BACKGROUND27,takeoff,0
766.05000000,BACKGROUND37,takeoff,0
767.05000000,BACKGROUND21,landing,2327.33126802
775.40000000,BACKGROUND15,landing,1083.37293403
796.05000000,BACKGROUND38,takeoff,0
811.05000000,BACKGROUND39,takeoff,0
819.60000000,BACKGROUND17,landing,978.86040224
833.05000000,BACKGROUND25,landing,3163.61702911
844.40000000,BACKGROUND19,landing,2166.70734348
856.05000000,BACKGROUND32,takeoff,0
856.05000000,BACKGROUND41,takeoff,0
885.20000000,BACKGROUND11,landing,3790.89241100
886.05000000,BACKGROUND42,takeoff,0
900.05000000,BACKGROUND22,takeoff,0
900.05000000,BACKGROUND26,takeoff,0
900.05000000,BACKGROUND36,takeoff,0
900.05000000,BACKGROUND40,takeoff,0
900.05000000,DELIVERY5,takeoff,0
900.85000000,BACKGROUND33,landing,2810.01259224
900.85000000,BACKGROUND33,takeoff,0
901.05000000,BACKGROUND43,takeoff,0
901.60000000,BACKGROUND29,landing,1833.35509586
901.60000000,BACKGROUND29,takeoff,0
902.35000000,BACKGROUND37,landing,2445.79364941
902.35000000,BACKGROUND37,takeoff,0
902.85000000,BACKGROUND41,landing,661.55103338
902.85000000,BACKGROUND41,takeoff,0
903.25000000,BACKGROUND39,landing,1347.05032906
903.25000000,BACKGROUND39,takeoff,0
903.80000000,BACKGROUND34,landing,1332.12752878
903.80000000,BACKGROUND34,takeoff,0
905.05000000,BACKGROUND42,landing,33.05560186
905.05000000,BACKGROUND42,takeoff,0
905.55000000,BACKGROUND30,landing,1399.86480397
905.55000000,BACKGROUND30,takeoff,0
907.20000000,BACKGROUND14,landing,5359.92571416
907.20000000,BACKGROUND14,takeoff,0
909.30000000,BACKGROUND24,landing,2426.86374928
909.30000000,BACKGROUND24,takeoff,0
909.60000000,BACKGROUND13,landing,2457.01000677
909.60000000,BACKGROUND13,takeoff,0
910.05000000,DELIVERY1,landing,1697.57927442
910.05000000,DELIVERY1,takeoff,0
910.45000000,BACKGROUND31,landing,2341.44962945
910.45000000,BACKGROUND31,takeoff,0
910.65000000,BACKGROUND20,landing,2900.89512084
910.65000000,BACKGROUND20,takeoff,0
913.20000000,BACKGROUND32,landing,878.74715124
913.20000000,BACKGROUND32,takeoff,0
916.05000000,BACKGROUND44,takeoff,0
917.75000000,DELIVERY2,landing,2162.83009667
919.15000000,BACKGROUND38,landing,1930.76057146
919.15000000,BACKGROUND38,takeoff,0
920.75000000,DELIVERY2,takeoff,0
930.95000000,BACKGROUND27,landing,744.96252703
930.95000000,BACKGROUND27,takeoff,0
931.40000000,BACKGROUND8,landing,1925.02473550
931.40000000,BACKGROUND8,takeoff,0
936.75000000,BACKGROUND35,landing,1316.43301045
936.75000000,BACKGROUND35,takeoff,0
944.45000000,DELIVERY3,landing,2650.77810408
946.05000000,BACKGROUND46,takeoff,0
946.65000000,BACKGROUND29,landing,531.93869231
947.45000000,DELIVERY3,takeoff,0
955.60000000,BACKGROUND14,landing,611.98456477
960.05000000,DELIVERY4,takeoff,0
970.75000000,BACKGROUND37,landing,1022.34440780
976.05000000,BACKGROUND47,takeoff,0
995.50000000,BACKGROUND39,landing,794.73875903
1006.05000000,BACKGROUND48,takeoff,0
1032.25000000,BACKGROUND24,landing,1195.79681657
1050.85000000,BACKGROUND18,landing,1886.74474010
1051.05000000,BACKGROUND50,takeoff,0
1063.30000000,BACKGROUND33,landing,1554.63673977
1066.35000000,BACKGROUND13,landing,1670.97791319
1080.90000000,BACKGROUND38,landing,2138.10986645
1081.05000000,BACKGROUND52,takeoff,0
1111.05000000,BACKGROUND53,takeoff,0
1115.85000000,BACKGROUND32,landing,1699.61579740
1129.90000000,DELIVERY5,landing,1698.60352720
1132.90000000,DELIVERY5,takeoff,0
1140.25000000,BACKGROUND41,landing,2240.32975846
1141.05000000,BACKGROUND54,takeoff,0
1161.55000000,BACKGROUND44,landing,3374.31247900
1182.20000000,DELIVERY3,landing,2918.61297772
1186.05000000,BACKGROUND56,takeoff,0
1200.05000000,DELIVERY6,takeoff,0
1200.05000000,BACKGROUND45,takeoff,0
1200.05000000,BACKGROUND49,takeoff,0
1200.05000000,BACKGROUND51,takeoff,0
1200.05000000,DELIVERY9,takeoff,0
1200.10000000,BACKGROUND36,landing,3729.56708901
1200.10000000,BACKGROUND36,takeoff,0
1200.20000000,BACKGROUND46,landing,3378.34254960
1200.20000000,BACKGROUND46,takeoff,0
1200.25000000,BACKGROUND30,landing,3945.93961909
1200.80000000,BACKGROUND50,landing,687.54259732
1200.80000000,BACKGROUND50,takeoff,0
1201.10000000,BACKGROUND34,landing,1912.60590114
1201.10000000,BACKGROUND34,takeoff,0
1201.70000000,BACKGROUND22,landing,4112.66373697
1201.70000000,BACKGROUND22,takeoff,0
1203.95000000,DELIVERY4,landing,3067.57454606
1203.95000000,DELIVERY4,takeoff,0
1205.40000000,BACKGROUND53,landing,1151.32361369
1205.40000000,BACKGROUND53,takeoff,0
1205.75000000,BACKGROUND26,landing,1553.82609784
1205.75000000,BACKGROUND26,takeoff,0
1206.70000000,BACKGROUND52,landing,1292.18086576
1206.70000000,BACKGROUND52,takeoff,0
1207.10000000,BACKGROUND43,landing,3480.06035596
1207.10000000,BACKGROUND43,takeoff,0
1210.30000000,BACKGROUND56,landing,448.38630948
1210.30000000,BACKGROUND56,takeoff,0
1213.25000000,BACKGROUND20,landing,2850.38091665
1213.30000000,BACKGROUND48,landing,892.63438599
1213.30000000,BACKGROUND48,takeoff,0
1214.00000000,DELIVERY1,landing,1067.93383589
1214.00000000,DELIVERY1,takeoff,0
1214.30000000,BACKGROUND54,landing,397.15085483
1214.30000000,BACKGROUND54,takeoff,0
1219.30000000,BACKGROUND8,landing,1037.31821935
1219.30000000,BACKGROUND8,takeoff,0
1220.65000000,BACKGROUND47,landing,1002.88592705
1220.65000000,BACKGROUND47,takeoff,0
1230.15000000,DELIVERY2,landing,1677.71049308
1230.80000000,BACKGROUND31,landing,2681.26261949
1230.80000000,BACKGROUND31,takeoff,0
1236.40000000,DELIVERY5,landing,135.80857949
1236.40000000,DELIVERY5,takeoff,0
1240.20000000,BACKGROUND40,landing,2941.98641568
1256.50000000,BACKGROUND42,landing,3351.79386440
1256.50000000,BACKGROUND42,takeoff,0
1261.05000000,BACKGROUND57,takeoff,0
1276.05000000,BACKGROUND55,takeoff,0
1276.35000000,BACKGROUND23,landing,2583.46411972
1286.25000000,BACKGROUND35,landing,2416.13504173
1291.05000000,BACKGROUND58,takeoff,0
1299.70000000,BACKGROUND46,landing,1396.41819163
1310.25000000,BACKGROUND27,landing,1528.18534328
1310.25000000,BACKGROUND27,takeoff,0
1352.95000000,BACKGROUND53,landing,1950.77758321
1363.45000000,BACKGROUND8,landing,558.38344307
1366.05000000,BACKGROUND65,takeoff,0
1371.85000000,DELIVERY1,landing,657.45473431
1376.35000000,BACKGROUND43,landing,2971.71290368
1382.00000000,BACKGROUND31,landing,541.83767754
1396.05000000,BACKGROUND63,takeoff,0
1404.90000000,BACKGROUND48,landing,680.73264279
1417.80000000,BACKGROUND52,landing,2722.67095312
1426.05000000,BACKGROUND67,takeoff,0
1434.65000000,DELIVERY5,landing,1671.44340498
1440.05000000,DELIVERY7,takeoff,0
1441.05000000,BACKGROUND59,takeoff,0
1444.15000000,BACKGROUND34,landing,2405.37326946
1454.15000000,BACKGROUND36,landing,1503.71729527
1456.05000000,BACKGROUND68,takeoff,0
1471.05000000,BACKGROUND60,takeoff,0
1471.05000000,BACKGROUND69,takeoff,0
1474.30000000,DELIVERY4,landing,1398.66852354
1477.30000000,DELIVERY4,takeoff,0
1481.10000000,BACKGROUND49,landing,2871.55851635
1484.45000000,DELIVERY6,landing,2650.77810408
1487.45000000,DELIVERY6,takeoff,0
1489.10000000,BACKGROUND50,landing,3404.83302705
1489.70000000,BACKGROUND22,landing,1035.40080829
1500.05000000,DELIVERY8,takeoff,0
1500.05000000,BACKGROUND62,takeoff,0
1500.05000000,BACKGROUND66,takeoff,0
1500.05000000,DELIVERY10,takeoff,0
1500.05000000,DELIVERY11,takeoff,0
1500.10000000,BACKGROUND58,landing,2432.05772962
1500.10000000,BACKGROUND58,takeoff,0
1500.45000000,BACKGROUND56,landing,3827.85105065
1500.45000000,BACKGROUND56,takeoff,0
1500.50000000,BACKGROUND69,landing,296.99565343
1500.50000000,BACKGROUND69,takeoff,0
1500.70000000,BACKGROUND55,landing,1993.30041252
1500.70000000,BACKGROUND55,takeoff,0
1501.90000000,BACKGROUND65,landing,1640.45170337
1501.90000000,BACKGROUND65,takeoff,0
1502.00000000,BACKGROUND51,landing,1710.92213308
1502.00000000,BACKGROUND51,takeoff,0
1502.30000000,DELIVERY7,landing,963.41884786
1502.30000000,DELIVERY7,takeoff,0
1503.05000000,BACKGROUND47,landing,1478.80247554
1503.05000000,BACKGROUND47,takeoff,0
1503.45000000,BACKGROUND26,landing,2414.85526474
1503.45000000,BACKGROUND26,takeoff,0
1505.00000000,DELIVERY6,landing,268.38745814
1505.00000000,DELIVERY6,takeoff,0
1507.30000000,BACKGROUND63,landing,715.55189644
1507.30000000,BACKGROUND63,takeoff,0
1508.75000000,BACKGROUND27,landing,1844.65823666
1508.75000000,BACKGROUND27,takeoff,0
1509.10000000,BACKGROUND59,landing,952.77453256
1509.10000000,BACKGROUND59,takeoff,0
1513.85000000,BACKGROUND68,landing,568.22901159
1513.85000000,BACKGROUND68,takeoff,0
1523.60000000,BACKGROUND42,landing,1643.25154058
1533.85000000,DELIVERY9,landing,2144.48731439
1536.85000000,DELIVERY9,takeoff,0
1540.15000000,BACKGROUND57,landing,3008.06584270
1541.00000000,BACKGROUND56,landing,419.99415954
1541.40000000,BACKGROUND60,landing,677.26597684
1541.40000000,BACKGROUND60,takeoff,0
1541.40000000,BACKGROUND26,landing,297.76665423
1543.10000000,BACKGROUND67,landing,300.26867791
1543.10000000,BACKGROUND67,takeoff,0
1580.70000000,DELIVERY4,landing,135.92458189
1580.70000000,DELIVERY4,takeoff,0
1591.05000000,BACKGROUND73,takeoff,0
1604.50000000,BACKGROUND59,landing,1270.13394900
1607.60000000,BACKGROUND45,landing,2954.40404179
1611.10000000,BACKGROUND62,landing,1697.07084940
1614.50000000,BACKGROUND65,landing,714.09404308
1651.05000000,BACKGROUND77,takeoff,0
1666.05000000,BACKGROUND70,takeoff,0
1666.05000000,BACKGROUND78,takeoff,0
1681.05000000,BACKGROUND71,takeoff,0
1681.05000000,BACKGROUND74,takeoff,0
1696.05000000,BACKGROUND80,takeoff,0
1706.85000000,BACKGROUND54,landing,3647.46895189
1727.45000000,DELIVERY7,landing,1688.91342864
1730.45000000,DELIVERY7,takeoff,0
1740.15000000,DELIVERY9,landing,1677.65739339
1747.25000000,BACKGROUND55,landing,2067.41413814
1756.05000000,BACKGROUND72,takeoff,0
1759.50000000,BACKGROUND58,landing,2805.07556778
1764.35000000,BACKGROUND27,landing,3134.36413938
1766.25000000,DELIVERY6,landing,2621.59881366
1769.25000000,DELIVERY6,takeoff,0
1771.05000000,BACKGROUND75,takeoff,0
1775.75000000,DELIVERY6,landing,0.33494870
1776.05000000,BACKGROUND47,landing,2015.37937944
1786.05000000,BACKGROUND85,takeoff,0
1791.05000000,BACKGROUND69,landing,1853.74380077
1800.05000000,DELIVERY12,takeoff,0
1800.05000000,BACKGROUND76,takeoff,0
1800.05000000,BACKGROUND79,takeoff,0
1800.05000000,DELIVERY13,takeoff,0
1801.05000000,BACKGROUND83,takeoff,0
1801.05000000,BACKGROUND86,takeoff,0
1803.10000000,BACKGROUND85,landing,238.59865468
1803.10000000,BACKGROUND85,takeoff,0
1803.65000000,BACKGROUND51,landing,2799.94936219
1803.65000000,BACKGROUND51,takeoff,0
1803.70000000,BACKGROUND72,landing,878.30823670
1803.70000000,BACKGROUND72,takeoff,0
1807.10000000,DELIVERY7,landing,845.14315071
1807.10000000,DELIVERY7,takeoff,0
1807.75000000,BACKGROUND73,landing,1044.23589024
1807.75000000,BACKGROUND73,takeoff,0
1810.10000000,BACKGROUND74,landing,1050.24599550
1810.10000000,BACKGROUND74,takeoff,0
1811.15000000,DELIVERY4,landing,3061.06485807
1811.15000000,DELIVERY4,takeoff,0
1815.75000000,BACKGROUND71,landing,526.09169143
1815.75000000,BACKGROUND71,takeoff,0
1816.05000000,BACKGROUND87,takeoff,0
1817.10000000,BACKGROUND78,landing,1732.31855225
1817.10000000,BACKGROUND78,takeoff,0
1818.85000000,BACKGROUND66,landing,3187.75069723
1818.85000000,BACKGROUND66,takeoff,0
1820.70000000,BACKGROUND77,landing,1218.95210091
1820.70000000,BACKGROUND77,takeoff,0
1821.35000000,BACKGROUND68,landing,2312.93796220
1821.35000000,BACKGROUND68,takeoff,0
1822.10000000,DELIVERY8,landing,3681.25623108
1822.10000000,DELIVERY8,takeoff,0
1822.10000000,DELIVERY10,landing,3681.25623108
1822.10000000,DELIVERY10,takeoff,0
1831.05000000,BACKGROUND88,takeoff,0
1836.30000000,BACKGROUND67,landing,868.57002488
1836.30000000,BACKGROUND67,takeoff,0
1837.25000000,BACKGROUND70,landing,750.75466708
1837.25000000,BACKGROUND70,takeoff,0
1838.80000000,BACKGROUND75,landing,197.27237008
1838.80000000,BACKGROUND75,takeoff,0
1846.05000000,BACKGROUND89,takeoff,0
1866.60000000,DELIVERY11,landing,2371.93560099
1869.05000000,BACKGROUND63,landing,2400.14013765
1869.60000000,DELIVERY11,takeoff,0
1890.95000000,BACKGROUND66,landing,933.95401270
1921.05000000,BACKGROUND92,takeoff,0
1923.50000000,BACKGROUND51,landing,1638.75618133
1923.80000000,BACKGROUND80,landing,1853.39169734
1929.90000000,BACKGROUND60,landing,3534.10843996
1948.15000000,DELIVERY8,landing,795.04759822
1951.15000000,DELIVERY8,takeoff,0
1962.85000000,BACKGROUND78,landing,942.83858092
1966.05000000,BACKGROUND94,takeoff,0
1982.75000000,BACKGROUND72,landing,1949.82278833
1996.05000000,BACKGROUND84,takeoff,0
1996.05000000,BACKGROUND93,takeoff,0
1996.05000000,BACKGROUND95,takeoff,0
2004.20000000,DELIVERY4,landing,1387.66470063
2009.55000000,DELIVERY13,landing,1686.34726203
2009.80000000,DELIVERY7,landing,2725.58559591
2011.05000000,BACKGROUND96,takeoff,0
2012.55000000,DELIVERY13,takeoff,0
2022.90000000,BACKGROUND74,landing,1710.33939531
2024.15000000,BACKGROUND77,landing,1477.13123761
2050.80000000,DELIVERY10,landing,1228.61957996
2053.80000000,DELIVERY10,takeoff,0
2056.05000000,BACKGROUND90,takeoff,0
2056.05000000,BACKGROUND98,takeoff,0
2077.75000000,BACKGROUND68,landing,1432.24159521
2082.75000000,BACKGROUND86,landing,2199.33563545
2100.05000000,BACKGROUND82,takeoff,0
2100.05000000,DELIVERY15,takeoff,0
2100.05000000,BACKGROUND81,takeoff,0
2100.05000000,BACKGROUND99,takeoff,0
2100.05000000,DELIVERY16,takeoff,0
2102.00000000,BACKGROUND85,landing,4056.53681536
2102.00000000,BACKGROUND85,takeoff,0
2102.10000000,BACKGROUND88,landing,4130.39850105
2102.10000000,BACKGROUND88,takeoff,0
2102.30000000,BACKGROUND95,landing,949.82350825
2102.30000000,BACKGROUND95,takeoff,0
2102.50000000,BACKGROUND92,landing,2444.72823101
2102.50000000,BACKGROUND92,takeoff,0
2103.65000000,BACKGROUND96,landing,1344.02592828
2103.65000000,BACKGROUND96,takeoff,0
2103.70000000,BACKGROUND87,landing,3025.28635026
2103.70000000,BACKGROUND87,takeoff,0
2104.30000000,BACKGROUND76,landing,4148.46346777
2104.30000000,BACKGROUND76,takeoff,0
2105.05000000,DELIVERY8,landing,951.39808403
2105.05000000,DELIVERY8,takeoff,0
2105.15000000,BACKGROUND98,landing,432.34648155
2105.15000000,BACKGROUND98,takeoff,0
2105.90000000,BACKGROUND89,landing,3290.64878009
2105.90000000,BACKGROUND89,takeoff,0
2106.35000000,BACKGROUND93,landing,597.20220145
2106.35000000,BACKGROUND93,takeoff,0
2109.00000000,BACKGROUND83,landing,3171.78225159
2109.00000000,BACKGROUND83,takeoff,0
2109.00000000,DELIVERY13,landing,1204.18508657
2109.00000000,DELIVERY13,takeoff,0
2109.60000000,BACKGROUND75,landing,2847.73026901
2109.60000000,BACKGROUND75,takeoff,0
2111.15000000,DELIVERY11,landing,2131.54405178
2111.45000000,BACKGROUND79,landing,2444.58692599
2111.45000000,BACKGROUND79,takeoff,0
2121.20000000,BACKGROUND67,landing,3169.36034478
2121.20000000,BACKGROUND67,takeoff,0
2122.10000000,BACKGROUND94,landing,1281.99189382
2122.10000000,BACKGROUND94,takeoff,0
2122.30000000,DELIVERY12,landing,2655.56731884
2123.85000000,BACKGROUND90,landing,216.60459617
2123.85000000,BACKGROUND90,takeoff,0
2125.30000000,DELIVERY12,takeoff,0
2142.35000000,BACKGROUND84,landing,1092.70147700
2142.35000000,BACKGROUND84,takeoff,0
2157.35000000,DELIVERY10,landing,135.82694707
2157.35000000,DELIVERY10,takeoff,0
2171.65000000,DELIVERY13,landing,473.82821014
2176.05000000,BACKGROUND102,takeoff,0
2176.05000000,BACKGROUND104,takeoff,0
2220.05000000,DELIVERY17,takeoff,0
2221.05000000,BACKGROUND106,takeoff,0
2238.25000000,BACKGROUND76,landing,1718.72523942
2241.00000000,BACKGROUND85,landing,944.73610277
2251.05000000,BACKGROUND105,takeoff,0
2296.05000000,BACKGROUND110,takeoff,0
2326.05000000,BACKGROUND112,takeoff,0
2333.15000000,DELIVERY12,landing,2702.12004607
2335.70000000,BACKGROUND95,landing,3292.13689050
2341.05000000,BACKGROUND113,takeoff,0
2371.05000000,BACKGROUND111,takeoff,0
2373.15000000,BACKGROUND88,landing,2314.15478803
2376.30000000,BACKGROUND71,landing,1765.97246801
2376.30000000,BACKGROUND71,takeoff,0
2378.45000000,BACKGROUND67,landing,1996.11805459
2384.40000000,BACKGROUND70,landing,1205.71102786
2390.15000000,BACKGROUND105,landing,1672.45308116
2392.35000000,BACKGROUND82,landing,3428.00599128
2400.05000000,BACKGROUND97,takeoff,0
2400.05000000,BACKGROUND101,takeoff,0
2400.05000000,BACKGROUND103,takeoff,0
2400.05000000,BACKGROUND109,takeoff,0
2400.05000000,DELIVERY21,takeoff,0
2400.05000000,DELIVERY20,takeoff,0
2401.20000000,BACKGROUND104,landing,2899.47132548
2401.20000000,BACKGROUND104,takeoff,0
2401.30000000,BACKGROUND106,landing,3112.21369289
2401.30000000,BACKGROUND106,takeoff,0
2403.15000000,DELIVERY8,landing,3680.46470946
2403.15000000,DELIVERY8,takeoff,0
2403.55000000,BACKGROUND110,landing,1405.56506633
2403.55000000,BACKGROUND110,takeoff,0
2403.90000000,BACKGROUND99,landing,3157.65278559
2403.90000000,BACKGROUND99,takeoff,0
2404.30000000,BACKGROUND84,landing,2576.81208682
2404.30000000,BACKGROUND84,takeoff,0
2405.80000000,BACKGROUND93,landing,2436.38633201
2405.80000000,BACKGROUND93,takeoff,0
2406.00000000,BACKGROUND113,landing,417.90866726
2406.00000000,BACKGROUND113,takeoff,0
2406.35000000,BACKGROUND102,landing,2831.84672423
2406.35000000,BACKGROUND102,takeoff,0
2407.50000000,BACKGROUND83,landing,1414.10821166
2407.50000000,BACKGROUND83,takeoff,0
2407.70000000,BACKGROUND92,landing,1925.31355485
2407.70000000,BACKGROUND92,takeoff,0
2407.85000000,BACKGROUND90,landing,2008.71707629
2412.20000000,BACKGROUND81,landing,1413.05045439
2412.20000000,BACKGROUND81,takeoff,0
2413.35000000,BACKGROUND112,landing,597.76985695
2413.35000000,BACKGROUND112,takeoff,0
2416.05000000,BACKGROUND115,takeoff,0
2419.80000000,BACKGROUND75,landing,1686.08327509
2419.80000000,BACKGROUND75,takeoff,0
2421.50000000,BACKGROUND94,landing,3224.86561088
2421.50000000,BACKGROUND94,takeoff,0
2422.30000000,DELIVERY15,landing,2655.56731884
2423.55000000,BACKGROUND96,landing,3656.30339945
2425.30000000,DELIVERY15,takeoff,0
2426.05000000,BACKGROUND71,landing,209.41691613
2426.05000000,BACKGROUND71,takeoff,0
2430.90000000,DELIVERY10,landing,2124.23518895
2430.90000000,DELIVERY10,takeoff,0
2437.25000000,BACKGROUND111,landing,311.02190542
2437.25000000,BACKGROUND111,takeoff,0
2438.70000000,DELIVERY8,landing,483.35162556
2439.45000000,BACKGROUND79,landing,1594.99320078
2439.45000000,BACKGROUND79,takeoff,0
2454.95000000,BACKGROUND87,landing,3424.45727707
2470.75000000,BACKGROUND73,landing,2983.28916334
2481.35000000,BACKGROUND93,landing,913.90288689
2482.55000000,DELIVERY16,landing,2016.63487569
2485.55000000,DELIVERY16,takeoff,0
2491.05000000,BACKGROUND116,takeoff,0
2491.05000000,BACKGROUND119,takeoff,0
2497.55000000,BACKGROUND102,landing,790.11540249
2500.70000000,BACKGROUND89,landing,2147.93329146
2504.45000000,DELIVERY17,landing,2650.77810408
2506.05000000,BACKGROUND120,takeoff,0
2507.45000000,DELIVERY17,takeoff,0
2516.70000000,BACKGROUND99,landing,971.96653953
2518.05000000,BACKGROUND81,landing,716.26447829
2540.75000000,BACKGROUND75,landing,1117.34819478
2551.05000000,BACKGROUND108,takeoff,0
2551.05000000,BACKGROUND122,takeoff,0
2572.65000000,BACKGROUND94,landing,1562.20992983
2581.05000000,BACKGROUND121,takeoff,0
2590.40000000,BACKGROUND112,landing,2589.12149411
2611.05000000,BACKGROUND125,takeoff,0
2611.35000000,BACKGROUND83,landing,1226.61746873
2625.55000000,BACKGROUND101,landing,2111.09712002
2626.05000000,BACKGROUND126,takeoff,0
2629.15000000,DELIVERY15,landing,2646.20424608
2631.75000000,BACKGROUND109,landing,2316.37984347
2641.05000000,BACKGROUND123,takeoff,0
2641.85000000,BACKGROUND79,landing,1351.22321188
2644.90000000,DELIVERY20,landing,2142.34798637
2645.30000000,BACKGROUND92,landing,2803.44646785
2647.90000000,DELIVERY20,takeoff,0
2656.05000000,BACKGROUND124,takeoff,0
2662.80000000,BACKGROUND98,landing,3986.64757595
2681.05000000,BACKGROUND119,landing,1736.56081287
2684.45000000,DELIVERY21,landing,2650.77810408
2686.05000000,BACKGROUND130,takeoff,0
2687.45000000,DELIVERY21,takeoff,0
2700.05000000,DELIVERY14,takeoff,0
2700.05000000,BACKGROUND91,takeoff,0
2700.05000000,DELIVERY18,takeoff,0
2700.05000000,BACKGROUND100,takeoff,0
2700.05000000,BACKGROUND107,takeoff,0
2700.05000000,BACKGROUND114,takeoff,0
2700.05000000,DELIVERY19,takeoff,0
2700.05000000,BACKGROUND118,takeoff,0
2700.05000000,BACKGROUND128,takeoff,0
2700.05000000,BACKGROUND129,takeoff,0
2700.05000000,DELIVERY23,takeoff,0
2700.25000000,BACKGROUND125,landing,466.42209972
2700.25000000,BACKGROUND125,takeoff,0
2701.05000000,BACKGROUND131,takeoff,0
2701.20000000,BACKGROUND108,landing,2058.46247704
2701.20000000,BACKGROUND108,takeoff,0
2701.55000000,DELIVERY16,landing,1422.01840276
2701.55000000,DELIVERY16,takeoff,0
2705.65000000,BACKGROUND130,landing,340.28631561
2705.65000000,BACKGROUND130,takeoff,0
2706.20000000,BACKGROUND122,landing,2083.83926928
2706.20000000,BACKGROUND122,takeoff,0
2706.20000000,BACKGROUND111,landing,1721.40009197
2707.55000000,BACKGROUND124,landing,612.85568139
2707.55000000,BACKGROUND124,takeoff,0
2708.40000000,DELIVERY20,landing,798.18543244
2708.40000000,DELIVERY20,takeoff,0
2710.75000000,BACKGROUND103,landing,2010.23735111
2710.75000000,BACKGROUND103,takeoff,0
2711.20000000,BACKGROUND116,landing,2876.68471786
2711.20000000,BACKGROUND116,takeoff,0
2713.90000000,BACKGROUND84,landing,2238.40415175
2714.00000000,BACKGROUND121,landing,1349.49461284
2714.00000000,BACKGROUND121,takeoff,0
2715.70000000,BACKGROUND110,landing,3171.79689609
2715.70000000,BACKGROUND110,takeoff,0
2716.05000000,BACKGROUND132,takeoff,0
2716.05000000,BACKGROUND120,landing,961.98298092
2716.05000000,BACKGROUND120,takeoff,0
2716.25000000,DELIVERY17,landing,1828.14122854
2716.25000000,DELIVERY17,takeoff,0
2718.50000000,BACKGROUND123,landing,99.95850834
2718.50000000,BACKGROUND123,takeoff,0
2731.35000000,BACKGROUND104,landing,3681.54635003
2732.80000000,BACKGROUND126,landing,861.50348196
2732.80000000,BACKGROUND126,takeoff,0
2733.50000000,BACKGROUND106,landing,1699.66179093
2735.80000000,BACKGROUND115,landing,3372.06975711
2735.80000000,BACKGROUND115,takeoff,0
2745.65000000,BACKGROUND97,landing,2244.18440860
2745.65000000,BACKGROUND97,takeoff,0
2760.90000000,DELIVERY10,landing,2445.97683137
2767.50000000,DELIVERY21,landing,288.00875793
2767.50000000,DELIVERY21,takeoff,0
2778.20000000,DELIVERY16,landing,257.44275623
2798.90000000,BACKGROUND71,landing,962.76090358
2798.90000000,BACKGROUND71,takeoff,0
2806.05000000,BACKGROUND133,takeoff,0
2812.15000000,BACKGROUND113,landing,3586.72255116
2812.15000000,BACKGROUND113,takeoff,0
2817.05000000,BACKGROUND122,landing,863.77811152
2825.15000000,BACKGROUND110,landing,611.10670219
2845.60000000,BACKGROUND115,landing,2256.21391099
2851.05000000,BACKGROUND136,takeoff,0
2854.45000000,DELIVERY20,landing,881.12047515
2856.25000000,BACKGROUND116,landing,1140.80675282
2857.25000000,BACKGROUND97,landing,1766.64166800
2858.00000000,DELIVERY17,landing,829.68707455
2861.00000000,DELIVERY17,takeoff,0
2866.05000000,BACKGROUND137,takeoff,0
2867.50000000,DELIVERY17,landing,0.33494870
2868.95000000,BACKGROUND123,landing,1520.06918559
2881.05000000,BACKGROUND127,takeoff,0
2881.95000000,BACKGROUND71,landing,213.45179513
2909.90000000,BACKGROUND113,landing,1436.56103317
2922.95000000,BACKGROUND118,landing,1534.93643948
2925.20000000,BACKGROUND130,landing,2700.05317501
2925.65000000,BACKGROUND108,landing,2726.43387614
2927.45000000,BACKGROUND100,landing,3109.46246461
2934.30000000,BACKGROUND91,landing,2407.48247266
2940.50000000,BACKGROUND132,landing,2972.75460390
2947.05000000,BACKGROUND114,landing,2673.15965177
2948.65000000,DELIVERY23,landing,1820.03471079
2951.65000000,DELIVERY23,takeoff,0
2956.05000000,BACKGROUND139,takeoff,0
2971.05000000,BACKGROUND138,takeoff,0
2996.45000000,DELIVERY21,landing,2676.97426616
2999.45000000,DELIVERY21,takeoff,0
3000.05000000,DELIVERY22,takeoff,0
3000.05000000,DELIVERY24,takeoff,0
3000.05000000,BACKGROUND134,takeoff,0
3000.05000000,BACKGROUND135,takeoff,0
3000.05000000,DELIVERY26,takeoff,0
3000.90000000,DELIVERY23,landing,369.03082823
3000.90000000,DELIVERY23,takeoff,0
3001.05000000,BACKGROUND142,takeoff,0
3001.30000000,BACKGROUND133,landing,1227.92806189
3001.30000000,BACKGROUND133,takeoff,0
3001.50000000,BACKGROUND103,landing,4517.41700716
3001.50000000,BACKGROUND103,takeoff,0
3001.90000000,DELIVERY14,landing,3432.90515645
3001.90000000,DELIVERY14,takeoff,0
3001.90000000,DELIVERY18,landing,3432.90515645
3001.90000000,DELIVERY18,takeoff,0
3004.25000000,BACKGROUND138,landing,462.92960312
3004.25000000,BACKGROUND138,takeoff,0
3005.10000000,BACKGROUND137,landing,1559.49504492
3005.10000000,BACKGROUND137,takeoff,0
3005.95000000,DELIVERY21,landing,0.33494870
3006.05000000,BACKGROUND129,landing,3955.18808015
3006.05000000,BACKGROUND129,takeoff,0
3006.85000000,BACKGROUND125,landing,4206.97343490
3006.85000000,BACKGROUND125,takeoff,0
3008.90000000,BACKGROUND136,landing,517.77651253
3008.90000000,BACKGROUND136,takeoff,0
3009.20000000,BACKGROUND139,landing,208.54019719
3009.20000000,BACKGROUND139,takeoff,0
3014.45000000,BACKGROUND131,landing,3635.09923540
3014.45000000,BACKGROUND131,takeoff,0
3015.30000000,BACKGROUND120,landing,1496.61914410
3015.30000000,BACKGROUND120,takeoff,0
3016.05000000,BACKGROUND143,takeoff,0
3016.05000000,BACKGROUND128,landing,2718.51704644
3016.05000000,BACKGROUND128,takeoff,0
3018.70000000,BACKGROUND121,landing,2361.35607447
3018.70000000,BACKGROUND121,takeoff,0
3030.35000000,DELIVERY19,landing,3469.30721658
3030.35000000,DELIVERY19,takeoff,0
3052.10000000,BACKGROUND103,landing,401.64689287
3054.45000000,BACKGROUND126,landing,2185.77708673
3054.45000000,BACKGROUND126,takeoff,0
3055.85000000,BACKGROUND127,landing,775.69642343
3055.85000000,BACKGROUND127,takeoff,0
3067.00000000,BACKGROUND107,landing,2465.25947239
3067.45000000,BACKGROUND125,landing,479.88236962
3076.05000000,BACKGROUND146,takeoff,0
3087.90000000,BACKGROUND124,landing,3020.92846235
3087.90000000,BACKGROUND124,takeoff,0
3106.00000000,BACKGROUND131,landing,1055.04902944
3106.05000000,BACKGROUND145,takeoff,0
3106.05000000,BACKGROUND148,takeoff,0
3119.95000000,BACKGROUND136,landing,1186.08766781
3151.05000000,BACKGROUND147,takeoff,0
3166.05000000,BACKGROUND141,takeoff,0
3173.30000000,DELIVERY14,landing,1035.72832299
3173.30000000,DELIVERY18,landing,1035.72832299
3176.30000000,DELIVERY14,takeoff,0
3176.30000000,DELIVERY18,takeoff,0
3181.05000000,BACKGROUND150,takeoff,0
3182.50000000,DELIVERY23,landing,1307.62887203
3205.75000000,BACKGROUND127,landing,1697.38452658
3226.05000000,BACKGROUND152,takeoff,0
3229.70000000,BACKGROUND137,landing,3351.19081090
3271.05000000,BACKGROUND140,takeoff,0
3278.10000000,BACKGROUND129,landing,3885.88153191
3279.85000000,BACKGROUND142,landing,3819.68724706
3286.05000000,BACKGROUND155,takeoff,0
3292.00000000,DELIVERY19,landing,1759.28505419
3295.00000000,DELIVERY19,takeoff,0
3297.75000000,BACKGROUND139,landing,3015.86292659
3300.05000000,DELIVERY25,takeoff,0
3300.05000000,DELIVERY27,takeoff,0
3300.05000000,BACKGROUND144,takeoff,0
3300.05000000,BACKGROUND149,takeoff,0
3300.05000000,DELIVERY28,takeoff,0
3300.05000000,DELIVERY29,takeoff,0
3300.90000000,DELIVERY14,landing,1034.63358749
3300.90000000,DELIVERY14,takeoff,0
3300.90000000,DELIVERY18,landing,1034.63358749
3300.90000000,DELIVERY18,takeoff,0
3301.05000000,DELIVERY22,landing,3515.78756961
3301.05000000,DELIVERY22,takeoff,0
3301.05000000,DELIVERY26,landing,3515.78756961
3301.05000000,DELIVERY26,takeoff,0
3301.85000000,BACKGROUND124,landing,1558.44356103
3302.90000000,BACKGROUND148,landing,2166.06163252
3302.90000000,BACKGROUND148,takeoff,0
3303.60000000,BACKGROUND133,landing,3804.65625060
3303.60000000,BACKGROUND133,takeoff,0
3304.00000000,BACKGROUND120,landing,1752.79565208
3304.00000000,BACKGROUND120,takeoff,0
3304.80000000,BACKGROUND141,landing,1658.09576355
3304.80000000,BACKGROUND141,takeoff,0
3305.15000000,BACKGROUND146,landing,3467.02447782
3305.15000000,BACKGROUND146,takeoff,0
3305.40000000,BACKGROUND140,landing,548.16043298
3305.40000000,BACKGROUND140,takeoff,0
3305.90000000,BACKGROUND143,landing,4370.90163760
3305.90000000,BACKGROUND143,takeoff,0
3307.20000000,BACKGROUND150,landing,1990.69372939
3307.20000000,BACKGROUND150,takeoff,0
3308.75000000,BACKGROUND138,landing,1221.49624312
3308.75000000,BACKGROUND138,takeoff,0
3310.70000000,BACKGROUND134,landing,3511.23021252
3310.70000000,BACKGROUND134,takeoff,0
3316.05000000,BACKGROUND157,takeoff,0
3317.45000000,DELIVERY19,landing,133.76058900
3317.45000000,DELIVERY19,takeoff,0
3322.30000000,DELIVERY24,landing,2655.56731884
3322.90000000,BACKGROUND155,landing,80.07748494
3322.90000000,BACKGROUND155,takeoff,0
3325.30000000,DELIVERY24,takeoff,0
3326.60000000,BACKGROUND152,landing,434.89482716
3326.60000000,BACKGROUND152,takeoff,0
3328.00000000,BACKGROUND145,landing,3055.15981670
3328.00000000,BACKGROUND145,takeoff,0
3331.05000000,BACKGROUND158,takeoff,0
3334.55000000,BACKGROUND128,landing,2332.94280825
3335.05000000,BACKGROUND126,landing,1506.44099551
3344.00000000,BACKGROUND135,landing,1802.90290515
3344.00000000,BACKGROUND135,takeoff,0
3350.20000000,BACKGROUND121,landing,1476.27151497
3359.20000000,BACKGROUND147,landing,1479.12849137
3359.20000000,BACKGROUND147,takeoff,0
3361.30000000,BACKGROUND138,landing,439.93253375
3391.05000000,BACKGROUND161,takeoff,0
3402.95000000,BACKGROUND150,landing,489.51775462
3406.05000000,BACKGROUND159,takeoff,0
3436.05000000,BACKGROUND160,takeoff,0
3436.05000000,BACKGROUND164,takeoff,0
3451.05000000,BACKGROUND165,takeoff,0
3479.30000000,DELIVERY22,landing,952.93331158
3482.30000000,DELIVERY22,takeoff,0
3514.85000000,BACKGROUND120,landing,1442.13375379
3525.15000000,DELIVERY27,landing,1926.40542623
3526.05000000,BACKGROUND166,takeoff,0
3528.15000000,DELIVERY27,takeoff,0
3540.05000000,DELIVERY30,takeoff,0
3541.05000000,BACKGROUND163,takeoff,0
3572.15000000,DELIVERY24,landing,2653.09360667
3582.20000000,BACKGROUND134,landing,2757.66604371
3586.05000000,BACKGROUND147,landing,1927.56502766
3593.85000000,BACKGROUND160,landing,1958.62439117
3600.05000000,BACKGROUND151,takeoff,0
3600.05000000,BACKGROUND153,takeoff,0
3600.05000000,BACKGROUND154,takeoff,0
3600.05000000,BACKGROUND162,takeoff,0
3600.05000000,BACKGROUND156,takeoff,0
3600.05000000,BACKGROUND167,takeoff,0
3600.05000000,DELIVERY33,takeoff,0
3600.05000000,DELIVERY32,takeoff,0
3600.05000000,DELIVERY31,takeoff,0
3600.50000000,DELIVERY30,landing,722.14843455
3600.50000000,DELIVERY30,takeoff,0
3600.60000000,BACKGROUND157,landing,3336.17376575
3600.60000000,BACKGROUND157,takeoff,0
