# CLOSEST POINT OF APPROACH LOG
# Shortest distance between 2 UAS during their conflict
# 
# Simulation Time [s], UAS1, UAS2, Distance [m]
# simt
718.00000000,BACKGROUND14,BACKGROUND33,2.24876614
818.00000000,DELIVERY2,DELIVERY3,3.27100660
836.00000000,BACKGROUND33,BACKGROUND35,0.58942482
840.00000000,BACKGROUND14,BACKGROUND30,1.37770309
863.00000000,BACKGROUND33,DELIVERY1,0.34284025
915.00000000,DELIVERY2,DELIVERY3,0.01819474
916.00000000,DELIVERY2,DELIVERY3,0.01819474
917.00000000,DELIVERY2,DELIVERY3,0.01819474
922.00000000,DELIVERY2,DELIVERY3,0.74958107
1037.00000000,DELIVERY2,DELIVERY5,0.00355768
1152.00000000,BACKGROUND20,BACKGROUND43,0.71090742
1347.00000000,BACKGROUND42,BACKGROUND56,0.36852297
1362.00000000,BACKGROUND26,BACKGROUND58,4.07871573
1388.00000000,BACKGROUND47,BACKGROUND56,0.08860156
1454.00000000,DELIVERY4,DELIVERY6,0.72444846
1455.00000000,DELIVERY4,DELIVERY6,1.67335747
1456.00000000,DELIVERY4,DELIVERY6,1.67335747
1457.00000000,DELIVERY4,DELIVERY6,1.67335747
1458.00000000,DELIVERY4,DELIVERY6,1.67335747
1459.00000000,DELIVERY4,DELIVERY6,1.67335747
1460.00000000,DELIVERY4,DELIVERY6,1.67335747
1461.00000000,DELIVERY4,DELIVERY6,1.67335747
1462.00000000,DELIVERY4,DELIVERY6,1.67335747
1463.00000000,DELIVERY4,DELIVERY6,1.67335747
1464.00000000,DELIVERY4,DELIVERY6,1.67335747
1465.00000000,DELIVERY4,DELIVERY6,1.67335747
1466.00000000,DELIVERY4,DELIVERY6,1.67335747
1467.00000000,DELIVERY4,DELIVERY6,1.67335747
1468.00000000,DELIVERY4,DELIVERY6,1.67335747
1469.00000000,DELIVERY4,DELIVERY6,1.67335747
1470.00000000,DELIVERY4,DELIVERY6,1.67335747
1471.00000000,DELIVERY4,DELIVERY6,1.67335747
1472.00000000,DELIVERY4,DELIVERY6,1.67335747
1473.00000000,DELIVERY4,DELIVERY6,1.67335747
1474.00000000,DELIVERY4,DELIVERY6,1.67335747
1491.00000000,DELIVERY4,DELIVERY9,0.33245052
1501.00000000,DELIVERY10,DELIVERY8,0.00000000
1502.00000000,DELIVERY10,DELIVERY8,0.00000000
1503.00000000,DELIVERY10,DELIVERY8,0.00000000
1504.00000000,DELIVERY10,DELIVERY8,0.00000000
1505.00000000,DELIVERY10,DELIVERY8,0.00000000
1506.00000000,DELIVERY10,DELIVERY8,0.00000000
1507.00000000,DELIVERY10,DELIVERY8,0.00000000
1508.00000000,DELIVERY10,DELIVERY8,0.00000000
1509.00000000,DELIVERY10,DELIVERY8,0.00000000
1510.00000000,DELIVERY10,DELIVERY8,0.00000000
1511.00000000,DELIVERY10,DELIVERY8,0.00000000
1512.00000000,DELIVERY10,DELIVERY8,0.00000000
1513.00000000,DELIVERY10,DELIVERY8,0.00000000
1514.00000000,DELIVERY10,DELIVERY8,0.00000000
1515.00000000,DELIVERY10,DELIVERY8,0.00000000
1516.00000000,DELIVERY10,DELIVERY8,0.00000000
1517.00000000,DELIVERY10,DELIVERY8,0.00000000
1518.00000000,DELIVERY10,DELIVERY8,0.00000000
1519.00000000,DELIVERY10,DELIVERY8,0.00000000
1520.00000000,DELIVERY10,DELIVERY8,0.00000000
1521.00000000,DELIVERY10,DELIVERY8,0.00000000
1522.00000000,DELIVERY10,DELIVERY8,0.00000000
1523.00000000,DELIVERY10,DELIVERY8,0.00000000
1524.00000000,DELIVERY10,DELIVERY8,0.00000000
1525.00000000,DELIVERY10,DELIVERY8,0.00000000
1526.00000000,DELIVERY10,DELIVERY8,0.00000000
1527.00000000,DELIVERY10,DELIVERY8,0.00000000
1528.00000000,DELIVERY10,DELIVERY8,0.00000000
1529.00000000,DELIVERY10,DELIVERY8,0.00000000
1530.00000000,DELIVERY10,DELIVERY8,0.00000000
1531.00000000,DELIVERY10,DELIVERY8,0.00000000
1532.00000000,DELIVERY10,DELIVERY8,0.00000000
1533.00000000,DELIVERY10,DELIVERY8,0.00000000
1534.00000000,DELIVERY10,DELIVERY8,0.00000000
1535.00000000,DELIVERY10,DELIVERY8,0.00000000
1536.00000000,DELIVERY10,DELIVERY8,0.00000000
1537.00000000,DELIVERY10,DELIVERY8,0.00000000
1538.00000000,DELIVERY10,DELIVERY8,0.00000000
1539.00000000,DELIVERY10,DELIVERY8,0.00000000
1540.00000000,DELIVERY10,DELIVERY8,0.00000000
1541.00000000,DELIVERY10,DELIVERY8,0.00000000
1542.00000000,DELIVERY10,DELIVERY8,0.00000000
1543.00000000,DELIVERY10,DELIVERY8,0.00000000
1544.00000000,DELIVERY10,DELIVERY8,0.00000000
1545.00000000,DELIVERY10,DELIVERY8,0.00000000
1546.00000000,DELIVERY10,DELIVERY8,0.00000000
1547.00000000,DELIVERY10,DELIVERY8,0.00000000
1548.00000000,DELIVERY10,DELIVERY8,0.00000000
1549.00000000,DELIVERY10,DELIVERY8,0.00000000
1550.00000000,DELIVERY10,DELIVERY8,0.00000000
1551.00000000,DELIVERY10,DELIVERY8,0.00000000
1552.00000000,DELIVERY10,DELIVERY8,0.00000000
1553.00000000,DELIVERY10,DELIVERY8,0.00000000
1554.00000000,DELIVERY10,DELIVERY8,0.00000000
1555.00000000,DELIVERY10,DELIVERY8,0.00000000
1556.00000000,DELIVERY10,DELIVERY8,0.00000000
1557.00000000,DELIVERY10,DELIVERY8,0.00000000
1558.00000000,DELIVERY10,DELIVERY8,0.00000000
1559.00000000,DELIVERY10,DELIVERY8,0.00000000
1560.00000000,DELIVERY10,DELIVERY8,0.00000000
1561.00000000,DELIVERY10,DELIVERY8,0.00000000
1562.00000000,DELIVERY10,DELIVERY8,0.00000000
1563.00000000,DELIVERY10,DELIVERY8,0.00000000
1564.00000000,DELIVERY10,DELIVERY8,0.00000000
1565.00000000,DELIVERY10,DELIVERY8,0.00000000
1566.00000000,DELIVERY10,DELIVERY8,0.00000000
1567.00000000,DELIVERY10,DELIVERY8,0.00000000
1568.00000000,DELIVERY10,DELIVERY8,0.00000000
1569.00000000,DELIVERY10,DELIVERY8,0.00000000
1570.00000000,DELIVERY10,DELIVERY8,0.00000000
1571.00000000,DELIVERY10,DELIVERY8,0.00000000
1572.00000000,DELIVERY10,DELIVERY8,0.00000000
1573.00000000,DELIVERY10,DELIVERY8,0.00000000
1574.00000000,DELIVERY10,DELIVERY8,0.00000000
1575.00000000,DELIVERY10,DELIVERY8,0.00000000
1576.00000000,DELIVERY10,DELIVERY8,0.00000000
1577.00000000,DELIVERY10,DELIVERY8,0.00000000
1578.00000000,DELIVERY10,DELIVERY8,0.00000000
1579.00000000,DELIVERY10,DELIVERY8,0.00000000
1580.00000000,DELIVERY10,DELIVERY8,0.00000000
1581.00000000,DELIVERY10,DELIVERY8,0.00000000
1582.00000000,DELIVERY10,DELIVERY8,0.00000000
1583.00000000,DELIVERY10,DELIVERY8,0.00000000
1584.00000000,DELIVERY10,DELIVERY8,0.00000000
1585.00000000,DELIVERY10,DELIVERY8,0.00000000
1594.00000000,DELIVERY10,DELIVERY8,0.00000000
1595.00000000,DELIVERY10,DELIVERY8,0.00000000
1596.00000000,DELIVERY10,DELIVERY8,0.00000000
1597.00000000,DELIVERY10,DELIVERY8,0.00000000
1598.00000000,DELIVERY10,DELIVERY8,0.00000000
1599.00000000,DELIVERY10,DELIVERY8,0.00000000
1600.00000000,DELIVERY10,DELIVERY8,0.00000000
1601.00000000,DELIVERY10,DELIVERY8,0.00000000
1602.00000000,DELIVERY10,DELIVERY8,0.00000000
1603.00000000,DELIVERY10,DELIVERY8,0.00000000
1604.00000000,DELIVERY10,DELIVERY8,0.00000000
1605.00000000,DELIVERY10,DELIVERY8,0.00000000
1606.00000000,DELIVERY10,DELIVERY8,0.00000000
1607.00000000,DELIVERY10,DELIVERY8,0.00000000
1608.00000000,DELIVERY10,DELIVERY8,0.00000000
1609.00000000,DELIVERY10,DELIVERY8,0.00000000
1610.00000000,DELIVERY10,DELIVERY8,0.00000000
1611.00000000,DELIVERY10,DELIVERY8,0.00000000
1612.00000000,DELIVERY10,DELIVERY8,0.00000000
1613.00000000,DELIVERY10,DELIVERY8,0.00000000
1614.00000000,DELIVERY10,DELIVERY8,0.00000000
1615.00000000,DELIVERY10,DELIVERY8,0.00000000
1616.00000000,DELIVERY10,DELIVERY8,0.00000000
1617.00000000,DELIVERY10,DELIVERY8,0.00000000
1618.00000000,DELIVERY10,DELIVERY8,0.00000000
1619.00000000,DELIVERY10,DELIVERY8,0.00000000
1620.00000000,DELIVERY10,DELIVERY8,0.00000000
1621.00000000,DELIVERY10,DELIVERY8,0.00000000
1622.00000000,DELIVERY10,DELIVERY8,0.00000000
1623.00000000,DELIVERY10,DELIVERY8,0.00000000
1624.00000000,DELIVERY10,DELIVERY8,0.00000000
1625.00000000,DELIVERY10,DELIVERY8,0.00000000
1626.00000000,DELIVERY10,DELIVERY8,0.00000000
1627.00000000,DELIVERY10,DELIVERY8,0.00000000
1628.00000000,DELIVERY10,DELIVERY8,0.00000000
1629.00000000,DELIVERY10,DELIVERY8,0.00000000
1630.00000000,DELIVERY10,DELIVERY8,0.00000000
1631.00000000,DELIVERY10,DELIVERY8,0.00000000
1632.00000000,DELIVERY10,DELIVERY8,0.00000000
1633.00000000,DELIVERY10,DELIVERY8,0.00000000
1634.00000000,DELIVERY10,DELIVERY8,0.00000000
1635.00000000,DELIVERY10,DELIVERY8,0.00000000
1636.00000000,DELIVERY10,DELIVERY8,0.00000000
1637.00000000,DELIVERY10,DELIVERY8,0.00000000
1638.00000000,DELIVERY10,DELIVERY8,0.00000000
1639.00000000,DELIVERY10,DELIVERY8,0.00000000
1640.00000000,DELIVERY10,DELIVERY8,0.00000000
1641.00000000,DELIVERY10,DELIVERY8,0.00000000
1642.00000000,DELIVERY10,DELIVERY8,0.00000000
1643.00000000,DELIVERY10,DELIVERY8,0.00000000
1644.00000000,DELIVERY10,DELIVERY8,0.00000000
1645.00000000,DELIVERY10,DELIVERY8,0.00000000
1646.00000000,DELIVERY10,DELIVERY8,0.00000000
1647.00000000,DELIVERY10,DELIVERY8,0.00000000
1648.00000000,DELIVERY10,DELIVERY8,0.00000000
1649.00000000,DELIVERY10,DELIVERY8,0.00000000
1650.00000000,DELIVERY10,DELIVERY8,0.00000000
1651.00000000,DELIVERY10,DELIVERY8,0.00000000
1652.00000000,DELIVERY10,DELIVERY8,0.00000000
1653.00000000,DELIVERY10,DELIVERY8,0.00000000
1654.00000000,DELIVERY10,DELIVERY8,0.00000000
1655.00000000,DELIVERY10,DELIVERY8,0.00000000
1656.00000000,DELIVERY10,DELIVERY8,0.00000000
1657.00000000,DELIVERY10,DELIVERY8,0.00000000
1658.00000000,DELIVERY10,DELIVERY8,0.00000000
1659.00000000,DELIVERY10,DELIVERY8,0.00000000
1660.00000000,DELIVERY10,DELIVERY8,0.00000000
1661.00000000,DELIVERY10,DELIVERY8,0.00000000
1662.00000000,DELIVERY10,DELIVERY8,0.00000000
1663.00000000,DELIVERY10,DELIVERY8,0.00000000
1664.00000000,DELIVERY10,DELIVERY8,0.00000000
1665.00000000,DELIVERY10,DELIVERY8,0.00000000
1666.00000000,DELIVERY10,DELIVERY8,0.00000000
1667.00000000,DELIVERY10,DELIVERY8,0.00000000
1668.00000000,DELIVERY10,DELIVERY8,0.00000000
1669.00000000,DELIVERY10,DELIVERY8,0.00000000
1670.00000000,DELIVERY10,DELIVERY8,0.00000000
1671.00000000,DELIVERY10,DELIVERY8,0.00000000
1672.00000000,DELIVERY10,DELIVERY8,0.00000000
1673.00000000,DELIVERY10,DELIVERY8,0.00000000
1674.00000000,DELIVERY10,DELIVERY8,0.00000000
1675.00000000,DELIVERY10,DELIVERY8,0.00000000
1676.00000000,DELIVERY10,DELIVERY8,0.00000000
1677.00000000,DELIVERY10,DELIVERY8,0.00000000
1678.00000000,DELIVERY10,DELIVERY8,0.00000000
1679.00000000,DELIVERY10,DELIVERY8,0.00000000
1680.00000000,DELIVERY10,DELIVERY8,0.00000000
1681.00000000,DELIVERY10,DELIVERY8,0.00000000
1682.00000000,DELIVERY10,DELIVERY8,0.00000000
1683.00000000,DELIVERY10,DELIVERY8,0.00000000
1684.00000000,DELIVERY10,DELIVERY8,0.00000000
1685.00000000,DELIVERY10,DELIVERY8,0.00000000
1686.00000000,DELIVERY10,DELIVERY8,0.00000000
1687.00000000,DELIVERY10,DELIVERY8,0.00000000
1688.00000000,DELIVERY10,DELIVERY8,0.00000000
1689.00000000,DELIVERY10,DELIVERY8,0.00000000
1690.00000000,DELIVERY10,DELIVERY8,0.00000000
1691.00000000,DELIVERY10,DELIVERY8,0.00000000
1692.00000000,DELIVERY10,DELIVERY8,0.00000000
1693.00000000,DELIVERY10,DELIVERY8,0.00000000
1694.00000000,DELIVERY10,DELIVERY8,0.00000000
1695.00000000,DELIVERY10,DELIVERY8,0.00000000
1696.00000000,DELIVERY10,DELIVERY8,0.00000000
1697.00000000,DELIVERY10,DELIVERY8,0.00000000
1698.00000000,DELIVERY10,DELIVERY8,0.00000000
1699.00000000,DELIVERY10,DELIVERY8,0.00000000
1700.00000000,DELIVERY10,DELIVERY8,0.00000000
1701.00000000,DELIVERY10,DELIVERY8,0.00000000
1702.00000000,DELIVERY10,DELIVERY8,0.00000000
1703.00000000,DELIVERY10,DELIVERY8,0.00000000
1704.00000000,DELIVERY10,DELIVERY8,0.00000000
1705.00000000,DELIVERY10,DELIVERY8,0.00000000
1706.00000000,DELIVERY10,DELIVERY8,0.00000000
1707.00000000,DELIVERY10,DELIVERY8,0.00000000
1708.00000000,DELIVERY10,DELIVERY8,0.00000000
1709.00000000,DELIVERY10,DELIVERY8,0.00000000
1710.00000000,DELIVERY10,DELIVERY8,0.00000000
1711.00000000,DELIVERY10,DELIVERY8,0.00000000
1712.00000000,DELIVERY10,DELIVERY8,0.00000000
1713.00000000,DELIVERY10,DELIVERY8,0.00000000
1714.00000000,DELIVERY10,DELIVERY8,0.00000000
1715.00000000,DELIVERY10,DELIVERY8,0.00000000
1716.00000000,DELIVERY10,DELIVERY8,0.00000000
1717.00000000,DELIVERY10,DELIVERY8,0.00000000
1718.00000000,DELIVERY10,DELIVERY8,0.00000000
1719.00000000,DELIVERY10,DELIVERY8,0.00000000
1720.00000000,DELIVERY10,DELIVERY8,0.00000000
1721.00000000,DELIVERY10,DELIVERY8,0.00000000
1722.00000000,DELIVERY10,DELIVERY8,0.00000000
1723.00000000,DELIVERY10,DELIVERY8,0.00000000
1724.00000000,DELIVERY10,DELIVERY8,0.00000000
1725.00000000,DELIVERY10,DELIVERY8,0.00000000
1726.00000000,DELIVERY10,DELIVERY8,0.00000000
1727.00000000,DELIVERY10,DELIVERY8,0.00000000
1727.00000000,DELIVERY4,DELIVERY8,0.05850970
1727.00000000,DELIVERY10,DELIVERY4,0.05850970
1728.00000000,DELIVERY10,DELIVERY8,0.00000000
1729.00000000,DELIVERY10,DELIVERY8,0.00000000
1730.00000000,DELIVERY10,DELIVERY8,0.00000000
1731.00000000,DELIVERY10,DELIVERY8,0.00000000
1732.00000000,DELIVERY10,DELIVERY8,0.00000000
1733.00000000,DELIVERY10,DELIVERY8,0.00000000
1734.00000000,DELIVERY10,DELIVERY8,0.00000000
1735.00000000,DELIVERY10,DELIVERY8,0.00000000
1736.00000000,DELIVERY10,DELIVERY8,0.00000000
1737.00000000,DELIVERY10,DELIVERY8,0.00000000
1738.00000000,DELIVERY10,DELIVERY8,0.00000000
1739.00000000,DELIVERY10,DELIVERY8,0.00000000
1740.00000000,DELIVERY10,DELIVERY8,0.00000000
1741.00000000,DELIVERY10,DELIVERY8,0.00000000
1742.00000000,DELIVERY10,DELIVERY8,0.00000000
1743.00000000,DELIVERY10,DELIVERY8,0.00000000
1744.00000000,DELIVERY10,DELIVERY8,0.00000000
1745.00000000,DELIVERY10,DELIVERY8,0.00000000
1746.00000000,DELIVERY10,DELIVERY8,0.00000000
1748.00000000,DELIVERY11,DELIVERY7,0.43087688
1752.00000000,DELIVERY10,DELIVERY8,0.00000000
1753.00000000,DELIVERY10,DELIVERY8,0.00000000
1754.00000000,DELIVERY10,DELIVERY8,0.00000000
1755.00000000,DELIVERY10,DELIVERY8,0.00000000
1756.00000000,DELIVERY10,DELIVERY8,0.00000000
1757.00000000,DELIVERY10,DELIVERY8,0.00000000
1758.00000000,DELIVERY10,DELIVERY8,0.00000000
1759.00000000,DELIVERY10,DELIVERY8,0.00000000
1760.00000000,DELIVERY10,DELIVERY8,0.00000000
1761.00000000,DELIVERY10,DELIVERY8,0.00000000
1762.00000000,DELIVERY10,DELIVERY8,0.00000000
1763.00000000,DELIVERY10,DELIVERY8,0.00000000
1764.00000000,DELIVERY10,DELIVERY8,0.00000000
1765.00000000,DELIVERY10,DELIVERY8,0.00000000
1766.00000000,DELIVERY10,DELIVERY8,0.00000000
1767.00000000,DELIVERY10,DELIVERY8,0.00000000
1768.00000000,DELIVERY10,DELIVERY8,0.00000000
1769.00000000,DELIVERY10,DELIVERY8,0.00000000
1770.00000000,DELIVERY10,DELIVERY8,0.00000000
1771.00000000,DELIVERY10,DELIVERY8,0.00000000
1772.00000000,DELIVERY10,DELIVERY8,0.00000000
1773.00000000,DELIVERY10,DELIVERY8,0.00000000
1774.00000000,DELIVERY10,DELIVERY8,0.00000000
1775.00000000,DELIVERY10,DELIVERY8,0.00000000
1776.00000000,DELIVERY10,DELIVERY8,0.00000000
1777.00000000,DELIVERY10,DELIVERY8,0.00000000
1778.00000000,DELIVERY10,DELIVERY8,0.00000000
1779.00000000,DELIVERY10,DELIVERY8,0.00000000
1780.00000000,DELIVERY10,DELIVERY8,0.00000000
1781.00000000,DELIVERY10,DELIVERY8,0.00000000
1782.00000000,DELIVERY10,DELIVERY8,0.00000000
1783.00000000,DELIVERY10,DELIVERY8,0.00000000
1784.00000000,DELIVERY10,DELIVERY8,0.00000000
1785.00000000,DELIVERY10,DELIVERY8,0.00000000
1786.00000000,DELIVERY10,DELIVERY8,0.00000000
1787.00000000,DELIVERY10,DELIVERY8,0.00000000
1788.00000000,DELIVERY10,DELIVERY8,0.00000000
1789.00000000,DELIVERY10,DELIVERY8,0.00000000
1790.00000000,DELIVERY10,DELIVERY8,0.00000000
1791.00000000,DELIVERY10,DELIVERY8,0.00000000
1792.00000000,DELIVERY10,DELIVERY8,0.00000000
1793.00000000,DELIVERY10,DELIVERY8,0.00000000
1794.00000000,DELIVERY10,DELIVERY8,0.00000000
1795.00000000,DELIVERY10,DELIVERY8,0.00000000
1796.00000000,DELIVERY10,DELIVERY8,0.00000000
1797.00000000,DELIVERY10,DELIVERY8,0.00000000
1798.00000000,DELIVERY10,DELIVERY8,0.00000000
1799.00000000,DELIVERY10,DELIVERY8,0.00000000
1800.00000000,DELIVERY10,DELIVERY8,0.00000000
1801.00000000,DELIVERY10,DELIVERY8,0.00000000
1802.00000000,DELIVERY10,DELIVERY8,0.00000000
1803.00000000,DELIVERY10,DELIVERY8,0.00000000
1804.00000000,DELIVERY10,DELIVERY8,0.00000000
1805.00000000,DELIVERY10,DELIVERY8,0.00000000
1806.00000000,DELIVERY10,DELIVERY8,0.00000000
1807.00000000,DELIVERY10,DELIVERY8,0.00000000
1808.00000000,DELIVERY10,DELIVERY8,0.00000000
1809.00000000,DELIVERY10,DELIVERY8,0.00000000
1810.00000000,DELIVERY10,DELIVERY8,0.00000000
1811.00000000,DELIVERY10,DELIVERY8,0.00000000
1812.00000000,DELIVERY10,DELIVERY8,0.00000000
1813.00000000,DELIVERY10,DELIVERY8,0.00000000
1814.00000000,DELIVERY10,DELIVERY8,0.00000000
1815.00000000,DELIVERY10,DELIVERY8,0.00000000
1816.00000000,DELIVERY10,DELIVERY8,0.00000000
1817.00000000,DELIVERY10,DELIVERY8,0.00000000
1818.00000000,DELIVERY10,DELIVERY8,0.00000000
1819.00000000,DELIVERY10,DELIVERY8,0.00000000
1820.00000000,DELIVERY10,DELIVERY8,0.00000000
1821.00000000,DELIVERY10,DELIVERY8,0.00000000
1822.00000000,DELIVERY10,DELIVERY8,0.00000000
1823.00000000,DELIVERY10,DELIVERY8,0.00000003
1966.00000000,DELIVERY13,DELIVERY8,0.48911405
1989.00000000,DELIVERY10,DELIVERY8,0.28475182
2016.00000000,DELIVERY10,DELIVERY13,0.38986480
2024.00000000,BACKGROUND76,BACKGROUND89,0.27694127
2278.00000000,BACKGROUND81,BACKGROUND96,0.00021567
2287.00000000,BACKGROUND83,BACKGROUND99,0.00315745
2335.00000000,BACKGROUND104,BACKGROUND79,0.15051780
2340.00000000,BACKGROUND84,BACKGROUND99,0.00117403
2360.00000000,BACKGROUND105,BACKGROUND75,0.08111446
2432.00000000,DELIVERY15,DELIVERY17,0.18102317
2474.00000000,DELIVERY16,DELIVERY17,0.69533724
2475.00000000,DELIVERY16,DELIVERY17,1.62702420
2476.00000000,DELIVERY16,DELIVERY17,1.62702420
2477.00000000,DELIVERY16,DELIVERY17,1.62702420
2478.00000000,DELIVERY16,DELIVERY17,1.62702420
2479.00000000,DELIVERY16,DELIVERY17,1.62702420
2480.00000000,DELIVERY16,DELIVERY17,1.62702420
2480.00000000,BACKGROUND109,DELIVERY10,1.75704543
2481.00000000,DELIVERY16,DELIVERY17,1.62702420
2482.00000000,DELIVERY16,DELIVERY17,1.62702420
2487.00000000,DELIVERY16,DELIVERY17,0.94118032
2510.00000000,DELIVERY15,DELIVERY21,0.06241979
2638.00000000,BACKGROUND108,BACKGROUND116,0.00108387
2648.00000000,BACKGROUND113,DELIVERY17,5.15917244
2701.00000000,DELIVERY14,DELIVERY18,0.00000000
2701.00000000,DELIVERY14,DELIVERY19,0.00000000
2701.00000000,DELIVERY18,DELIVERY19,0.00000000
2702.00000000,DELIVERY14,DELIVERY18,0.00000000
2702.00000000,DELIVERY14,DELIVERY19,0.00000000
2702.00000000,DELIVERY18,DELIVERY19,0.00000000
2703.00000000,DELIVERY14,DELIVERY18,0.00000000
2703.00000000,DELIVERY14,DELIVERY19,0.00000000
2703.00000000,DELIVERY18,DELIVERY19,0.00000000
2704.00000000,DELIVERY14,DELIVERY18,0.00000000
2704.00000000,DELIVERY14,DELIVERY19,0.00000000
2704.00000000,DELIVERY18,DELIVERY19,0.00000000
2705.00000000,DELIVERY14,DELIVERY18,0.00000000
2705.00000000,DELIVERY14,DELIVERY19,0.00000000
2705.00000000,DELIVERY18,DELIVERY19,0.00000000
2706.00000000,DELIVERY14,DELIVERY18,0.00000000
2706.00000000,DELIVERY14,DELIVERY19,0.00000000
2706.00000000,DELIVERY18,DELIVERY19,0.00000000
2707.00000000,DELIVERY14,DELIVERY18,0.00000000
2707.00000000,DELIVERY14,DELIVERY19,0.00000000
2707.00000000,DELIVERY18,DELIVERY19,0.00000000
2708.00000000,DELIVERY14,DELIVERY18,0.00000000
2708.00000000,DELIVERY14,DELIVERY19,0.00000000
2708.00000000,DELIVERY18,DELIVERY19,0.00000000
2709.00000000,DELIVERY14,DELIVERY18,0.00000000
2709.00000000,DELIVERY14,DELIVERY19,0.00000000
2709.00000000,DELIVERY18,DELIVERY19,0.00000000
2710.00000000,DELIVERY14,DELIVERY18,0.00000000
2710.00000000,DELIVERY14,DELIVERY19,0.00000000
2710.00000000,DELIVERY18,DELIVERY19,0.00000000
2711.00000000,DELIVERY14,DELIVERY18,0.00000000
2711.00000000,DELIVERY14,DELIVERY19,0.00000000
2711.00000000,DELIVERY18,DELIVERY19,0.00000000
2712.00000000,DELIVERY14,DELIVERY18,0.00000000
2712.00000000,DELIVERY14,DELIVERY19,0.00000000
2712.00000000,DELIVERY18,DELIVERY19,0.00000000
2713.00000000,DELIVERY14,DELIVERY18,0.00000000
2713.00000000,DELIVERY14,DELIVERY19,0.00000000
2713.00000000,DELIVERY18,DELIVERY19,0.00000000
2714.00000000,DELIVERY14,DELIVERY18,0.00000000
2714.00000000,DELIVERY14,DELIVERY19,0.00000000
2714.00000000,DELIVERY18,DELIVERY19,0.00000000
2715.00000000,DELIVERY14,DELIVERY18,0.00000000
2715.00000000,DELIVERY14,DELIVERY19,0.00000000
2715.00000000,DELIVERY18,DELIVERY19,0.00000000
2716.00000000,DELIVERY14,DELIVERY18,0.00000000
2716.00000000,DELIVERY14,DELIVERY19,0.00000000
2716.00000000,DELIVERY18,DELIVERY19,0.00000000
2717.00000000,DELIVERY14,DELIVERY18,0.00000000
2717.00000000,DELIVERY14,DELIVERY19,0.00000000
2717.00000000,DELIVERY18,DELIVERY19,0.00000000
2718.00000000,DELIVERY14,DELIVERY18,0.00000000
2718.00000000,DELIVERY14,DELIVERY19,0.00000000
2718.00000000,DELIVERY18,DELIVERY19,0.00000000
2719.00000000,DELIVERY14,DELIVERY18,0.00000000
2719.00000000,DELIVERY14,DELIVERY19,0.00000000
2719.00000000,DELIVERY18,DELIVERY19,0.00000000
2720.00000000,DELIVERY14,DELIVERY18,0.00000000
2720.00000000,DELIVERY14,DELIVERY19,0.00000000
2720.00000000,DELIVERY18,DELIVERY19,0.00000000
2721.00000000,DELIVERY14,DELIVERY18,0.00000000
2721.00000000,DELIVERY14,DELIVERY19,0.00000000
2721.00000000,DELIVERY18,DELIVERY19,0.00000000
2722.00000000,DELIVERY14,DELIVERY18,0.00000000
2722.00000000,DELIVERY14,DELIVERY19,0.00000000
2722.00000000,DELIVERY18,DELIVERY19,0.00000000
2723.00000000,DELIVERY14,DELIVERY18,0.00000000
2723.00000000,DELIVERY14,DELIVERY19,0.00000000
2723.00000000,DELIVERY18,DELIVERY19,0.00000000
2724.00000000,DELIVERY14,DELIVERY18,0.00000000
2724.00000000,DELIVERY14,DELIVERY19,0.00000000
2724.00000000,DELIVERY18,DELIVERY19,0.00000000
2725.00000000,DELIVERY14,DELIVERY18,0.00000000
2725.00000000,DELIVERY14,DELIVERY19,0.00000000
2725.00000000,DELIVERY18,DELIVERY19,0.00000000
2726.00000000,DELIVERY14,DELIVERY18,0.00000000
2726.00000000,DELIVERY14,DELIVERY19,0.00000000
2726.00000000,DELIVERY18,DELIVERY19,0.00000000
2727.00000000,DELIVERY14,DELIVERY18,0.00000000
2727.00000000,DELIVERY14,DELIVERY19,0.00000000
2727.00000000,DELIVERY18,DELIVERY19,0.00000000
2728.00000000,DELIVERY14,DELIVERY18,0.00000000
2728.00000000,DELIVERY14,DELIVERY19,0.00000000
2728.00000000,DELIVERY18,DELIVERY19,0.00000000
2729.00000000,DELIVERY14,DELIVERY18,0.00000000
2729.00000000,DELIVERY14,DELIVERY19,0.00000000
2729.00000000,DELIVERY18,DELIVERY19,0.00000000
2730.00000000,DELIVERY14,DELIVERY18,0.00000000
2730.00000000,DELIVERY14,DELIVERY19,0.00000000
2730.00000000,DELIVERY18,DELIVERY19,0.00000000
2731.00000000,DELIVERY14,DELIVERY18,0.00000000
2731.00000000,DELIVERY14,DELIVERY19,0.00000000
2731.00000000,DELIVERY18,DELIVERY19,0.00000000
2732.00000000,DELIVERY14,DELIVERY18,0.00000000
2732.00000000,DELIVERY14,DELIVERY19,0.00000000
2732.00000000,DELIVERY18,DELIVERY19,0.00000000
2733.00000000,DELIVERY14,DELIVERY18,0.00000000
2733.00000000,DELIVERY14,DELIVERY19,0.00000000
2733.00000000,DELIVERY18,DELIVERY19,0.00000000
2734.00000000,DELIVERY14,DELIVERY18,0.00000000
2734.00000000,DELIVERY14,DELIVERY19,0.00000000
2734.00000000,DELIVERY18,DELIVERY19,0.00000000
2735.00000000,DELIVERY14,DELIVERY18,0.00000000
2735.00000000,DELIVERY14,DELIVERY19,0.00000000
2735.00000000,DELIVERY18,DELIVERY19,0.00000000
2736.00000000,DELIVERY14,DELIVERY18,0.00000000
2736.00000000,DELIVERY14,DELIVERY19,0.00000000
2736.00000000,DELIVERY18,DELIVERY19,0.00000000
2737.00000000,DELIVERY14,DELIVERY18,0.00000000
2737.00000000,DELIVERY14,DELIVERY19,0.00000000
2737.00000000,DELIVERY18,DELIVERY19,0.00000000
2738.00000000,DELIVERY14,DELIVERY18,0.00000000
2738.00000000,DELIVERY14,DELIVERY19,0.00000000
2738.00000000,DELIVERY18,DELIVERY19,0.00000000
2739.00000000,DELIVERY14,DELIVERY18,0.00000000
2739.00000000,DELIVERY14,DELIVERY19,0.00000000
2739.00000000,DELIVERY18,DELIVERY19,0.00000000
2740.00000000,DELIVERY14,DELIVERY18,0.00000000
2740.00000000,DELIVERY14,DELIVERY19,0.00000000
2740.00000000,DELIVERY18,DELIVERY19,0.00000000
2741.00000000,DELIVERY14,DELIVERY18,0.00000000
2741.00000000,DELIVERY14,DELIVERY19,0.00000000
2741.00000000,DELIVERY18,DELIVERY19,0.00000000
2742.00000000,DELIVERY14,DELIVERY18,0.00000000
2742.00000000,DELIVERY14,DELIVERY19,0.00000000
2742.00000000,DELIVERY18,DELIVERY19,0.00000000
2743.00000000,DELIVERY14,DELIVERY18,0.00000000
2743.00000000,DELIVERY14,DELIVERY19,0.00000000
2743.00000000,DELIVERY18,DELIVERY19,0.00000000
2744.00000000,DELIVERY14,DELIVERY18,0.00000000
2744.00000000,DELIVERY14,DELIVERY19,0.00000000
2744.00000000,DELIVERY18,DELIVERY19,0.00000000
2745.00000000,DELIVERY14,DELIVERY18,0.00000000
2745.00000000,DELIVERY14,DELIVERY19,0.00000000
2745.00000000,DELIVERY18,DELIVERY19,0.00000000
2746.00000000,DELIVERY14,DELIVERY18,0.00000000
2746.00000000,DELIVERY14,DELIVERY19,0.00000000
2746.00000000,DELIVERY18,DELIVERY19,0.00000000
2747.00000000,DELIVERY14,DELIVERY18,0.00000000
2747.00000000,DELIVERY14,DELIVERY19,0.00000000
2747.00000000,DELIVERY18,DELIVERY19,0.00000000
2748.00000000,DELIVERY14,DELIVERY18,0.00000000
2748.00000000,DELIVERY14,DELIVERY19,0.00000000
2748.00000000,DELIVERY18,DELIVERY19,0.00000000
2749.00000000,DELIVERY14,DELIVERY18,0.00000000
2749.00000000,DELIVERY14,DELIVERY19,0.00000000
2749.00000000,DELIVERY18,DELIVERY19,0.00000000
2750.00000000,DELIVERY14,DELIVERY18,0.00000000
2750.00000000,DELIVERY14,DELIVERY19,0.00000000
2750.00000000,DELIVERY18,DELIVERY19,0.00000000
2751.00000000,DELIVERY14,DELIVERY18,0.00000000
2751.00000000,DELIVERY14,DELIVERY19,0.00000000
2751.00000000,DELIVERY18,DELIVERY19,0.00000000
2752.00000000,DELIVERY14,DELIVERY18,0.00000000
2752.00000000,DELIVERY14,DELIVERY19,0.00000000
2752.00000000,DELIVERY18,DELIVERY19,0.00000000
2753.00000000,DELIVERY14,DELIVERY18,0.00000000
2753.00000000,DELIVERY14,DELIVERY19,0.00000000
2753.00000000,DELIVERY18,DELIVERY19,0.00000000
2754.00000000,DELIVERY14,DELIVERY18,0.00000000
2754.00000000,DELIVERY14,DELIVERY19,0.00000000
2754.00000000,DELIVERY18,DELIVERY19,0.00000000
2755.00000000,DELIVERY14,DELIVERY18,0.00000000
2755.00000000,DELIVERY14,DELIVERY19,0.00000000
2755.00000000,DELIVERY18,DELIVERY19,0.00000000
2756.00000000,DELIVERY14,DELIVERY18,0.00000000
2756.00000000,DELIVERY14,DELIVERY19,0.00000000
2756.00000000,DELIVERY18,DELIVERY19,0.00000000
2757.00000000,DELIVERY14,DELIVERY18,0.00000000
2757.00000000,DELIVERY14,DELIVERY19,0.00000000
2757.00000000,DELIVERY18,DELIVERY19,0.00000000
2758.00000000,DELIVERY14,DELIVERY18,0.00000000
2758.00000000,DELIVERY14,DELIVERY19,0.00000000
2758.00000000,DELIVERY18,DELIVERY19,0.00000000
2759.00000000,DELIVERY14,DELIVERY18,0.00000000
2759.00000000,DELIVERY14,DELIVERY19,0.00000000
2759.00000000,DELIVERY18,DELIVERY19,0.00000000
2760.00000000,DELIVERY14,DELIVERY18,0.00000000
2760.00000000,DELIVERY14,DELIVERY19,0.00000000
2760.00000000,DELIVERY18,DELIVERY19,0.00000000
2761.00000000,DELIVERY14,DELIVERY18,0.00000000
2761.00000000,DELIVERY14,DELIVERY19,0.00000000
2761.00000000,DELIVERY18,DELIVERY19,0.00000000
2762.00000000,DELIVERY14,DELIVERY18,0.00000000
2762.00000000,DELIVERY14,DELIVERY19,0.00000000
2762.00000000,DELIVERY18,DELIVERY19,0.00000000
2763.00000000,DELIVERY14,DELIVERY18,0.00000000
2763.00000000,DELIVERY14,DELIVERY19,0.00000000
2763.00000000,DELIVERY18,DELIVERY19,0.00000000
2764.00000000,DELIVERY14,DELIVERY18,0.00000000
2764.00000000,DELIVERY14,DELIVERY19,0.00000000
2764.00000000,DELIVERY18,DELIVERY19,0.00000000
2765.00000000,DELIVERY14,DELIVERY18,0.00000000
2765.00000000,DELIVERY14,DELIVERY19,0.00000000
2765.00000000,DELIVERY18,DELIVERY19,0.00000000
2766.00000000,DELIVERY14,DELIVERY18,0.00000000
2766.00000000,DELIVERY14,DELIVERY19,0.00000000
2766.00000000,DELIVERY18,DELIVERY19,0.00000000
2767.00000000,DELIVERY14,DELIVERY18,0.00000000
2767.00000000,DELIVERY14,DELIVERY19,0.00000000
2767.00000000,DELIVERY18,DELIVERY19,0.00000000
2768.00000000,DELIVERY14,DELIVERY18,0.00000000
2768.00000000,DELIVERY14,DELIVERY19,0.00000000
2768.00000000,DELIVERY18,DELIVERY19,0.00000000
2769.00000000,DELIVERY14,DELIVERY18,0.00000000
2769.00000000,DELIVERY14,DELIVERY19,0.00000000
2769.00000000,DELIVERY18,DELIVERY19,0.00000000
2770.00000000,DELIVERY14,DELIVERY18,0.00000000
2770.00000000,DELIVERY14,DELIVERY19,0.00000000
2770.00000000,DELIVERY18,DELIVERY19,0.00000000
2771.00000000,DELIVERY14,DELIVERY18,0.00000000
2771.00000000,DELIVERY14,DELIVERY19,0.00000000
2771.00000000,DELIVERY18,DELIVERY19,0.00000000
2772.00000000,DELIVERY14,DELIVERY18,0.00000000
2772.00000000,DELIVERY14,DELIVERY19,0.00000000
2772.00000000,DELIVERY18,DELIVERY19,0.00000000
2773.00000000,DELIVERY14,DELIVERY18,0.00000000
2773.00000000,DELIVERY14,DELIVERY19,0.00000000
2773.00000000,DELIVERY18,DELIVERY19,0.00000000
2774.00000000,DELIVERY14,DELIVERY18,0.00000000
2774.00000000,DELIVERY14,DELIVERY19,0.00000000
2774.00000000,DELIVERY18,DELIVERY19,0.00000000
2775.00000000,DELIVERY14,DELIVERY18,0.00000000
2775.00000000,DELIVERY14,DELIVERY19,0.00000000
2775.00000000,DELIVERY18,DELIVERY19,0.00000000
2776.00000000,DELIVERY14,DELIVERY18,0.00000000
2776.00000000,DELIVERY14,DELIVERY19,0.00000000
2776.00000000,DELIVERY18,DELIVERY19,0.00000000
2777.00000000,DELIVERY14,DELIVERY18,0.00000000
2777.00000000,DELIVERY14,DELIVERY19,0.00000000
2777.00000000,DELIVERY18,DELIVERY19,0.00000000
2778.00000000,DELIVERY14,DELIVERY18,0.00000000
2778.00000000,DELIVERY14,DELIVERY19,0.00000000
2778.00000000,DELIVERY18,DELIVERY19,0.00000000
2779.00000000,DELIVERY14,DELIVERY18,0.00000000
2779.00000000,DELIVERY14,DELIVERY19,0.00000000
2779.00000000,DELIVERY18,DELIVERY19,0.00000000
2780.00000000,DELIVERY14,DELIVERY18,0.00000000
2780.00000000,DELIVERY14,DELIVERY19,0.00000000
2780.00000000,DELIVERY18,DELIVERY19,0.00000000
2781.00000000,DELIVERY14,DELIVERY18,0.00000000
2781.00000000,DELIVERY14,DELIVERY19,0.00000000
2781.00000000,DELIVERY18,DELIVERY19,0.00000000
2782.00000000,DELIVERY14,DELIVERY18,0.00000000
2782.00000000,DELIVERY14,DELIVERY19,0.00000000
2782.00000000,DELIVERY18,DELIVERY19,0.00000000
2783.00000000,DELIVERY14,DELIVERY18,0.00000000
2783.00000000,DELIVERY14,DELIVERY19,0.00000000
2783.00000000,DELIVERY18,DELIVERY19,0.00000000
2784.00000000,DELIVERY14,DELIVERY18,0.00000000
2784.00000000,DELIVERY14,DELIVERY19,0.00000000
2784.00000000,DELIVERY18,DELIVERY19,0.00000000
2785.00000000,DELIVERY14,DELIVERY18,0.00000000
2785.00000000,DELIVERY14,DELIVERY19,0.00000000
2785.00000000,DELIVERY18,DELIVERY19,0.00000000
2794.00000000,DELIVERY14,DELIVERY18,0.00000000
2794.00000000,DELIVERY14,DELIVERY19,0.00000000
2794.00000000,DELIVERY18,DELIVERY19,0.00000000
2795.00000000,DELIVERY14,DELIVERY18,0.00000000
2795.00000000,DELIVERY14,DELIVERY19,0.00000000
2795.00000000,DELIVERY18,DELIVERY19,0.00000000
2796.00000000,DELIVERY14,DELIVERY18,0.00000000
2796.00000000,DELIVERY14,DELIVERY19,0.00000000
2796.00000000,DELIVERY18,DELIVERY19,0.00000000
2797.00000000,DELIVERY14,DELIVERY18,0.00000000
2797.00000000,DELIVERY14,DELIVERY19,0.00000000
2797.00000000,DELIVERY18,DELIVERY19,0.00000000
2798.00000000,DELIVERY14,DELIVERY18,0.00000000
2798.00000000,DELIVERY14,DELIVERY19,0.00000000
2798.00000000,DELIVERY18,DELIVERY19,0.00000000
2799.00000000,DELIVERY14,DELIVERY18,0.00000000
2799.00000000,DELIVERY14,DELIVERY19,0.00000000
2799.00000000,DELIVERY18,DELIVERY19,0.00000000
2800.00000000,DELIVERY14,DELIVERY18,0.00000000
2800.00000000,DELIVERY14,DELIVERY19,0.00000000
2800.00000000,DELIVERY18,DELIVERY19,0.00000000
2801.00000000,DELIVERY14,DELIVERY18,0.00000000
2801.00000000,DELIVERY14,DELIVERY19,0.00000000
2801.00000000,DELIVERY18,DELIVERY19,0.00000000
2802.00000000,DELIVERY14,DELIVERY18,0.00000000
2802.00000000,DELIVERY14,DELIVERY19,0.00000000
2802.00000000,DELIVERY18,DELIVERY19,0.00000000
2803.00000000,DELIVERY14,DELIVERY18,0.00000000
2803.00000000,DELIVERY14,DELIVERY19,0.00000000
2803.00000000,DELIVERY18,DELIVERY19,0.00000000
2804.00000000,DELIVERY14,DELIVERY18,0.00000000
2804.00000000,DELIVERY14,DELIVERY19,0.00000000
2804.00000000,DELIVERY18,DELIVERY19,0.00000000
2805.00000000,DELIVERY14,DELIVERY18,0.00000000
2805.00000000,DELIVERY14,DELIVERY19,0.00000000
2805.00000000,DELIVERY18,DELIVERY19,0.00000000
2806.00000000,DELIVERY14,DELIVERY18,0.00000000
2806.00000000,DELIVERY14,DELIVERY19,0.00000000
2806.00000000,DELIVERY18,DELIVERY19,0.00000000
2807.00000000,DELIVERY14,DELIVERY18,0.00000000
2807.00000000,DELIVERY14,DELIVERY19,0.00000000
2807.00000000,DELIVERY18,DELIVERY19,0.00000000
2808.00000000,DELIVERY14,DELIVERY18,0.00000000
2808.00000000,DELIVERY14,DELIVERY19,0.00000000
2808.00000000,DELIVERY18,DELIVERY19,0.00000000
2809.00000000,DELIVERY14,DELIVERY18,0.00000000
2809.00000000,DELIVERY14,DELIVERY19,0.00000000
2809.00000000,DELIVERY18,DELIVERY19,0.00000000
2810.00000000,DELIVERY14,DELIVERY18,0.00000000
2810.00000000,DELIVERY14,DELIVERY19,0.00000000
2810.00000000,DELIVERY18,DELIVERY19,0.00000000
2811.00000000,DELIVERY14,DELIVERY18,0.00000000
2811.00000000,DELIVERY14,DELIVERY19,0.00000000
2811.00000000,DELIVERY18,DELIVERY19,0.00000000
2812.00000000,DELIVERY14,DELIVERY18,0.00000000
2812.00000000,DELIVERY14,DELIVERY19,0.00000000
2812.00000000,DELIVERY18,DELIVERY19,0.00000000
2813.00000000,DELIVERY14,DELIVERY18,0.00000000
2813.00000000,DELIVERY14,DELIVERY19,0.00000000
2813.00000000,DELIVERY18,DELIVERY19,0.00000000
2814.00000000,DELIVERY14,DELIVERY18,0.00000000
2814.00000000,DELIVERY14,DELIVERY19,0.00000000
2814.00000000,DELIVERY18,DELIVERY19,0.00000000
2815.00000000,DELIVERY14,DELIVERY18,0.00000000
2815.00000000,DELIVERY14,DELIVERY19,0.00000000
2815.00000000,DELIVERY18,DELIVERY19,0.00000000
2816.00000000,DELIVERY14,DELIVERY18,0.00000000
2816.00000000,DELIVERY14,DELIVERY19,0.00000000
2816.00000000,DELIVERY18,DELIVERY19,0.00000000
2817.00000000,DELIVERY14,DELIVERY18,0.00000000
2817.00000000,DELIVERY14,DELIVERY19,0.00000000
2817.00000000,DELIVERY18,DELIVERY19,0.00000000
2818.00000000,DELIVERY14,DELIVERY18,0.00000000
2818.00000000,DELIVERY14,DELIVERY19,0.00000000
2818.00000000,DELIVERY18,DELIVERY19,0.00000000
2819.00000000,DELIVERY14,DELIVERY18,0.00000000
2819.00000000,DELIVERY14,DELIVERY19,0.00000000
2819.00000000,DELIVERY18,DELIVERY19,0.00000000
2820.00000000,DELIVERY14,DELIVERY18,0.00000000
2820.00000000,DELIVERY14,DELIVERY19,0.00000000
2820.00000000,DELIVERY18,DELIVERY19,0.00000000
2821.00000000,DELIVERY14,DELIVERY18,0.00000000
2821.00000000,DELIVERY14,DELIVERY19,0.00000000
2821.00000000,DELIVERY18,DELIVERY19,0.00000000
2822.00000000,DELIVERY14,DELIVERY18,0.00000000
2822.00000000,DELIVERY14,DELIVERY19,0.00000000
2822.00000000,DELIVERY18,DELIVERY19,0.00000000
2823.00000000,DELIVERY14,DELIVERY18,0.00000000
2823.00000000,DELIVERY14,DELIVERY19,0.00000000
2823.00000000,DELIVERY18,DELIVERY19,0.00000000
2824.00000000,DELIVERY14,DELIVERY18,0.00000000
2824.00000000,DELIVERY14,DELIVERY19,0.00000000
2824.00000000,DELIVERY18,DELIVERY19,0.00000000
2825.00000000,DELIVERY14,DELIVERY18,0.00000000
2825.00000000,DELIVERY14,DELIVERY19,0.00000000
2825.00000000,DELIVERY18,DELIVERY19,0.00000000
2826.00000000,DELIVERY14,DELIVERY18,0.00000000
2826.00000000,DELIVERY14,DELIVERY19,0.00000000
2826.00000000,DELIVERY18,DELIVERY19,0.00000000
2827.00000000,DELIVERY14,DELIVERY18,0.00000000
2827.00000000,DELIVERY14,DELIVERY19,0.00000000
2827.00000000,DELIVERY18,DELIVERY19,0.00000000
2828.00000000,DELIVERY14,DELIVERY18,0.00000000
2828.00000000,DELIVERY14,DELIVERY19,0.00000000
2828.00000000,DELIVERY18,DELIVERY19,0.00000000
2829.00000000,DELIVERY14,DELIVERY18,0.00000000
2829.00000000,DELIVERY14,DELIVERY19,0.00000000
2829.00000000,DELIVERY18,DELIVERY19,0.00000000
2830.00000000,DELIVERY14,DELIVERY18,0.00000000
2830.00000000,DELIVERY14,DELIVERY19,0.00000000
2830.00000000,DELIVERY18,DELIVERY19,0.00000000
2831.00000000,DELIVERY14,DELIVERY18,0.00000000
2831.00000000,DELIVERY14,DELIVERY19,0.00000000
2831.00000000,DELIVERY18,DELIVERY19,0.00000000
2831.00000000,BACKGROUND115,BACKGROUND123,0.57093929
2832.00000000,DELIVERY14,DELIVERY18,0.00000000
2832.00000000,DELIVERY14,DELIVERY19,0.00000000
2832.00000000,DELIVERY18,DELIVERY19,0.00000000
2833.00000000,DELIVERY14,DELIVERY18,0.00000000
2833.00000000,DELIVERY14,DELIVERY19,0.00000000
2833.00000000,DELIVERY18,DELIVERY19,0.00000000
2834.00000000,DELIVERY14,DELIVERY18,0.00000000
2834.00000000,DELIVERY14,DELIVERY19,0.00000000
2834.00000000,DELIVERY18,DELIVERY19,0.00000000
2835.00000000,DELIVERY14,DELIVERY18,0.00000000
2835.00000000,DELIVERY14,DELIVERY19,0.00000000
2835.00000000,DELIVERY18,DELIVERY19,0.00000000
2836.00000000,DELIVERY14,DELIVERY18,0.00000000
2836.00000000,DELIVERY14,DELIVERY19,0.00000000
2836.00000000,DELIVERY18,DELIVERY19,0.00000000
2837.00000000,DELIVERY14,DELIVERY18,0.00000000
2837.00000000,DELIVERY14,DELIVERY19,0.00000000
2837.00000000,DELIVERY18,DELIVERY19,0.00000000
2838.00000000,DELIVERY14,DELIVERY18,0.00000000
2838.00000000,DELIVERY14,DELIVERY19,0.00000000
2838.00000000,DELIVERY18,DELIVERY19,0.00000000
2839.00000000,DELIVERY14,DELIVERY18,0.00000000
2839.00000000,DELIVERY14,DELIVERY19,0.00000000
2839.00000000,DELIVERY18,DELIVERY19,0.00000000
2840.00000000,DELIVERY14,DELIVERY18,0.00000000
2840.00000000,DELIVERY14,DELIVERY19,0.00000000
2840.00000000,DELIVERY18,DELIVERY19,0.00000000
2841.00000000,DELIVERY14,DELIVERY18,0.00000000
2841.00000000,DELIVERY14,DELIVERY19,0.00000000
2841.00000000,DELIVERY18,DELIVERY19,0.00000000
2842.00000000,DELIVERY14,DELIVERY18,0.00000000
2842.00000000,DELIVERY14,DELIVERY19,0.00000000
2842.00000000,DELIVERY18,DELIVERY19,0.00000000
2843.00000000,DELIVERY14,DELIVERY18,0.00000000
2843.00000000,DELIVERY14,DELIVERY19,0.00000000
2843.00000000,DELIVERY18,DELIVERY19,0.00000000
2844.00000000,DELIVERY14,DELIVERY18,0.00000000
2844.00000000,DELIVERY14,DELIVERY19,0.00000000
2844.00000000,DELIVERY18,DELIVERY19,0.00000000
2845.00000000,DELIVERY14,DELIVERY18,0.00000000
2845.00000000,DELIVERY14,DELIVERY19,0.00000000
2845.00000000,DELIVERY18,DELIVERY19,0.00000000
2846.00000000,DELIVERY14,DELIVERY18,0.00000000
2846.00000000,DELIVERY14,DELIVERY19,0.00000000
2846.00000000,DELIVERY18,DELIVERY19,0.00000000
2846.00000000,BACKGROUND125,BACKGROUND131,1.16659651
2847.00000000,DELIVERY14,DELIVERY18,0.00000000
2847.00000000,DELIVERY14,DELIVERY19,0.00000000
2847.00000000,DELIVERY18,DELIVERY19,0.00000000
2848.00000000,DELIVERY14,DELIVERY18,0.00000000
2848.00000000,DELIVERY14,DELIVERY19,0.00000000
2848.00000000,DELIVERY18,DELIVERY19,0.00000000
2849.00000000,DELIVERY14,DELIVERY18,0.00000000
2849.00000000,DELIVERY14,DELIVERY19,0.00000000
2849.00000000,DELIVERY18,DELIVERY19,0.00000000
2850.00000000,DELIVERY14,DELIVERY18,0.00000000
2850.00000000,DELIVERY14,DELIVERY19,0.00000000
2850.00000000,DELIVERY18,DELIVERY19,0.00000000
2851.00000000,DELIVERY14,DELIVERY18,0.00000000
2851.00000000,DELIVERY14,DELIVERY19,0.00000000
2851.00000000,DELIVERY18,DELIVERY19,0.00000000
2852.00000000,DELIVERY14,DELIVERY18,0.00000000
2852.00000000,DELIVERY14,DELIVERY19,0.00000000
2852.00000000,DELIVERY18,DELIVERY19,0.00000000
2853.00000000,DELIVERY14,DELIVERY18,0.00000000
2853.00000000,DELIVERY14,DELIVERY19,0.00000000
2853.00000000,DELIVERY18,DELIVERY19,0.00000000
2854.00000000,DELIVERY14,DELIVERY18,0.00000000
2854.00000000,DELIVERY14,DELIVERY19,0.00000000
2854.00000000,DELIVERY18,DELIVERY19,0.00000000
2855.00000000,DELIVERY14,DELIVERY18,0.00000000
2855.00000000,DELIVERY14,DELIVERY19,0.00000000
2855.00000000,DELIVERY18,DELIVERY19,0.00000000
2856.00000000,DELIVERY14,DELIVERY18,0.00000000
2856.00000000,DELIVERY14,DELIVERY19,0.00000000
2856.00000000,DELIVERY18,DELIVERY19,0.00000000
2857.00000000,DELIVERY14,DELIVERY18,0.00000000
2857.00000000,DELIVERY14,DELIVERY19,0.00000000
2857.00000000,DELIVERY18,DELIVERY19,0.00000000
2858.00000000,DELIVERY14,DELIVERY18,0.00000000
2858.00000000,DELIVERY14,DELIVERY19,0.00000000
2858.00000000,DELIVERY18,DELIVERY19,0.00000000
2859.00000000,DELIVERY14,DELIVERY18,0.00000000
2859.00000000,DELIVERY14,DELIVERY19,0.00000000
2859.00000000,DELIVERY18,DELIVERY19,0.00000000
2860.00000000,DELIVERY14,DELIVERY18,0.00000000
2860.00000000,DELIVERY14,DELIVERY19,0.00000000
2860.00000000,DELIVERY18,DELIVERY19,0.00000000
2861.00000000,DELIVERY14,DELIVERY18,0.00000000
2861.00000000,DELIVERY14,DELIVERY19,0.00000000
2861.00000000,DELIVERY18,DELIVERY19,0.00000000
2862.00000000,DELIVERY14,DELIVERY18,0.00000000
2862.00000000,DELIVERY14,DELIVERY19,0.00000000
2862.00000000,DELIVERY18,DELIVERY19,0.00000000
2863.00000000,DELIVERY14,DELIVERY18,0.00000000
2863.00000000,DELIVERY14,DELIVERY19,0.00000000
2863.00000000,DELIVERY18,DELIVERY19,0.00000000
2864.00000000,DELIVERY14,DELIVERY18,0.00000000
2864.00000000,DELIVERY14,DELIVERY19,0.00000000
2864.00000000,DELIVERY18,DELIVERY19,0.00000000
2865.00000000,DELIVERY14,DELIVERY18,0.00000000
2865.00000000,DELIVERY14,DELIVERY19,0.00000000
2865.00000000,DELIVERY18,DELIVERY19,0.00000000
2866.00000000,DELIVERY14,DELIVERY18,0.00000000
2866.00000000,DELIVERY14,DELIVERY19,0.00000000
2866.00000000,DELIVERY18,DELIVERY19,0.00000000
2867.00000000,DELIVERY14,DELIVERY18,0.00000000
2867.00000000,DELIVERY14,DELIVERY19,0.00000000
2867.00000000,DELIVERY18,DELIVERY19,0.00000000
2868.00000000,DELIVERY14,DELIVERY18,0.00000000
2868.00000000,DELIVERY14,DELIVERY19,0.00000000
2868.00000000,DELIVERY18,DELIVERY19,0.00000000
2869.00000000,DELIVERY14,DELIVERY18,0.00000000
2869.00000000,DELIVERY14,DELIVERY19,0.00000000
2869.00000000,DELIVERY18,DELIVERY19,0.00000000
2870.00000000,DELIVERY14,DELIVERY18,0.00000000
2870.00000000,DELIVERY14,DELIVERY19,0.00000000
2870.00000000,DELIVERY18,DELIVERY19,0.00000000
2871.00000000,DELIVERY14,DELIVERY18,0.00000000
2871.00000000,DELIVERY14,DELIVERY19,0.00000000
2871.00000000,DELIVERY18,DELIVERY19,0.00000000
2872.00000000,DELIVERY14,DELIVERY18,0.00000000
2872.00000000,DELIVERY14,DELIVERY19,0.00000000
2872.00000000,DELIVERY18,DELIVERY19,0.00000000
2873.00000000,DELIVERY14,DELIVERY18,0.00000000
2873.00000000,DELIVERY14,DELIVERY19,0.00000000
2873.00000000,DELIVERY18,DELIVERY19,0.00000000
2874.00000000,DELIVERY14,DELIVERY18,0.00000000
2874.00000000,DELIVERY14,DELIVERY19,0.00000000
2874.00000000,DELIVERY18,DELIVERY19,0.00000000
2875.00000000,DELIVERY14,DELIVERY18,0.00000000
2875.00000000,DELIVERY14,DELIVERY19,0.00000000
2875.00000000,DELIVERY18,DELIVERY19,0.00000000
2876.00000000,DELIVERY14,DELIVERY18,0.00000000
2876.00000000,DELIVERY14,DELIVERY19,0.00000000
2876.00000000,DELIVERY18,DELIVERY19,0.00000000
2877.00000000,DELIVERY14,DELIVERY18,0.00000000
2877.00000000,DELIVERY14,DELIVERY19,0.00000000
2877.00000000,DELIVERY18,DELIVERY19,0.00000000
2878.00000000,DELIVERY14,DELIVERY18,0.00000000
2878.00000000,DELIVERY14,DELIVERY19,0.00000000
2878.00000000,DELIVERY18,DELIVERY19,0.00000000
2879.00000000,DELIVERY14,DELIVERY18,0.00000000
2879.00000000,DELIVERY14,DELIVERY19,0.00000000
2879.00000000,DELIVERY18,DELIVERY19,0.00000000
2880.00000000,DELIVERY14,DELIVERY18,0.00000000
2880.00000000,DELIVERY14,DELIVERY19,0.00000000
2880.00000000,DELIVERY18,DELIVERY19,0.00000000
2881.00000000,DELIVERY14,DELIVERY18,0.00000000
2881.00000000,DELIVERY14,DELIVERY19,0.00000000
2881.00000000,DELIVERY18,DELIVERY19,0.00000000
2882.00000000,DELIVERY14,DELIVERY18,0.00000000
2882.00000000,DELIVERY14,DELIVERY19,0.00000000
2882.00000000,DELIVERY18,DELIVERY19,0.00000000
2883.00000000,DELIVERY14,DELIVERY18,0.00000000
2883.00000000,DELIVERY14,DELIVERY19,0.00000000
2883.00000000,DELIVERY18,DELIVERY19,0.00000000
2884.00000000,DELIVERY14,DELIVERY18,0.00000000
2884.00000000,DELIVERY14,DELIVERY19,0.00000000
2884.00000000,DELIVERY18,DELIVERY19,0.00000000
2885.00000000,DELIVERY14,DELIVERY18,0.00000000
2885.00000000,DELIVERY14,DELIVERY19,0.00000000
2885.00000000,DELIVERY18,DELIVERY19,0.00000000
2886.00000000,DELIVERY14,DELIVERY18,0.00000000
2886.00000000,DELIVERY14,DELIVERY19,0.00000000
2886.00000000,DELIVERY18,DELIVERY19,0.00000000
2887.00000000,DELIVERY14,DELIVERY18,0.00000000
2887.00000000,DELIVERY14,DELIVERY19,0.00000000
2887.00000000,DELIVERY18,DELIVERY19,0.00000000
2888.00000000,DELIVERY14,DELIVERY18,0.00000000
2888.00000000,DELIVERY14,DELIVERY19,0.00797787
2888.00000000,DELIVERY18,DELIVERY19,0.00797787
2889.00000000,DELIVERY14,DELIVERY18,0.00000000
2890.00000000,DELIVERY14,DELIVERY18,0.00000000
2891.00000000,DELIVERY14,DELIVERY18,0.00000000
2892.00000000,DELIVERY14,DELIVERY18,0.00000000
2893.00000000,DELIVERY14,DELIVERY18,0.00000000
2894.00000000,DELIVERY14,DELIVERY18,0.00000000
2895.00000000,DELIVERY14,DELIVERY18,0.00000000
2896.00000000,DELIVERY14,DELIVERY18,0.00000000
2897.00000000,DELIVERY14,DELIVERY18,0.00000000
2898.00000000,DELIVERY14,DELIVERY18,0.00000000
2899.00000000,DELIVERY14,DELIVERY18,0.00000000
2900.00000000,DELIVERY14,DELIVERY18,0.00000000
2901.00000000,DELIVERY14,DELIVERY18,0.00000000
2902.00000000,DELIVERY14,DELIVERY18,0.00000000
2903.00000000,DELIVERY14,DELIVERY18,0.00000000
2904.00000000,DELIVERY14,DELIVERY18,0.00000000
2905.00000000,DELIVERY14,DELIVERY18,0.00000000
2906.00000000,DELIVERY14,DELIVERY18,0.00000000
2907.00000000,DELIVERY14,DELIVERY18,0.00000000
2908.00000000,DELIVERY14,DELIVERY18,0.00000000
2909.00000000,DELIVERY14,DELIVERY18,0.00000000
2910.00000000,DELIVERY14,DELIVERY18,0.00000000
2911.00000000,DELIVERY14,DELIVERY18,0.00000000
2912.00000000,DELIVERY14,DELIVERY18,0.00000000
2913.00000000,DELIVERY14,DELIVERY18,0.00000000
2914.00000000,DELIVERY14,DELIVERY18,0.00000000
2915.00000000,DELIVERY14,DELIVERY18,0.00000000
2916.00000000,DELIVERY14,DELIVERY18,0.00000000
2917.00000000,DELIVERY14,DELIVERY18,0.00000000
2918.00000000,DELIVERY14,DELIVERY18,0.00000000
2919.00000000,DELIVERY14,DELIVERY18,0.00000000
2920.00000000,DELIVERY14,DELIVERY18,0.00000000
2921.00000000,DELIVERY14,DELIVERY18,0.00000000
2922.00000000,DELIVERY14,DELIVERY18,0.00000000
2923.00000000,DELIVERY14,DELIVERY18,0.00000000
2923.00000000,BACKGROUND131,DELIVERY14,0.02194499
2923.00000000,BACKGROUND131,DELIVERY18,0.02194499
2924.00000000,DELIVERY14,DELIVERY18,0.00000000
2925.00000000,DELIVERY14,DELIVERY18,0.00000000
2926.00000000,DELIVERY14,DELIVERY18,0.00000000
2927.00000000,DELIVERY14,DELIVERY18,0.00000000
2928.00000000,DELIVERY14,DELIVERY18,0.00000000
2929.00000000,DELIVERY14,DELIVERY18,0.00000000
2930.00000000,DELIVERY14,DELIVERY18,0.00000000
2931.00000000,DELIVERY14,DELIVERY18,0.00000000
2932.00000000,DELIVERY14,DELIVERY18,0.00000000
2933.00000000,DELIVERY14,DELIVERY18,0.00000000
2934.00000000,DELIVERY14,DELIVERY18,0.00000000
2935.00000000,DELIVERY14,DELIVERY18,0.00000000
2936.00000000,DELIVERY14,DELIVERY18,0.00000000
2937.00000000,DELIVERY14,DELIVERY18,0.00000000
2938.00000000,DELIVERY14,DELIVERY18,0.00000000
2939.00000000,DELIVERY14,DELIVERY18,0.00000000
2940.00000000,DELIVERY14,DELIVERY18,0.00000000
2941.00000000,DELIVERY14,DELIVERY18,0.00000000
2942.00000000,DELIVERY14,DELIVERY18,0.00000000
2943.00000000,DELIVERY14,DELIVERY18,0.00000000
2944.00000000,DELIVERY14,DELIVERY18,0.00000000
2945.00000000,DELIVERY14,DELIVERY18,0.00000000
2946.00000000,DELIVERY14,DELIVERY18,0.00000000
2947.00000000,DELIVERY14,DELIVERY18,0.00000000
2948.00000000,DELIVERY14,DELIVERY18,0.00000000
2949.00000000,DELIVERY14,DELIVERY18,0.00000000
2950.00000000,DELIVERY14,DELIVERY18,0.00000000
2951.00000000,DELIVERY14,DELIVERY18,0.00000000
2952.00000000,DELIVERY14,DELIVERY18,0.00000000
2953.00000000,DELIVERY14,DELIVERY18,0.00000000
2954.00000000,DELIVERY14,DELIVERY18,0.00000000
2955.00000000,DELIVERY14,DELIVERY18,0.00000000
2956.00000000,DELIVERY14,DELIVERY18,0.00000000
2957.00000000,DELIVERY14,DELIVERY18,0.00000000
2963.00000000,DELIVERY14,DELIVERY18,0.00000000
2964.00000000,DELIVERY14,DELIVERY18,0.00000000
2965.00000000,DELIVERY14,DELIVERY18,0.00000000
2966.00000000,DELIVERY14,DELIVERY18,0.00000000
2967.00000000,DELIVERY14,DELIVERY18,0.00000000
2968.00000000,DELIVERY14,DELIVERY18,0.00000000
2969.00000000,DELIVERY14,DELIVERY18,0.00000000
2970.00000000,DELIVERY14,DELIVERY18,0.00000000
2971.00000000,DELIVERY14,DELIVERY18,0.00000000
2972.00000000,DELIVERY14,DELIVERY18,0.00000000
2973.00000000,DELIVERY14,DELIVERY18,0.00000000
2974.00000000,DELIVERY14,DELIVERY18,0.00000000
2975.00000000,DELIVERY14,DELIVERY18,0.00000000
2976.00000000,DELIVERY14,DELIVERY18,0.00000000
2977.00000000,DELIVERY14,DELIVERY18,0.00000000
2978.00000000,DELIVERY14,DELIVERY18,0.00000000
2979.00000000,DELIVERY14,DELIVERY18,0.00000000
2980.00000000,DELIVERY14,DELIVERY18,0.00000000
2981.00000000,DELIVERY14,DELIVERY18,0.00000000
2982.00000000,DELIVERY14,DELIVERY18,0.00000000
2983.00000000,DELIVERY14,DELIVERY18,0.00000000
2984.00000000,DELIVERY14,DELIVERY18,0.00000000
2985.00000000,DELIVERY14,DELIVERY18,0.00000000
2986.00000000,DELIVERY14,DELIVERY18,0.00000000
2987.00000000,DELIVERY14,DELIVERY18,0.00000000
2988.00000000,DELIVERY14,DELIVERY18,0.00000000
2989.00000000,DELIVERY14,DELIVERY18,0.00000000
2990.00000000,DELIVERY14,DELIVERY18,0.00000000
2991.00000000,DELIVERY14,DELIVERY18,0.00000000
2992.00000000,DELIVERY14,DELIVERY18,0.00000000
2993.00000000,DELIVERY14,DELIVERY18,0.00000000
2994.00000000,DELIVERY14,DELIVERY18,0.00000000
2995.00000000,DELIVERY14,DELIVERY18,0.00000000
2996.00000000,DELIVERY14,DELIVERY18,0.00000000
2997.00000000,DELIVERY14,DELIVERY18,0.00000000
2998.00000000,DELIVERY14,DELIVERY18,0.00000000
2999.00000000,DELIVERY14,DELIVERY18,0.00000000
3000.00000000,DELIVERY14,DELIVERY18,0.00000000
3001.00000000,DELIVERY14,DELIVERY18,0.00000000
3001.00000000,DELIVERY22,DELIVERY26,0.00000000
3002.00000000,DELIVERY22,DELIVERY26,0.00000000
3002.00000000,DELIVERY14,DELIVERY18,0.00000000
3003.00000000,DELIVERY22,DELIVERY26,0.00000000
3003.00000000,DELIVERY14,DELIVERY18,0.00000000
3004.00000000,DELIVERY22,DELIVERY26,0.00000000
3004.00000000,DELIVERY14,DELIVERY18,0.00000000
3005.00000000,DELIVERY22,DELIVERY26,0.00000000
3005.00000000,DELIVERY14,DELIVERY18,0.00000000
3006.00000000,DELIVERY22,DELIVERY26,0.00000000
3006.00000000,DELIVERY14,DELIVERY18,0.00000000
3007.00000000,DELIVERY22,DELIVERY26,0.00000000
3007.00000000,DELIVERY14,DELIVERY18,0.00000000
3008.00000000,DELIVERY22,DELIVERY26,0.00000000
3008.00000000,DELIVERY14,DELIVERY18,0.00000000
3009.00000000,DELIVERY22,DELIVERY26,0.00000000
3009.00000000,DELIVERY14,DELIVERY18,0.00000000
3010.00000000,DELIVERY22,DELIVERY26,0.00000000
3010.00000000,DELIVERY14,DELIVERY18,0.00000000
3011.00000000,DELIVERY22,DELIVERY26,0.00000000
3011.00000000,DELIVERY14,DELIVERY18,0.00000000
3012.00000000,DELIVERY22,DELIVERY26,0.00000000
3012.00000000,DELIVERY14,DELIVERY18,0.00000000
3013.00000000,DELIVERY22,DELIVERY26,0.00000000
3013.00000000,DELIVERY14,DELIVERY18,0.00000000
3014.00000000,DELIVERY22,DELIVERY26,0.00000000
3014.00000000,DELIVERY14,DELIVERY18,0.00000000
3015.00000000,DELIVERY22,DELIVERY26,0.00000000
3015.00000000,DELIVERY14,DELIVERY18,0.00000000
3016.00000000,DELIVERY22,DELIVERY26,0.00000000
3016.00000000,DELIVERY14,DELIVERY18,0.00000000
3017.00000000,DELIVERY22,DELIVERY26,0.00000000
3017.00000000,DELIVERY14,DELIVERY18,0.00000000
3018.00000000,DELIVERY22,DELIVERY26,0.00000000
3018.00000000,DELIVERY14,DELIVERY18,0.00000000
3019.00000000,DELIVERY22,DELIVERY26,0.00000000
3019.00000000,DELIVERY14,DELIVERY18,0.00000000
3020.00000000,DELIVERY22,DELIVERY26,0.00000000
3020.00000000,DELIVERY14,DELIVERY18,0.00000000
3021.00000000,DELIVERY22,DELIVERY26,0.00000000
3021.00000000,DELIVERY14,DELIVERY18,0.00000000
3022.00000000,DELIVERY22,DELIVERY26,0.00000000
3022.00000000,DELIVERY14,DELIVERY18,0.00000000
3023.00000000,DELIVERY22,DELIVERY26,0.00000000
3023.00000000,DELIVERY14,DELIVERY18,0.00000000
3024.00000000,DELIVERY22,DELIVERY26,0.00000000
3024.00000000,DELIVERY14,DELIVERY18,0.00000000
3025.00000000,DELIVERY22,DELIVERY26,0.00000000
3025.00000000,DELIVERY14,DELIVERY18,0.00000000
3026.00000000,DELIVERY22,DELIVERY26,0.00000000
3026.00000000,DELIVERY14,DELIVERY18,0.00000000
3027.00000000,DELIVERY22,DELIVERY26,0.00000000
3027.00000000,DELIVERY14,DELIVERY18,0.00000000
3028.00000000,DELIVERY22,DELIVERY26,0.00000000
3028.00000000,DELIVERY14,DELIVERY18,0.00000000
3029.00000000,DELIVERY22,DELIVERY26,0.00000000
3029.00000000,DELIVERY14,DELIVERY18,0.00000000
3030.00000000,DELIVERY22,DELIVERY26,0.00000000
3030.00000000,DELIVERY14,DELIVERY18,0.00000000
3031.00000000,DELIVERY22,DELIVERY26,0.00000000
3031.00000000,DELIVERY14,DELIVERY18,0.00000000
3032.00000000,DELIVERY22,DELIVERY26,0.00000000
3032.00000000,DELIVERY14,DELIVERY18,0.00000000
3033.00000000,DELIVERY22,DELIVERY26,0.00000000
3033.00000000,DELIVERY14,DELIVERY18,0.00000000
3034.00000000,DELIVERY22,DELIVERY26,0.00000000
3034.00000000,DELIVERY14,DELIVERY18,0.00000000
3035.00000000,DELIVERY22,DELIVERY26,0.00000000
3035.00000000,DELIVERY14,DELIVERY18,0.00000000
3036.00000000,DELIVERY22,DELIVERY26,0.00000000
3036.00000000,DELIVERY14,DELIVERY18,0.00000000
3037.00000000,DELIVERY22,DELIVERY26,0.00000000
3037.00000000,DELIVERY14,DELIVERY18,0.00000000
3038.00000000,DELIVERY22,DELIVERY26,0.00000000
3038.00000000,DELIVERY14,DELIVERY18,0.00000000
3039.00000000,DELIVERY22,DELIVERY26,0.00000000
3039.00000000,DELIVERY14,DELIVERY18,0.00000000
3040.00000000,DELIVERY22,DELIVERY26,0.00000000
3040.00000000,DELIVERY14,DELIVERY18,0.00000000
3041.00000000,DELIVERY22,DELIVERY26,0.00000000
3041.00000000,DELIVERY14,DELIVERY18,0.00000000
3042.00000000,DELIVERY22,DELIVERY26,0.00000000
3042.00000000,DELIVERY14,DELIVERY18,0.00000000
3043.00000000,DELIVERY22,DELIVERY26,0.00000000
3043.00000000,DELIVERY14,DELIVERY18,0.00000000
3044.00000000,DELIVERY22,DELIVERY26,0.00000000
3044.00000000,DELIVERY14,DELIVERY18,0.00000000
3045.00000000,DELIVERY22,DELIVERY26,0.00000000
3045.00000000,DELIVERY14,DELIVERY18,0.00000000
3046.00000000,DELIVERY22,DELIVERY26,0.00000000
3046.00000000,DELIVERY14,DELIVERY23,0.39465063
3046.00000000,DELIVERY18,DELIVERY23,0.39465063
3046.00000000,DELIVERY14,DELIVERY18,0.00000000
3047.00000000,DELIVERY22,DELIVERY26,0.00000000
3047.00000000,DELIVERY14,DELIVERY23,1.68635445
3047.00000000,DELIVERY18,DELIVERY23,1.68635445
3047.00000000,DELIVERY14,DELIVERY18,0.00000000
3048.00000000,DELIVERY22,DELIVERY26,0.00000000
3048.00000000,DELIVERY14,DELIVERY18,0.00000000
3049.00000000,DELIVERY22,DELIVERY26,0.00000000
3049.00000000,DELIVERY14,DELIVERY18,0.00000000
3050.00000000,DELIVERY22,DELIVERY26,0.00000000
3050.00000000,DELIVERY14,DELIVERY18,0.00000000
3051.00000000,DELIVERY22,DELIVERY26,0.00000000
3051.00000000,DELIVERY14,DELIVERY18,0.00000000
3052.00000000,DELIVERY22,DELIVERY26,0.00000000
3052.00000000,DELIVERY14,DELIVERY18,0.00000000
3053.00000000,DELIVERY22,DELIVERY26,0.00000000
3053.00000000,DELIVERY14,DELIVERY18,0.00000000
3054.00000000,DELIVERY22,DELIVERY26,0.00000000
3054.00000000,DELIVERY14,DELIVERY18,0.00000000
3055.00000000,DELIVERY22,DELIVERY26,0.00000000
3055.00000000,DELIVERY14,DELIVERY18,0.00000000
3056.00000000,DELIVERY22,DELIVERY26,0.00000000
3056.00000000,DELIVERY14,DELIVERY18,0.00000000
3057.00000000,DELIVERY22,DELIVERY26,0.00000000
3057.00000000,DELIVERY14,DELIVERY18,0.00000000
3058.00000000,DELIVERY22,DELIVERY26,0.00000000
3058.00000000,DELIVERY14,DELIVERY18,0.00000000
3059.00000000,DELIVERY22,DELIVERY26,0.00000000
3059.00000000,DELIVERY14,DELIVERY18,0.00000000
3060.00000000,DELIVERY22,DELIVERY26,0.00000000
3060.00000000,DELIVERY14,DELIVERY18,0.00000000
3061.00000000,DELIVERY22,DELIVERY26,0.00000000
3061.00000000,DELIVERY14,DELIVERY18,0.00000000
3062.00000000,DELIVERY22,DELIVERY26,0.00000000
3062.00000000,DELIVERY14,DELIVERY18,0.00000000
3063.00000000,DELIVERY22,DELIVERY26,0.00000000
3063.00000000,DELIVERY14,DELIVERY18,0.00000000
3064.00000000,DELIVERY22,DELIVERY26,0.00000000
3064.00000000,DELIVERY14,DELIVERY18,0.00000000
3065.00000000,DELIVERY22,DELIVERY26,0.00000000
3065.00000000,DELIVERY14,DELIVERY18,0.00000000
3066.00000000,DELIVERY22,DELIVERY26,0.00000000
3066.00000000,DELIVERY14,DELIVERY18,0.00000000
3067.00000000,DELIVERY22,DELIVERY26,0.00000000
3067.00000000,DELIVERY14,DELIVERY18,0.00000000
3068.00000000,DELIVERY22,DELIVERY26,0.00000000
3068.00000000,DELIVERY14,DELIVERY18,0.00000000
3069.00000000,DELIVERY22,DELIVERY26,0.00000000
3069.00000000,DELIVERY14,DELIVERY18,0.00000000
3070.00000000,DELIVERY22,DELIVERY26,0.00000000
3070.00000000,DELIVERY14,DELIVERY18,0.00000000
3071.00000000,DELIVERY22,DELIVERY26,0.00000000
3071.00000000,DELIVERY14,DELIVERY18,0.00000000
3072.00000000,DELIVERY22,DELIVERY26,0.00000000
3072.00000000,DELIVERY14,DELIVERY18,0.00000000
3073.00000000,DELIVERY22,DELIVERY26,0.00000000
3073.00000000,DELIVERY14,DELIVERY18,0.00000000
3074.00000000,DELIVERY22,DELIVERY26,0.00000000
3074.00000000,DELIVERY14,DELIVERY18,0.00000000
3075.00000000,DELIVERY22,DELIVERY26,0.00000000
3075.00000000,DELIVERY14,DELIVERY18,0.00000000
3076.00000000,DELIVERY22,DELIVERY26,0.00000000
3076.00000000,DELIVERY14,DELIVERY18,0.00000000
3077.00000000,DELIVERY22,DELIVERY26,0.00000000
3077.00000000,DELIVERY14,DELIVERY18,0.00000000
3078.00000000,DELIVERY22,DELIVERY26,0.00000000
3078.00000000,DELIVERY14,DELIVERY18,0.00000000
3079.00000000,DELIVERY22,DELIVERY26,0.00000000
3079.00000000,DELIVERY14,DELIVERY18,0.00000000
3080.00000000,DELIVERY22,DELIVERY26,0.00000000
3080.00000000,DELIVERY14,DELIVERY18,0.00000000
3081.00000000,DELIVERY22,DELIVERY26,0.00000000
3081.00000000,DELIVERY14,DELIVERY18,0.00000000
3082.00000000,DELIVERY22,DELIVERY26,0.00000000
3082.00000000,DELIVERY14,DELIVERY18,0.00000000
3083.00000000,DELIVERY22,DELIVERY26,0.00000000
3083.00000000,DELIVERY14,DELIVERY18,0.00000000
3084.00000000,DELIVERY22,DELIVERY26,0.00000000
3084.00000000,DELIVERY14,DELIVERY18,0.00000000
3085.00000000,DELIVERY22,DELIVERY26,0.00000000
3085.00000000,DELIVERY14,DELIVERY18,0.00000000
3086.00000000,DELIVERY14,DELIVERY18,0.00000000
3087.00000000,DELIVERY14,DELIVERY18,0.00000000
3088.00000000,DELIVERY14,DELIVERY18,0.00000000
3089.00000000,DELIVERY14,DELIVERY18,0.00000000
3090.00000000,DELIVERY14,DELIVERY18,0.00000000
3091.00000000,DELIVERY14,DELIVERY18,0.00000000
3092.00000000,DELIVERY14,DELIVERY18,0.00000000
3093.00000000,DELIVERY14,DELIVERY18,0.00000000
3094.00000000,DELIVERY22,DELIVERY26,0.00000000
3094.00000000,DELIVERY14,DELIVERY18,0.00000000
3095.00000000,DELIVERY22,DELIVERY26,0.00000000
3095.00000000,DELIVERY14,DELIVERY18,0.00000000
3096.00000000,DELIVERY22,DELIVERY26,0.00000000
3096.00000000,DELIVERY14,DELIVERY18,0.00000000
3097.00000000,DELIVERY22,DELIVERY26,0.00000000
3097.00000000,DELIVERY14,DELIVERY18,0.00000000
3098.00000000,DELIVERY22,DELIVERY26,0.00000000
3098.00000000,DELIVERY14,DELIVERY18,0.00000000
3099.00000000,DELIVERY22,DELIVERY26,0.00000000
3099.00000000,DELIVERY14,DELIVERY18,0.00000000
3100.00000000,DELIVERY22,DELIVERY26,0.00000000
3100.00000000,DELIVERY14,DELIVERY18,0.00000000
3101.00000000,DELIVERY22,DELIVERY26,0.00000000
3101.00000000,DELIVERY14,DELIVERY18,0.00000000
3102.00000000,DELIVERY22,DELIVERY26,0.00000000
3102.00000000,DELIVERY14,DELIVERY18,0.00000000
3103.00000000,DELIVERY22,DELIVERY26,0.00000000
3103.00000000,DELIVERY14,DELIVERY18,0.00000000
3104.00000000,DELIVERY22,DELIVERY26,0.00000000
3104.00000000,DELIVERY14,DELIVERY18,0.00000000
3105.00000000,DELIVERY22,DELIVERY26,0.00000000
3105.00000000,DELIVERY14,DELIVERY18,0.00000000
3106.00000000,DELIVERY22,DELIVERY26,0.00000000
3106.00000000,DELIVERY14,DELIVERY18,0.00000000
3107.00000000,DELIVERY22,DELIVERY26,0.00000000
3107.00000000,DELIVERY14,DELIVERY18,0.00000000
3108.00000000,DELIVERY22,DELIVERY26,0.00000000
3108.00000000,DELIVERY14,DELIVERY18,0.00000000
3109.00000000,DELIVERY22,DELIVERY26,0.00000000
3109.00000000,DELIVERY14,DELIVERY18,0.00000000
3110.00000000,DELIVERY22,DELIVERY26,0.00000000
3110.00000000,DELIVERY14,DELIVERY18,0.00000000
3111.00000000,DELIVERY22,DELIVERY26,0.00000000
3111.00000000,DELIVERY14,DELIVERY18,0.00000000
3112.00000000,DELIVERY22,DELIVERY26,0.00000000
3112.00000000,DELIVERY14,DELIVERY18,0.00000000
3113.00000000,DELIVERY22,DELIVERY26,0.00000000
3113.00000000,DELIVERY14,DELIVERY18,0.00000000
3114.00000000,DELIVERY22,DELIVERY26,0.00000000
3114.00000000,DELIVERY14,DELIVERY18,0.00000000
3115.00000000,DELIVERY22,DELIVERY26,0.00000000
3115.00000000,DELIVERY14,DELIVERY18,0.00000000
3116.00000000,DELIVERY22,DELIVERY26,0.00000000
3116.00000000,DELIVERY14,DELIVERY18,0.00000000
3117.00000000,DELIVERY22,DELIVERY26,0.00000000
3117.00000000,DELIVERY14,DELIVERY18,0.00000000
3118.00000000,DELIVERY22,DELIVERY26,0.00000000
3118.00000000,DELIVERY14,DELIVERY18,0.00000000
3119.00000000,DELIVERY22,DELIVERY26,0.00000000
3119.00000000,DELIVERY14,DELIVERY18,0.00000000
3120.00000000,DELIVERY22,DELIVERY26,0.00000000
3120.00000000,DELIVERY14,DELIVERY18,0.00000000
3121.00000000,DELIVERY22,DELIVERY26,0.00000000
3121.00000000,DELIVERY14,DELIVERY18,0.00000000
3122.00000000,DELIVERY22,DELIVERY26,0.00000000
3122.00000000,DELIVERY14,DELIVERY18,0.00000000
3123.00000000,DELIVERY22,DELIVERY26,0.00000000
3123.00000000,DELIVERY14,DELIVERY18,0.00000000
3123.00000000,BACKGROUND137,BACKGROUND138,0.00398193
3124.00000000,DELIVERY22,DELIVERY26,0.00000000
3124.00000000,DELIVERY14,DELIVERY18,0.00000000
3125.00000000,DELIVERY22,DELIVERY26,0.00000000
3125.00000000,DELIVERY14,DELIVERY18,0.00000000
3126.00000000,DELIVERY22,DELIVERY26,0.00000000
3126.00000000,DELIVERY14,DELIVERY18,0.00000000
3127.00000000,DELIVERY22,DELIVERY26,0.00000000
3127.00000000,DELIVERY14,DELIVERY18,0.00000000
3128.00000000,DELIVERY22,DELIVERY26,0.00000000
3128.00000000,DELIVERY14,DELIVERY18,0.00000000
3129.00000000,DELIVERY22,DELIVERY26,0.00000000
3129.00000000,DELIVERY14,DELIVERY18,0.00000000
3130.00000000,DELIVERY22,DELIVERY26,0.00000000
3130.00000000,DELIVERY14,DELIVERY18,0.00000000
3131.00000000,DELIVERY22,DELIVERY26,0.00000000
3131.00000000,DELIVERY14,DELIVERY18,0.00000000
3132.00000000,DELIVERY22,DELIVERY26,0.00000000
3132.00000000,DELIVERY14,DELIVERY18,0.00000000
3133.00000000,DELIVERY22,DELIVERY26,0.00000000
3133.00000000,DELIVERY14,DELIVERY18,0.00000000
3134.00000000,DELIVERY22,DELIVERY26,0.00000000
3134.00000000,DELIVERY14,DELIVERY18,0.00000000
3135.00000000,DELIVERY22,DELIVERY26,0.00000000
3135.00000000,DELIVERY14,DELIVERY18,0.00000000
3136.00000000,DELIVERY22,DELIVERY26,0.00000000
3136.00000000,DELIVERY14,DELIVERY18,0.00000000
3137.00000000,DELIVERY22,DELIVERY26,0.00000000
3137.00000000,DELIVERY14,DELIVERY18,0.00000000
3138.00000000,DELIVERY22,DELIVERY26,0.00000000
3138.00000000,DELIVERY14,DELIVERY18,0.00000000
3139.00000000,DELIVERY22,DELIVERY26,0.00000000
3139.00000000,DELIVERY14,DELIVERY18,0.00000000
3140.00000000,DELIVERY22,DELIVERY26,0.00000000
3140.00000000,DELIVERY14,DELIVERY18,0.00000000
3141.00000000,DELIVERY22,DELIVERY26,0.00000000
3141.00000000,DELIVERY14,DELIVERY18,0.00000000
3142.00000000,DELIVERY22,DELIVERY26,0.00000000
3142.00000000,DELIVERY14,DELIVERY18,0.00000000
3143.00000000,DELIVERY22,DELIVERY26,0.00000000
3143.00000000,DELIVERY14,DELIVERY18,0.00000000
3144.00000000,DELIVERY22,DELIVERY26,0.00000000
3144.00000000,DELIVERY14,DELIVERY18,0.00000000
3145.00000000,DELIVERY22,DELIVERY26,0.00000000
3145.00000000,DELIVERY14,DELIVERY18,0.00000000
3146.00000000,DELIVERY22,DELIVERY26,0.00000000
3146.00000000,DELIVERY14,DELIVERY18,0.00000000
3147.00000000,DELIVERY22,DELIVERY26,0.00000000
3147.00000000,DELIVERY14,DELIVERY18,0.00000000
3148.00000000,DELIVERY22,DELIVERY26,0.00000000
3148.00000000,DELIVERY14,DELIVERY18,0.00000000
3149.00000000,DELIVERY22,DELIVERY26,0.00000000
3149.00000000,DELIVERY14,DELIVERY18,0.00000000
3150.00000000,DELIVERY22,DELIVERY26,0.00000000
3150.00000000,DELIVERY14,DELIVERY18,0.00000000
3151.00000000,DELIVERY22,DELIVERY26,0.00000000
3151.00000000,DELIVERY14,DELIVERY18,0.00000000
3152.00000000,DELIVERY22,DELIVERY26,0.00000000
3152.00000000,DELIVERY14,DELIVERY18,0.00000000
3153.00000000,DELIVERY22,DELIVERY26,0.00000000
3153.00000000,DELIVERY14,DELIVERY18,0.00000000
3154.00000000,DELIVERY22,DELIVERY26,0.00000000
3154.00000000,DELIVERY14,DELIVERY18,0.00000000
3155.00000000,DELIVERY22,DELIVERY26,0.00000000
3155.00000000,DELIVERY14,DELIVERY18,0.00000000
3156.00000000,DELIVERY22,DELIVERY26,0.00000000
3156.00000000,DELIVERY14,DELIVERY18,0.00000000
3157.00000000,DELIVERY22,DELIVERY26,0.00000000
3157.00000000,DELIVERY14,DELIVERY18,0.00000000
3158.00000000,DELIVERY22,DELIVERY26,0.00000000
3158.00000000,DELIVERY14,DELIVERY18,0.00000000
3159.00000000,DELIVERY22,DELIVERY26,0.00000000
3159.00000000,DELIVERY14,DELIVERY18,0.00000000
3160.00000000,DELIVERY22,DELIVERY26,0.00000000
3160.00000000,DELIVERY14,DELIVERY18,0.00000000
3161.00000000,DELIVERY22,DELIVERY26,0.00000000
3161.00000000,DELIVERY14,DELIVERY18,0.00000000
3162.00000000,DELIVERY22,DELIVERY26,0.00000000
3162.00000000,DELIVERY14,DELIVERY18,0.00000000
3163.00000000,DELIVERY22,DELIVERY26,0.00000000
3163.00000000,DELIVERY14,DELIVERY18,0.00000000
3164.00000000,DELIVERY22,DELIVERY26,0.00000000
3164.00000000,DELIVERY14,DELIVERY18,0.00000000
3165.00000000,DELIVERY22,DELIVERY26,0.00000000
3165.00000000,DELIVERY14,DELIVERY18,0.00000000
3166.00000000,DELIVERY22,DELIVERY26,0.00000000
3166.00000000,DELIVERY14,DELIVERY18,0.00000000
3167.00000000,DELIVERY22,DELIVERY26,0.00000000
3167.00000000,DELIVERY14,DELIVERY18,0.00000000
3168.00000000,DELIVERY22,DELIVERY26,0.00000000
3168.00000000,DELIVERY14,DELIVERY18,0.00000000
3169.00000000,DELIVERY22,DELIVERY26,0.00000000
3169.00000000,DELIVERY14,DELIVERY18,0.00000000
3170.00000000,DELIVERY22,DELIVERY26,0.00000000
3170.00000000,DELIVERY14,DELIVERY18,0.00000000
3171.00000000,DELIVERY22,DELIVERY26,0.00000000
3171.00000000,DELIVERY14,DELIVERY18,0.00000000
3172.00000000,DELIVERY22,DELIVERY26,0.00000000
3172.00000000,DELIVERY14,DELIVERY18,0.00000000
3173.00000000,DELIVERY22,DELIVERY26,0.00000000
3173.00000000,DELIVERY14,DELIVERY18,0.00000000
3174.00000000,DELIVERY22,DELIVERY26,0.00000000
3175.00000000,DELIVERY22,DELIVERY26,0.00000000
3176.00000000,DELIVERY22,DELIVERY26,0.00000000
3177.00000000,DELIVERY22,DELIVERY26,0.00000000
3177.00000000,DELIVERY14,DELIVERY18,0.00000000
3178.00000000,DELIVERY22,DELIVERY26,0.00000000
3178.00000000,DELIVERY14,DELIVERY18,0.00000000
3179.00000000,DELIVERY22,DELIVERY26,0.00000000
3179.00000000,DELIVERY14,DELIVERY18,0.00000000
3180.00000000,DELIVERY22,DELIVERY26,0.00000000
3180.00000000,DELIVERY14,DELIVERY18,0.00000000
3181.00000000,DELIVERY22,DELIVERY26,0.00000000
3181.00000000,DELIVERY14,DELIVERY18,0.00000000
3182.00000000,DELIVERY22,DELIVERY26,0.00000000
3182.00000000,DELIVERY14,DELIVERY18,0.00000000
3183.00000000,DELIVERY22,DELIVERY26,0.00000000
3183.00000000,DELIVERY14,DELIVERY18,0.00000000
3184.00000000,DELIVERY22,DELIVERY26,0.00000000
3184.00000000,DELIVERY14,DELIVERY18,0.00000000
3185.00000000,DELIVERY22,DELIVERY26,0.00000000
3185.00000000,DELIVERY14,DELIVERY18,0.00000000
3186.00000000,DELIVERY22,DELIVERY26,0.00000000
3186.00000000,DELIVERY14,DELIVERY18,0.00000000
3187.00000000,DELIVERY22,DELIVERY26,0.00000000
3187.00000000,DELIVERY14,DELIVERY18,0.00000000
3188.00000000,DELIVERY22,DELIVERY26,0.00000000
3188.00000000,DELIVERY14,DELIVERY18,0.00000000
3189.00000000,DELIVERY22,DELIVERY26,0.00000000
3189.00000000,DELIVERY14,DELIVERY18,0.00000000
3190.00000000,DELIVERY22,DELIVERY26,0.00000000
3190.00000000,DELIVERY14,DELIVERY18,0.00000000
3191.00000000,DELIVERY22,DELIVERY26,0.00000000
3191.00000000,DELIVERY14,DELIVERY18,0.00000000
3192.00000000,DELIVERY22,DELIVERY26,0.00000000
3192.00000000,DELIVERY14,DELIVERY18,0.00000000
3193.00000000,DELIVERY22,DELIVERY26,0.00000000
3193.00000000,DELIVERY14,DELIVERY18,0.00000000
3194.00000000,DELIVERY22,DELIVERY26,0.00000000
3194.00000000,DELIVERY14,DELIVERY18,0.00000000
3195.00000000,DELIVERY22,DELIVERY26,0.00000000
3195.00000000,DELIVERY14,DELIVERY18,0.00000000
3196.00000000,DELIVERY22,DELIVERY26,0.00000000
3196.00000000,DELIVERY14,DELIVERY18,0.00000000
3197.00000000,DELIVERY22,DELIVERY26,0.00000000
3197.00000000,BACKGROUND126,DELIVERY22,0.26639996
3197.00000000,BACKGROUND126,DELIVERY26,0.26639996
3197.00000000,DELIVERY14,DELIVERY18,0.00000000
3198.00000000,DELIVERY22,DELIVERY26,0.00000000
3198.00000000,DELIVERY14,DELIVERY18,0.00000000
3199.00000000,DELIVERY22,DELIVERY26,0.00000000
3199.00000000,DELIVERY14,DELIVERY18,0.00000000
3200.00000000,DELIVERY22,DELIVERY26,0.00000000
3200.00000000,DELIVERY14,DELIVERY18,0.00000000
3201.00000000,DELIVERY22,DELIVERY26,0.00000000
3201.00000000,BACKGROUND147,DELIVERY24,0.55889446
3201.00000000,DELIVERY14,DELIVERY18,0.00000000
3202.00000000,DELIVERY22,DELIVERY26,0.00000000
3202.00000000,DELIVERY14,DELIVERY18,0.00000000
3203.00000000,DELIVERY22,DELIVERY26,0.00000000
3203.00000000,DELIVERY14,DELIVERY18,0.00000000
3204.00000000,DELIVERY22,DELIVERY26,0.00000000
3204.00000000,DELIVERY14,DELIVERY18,0.00000000
3205.00000000,DELIVERY22,DELIVERY26,0.00000000
3205.00000000,DELIVERY14,DELIVERY18,0.00000000
3206.00000000,DELIVERY22,DELIVERY26,0.00000000
3206.00000000,DELIVERY14,DELIVERY18,0.00000000
3207.00000000,DELIVERY22,DELIVERY26,0.00000000
3207.00000000,DELIVERY14,DELIVERY18,0.00000000
3208.00000000,DELIVERY22,DELIVERY26,0.00000000
3208.00000000,DELIVERY14,DELIVERY18,0.00000000
3209.00000000,DELIVERY22,DELIVERY26,0.00000000
3209.00000000,DELIVERY14,DELIVERY18,0.00000000
3210.00000000,DELIVERY22,DELIVERY26,0.00000000
3210.00000000,DELIVERY14,DELIVERY18,0.00000000
3211.00000000,DELIVERY22,DELIVERY26,0.00000000
3211.00000000,DELIVERY14,DELIVERY18,0.00000000
3212.00000000,DELIVERY22,DELIVERY26,0.00000000
3212.00000000,DELIVERY14,DELIVERY18,0.00000000
3213.00000000,DELIVERY22,DELIVERY26,0.00000000
3213.00000000,DELIVERY14,DELIVERY18,0.00000000
3214.00000000,DELIVERY22,DELIVERY26,0.00000000
3214.00000000,DELIVERY14,DELIVERY18,0.00000000
3215.00000000,DELIVERY22,DELIVERY26,0.00000000
3215.00000000,DELIVERY14,DELIVERY18,0.00000000
3216.00000000,DELIVERY22,DELIVERY26,0.00000000
3216.00000000,DELIVERY14,DELIVERY18,0.00000000
3217.00000000,DELIVERY22,DELIVERY26,0.00000000
3217.00000000,DELIVERY14,DELIVERY18,0.00000000
3218.00000000,DELIVERY22,DELIVERY26,0.00000000
3218.00000000,DELIVERY14,DELIVERY18,0.00000000
3219.00000000,DELIVERY22,DELIVERY26,0.00000000
3219.00000000,DELIVERY14,DELIVERY18,0.00000000
3220.00000000,DELIVERY22,DELIVERY26,0.00000000
3220.00000000,DELIVERY14,DELIVERY18,0.00000000
3221.00000000,DELIVERY22,DELIVERY26,0.00000000
3221.00000000,DELIVERY14,DELIVERY18,0.00000000
3222.00000000,DELIVERY22,DELIVERY26,0.00000000
3222.00000000,DELIVERY14,DELIVERY18,0.00000000
3223.00000000,DELIVERY22,DELIVERY26,0.00000000
3223.00000000,DELIVERY14,DELIVERY18,0.00000000
3224.00000000,DELIVERY22,DELIVERY26,0.00000000
3224.00000000,DELIVERY14,DELIVERY18,0.00000000
3225.00000000,DELIVERY22,DELIVERY26,0.00000000
3225.00000000,DELIVERY14,DELIVERY18,0.00000000
3226.00000000,DELIVERY22,DELIVERY26,0.00000000
3226.00000000,DELIVERY14,DELIVERY18,0.00000000
3227.00000000,DELIVERY22,DELIVERY26,0.00000000
3227.00000000,DELIVERY14,DELIVERY18,0.00000000
3228.00000000,DELIVERY22,DELIVERY26,0.00000000
3228.00000000,DELIVERY14,DELIVERY18,0.00000000
3229.00000000,DELIVERY22,DELIVERY26,0.00000000
3229.00000000,DELIVERY14,DELIVERY18,0.00000000
3230.00000000,DELIVERY22,DELIVERY26,0.00000000
3230.00000000,DELIVERY14,DELIVERY18,0.00000000
3231.00000000,DELIVERY22,DELIVERY26,0.00000000
3231.00000000,DELIVERY14,DELIVERY18,0.00000000
3232.00000000,DELIVERY22,DELIVERY26,0.00000000
3232.00000000,DELIVERY14,DELIVERY18,0.00000000
3233.00000000,DELIVERY22,DELIVERY26,0.00000000
3233.00000000,DELIVERY14,DELIVERY18,0.00000000
3234.00000000,DELIVERY22,DELIVERY26,0.00000000
3234.00000000,DELIVERY14,DELIVERY18,0.00000000
3235.00000000,DELIVERY22,DELIVERY26,0.00000000
3235.00000000,DELIVERY14,DELIVERY18,0.00000000
3236.00000000,DELIVERY22,DELIVERY26,0.00000000
3236.00000000,DELIVERY14,DELIVERY18,0.00000000
3237.00000000,DELIVERY22,DELIVERY26,0.00000000
3237.00000000,DELIVERY14,DELIVERY18,0.00000000
3238.00000000,DELIVERY22,DELIVERY26,0.00000000
3238.00000000,DELIVERY14,DELIVERY18,0.00000000
3239.00000000,DELIVERY22,DELIVERY26,0.00000000
3239.00000000,DELIVERY14,DELIVERY18,0.00000000
3240.00000000,DELIVERY22,DELIVERY26,0.00000000
3240.00000000,DELIVERY14,DELIVERY18,0.00000000
3241.00000000,DELIVERY22,DELIVERY26,0.00000000
3241.00000000,DELIVERY14,DELIVERY18,0.00000000
3242.00000000,DELIVERY22,DELIVERY26,0.00000000
3242.00000000,DELIVERY14,DELIVERY18,0.00000000
3243.00000000,DELIVERY22,DELIVERY26,0.00000000
3243.00000000,DELIVERY14,DELIVERY18,0.00000000
3244.00000000,DELIVERY22,DELIVERY26,0.00000000
3244.00000000,DELIVERY14,DELIVERY18,0.00000000
3245.00000000,DELIVERY22,DELIVERY26,0.00000000
3245.00000000,DELIVERY14,DELIVERY18,0.00000000
3246.00000000,DELIVERY22,DELIVERY26,0.00000000
3246.00000000,DELIVERY14,DELIVERY18,0.00000000
3247.00000000,DELIVERY22,DELIVERY26,0.00000000
3247.00000000,DELIVERY14,DELIVERY18,0.00000000
3248.00000000,DELIVERY22,DELIVERY26,0.00000000
3248.00000000,DELIVERY14,DELIVERY18,0.00000000
3249.00000000,DELIVERY22,DELIVERY26,0.00000000
3250.00000000,DELIVERY22,DELIVERY26,0.00000000
3251.00000000,DELIVERY22,DELIVERY26,0.00000000
3252.00000000,DELIVERY22,DELIVERY26,0.00000000
3253.00000000,DELIVERY22,DELIVERY26,0.00000000
3254.00000000,DELIVERY22,DELIVERY26,0.00000000
3255.00000000,DELIVERY22,DELIVERY26,0.00000000
3256.00000000,DELIVERY22,DELIVERY26,0.00000000
3257.00000000,DELIVERY22,DELIVERY26,0.00000000
3258.00000000,DELIVERY14,DELIVERY18,0.00000000
3259.00000000,DELIVERY14,DELIVERY18,0.00000000
3260.00000000,DELIVERY14,DELIVERY18,0.00000000
3261.00000000,DELIVERY14,DELIVERY18,0.00000000
3262.00000000,DELIVERY14,DELIVERY18,0.00000000
3263.00000000,DELIVERY22,DELIVERY26,0.00000000
3263.00000000,DELIVERY14,DELIVERY18,0.00000000
3264.00000000,DELIVERY22,DELIVERY26,0.00000000
3264.00000000,DELIVERY14,DELIVERY18,0.00000000
3265.00000000,DELIVERY22,DELIVERY26,0.00000000
3265.00000000,DELIVERY14,DELIVERY18,0.00000000
3266.00000000,DELIVERY22,DELIVERY26,0.00000000
3266.00000000,DELIVERY14,DELIVERY18,0.00000000
3267.00000000,DELIVERY22,DELIVERY26,0.00000000
3267.00000000,DELIVERY14,DELIVERY18,0.00000000
3268.00000000,DELIVERY22,DELIVERY26,0.00000000
3268.00000000,DELIVERY14,DELIVERY18,0.00000000
3269.00000000,DELIVERY22,DELIVERY26,0.00000000
3269.00000000,DELIVERY14,DELIVERY18,0.00000000
3270.00000000,DELIVERY22,DELIVERY26,0.00000000
3270.00000000,DELIVERY14,DELIVERY18,0.00000000
3271.00000000,DELIVERY22,DELIVERY26,0.00000000
3271.00000000,DELIVERY14,DELIVERY18,0.00000000
3272.00000000,DELIVERY22,DELIVERY26,0.00000000
3272.00000000,DELIVERY14,DELIVERY18,0.00000000
3273.00000000,DELIVERY22,DELIVERY26,0.00000000
3273.00000000,DELIVERY14,DELIVERY18,0.00000000
3274.00000000,DELIVERY22,DELIVERY26,0.00000000
3274.00000000,DELIVERY14,DELIVERY18,0.00000000
3275.00000000,DELIVERY22,DELIVERY26,0.00000000
3275.00000000,DELIVERY14,DELIVERY18,0.00000000
3276.00000000,DELIVERY22,DELIVERY26,0.00000000
3276.00000000,DELIVERY14,DELIVERY18,0.00000000
3277.00000000,DELIVERY22,DELIVERY26,0.00000000
3277.00000000,DELIVERY14,DELIVERY18,0.00000000
3278.00000000,DELIVERY22,DELIVERY26,0.00000000
3278.00000000,DELIVERY14,DELIVERY18,0.00000000
3279.00000000,DELIVERY22,DELIVERY26,0.00000000
3279.00000000,DELIVERY14,DELIVERY18,0.00000000
3280.00000000,DELIVERY22,DELIVERY26,0.00000000
3280.00000000,DELIVERY14,DELIVERY18,0.00000000
3281.00000000,DELIVERY22,DELIVERY26,0.00000000
3281.00000000,DELIVERY14,DELIVERY18,0.00000000
3282.00000000,DELIVERY22,DELIVERY26,0.00000000
3282.00000000,DELIVERY14,DELIVERY18,0.00000000
3283.00000000,DELIVERY22,DELIVERY26,0.00000000
3283.00000000,DELIVERY14,DELIVERY18,0.00000000
3284.00000000,DELIVERY22,DELIVERY26,0.00000000
3284.00000000,DELIVERY14,DELIVERY18,0.00000000
3285.00000000,DELIVERY22,DELIVERY26,0.00000000
3285.00000000,DELIVERY14,DELIVERY18,0.00000000
3286.00000000,DELIVERY22,DELIVERY26,0.00000000
3286.00000000,DELIVERY14,DELIVERY18,0.00000000
3287.00000000,DELIVERY22,DELIVERY26,0.00000000
3287.00000000,DELIVERY14,DELIVERY18,0.00000000
3288.00000000,DELIVERY22,DELIVERY26,0.00000000
3288.00000000,DELIVERY14,DELIVERY18,0.00000000
3289.00000000,DELIVERY22,DELIVERY26,0.00000000
3289.00000000,DELIVERY14,DELIVERY18,0.00000000
3290.00000000,DELIVERY22,DELIVERY26,0.00000000
3290.00000000,DELIVERY14,DELIVERY18,0.00000000
3291.00000000,DELIVERY22,DELIVERY26,0.00000000
3291.00000000,DELIVERY14,DELIVERY18,0.00000000
3292.00000000,DELIVERY22,DELIVERY26,0.00000000
3292.00000000,DELIVERY14,DELIVERY18,0.00000000
3293.00000000,DELIVERY22,DELIVERY26,0.00000000
3293.00000000,DELIVERY14,DELIVERY18,0.00000000
3294.00000000,DELIVERY14,DELIVERY18,0.00000000
3295.00000000,DELIVERY14,DELIVERY18,0.00000000
3296.00000000,DELIVERY19,DELIVERY24,0.36482604
3296.00000000,DELIVERY14,DELIVERY18,0.00000000
3297.00000000,DELIVERY19,DELIVERY24,0.87570046
3297.00000000,DELIVERY14,DELIVERY18,0.00000000
3298.00000000,DELIVERY14,DELIVERY18,0.00000000
3299.00000000,DELIVERY22,DELIVERY26,0.00000000
3299.00000000,DELIVERY14,DELIVERY18,0.00000000
3300.00000000,DELIVERY22,DELIVERY26,0.00000000
3300.00000000,DELIVERY14,DELIVERY18,0.00000000
3301.00000000,DELIVERY22,DELIVERY26,0.00000000
3301.00000000,DELIVERY27,DELIVERY29,0.01165658
3301.00000000,DELIVERY14,DELIVERY18,0.00000000
3302.00000000,DELIVERY27,DELIVERY29,0.39866822
3302.00000000,DELIVERY14,DELIVERY18,0.00000004
3302.00000000,DELIVERY22,DELIVERY26,0.00000001
3303.00000000,DELIVERY22,DELIVERY26,0.92483947
3329.00000000,DELIVERY19,DELIVERY24,0.37296025
3463.00000000,BACKGROUND140,DELIVERY28,0.00044078
3465.00000000,BACKGROUND135,BACKGROUND161,0.24860084
3486.00000000,DELIVERY22,DELIVERY27,0.35478741
3499.00000000,BACKGROUND147,DELIVERY24,0.93016915
3519.00000000,BACKGROUND134,DELIVERY24,5.73686223
3525.00000000,BACKGROUND134,DELIVERY24,0.03639427
3533.00000000,BACKGROUND134,DELIVERY24,0.17895737
3555.00000000,DELIVERY24,DELIVERY30,3.61654737
3562.00000000,BACKGROUND134,DELIVERY30,0.87360190
