# LOSS OF SEPARATION LOG
# Start and end of all loss of separation
# 
# Simulation Time [s], UAS1, UAS2, Start/End
# simt
181.00000000,BACKGROUND19,SURVEILLANCE_LUFTHANSA,start
193.00000000,BACKGROUND19,SURVEILLANCE_LUFTHANSA,end
238.00000000,SURVEILLANCEOP1,SURVEILLANCE_LUFTHANSA,start
241.00000000,BACKGROUND14,SURVEILLANCE_LUFTHANSA,start
241.00000000,SURVEILLANCEOP1,SURVEILLANCE_LUFTHANSA,end
247.00000000,BACKGROUND14,SURVEILLANCE_LUFTHANSA,end
325.00000000,BACKGROUND4,SURVEILLANCE_EUROWINGS,start
335.00000000,BACKGROUND4,SURVEILLANCE_EUROWINGS,end
337.00000000,BACKGROUND25,SURVEILLANCE_EUROWINGS,start
347.00000000,BACKGROUND25,SURVEILLANCE_EUROWINGS,end
359.00000000,BACKGROUND17,SURVEILLANCEOP2,start
362.00000000,BACKGROUND17,SURVEILLANCEOP2,end
402.00000000,BACKGROUND22,SURVEILLANCEOP1,start
406.00000000,BACKGROUND22,SURVEILLANCEOP1,end
564.00000000,BACKGROUND33,BACKGROUND62,start
565.00000000,BACKGROUND33,BACKGROUND62,end
580.00000000,SURVEILLANCEOP3,SURVEILLANCE_HELICOPTER,start
589.00000000,SURVEILLANCEOP3,SURVEILLANCE_HELICOPTER,end
604.00000000,SURVEILLANCEOP4,SURVEILLANCEOP5,start
607.00000000,SURVEILLANCEOP4,SURVEILLANCEOP5,end
611.00000000,BACKGROUND23,BACKGROUND25,start
616.00000000,BACKGROUND23,BACKGROUND25,end
626.00000000,BACKGROUND46,BACKGROUND62,start
628.00000000,BACKGROUND46,BACKGROUND62,end
670.00000000,BACKGROUND65,BACKGROUND70,start
703.00000000,BACKGROUND65,BACKGROUND70,end
715.00000000,BACKGROUND66,BACKGROUND73,start
717.00000000,BACKGROUND66,BACKGROUND73,end
718.00000000,BACKGROUND73,BACKGROUND74,start
719.00000000,BACKGROUND14,BACKGROUND33,start
721.00000000,BACKGROUND65,BACKGROUND70,start
722.00000000,BACKGROUND66,BACKGROUND74,start
722.00000000,BACKGROUND73,BACKGROUND74,end
725.00000000,BACKGROUND66,BACKGROUND74,end
726.00000000,BACKGROUND66,BACKGROUND73,start
726.00000000,BACKGROUND14,BACKGROUND33,end
731.00000000,BACKGROUND66,BACKGROUND73,end
731.00000000,BACKGROUND65,BACKGROUND70,end
735.00000000,BACKGROUND24,BACKGROUND65,start
736.00000000,BACKGROUND24,BACKGROUND65,end
739.00000000,BACKGROUND24,BACKGROUND70,start
740.00000000,BACKGROUND66,BACKGROUND73,start
741.00000000,BACKGROUND24,BACKGROUND70,end
742.00000000,BACKGROUND21,BACKGROUND65,start
743.00000000,BACKGROUND65,BACKGROUND79,start
743.00000000,BACKGROUND21,BACKGROUND65,end
744.00000000,BACKGROUND65,BACKGROUND79,end
754.00000000,BACKGROUND21,BACKGROUND70,start
756.00000000,BACKGROUND21,BACKGROUND70,end
765.00000000,BACKGROUND22,BACKGROUND71,start
766.00000000,BACKGROUND66,BACKGROUND73,end
766.00000000,BACKGROUND22,BACKGROUND71,end
777.00000000,BACKGROUND49,BACKGROUND77,start
779.00000000,BACKGROUND49,BACKGROUND77,end
799.00000000,BACKGROUND52,BACKGROUND75,start
802.00000000,BACKGROUND52,BACKGROUND75,end
805.00000000,BACKGROUND66,BACKGROUND73,start
805.00000000,BACKGROUND69,BACKGROUND73,start
808.00000000,BACKGROUND66,BACKGROUND69,start
810.00000000,BACKGROUND69,BACKGROUND73,end
811.00000000,BACKGROUND75,BACKGROUND86,start
811.00000000,BACKGROUND66,BACKGROUND69,end
813.00000000,BACKGROUND75,BACKGROUND86,end
817.00000000,BACKGROUND59,BACKGROUND87,start
820.00000000,BACKGROUND59,BACKGROUND87,end
834.00000000,BACKGROUND65,BACKGROUND70,start
843.00000000,BACKGROUND63,BACKGROUND88,start
846.00000000,BACKGROUND63,BACKGROUND88,end
854.00000000,BACKGROUND65,BACKGROUND70,end
877.00000000,BACKGROUND102,BACKGROUND76,start
878.00000000,BACKGROUND49,BACKGROUND87,start
880.00000000,BACKGROUND49,BACKGROUND87,end
891.00000000,BACKGROUND103,BACKGROUND21,start
894.00000000,BACKGROUND103,BACKGROUND21,end
899.00000000,BACKGROUND79,BACKGROUND92,start
901.00000000,BACKGROUND49,BACKGROUND92,start
901.00000000,BACKGROUND79,BACKGROUND92,end
903.00000000,BACKGROUND102,BACKGROUND76,end
904.00000000,BACKGROUND49,BACKGROUND79,start
904.00000000,BACKGROUND49,BACKGROUND92,end
906.00000000,BACKGROUND56,BACKGROUND65,start
909.00000000,BACKGROUND102,BACKGROUND76,start
910.00000000,BACKGROUND102,BACKGROUND76,end
911.00000000,BACKGROUND56,BACKGROUND65,end
918.00000000,BACKGROUND39,BACKGROUND82,start
925.00000000,BACKGROUND39,BACKGROUND82,end
932.00000000,BACKGROUND49,BACKGROUND79,end
970.00000000,BACKGROUND108,BACKGROUND81,start
973.00000000,BACKGROUND108,BACKGROUND81,end
1039.00000000,BACKGROUND92,BACKGROUND96,start
1041.00000000,BACKGROUND92,BACKGROUND96,end
1067.00000000,BACKGROUND112,BACKGROUND49,start
1069.00000000,BACKGROUND112,BACKGROUND49,end
1075.00000000,BACKGROUND111,BACKGROUND49,start
1078.00000000,BACKGROUND111,BACKGROUND49,end
1085.00000000,BACKGROUND88,BACKGROUND95,start
1088.00000000,BACKGROUND88,BACKGROUND95,end
1113.00000000,BACKGROUND114,BACKGROUND49,start
1115.00000000,BACKGROUND79,BACKGROUND95,start
1115.00000000,BACKGROUND114,BACKGROUND49,end
1117.00000000,BACKGROUND79,BACKGROUND95,end
1129.00000000,BACKGROUND26,BACKGROUND54,start
1134.00000000,BACKGROUND24,BACKGROUND97,start
1136.00000000,BACKGROUND26,BACKGROUND54,end
1136.00000000,BACKGROUND24,BACKGROUND97,end
1154.00000000,BACKGROUND56,BACKGROUND95,start
1157.00000000,BACKGROUND56,BACKGROUND95,end
1160.00000000,BACKGROUND110,BACKGROUND117,start
1175.00000000,BACKGROUND110,BACKGROUND89,start
1178.00000000,BACKGROUND110,BACKGROUND89,end
1205.00000000,BACKGROUND126,BACKGROUND99,start
1208.00000000,BACKGROUND126,BACKGROUND99,end
1232.00000000,BACKGROUND69,BACKGROUND95,start
1234.00000000,BACKGROUND69,BACKGROUND95,end
1241.00000000,BACKGROUND118,BACKGROUND123,start
1243.00000000,BACKGROUND118,BACKGROUND123,end
1245.00000000,BACKGROUND65,BACKGROUND82,start
1252.00000000,BACKGROUND65,BACKGROUND82,end
1288.00000000,BACKGROUND133,BACKGROUND79,start
1291.00000000,BACKGROUND133,BACKGROUND79,end
1293.00000000,BACKGROUND134,BACKGROUND79,start
1297.00000000,BACKGROUND134,BACKGROUND79,end
1318.00000000,BACKGROUND123,BACKGROUND145,start
1321.00000000,BACKGROUND123,BACKGROUND145,end
1340.00000000,BACKGROUND110,BACKGROUND117,end
1366.00000000,BACKGROUND145,BACKGROUND152,start
1369.00000000,BACKGROUND145,BACKGROUND152,end
1416.00000000,BACKGROUND123,BACKGROUND153,start
1419.00000000,BACKGROUND123,BACKGROUND153,end
1499.00000000,BACKGROUND123,BACKGROUND181,start
1507.00000000,BACKGROUND123,BACKGROUND181,end
1526.00000000,BACKGROUND153,BACKGROUND164,start
1527.00000000,BACKGROUND153,BACKGROUND164,end
1531.00000000,BACKGROUND123,BACKGROUND181,start
1545.00000000,BACKGROUND103,BACKGROUND82,start
1548.00000000,BACKGROUND123,BACKGROUND181,end
1548.00000000,BACKGROUND103,BACKGROUND82,end
1581.00000000,BACKGROUND134,BACKGROUND175,start
1592.00000000,BACKGROUND134,BACKGROUND175,end
1678.00000000,BACKGROUND160,BACKGROUND164,start
1682.00000000,BACKGROUND160,BACKGROUND164,end
1685.00000000,BACKGROUND177,BACKGROUND47,start
1688.00000000,BACKGROUND177,BACKGROUND47,end
1760.00000000,BACKGROUND147,BACKGROUND207,start
1789.00000000,BACKGROUND150,BACKGROUND190,start
