# CONFLICTS LOG
# Start and end of all conflicts
# 
# Simulation Time [s], UAS1, UAS2, Start/End
# simt
112.00000000,BACKGROUND13,BACKGROUND14,start
120.00000000,BACKGROUND13,BACKGROUND14,end
181.00000000,BACKGROUND19,SURVEILLANCE_LUFTHANSA,start
192.00000000,BACKGROUND19,SURVEILLANCE_LUFTHANSA,end
221.00000000,BACKGROUND18,BACKGROUND25,start
224.00000000,BACKGROUND13,SURVEILLANCE_LUFTHANSA,start
224.00000000,BACKGROUND18,BACKGROUND25,end
225.00000000,BACKGROUND13,SURVEILLANCE_LUFTHANSA,end
228.00000000,SURVEILLANCEOP1,SURVEILLANCE_LUFTHANSA,start
231.00000000,BACKGROUND14,SURVEILLANCE_LUFTHANSA,start
239.00000000,BACKGROUND16,BACKGROUND3,start
241.00000000,SURVEILLANCEOP1,SURVEILLANCE_LUFTHANSA,end
246.00000000,BACKGROUND14,SURVEILLANCE_LUFTHANSA,end
248.00000000,BACKGROUND16,BACKGROUND3,end
255.00000000,BACKGROUND11,BACKGROUND30,start
259.00000000,BACKGROUND11,BACKGROUND30,end
319.00000000,BACKGROUND26,BACKGROUND27,start
321.00000000,BACKGROUND4,SURVEILLANCE_EUROWINGS,start
329.00000000,BACKGROUND26,BACKGROUND27,end
330.00000000,BACKGROUND4,SURVEILLANCE_EUROWINGS,end
334.00000000,BACKGROUND11,BACKGROUND15,start
345.00000000,BACKGROUND11,BACKGROUND15,end
408.00000000,BACKGROUND48,BACKGROUND50,start
410.00000000,BACKGROUND48,BACKGROUND50,end
435.00000000,BACKGROUND45,SURVEILLANCE_EUROWINGS,start
455.00000000,BACKGROUND31,BACKGROUND54,start
459.00000000,BACKGROUND45,SURVEILLANCE_EUROWINGS,end
466.00000000,BACKGROUND31,BACKGROUND54,end
503.00000000,BACKGROUND31,BACKGROUND46,start
508.00000000,BACKGROUND31,BACKGROUND46,end
536.00000000,BACKGROUND41,SURVEILLANCEOP5,start
540.00000000,BACKGROUND41,SURVEILLANCEOP5,end
564.00000000,BACKGROUND54,BACKGROUND68,start
570.00000000,SURVEILLANCEOP3,SURVEILLANCE_HELICOPTER,start
573.00000000,BACKGROUND54,BACKGROUND68,end
587.00000000,SURVEILLANCEOP3,SURVEILLANCE_HELICOPTER,end
605.00000000,SURVEILLANCEOP4,SURVEILLANCEOP5,start
608.00000000,SURVEILLANCEOP4,SURVEILLANCEOP5,end
642.00000000,BACKGROUND68,BACKGROUND76,start
648.00000000,BACKGROUND74,BACKGROUND81,start
651.00000000,BACKGROUND74,BACKGROUND81,end
651.00000000,BACKGROUND68,BACKGROUND76,end
652.00000000,BACKGROUND54,BACKGROUND77,start
658.00000000,BACKGROUND54,BACKGROUND77,end
673.00000000,BACKGROUND79,BACKGROUND81,start
677.00000000,BACKGROUND79,BACKGROUND81,end
692.00000000,BACKGROUND32,BACKGROUND70,start
695.00000000,BACKGROUND32,BACKGROUND55,start
703.00000000,BACKGROUND32,BACKGROUND70,end
704.00000000,BACKGROUND32,BACKGROUND55,end
708.00000000,BACKGROUND64,BACKGROUND87,start
709.00000000,BACKGROUND64,BACKGROUND87,end
713.00000000,BACKGROUND87,SURVEILLANCEOP4,start
715.00000000,BACKGROUND83,BACKGROUND87,start
715.00000000,BACKGROUND87,SURVEILLANCEOP4,end
717.00000000,BACKGROUND83,BACKGROUND87,end
739.00000000,BACKGROUND66,BACKGROUND84,start
742.00000000,BACKGROUND60,BACKGROUND81,start
746.00000000,BACKGROUND66,BACKGROUND84,end
754.00000000,BACKGROUND60,BACKGROUND81,end
879.00000000,BACKGROUND84,BACKGROUND96,start
887.00000000,BACKGROUND84,BACKGROUND96,end
890.00000000,BACKGROUND110,BACKGROUND73,start
901.00000000,BACKGROUND110,BACKGROUND73,end
927.00000000,BACKGROUND114,BACKGROUND94,start
934.00000000,BACKGROUND114,BACKGROUND94,end
954.00000000,BACKGROUND105,BACKGROUND107,start
965.00000000,BACKGROUND105,BACKGROUND107,end
1084.00000000,BACKGROUND118,BACKGROUND119,start
1086.00000000,BACKGROUND118,BACKGROUND119,end
1092.00000000,BACKGROUND128,BACKGROUND43,start
1093.00000000,BACKGROUND129,BACKGROUND99,start
1097.00000000,BACKGROUND129,BACKGROUND99,end
1098.00000000,BACKGROUND129,BACKGROUND99,start
1100.00000000,BACKGROUND129,BACKGROUND99,end
1101.00000000,BACKGROUND129,BACKGROUND99,start
1101.00000000,BACKGROUND128,BACKGROUND43,end
1102.00000000,BACKGROUND129,BACKGROUND99,end
1104.00000000,BACKGROUND129,BACKGROUND99,start
1105.00000000,BACKGROUND129,BACKGROUND99,end
1107.00000000,BACKGROUND129,BACKGROUND99,start
1108.00000000,BACKGROUND129,BACKGROUND99,end
1109.00000000,BACKGROUND110,BACKGROUND139,start
1112.00000000,BACKGROUND110,BACKGROUND139,end
1141.00000000,BACKGROUND137,BACKGROUND138,start
1143.00000000,BACKGROUND137,BACKGROUND138,end
1150.00000000,BACKGROUND113,BACKGROUND128,start
1152.00000000,BACKGROUND113,BACKGROUND128,end
1156.00000000,BACKGROUND137,BACKGROUND138,start
1157.00000000,BACKGROUND137,BACKGROUND138,end
1159.00000000,BACKGROUND127,BACKGROUND131,start
1161.00000000,BACKGROUND137,BACKGROUND138,start
1162.00000000,BACKGROUND137,BACKGROUND138,end
1164.00000000,BACKGROUND137,BACKGROUND138,start
1169.00000000,BACKGROUND137,BACKGROUND138,end
1170.00000000,BACKGROUND127,BACKGROUND131,end
1171.00000000,BACKGROUND137,BACKGROUND138,start
1173.00000000,BACKGROUND137,BACKGROUND138,end
1188.00000000,BACKGROUND137,BACKGROUND138,start
1189.00000000,BACKGROUND137,BACKGROUND138,end
1191.00000000,BACKGROUND119,BACKGROUND141,start
1203.00000000,BACKGROUND137,BACKGROUND138,start
1203.00000000,BACKGROUND119,BACKGROUND141,end
1211.00000000,BACKGROUND137,BACKGROUND138,end
1212.00000000,BACKGROUND152,BACKGROUND90,start
1214.00000000,BACKGROUND152,BACKGROUND90,end
1230.00000000,BACKGROUND123,BACKGROUND127,start
1239.00000000,BACKGROUND123,BACKGROUND127,end
1310.00000000,BACKGROUND145,BACKGROUND43,start
1321.00000000,BACKGROUND145,BACKGROUND43,end
1354.00000000,BACKGROUND127,BACKGROUND160,start
1355.00000000,BACKGROUND127,BACKGROUND160,end
1401.00000000,BACKGROUND156,BACKGROUND163,start
1412.00000000,BACKGROUND156,BACKGROUND163,end
1413.00000000,BACKGROUND138,BACKGROUND147,start
1416.00000000,BACKGROUND138,BACKGROUND147,end
1439.00000000,BACKGROUND144,BACKGROUND170,start
1440.00000000,BACKGROUND118,BACKGROUND169,start
1441.00000000,BACKGROUND118,BACKGROUND169,end
1443.00000000,BACKGROUND147,BACKGROUND181,start
1448.00000000,BACKGROUND144,BACKGROUND170,end
1450.00000000,BACKGROUND147,BACKGROUND181,end
1480.00000000,BACKGROUND152,BACKGROUND174,start
1481.00000000,BACKGROUND152,BACKGROUND174,end
1493.00000000,BACKGROUND152,BACKGROUND174,start
1498.00000000,BACKGROUND152,BACKGROUND174,end
1508.00000000,BACKGROUND130,BACKGROUND163,start
1509.00000000,BACKGROUND130,BACKGROUND163,end
1510.00000000,BACKGROUND130,BACKGROUND163,start
1511.00000000,BACKGROUND130,BACKGROUND163,end
1522.00000000,BACKGROUND130,BACKGROUND163,start
1526.00000000,BACKGROUND130,BACKGROUND163,end
1527.00000000,BACKGROUND154,BACKGROUND195,start
1534.00000000,BACKGROUND154,BACKGROUND195,end
1602.00000000,BACKGROUND177,BACKGROUND181,start
1603.00000000,BACKGROUND177,BACKGROUND181,end
1646.00000000,BACKGROUND178,BACKGROUND207,start
1652.00000000,BACKGROUND181,BACKGROUND197,start
1652.00000000,BACKGROUND178,BACKGROUND207,end
1655.00000000,BACKGROUND181,BACKGROUND197,end
1661.00000000,BACKGROUND185,BACKGROUND209,start
1664.00000000,BACKGROUND185,BACKGROUND209,end
1673.00000000,BACKGROUND148,BACKGROUND206,start
1674.00000000,BACKGROUND148,BACKGROUND206,end
1686.00000000,BACKGROUND148,BACKGROUND206,start
1688.00000000,BACKGROUND148,BACKGROUND206,end
1695.00000000,BACKGROUND179,BACKGROUND184,start
