# FLIGHT LOG
# Takeoff, landing, and distance flown of each UAS.
# 
# Simulation Time [s], UAS, Takeoff/Landing, Distance [m]
# simt
8.05000000,BACKGROUND1,takeoff,0
15.05000000,BACKGROUND2,takeoff,0
22.05000000,BACKGROUND3,takeoff,0
29.05000000,BACKGROUND4,takeoff,0
36.05000000,BACKGROUND5,takeoff,0
51.05000000,BACKGROUND6,takeoff,0
58.05000000,BACKGROUND7,takeoff,0
60.05000000,SURVEILLANCE_TURKISH,takeoff,0
65.05000000,BACKGROUND8,takeoff,0
72.05000000,BACKGROUND9,takeoff,0
80.05000000,BACKGROUND10,takeoff,0
87.05000000,BACKGROUND11,takeoff,0
94.05000000,BACKGROUND12,takeoff,0
101.05000000,BACKGROUND13,takeoff,0
108.05000000,BACKGROUND14,takeoff,0
116.05000000,BACKGROUND15,takeoff,0
123.05000000,BACKGROUND16,takeoff,0
130.05000000,BACKGROUND17,takeoff,0
137.05000000,BACKGROUND18,takeoff,0
144.05000000,BACKGROUND19,takeoff,0
152.05000000,BACKGROUND20,takeoff,0
166.05000000,BACKGROUND21,takeoff,0
180.05000000,BACKGROUND22,takeoff,0
180.05000000,SURVEILLANCE_LUFTHANSA,takeoff,0
181.05000000,SURVEILLANCEOP1,takeoff,0
181.05000000,SURVEILLANCEOP2,takeoff,0
181.05000000,SURVEILLANCEOP3,takeoff,0
195.05000000,BACKGROUND23,takeoff,0
202.05000000,BACKGROUND24,takeoff,0
216.05000000,BACKGROUND25,takeoff,0
224.05000000,BACKGROUND26,takeoff,0
227.25000000,BACKGROUND8,landing,2046.94011889
228.40000000,BACKGROUND5,landing,2859.25532545
231.05000000,BACKGROUND27,takeoff,0
238.05000000,BACKGROUND28,takeoff,0
240.05000000,SURVEILLANCE_EUROWINGS,takeoff,0
241.05000000,SURVEILLANCEOP4,takeoff,0
245.05000000,BACKGROUND29,takeoff,0
248.05000000,BACKGROUND1,landing,1533.18636442
252.05000000,BACKGROUND30,takeoff,0
267.05000000,BACKGROUND31,takeoff,0
269.20000000,BACKGROUND12,landing,2726.09732976
274.05000000,BACKGROUND32,takeoff,0
278.85000000,BACKGROUND3,landing,2532.57481476
281.05000000,BACKGROUND33,takeoff,0
288.05000000,BACKGROUND34,takeoff,0
295.05000000,BACKGROUND35,takeoff,0
298.80000000,BACKGROUND18,landing,1554.08714626
310.05000000,BACKGROUND36,takeoff,0
314.40000000,BACKGROUND7,landing,3599.12968538
317.05000000,BACKGROUND37,takeoff,0
324.05000000,BACKGROUND38,takeoff,0
329.60000000,BACKGROUND4,landing,4510.06719636
331.05000000,BACKGROUND39,takeoff,0
339.05000000,BACKGROUND40,takeoff,0
346.05000000,BACKGROUND41,takeoff,0
353.05000000,BACKGROUND42,takeoff,0
360.05000000,BACKGROUND43,takeoff,0
367.05000000,BACKGROUND44,takeoff,0
367.25000000,BACKGROUND16,landing,3207.07093860
367.95000000,BACKGROUND25,landing,2570.04316355
368.90000000,BACKGROUND13,landing,4103.43278071
375.05000000,BACKGROUND45,takeoff,0
382.05000000,BACKGROUND46,takeoff,0
382.30000000,BACKGROUND6,landing,3718.31386273
389.05000000,BACKGROUND47,takeoff,0
396.05000000,BACKGROUND48,takeoff,0
403.05000000,BACKGROUND49,takeoff,0
411.05000000,BACKGROUND50,takeoff,0
418.05000000,BACKGROUND51,takeoff,0
419.80000000,BACKGROUND32,landing,1842.12833335
421.10000000,BACKGROUND2,landing,4440.28361143
425.05000000,BACKGROUND52,takeoff,0
426.65000000,BACKGROUND21,landing,3996.17219125
428.15000000,BACKGROUND10,landing,4328.10648726
431.70000000,BACKGROUND34,landing,1398.34728988
432.05000000,BACKGROUND53,takeoff,0
439.05000000,BACKGROUND54,takeoff,0
447.05000000,BACKGROUND55,takeoff,0
448.05000000,BACKGROUND29,landing,2883.07477546
454.05000000,BACKGROUND56,takeoff,0
455.05000000,BACKGROUND26,landing,3677.51728718
457.95000000,BACKGROUND17,landing,5273.69014262
468.05000000,BACKGROUND57,takeoff,0
472.90000000,BACKGROUND27,landing,2062.90372298
474.60000000,BACKGROUND22,landing,4557.09776489
475.05000000,BACKGROUND58,takeoff,0
482.05000000,BACKGROUND59,takeoff,0
490.05000000,BACKGROUND60,takeoff,0
490.40000000,BACKGROUND38,landing,1770.89476983
492.05000000,SURVEILLANCEOP5,takeoff,0
495.50000000,BACKGROUND20,landing,4068.30095948
495.55000000,BACKGROUND35,landing,2925.42296433
497.05000000,BACKGROUND61,takeoff,0
503.95000000,BACKGROUND24,landing,4129.20610324
504.05000000,BACKGROUND62,takeoff,0
510.05000000,SURVEILLANCE_EUROWINGS,landing,11929.16721062
511.05000000,BACKGROUND63,takeoff,0
514.05000000,BACKGROUND15,landing,4546.33780693
518.05000000,BACKGROUND64,takeoff,0
526.05000000,BACKGROUND65,takeoff,0
527.05000000,SURVEILLANCE_HELICOPTER,takeoff,0
529.55000000,BACKGROUND11,landing,6095.95474804
533.05000000,BACKGROUND66,takeoff,0
535.40000000,BACKGROUND43,landing,2651.42182213
540.05000000,BACKGROUND67,takeoff,0
543.55000000,BACKGROUND9,landing,5872.28396341
547.05000000,BACKGROUND68,takeoff,0
554.05000000,BACKGROUND69,takeoff,0
562.05000000,BACKGROUND70,takeoff,0
565.25000000,BACKGROUND39,landing,3869.85070280
566.50000000,BACKGROUND19,landing,4898.92927775
566.80000000,BACKGROUND41,landing,3332.23368339
569.05000000,BACKGROUND71,takeoff,0
569.15000000,BACKGROUND51,landing,1849.38130530
571.60000000,BACKGROUND28,landing,4254.83000774
576.05000000,BACKGROUND72,takeoff,0
583.05000000,BACKGROUND73,takeoff,0
584.70000000,BACKGROUND30,landing,5150.34206441
590.05000000,BACKGROUND74,takeoff,0
598.05000000,BACKGROUND75,takeoff,0
605.05000000,BACKGROUND76,takeoff,0
605.85000000,BACKGROUND33,landing,4685.57892736
612.05000000,BACKGROUND77,takeoff,0
614.65000000,BACKGROUND40,landing,4006.48552776
616.30000000,BACKGROUND23,landing,4814.20067128
617.05000000,BACKGROUND14,landing,6691.34242001
619.05000000,BACKGROUND78,takeoff,0
622.05000000,BACKGROUND46,landing,2477.35391799
626.05000000,BACKGROUND79,takeoff,0
632.05000000,BACKGROUND47,landing,2513.97332203
634.05000000,BACKGROUND80,takeoff,0
637.85000000,BACKGROUND44,landing,3728.61887489
639.85000000,BACKGROUND37,landing,3165.85204351
641.05000000,BACKGROUND81,takeoff,0
655.05000000,BACKGROUND82,takeoff,0
662.05000000,BACKGROUND83,takeoff,0
662.05000000,BACKGROUND49,landing,3402.77832932
670.05000000,BACKGROUND84,takeoff,0
677.05000000,BACKGROUND85,takeoff,0
684.05000000,BACKGROUND86,takeoff,0
691.05000000,BACKGROUND87,takeoff,0
691.35000000,SURVEILLANCE_HELICOPTER,landing,8884.55679107
698.05000000,BACKGROUND88,takeoff,0
701.95000000,BACKGROUND61,landing,1664.29756350
702.35000000,BACKGROUND60,landing,3242.96918314
702.40000000,BACKGROUND45,landing,1870.88018329
705.05000000,BACKGROUND89,takeoff,0
705.05000000,BACKGROUND48,landing,4382.84956289
708.40000000,BACKGROUND53,landing,3822.64972700
713.05000000,BACKGROUND90,takeoff,0
714.45000000,BACKGROUND79,landing,1286.08750624
720.05000000,BACKGROUND91,takeoff,0
727.05000000,BACKGROUND92,takeoff,0
734.05000000,BACKGROUND93,takeoff,0
735.55000000,BACKGROUND58,landing,4004.38277839
741.05000000,BACKGROUND94,takeoff,0
744.70000000,BACKGROUND52,landing,4608.96137462
756.05000000,BACKGROUND95,takeoff,0
763.05000000,BACKGROUND96,takeoff,0
770.05000000,BACKGROUND97,takeoff,0
782.65000000,BACKGROUND67,landing,2520.91767042
785.05000000,BACKGROUND98,takeoff,0
788.30000000,BACKGROUND54,landing,4982.63095301
792.05000000,BACKGROUND99,takeoff,0
792.80000000,BACKGROUND50,landing,5617.62251299
797.45000000,BACKGROUND69,landing,3021.00187115
799.05000000,BACKGROUND100,takeoff,0
801.30000000,BACKGROUND75,landing,3005.76761476
806.05000000,BACKGROUND101,takeoff,0
806.85000000,BACKGROUND66,landing,4685.53496939
813.05000000,BACKGROUND102,takeoff,0
813.45000000,BACKGROUND65,landing,4190.74281441
820.65000000,BACKGROUND55,landing,4105.41628705
821.05000000,BACKGROUND103,takeoff,0
835.05000000,BACKGROUND104,takeoff,0
836.60000000,BACKGROUND63,landing,3482.93747652
837.35000000,SURVEILLANCEOP2,landing,6208.56061897
842.05000000,BACKGROUND105,takeoff,0
843.35000000,BACKGROUND57,landing,3607.41967091
846.20000000,BACKGROUND59,landing,4036.13400186
847.35000000,BACKGROUND84,landing,2534.29025535
849.05000000,BACKGROUND106,takeoff,0
849.30000000,BACKGROUND78,landing,3184.08884871
856.55000000,BACKGROUND94,landing,1580.75493795
858.45000000,BACKGROUND62,landing,5668.24635031
861.25000000,BACKGROUND86,landing,2719.03503050
864.05000000,BACKGROUND107,takeoff,0
866.55000000,BACKGROUND74,landing,2177.79499455
870.85000000,BACKGROUND73,landing,3718.69477820
871.05000000,BACKGROUND108,takeoff,0
873.15000000,BACKGROUND76,landing,3068.94194216
875.95000000,BACKGROUND71,landing,4902.78541106
878.05000000,BACKGROUND109,takeoff,0
881.15000000,BACKGROUND81,landing,2761.80359565
884.00000000,BACKGROUND88,landing,2462.20797893
884.50000000,BACKGROUND85,landing,2179.10644138
886.75000000,BACKGROUND83,landing,3418.65167280
889.05000000,BACKGROUND91,landing,2226.71429382
900.05000000,BACKGROUND110,takeoff,0
907.05000000,BACKGROUND111,takeoff,0
911.85000000,BACKGROUND72,landing,4764.63479060
912.35000000,BACKGROUND70,landing,5047.90124581
914.05000000,BACKGROUND112,takeoff,0
916.35000000,BACKGROUND56,landing,4918.25075074
917.05000000,BACKGROUND68,landing,3585.09531359
921.05000000,BACKGROUND113,takeoff,0
921.50000000,SURVEILLANCEOP4,landing,6465.66180655
923.85000000,BACKGROUND87,landing,3702.63010954
928.05000000,BACKGROUND114,takeoff,0
929.65000000,BACKGROUND80,landing,3328.41657111
932.30000000,BACKGROUND82,landing,3413.49301860
936.05000000,BACKGROUND115,takeoff,0
942.55000000,BACKGROUND92,landing,2269.58831342
943.05000000,BACKGROUND116,takeoff,0
954.65000000,BACKGROUND98,landing,2146.69800732
957.05000000,BACKGROUND117,takeoff,0
964.05000000,BACKGROUND118,takeoff,0
970.00000000,BACKGROUND64,landing,3572.87344981
972.05000000,BACKGROUND119,takeoff,0
979.05000000,BACKGROUND120,takeoff,0
986.05000000,BACKGROUND121,takeoff,0
987.45000000,BACKGROUND99,landing,1908.98522403
990.85000000,BACKGROUND96,landing,3285.69086377
992.75000000,BACKGROUND93,landing,3489.46389613
993.05000000,BACKGROUND122,takeoff,0
1000.05000000,BACKGROUND123,takeoff,0
1008.05000000,BACKGROUND124,takeoff,0
1015.05000000,BACKGROUND125,takeoff,0
1018.10000000,BACKGROUND97,landing,4510.60519586
1024.70000000,SURVEILLANCEOP3,landing,8147.94603720
1027.50000000,BACKGROUND90,landing,2835.75436528
1029.05000000,BACKGROUND126,takeoff,0
1036.05000000,BACKGROUND127,takeoff,0
1036.55000000,BACKGROUND106,landing,2355.02540172
1044.05000000,BACKGROUND128,takeoff,0
1044.90000000,BACKGROUND105,landing,2758.18344256
1051.05000000,BACKGROUND129,takeoff,0
1054.45000000,BACKGROUND101,landing,2916.07604494
1058.05000000,BACKGROUND130,takeoff,0
1065.05000000,BACKGROUND131,takeoff,0
1072.05000000,BACKGROUND132,takeoff,0
1080.05000000,BACKGROUND133,takeoff,0
1094.05000000,BACKGROUND134,takeoff,0
1097.20000000,BACKGROUND109,landing,3134.03503622
1101.05000000,BACKGROUND135,takeoff,0
1104.85000000,BACKGROUND102,landing,4750.81812363
1108.05000000,BACKGROUND136,takeoff,0
1116.05000000,BACKGROUND137,takeoff,0
1123.05000000,BACKGROUND138,takeoff,0
1130.05000000,BACKGROUND139,takeoff,0
1132.25000000,BACKGROUND112,landing,2717.89224908
1137.05000000,BACKGROUND140,takeoff,0
1144.05000000,BACKGROUND141,takeoff,0
1145.80000000,BACKGROUND104,landing,5160.80073203
1151.05000000,BACKGROUND142,takeoff,0
1159.05000000,BACKGROUND143,takeoff,0
1166.05000000,BACKGROUND144,takeoff,0
1172.85000000,BACKGROUND107,landing,4649.22064723
1173.05000000,BACKGROUND145,takeoff,0
1180.05000000,BACKGROUND146,takeoff,0
1180.30000000,BACKGROUND100,landing,4350.75565448
1182.20000000,BACKGROUND95,landing,4769.28463747
1187.05000000,BACKGROUND147,takeoff,0
1194.00000000,BACKGROUND117,landing,3308.30400840
1195.05000000,BACKGROUND148,takeoff,0
1202.05000000,BACKGROUND149,takeoff,0
1202.40000000,SURVEILLANCEOP5,landing,6974.60771387
1203.45000000,BACKGROUND119,landing,3365.82896047
1220.90000000,BACKGROUND125,landing,2345.34299002
1223.05000000,BACKGROUND150,takeoff,0
1223.45000000,BACKGROUND116,landing,3255.39057351
1227.20000000,BACKGROUND89,landing,3809.73999192
1231.05000000,BACKGROUND151,takeoff,0
1238.05000000,BACKGROUND152,takeoff,0
1238.55000000,BACKGROUND108,landing,3958.83267689
1242.45000000,BACKGROUND132,landing,1975.10446495
1245.05000000,BACKGROUND153,takeoff,0
1250.00000000,BACKGROUND110,landing,4979.94345004
1252.05000000,BACKGROUND154,takeoff,0
1255.65000000,BACKGROUND130,landing,2468.24253986
1257.50000000,BACKGROUND137,landing,1550.71799499
1259.05000000,BACKGROUND155,takeoff,0
1260.95000000,BACKGROUND126,landing,3138.18130641
1261.70000000,BACKGROUND103,landing,4255.62998640
1266.35000000,BACKGROUND129,landing,2496.56215551
1267.05000000,BACKGROUND156,takeoff,0
1274.05000000,BACKGROUND157,takeoff,0
1274.05000000,BACKGROUND143,landing,1585.12460138
1277.95000000,BACKGROUND139,landing,2048.50792862
1281.05000000,BACKGROUND158,takeoff,0
1281.95000000,BACKGROUND128,landing,3462.77214751
1288.05000000,BACKGROUND159,takeoff,0
1290.00000000,BACKGROUND118,landing,4617.06126715
1295.05000000,BACKGROUND160,takeoff,0
1296.80000000,BACKGROUND123,landing,4955.38054681
1303.05000000,BACKGROUND161,takeoff,0
1310.05000000,BACKGROUND162,takeoff,0
1310.55000000,BACKGROUND131,landing,2632.33397034
1317.05000000,BACKGROUND163,takeoff,0
1320.10000000,BACKGROUND136,landing,2033.70447523
1324.05000000,BACKGROUND164,takeoff,0
1326.00000000,BACKGROUND42,landing,5170.37297002
1331.05000000,BACKGROUND165,takeoff,0
1339.05000000,BACKGROUND166,takeoff,0
1346.05000000,BACKGROUND167,takeoff,0
1347.30000000,BACKGROUND158,landing,1140.06750000
1353.05000000,BACKGROUND168,takeoff,0
1360.05000000,BACKGROUND169,takeoff,0
1367.05000000,BACKGROUND170,takeoff,0
1368.05000000,BACKGROUND113,landing,6466.76382753
1373.40000000,BACKGROUND111,landing,5478.56544124
1374.05000000,BACKGROUND171,takeoff,0
1378.90000000,BACKGROUND133,landing,4564.87866081
1382.05000000,BACKGROUND172,takeoff,0
1389.05000000,BACKGROUND173,takeoff,0
1390.20000000,BACKGROUND121,landing,3610.46181648
1393.10000000,BACKGROUND114,landing,3965.20771965
1396.05000000,BACKGROUND174,takeoff,0
1397.90000000,BACKGROUND77,landing,4194.15135787
1400.55000000,BACKGROUND120,landing,5994.64846345
1403.05000000,BACKGROUND175,takeoff,0
1409.80000000,BACKGROUND142,landing,2116.13337631
1410.05000000,BACKGROUND176,takeoff,0
1412.30000000,BACKGROUND146,landing,2717.25730010
1418.05000000,BACKGROUND177,takeoff,0
1421.05000000,BACKGROUND151,landing,2606.78956656
1425.05000000,BACKGROUND178,takeoff,0
1429.60000000,BACKGROUND122,landing,4603.56202141
1432.05000000,BACKGROUND179,takeoff,0
1439.05000000,BACKGROUND180,takeoff,0
1444.90000000,BACKGROUND169,landing,1042.21267747
1446.05000000,BACKGROUND181,takeoff,0
1448.65000000,BACKGROUND141,landing,2588.78762369
1454.05000000,BACKGROUND182,takeoff,0
1461.05000000,BACKGROUND183,takeoff,0
1468.05000000,BACKGROUND184,takeoff,0
1472.60000000,BACKGROUND135,landing,5726.14515030
1475.05000000,BACKGROUND185,takeoff,0
1476.10000000,BACKGROUND163,landing,1871.51857980
1482.05000000,BACKGROUND186,takeoff,0
1483.80000000,BACKGROUND138,landing,5682.38669117
1487.90000000,BACKGROUND155,landing,3055.32807183
1488.40000000,BACKGROUND160,landing,1962.07331396
1490.05000000,BACKGROUND187,takeoff,0
1493.70000000,BACKGROUND154,landing,1987.15035175
1497.05000000,BACKGROUND188,takeoff,0
1498.80000000,BACKGROUND153,landing,2866.87363234
1500.00000000,BACKGROUND147,landing,4382.02662387
1504.05000000,BACKGROUND189,takeoff,0
1509.10000000,BACKGROUND140,landing,4748.98812620
1518.05000000,BACKGROUND190,takeoff,0
1526.05000000,BACKGROUND191,takeoff,0
1530.30000000,BACKGROUND134,landing,5309.81936116
1533.05000000,BACKGROUND192,takeoff,0
1535.15000000,BACKGROUND161,landing,3858.04437592
1540.05000000,BACKGROUND193,takeoff,0
1541.45000000,BACKGROUND165,landing,2751.88945031
1547.05000000,BACKGROUND194,takeoff,0
1554.05000000,BACKGROUND195,takeoff,0
1560.80000000,BACKGROUND156,landing,4505.24531209
1562.05000000,BACKGROUND196,takeoff,0
1565.75000000,BACKGROUND144,landing,5701.86176266
1566.95000000,BACKGROUND168,landing,1955.84711065
1569.05000000,BACKGROUND197,takeoff,0
1570.75000000,BACKGROUND149,landing,1768.77099965
1576.05000000,BACKGROUND198,takeoff,0
1583.05000000,BACKGROUND199,takeoff,0
1588.05000000,BACKGROUND167,landing,3002.36558952
1590.05000000,BACKGROUND200,takeoff,0
1597.05000000,BACKGROUND201,takeoff,0
1605.05000000,BACKGROUND202,takeoff,0
1605.90000000,BACKGROUND31,landing,6225.81726906
1626.05000000,BACKGROUND203,takeoff,0
1633.05000000,BACKGROUND204,takeoff,0
1634.40000000,BACKGROUND152,landing,4747.42791234
1639.20000000,BACKGROUND159,landing,4221.03770862
1641.05000000,BACKGROUND205,takeoff,0
1652.95000000,BACKGROUND174,landing,2835.71065397
1655.05000000,BACKGROUND206,takeoff,0
1658.95000000,BACKGROUND162,landing,2962.91909012
1659.95000000,BACKGROUND176,landing,3667.99454694
1662.05000000,BACKGROUND207,takeoff,0
1669.05000000,BACKGROUND208,takeoff,0
1673.50000000,BACKGROUND182,landing,2446.43431051
1677.05000000,BACKGROUND209,takeoff,0
1684.05000000,BACKGROUND210,takeoff,0
1687.70000000,BACKGROUND172,landing,3643.79954262
1688.95000000,BACKGROUND171,landing,4159.07881781
1689.95000000,BACKGROUND189,landing,2162.90973937
1691.05000000,BACKGROUND211,takeoff,0
1694.40000000,BACKGROUND186,landing,2919.76938347
1698.05000000,BACKGROUND212,takeoff,0
1705.05000000,BACKGROUND213,takeoff,0
1713.05000000,BACKGROUND192,landing,2715.32047308
1720.05000000,BACKGROUND214,takeoff,0
1724.20000000,BACKGROUND115,landing,5506.52260375
1727.05000000,BACKGROUND215,takeoff,0
1727.10000000,BACKGROUND187,landing,3552.96335643
1731.20000000,BACKGROUND193,landing,2629.30656061
1734.05000000,BACKGROUND216,takeoff,0
1734.05000000,BACKGROUND202,landing,1636.31245887
1736.25000000,BACKGROUND196,landing,2244.58409666
1741.05000000,BACKGROUND217,takeoff,0
1748.40000000,BACKGROUND178,landing,3655.54237617
1749.05000000,BACKGROUND218,takeoff,0
1756.05000000,BACKGROUND219,takeoff,0
1763.05000000,BACKGROUND220,takeoff,0
1770.05000000,BACKGROUND221,takeoff,0
1773.00000000,BACKGROUND184,landing,4034.82628266
1776.25000000,BACKGROUND166,landing,5623.02787063
1777.05000000,BACKGROUND222,takeoff,0
1785.05000000,BACKGROUND223,takeoff,0
1792.05000000,BACKGROUND224,takeoff,0
1797.60000000,BACKGROUND208,landing,1373.05007340
1799.05000000,BACKGROUND225,takeoff,0
