# CONFLICTS LOG
# Start and end of all conflicts
# 
# Simulation Time [s], UAS1, UAS2, Start/End
# simt
552.00000000,BACKGROUND19,BACKGROUND3,start
559.00000000,BACKGROUND19,BACKGROUND3,end
962.00000000,DELIVERY2,DELIVERY5,start
964.00000000,DELIVERY2,DELIVERY5,end
965.00000000,DELIVERY2,DELIVERY5,start
966.00000000,DELIVERY2,DELIVERY5,end
967.00000000,DELIVERY2,DELIVERY5,start
968.00000000,DELIVERY2,DELIVERY5,end
1039.00000000,BACKGROUND46,BACKGROUND55,start
1045.00000000,BACKGROUND46,BACKGROUND55,end
1068.00000000,DELIVERY3,DELIVERY5,start
1113.00000000,DELIVERY3,DELIVERY5,end
1116.00000000,DELIVERY3,DELIVERY5,start
1119.00000000,DELIVERY3,DELIVERY5,end
1300.00000000,DELIVERY4,DELIVERY5,start
1313.00000000,DELIVERY4,DELIVERY5,end
1363.00000000,BACKGROUND49,BACKGROUND59,start
1364.00000000,BACKGROUND49,BACKGROUND59,end
1501.00000000,DELIVERY11,DELIVERY9,start
1504.00000000,DELIVERY11,DELIVERY9,end
1584.00000000,DELIVERY11,DELIVERY4,start
1588.00000000,DELIVERY11,DELIVERY4,end
1650.00000000,DELIVERY8,DELIVERY9,start
1658.00000000,DELIVERY11,DELIVERY7,start
1658.00000000,DELIVERY8,DELIVERY9,end
1664.00000000,DELIVERY11,DELIVERY7,end
1667.00000000,DELIVERY11,DELIVERY7,start
1670.00000000,DELIVERY11,DELIVERY7,end
1691.00000000,DELIVERY11,DELIVERY9,start
1696.00000000,DELIVERY11,DELIVERY9,end
1700.00000000,DELIVERY11,DELIVERY9,start
1709.00000000,DELIVERY7,DELIVERY9,start
1710.00000000,DELIVERY11,DELIVERY9,end
1710.00000000,DELIVERY7,DELIVERY9,end
1738.00000000,BACKGROUND66,DELIVERY8,start
1747.00000000,DELIVERY11,DELIVERY7,start
1748.00000000,BACKGROUND66,DELIVERY8,end
1752.00000000,BACKGROUND85,BACKGROUND87,start
1753.00000000,BACKGROUND85,BACKGROUND87,end
1767.00000000,DELIVERY11,DELIVERY7,end
1768.00000000,BACKGROUND66,DELIVERY8,start
1770.00000000,DELIVERY11,DELIVERY7,start
1773.00000000,BACKGROUND31,BACKGROUND72,start
1773.00000000,DELIVERY11,DELIVERY7,end
1775.00000000,BACKGROUND66,DELIVERY8,end
1776.00000000,DELIVERY11,DELIVERY9,start
1779.00000000,BACKGROUND31,BACKGROUND72,end
1780.00000000,DELIVERY11,DELIVERY9,end
1785.00000000,BACKGROUND20,BACKGROUND87,start
1793.00000000,BACKGROUND20,BACKGROUND87,end
1795.00000000,BACKGROUND20,BACKGROUND85,start
1797.00000000,DELIVERY12,DELIVERY7,start
1800.00000000,BACKGROUND66,DELIVERY8,start
1801.00000000,DELIVERY12,DELIVERY7,end
1803.00000000,BACKGROUND20,BACKGROUND85,end
1805.00000000,BACKGROUND66,DELIVERY8,end
1812.00000000,BACKGROUND66,BACKGROUND87,start
1812.00000000,BACKGROUND66,DELIVERY8,start
1812.00000000,BACKGROUND87,DELIVERY8,start
1815.00000000,DELIVERY7,DELIVERY9,start
1816.00000000,BACKGROUND87,DELIVERY8,end
1817.00000000,BACKGROUND66,DELIVERY8,end
1818.00000000,DELIVERY7,DELIVERY9,end
1819.00000000,DELIVERY7,DELIVERY9,start
1819.00000000,BACKGROUND66,BACKGROUND87,end
1820.00000000,DELIVERY7,DELIVERY9,end
1826.00000000,BACKGROUND66,BACKGROUND85,start
1832.00000000,BACKGROUND85,DELIVERY8,start
1832.00000000,BACKGROUND66,BACKGROUND85,end
1839.00000000,BACKGROUND85,DELIVERY8,end
1841.00000000,BACKGROUND66,DELIVERY8,start
1843.00000000,BACKGROUND66,DELIVERY8,end
1870.00000000,DELIVERY13,DELIVERY9,start
1877.00000000,DELIVERY13,DELIVERY9,end
1927.00000000,DELIVERY12,DELIVERY13,start
1934.00000000,DELIVERY12,DELIVERY13,end
1948.00000000,DELIVERY10,DELIVERY13,start
1983.00000000,DELIVERY10,DELIVERY13,end
1986.00000000,DELIVERY10,DELIVERY13,start
1991.00000000,DELIVERY10,DELIVERY13,end
2009.00000000,DELIVERY13,DELIVERY15,start
2010.00000000,BACKGROUND104,DELIVERY10,start
2011.00000000,BACKGROUND104,DELIVERY10,end
2013.00000000,DELIVERY13,DELIVERY15,end
2065.00000000,BACKGROUND96,BACKGROUND97,start
2066.00000000,BACKGROUND96,BACKGROUND97,end
2067.00000000,BACKGROUND96,BACKGROUND97,start
2068.00000000,BACKGROUND96,BACKGROUND97,end
2091.00000000,BACKGROUND104,DELIVERY14,start
2095.00000000,DELIVERY13,DELIVERY15,start
2098.00000000,BACKGROUND104,DELIVERY14,end
2100.00000000,DELIVERY13,DELIVERY15,end
2110.00000000,DELIVERY13,DELIVERY15,start
2111.00000000,DELIVERY13,DELIVERY15,end
2112.00000000,DELIVERY13,DELIVERY15,start
2113.00000000,DELIVERY13,DELIVERY15,end
2334.00000000,DELIVERY15,DELIVERY17,start
2340.00000000,DELIVERY14,DELIVERY16,start
2340.00000000,DELIVERY15,DELIVERY17,end
2352.00000000,DELIVERY14,DELIVERY16,end
2355.00000000,DELIVERY14,DELIVERY16,start
2376.00000000,DELIVERY14,DELIVERY16,end
2382.00000000,DELIVERY14,DELIVERY16,start
2386.00000000,DELIVERY14,DELIVERY16,end
2389.00000000,BACKGROUND106,BACKGROUND111,start
2394.00000000,BACKGROUND106,BACKGROUND111,end
2407.00000000,BACKGROUND106,BACKGROUND111,start
2410.00000000,BACKGROUND106,BACKGROUND111,end
2459.00000000,BACKGROUND106,BACKGROUND118,start
2463.00000000,DELIVERY16,DELIVERY18,start
2465.00000000,BACKGROUND106,BACKGROUND118,end
2470.00000000,DELIVERY16,DELIVERY18,end
2488.00000000,BACKGROUND100,BACKGROUND92,start
2490.00000000,BACKGROUND100,BACKGROUND92,end
2493.00000000,BACKGROUND100,BACKGROUND92,start
2499.00000000,BACKGROUND100,BACKGROUND92,end
2529.00000000,DELIVERY17,DELIVERY18,start
2534.00000000,DELIVERY17,DELIVERY18,end
2538.00000000,DELIVERY17,DELIVERY18,start
2557.00000000,BACKGROUND100,BACKGROUND107,start
2557.00000000,DELIVERY17,DELIVERY18,end
2558.00000000,BACKGROUND100,BACKGROUND107,end
2596.00000000,BACKGROUND108,BACKGROUND122,start
2603.00000000,BACKGROUND108,BACKGROUND122,end
2649.00000000,BACKGROUND122,BACKGROUND126,start
2663.00000000,BACKGROUND122,BACKGROUND126,end
2701.00000000,DELIVERY20,DELIVERY23,start
2704.00000000,DELIVERY20,DELIVERY23,end
2847.00000000,DELIVERY20,DELIVERY21,start
2850.00000000,DELIVERY17,DELIVERY24,start
2857.00000000,DELIVERY17,DELIVERY24,end
2862.00000000,DELIVERY18,DELIVERY19,start
2862.00000000,DELIVERY20,DELIVERY21,end
2869.00000000,DELIVERY18,DELIVERY19,end
3082.00000000,DELIVERY19,DELIVERY23,start
3094.00000000,DELIVERY19,DELIVERY24,start
3112.00000000,DELIVERY19,DELIVERY23,end
3143.00000000,DELIVERY19,DELIVERY24,end
3146.00000000,DELIVERY19,DELIVERY24,start
3149.00000000,DELIVERY19,DELIVERY24,end
3152.00000000,DELIVERY19,DELIVERY24,start
3153.00000000,DELIVERY19,DELIVERY24,end
3169.00000000,BACKGROUND137,BACKGROUND156,start
3175.00000000,BACKGROUND137,BACKGROUND156,end
3184.00000000,DELIVERY19,DELIVERY23,start
3185.00000000,DELIVERY19,DELIVERY23,end
3195.00000000,DELIVERY19,DELIVERY27,start
3204.00000000,DELIVERY19,DELIVERY27,end
3214.00000000,BACKGROUND153,DELIVERY22,start
3219.00000000,BACKGROUND153,DELIVERY22,end
3265.00000000,BACKGROUND156,DELIVERY22,start
3267.00000000,BACKGROUND134,DELIVERY23,start
3269.00000000,BACKGROUND134,DELIVERY23,end
3270.00000000,BACKGROUND156,DELIVERY22,end
3301.00000000,DELIVERY26,DELIVERY28,start
3312.00000000,BACKGROUND156,DELIVERY29,start
3313.00000000,BACKGROUND156,DELIVERY29,end
3386.00000000,DELIVERY26,DELIVERY28,end
3394.00000000,DELIVERY26,DELIVERY28,start
3502.00000000,DELIVERY25,DELIVERY29,start
3509.00000000,DELIVERY25,DELIVERY29,end
3525.00000000,BACKGROUND164,BACKGROUND185,start
3526.00000000,BACKGROUND164,BACKGROUND185,end
3531.00000000,BACKGROUND164,BACKGROUND185,start
3540.00000000,BACKGROUND164,BACKGROUND185,end
3547.00000000,DELIVERY26,DELIVERY28,end
3553.00000000,DELIVERY26,DELIVERY28,start
3558.00000000,DELIVERY22,DELIVERY25,start
3559.00000000,DELIVERY22,DELIVERY25,end
3575.00000000,DELIVERY22,DELIVERY25,start
3582.00000000,DELIVERY22,DELIVERY25,end
3591.00000000,DELIVERY22,DELIVERY25,start
3593.00000000,DELIVERY25,DELIVERY29,start
3593.00000000,DELIVERY22,DELIVERY29,start
3596.00000000,DELIVERY22,DELIVERY25,end
3601.00000000,DELIVERY27,DELIVERY31,start
