# CLOSEST POINT OF APPROACH LOG
# Shortest distance between 2 UAS during their conflict
# 
# Simulation Time [s], UAS1, UAS2, Distance [m]
# simt
558.00000000,BACKGROUND19,BACKGROUND3,0.13476370
1042.00000000,BACKGROUND46,BACKGROUND55,1.88896567
1043.00000000,BACKGROUND46,BACKGROUND55,3.30910367
1094.00000000,DELIVERY3,DELIVERY5,0.36450836
1096.00000000,DELIVERY3,DELIVERY5,1.62198919
1097.00000000,DELIVERY3,DELIVERY5,1.62198919
1098.00000000,DELIVERY3,DELIVERY5,1.62198919
1099.00000000,DELIVERY3,DELIVERY5,1.62198919
1100.00000000,DELIVERY3,DELIVERY5,1.62198919
1101.00000000,DELIVERY3,DELIVERY5,1.62198919
1102.00000000,DELIVERY3,DELIVERY5,1.62198919
1103.00000000,DELIVERY3,DELIVERY5,1.62198919
1104.00000000,DELIVERY3,DELIVERY5,1.62198919
1105.00000000,DELIVERY3,DELIVERY5,1.62198919
1106.00000000,DELIVERY3,DELIVERY5,1.62198919
1107.00000000,DELIVERY3,DELIVERY5,1.62198919
1108.00000000,DELIVERY3,DELIVERY5,1.62198919
1109.00000000,DELIVERY3,DELIVERY5,1.62198919
1110.00000000,DELIVERY3,DELIVERY5,1.62198919
1111.00000000,DELIVERY3,DELIVERY5,1.62198919
1112.00000000,DELIVERY3,DELIVERY5,1.62198919
1117.00000000,DELIVERY3,DELIVERY5,0.71249457
1118.00000000,DELIVERY3,DELIVERY5,0.65245973
1311.00000000,DELIVERY4,DELIVERY5,0.07436386
1501.00000000,DELIVERY11,DELIVERY9,0.01165658
1502.00000000,DELIVERY11,DELIVERY9,0.39866822
1656.00000000,DELIVERY8,DELIVERY9,0.27646539
1661.00000000,DELIVERY11,DELIVERY7,0.22472206
1669.00000000,DELIVERY11,DELIVERY7,2.94399274
1747.00000000,BACKGROUND66,DELIVERY8,5.45646788
1755.00000000,DELIVERY11,DELIVERY7,0.02720747
1756.00000000,DELIVERY11,DELIVERY7,0.02720747
1757.00000000,DELIVERY11,DELIVERY7,0.02720747
1758.00000000,DELIVERY11,DELIVERY7,0.02720747
1759.00000000,DELIVERY11,DELIVERY7,0.02720747
1760.00000000,DELIVERY11,DELIVERY7,0.02720747
1761.00000000,DELIVERY11,DELIVERY7,0.02720747
1762.00000000,DELIVERY11,DELIVERY7,0.02720747
1763.00000000,DELIVERY11,DELIVERY7,0.02720747
1764.00000000,DELIVERY11,DELIVERY7,0.02720747
1765.00000000,DELIVERY11,DELIVERY7,0.02720747
1766.00000000,DELIVERY11,DELIVERY7,0.02720747
1771.00000000,DELIVERY11,DELIVERY7,0.73318175
1772.00000000,DELIVERY11,DELIVERY7,0.84135628
1774.00000000,BACKGROUND66,DELIVERY8,0.03291459
1778.00000000,BACKGROUND31,BACKGROUND72,0.00014331
1779.00000000,DELIVERY11,DELIVERY9,1.64597152
1792.00000000,BACKGROUND20,BACKGROUND87,0.00096154
1801.00000000,BACKGROUND20,BACKGROUND85,0.00365926
1816.00000000,BACKGROUND66,DELIVERY8,1.43169155
1818.00000000,BACKGROUND66,BACKGROUND87,0.13579508
1819.00000000,DELIVERY7,DELIVERY9,10.93442803
1831.00000000,BACKGROUND66,BACKGROUND85,0.00074755
1837.00000000,BACKGROUND85,DELIVERY8,0.01041877
1982.00000000,DELIVERY10,DELIVERY13,0.36423499
1987.00000000,DELIVERY10,DELIVERY13,0.75962107
2097.00000000,BACKGROUND104,DELIVERY14,2.16499024
2099.00000000,DELIVERY13,DELIVERY15,0.90882459
2112.00000000,DELIVERY13,DELIVERY15,10.02808400
2339.00000000,DELIVERY15,DELIVERY17,0.02042416
2346.00000000,DELIVERY14,DELIVERY16,0.05005281
2347.00000000,DELIVERY14,DELIVERY16,0.05005281
2348.00000000,DELIVERY14,DELIVERY16,0.05005281
2349.00000000,DELIVERY14,DELIVERY16,0.05005281
2350.00000000,DELIVERY14,DELIVERY16,0.05005281
2351.00000000,DELIVERY14,DELIVERY16,0.05005281
2385.00000000,DELIVERY14,DELIVERY16,0.02861765
2469.00000000,DELIVERY16,DELIVERY18,0.01750855
2498.00000000,BACKGROUND100,BACKGROUND92,0.57124288
2602.00000000,BACKGROUND108,BACKGROUND122,0.53509323
2661.00000000,BACKGROUND122,BACKGROUND126,0.33483164
2701.00000000,DELIVERY20,DELIVERY23,0.01165658
2702.00000000,DELIVERY20,DELIVERY23,0.39866822
2856.00000000,DELIVERY20,DELIVERY21,0.32655802
2856.00000000,DELIVERY17,DELIVERY24,0.00443432
2868.00000000,DELIVERY18,DELIVERY19,0.00181711
3100.00000000,DELIVERY19,DELIVERY23,0.22263836
3118.00000000,DELIVERY19,DELIVERY24,0.19420795
3119.00000000,DELIVERY19,DELIVERY24,1.72526875
3120.00000000,DELIVERY19,DELIVERY24,1.72526875
3121.00000000,DELIVERY19,DELIVERY24,1.72526875
3122.00000000,DELIVERY19,DELIVERY24,1.72526875
3123.00000000,DELIVERY19,DELIVERY24,1.72526875
3124.00000000,DELIVERY19,DELIVERY24,1.72526875
3125.00000000,DELIVERY19,DELIVERY24,1.72526875
3126.00000000,DELIVERY19,DELIVERY24,1.72526875
3127.00000000,DELIVERY19,DELIVERY24,1.72526875
3128.00000000,DELIVERY19,DELIVERY24,1.72526875
3129.00000000,DELIVERY19,DELIVERY24,1.72526875
3130.00000000,DELIVERY19,DELIVERY24,1.72526875
3131.00000000,DELIVERY19,DELIVERY24,1.72526875
3132.00000000,DELIVERY19,DELIVERY24,1.72526875
3133.00000000,DELIVERY19,DELIVERY24,1.72526875
3134.00000000,DELIVERY19,DELIVERY24,1.72526875
3135.00000000,DELIVERY19,DELIVERY24,1.72526875
3136.00000000,DELIVERY19,DELIVERY24,1.72526875
3137.00000000,DELIVERY19,DELIVERY24,1.72526875
3138.00000000,DELIVERY19,DELIVERY24,1.72526875
3139.00000000,DELIVERY19,DELIVERY24,1.72526875
3140.00000000,DELIVERY19,DELIVERY24,1.72526875
3141.00000000,DELIVERY19,DELIVERY24,1.72526875
3142.00000000,DELIVERY19,DELIVERY24,1.72526875
3147.00000000,DELIVERY19,DELIVERY24,0.69145855
3173.00000000,BACKGROUND137,BACKGROUND156,0.01378049
3195.00000000,DELIVERY19,DELIVERY27,1.76661206
3196.00000000,DELIVERY19,DELIVERY27,1.76661206
3197.00000000,DELIVERY19,DELIVERY27,1.76661206
3198.00000000,DELIVERY19,DELIVERY27,1.76661206
3199.00000000,DELIVERY19,DELIVERY27,1.76661206
3200.00000000,DELIVERY19,DELIVERY27,1.76661206
3201.00000000,DELIVERY19,DELIVERY27,1.76661206
3202.00000000,DELIVERY19,DELIVERY27,1.76661206
3203.00000000,DELIVERY19,DELIVERY27,1.76661206
3218.00000000,BACKGROUND153,DELIVERY22,1.85780880
3301.00000000,DELIVERY26,DELIVERY28,0.00000000
3302.00000000,DELIVERY26,DELIVERY28,0.00000000
3303.00000000,DELIVERY26,DELIVERY28,0.00000000
3304.00000000,DELIVERY26,DELIVERY28,0.00000000
3305.00000000,DELIVERY26,DELIVERY28,0.00000000
3306.00000000,DELIVERY26,DELIVERY28,0.00000000
3307.00000000,DELIVERY26,DELIVERY28,0.00000000
3308.00000000,DELIVERY26,DELIVERY28,0.00000000
3309.00000000,DELIVERY26,DELIVERY28,0.00000000
3310.00000000,DELIVERY26,DELIVERY28,0.00000000
3311.00000000,DELIVERY26,DELIVERY28,0.00000000
3312.00000000,DELIVERY26,DELIVERY28,0.00000000
3313.00000000,DELIVERY26,DELIVERY28,0.00000000
3314.00000000,DELIVERY26,DELIVERY28,0.00000000
3315.00000000,DELIVERY26,DELIVERY28,0.00000000
3316.00000000,DELIVERY26,DELIVERY28,0.00000000
3317.00000000,DELIVERY26,DELIVERY28,0.00000000
3318.00000000,DELIVERY26,DELIVERY28,0.00000000
3319.00000000,DELIVERY26,DELIVERY28,0.00000000
3320.00000000,DELIVERY26,DELIVERY28,0.00000000
3321.00000000,DELIVERY26,DELIVERY28,0.00000000
3322.00000000,DELIVERY26,DELIVERY28,0.00000000
3323.00000000,DELIVERY26,DELIVERY28,0.00000000
3324.00000000,DELIVERY26,DELIVERY28,0.00000000
3325.00000000,DELIVERY26,DELIVERY28,0.00000000
3326.00000000,DELIVERY26,DELIVERY28,0.00000000
3327.00000000,DELIVERY26,DELIVERY28,0.00000000
3328.00000000,DELIVERY26,DELIVERY28,0.00000000
3329.00000000,DELIVERY26,DELIVERY28,0.00000000
3330.00000000,DELIVERY26,DELIVERY28,0.00000000
3331.00000000,DELIVERY26,DELIVERY28,0.00000000
3332.00000000,DELIVERY26,DELIVERY28,0.00000000
3333.00000000,DELIVERY26,DELIVERY28,0.00000000
3334.00000000,DELIVERY26,DELIVERY28,0.00000000
3335.00000000,DELIVERY26,DELIVERY28,0.00000000
3336.00000000,DELIVERY26,DELIVERY28,0.00000000
3337.00000000,DELIVERY26,DELIVERY28,0.00000000
3338.00000000,DELIVERY26,DELIVERY28,0.00000000
3339.00000000,DELIVERY26,DELIVERY28,0.00000000
3340.00000000,DELIVERY26,DELIVERY28,0.00000000
3341.00000000,DELIVERY26,DELIVERY28,0.00000000
3342.00000000,DELIVERY26,DELIVERY28,0.00000000
3343.00000000,DELIVERY26,DELIVERY28,0.00000000
3344.00000000,DELIVERY26,DELIVERY28,0.00000000
3345.00000000,DELIVERY26,DELIVERY28,0.00000000
3346.00000000,DELIVERY26,DELIVERY28,0.00000000
3347.00000000,DELIVERY26,DELIVERY28,0.00000000
3348.00000000,DELIVERY26,DELIVERY28,0.00000000
3349.00000000,DELIVERY26,DELIVERY28,0.00000000
3350.00000000,DELIVERY26,DELIVERY28,0.00000000
3351.00000000,DELIVERY26,DELIVERY28,0.00000000
3352.00000000,DELIVERY26,DELIVERY28,0.00000000
3353.00000000,DELIVERY26,DELIVERY28,0.00000000
3354.00000000,DELIVERY26,DELIVERY28,0.00000000
3355.00000000,DELIVERY26,DELIVERY28,0.00000000
3356.00000000,DELIVERY26,DELIVERY28,0.00000000
3357.00000000,DELIVERY26,DELIVERY28,0.00000000
3358.00000000,DELIVERY26,DELIVERY28,0.00000000
3359.00000000,DELIVERY26,DELIVERY28,0.00000000
3360.00000000,DELIVERY26,DELIVERY28,0.00000000
3361.00000000,DELIVERY26,DELIVERY28,0.00000000
3362.00000000,DELIVERY26,DELIVERY28,0.00000000
3363.00000000,DELIVERY26,DELIVERY28,0.00000000
3364.00000000,DELIVERY26,DELIVERY28,0.00000000
3365.00000000,DELIVERY26,DELIVERY28,0.00000000
3366.00000000,DELIVERY26,DELIVERY28,0.00000000
3367.00000000,DELIVERY26,DELIVERY28,0.00000000
3368.00000000,DELIVERY26,DELIVERY28,0.00000000
3369.00000000,DELIVERY26,DELIVERY28,0.00000000
3370.00000000,DELIVERY26,DELIVERY28,0.00000000
3371.00000000,DELIVERY26,DELIVERY28,0.00000000
3372.00000000,DELIVERY26,DELIVERY28,0.00000000
3373.00000000,DELIVERY26,DELIVERY28,0.00000000
3374.00000000,DELIVERY26,DELIVERY28,0.00000000
3375.00000000,DELIVERY26,DELIVERY28,0.00000000
3376.00000000,DELIVERY26,DELIVERY28,0.00000000
3377.00000000,DELIVERY26,DELIVERY28,0.00000000
3378.00000000,DELIVERY26,DELIVERY28,0.00000000
3379.00000000,DELIVERY26,DELIVERY28,0.00000000
3380.00000000,DELIVERY26,DELIVERY28,0.00000000
3381.00000000,DELIVERY26,DELIVERY28,0.00000000
3382.00000000,DELIVERY26,DELIVERY28,0.00000000
3383.00000000,DELIVERY26,DELIVERY28,0.00000000
3384.00000000,DELIVERY26,DELIVERY28,0.00000000
3385.00000000,DELIVERY26,DELIVERY28,0.00000000
3394.00000000,DELIVERY26,DELIVERY28,0.00000000
3395.00000000,DELIVERY26,DELIVERY28,0.00000000
3396.00000000,DELIVERY26,DELIVERY28,0.00000000
3397.00000000,DELIVERY26,DELIVERY28,0.00000000
3398.00000000,DELIVERY26,DELIVERY28,0.00000000
3399.00000000,DELIVERY26,DELIVERY28,0.00000000
3400.00000000,DELIVERY26,DELIVERY28,0.00000000
3401.00000000,DELIVERY26,DELIVERY28,0.00000000
3402.00000000,DELIVERY26,DELIVERY28,0.00000000
3403.00000000,DELIVERY26,DELIVERY28,0.00000000
3404.00000000,DELIVERY26,DELIVERY28,0.00000000
3405.00000000,DELIVERY26,DELIVERY28,0.00000000
3406.00000000,DELIVERY26,DELIVERY28,0.00000000
3407.00000000,DELIVERY26,DELIVERY28,0.00000000
3408.00000000,DELIVERY26,DELIVERY28,0.00000000
3409.00000000,DELIVERY26,DELIVERY28,0.00000000
3410.00000000,DELIVERY26,DELIVERY28,0.00000000
3411.00000000,DELIVERY26,DELIVERY28,0.00000000
3412.00000000,DELIVERY26,DELIVERY28,0.00000000
3413.00000000,DELIVERY26,DELIVERY28,0.00000000
3414.00000000,DELIVERY26,DELIVERY28,0.00000000
3415.00000000,DELIVERY26,DELIVERY28,0.00000000
3416.00000000,DELIVERY26,DELIVERY28,0.00000000
3417.00000000,DELIVERY26,DELIVERY28,0.00000000
3418.00000000,DELIVERY26,DELIVERY28,0.00000000
3419.00000000,DELIVERY26,DELIVERY28,0.00000000
3420.00000000,DELIVERY26,DELIVERY28,0.00000000
3421.00000000,DELIVERY26,DELIVERY28,0.00000000
3422.00000000,DELIVERY26,DELIVERY28,0.00000000
3423.00000000,DELIVERY26,DELIVERY28,0.00000000
3424.00000000,DELIVERY26,DELIVERY28,0.00000000
3425.00000000,DELIVERY26,DELIVERY28,0.00000000
3426.00000000,DELIVERY26,DELIVERY28,0.00000000
3427.00000000,DELIVERY26,DELIVERY28,0.00000000
3428.00000000,DELIVERY26,DELIVERY28,0.00000000
3429.00000000,DELIVERY26,DELIVERY28,0.00000000
3430.00000000,DELIVERY26,DELIVERY28,0.00000000
3431.00000000,DELIVERY26,DELIVERY28,0.00000000
3432.00000000,DELIVERY26,DELIVERY28,0.00000000
3433.00000000,DELIVERY26,DELIVERY28,0.00000000
3434.00000000,DELIVERY26,DELIVERY28,0.00000000
3435.00000000,DELIVERY26,DELIVERY28,0.00000000
3436.00000000,DELIVERY26,DELIVERY28,0.00000000
3437.00000000,DELIVERY26,DELIVERY28,0.00000000
3438.00000000,DELIVERY26,DELIVERY28,0.00000000
3439.00000000,DELIVERY26,DELIVERY28,0.00000000
3440.00000000,DELIVERY26,DELIVERY28,0.00000000
3441.00000000,DELIVERY26,DELIVERY28,0.00000000
3442.00000000,DELIVERY26,DELIVERY28,0.00000000
3443.00000000,DELIVERY26,DELIVERY28,0.00000000
3444.00000000,DELIVERY26,DELIVERY28,0.00000000
3445.00000000,DELIVERY26,DELIVERY28,0.00000000
3446.00000000,DELIVERY26,DELIVERY28,0.00000000
3447.00000000,DELIVERY26,DELIVERY28,0.00000000
3448.00000000,DELIVERY26,DELIVERY28,0.00000000
3449.00000000,DELIVERY26,DELIVERY28,0.00000000
3450.00000000,DELIVERY26,DELIVERY28,0.00000000
3451.00000000,DELIVERY26,DELIVERY28,0.00000000
3452.00000000,DELIVERY26,DELIVERY28,0.00000000
3453.00000000,DELIVERY26,DELIVERY28,0.00000000
3454.00000000,DELIVERY26,DELIVERY28,0.00000000
3455.00000000,DELIVERY26,DELIVERY28,0.00000000
3456.00000000,DELIVERY26,DELIVERY28,0.00000000
3457.00000000,DELIVERY26,DELIVERY28,0.00000000
3458.00000000,DELIVERY26,DELIVERY28,0.00000000
3459.00000000,DELIVERY26,DELIVERY28,0.00000000
3460.00000000,DELIVERY26,DELIVERY28,0.00000000
3461.00000000,DELIVERY26,DELIVERY28,0.00000000
3462.00000000,DELIVERY26,DELIVERY28,0.00000000
3463.00000000,DELIVERY26,DELIVERY28,0.00000000
3464.00000000,DELIVERY26,DELIVERY28,0.00000000
3465.00000000,DELIVERY26,DELIVERY28,0.00000000
3466.00000000,DELIVERY26,DELIVERY28,0.00000000
3467.00000000,DELIVERY26,DELIVERY28,0.00000000
3468.00000000,DELIVERY26,DELIVERY28,0.00000000
3469.00000000,DELIVERY26,DELIVERY28,0.00000000
3470.00000000,DELIVERY26,DELIVERY28,0.00000000
3471.00000000,DELIVERY26,DELIVERY28,0.00000000
3472.00000000,DELIVERY26,DELIVERY28,0.00000000
3473.00000000,DELIVERY26,DELIVERY28,0.00000000
3474.00000000,DELIVERY26,DELIVERY28,0.00000000
3475.00000000,DELIVERY26,DELIVERY28,0.00000000
3476.00000000,DELIVERY26,DELIVERY28,0.00000000
3477.00000000,DELIVERY26,DELIVERY28,0.00000000
3478.00000000,DELIVERY26,DELIVERY28,0.00000000
3479.00000000,DELIVERY26,DELIVERY28,0.00000000
3480.00000000,DELIVERY26,DELIVERY28,0.00000000
3481.00000000,DELIVERY26,DELIVERY28,0.00000000
3482.00000000,DELIVERY26,DELIVERY28,0.00000000
3483.00000000,DELIVERY26,DELIVERY28,0.00000000
3484.00000000,DELIVERY26,DELIVERY28,0.00000000
3485.00000000,DELIVERY26,DELIVERY28,0.00000000
3486.00000000,DELIVERY26,DELIVERY28,0.00000000
3487.00000000,DELIVERY26,DELIVERY28,0.00000000
3488.00000000,DELIVERY26,DELIVERY28,0.00000000
3489.00000000,DELIVERY26,DELIVERY28,0.00000000
3490.00000000,DELIVERY26,DELIVERY28,0.00000000
3491.00000000,DELIVERY26,DELIVERY28,0.00000000
3492.00000000,DELIVERY26,DELIVERY28,0.00000000
3493.00000000,DELIVERY26,DELIVERY28,0.00000000
3494.00000000,DELIVERY26,DELIVERY28,0.00000000
3495.00000000,DELIVERY26,DELIVERY28,0.00000000
3496.00000000,DELIVERY26,DELIVERY28,0.00000000
3497.00000000,DELIVERY26,DELIVERY28,0.00000000
3498.00000000,DELIVERY26,DELIVERY28,0.00000000
3499.00000000,DELIVERY26,DELIVERY28,0.00000000
3500.00000000,DELIVERY26,DELIVERY28,0.00000000
3501.00000000,DELIVERY26,DELIVERY28,0.00000000
3502.00000000,DELIVERY26,DELIVERY28,0.00000000
3503.00000000,DELIVERY26,DELIVERY28,0.00000000
3504.00000000,DELIVERY26,DELIVERY28,0.00000000
3505.00000000,DELIVERY26,DELIVERY28,0.00000000
3506.00000000,DELIVERY26,DELIVERY28,0.00000000
3507.00000000,DELIVERY26,DELIVERY28,0.00000000
3508.00000000,DELIVERY26,DELIVERY28,0.00000000
3508.00000000,DELIVERY25,DELIVERY29,19.18729359
3509.00000000,DELIVERY26,DELIVERY28,0.00000000
3510.00000000,DELIVERY26,DELIVERY28,0.00000000
3511.00000000,DELIVERY26,DELIVERY28,0.00000000
3512.00000000,DELIVERY26,DELIVERY28,0.00000000
3513.00000000,DELIVERY26,DELIVERY28,0.00000000
3514.00000000,DELIVERY26,DELIVERY28,0.00000000
3515.00000000,DELIVERY26,DELIVERY28,0.00000000
3516.00000000,DELIVERY26,DELIVERY28,0.00000000
3517.00000000,DELIVERY26,DELIVERY28,0.00000000
3518.00000000,DELIVERY26,DELIVERY28,0.00000000
3519.00000000,DELIVERY26,DELIVERY28,0.00000000
3520.00000000,DELIVERY26,DELIVERY28,0.00000000
3521.00000000,DELIVERY26,DELIVERY28,0.00000000
3522.00000000,DELIVERY26,DELIVERY28,0.00000000
3523.00000000,DELIVERY26,DELIVERY28,0.00000000
3524.00000000,DELIVERY26,DELIVERY28,0.00000000
3525.00000000,DELIVERY26,DELIVERY28,0.00000000
3526.00000000,DELIVERY26,DELIVERY28,0.00000000
3527.00000000,DELIVERY26,DELIVERY28,0.00000000
3528.00000000,DELIVERY26,DELIVERY28,0.00000000
3529.00000000,DELIVERY26,DELIVERY28,0.00000000
3530.00000000,DELIVERY26,DELIVERY28,0.00000000
3531.00000000,DELIVERY26,DELIVERY28,0.00000000
3532.00000000,DELIVERY26,DELIVERY28,0.00000000
3533.00000000,DELIVERY26,DELIVERY28,0.00000000
3534.00000000,DELIVERY26,DELIVERY28,0.00000000
3535.00000000,DELIVERY26,DELIVERY28,0.00000000
3536.00000000,DELIVERY26,DELIVERY28,0.00000000
3537.00000000,DELIVERY26,DELIVERY28,0.00000000
3537.00000000,BACKGROUND164,BACKGROUND185,0.00281211
3538.00000000,DELIVERY26,DELIVERY28,0.00000000
3539.00000000,DELIVERY26,DELIVERY28,0.00000000
3540.00000000,DELIVERY26,DELIVERY28,0.00000000
3541.00000000,DELIVERY26,DELIVERY28,0.00000000
3542.00000000,DELIVERY26,DELIVERY28,0.00000000
3543.00000000,DELIVERY26,DELIVERY28,0.00000000
3544.00000000,DELIVERY26,DELIVERY28,0.00000000
3545.00000000,DELIVERY26,DELIVERY28,0.00000000
3546.00000000,DELIVERY26,DELIVERY28,0.00000000
3553.00000000,DELIVERY26,DELIVERY28,0.00000000
3554.00000000,DELIVERY26,DELIVERY28,0.00000000
3555.00000000,DELIVERY26,DELIVERY28,0.00000000
3556.00000000,DELIVERY26,DELIVERY28,0.00000000
3557.00000000,DELIVERY26,DELIVERY28,0.00000000
3558.00000000,DELIVERY26,DELIVERY28,0.00000000
3559.00000000,DELIVERY26,DELIVERY28,0.00000000
3560.00000000,DELIVERY26,DELIVERY28,0.00000000
3561.00000000,DELIVERY26,DELIVERY28,0.00000000
3562.00000000,DELIVERY26,DELIVERY28,0.00000000
3563.00000000,DELIVERY26,DELIVERY28,0.00000000
3564.00000000,DELIVERY26,DELIVERY28,0.00000000
3565.00000000,DELIVERY26,DELIVERY28,0.00000000
3566.00000000,DELIVERY26,DELIVERY28,0.00000000
3567.00000000,DELIVERY26,DELIVERY28,0.00000000
3568.00000000,DELIVERY26,DELIVERY28,0.00000000
3569.00000000,DELIVERY26,DELIVERY28,0.00000000
3570.00000000,DELIVERY26,DELIVERY28,0.00000000
3571.00000000,DELIVERY26,DELIVERY28,0.00000000
3572.00000000,DELIVERY26,DELIVERY28,0.00000000
3573.00000000,DELIVERY26,DELIVERY28,0.00000000
3574.00000000,DELIVERY26,DELIVERY28,0.00000000
3575.00000000,DELIVERY26,DELIVERY28,0.00000000
3576.00000000,DELIVERY26,DELIVERY28,0.00000000
3577.00000000,DELIVERY26,DELIVERY28,0.00000000
3578.00000000,DELIVERY26,DELIVERY28,0.00000000
3579.00000000,DELIVERY26,DELIVERY28,0.00000000
3580.00000000,DELIVERY26,DELIVERY28,0.00000000
3581.00000000,DELIVERY26,DELIVERY28,0.00000000
3582.00000000,DELIVERY26,DELIVERY28,0.00000000
3583.00000000,DELIVERY26,DELIVERY28,0.00000000
3584.00000000,DELIVERY26,DELIVERY28,0.00000000
3585.00000000,DELIVERY26,DELIVERY28,0.00000000
3586.00000000,DELIVERY26,DELIVERY28,0.00000000
3587.00000000,DELIVERY26,DELIVERY28,0.00000000
3588.00000000,DELIVERY26,DELIVERY28,0.00000000
3589.00000000,DELIVERY26,DELIVERY28,0.00000000
3590.00000000,DELIVERY26,DELIVERY28,0.00000000
3591.00000000,DELIVERY26,DELIVERY28,0.00000000
3592.00000000,DELIVERY26,DELIVERY28,0.00000000
3593.00000000,DELIVERY26,DELIVERY28,0.00000000
3594.00000000,DELIVERY26,DELIVERY28,0.00000000
3595.00000000,DELIVERY26,DELIVERY28,0.00000000
3596.00000000,DELIVERY26,DELIVERY28,0.00000000
3597.00000000,DELIVERY26,DELIVERY28,0.00000000
3598.00000000,DELIVERY26,DELIVERY28,0.00000000
3598.00000000,DELIVERY25,DELIVERY29,0.52665787
3599.00000000,DELIVERY26,DELIVERY28,0.00000000
3600.00000000,DELIVERY26,DELIVERY28,0.00000000
3601.00000000,DELIVERY26,DELIVERY28,0.00000000
