# FLIGHT LOG
# Takeoff, landing, and distance flown of each UAS.
# 
# Simulation Time [s], UAS, Takeoff/Landing, Distance [m]
# simt
1.05000000,DELIVERY1,takeoff,0
16.05000000,BACKGROUND1,takeoff,0
31.05000000,BACKGROUND2,takeoff,0
46.05000000,BACKGROUND3,takeoff,0
106.05000000,BACKGROUND6,takeoff,0
121.05000000,BACKGROUND4,takeoff,0
226.05000000,BACKGROUND8,takeoff,0
226.05000000,BACKGROUND12,takeoff,0
241.05000000,BACKGROUND9,takeoff,0
256.05000000,BACKGROUND13,takeoff,0
271.05000000,BACKGROUND11,takeoff,0
271.05000000,BACKGROUND14,takeoff,0
286.05000000,BACKGROUND15,takeoff,0
300.05000000,BACKGROUND5,takeoff,0
300.05000000,BACKGROUND10,takeoff,0
300.05000000,BACKGROUND7,takeoff,0
300.85000000,BACKGROUND11,landing,311.52149435
300.85000000,BACKGROUND11,takeoff,0
302.75000000,BACKGROUND3,landing,461.05136614
302.75000000,BACKGROUND3,takeoff,0
302.75000000,BACKGROUND14,landing,561.93299863
302.75000000,BACKGROUND14,takeoff,0
304.55000000,DELIVERY1,landing,3677.68107332
304.55000000,DELIVERY1,takeoff,0
305.75000000,BACKGROUND2,landing,1965.44920737
305.75000000,BACKGROUND2,takeoff,0
306.15000000,BACKGROUND8,landing,1093.78297479
306.15000000,BACKGROUND8,takeoff,0
308.95000000,BACKGROUND9,landing,1094.13310235
308.95000000,BACKGROUND9,takeoff,0
312.40000000,BACKGROUND4,landing,2412.09274873
312.40000000,BACKGROUND4,takeoff,0
316.05000000,BACKGROUND17,takeoff,0
322.60000000,BACKGROUND15,landing,280.85053786
322.60000000,BACKGROUND15,takeoff,0
323.90000000,BACKGROUND13,landing,253.89993592
323.90000000,BACKGROUND13,takeoff,0
331.05000000,BACKGROUND18,takeoff,0
333.20000000,BACKGROUND12,landing,1079.03168422
333.20000000,BACKGROUND12,takeoff,0
396.20000000,BACKGROUND6,landing,2828.16655177
406.05000000,BACKGROUND21,takeoff,0
430.45000000,DELIVERY1,landing,795.02771326
433.45000000,DELIVERY1,takeoff,0
433.85000000,BACKGROUND1,landing,2532.60284777
436.05000000,BACKGROUND23,takeoff,0
443.65000000,BACKGROUND14,landing,2017.41493251
466.05000000,BACKGROUND25,takeoff,0
475.70000000,BACKGROUND12,landing,2052.32389331
481.05000000,BACKGROUND16,takeoff,0
481.05000000,BACKGROUND26,takeoff,0
492.25000000,BACKGROUND2,landing,978.86909499
496.05000000,BACKGROUND27,takeoff,0
511.05000000,BACKGROUND28,takeoff,0
526.05000000,BACKGROUND19,takeoff,0
538.40000000,BACKGROUND4,landing,2440.42652605
541.05000000,BACKGROUND22,takeoff,0
541.05000000,BACKGROUND30,takeoff,0
571.05000000,BACKGROUND32,takeoff,0
580.05000000,BACKGROUND11,landing,2210.90611827
587.00000000,BACKGROUND13,landing,3935.53474967
600.05000000,BACKGROUND24,takeoff,0
600.05000000,BACKGROUND29,takeoff,0
600.05000000,DELIVERY2,takeoff,0
601.05000000,BACKGROUND34,takeoff,0
601.45000000,BACKGROUND27,landing,1661.16974515
601.45000000,BACKGROUND27,takeoff,0
601.70000000,BACKGROUND32,landing,362.66260523
601.70000000,BACKGROUND32,takeoff,0
601.75000000,BACKGROUND21,landing,2146.18666455
601.80000000,BACKGROUND16,landing,1671.10161884
601.80000000,BACKGROUND16,takeoff,0
603.85000000,BACKGROUND26,landing,1098.29555993
603.85000000,BACKGROUND26,takeoff,0
604.50000000,DELIVERY1,landing,2260.79322926
604.50000000,DELIVERY1,takeoff,0
604.75000000,BACKGROUND7,landing,3979.19549569
604.75000000,BACKGROUND7,takeoff,0
605.95000000,BACKGROUND25,landing,1625.88172332
605.95000000,BACKGROUND25,takeoff,0
606.60000000,BACKGROUND23,landing,1024.32344771
606.60000000,BACKGROUND23,takeoff,0
608.95000000,BACKGROUND10,landing,3782.55623603
608.95000000,BACKGROUND10,takeoff,0
611.30000000,BACKGROUND15,landing,3519.43425548
611.30000000,BACKGROUND15,takeoff,0
612.70000000,BACKGROUND30,landing,740.14873198
612.70000000,BACKGROUND30,takeoff,0
617.40000000,BACKGROUND28,landing,595.81055963
617.40000000,BACKGROUND28,takeoff,0
623.80000000,BACKGROUND17,landing,2277.93017556
623.80000000,BACKGROUND17,takeoff,0
623.95000000,BACKGROUND9,landing,2403.35443497
623.95000000,BACKGROUND9,takeoff,0
631.05000000,BACKGROUND35,takeoff,0
632.60000000,BACKGROUND22,landing,292.73380805
632.60000000,BACKGROUND22,takeoff,0
643.35000000,BACKGROUND19,landing,1054.02429723
643.35000000,BACKGROUND19,takeoff,0
650.70000000,BACKGROUND18,landing,885.65030071
650.70000000,BACKGROUND18,takeoff,0
661.05000000,BACKGROUND37,takeoff,0
676.05000000,BACKGROUND38,takeoff,0
683.00000000,BACKGROUND9,landing,757.33312188
713.95000000,BACKGROUND25,landing,780.46046528
721.05000000,BACKGROUND41,takeoff,0
723.80000000,BACKGROUND17,landing,630.92398560
726.35000000,BACKGROUND27,landing,1974.52426878
727.35000000,BACKGROUND7,landing,1439.46120543
736.05000000,BACKGROUND42,takeoff,0
739.75000000,BACKGROUND8,landing,2972.09907683
741.25000000,BACKGROUND16,landing,550.16510962
747.25000000,BACKGROUND5,landing,1443.31244418
747.25000000,BACKGROUND5,takeoff,0
766.05000000,BACKGROUND44,takeoff,0
772.60000000,BACKGROUND3,landing,2758.60023914
780.05000000,DELIVERY3,takeoff,0
809.55000000,DELIVERY2,landing,1686.34726203
811.05000000,BACKGROUND47,takeoff,0
812.55000000,DELIVERY2,takeoff,0
818.90000000,DELIVERY1,landing,2198.76939136
835.85000000,BACKGROUND34,landing,1981.08767309
856.20000000,BACKGROUND23,landing,2130.18385745
864.20000000,BACKGROUND29,landing,3144.41430363
871.05000000,BACKGROUND43,takeoff,0
871.05000000,BACKGROUND50,takeoff,0
896.75000000,BACKGROUND15,landing,2949.39095485
900.05000000,BACKGROUND33,takeoff,0
900.05000000,BACKGROUND36,takeoff,0
900.05000000,BACKGROUND40,takeoff,0
900.05000000,BACKGROUND45,takeoff,0
900.05000000,BACKGROUND46,takeoff,0
900.05000000,BACKGROUND39,takeoff,0
900.05000000,DELIVERY5,takeoff,0
900.05000000,BACKGROUND38,landing,2726.01044068
900.05000000,BACKGROUND38,takeoff,0
900.75000000,BACKGROUND37,landing,3306.76261392
900.75000000,BACKGROUND37,takeoff,0
900.90000000,BACKGROUND35,landing,2419.12892331
900.90000000,BACKGROUND35,takeoff,0
903.25000000,BACKGROUND28,landing,4427.72203103
903.25000000,BACKGROUND28,takeoff,0
903.75000000,BACKGROUND32,landing,4285.55470479
903.75000000,BACKGROUND32,takeoff,0
904.30000000,BACKGROUND42,landing,2669.65802926
904.30000000,BACKGROUND42,takeoff,0
904.70000000,BACKGROUND18,landing,2587.30496968
904.70000000,BACKGROUND18,takeoff,0
905.30000000,BACKGROUND44,landing,583.00363529
905.30000000,BACKGROUND44,takeoff,0
906.90000000,BACKGROUND10,landing,2853.86051954
906.90000000,BACKGROUND10,takeoff,0
906.90000000,DELIVERY3,landing,1964.35154245
906.90000000,DELIVERY3,takeoff,0
908.25000000,BACKGROUND22,landing,2892.86899259
908.25000000,BACKGROUND22,takeoff,0
916.05000000,BACKGROUND49,takeoff,0
916.05000000,BACKGROUND41,landing,1998.68240521
916.15000000,DELIVERY2,landing,135.80526023
916.15000000,DELIVERY2,takeoff,0
922.70000000,BACKGROUND19,landing,1483.45610845
922.70000000,BACKGROUND19,takeoff,0
926.15000000,BACKGROUND30,landing,2727.79889259
926.15000000,BACKGROUND30,takeoff,0
931.05000000,BACKGROUND51,takeoff,0
933.45000000,BACKGROUND26,landing,3622.30753910
934.95000000,BACKGROUND42,landing,598.14045466
937.10000000,BACKGROUND10,landing,348.90006370
937.95000000,BACKGROUND43,landing,278.76490999
937.95000000,BACKGROUND43,takeoff,0
939.60000000,BACKGROUND50,landing,151.57439789
939.60000000,BACKGROUND50,takeoff,0
960.05000000,DELIVERY4,takeoff,0
984.45000000,BACKGROUND24,landing,2505.81238737
984.90000000,BACKGROUND5,landing,1286.48975693
984.90000000,BACKGROUND5,takeoff,0
997.05000000,BACKGROUND18,landing,620.23956597
1000.85000000,BACKGROUND47,landing,2218.53166057
1002.85000000,BACKGROUND38,landing,1014.02361330
1020.05000000,DELIVERY6,takeoff,0
1021.05000000,BACKGROUND53,takeoff,0
1021.05000000,BACKGROUND55,takeoff,0
1036.05000000,BACKGROUND56,takeoff,0
1043.35000000,BACKGROUND32,landing,1386.00861411
1056.85000000,BACKGROUND36,landing,2035.49617195
1066.05000000,BACKGROUND57,takeoff,0
1078.60000000,BACKGROUND45,landing,1727.94473138
1096.05000000,BACKGROUND59,takeoff,0
1100.65000000,BACKGROUND44,landing,1079.30125768
1108.40000000,DELIVERY2,landing,1541.89621041
1111.05000000,BACKGROUND60,takeoff,0
1112.75000000,DELIVERY3,landing,687.14609519
1115.75000000,DELIVERY3,takeoff,0
1125.15000000,DELIVERY5,landing,1926.40542623
1126.05000000,BACKGROUND52,takeoff,0
1128.15000000,DELIVERY5,takeoff,0
1164.75000000,BACKGROUND28,landing,1041.91041061
1186.05000000,BACKGROUND63,takeoff,0
1190.05000000,BACKGROUND37,landing,2524.14878462
1200.05000000,BACKGROUND20,takeoff,0
1200.05000000,BACKGROUND54,takeoff,0
1200.05000000,BACKGROUND58,takeoff,0
1200.05000000,DELIVERY8,takeoff,0
1200.40000000,BACKGROUND63,landing,58.83794484
1200.40000000,BACKGROUND63,takeoff,0
1201.05000000,BACKGROUND64,takeoff,0
1201.80000000,DELIVERY3,landing,1000.75341469
1201.80000000,DELIVERY3,takeoff,0
1203.15000000,BACKGROUND59,landing,857.93628433
1203.15000000,BACKGROUND59,takeoff,0
1204.15000000,BACKGROUND30,landing,1801.37116238
1204.15000000,BACKGROUND30,takeoff,0
1204.55000000,BACKGROUND19,landing,3402.15589682
1204.55000000,BACKGROUND19,takeoff,0
1205.15000000,BACKGROUND57,landing,2010.35449606
1205.15000000,BACKGROUND57,takeoff,0
1205.25000000,BACKGROUND52,landing,1433.09071970
1205.25000000,BACKGROUND52,takeoff,0
1205.55000000,DELIVERY4,landing,2782.25942275
1205.55000000,DELIVERY4,takeoff,0
1205.90000000,BACKGROUND40,landing,3501.98457898
1205.90000000,BACKGROUND40,takeoff,0
1205.90000000,BACKGROUND43,landing,3883.17203544
1205.90000000,BACKGROUND43,takeoff,0
1206.10000000,BACKGROUND5,landing,1582.62923126
1206.10000000,BACKGROUND5,takeoff,0
1206.80000000,BACKGROUND53,landing,1840.21646847
1206.80000000,BACKGROUND53,takeoff,0
1207.45000000,BACKGROUND60,landing,1122.58321106
1207.45000000,BACKGROUND60,takeoff,0
1207.55000000,BACKGROUND51,landing,3751.15991936
1207.55000000,BACKGROUND51,takeoff,0
1213.50000000,BACKGROUND33,landing,2858.71907122
1213.50000000,BACKGROUND33,takeoff,0
1231.85000000,DELIVERY5,landing,135.88347926
1231.85000000,DELIVERY5,takeoff,0
1239.65000000,BACKGROUND56,landing,1098.04726892
1239.65000000,BACKGROUND56,takeoff,0
1239.85000000,BACKGROUND35,landing,4570.37768497
1249.15000000,BACKGROUND53,landing,788.66904565
1251.75000000,BACKGROUND22,landing,1864.68179758
1261.05000000,BACKGROUND67,takeoff,0
1275.85000000,BACKGROUND50,landing,2731.87584712
1282.00000000,BACKGROUND46,landing,1889.77943162
1283.30000000,BACKGROUND49,landing,262.24065973
1283.30000000,BACKGROUND49,takeoff,0
1284.05000000,BACKGROUND39,landing,2052.05062562
1291.05000000,BACKGROUND69,takeoff,0
1291.85000000,DELIVERY6,landing,2662.28404970
1294.85000000,DELIVERY6,takeoff,0
1306.75000000,BACKGROUND40,landing,801.61415843
1330.95000000,DELIVERY3,landing,1643.77199125
1336.40000000,BACKGROUND19,landing,1183.36851799
1349.55000000,BACKGROUND51,landing,1508.61901208
1351.05000000,BACKGROUND73,takeoff,0
1362.00000000,BACKGROUND64,landing,996.86636299
1366.05000000,BACKGROUND66,takeoff,0
1367.15000000,BACKGROUND43,landing,2797.72727354
1372.45000000,BACKGROUND56,landing,1767.52884176
1374.35000000,BACKGROUND33,landing,757.03325946
1381.05000000,BACKGROUND74,takeoff,0
1382.20000000,BACKGROUND55,landing,512.27657502
1382.20000000,BACKGROUND55,takeoff,0
1390.25000000,BACKGROUND30,landing,1714.50895779
1397.35000000,BACKGROUND57,landing,3818.83443212
1414.25000000,DELIVERY5,landing,1541.52730099
1441.05000000,BACKGROUND71,takeoff,0
1441.05000000,BACKGROUND77,takeoff,0
1471.05000000,BACKGROUND78,takeoff,0
1477.80000000,BACKGROUND69,landing,2307.38507901
1498.40000000,DELIVERY6,landing,2642.68570796
1500.05000000,BACKGROUND31,takeoff,0
1500.05000000,DELIVERY7,takeoff,0
1500.05000000,DELIVERY9,takeoff,0
1500.05000000,BACKGROUND61,takeoff,0
1500.05000000,BACKGROUND68,takeoff,0
1500.05000000,BACKGROUND62,takeoff,0
1500.05000000,BACKGROUND72,takeoff,0
1500.05000000,BACKGROUND70,takeoff,0
1500.05000000,BACKGROUND79,takeoff,0
1500.05000000,DELIVERY11,takeoff,0
1500.05000000,DELIVERY10,takeoff,0
1500.15000000,BACKGROUND59,landing,4173.92226177
1500.15000000,BACKGROUND59,takeoff,0
1501.05000000,BACKGROUND80,takeoff,0
1501.70000000,BACKGROUND49,landing,1596.43647107
1501.70000000,BACKGROUND49,takeoff,0
1502.25000000,BACKGROUND52,landing,2973.30185932
1502.25000000,BACKGROUND52,takeoff,0
1504.20000000,BACKGROUND78,landing,474.09330780
1504.20000000,BACKGROUND78,takeoff,0
1505.55000000,BACKGROUND67,landing,2670.17549502
1505.55000000,BACKGROUND67,takeoff,0
1506.00000000,BACKGROUND5,landing,2815.70975012
1506.00000000,BACKGROUND5,takeoff,0
1506.45000000,BACKGROUND73,landing,1707.51505108
1506.45000000,BACKGROUND73,takeoff,0
1511.40000000,BACKGROUND20,landing,1569.51498314
1511.40000000,BACKGROUND20,takeoff,0
1514.90000000,BACKGROUND54,landing,2352.50306555
1514.90000000,BACKGROUND54,takeoff,0
1516.05000000,BACKGROUND81,takeoff,0
1520.95000000,DELIVERY8,landing,3677.66342203
1520.95000000,DELIVERY8,takeoff,0
1524.30000000,BACKGROUND66,landing,1418.67090861
1524.30000000,BACKGROUND66,takeoff,0
1525.25000000,BACKGROUND74,landing,1023.22423271
1525.25000000,BACKGROUND74,takeoff,0
1529.10000000,DELIVERY4,landing,1684.56829481
1529.30000000,BACKGROUND58,landing,3089.50412371
1531.15000000,BACKGROUND71,landing,330.01626788
1531.15000000,BACKGROUND71,takeoff,0
1532.10000000,DELIVERY4,takeoff,0
1537.05000000,BACKGROUND77,landing,1462.41536702
1540.05000000,BACKGROUND55,landing,1327.33660312
1540.05000000,BACKGROUND55,takeoff,0
1544.25000000,BACKGROUND60,landing,3537.68035182
1544.25000000,BACKGROUND60,takeoff,0
1576.05000000,BACKGROUND85,takeoff,0
1576.55000000,BACKGROUND67,landing,276.29111042
1591.05000000,BACKGROUND82,takeoff,0
1601.40000000,BACKGROUND59,landing,823.69003669
1606.05000000,BACKGROUND87,takeoff,0
1620.05000000,DELIVERY12,takeoff,0
1621.05000000,BACKGROUND88,takeoff,0
1623.95000000,BACKGROUND49,landing,1651.58877266
1636.05000000,BACKGROUND89,takeoff,0
1646.70000000,DELIVERY8,landing,795.06065514
1649.70000000,DELIVERY8,takeoff,0
1651.85000000,BACKGROUND55,landing,489.97601701
1675.30000000,BACKGROUND81,landing,1944.37694095
1681.05000000,BACKGROUND91,takeoff,0
1692.35000000,BACKGROUND52,landing,814.65295220
1709.55000000,DELIVERY9,landing,1686.34726203
1712.55000000,DELIVERY9,takeoff,0
1726.05000000,BACKGROUND83,takeoff,0
1726.05000000,BACKGROUND93,takeoff,0
1741.05000000,BACKGROUND84,takeoff,0
1756.05000000,BACKGROUND95,takeoff,0
1766.90000000,DELIVERY11,landing,2149.77125828
1769.90000000,DELIVERY11,takeoff,0
1771.05000000,BACKGROUND96,takeoff,0
1784.45000000,DELIVERY7,landing,2650.77810408
1786.05000000,BACKGROUND97,takeoff,0
1787.45000000,DELIVERY7,takeoff,0
1800.05000000,BACKGROUND65,takeoff,0
1800.05000000,BACKGROUND76,takeoff,0
1800.05000000,BACKGROUND94,takeoff,0
1800.05000000,DELIVERY13,takeoff,0
1800.05000000,DELIVERY15,takeoff,0
1800.50000000,DELIVERY7,landing,134.70897133
1800.50000000,DELIVERY7,takeoff,0
1800.65000000,DELIVERY8,landing,1681.89890563
1800.65000000,DELIVERY8,takeoff,0
1800.75000000,BACKGROUND72,landing,3455.42827643
1800.75000000,BACKGROUND72,takeoff,0
1802.00000000,BACKGROUND61,landing,2899.26987135
1802.00000000,BACKGROUND61,takeoff,0
1802.05000000,BACKGROUND79,landing,4019.73354302
1802.05000000,BACKGROUND79,takeoff,0
1802.10000000,BACKGROUND83,landing,1094.23126448
1802.10000000,BACKGROUND83,takeoff,0
1803.20000000,BACKGROUND78,landing,3361.51219846
1803.20000000,BACKGROUND78,takeoff,0
1803.30000000,BACKGROUND70,landing,3230.81334992
1803.30000000,BACKGROUND70,takeoff,0
1803.50000000,BACKGROUND5,landing,3023.04377266
1803.50000000,BACKGROUND5,takeoff,0
1803.55000000,BACKGROUND85,landing,2457.04959877
1803.55000000,BACKGROUND85,takeoff,0
1803.55000000,BACKGROUND93,landing,725.27921306
1803.55000000,BACKGROUND93,takeoff,0
1803.75000000,BACKGROUND97,landing,135.69986054
1803.75000000,BACKGROUND97,takeoff,0
1804.40000000,BACKGROUND84,landing,699.32299755
1804.40000000,BACKGROUND84,takeoff,0
1804.65000000,BACKGROUND66,landing,1671.74862316
1804.65000000,BACKGROUND66,takeoff,0
1804.70000000,BACKGROUND31,landing,2725.29085320
1804.70000000,BACKGROUND31,takeoff,0
1806.50000000,BACKGROUND62,landing,3242.90007217
1806.50000000,BACKGROUND62,takeoff,0
1806.80000000,DELIVERY4,landing,3586.31505227
1806.80000000,DELIVERY4,takeoff,0
1807.20000000,BACKGROUND87,landing,2494.30006258
1807.20000000,BACKGROUND87,takeoff,0
1807.75000000,BACKGROUND95,landing,94.90842701
1807.75000000,BACKGROUND95,takeoff,0
1811.25000000,BACKGROUND96,landing,174.66035729
1811.25000000,BACKGROUND96,takeoff,0
1813.25000000,BACKGROUND89,landing,1191.25252829
1813.25000000,BACKGROUND89,takeoff,0
1814.10000000,DELIVERY10,landing,4494.97065181
1814.10000000,DELIVERY10,takeoff,0
1814.65000000,BACKGROUND88,landing,853.64762347
1814.65000000,BACKGROUND88,takeoff,0
1816.15000000,DELIVERY9,landing,135.80526023
1816.15000000,DELIVERY9,takeoff,0
1818.95000000,BACKGROUND80,landing,2989.11846099
1818.95000000,BACKGROUND80,takeoff,0
1823.85000000,DELIVERY11,landing,252.31664775
1823.85000000,DELIVERY11,takeoff,0
1825.60000000,BACKGROUND91,landing,2146.64422645
1825.60000000,BACKGROUND91,takeoff,0
1827.25000000,BACKGROUND74,landing,2443.01223600
1831.55000000,BACKGROUND20,landing,1349.84076214
1831.55000000,BACKGROUND20,takeoff,0
1833.70000000,BACKGROUND73,landing,5381.27039743
1834.65000000,BACKGROUND70,landing,315.43980380
1846.00000000,BACKGROUND54,landing,1029.97692566
1848.25000000,BACKGROUND68,landing,1714.22269695
1848.25000000,BACKGROUND68,takeoff,0
1860.05000000,DELIVERY14,takeoff,0
1861.05000000,BACKGROUND98,takeoff,0
1870.55000000,BACKGROUND82,landing,2095.09345572
1873.75000000,BACKGROUND71,landing,2767.30856001
1897.75000000,BACKGROUND78,landing,868.24908681
1904.45000000,DELIVERY12,landing,2650.77810408
1906.05000000,BACKGROUND99,takeoff,0
1906.05000000,BACKGROUND102,takeoff,0
1907.45000000,DELIVERY12,takeoff,0
1912.05000000,DELIVERY4,landing,870.22433309
1929.65000000,BACKGROUND31,landing,822.58414728
1943.00000000,BACKGROUND79,landing,1264.83468425
1949.15000000,BACKGROUND93,landing,1391.37775652
1951.05000000,BACKGROUND101,takeoff,0
1952.45000000,BACKGROUND91,landing,1330.60687682
1966.05000000,BACKGROUND103,takeoff,0
1967.95000000,BACKGROUND63,landing,3298.04857668
1971.65000000,BACKGROUND62,landing,1005.55335361
1976.75000000,BACKGROUND80,landing,987.25282403
1982.75000000,DELIVERY10,landing,1227.87472268
1985.75000000,DELIVERY10,takeoff,0
1996.05000000,BACKGROUND104,takeoff,0
1998.85000000,BACKGROUND89,landing,2044.78792874
2001.10000000,BACKGROUND5,landing,1362.95110798
2011.05000000,BACKGROUND105,takeoff,0
2012.70000000,DELIVERY13,landing,1686.32308391
2015.60000000,DELIVERY9,landing,1541.49629084
2015.70000000,DELIVERY13,takeoff,0
2026.05000000,BACKGROUND106,takeoff,0
2028.75000000,BACKGROUND95,landing,2387.62324110
2037.15000000,BACKGROUND68,landing,1374.16105738
2042.45000000,BACKGROUND20,landing,1188.90997467
2069.50000000,DELIVERY8,landing,2776.69738287
2077.50000000,BACKGROUND66,landing,1638.63553130
2084.45000000,DELIVERY15,landing,2650.77810408
2087.45000000,DELIVERY15,takeoff,0
2089.75000000,DELIVERY11,landing,1792.25787083
2092.75000000,DELIVERY11,takeoff,0
2099.25000000,DELIVERY11,landing,0.33494870
2100.05000000,BACKGROUND86,takeoff,0
2100.05000000,BACKGROUND90,takeoff,0
2100.05000000,BACKGROUND92,takeoff,0
2100.05000000,DELIVERY16,takeoff,0
2100.05000000,DELIVERY18,takeoff,0
2100.30000000,BACKGROUND76,landing,3760.92499613
2100.30000000,BACKGROUND76,takeoff,0
2101.30000000,BACKGROUND84,landing,3492.73926834
2101.30000000,BACKGROUND84,takeoff,0
2101.30000000,BACKGROUND105,landing,448.61219573
2101.30000000,BACKGROUND105,takeoff,0
2101.85000000,BACKGROUND104,landing,1281.49073509
2101.85000000,BACKGROUND104,takeoff,0
2101.95000000,BACKGROUND103,landing,1891.14271406
2101.95000000,BACKGROUND103,takeoff,0
2102.30000000,DELIVERY10,landing,1035.82285415
2102.30000000,DELIVERY10,takeoff,0
2102.55000000,BACKGROUND97,landing,3716.09115180
2102.55000000,BACKGROUND97,takeoff,0
2103.30000000,BACKGROUND87,landing,2050.25958182
2103.30000000,BACKGROUND87,takeoff,0
2104.25000000,DELIVERY7,landing,3040.73143814
2104.25000000,DELIVERY7,takeoff,0
2104.95000000,BACKGROUND96,landing,4556.15150880
2104.95000000,BACKGROUND96,takeoff,0
2105.60000000,BACKGROUND99,landing,1236.37217277
2105.60000000,BACKGROUND99,takeoff,0
2105.75000000,BACKGROUND83,landing,3464.22109040
2105.75000000,BACKGROUND83,takeoff,0
2106.65000000,BACKGROUND106,landing,171.19479745
2106.65000000,BACKGROUND106,takeoff,0
2106.80000000,DELIVERY12,landing,1550.64332639
2106.80000000,DELIVERY12,takeoff,0
2106.90000000,BACKGROUND88,landing,1627.82643086
2106.90000000,BACKGROUND88,takeoff,0
2107.95000000,DELIVERY14,landing,3426.29949776
2107.95000000,DELIVERY14,takeoff,0
2108.75000000,BACKGROUND65,landing,3912.14148957
2108.75000000,BACKGROUND65,takeoff,0
2109.60000000,DELIVERY15,landing,133.77438019
2109.60000000,DELIVERY15,takeoff,0
2111.10000000,BACKGROUND102,landing,3173.37561464
2111.10000000,BACKGROUND102,takeoff,0
2116.05000000,BACKGROUND110,takeoff,0
2117.10000000,BACKGROUND98,landing,2652.30295275
2117.10000000,BACKGROUND98,takeoff,0
2118.70000000,BACKGROUND94,landing,2085.16641765
2119.30000000,DELIVERY13,landing,135.86429748
2119.30000000,DELIVERY13,takeoff,0
2122.40000000,BACKGROUND101,landing,2955.10793537
2122.40000000,BACKGROUND101,takeoff,0
2131.05000000,BACKGROUND108,takeoff,0
2134.90000000,BACKGROUND85,landing,1480.75009814
2134.90000000,BACKGROUND85,takeoff,0
2140.20000000,DELIVERY7,landing,225.66347455
2146.05000000,BACKGROUND112,takeoff,0
2152.25000000,BACKGROUND61,landing,858.59124137
2161.05000000,BACKGROUND109,takeoff,0
2161.05000000,BACKGROUND113,takeoff,0
2161.80000000,BACKGROUND102,landing,180.63531380
2171.50000000,BACKGROUND83,landing,838.16375798
2191.05000000,BACKGROUND111,takeoff,0
2191.30000000,BACKGROUND84,landing,151.24377523
2191.30000000,BACKGROUND85,landing,727.50214172
2217.05000000,BACKGROUND72,landing,1657.74210428
2217.05000000,BACKGROUND72,takeoff,0
2233.90000000,BACKGROUND97,landing,1655.66927870
2247.20000000,BACKGROUND101,landing,995.58288387
2251.05000000,BACKGROUND117,takeoff,0
2266.05000000,BACKGROUND114,takeoff,0
2266.05000000,BACKGROUND118,takeoff,0
2280.05000000,DELIVERY17,takeoff,0
2290.10000000,BACKGROUND65,landing,1869.84225906
2300.55000000,DELIVERY13,landing,1543.35963083
2311.05000000,BACKGROUND121,takeoff,0
2326.05000000,BACKGROUND122,takeoff,0
2326.80000000,DELIVERY12,landing,2959.55045188
2334.80000000,BACKGROUND112,landing,2394.00121074
2341.05000000,BACKGROUND115,takeoff,0
2341.05000000,BACKGROUND119,takeoff,0
2351.90000000,DELIVERY16,landing,1742.67541985
2352.70000000,BACKGROUND105,landing,3385.73903490
2354.90000000,DELIVERY16,takeoff,0
2356.05000000,BACKGROUND120,takeoff,0
2356.65000000,BACKGROUND96,landing,1756.93227994
2375.30000000,DELIVERY14,landing,1288.45810145
2378.30000000,DELIVERY14,takeoff,0
2378.80000000,DELIVERY15,landing,2933.38364755
2381.80000000,BACKGROUND87,landing,1654.80053976
2399.25000000,BACKGROUND98,landing,2268.86634990
2400.05000000,BACKGROUND100,takeoff,0
2400.05000000,BACKGROUND107,takeoff,0
2400.05000000,BACKGROUND124,takeoff,0
2400.05000000,BACKGROUND125,takeoff,0
2400.05000000,DELIVERY21,takeoff,0
2400.25000000,BACKGROUND106,landing,2083.31830093
2400.25000000,BACKGROUND106,takeoff,0
2400.40000000,BACKGROUND118,landing,1493.68951082
2400.40000000,BACKGROUND118,takeoff,0
2400.55000000,DELIVERY14,landing,133.74924964
2400.55000000,DELIVERY14,takeoff,0
2401.00000000,BACKGROUND88,landing,2264.23256551
2401.00000000,BACKGROUND88,takeoff,0
2401.05000000,BACKGROUND126,takeoff,0
2401.45000000,BACKGROUND119,landing,821.32106325
2401.45000000,BACKGROUND119,takeoff,0
2402.55000000,DELIVERY10,landing,3575.63747657
2402.55000000,DELIVERY10,takeoff,0
2402.60000000,BACKGROUND114,landing,1315.70015222
2402.60000000,BACKGROUND114,takeoff,0
2402.70000000,BACKGROUND120,landing,762.33641443
2402.70000000,BACKGROUND120,takeoff,0
2405.70000000,BACKGROUND117,landing,1316.72657051
2405.70000000,BACKGROUND117,takeoff,0
2405.75000000,BACKGROUND121,landing,1115.16611645
2405.75000000,BACKGROUND121,takeoff,0
2406.20000000,BACKGROUND111,landing,2723.46881615
2406.20000000,BACKGROUND111,takeoff,0
2406.85000000,BACKGROUND104,landing,3814.45255251
2406.85000000,BACKGROUND104,takeoff,0
2408.10000000,BACKGROUND122,landing,786.36576159
2408.10000000,BACKGROUND122,takeoff,0
2409.50000000,DELIVERY17,landing,1397.85912996
2409.50000000,DELIVERY17,takeoff,0
2410.55000000,BACKGROUND113,landing,2356.71078088
2410.55000000,BACKGROUND113,takeoff,0
2412.75000000,BACKGROUND115,landing,530.99512706
2412.75000000,BACKGROUND115,takeoff,0
2413.00000000,BACKGROUND108,landing,1765.37239969
2413.00000000,BACKGROUND108,takeoff,0
2415.60000000,BACKGROUND76,landing,1991.41202946
2419.65000000,BACKGROUND109,landing,2537.04061671
2419.65000000,BACKGROUND109,takeoff,0
2424.65000000,BACKGROUND110,landing,1327.38869517
2424.65000000,BACKGROUND110,takeoff,0
2425.85000000,BACKGROUND121,landing,379.54121302
2427.75000000,BACKGROUND90,landing,2872.83845515
2428.75000000,BACKGROUND103,landing,4417.78249956
2432.60000000,DELIVERY18,landing,4795.17745266
2432.60000000,DELIVERY18,takeoff,0
2456.65000000,BACKGROUND104,landing,440.53721705
2458.40000000,DELIVERY16,landing,135.80857949
2458.40000000,DELIVERY16,takeoff,0
2476.05000000,BACKGROUND128,takeoff,0
2478.80000000,BACKGROUND119,landing,766.04022911
2479.45000000,BACKGROUND72,landing,1408.34442958
2480.60000000,BACKGROUND86,landing,1701.78281443
2482.15000000,BACKGROUND92,landing,1106.92293936
2482.15000000,BACKGROUND92,takeoff,0
2491.05000000,BACKGROUND129,takeoff,0
2521.05000000,BACKGROUND127,takeoff,0
2533.70000000,DELIVERY10,landing,1297.39294892
2536.05000000,BACKGROUND132,takeoff,0
2536.70000000,DELIVERY10,takeoff,0
2538.95000000,DELIVERY10,landing,5.68825889
2551.05000000,BACKGROUND133,takeoff,0
2556.60000000,DELIVERY18,landing,772.61079357
2559.60000000,DELIVERY18,takeoff,0
2566.05000000,BACKGROUND130,takeoff,0
2566.05000000,BACKGROUND134,takeoff,0
2581.05000000,BACKGROUND131,takeoff,0
2596.05000000,BACKGROUND136,takeoff,0
2604.75000000,DELIVERY17,landing,1256.59589390
2607.75000000,DELIVERY17,takeoff,0
2608.25000000,BACKGROUND99,landing,2754.46982775
2611.05000000,BACKGROUND137,takeoff,0
2613.90000000,BACKGROUND124,landing,2410.79009314
2624.75000000,BACKGROUND88,landing,815.03663982
2626.05000000,BACKGROUND138,takeoff,0
2641.05000000,BACKGROUND135,takeoff,0
2641.05000000,BACKGROUND139,takeoff,0
2657.75000000,DELIVERY16,landing,1541.33614313
2661.90000000,BACKGROUND106,landing,2057.28593942
2679.70000000,BACKGROUND128,landing,2877.02113075
2695.60000000,BACKGROUND107,landing,2565.63733868
2697.95000000,BACKGROUND92,landing,1132.14539731
2700.05000000,BACKGROUND116,takeoff,0
2700.05000000,DELIVERY20,takeoff,0
2700.05000000,DELIVERY19,takeoff,0
2700.05000000,BACKGROUND123,takeoff,0
2700.05000000,DELIVERY23,takeoff,0
2700.15000000,BACKGROUND136,landing,1099.91547006
2700.15000000,BACKGROUND136,takeoff,0
2701.15000000,BACKGROUND120,landing,1909.90696878
2701.15000000,BACKGROUND120,takeoff,0
2701.25000000,BACKGROUND131,landing,656.26223955
2701.25000000,BACKGROUND131,takeoff,0
2701.50000000,BACKGROUND138,landing,1140.67981908
2701.50000000,BACKGROUND138,takeoff,0
2701.75000000,DELIVERY18,landing,1119.85959756
2701.75000000,DELIVERY18,takeoff,0
2703.10000000,BACKGROUND133,landing,1824.81556919
2703.10000000,BACKGROUND133,takeoff,0
2703.90000000,BACKGROUND139,landing,331.61783175
2703.90000000,BACKGROUND139,takeoff,0
2704.15000000,DELIVERY21,landing,2210.89061113
2704.15000000,DELIVERY21,takeoff,0
2704.50000000,BACKGROUND127,landing,1447.28085419
2704.50000000,BACKGROUND127,takeoff,0
2704.75000000,DELIVERY17,landing,398.14581066
2704.75000000,DELIVERY17,takeoff,0
2707.85000000,DELIVERY14,landing,3690.76463393
2707.85000000,DELIVERY14,takeoff,0
2708.90000000,BACKGROUND125,landing,3268.61973235
2708.90000000,BACKGROUND125,takeoff,0
2710.10000000,BACKGROUND114,landing,1928.03613995
2710.10000000,BACKGROUND114,takeoff,0
2710.40000000,BACKGROUND122,landing,3360.79031941
2710.40000000,BACKGROUND122,takeoff,0
2712.30000000,BACKGROUND110,landing,1925.25389632
2712.30000000,BACKGROUND110,takeoff,0
2716.80000000,BACKGROUND137,landing,300.66396977
2716.80000000,BACKGROUND137,takeoff,0
2719.45000000,BACKGROUND118,landing,4869.14288791
2719.45000000,BACKGROUND118,takeoff,0
2726.80000000,BACKGROUND129,landing,2634.32517244
2726.80000000,BACKGROUND129,takeoff,0
2726.90000000,BACKGROUND115,landing,2433.01019026
2726.90000000,BACKGROUND115,takeoff,0
2731.05000000,BACKGROUND143,takeoff,0
2734.15000000,BACKGROUND125,landing,470.99627974
2736.40000000,BACKGROUND126,landing,4181.11721854
2736.40000000,BACKGROUND126,takeoff,0
2739.15000000,BACKGROUND130,landing,156.40718833
2739.15000000,BACKGROUND130,takeoff,0
2746.35000000,BACKGROUND108,landing,1546.40107673
2746.35000000,BACKGROUND108,takeoff,0
2748.05000000,BACKGROUND109,landing,4287.67078908
2769.90000000,BACKGROUND100,landing,3915.30143616
2773.70000000,BACKGROUND127,landing,1088.41755226
2776.05000000,BACKGROUND142,takeoff,0
2777.85000000,BACKGROUND132,landing,2802.81623227
2777.85000000,BACKGROUND132,takeoff,0
2780.30000000,BACKGROUND136,landing,1194.25761885
2791.65000000,BACKGROUND134,landing,355.73156161
2791.65000000,BACKGROUND134,takeoff,0
2800.50000000,BACKGROUND133,landing,921.51852380
2804.05000000,DELIVERY14,landing,746.00369555
2805.45000000,BACKGROUND118,landing,590.56981965
2820.05000000,DELIVERY24,takeoff,0
2821.05000000,BACKGROUND141,takeoff,0
2826.50000000,BACKGROUND110,landing,964.54457493
2827.05000000,BACKGROUND113,landing,3542.29838421
2843.10000000,DELIVERY21,landing,445.71074235
2846.10000000,DELIVERY21,takeoff,0
2851.05000000,BACKGROUND149,takeoff,0
2865.10000000,BACKGROUND126,landing,2025.79471841
2866.05000000,BACKGROUND150,takeoff,0
2881.05000000,BACKGROUND151,takeoff,0
2884.85000000,BACKGROUND123,landing,1512.50861308
2886.75000000,BACKGROUND115,landing,839.41945668
2911.05000000,BACKGROUND145,takeoff,0
2911.05000000,BACKGROUND152,takeoff,0
2912.70000000,DELIVERY20,landing,1686.32308391
2915.70000000,DELIVERY20,takeoff,0
2921.90000000,DELIVERY17,landing,2519.99814039
2924.90000000,DELIVERY17,takeoff,0
2931.40000000,DELIVERY17,landing,0.33494870
2939.75000000,BACKGROUND132,landing,1761.67584688
2953.90000000,BACKGROUND108,landing,1039.01905185
2956.05000000,BACKGROUND153,takeoff,0
2971.05000000,BACKGROUND154,takeoff,0
2986.05000000,BACKGROUND155,takeoff,0
3000.05000000,BACKGROUND140,takeoff,0
3000.05000000,DELIVERY22,takeoff,0
3000.05000000,BACKGROUND144,takeoff,0
3000.05000000,BACKGROUND146,takeoff,0
3000.05000000,BACKGROUND147,takeoff,0
3000.75000000,BACKGROUND143,landing,2978.08933086
3000.75000000,BACKGROUND143,takeoff,0
3001.15000000,BACKGROUND152,landing,1108.00906104
3001.15000000,BACKGROUND152,takeoff,0
3002.15000000,BACKGROUND153,landing,688.39964632
3002.15000000,BACKGROUND153,takeoff,0
3002.70000000,BACKGROUND150,landing,1125.81319921
3002.70000000,BACKGROUND150,takeoff,0
3003.05000000,DELIVERY24,landing,2210.46339112
3003.05000000,DELIVERY24,takeoff,0
3003.45000000,BACKGROUND155,landing,281.03862490
3003.45000000,BACKGROUND155,takeoff,0
3003.70000000,BACKGROUND145,landing,371.27710088
3003.70000000,BACKGROUND145,takeoff,0
3004.20000000,BACKGROUND130,landing,2185.09649702
3004.20000000,BACKGROUND130,takeoff,0
3006.35000000,BACKGROUND141,landing,1559.85996379
3006.35000000,BACKGROUND141,takeoff,0
3007.60000000,DELIVERY21,landing,1365.98197069
3007.60000000,DELIVERY21,takeoff,0
3010.35000000,BACKGROUND149,landing,1262.73249773
3010.35000000,BACKGROUND149,takeoff,0
3015.10000000,BACKGROUND154,landing,484.24355720
3015.10000000,BACKGROUND154,takeoff,0
3016.05000000,BACKGROUND156,takeoff,0
3018.95000000,BACKGROUND139,landing,1491.84572142
3018.95000000,BACKGROUND139,takeoff,0
3019.30000000,DELIVERY20,landing,135.86429748
3019.30000000,DELIVERY20,takeoff,0
3023.20000000,BACKGROUND142,landing,1893.35095943
3023.20000000,BACKGROUND142,takeoff,0
3023.60000000,BACKGROUND131,landing,2273.12206780
3023.60000000,BACKGROUND131,takeoff,0
3024.60000000,DELIVERY19,landing,3836.70797714
3024.60000000,DELIVERY19,takeoff,0
3025.75000000,BACKGROUND129,landing,3033.77925870
3027.00000000,BACKGROUND137,landing,2006.88308161
3027.00000000,BACKGROUND137,takeoff,0
3027.20000000,BACKGROUND151,landing,2158.78075590
3027.20000000,BACKGROUND151,takeoff,0
3028.60000000,BACKGROUND138,landing,3302.49429136
3028.60000000,BACKGROUND138,takeoff,0
3031.05000000,BACKGROUND157,takeoff,0
3035.20000000,DELIVERY18,landing,2343.26492108
3035.20000000,DELIVERY18,takeoff,0
3037.80000000,BACKGROUND117,landing,5227.03983745
3044.75000000,BACKGROUND134,landing,223.82222263
3044.75000000,BACKGROUND134,takeoff,0
3046.05000000,BACKGROUND158,takeoff,0
3058.70000000,BACKGROUND122,landing,2778.79140948
3060.05000000,DELIVERY27,takeoff,0
3061.05000000,BACKGROUND159,takeoff,0
3076.80000000,DELIVERY23,landing,2366.67579377
3079.80000000,DELIVERY23,takeoff,0
3091.05000000,BACKGROUND161,takeoff,0
3112.70000000,BACKGROUND130,landing,1102.72488166
3120.05000000,DELIVERY25,takeoff,0
3127.95000000,BACKGROUND151,landing,543.31946685
3130.55000000,BACKGROUND138,landing,978.11129194
3136.05000000,BACKGROUND164,takeoff,0
3142.05000000,DELIVERY24,landing,445.68305802
3145.05000000,DELIVERY24,takeoff,0
3148.45000000,DELIVERY19,landing,762.39480780
3150.10000000,DELIVERY21,landing,1542.50458160
3151.05000000,BACKGROUND165,takeoff,0
3151.45000000,DELIVERY19,takeoff,0
3153.10000000,DELIVERY21,takeoff,0
3159.60000000,DELIVERY21,landing,0.33494870
3167.60000000,BACKGROUND116,landing,3760.62408128
3181.05000000,BACKGROUND163,takeoff,0
3197.45000000,BACKGROUND139,landing,554.01788310
3202.15000000,BACKGROUND143,landing,2190.77253810
3202.80000000,BACKGROUND144,landing,2047.64061722
3204.45000000,BACKGROUND145,landing,1131.75765671
3205.50000000,BACKGROUND152,landing,951.60410892
3206.65000000,BACKGROUND147,landing,3229.05843825
3209.30000000,DELIVERY20,landing,2254.12138368
3211.05000000,BACKGROUND168,takeoff,0
3226.05000000,BACKGROUND166,takeoff,0
3226.90000000,BACKGROUND131,landing,1998.21252153
3231.25000000,DELIVERY18,landing,993.75465504
3256.05000000,BACKGROUND170,takeoff,0
3262.20000000,BACKGROUND137,landing,1403.19142196
3271.05000000,BACKGROUND171,takeoff,0
3282.95000000,BACKGROUND141,landing,3717.24950691
3291.05000000,DELIVERY27,landing,1692.67497822
3294.05000000,DELIVERY27,takeoff,0
3300.05000000,BACKGROUND148,takeoff,0
3300.05000000,DELIVERY26,takeoff,0
3300.05000000,BACKGROUND160,takeoff,0
3300.05000000,BACKGROUND169,takeoff,0
3300.05000000,DELIVERY30,takeoff,0
3300.05000000,DELIVERY29,takeoff,0
3300.05000000,DELIVERY28,takeoff,0
3300.10000000,BACKGROUND164,landing,2033.25826334
3300.10000000,BACKGROUND164,takeoff,0
3300.35000000,BACKGROUND155,landing,2811.94588302
3300.35000000,BACKGROUND155,takeoff,0
3301.50000000,BACKGROUND140,landing,1159.74730116
3301.50000000,BACKGROUND140,takeoff,0
3301.50000000,DELIVERY23,landing,1314.87851613
3301.50000000,DELIVERY23,takeoff,0
3302.35000000,DELIVERY24,landing,1127.24615183
3302.35000000,DELIVERY24,takeoff,0
3302.70000000,BACKGROUND159,landing,3251.74939857
3302.70000000,BACKGROUND159,takeoff,0
3303.00000000,BACKGROUND149,landing,3852.35025290
3303.00000000,BACKGROUND149,takeoff,0
3303.50000000,BACKGROUND156,landing,3909.46012007
3303.50000000,BACKGROUND156,takeoff,0
3304.15000000,BACKGROUND163,landing,1135.99680088
3304.15000000,BACKGROUND163,takeoff,0
3304.25000000,BACKGROUND146,landing,3126.74094543
3304.25000000,BACKGROUND146,takeoff,0
3304.60000000,DELIVERY19,landing,1269.22928346
3304.60000000,DELIVERY19,takeoff,0
3306.05000000,BACKGROUND168,landing,1019.96673030
3306.05000000,BACKGROUND168,takeoff,0
3306.65000000,BACKGROUND165,landing,1885.20192391
3306.65000000,BACKGROUND165,takeoff,0
3308.20000000,BACKGROUND170,landing,570.25577105
3308.20000000,BACKGROUND170,takeoff,0
3308.25000000,BACKGROUND166,landing,1029.84161989
3308.25000000,BACKGROUND166,takeoff,0
3308.85000000,BACKGROUND134,landing,1339.28589524
3308.85000000,BACKGROUND134,takeoff,0
3311.70000000,BACKGROUND161,landing,1518.81734888
3311.70000000,BACKGROUND161,takeoff,0
3315.25000000,BACKGROUND150,landing,2139.79656363
3315.25000000,BACKGROUND150,takeoff,0
3316.05000000,BACKGROUND167,takeoff,0
3316.05000000,BACKGROUND174,takeoff,0
3319.20000000,DELIVERY25,landing,2088.27113859
3319.20000000,DELIVERY25,takeoff,0
3320.55000000,BACKGROUND153,landing,4301.62664587
3320.55000000,BACKGROUND153,takeoff,0
3321.75000000,BACKGROUND111,landing,4195.82479839
3328.85000000,BACKGROUND154,landing,2556.97567945
3331.30000000,BACKGROUND171,landing,424.69587676
3331.30000000,BACKGROUND171,takeoff,0
3332.15000000,BACKGROUND142,landing,2192.12940557
3346.05000000,BACKGROUND172,takeoff,0
3356.65000000,BACKGROUND149,landing,569.15479725
3377.45000000,DELIVERY23,landing,365.43150988
3391.05000000,BACKGROUND178,takeoff,0
3391.60000000,BACKGROUND146,landing,745.55730454
3397.70000000,DELIVERY27,landing,135.82828442
3397.70000000,DELIVERY27,takeoff,0
3404.60000000,BACKGROUND159,landing,1225.05097045
3406.05000000,BACKGROUND175,takeoff,0
3406.05000000,BACKGROUND179,takeoff,0
3409.60000000,BACKGROUND157,landing,1235.27285158
3414.05000000,BACKGROUND150,landing,934.93266510
3430.00000000,DELIVERY22,landing,3542.62077585
3430.00000000,DELIVERY22,takeoff,0
3443.60000000,DELIVERY24,landing,1523.64906339
3443.80000000,BACKGROUND170,landing,1916.12319043
3446.60000000,DELIVERY24,takeoff,0
3453.10000000,DELIVERY24,landing,0.33494870
3464.40000000,BACKGROUND155,landing,835.36168154
3466.05000000,BACKGROUND182,takeoff,0
3481.05000000,BACKGROUND183,takeoff,0
3482.75000000,BACKGROUND158,landing,1425.49428909
3496.05000000,BACKGROUND184,takeoff,0
3499.30000000,BACKGROUND120,landing,2897.21652934
3504.10000000,BACKGROUND161,landing,2506.99069146
3509.30000000,BACKGROUND178,landing,1711.48246703
3511.05000000,BACKGROUND185,takeoff,0
3519.50000000,BACKGROUND134,landing,1389.97287040
3541.05000000,BACKGROUND186,takeoff,0
3556.05000000,BACKGROUND177,takeoff,0
3556.05000000,BACKGROUND187,takeoff,0
3564.60000000,BACKGROUND164,landing,3206.54982088
3571.05000000,BACKGROUND188,takeoff,0
3573.00000000,BACKGROUND167,landing,2555.67630539
3586.05000000,BACKGROUND189,takeoff,0
3589.30000000,DELIVERY29,landing,1939.20914234
3592.30000000,DELIVERY29,takeoff,0
3600.05000000,BACKGROUND162,takeoff,0
3600.05000000,BACKGROUND173,takeoff,0
3600.05000000,BACKGROUND176,takeoff,0
3600.05000000,BACKGROUND181,takeoff,0
3600.05000000,DELIVERY31,takeoff,0
3600.05000000,DELIVERY32,takeoff,0
3600.05000000,DELIVERY33,takeoff,0
